Command line:
   i2s_in_isim_beh.exe
     -simmode  gui
     -simrunnum  0
     -socket  54235

Wed Jan 13 19:44:21 2016


 Elaboration Time: 0.15625 sec

 Current Memory Usage: 1343.04 Meg

 Total Signals          : 74
 Total Nets             : 236
 Total Signal Drivers   : 24
 Total Blocks           : 7
 Total Primitive Blocks : 6
 Total Processes        : 45
 Total Traceable Variables  : 46
 Total Scalar Nets and Variables : 804
Total Line Count : 190

 Total Simulation Time: 0.1875 sec

 Current Memory Usage: 1343.04 Meg

Wed Jan 13 19:44:25 2016

