Command line:
   trig_generator_isim_beh.exe
     -simmode  gui
     -simrunnum  0
     -socket  54257

Sun Nov 22 22:44:56 2015


 Elaboration Time: 0.09375 sec

 Current Memory Usage: 841.658 Meg

 Total Signals          : 18
 Total Nets             : 38
 Total Signal Drivers   : 7
 Total Blocks           : 2
 Total Primitive Blocks : 2
 Total Processes        : 9
 Total Traceable Variables  : 20
 Total Scalar Nets and Variables : 120
Total Line Count : 29

 Total Simulation Time: 0.125 sec

 Current Memory Usage: 841.658 Meg

Sun Nov 22 22:45:10 2015

