#***************************************************************************

#sjplacer

#Version:            1.1

#Build Date:         Aug 18 2015 10:30:14

#File Generated:     Mar 27 2016 13:04:46

#Purpose:            

#Copyright (C) 2010-2011 by Softjin Technologies Pvt Ltd. All rights reserved.

#***************************************************************************

Executing : C:\Program Files (x86)\Cypress\PSoC Creator\3.3\PSoC Creator\bin/sjplacer.exe --proj-name Wave Generator --netlist-vh2 Wave Generator_p.vh2 --arch-file C:\Program Files (x86)\Cypress\PSoC Creator\3.3\PSoC Creator\dev/arch/p35_udb4x6.ark --rrg-file C:\Program Files (x86)\Cypress\PSoC Creator\3.3\PSoC Creator\dev/psoc5/psoc5lp/route_arch-rrg.cydata --irq-file C:\Program Files (x86)\Cypress\PSoC Creator\3.3\PSoC Creator\dev/psoc5/psoc5lp/irqconn.cydata --drq-file C:\Program Files (x86)\Cypress\PSoC Creator\3.3\PSoC Creator\dev/psoc5/psoc5lp/dmaconn.cydata --dsi-conn-file C:\Program Files (x86)\Cypress\PSoC Creator\3.3\PSoC Creator\dev/psoc5/psoc5lp/dsiconn.cydata --pins-file pins_100-TQFP.xml --lib-file Wave Generator_p.lib --sdc-file Wave Generator.sdc --io-pcf Wave Generator.pci --outdir .

		Softjin Techologies Placer, Version 1.1

Build Date : Aug 18 2015	10:29:37

D2004: Option and Settings Summary
=============================================================
Netlist vh2 file          - Wave Generator_p.vh2
Architecture file         - C:\Program Files (x86)\Cypress\PSoC Creator\3.3\PSoC Creator\dev/arch/p35_udb4x6.ark
Package                   - 
Defparam file             - 
SDC file                  - Wave Generator.sdc
Output directory          - .
Timing library            - Wave Generator_p.lib
IO Placement file         - Wave Generator.pci

D2050: Starting reading inputs for placer
=============================================================
D2065: Reading netlist file : "Wave Generator_p.vh2"
D2065: Reading arch file : "C:\Program Files (x86)\Cypress\PSoC Creator\3.3\PSoC Creator\dev/arch/p35_udb4x6.ark"
D2051: Reading of inputs for placer completed successfully

D2053: Starting placement of the design
=============================================================

Phase 2
Phase 3

Design Statistics after Packing
    Number of Combinational MCs 	:	6
    Number of Sequential MCs    	:	21
    Number of DPs               	:	4
    Number of Controls          	:	2
    Number of Status            	:	3
    Number of SyncCells         	:	0
    Number of count7cells       	:	1

Device Utilization Summary after Packing
    Macrocells                  :	27/192
    UDBS                        :	6/24
    IOs                         :	5/72


D2088: Phase 3, elapsed time : 0.0 (sec)

Phase 4
D2088: Phase 4, elapsed time : 0.0 (sec)

Phase 5
D2088: Phase 5, elapsed time : 0.0 (sec)

Phase 6

######################################################################
Placement Timing Summary

The timing summary is based on estimated routing delays after
placement. For final timing report, please carry out the timing
analysis after routing.
======================================================================

######################################################################
                     Clock Summary 
======================================================================
Number of clocks: 7
Clock: CyBUS_CLK            | Frequency:  97.9 MHz | Target:  24.0 MHz
Clock: CyILO                | Frequency: N/A       | Target:   0.1 MHz
Clock: CyIMO                | Frequency: N/A       | Target:  24.0 MHz
Clock: CyMASTER_CLK         | Frequency: N/A       | Target:  24.0 MHz
Clock: CyPLL_OUT            | Frequency: N/A       | Target:  24.0 MHz
Clock: I2S_Clock            | Frequency:  76.8 MHz | Target:   3.0 MHz
Clock: UART_IntClock        | Frequency:  55.3 MHz | Target:   0.9 MHz

======================================================================
                     End of Clock Summary
######################################################################

D2088: Phase 6, elapsed time : 0.0 (sec)

Phase 7
######################################################################
                     Clock Summary 
======================================================================
Number of clocks: 7
Clock: CyBUS_CLK            | Frequency:  97.9 MHz | Target:  24.0 MHz
Clock: CyILO                | Frequency: N/A       | Target:   0.1 MHz
Clock: CyIMO                | Frequency: N/A       | Target:  24.0 MHz
Clock: CyMASTER_CLK         | Frequency: N/A       | Target:  24.0 MHz
Clock: CyPLL_OUT            | Frequency: N/A       | Target:  24.0 MHz
Clock: I2S_Clock            | Frequency:  76.8 MHz | Target:   3.0 MHz
Clock: UART_IntClock        | Frequency:  55.3 MHz | Target:   0.9 MHz

======================================================================
                     End of Clock Summary
######################################################################
D2088: Phase 7, elapsed time : 0.1 (sec)

Final Design Statistics
    Number of Combinational MCs 	:	6
    Number of Sequential MCs    	:	21
    Number of DPs               	:	4
    Number of Controls          	:	2
    Number of Status            	:	3
    Number of SyncCells         	:	0
    Number of count7cells       	:	1
    Number of IOs       	:	5

Device Utilization Summary
    Macrocells                  :	27/192
    IOs                         :	5/72



######################################################################
Placement Timing Summary

The timing summary is based on estimated routing delays after
placement. For final timing report, please carry out the timing
analysis after routing.
======================================================================


######################################################################
                     Clock Summary 
======================================================================
Number of clocks: 7
Clock: CyBUS_CLK            | Frequency:  97.9 MHz | Target:  26.3 MHz
Clock: CyILO                | Frequency: N/A       | Target:   0.1 MHz
Clock: CyIMO                | Frequency: N/A       | Target:  24.0 MHz
Clock: CyMASTER_CLK         | Frequency: N/A       | Target:  24.0 MHz
Clock: CyPLL_OUT            | Frequency: N/A       | Target:  24.0 MHz
Clock: I2S_Clock            | Frequency:  76.8 MHz | Target:   3.3 MHz
Clock: UART_IntClock        | Frequency:  53.4 MHz | Target:   1.0 MHz

======================================================================
                     End of Clock Summary
######################################################################

Phase 8
D2088: Phase 8, elapsed time : 0.0 (sec)

D2054: Placement of the design completed successfully

I2076: Total run-time: 1.0 sec.

