ISim log file
Running: C:\Users\kevin\Documents\GitHub\Chip-Design\proj_asic\rtl\i2so\i2s_out_test3_isim_beh.exe -intstyle ise -gui -tclbatch isim.cmd -wdb C:/Users/kevin/Documents/GitHub/Chip-Design/proj_asic/rtl/i2so/i2s_out_test3_isim_beh.wdb 
ISim P.20131013 (signature 0x7708f090)
WARNING: A WEBPACK license was found.
WARNING: Please use Xilinx License Configuration Manager to check out a full ISim license.
WARNING: ISim will run in Lite mode. Please refer to the ISim documentation for more information on the differences between the Lite and the Full version.
This is a Lite version of ISim.
Time resolution is 1 ps
# onerror resume
# wave add /
# run 1000 ns
Simulator is doing circuit initialization process.
Finished circuit initialization process.
# restart
# run all
Simulator is doing circuit initialization process.
Finished circuit initialization process.
Queued 12153524
Queued c0895e81
Queued 8484d609
Queued b1f05663
Queued 06b97b0d
Queued 46df998d
Queued b2c28465
Queued 89375212
Queued 00f3e301
Queued 06d7cd0d
Queued 3b23f176
Queued 1e8dcd3d
Queued 76d457ed
Queued 462df78c
---Cannot queue: Buffer Full---
---Cannot queue: Buffer Full---
Queued 7cfde9f9
---Cannot queue: Buffer Full---
Queued e33724c6
---Cannot queue: Buffer Full---
---Cannot queue: Buffer Full---
Queued e2f784c5
---Cannot queue: Buffer Full---
---Cannot queue: Buffer Full---
Queued d513d2aa
---Cannot queue: Buffer Full---
Queued 72aff7e5
---Cannot queue: Buffer Full---
---Cannot queue: Buffer Full---
Queued bbd27277
---Cannot queue: Buffer Full---
Queued 8932d612
---Cannot queue: Buffer Full---
---Cannot queue: Buffer Full---
Queued 47ecdb8f
---Cannot queue: Buffer Full---
Queued 793069f2
---Cannot queue: Buffer Full---
---Cannot queue: Buffer Full---
Queued e77696ce
---Cannot queue: Buffer Full---
Queued f4007ae8
---Cannot queue: Buffer Full---
---Cannot queue: Buffer Full---
Queued e2ca4ec5
---Cannot queue: Buffer Full---
---Cannot queue: Buffer Full---
Queued 2e58495c
---Cannot queue: Buffer Full---
Queued de8e28bd
---Cannot queue: Buffer Full---
---Cannot queue: Buffer Full---
Queued 96ab582d
---Cannot queue: Buffer Full---
Queued b2a72665
---Cannot queue: Buffer Full---
---Cannot queue: Buffer Full---
Queued b1ef6263
---Cannot queue: Buffer Full---
Queued 0573870a
---Cannot queue: Buffer Full---
---Cannot queue: Buffer Full---
Queued c03b2280
---Cannot queue: Buffer Full---
Queued 10642120
---Cannot queue: Buffer Full---
---Cannot queue: Buffer Full---
Queued 557845aa
---Cannot queue: Buffer Full---
---Cannot queue: Buffer Full---
Queued cecccc9d
---Cannot queue: Buffer Full---
Queued cb203e96
---Cannot queue: Buffer Full---
---Cannot queue: Buffer Full---
Queued 8983b813
---Cannot queue: Buffer Full---
Queued 86bc380d
---Cannot queue: Buffer Full---
---Cannot queue: Buffer Full---
Queued a9a7d653
---Cannot queue: Buffer Full---
Queued 359fdd6b
---Cannot queue: Buffer Full---
---Cannot queue: Buffer Full---
Queued eaa62ad5
---Cannot queue: Buffer Full---
Queued 81174a02
---Cannot queue: Buffer Full---
---Cannot queue: Buffer Full---
Queued d7563eae
---Cannot queue: Buffer Full---
---Cannot queue: Buffer Full---
Queued 0effe91d
---Cannot queue: Buffer Full---
Queued e7c572cf
---Cannot queue: Buffer Full---
---Cannot queue: Buffer Full---
Queued 11844923
---Cannot queue: Buffer Full---
Queued 0509650a
---Cannot queue: Buffer Full---
---Cannot queue: Buffer Full---
Queued e5730aca
---Cannot queue: Buffer Full---
Queued 9e314c3c
---Cannot queue: Buffer Full---
---Cannot queue: Buffer Full---
Queued 7968bdf2
---Cannot queue: Buffer Full---
---Cannot queue: Buffer Full---
Queued 452e618a
---Cannot queue: Buffer Full---
Queued 20c4b341
---Cannot queue: Buffer Full---
---Cannot queue: Buffer Full---
Queued ec4b34d8
---Cannot queue: Buffer Full---
Queued 3c20f378
---Cannot queue: Buffer Full---
---Cannot queue: Buffer Full---
Queued c48a1289
---Cannot queue: Buffer Full---
Queued 75c50deb
---Cannot queue: Buffer Full---
---Cannot queue: Buffer Full---
Queued 5b0265b6
---Cannot queue: Buffer Full---
Queued 634bf9c6
---Cannot queue: Buffer Full---
---Cannot queue: Buffer Full---
Queued 571513ae
---Cannot queue: Buffer Full---
---Cannot queue: Buffer Full---
Queued de7502bc
---Cannot queue: Buffer Full---
Queued 150fdd2a
---Cannot queue: Buffer Full---
---Cannot queue: Buffer Full---
Queued 85d79a0b
---Cannot queue: Buffer Full---
Queued b897be71
---Cannot queue: Buffer Full---
---Cannot queue: Buffer Full---
Queued 42f24185
---Cannot queue: Buffer Full---
Queued 27f2554f
---Cannot queue: Buffer Full---
---Cannot queue: Buffer Full---
Queued 9dcc603b
---Cannot queue: Buffer Full---
Queued 1d06333a
---Cannot queue: Buffer Full---
---Cannot queue: Buffer Full---
Queued bf23327e
---Cannot queue: Buffer Full---
---Cannot queue: Buffer Full---
Queued 0aaa4b15
---Cannot queue: Buffer Full---
Queued 78d99bf1
---Cannot queue: Buffer Full---
---Cannot queue: Buffer Full---
Queued 6c9c4bd9
---Cannot queue: Buffer Full---
Queued 31230762
---Cannot queue: Buffer Full---
---Cannot queue: Buffer Full---
Queued 2635fb4c
---Cannot queue: Buffer Full---
Queued 4fa1559f
---Cannot queue: Buffer Full---
---Cannot queue: Buffer Full---
Queued 47b9a18f
---Cannot queue: Buffer Full---
Queued 7c6da9f8
---Cannot queue: Buffer Full---
---Cannot queue: Buffer Full---
Queued dbcd60b7
---Cannot queue: Buffer Full---
---Cannot queue: Buffer Full---
Queued cfc4569f
---Cannot queue: Buffer Full---
Queued ae7d945c
---Cannot queue: Buffer Full---
---Cannot queue: Buffer Full---
Queued adcbc05b
---Cannot queue: Buffer Full---
Queued 44de3789
---Cannot queue: Buffer Full---
---Cannot queue: Buffer Full---
Queued a4ae3249
---Cannot queue: Buffer Full---
Queued e8233ed0
---Cannot queue: Buffer Full---
---Cannot queue: Buffer Full---
Queued ebfec0d7
---Cannot queue: Buffer Full---
Queued a8c7fc51
---Cannot queue: Buffer Full---
---Cannot queue: Buffer Full---
Queued 4b212f96
---Cannot queue: Buffer Full---
---Cannot queue: Buffer Full---
Queued 061d7f0c
---Cannot queue: Buffer Full---
Queued e12ccec2
---Cannot queue: Buffer Full---
---Cannot queue: Buffer Full---
Queued 6457edc8
---Cannot queue: Buffer Full---
Queued bb825a77
---Cannot queue: Buffer Full---
---Cannot queue: Buffer Full---
Queued 1ef2ed3d
---Cannot queue: Buffer Full---
Queued 090cdb12
---Cannot queue: Buffer Full---
---Cannot queue: Buffer Full---
Queued bf05007e
---Cannot queue: Buffer Full---
Queued 36e5816d
---Cannot queue: Buffer Full---
---Cannot queue: Buffer Full---
Queued 1cd9e739
---Cannot queue: Buffer Full---
---Cannot queue: Buffer Full---
Queued 0fd28f1f
---Cannot queue: Buffer Full---
Queued e9ebf6d3
---Cannot queue: Buffer Full---
---Cannot queue: Buffer Full---
Queued 42d92f85
---Cannot queue: Buffer Full---
Queued bc148878
---Cannot queue: Buffer Full---
---Cannot queue: Buffer Full---
Queued 2dda595b
---Cannot queue: Buffer Full---
Queued 248b4b49
---Cannot queue: Buffer Full---
---Cannot queue: Buffer Full---
Queued 9ff2ae3f
---Cannot queue: Buffer Full---
Queued 150caf2a
---Cannot queue: Buffer Full---
---Cannot queue: Buffer Full---
Queued 2c156358
---Cannot queue: Buffer Full---
---Cannot queue: Buffer Full---
Queued c33f3886
---Cannot queue: Buffer Full---
Queued c71a0c8e
---Cannot queue: Buffer Full---
---Cannot queue: Buffer Full---
Queued ce2ff29c
---Cannot queue: Buffer Full---
Queued 7d3599fa
---Cannot queue: Buffer Full---
---Cannot queue: Buffer Full---
Queued 937dbc26
---Cannot queue: Buffer Full---
Queued 39961773
---Cannot queue: Buffer Full---
---Cannot queue: Buffer Full---
Queued d18bb4a3
---Cannot queue: Buffer Full---
---Cannot queue: Buffer Full---
Queued 9799a82f
---Cannot queue: Buffer Full---
Queued d9d292b3
---Cannot queue: Buffer Full---
---Cannot queue: Buffer Full---
Queued afd8565f
---Cannot queue: Buffer Full---
Queued 22290d44
---Cannot queue: Buffer Full---
---Cannot queue: Buffer Full---
Queued 7bf8fdf7
---Cannot queue: Buffer Full---
Queued e59b36cb
---Cannot queue: Buffer Full---
---Cannot queue: Buffer Full---
Queued f3091ae6
---Cannot queue: Buffer Full---
Queued 2d28db5a
---Cannot queue: Buffer Full---
---Cannot queue: Buffer Full---
Queued 14cfc129
---Cannot queue: Buffer Full---
---Cannot queue: Buffer Full---
Queued f682e2ed
---Cannot queue: Buffer Full---
Queued ed536cda
---Cannot queue: Buffer Full---
---Cannot queue: Buffer Full---
Queued b29fb665
---Cannot queue: Buffer Full---
Queued da8ae2b5
---Cannot queue: Buffer Full---
---Cannot queue: Buffer Full---
Queued efbe94df
---Cannot queue: Buffer Full---
Queued 3cf11979
---Cannot queue: Buffer Full---
---Cannot queue: Buffer Full---
Queued 2231ff44
---Cannot queue: Buffer Full---
Queued e8740cd0
---Cannot queue: Buffer Full---
---Cannot queue: Buffer Full---
Queued 15090b2a
---Cannot queue: Buffer Full---
---Cannot queue: Buffer Full---
Queued 55f6adab
---Cannot queue: Buffer Full---
Queued 076fcf0e
---Cannot queue: Buffer Full---
---Cannot queue: Buffer Full---
Queued 6e5daddc
---Cannot queue: Buffer Full---
Queued cd5ebc9a
---Cannot queue: Buffer Full---
---Cannot queue: Buffer Full---
Queued fedf72fd
---Cannot queue: Buffer Full---
Queued e1f102c3
---Cannot queue: Buffer Full---
---Cannot queue: Buffer Full---
Queued 2b0eed56
---Cannot queue: Buffer Full---
Queued 2779e94e
---Cannot queue: Buffer Full---
---Cannot queue: Buffer Full---
Queued b3d97667
---Cannot queue: Buffer Full---
---Cannot queue: Buffer Full---
Queued 8531340a
---Cannot queue: Buffer Full---
Queued 5b6fb9b6
---Cannot queue: Buffer Full---
---Cannot queue: Buffer Full---
Queued 9c0e8a38
---Cannot queue: Buffer Full---
Queued 3cd18779
---Cannot queue: Buffer Full---
---Cannot queue: Buffer Full---
Queued dc2bc4b8
---Cannot queue: Buffer Full---
Queued 4a74bf94
---Cannot queue: Buffer Full---
---Cannot queue: Buffer Full---
Queued 49c65d93
---Cannot queue: Buffer Full---
Queued 823f2c04
---Cannot queue: Buffer Full---
---Cannot queue: Buffer Full---
Queued acb7ca59
---Cannot queue: Buffer Full---
---Cannot queue: Buffer Full---
Queued 6dcb69db
---Cannot queue: Buffer Full---
Queued a6fcde4d
---Cannot queue: Buffer Full---
---Cannot queue: Buffer Full---
Queued 6cb0b7d9
---Cannot queue: Buffer Full---
Queued b6a4266d
---Cannot queue: Buffer Full---
---Cannot queue: Buffer Full---
Queued bb45e276
---Cannot queue: Buffer Full---
Queued 653b49ca
---Cannot queue: Buffer Full---
---Cannot queue: Buffer Full---
Queued 5b172db6
---Cannot queue: Buffer Full---
Queued 4a937195
---Cannot queue: Buffer Full---
---Cannot queue: Buffer Full---
Queued a3071a46
---Cannot queue: Buffer Full---
---Cannot queue: Buffer Full---
Queued 02749b04
---Cannot queue: Buffer Full---
Queued 7bd261f7
---Cannot queue: Buffer Full---
---Cannot queue: Buffer Full---
Queued 34980769
---Cannot queue: Buffer Full---
Queued da6ebab4
---Cannot queue: Buffer Full---
---Cannot queue: Buffer Full---
Queued 44018d88
---Cannot queue: Buffer Full---
Queued 147cd928
---Cannot queue: Buffer Full---
---Cannot queue: Buffer Full---
Queued 9690042d
---Cannot queue: Buffer Full---
Queued e3c530c7
---Cannot queue: Buffer Full---
---Cannot queue: Buffer Full---
Queued 975c9c2e
---Cannot queue: Buffer Full---
---Cannot queue: Buffer Full---
Queued 8477e408
---Cannot queue: Buffer Full---
Queued 0e41451c
---Cannot queue: Buffer Full---
---Cannot queue: Buffer Full---
Queued fea7a6fd
---Cannot queue: Buffer Full---
Queued 149e0729
---Cannot queue: Buffer Full---
---Cannot queue: Buffer Full---
Queued 8e37901c
---Cannot queue: Buffer Full---
Queued 43356786
---Cannot queue: Buffer Full---
---Cannot queue: Buffer Full---
Queued ed3408da
---Cannot queue: Buffer Full---
---Cannot queue: Buffer Full---
Queued 9eb7c63d
---Cannot queue: Buffer Full---
Queued 334ea766
---Cannot queue: Buffer Full---
---Cannot queue: Buffer Full---
Queued b855c470
---Cannot queue: Buffer Full---
Queued b9f50473
---Cannot queue: Buffer Full---
---Cannot queue: Buffer Full---
Queued 5d7199ba
---Cannot queue: Buffer Full---
Queued 2f3ab35e
---Cannot queue: Buffer Full---
---Cannot queue: Buffer Full---
Queued 7d4779fa
---Cannot queue: Buffer Full---
Queued 6a8e05d5
---Cannot queue: Buffer Full---
---Cannot queue: Buffer Full---
Queued 8d24f61a
---Cannot queue: Buffer Full---
---Cannot queue: Buffer Full---
Queued dcf000b9
---Cannot queue: Buffer Full---
Queued 1b876137
---Cannot queue: Buffer Full---
---Cannot queue: Buffer Full---
Queued 4b273796
---Cannot queue: Buffer Full---
Queued 603921c0
---Cannot queue: Buffer Full---
---Cannot queue: Buffer Full---
Queued 13259f26
---Cannot queue: Buffer Full---
Queued db461ab6
---Cannot queue: Buffer Full---
---Cannot queue: Buffer Full---
Queued 3e99837d
---Cannot queue: Buffer Full---
Queued 6e5f0fdc
---Cannot queue: Buffer Full---
---Cannot queue: Buffer Full---
Queued 43615786
---Cannot queue: Buffer Full---
---Cannot queue: Buffer Full---
Queued 3c03ff78
---Cannot queue: Buffer Full---
Queued 3f5a9b7e
---Cannot queue: Buffer Full---
---Cannot queue: Buffer Full---
Queued ed8d80db
---Cannot queue: Buffer Full---
Queued e7c3b6cf
---Cannot queue: Buffer Full---
---Cannot queue: Buffer Full---
Queued 3ced2b79
---Cannot queue: Buffer Full---
Queued fd28e4fa
---Cannot queue: Buffer Full---
---Cannot queue: Buffer Full---
Queued b0bcee61
---Cannot queue: Buffer Full---
Queued 0b940917
---Cannot queue: Buffer Full---
---Cannot queue: Buffer Full---
Queued d0f578a1
---Cannot queue: Buffer Full---
---Cannot queue: Buffer Full---
Queued 43779186
---Cannot queue: Buffer Full---
Queued a8639650
---Cannot queue: Buffer Full---
---Cannot queue: Buffer Full---
Queued 7a8c59f5
---Cannot queue: Buffer Full---
Queued 9ab48835
---Cannot queue: Buffer Full---
---Cannot queue: Buffer Full---
Queued 949a8a29
---Cannot queue: Buffer Full---
Queued 60b175c1
---Cannot queue: Buffer Full---
---Cannot queue: Buffer Full---
Queued e2e574c5
---Cannot queue: Buffer Full---
Queued cc01b498
---Cannot queue: Buffer Full---
---Cannot queue: Buffer Full---
Queued 25b27b4b
---Cannot queue: Buffer Full---
---Cannot queue: Buffer Full---
Queued b98c4273
---Cannot queue: Buffer Full---
Queued f622e6ec
---Cannot queue: Buffer Full---
---Cannot queue: Buffer Full---
Queued c550168a
---Cannot queue: Buffer Full---
Queued 2758d14e
---Cannot queue: Buffer Full---
---Cannot queue: Buffer Full---
Queued d44b80a8
---Cannot queue: Buffer Full---
Queued 549efda9
---Cannot queue: Buffer Full---
---Cannot queue: Buffer Full---
Queued d0ca8ca1
---Cannot queue: Buffer Full---
Queued 070bb90e
---Cannot queue: Buffer Full---
---Cannot queue: Buffer Full---
Queued f33466e6
---Cannot queue: Buffer Full---
---Cannot queue: Buffer Full---
Queued cfd6c09f
---Cannot queue: Buffer Full---
Queued 152fb52a
---Cannot queue: Buffer Full---
---Cannot queue: Buffer Full---
Queued 155a1d2a
---Cannot queue: Buffer Full---
Queued c6b5f48d
---Cannot queue: Buffer Full---
---Cannot queue: Buffer Full---
Queued 4f75ff9e
---Cannot queue: Buffer Full---
Queued 9c6de638
---Cannot queue: Buffer Full---
---Cannot queue: Buffer Full---
Queued bccfa879
---Cannot queue: Buffer Full---
Queued 6464e3c8
---Cannot queue: Buffer Full---
---Cannot queue: Buffer Full---
Queued 652345ca
---Cannot queue: Buffer Full---
---Cannot queue: Buffer Full---
Queued 09ff4113
---Cannot queue: Buffer Full---
Queued 35a0c96b
---Cannot queue: Buffer Full---
---Cannot queue: Buffer Full---
Queued e3b7aec7
---Cannot queue: Buffer Full---
Queued 5b0bddb6
---Cannot queue: Buffer Full---
---Cannot queue: Buffer Full---
Queued 5d059dba
---Cannot queue: Buffer Full---
Queued 6216abc4
---Cannot queue: Buffer Full---
---Cannot queue: Buffer Full---
Queued 5c8295b9
---Cannot queue: Buffer Full---
---Cannot queue: Buffer Full---
Queued 492fd392
---Cannot queue: Buffer Full---
Queued da269ab4
---Cannot queue: Buffer Full---
---Cannot queue: Buffer Full---
Queued 3fbb3b7f
---Cannot queue: Buffer Full---
Queued c3339086
---Cannot queue: Buffer Full---
---Cannot queue: Buffer Full---
Queued 7d6df5fa
---Cannot queue: Buffer Full---
Queued f92794f2
---Cannot queue: Buffer Full---
---Cannot queue: Buffer Full---
Queued 19452132
---Cannot queue: Buffer Full---
Queued dece5ebd
---Cannot queue: Buffer Full---
---Cannot queue: Buffer Full---
Queued 424fcd84
---Cannot queue: Buffer Full---
---Cannot queue: Buffer Full---
Queued f249a4e4
---Cannot queue: Buffer Full---
Queued 6543cfca
---Cannot queue: Buffer Full---
---Cannot queue: Buffer Full---
Queued 54a879a9
---Cannot queue: Buffer Full---
Queued d095a8a1
---Cannot queue: Buffer Full---
---Cannot queue: Buffer Full---
Queued 4765a98e
---Cannot queue: Buffer Full---
Queued fd8b6afb
---Cannot queue: Buffer Full---
---Cannot queue: Buffer Full---
Queued 85e51e0b
---Cannot queue: Buffer Full---
Queued f78290ef
---Cannot queue: Buffer Full---
---Cannot queue: Buffer Full---
Queued 64c83dc9
---Cannot queue: Buffer Full---
---Cannot queue: Buffer Full---
Queued 1b60e536
---Cannot queue: Buffer Full---
Queued bab14875
---Cannot queue: Buffer Full---
---Cannot queue: Buffer Full---
Queued c7e8568f
---Cannot queue: Buffer Full---
Queued 35cdbf6b
---Cannot queue: Buffer Full---
---Cannot queue: Buffer Full---
Queued 4465e788
---Cannot queue: Buffer Full---
Queued d73fb4ae
---Cannot queue: Buffer Full---
---Cannot queue: Buffer Full---
Queued 4df3819b
---Cannot queue: Buffer Full---
Queued 493e4592
---Cannot queue: Buffer Full---
---Cannot queue: Buffer Full---
Queued 1444df28
---Cannot queue: Buffer Full---
---Cannot queue: Buffer Full---
Queued 9684e02d
---Cannot queue: Buffer Full---
Queued 25b75f4b
---Cannot queue: Buffer Full---
---Cannot queue: Buffer Full---
Queued e169b0c2
---Cannot queue: Buffer Full---
Queued 8f1cf61e
---Cannot queue: Buffer Full---
---Cannot queue: Buffer Full---
Queued 06b3050d
---Cannot queue: Buffer Full---
Queued 7679fdec
---Cannot queue: Buffer Full---
---Cannot queue: Buffer Full---
Queued 0c039d18
---Cannot queue: Buffer Full---
Queued 68ae1bd1
---Cannot queue: Buffer Full---
---Cannot queue: Buffer Full---
Queued c3761c86
---Cannot queue: Buffer Full---
---Cannot queue: Buffer Full---
Queued a0c02441
---Cannot queue: Buffer Full---
Queued 9dbf643b
---Cannot queue: Buffer Full---
---Cannot queue: Buffer Full---
Queued 6c44f9d8
---Cannot queue: Buffer Full---
Queued 29efe953
---Cannot queue: Buffer Full---
---Cannot queue: Buffer Full---
Queued ab196256
---Cannot queue: Buffer Full---
Queued adac225b
---Cannot queue: Buffer Full---
---Cannot queue: Buffer Full---
Queued f166fae2
---Cannot queue: Buffer Full---
Queued 8273e204
---Cannot queue: Buffer Full---
---Cannot queue: Buffer Full---
Queued 39ac0373
---Cannot queue: Buffer Full---
---Cannot queue: Buffer Full---
Queued ec50b4d8
---Cannot queue: Buffer Full---
Queued 093e4d12
---Cannot queue: Buffer Full---
---Cannot queue: Buffer Full---
Queued dc0344b8
---Cannot queue: Buffer Full---
Queued 9c811239
---Cannot queue: Buffer Full---
---Cannot queue: Buffer Full---
Queued f287b6e5
---Cannot queue: Buffer Full---
Queued d0c5dca1
---Cannot queue: Buffer Full---
---Cannot queue: Buffer Full---
Queued 15890f2b
---Cannot queue: Buffer Full---
Queued 40905d81
---Cannot queue: Buffer Full---
---Cannot queue: Buffer Full---
Queued 641b85c8
---Cannot queue: Buffer Full---
---Cannot queue: Buffer Full---
Queued 13b55527
---Cannot queue: Buffer Full---
Queued 50d5f9a1
---Cannot queue: Buffer Full---
---Cannot queue: Buffer Full---
Queued 8f8c6e1f
---Cannot queue: Buffer Full---
Queued 82223a04
---Cannot queue: Buffer Full---
---Cannot queue: Buffer Full---
Queued 2c2d2358
---Cannot queue: Buffer Full---
Queued cb5c8096
---Cannot queue: Buffer Full---
---Cannot queue: Buffer Full---
Queued 0a6e9314
---Cannot queue: Buffer Full---
---Cannot queue: Buffer Full---
Queued 8919b412
---Cannot queue: Buffer Full---
Queued cb227096
---Cannot queue: Buffer Full---
---Cannot queue: Buffer Full---
Queued d8ace2b1
---Cannot queue: Buffer Full---
Queued 2ac2d555
---Cannot queue: Buffer Full---
---Cannot queue: Buffer Full---
Queued f6c38eed
---Cannot queue: Buffer Full---
Queued 158b2b2b
---Cannot queue: Buffer Full---
---Cannot queue: Buffer Full---
Queued 7ab11bf5
---Cannot queue: Buffer Full---
Queued 56b403ad
---Cannot queue: Buffer Full---
---Cannot queue: Buffer Full---
Queued 93c12227
---Cannot queue: Buffer Full---
---Cannot queue: Buffer Full---
Queued 4249ff84
---Cannot queue: Buffer Full---
Queued d3a8e4a7
---Cannot queue: Buffer Full---
---Cannot queue: Buffer Full---
Queued f3d7a6e7
---Cannot queue: Buffer Full---
Queued dcef90b9
---Cannot queue: Buffer Full---
---Cannot queue: Buffer Full---
Queued a4da5649
---Cannot queue: Buffer Full---
Queued 6de5bbdb
---Cannot queue: Buffer Full---
---Cannot queue: Buffer Full---
Queued 64ba0fc9
---Cannot queue: Buffer Full---
Queued 2883b151
---Cannot queue: Buffer Full---
---Cannot queue: Buffer Full---
Queued d0bc5ea1
---Cannot queue: Buffer Full---
---Cannot queue: Buffer Full---
Queued 1546dd2a
---Cannot queue: Buffer Full---
Queued 7d2a45fa
---Cannot queue: Buffer Full---
---Cannot queue: Buffer Full---
Queued a2e62045
---Cannot queue: Buffer Full---
Queued 41a10583
---Cannot queue: Buffer Full---
---Cannot queue: Buffer Full---
Queued be75427c
---Cannot queue: Buffer Full---
Queued b9461472
---Cannot queue: Buffer Full---
---Cannot queue: Buffer Full---
Queued ff4f3cfe
---Cannot queue: Buffer Full---
Queued b455f268
---Cannot queue: Buffer Full---
---Cannot queue: Buffer Full---
Queued b7dfaa6f
---Cannot queue: Buffer Full---
---Cannot queue: Buffer Full---
Queued 43460d86
---Cannot queue: Buffer Full---
Queued 782321f0
---Cannot queue: Buffer Full---
---Cannot queue: Buffer Full---
Queued 1c719738
---Cannot queue: Buffer Full---
Queued 20769140
---Cannot queue: Buffer Full---
---Cannot queue: Buffer Full---
Queued 94097628
---Cannot queue: Buffer Full---
Queued 7b0da9f6
---Cannot queue: Buffer Full---
---Cannot queue: Buffer Full---
Queued e2bf1ac5
---Cannot queue: Buffer Full---
Queued 602831c0
---Cannot queue: Buffer Full---
---Cannot queue: Buffer Full---
Queued 3a625f74
---Cannot queue: Buffer Full---
---Cannot queue: Buffer Full---
Queued 1cde7139
---Cannot queue: Buffer Full---
Queued d86a6ab0
---Cannot queue: Buffer Full---
---Cannot queue: Buffer Full---
Queued 1e1c873c
---Cannot queue: Buffer Full---
Queued 1521932a
---Cannot queue: Buffer Full---
---Cannot queue: Buffer Full---
Queued 3124d362
---Cannot queue: Buffer Full---
Queued 0aec3515
---Cannot queue: Buffer Full---
---Cannot queue: Buffer Full---
Queued f0b14ee1
---Cannot queue: Buffer Full---
Queued 0be29d17
---Cannot queue: Buffer Full---
---Cannot queue: Buffer Full---
Queued a18bee43
---Cannot queue: Buffer Full---
---Cannot queue: Buffer Full---
Queued 64b5e3c9
---Cannot queue: Buffer Full---
Queued c3360486
---Cannot queue: Buffer Full---
---Cannot queue: Buffer Full---
Queued 1297cb25
---Cannot queue: Buffer Full---
Queued 60f69dc1
---Cannot queue: Buffer Full---
---Cannot queue: Buffer Full---
Queued c69da28d
---Cannot queue: Buffer Full---
Queued ad67e25a
---Cannot queue: Buffer Full---
---Cannot queue: Buffer Full---
Queued 03d62707
---Cannot queue: Buffer Full---
---Cannot queue: Buffer Full---
Queued 165b7b2c
---Cannot queue: Buffer Full---
Queued 060a5d0c
---Cannot queue: Buffer Full---
---Cannot queue: Buffer Full---
Queued b8ade671
---Cannot queue: Buffer Full---
Queued 9de17c3b
---Cannot queue: Buffer Full---
---Cannot queue: Buffer Full---
Queued 5b60e5b6
---Cannot queue: Buffer Full---
Queued fbdfc2f7
---Cannot queue: Buffer Full---
---Cannot queue: Buffer Full---
Queued cf14ce9e
---Cannot queue: Buffer Full---
Queued ae78585c
---Cannot queue: Buffer Full---
---Cannot queue: Buffer Full---
Queued 2ab8f755
---Cannot queue: Buffer Full---
---Cannot queue: Buffer Full---
Queued 902a3a20
---Cannot queue: Buffer Full---
Queued d00b12a0
---Cannot queue: Buffer Full---
---Cannot queue: Buffer Full---
Queued 39600972
---Cannot queue: Buffer Full---
Queued da3d8cb4
---Cannot queue: Buffer Full---
---Cannot queue: Buffer Full---
Queued 6e8af5dd
---Cannot queue: Buffer Full---
Queued 86dcf00d
---Cannot queue: Buffer Full---
---Cannot queue: Buffer Full---
Queued 25b0994b
---Cannot queue: Buffer Full---
Queued bccc4279
---Cannot queue: Buffer Full---
---Cannot queue: Buffer Full---
Queued cf63da9e
---Cannot queue: Buffer Full---
---Cannot queue: Buffer Full---
Queued fef064fd
---Cannot queue: Buffer Full---
Queued bde0d27b
---Cannot queue: Buffer Full---
---Cannot queue: Buffer Full---
Queued 47e2738f
---Cannot queue: Buffer Full---
Queued 81c39a03
---Cannot queue: Buffer Full---
---Cannot queue: Buffer Full---
Queued 71c129e3
---Cannot queue: Buffer Full---
Queued 0e92431d
---Cannot queue: Buffer Full---
---Cannot queue: Buffer Full---
Queued 58f93db1
---Cannot queue: Buffer Full---
Queued 22119f44
---Cannot queue: Buffer Full---
---Cannot queue: Buffer Full---
Queued ca9cbc95
---Cannot queue: Buffer Full---
---Cannot queue: Buffer Full---
Queued f01d34e0
---Cannot queue: Buffer Full---
Queued f6a178ed
---Cannot queue: Buffer Full---
---Cannot queue: Buffer Full---
Queued 297a1552
---Cannot queue: Buffer Full---
Queued 7c1e5bf8
---Cannot queue: Buffer Full---
---Cannot queue: Buffer Full---
Queued 46dcb78d
---Cannot queue: Buffer Full---
Queued a95fc452
---Cannot queue: Buffer Full---
---Cannot queue: Buffer Full---
Queued 4219e784
---Cannot queue: Buffer Full---
Queued 236afd46
---Cannot queue: Buffer Full---
---Cannot queue: Buffer Full---
Queued c63a928c
---Cannot queue: Buffer Full---
---Cannot queue: Buffer Full---
Queued 48487d90
---Cannot queue: Buffer Full---
Queued 0beac117
---Cannot queue: Buffer Full---
---Cannot queue: Buffer Full---
Queued 352d616a
---Cannot queue: Buffer Full---
Queued 427b5784
---Cannot queue: Buffer Full---
---Cannot queue: Buffer Full---
Queued d55bbcaa
---Cannot queue: Buffer Full---
Queued 3e6f0f7c
---Cannot queue: Buffer Full---
---Cannot queue: Buffer Full---
Queued b0520260
---Cannot queue: Buffer Full---
Queued 5d4a4dba
---Cannot queue: Buffer Full---
---Cannot queue: Buffer Full---
Queued c5a1608b
---Cannot queue: Buffer Full---
---Cannot queue: Buffer Full---
Queued d31dfea6
---Cannot queue: Buffer Full---
Queued 92831e25
---Cannot queue: Buffer Full---
---Cannot queue: Buffer Full---
Queued 19058332
---Cannot queue: Buffer Full---
Queued d10504a2
---Cannot queue: Buffer Full---
---Cannot queue: Buffer Full---
Queued a48f7c49
---Cannot queue: Buffer Full---
Queued 8a64b014
---Cannot queue: Buffer Full---
---Cannot queue: Buffer Full---
Queued 9ec9c03d
---Cannot queue: Buffer Full---
Queued 25f2034b
---Cannot queue: Buffer Full---
---Cannot queue: Buffer Full---
Queued ae68305c
---Cannot queue: Buffer Full---
---Cannot queue: Buffer Full---
Queued 23907547
---Cannot queue: Buffer Full---
Queued 433e9786
---Cannot queue: Buffer Full---
---Cannot queue: Buffer Full---
Queued 9caf7a39
---Cannot queue: Buffer Full---
Queued da058ab4
---Cannot queue: Buffer Full---
---Cannot queue: Buffer Full---
Queued 6851e5d0
---Cannot queue: Buffer Full---
Queued 9622502c
---Cannot queue: Buffer Full---
---Cannot queue: Buffer Full---
Queued 467c458c
---Cannot queue: Buffer Full---
---Cannot queue: Buffer Full---
Queued 03e9b707
---Cannot queue: Buffer Full---
Queued b522406a
---Cannot queue: Buffer Full---
---Cannot queue: Buffer Full---
Queued 0895f911
---Cannot queue: Buffer Full---
Queued 746affe8
---Cannot queue: Buffer Full---
---Cannot queue: Buffer Full---
Queued a5e79e4b
---Cannot queue: Buffer Full---
Queued 39e48173
---Cannot queue: Buffer Full---
---Cannot queue: Buffer Full---
Queued 76295bec
---Cannot queue: Buffer Full---
Queued 11fe0523
---Cannot queue: Buffer Full---
---Cannot queue: Buffer Full---
Queued 520eefa4
---Cannot queue: Buffer Full---
---Cannot queue: Buffer Full---
Queued 64e165c9
---Cannot queue: Buffer Full---
Queued 9ca70439
---Cannot queue: Buffer Full---
---Cannot queue: Buffer Full---
Queued ef8372df
---Cannot queue: Buffer Full---
Queued ea5814d4
---Cannot queue: Buffer Full---
---Cannot queue: Buffer Full---
Queued 33836567
---Cannot queue: Buffer Full---
Queued 4ea0419d
---Cannot queue: Buffer Full---
---Cannot queue: Buffer Full---
Queued 583125b0
---Cannot queue: Buffer Full---
Queued 41103982
---Cannot queue: Buffer Full---
---Cannot queue: Buffer Full---
Queued 24d2bf49
---Cannot queue: Buffer Full---
---Cannot queue: Buffer Full---
Queued ecb91ad9
---Cannot queue: Buffer Full---
Queued 1000b720
---Cannot queue: Buffer Full---
---Cannot queue: Buffer Full---
Queued 8e054c1c
---Cannot queue: Buffer Full---
Queued 49b16f93
---Cannot queue: Buffer Full---
---Cannot queue: Buffer Full---
Queued 71b461e3
---Cannot queue: Buffer Full---
Queued 954b822a
---Cannot queue: Buffer Full---
---Cannot queue: Buffer Full---
Queued e471f8c8
---Cannot queue: Buffer Full---
Queued aed72e5d
---Cannot queue: Buffer Full---
---Cannot queue: Buffer Full---
Queued 1d3f9d3a
---Cannot queue: Buffer Full---
---Cannot queue: Buffer Full---
Queued 4226a984
---Cannot queue: Buffer Full---
Queued 95a9a82b
---Cannot queue: Buffer Full---
---Cannot queue: Buffer Full---
Queued 1c8d7f39
---Cannot queue: Buffer Full---
Queued 897f1c12
---Cannot queue: Buffer Full---
---Cannot queue: Buffer Full---
Queued a97f0052
---Cannot queue: Buffer Full---
Queued 2c848959
---Cannot queue: Buffer Full---
---Cannot queue: Buffer Full---
Queued e82b96d0
---Cannot queue: Buffer Full---
Queued b759ea6e
---Cannot queue: Buffer Full---
---Cannot queue: Buffer Full---
Queued 4bf52997
---Cannot queue: Buffer Full---
---Cannot queue: Buffer Full---
Queued 6d8b87db
---Cannot queue: Buffer Full---
Queued 535277a6
---Cannot queue: Buffer Full---
---Cannot queue: Buffer Full---
Queued 5d85d3bb
---Cannot queue: Buffer Full---
Queued 80797c00
---Cannot queue: Buffer Full---
---Cannot queue: Buffer Full---
Queued 87e44c0f
---Cannot queue: Buffer Full---
Queued b4e8d669
---Cannot queue: Buffer Full---
---Cannot queue: Buffer Full---
Queued 8653620c
---Cannot queue: Buffer Full---
Queued 2ca81959
---Cannot queue: Buffer Full---
---Cannot queue: Buffer Full---
Queued 62fd49c5
---Cannot queue: Buffer Full---
---Cannot queue: Buffer Full---
Queued 67d735cf
---Cannot queue: Buffer Full---
Queued 4839e590
---Cannot queue: Buffer Full---
---Cannot queue: Buffer Full---
Queued a8e4d851
---Cannot queue: Buffer Full---
Queued b4f9a469
---Cannot queue: Buffer Full---
---Cannot queue: Buffer Full---
Queued 3b83cd77
---Cannot queue: Buffer Full---
Queued 2523654a
---Cannot queue: Buffer Full---
---Cannot queue: Buffer Full---
Queued ec3758d8
---Cannot queue: Buffer Full---
Queued 4ddd4d9b
---Cannot queue: Buffer Full---
---Cannot queue: Buffer Full---
Queued e20e9ac4
---Cannot queue: Buffer Full---
---Cannot queue: Buffer Full---
Queued 5c78b1b8
---Cannot queue: Buffer Full---
Queued dbe6f2b7
---Cannot queue: Buffer Full---
---Cannot queue: Buffer Full---
Queued c378ee86
---Cannot queue: Buffer Full---
Queued 984d5a30
---Cannot queue: Buffer Full---
---Cannot queue: Buffer Full---
Queued 3bed5377
---Cannot queue: Buffer Full---
Queued 5ad6c7b5
---Cannot queue: Buffer Full---
---Cannot queue: Buffer Full---
Queued 6a15f5d4
---Cannot queue: Buffer Full---
---Cannot queue: Buffer Full---
Queued 03878707
---Cannot queue: Buffer Full---
Queued 3b0b9776
---Cannot queue: Buffer Full---
---Cannot queue: Buffer Full---
Queued 74a1ade9
---Cannot queue: Buffer Full---
Queued 45e28b8b
---Cannot queue: Buffer Full---
---Cannot queue: Buffer Full---
Queued 00f25f01
---Cannot queue: Buffer Full---
Queued 6d808bdb
---Cannot queue: Buffer Full---
---Cannot queue: Buffer Full---
Queued c0764280
---Cannot queue: Buffer Full---
Queued 611d9fc2
---Cannot queue: Buffer Full---
---Cannot queue: Buffer Full---
Queued e2ecdac5
---Cannot queue: Buffer Full---
---Cannot queue: Buffer Full---
Queued 9827fa30
---Cannot queue: Buffer Full---
Queued d7b2e4af
---Cannot queue: Buffer Full---
---Cannot queue: Buffer Full---
Queued b302da66
---Cannot queue: Buffer Full---
Queued 57fbb9af
---Cannot queue: Buffer Full---
---Cannot queue: Buffer Full---
Queued f4d86ee9
---Cannot queue: Buffer Full---
Queued 7c41aff8
---Cannot queue: Buffer Full---
---Cannot queue: Buffer Full---
Queued 8376ac06
---Cannot queue: Buffer Full---
Queued f78576ef
---Cannot queue: Buffer Full---
---Cannot queue: Buffer Full---
Queued 70ef37e1
---Cannot queue: Buffer Full---
---Cannot queue: Buffer Full---
Queued cab47c95
---Cannot queue: Buffer Full---
Queued f7723eee
---Cannot queue: Buffer Full---
---Cannot queue: Buffer Full---
Queued 304e4d60
---Cannot queue: Buffer Full---
Queued f29c5ee5
---Cannot queue: Buffer Full---
---Cannot queue: Buffer Full---
Queued 9420ea28
---Cannot queue: Buffer Full---
Queued 322f7d64
---Cannot queue: Buffer Full---
---Cannot queue: Buffer Full---
Queued 14b43729
---Cannot queue: Buffer Full---
Queued f0eeaee1
---Cannot queue: Buffer Full---
---Cannot queue: Buffer Full---
Queued bbbc5277
---Cannot queue: Buffer Full---
---Cannot queue: Buffer Full---
Queued 3715156e
---Cannot queue: Buffer Full---
Queued 40aaf581
---Cannot queue: Buffer Full---
---Cannot queue: Buffer Full---
Queued 6a9fb9d5
---Cannot queue: Buffer Full---
Queued 3437d568
---Cannot queue: Buffer Full---
---Cannot queue: Buffer Full---
Queued 786271f0
---Cannot queue: Buffer Full---
Queued d57800aa
---Cannot queue: Buffer Full---
---Cannot queue: Buffer Full---
Queued 079fc30f
---Cannot queue: Buffer Full---
Queued f8dc48f1
---Cannot queue: Buffer Full---
---Cannot queue: Buffer Full---
Queued be9bbc7d
---Cannot queue: Buffer Full---
---Cannot queue: Buffer Full---
Queued 472e958e
---Cannot queue: Buffer Full---
Queued f161dce2
---Cannot queue: Buffer Full---
---Cannot queue: Buffer Full---
Queued 1e664d3c
---Cannot queue: Buffer Full---
Queued d4b5e6a9
---Cannot queue: Buffer Full---
---Cannot queue: Buffer Full---
Queued 77ebb1ef
---Cannot queue: Buffer Full---
Queued ade7d05b
---Cannot queue: Buffer Full---
---Cannot queue: Buffer Full---
Queued d7a23caf
---Cannot queue: Buffer Full---
Queued 25029b4a
---Cannot queue: Buffer Full---
---Cannot queue: Buffer Full---
Queued 5cd20db9
---Cannot queue: Buffer Full---
---Cannot queue: Buffer Full---
Queued 098e2d13
---Cannot queue: Buffer Full---
Queued 09c83513
---Cannot queue: Buffer Full---
---Cannot queue: Buffer Full---
Queued 32dc4165
---Cannot queue: Buffer Full---
Queued 28c62751
---Cannot queue: Buffer Full---
---Cannot queue: Buffer Full---
Queued db983ab7
---Cannot queue: Buffer Full---
Queued cc981099
---Cannot queue: Buffer Full---
---Cannot queue: Buffer Full---
Queued 9d12083a
---Cannot queue: Buffer Full---
Queued b8ea3a71
---Cannot queue: Buffer Full---
---Cannot queue: Buffer Full---
Queued 317c0762
---Cannot queue: Buffer Full---
---Cannot queue: Buffer Full---
Queued f2356ae4
---Cannot queue: Buffer Full---
Queued 1513dd2a
---Cannot queue: Buffer Full---
---Cannot queue: Buffer Full---
Queued beda447d
---Cannot queue: Buffer Full---
Queued 2cee5f59
---Cannot queue: Buffer Full---
---Cannot queue: Buffer Full---
Queued 72c3a3e5
---Cannot queue: Buffer Full---
Queued 76de6bed
---Cannot queue: Buffer Full---
---Cannot queue: Buffer Full---
Queued e4a800c9
---Cannot queue: Buffer Full---
---Cannot queue: Buffer Full---
Queued a0aecc41
---Cannot queue: Buffer Full---
Queued 57c1d1af
---Cannot queue: Buffer Full---
---Cannot queue: Buffer Full---
Queued eda71cdb
---Cannot queue: Buffer Full---
Queued e696e8cd
---Cannot queue: Buffer Full---
---Cannot queue: Buffer Full---
Queued 38139f70
---Cannot queue: Buffer Full---
Queued 8326d406
---Cannot queue: Buffer Full---
---Cannot queue: Buffer Full---
Queued d14820a2
---Cannot queue: Buffer Full---
Queued 5e983dbd
---Cannot queue: Buffer Full---
---Cannot queue: Buffer Full---
Queued b555de6a
---Cannot queue: Buffer Full---
---Cannot queue: Buffer Full---
Queued 6e3d47dc
---Cannot queue: Buffer Full---
Queued a86c5e50
---Cannot queue: Buffer Full---
---Cannot queue: Buffer Full---
Queued bd86f47b
---Cannot queue: Buffer Full---
Queued 929d5825
---Cannot queue: Buffer Full---
---Cannot queue: Buffer Full---
Queued bc3f8478
---Cannot queue: Buffer Full---
Queued 7b7b89f6
---Cannot queue: Buffer Full---
---Cannot queue: Buffer Full---
Queued ae23ce5c
---Cannot queue: Buffer Full---
Queued 11cc9b23
---Cannot queue: Buffer Full---
---Cannot queue: Buffer Full---
Queued 3cb3ab79
---Cannot queue: Buffer Full---
---Cannot queue: Buffer Full---
Queued 644605c8
---Cannot queue: Buffer Full---
Queued ddd146bb
---Cannot queue: Buffer Full---
---Cannot queue: Buffer Full---
Queued 870cee0e
---Cannot queue: Buffer Full---
Queued b9879473
---Cannot queue: Buffer Full---
---Cannot queue: Buffer Full---
Queued 0671030c
---Cannot queue: Buffer Full---
Queued e70f98ce
---Cannot queue: Buffer Full---
---Cannot queue: Buffer Full---
Queued 6a1a61d4
---Cannot queue: Buffer Full---
Queued acecdc59
---Cannot queue: Buffer Full---
---Cannot queue: Buffer Full---
Queued 5ca26fb9
---Cannot queue: Buffer Full---
---Cannot queue: Buffer Full---
Queued d9b8c0b3
---Cannot queue: Buffer Full---
Queued 7a4fbff4
---Cannot queue: Buffer Full---
---Cannot queue: Buffer Full---
Queued baf4e275
---Cannot queue: Buffer Full---
Queued 066cf10c
---Cannot queue: Buffer Full---
---Cannot queue: Buffer Full---
Queued 9cfc7a39
---Cannot queue: Buffer Full---
Queued 01729302
---Cannot queue: Buffer Full---
---Cannot queue: Buffer Full---
Queued 8aecbe15
---Cannot queue: Buffer Full---
Queued 02fbf905
---Cannot queue: Buffer Full---
---Cannot queue: Buffer Full---
Queued 271c434e
---Cannot queue: Buffer Full---
---Cannot queue: Buffer Full---
Queued 013f2902
---Cannot queue: Buffer Full---
Queued 5c7951b8
---Cannot queue: Buffer Full---
---Cannot queue: Buffer Full---
Queued 847fb208
---Cannot queue: Buffer Full---
Queued 46e7538d
---Cannot queue: Buffer Full---
---Cannot queue: Buffer Full---
Queued d7b48eaf
---Cannot queue: Buffer Full---
Queued 747331e8
---Cannot queue: Buffer Full---
---Cannot queue: Buffer Full---
Queued 48590990
---Cannot queue: Buffer Full---
Queued 7af6abf5
---Cannot queue: Buffer Full---
---Cannot queue: Buffer Full---
Queued a620904c
---Cannot queue: Buffer Full---
---Cannot queue: Buffer Full---
Queued 3d82bd7b
---Cannot queue: Buffer Full---
Queued a005a640
---Cannot queue: Buffer Full---
---Cannot queue: Buffer Full---
Queued 12a90325
---Cannot queue: Buffer Full---
Queued 86ebb60d
---Cannot queue: Buffer Full---
---Cannot queue: Buffer Full---
Queued b87c1070
---Cannot queue: Buffer Full---
Queued 16cbf92d
---Cannot queue: Buffer Full---
---Cannot queue: Buffer Full---
Queued 94ded829
---Cannot queue: Buffer Full---
---Cannot queue: Buffer Full---
Queued 5e2551bc
---Cannot queue: Buffer Full---
Queued 987b0830
---Cannot queue: Buffer Full---
---Cannot queue: Buffer Full---
Queued 60272dc0
---Cannot queue: Buffer Full---
Queued 28766950
---Cannot queue: Buffer Full---
---Cannot queue: Buffer Full---
Queued d0cf6aa1
---Cannot queue: Buffer Full---
Queued 26bf3f4d
---Cannot queue: Buffer Full---
---Cannot queue: Buffer Full---
Queued faf32ef5
---Cannot queue: Buffer Full---
Queued 7a87aff5
---Cannot queue: Buffer Full---
---Cannot queue: Buffer Full---
Queued aeeacc5d
---Cannot queue: Buffer Full---
---Cannot queue: Buffer Full---
Queued ca481294
---Cannot queue: Buffer Full---
Queued b558a66a
---Cannot queue: Buffer Full---
---Cannot queue: Buffer Full---
Queued 5e6065bc
---Cannot queue: Buffer Full---
Queued dc4308b8
---Cannot queue: Buffer Full---
---Cannot queue: Buffer Full---
Queued cf309c9e
---Cannot queue: Buffer Full---
Queued fd7906fa
---Cannot queue: Buffer Full---
---Cannot queue: Buffer Full---
Queued 23400b46
---Cannot queue: Buffer Full---
Queued 83fa6407
---Cannot queue: Buffer Full---
---Cannot queue: Buffer Full---
Queued c9cbbc93
---Cannot queue: Buffer Full---
---Cannot queue: Buffer Full---
Queued aada7455
---Cannot queue: Buffer Full---
Queued 5bd3dbb7
---Cannot queue: Buffer Full---
---Cannot queue: Buffer Full---
Queued 22d5f145
---Cannot queue: Buffer Full---
Queued b1800a63
---Cannot queue: Buffer Full---
---Cannot queue: Buffer Full---
Queued ac93e059
---Cannot queue: Buffer Full---
Queued 9372ce26
---Cannot queue: Buffer Full---
---Cannot queue: Buffer Full---
Queued b4497668
---Cannot queue: Buffer Full---
Queued 8f63e41e
---Cannot queue: Buffer Full---
---Cannot queue: Buffer Full---
Queued c838f490
---Cannot queue: Buffer Full---
---Cannot queue: Buffer Full---
Queued 2d19a55a
---Cannot queue: Buffer Full---
Queued 0e43851c
---Cannot queue: Buffer Full---
---Cannot queue: Buffer Full---
Queued 5c9967b9
---Cannot queue: Buffer Full---
Queued 55861fab
---Cannot queue: Buffer Full---
---Cannot queue: Buffer Full---
Queued 6826d9d0
---Cannot queue: Buffer Full---
Queued 37b9656f
---Cannot queue: Buffer Full---
---Cannot queue: Buffer Full---
Queued 6c6a6dd8
---Cannot queue: Buffer Full---
Queued a2cc8845
---Cannot queue: Buffer Full---
---Cannot queue: Buffer Full---
Queued 46d6a78d
---Cannot queue: Buffer Full---
---Cannot queue: Buffer Full---
Queued 45f3238b
---Cannot queue: Buffer Full---
Queued 7e2491fc
---Cannot queue: Buffer Full---
---Cannot queue: Buffer Full---
Queued 6e1e1fdc
---Cannot queue: Buffer Full---
Queued d27f0aa4
---Cannot queue: Buffer Full---
---Cannot queue: Buffer Full---
Queued 0c978d19
---Cannot queue: Buffer Full---
Queued 52b533a5
---Cannot queue: Buffer Full---
---Cannot queue: Buffer Full---
Queued 9f398e3e
---Cannot queue: Buffer Full---
Queued f98bc0f3
---Cannot queue: Buffer Full---
---Cannot queue: Buffer Full---
Queued ac782c58
---Cannot queue: Buffer Full---
---Cannot queue: Buffer Full---
Queued 62056bc4
---Cannot queue: Buffer Full---
Queued 2e36435c
---Cannot queue: Buffer Full---
---Cannot queue: Buffer Full---
Queued 033a4506
---Cannot queue: Buffer Full---
Queued cd1d509a
---Cannot queue: Buffer Full---
---Cannot queue: Buffer Full---
Queued 0c161918
---Cannot queue: Buffer Full---
Queued e2f066c5
---Cannot queue: Buffer Full---
---Cannot queue: Buffer Full---
Queued 5515d1aa
---Cannot queue: Buffer Full---
Queued 0d12031a
---Cannot queue: Buffer Full---
---Cannot queue: Buffer Full---
Queued 61dbd5c3
---Cannot queue: Buffer Full---
---Cannot queue: Buffer Full---
Queued 5934e9b2
---Cannot queue: Buffer Full---
Queued 0633630c
---Cannot queue: Buffer Full---
---Cannot queue: Buffer Full---
Queued f4f00ee9
---Cannot queue: Buffer Full---
Queued 61dafdc3
---Cannot queue: Buffer Full---
---Cannot queue: Buffer Full---
Queued 75ad73eb
---Cannot queue: Buffer Full---
Queued 7c2db9f8
---Cannot queue: Buffer Full---
---Cannot queue: Buffer Full---
Queued 792c03f2
---Cannot queue: Buffer Full---
---Cannot queue: Buffer Full---
Queued 4483ad89
---Cannot queue: Buffer Full---
Queued 378c736f
---Cannot queue: Buffer Full---
---Cannot queue: Buffer Full---
Queued 0de14b1b
---Cannot queue: Buffer Full---
Queued d6a128ad
---Cannot queue: Buffer Full---
---Cannot queue: Buffer Full---
Queued 344dc168
---Cannot queue: Buffer Full---
Queued 92f91225
---Cannot queue: Buffer Full---
---Cannot queue: Buffer Full---
Queued 67e857cf
---Cannot queue: Buffer Full---
Queued 55dd8dab
---Cannot queue: Buffer Full---
---Cannot queue: Buffer Full---
Queued 8d94d21b
---Cannot queue: Buffer Full---
---Cannot queue: Buffer Full---
Queued c03b3e80
---Cannot queue: Buffer Full---
Queued 2ed6d95d
---Cannot queue: Buffer Full---
---Cannot queue: Buffer Full---
Queued 412dfd82
---Cannot queue: Buffer Full---
Queued 82344204
---Cannot queue: Buffer Full---
---Cannot queue: Buffer Full---
Queued 2ba7a557
---Cannot queue: Buffer Full---
Queued 1b368b36
---Cannot queue: Buffer Full---
---Cannot queue: Buffer Full---
Queued 196a0332
---Cannot queue: Buffer Full---
Queued bce32879
---Cannot queue: Buffer Full---
---Cannot queue: Buffer Full---
Queued f24baee4
---Cannot queue: Buffer Full---
---Cannot queue: Buffer Full---
Queued 8b42ec16
---Cannot queue: Buffer Full---
Queued d57fecaa
---Cannot queue: Buffer Full---
---Cannot queue: Buffer Full---
Queued 605065c0
---Cannot queue: Buffer Full---
Queued 9759882e
---Cannot queue: Buffer Full---
---Cannot queue: Buffer Full---
Queued 4665378c
---Cannot queue: Buffer Full---
Queued b8c0c271
---Cannot queue: Buffer Full---
---Cannot queue: Buffer Full---
Queued 7dfe8ffb
---Cannot queue: Buffer Full---
Queued 5e5421bc
---Cannot queue: Buffer Full---
---Cannot queue: Buffer Full---
Queued ee7068dc
---Cannot queue: Buffer Full---
---Cannot queue: Buffer Full---
Queued 0bec5717
---Cannot queue: Buffer Full---
Queued e0e004c1
---Cannot queue: Buffer Full---
---Cannot queue: Buffer Full---
Queued 75fb21eb
---Cannot queue: Buffer Full---
Queued 5a9d3bb5
---Cannot queue: Buffer Full---
---Cannot queue: Buffer Full---
Queued c4fd2e89
---Cannot queue: Buffer Full---
Queued c7b2e28f
---Cannot queue: Buffer Full---
---Cannot queue: Buffer Full---
Queued dff6f6bf
---Cannot queue: Buffer Full---
Queued d8462ab0
---Cannot queue: Buffer Full---
---Cannot queue: Buffer Full---
Queued e9b49ad3
---Cannot queue: Buffer Full---
---Cannot queue: Buffer Full---
Queued eb1d02d6
---Cannot queue: Buffer Full---
Queued c144cc82
---Cannot queue: Buffer Full---
---Cannot queue: Buffer Full---
Queued 0d63751a
---Cannot queue: Buffer Full---
Queued 38e6a771
---Cannot queue: Buffer Full---
---Cannot queue: Buffer Full---
Queued eb8804d7
---Cannot queue: Buffer Full---
Queued 87628e0e
---Cannot queue: Buffer Full---
---Cannot queue: Buffer Full---
Queued f8c714f1
---Cannot queue: Buffer Full---
Queued 66861dcd
---Cannot queue: Buffer Full---
---Cannot queue: Buffer Full---
Queued 02bd4305
---Cannot queue: Buffer Full---
---Cannot queue: Buffer Full---
Queued 0e3aeb1c
---Cannot queue: Buffer Full---
Queued 4c18c798
---Cannot queue: Buffer Full---
---Cannot queue: Buffer Full---
Queued f67088ec
---Cannot queue: Buffer Full---
Queued 9541d62a
---Cannot queue: Buffer Full---
---Cannot queue: Buffer Full---
Queued b2d14a65
---Cannot queue: Buffer Full---
Queued 1b920537
---Cannot queue: Buffer Full---
---Cannot queue: Buffer Full---
Queued 81fa3603
---Cannot queue: Buffer Full---
Queued ff729efe
---Cannot queue: Buffer Full---
---Cannot queue: Buffer Full---
Queued feaddcfd
---Cannot queue: Buffer Full---
---Cannot queue: Buffer Full---
Queued 9f7a0e3e
---Cannot queue: Buffer Full---
Queued f43a34e8
---Cannot queue: Buffer Full---
---Cannot queue: Buffer Full---
Queued ba603874
---Cannot queue: Buffer Full---
Queued 580989b0
---Cannot queue: Buffer Full---
---Cannot queue: Buffer Full---
Queued 8361dc06
---Cannot queue: Buffer Full---
Queued 09164d12
---Cannot queue: Buffer Full---
---Cannot queue: Buffer Full---
Queued b46afc68
---Cannot queue: Buffer Full---
---Cannot queue: Buffer Full---
Queued e2ba00c5
---Cannot queue: Buffer Full---
Queued ff202efe
---Cannot queue: Buffer Full---
---Cannot queue: Buffer Full---
Queued 1b0f0d36
---Cannot queue: Buffer Full---
Queued 799f09f3
---Cannot queue: Buffer Full---
---Cannot queue: Buffer Full---
Queued 7dddabfb
---Cannot queue: Buffer Full---
Queued b58d7c6b
---Cannot queue: Buffer Full---
---Cannot queue: Buffer Full---
Queued 0bcbbf17
---Cannot queue: Buffer Full---
Queued 87d0360f
---Cannot queue: Buffer Full---
---Cannot queue: Buffer Full---
Queued 8a47b614
---Cannot queue: Buffer Full---
---Cannot queue: Buffer Full---
Queued 1500052a
---Cannot queue: Buffer Full---
Queued d3666ea6
---Cannot queue: Buffer Full---
---Cannot queue: Buffer Full---
Queued ea7626d4
---Cannot queue: Buffer Full---
Queued e5ac10cb
---Cannot queue: Buffer Full---
---Cannot queue: Buffer Full---
Queued b587c26b
---Cannot queue: Buffer Full---
Queued 0277eb04
---Cannot queue: Buffer Full---
---Cannot queue: Buffer Full---
Queued fa4832f4
---Cannot queue: Buffer Full---
Queued 468b618d
---Cannot queue: Buffer Full---
---Cannot queue: Buffer Full---
Queued f0ea70e1
---Cannot queue: Buffer Full---
---Cannot queue: Buffer Full---
Queued 42e3bd85
---Cannot queue: Buffer Full---
Queued dc9974b9
---Cannot queue: Buffer Full---
---Cannot queue: Buffer Full---
Queued e4df16c9
---Cannot queue: Buffer Full---
Queued b05f8e60
---Cannot queue: Buffer Full---
---Cannot queue: Buffer Full---
Queued a3643246
---Cannot queue: Buffer Full---
Queued 1e74cb3c
---Cannot queue: Buffer Full---
---Cannot queue: Buffer Full---
Queued 1b855f37
---Cannot queue: Buffer Full---
Queued 2c0c5558
---Cannot queue: Buffer Full---
---Cannot queue: Buffer Full---
Queued 39d65773
---Cannot queue: Buffer Full---
---Cannot queue: Buffer Full---
Queued 8778d20e
---Cannot queue: Buffer Full---
Queued 6e6d23dc
---Cannot queue: Buffer Full---
---Cannot queue: Buffer Full---
Queued 183fc330
---Cannot queue: Buffer Full---
Queued 6845f5d0
---Cannot queue: Buffer Full---
---Cannot queue: Buffer Full---
Queued 0073e500
---Cannot queue: Buffer Full---
Queued 21820f43
---Cannot queue: Buffer Full---
---Cannot queue: Buffer Full---
Queued 7c6e91f8
---Cannot queue: Buffer Full---
Queued d0b99aa1
---Cannot queue: Buffer Full---
---Cannot queue: Buffer Full---
Queued 29c01f53
---Cannot queue: Buffer Full---
---Cannot queue: Buffer Full---
Queued 4c588f98
---Cannot queue: Buffer Full---
Queued 2fef3d5f
---Cannot queue: Buffer Full---
---Cannot queue: Buffer Full---
Queued c3be9287
---Cannot queue: Buffer Full---
Queued fd5f5afa
---Cannot queue: Buffer Full---
---Cannot queue: Buffer Full---
Queued 1699d12d
---Cannot queue: Buffer Full---
Queued b8760270
---Cannot queue: Buffer Full---
---Cannot queue: Buffer Full---
Queued b5b4e86b
---Cannot queue: Buffer Full---
Queued 98d73831
---Cannot queue: Buffer Full---
---Cannot queue: Buffer Full---
Queued 892fc012
---Cannot queue: Buffer Full---
---Cannot queue: Buffer Full---
Queued 0650df0c
---Cannot queue: Buffer Full---
Queued 06db6b0d
---Cannot queue: Buffer Full---
---Cannot queue: Buffer Full---
Queued 0acd1315
---Cannot queue: Buffer Full---
Queued 20310740
---Cannot queue: Buffer Full---
---Cannot queue: Buffer Full---
Queued 4a638d94
---Cannot queue: Buffer Full---
Queued 2a1ba354
---Cannot queue: Buffer Full---
---Cannot queue: Buffer Full---
Queued c0620280
---Cannot queue: Buffer Full---
Queued 098d1513
---Cannot queue: Buffer Full---
---Cannot queue: Buffer Full---
Queued e1e386c3
---Cannot queue: Buffer Full---
---Cannot queue: Buffer Full---
Queued f695deed
---Cannot queue: Buffer Full---
Queued ee4ee6dc
---Cannot queue: Buffer Full---
---Cannot queue: Buffer Full---
Queued bc781078
---Cannot queue: Buffer Full---
Queued 13d40d27
---Cannot queue: Buffer Full---
---Cannot queue: Buffer Full---
Queued afed265f
---Cannot queue: Buffer Full---
Queued 11c05b23
---Cannot queue: Buffer Full---
---Cannot queue: Buffer Full---
Queued 5596ebab
---Cannot queue: Buffer Full---
---Cannot queue: Buffer Full---
Queued 1c421738
---Cannot queue: Buffer Full---
Queued 11534d22
---Cannot queue: Buffer Full---
---Cannot queue: Buffer Full---
Queued 64f2bdc9
---Cannot queue: Buffer Full---
Queued e3eb4cc7
---Cannot queue: Buffer Full---
---Cannot queue: Buffer Full---
Queued c1406282
---Cannot queue: Buffer Full---
Queued 6754d7ce
---Cannot queue: Buffer Full---
---Cannot queue: Buffer Full---
Queued e38e22c7
---Cannot queue: Buffer Full---
Queued 927fa424
---Cannot queue: Buffer Full---
---Cannot queue: Buffer Full---
Queued 6da36fdb
---Cannot queue: Buffer Full---
---Cannot queue: Buffer Full---
Queued 84651408
---Cannot queue: Buffer Full---
Queued 3ac26f75
---Cannot queue: Buffer Full---
---Cannot queue: Buffer Full---
Queued 5ad31db5
---Cannot queue: Buffer Full---
Queued 8d7d721a
---Cannot queue: Buffer Full---
---Cannot queue: Buffer Full---
Queued 1c2a1338
---Cannot queue: Buffer Full---
Queued c1233a82
---Cannot queue: Buffer Full---
---Cannot queue: Buffer Full---
Queued ac05a058
---Cannot queue: Buffer Full---
Queued a85a6a50
---Cannot queue: Buffer Full---
---Cannot queue: Buffer Full---
Queued d1889aa3
---Cannot queue: Buffer Full---
---Cannot queue: Buffer Full---
Queued 5243e3a4
---Cannot queue: Buffer Full---
Queued 32c3df65
---Cannot queue: Buffer Full---
---Cannot queue: Buffer Full---
Queued 753c17ea
---Cannot queue: Buffer Full---
Queued 03703906
---Cannot queue: Buffer Full---
---Cannot queue: Buffer Full---
Queued aa138054
---Cannot queue: Buffer Full---
Queued adf3405b
---Cannot queue: Buffer Full---
---Cannot queue: Buffer Full---
Queued e455f0c8
---Cannot queue: Buffer Full---
Queued 24673948
---Cannot queue: Buffer Full---
---Cannot queue: Buffer Full---
Queued 9bf8f237
---Cannot queue: Buffer Full---
---Cannot queue: Buffer Full---
Queued 7c1df3f8
---Cannot queue: Buffer Full---
Queued da8932b5
---Cannot queue: Buffer Full---
---Cannot queue: Buffer Full---
Queued 28d6a951
---Cannot queue: Buffer Full---
Queued 41aed583
---Cannot queue: Buffer Full---
---Cannot queue: Buffer Full---
Queued 4d9ee39b
---Cannot queue: Buffer Full---
Queued 1aa0dd35
---Cannot queue: Buffer Full---
---Cannot queue: Buffer Full---
Queued 581653b0
---Cannot queue: Buffer Full---
Queued fddf82fb
---Cannot queue: Buffer Full---
---Cannot queue: Buffer Full---
Queued 278dbb4f
---Cannot queue: Buffer Full---
---Cannot queue: Buffer Full---
Queued 984da630
---Cannot queue: Buffer Full---
Queued 8c38c418
---Cannot queue: Buffer Full---
---Cannot queue: Buffer Full---
Queued ee8118dd
---Cannot queue: Buffer Full---
Queued a36ae846
---Cannot queue: Buffer Full---
---Cannot queue: Buffer Full---
Queued 30e20f61
---Cannot queue: Buffer Full---
Queued ac974859
---Cannot queue: Buffer Full---
---Cannot queue: Buffer Full---
Queued 2af17355
---Cannot queue: Buffer Full---
Queued 178b972f
---Cannot queue: Buffer Full---
---Cannot queue: Buffer Full---
Queued 85ce500b
---Cannot queue: Buffer Full---
---Cannot queue: Buffer Full---
Queued ef1deade
---Cannot queue: Buffer Full---
Queued e9d22cd3
---Cannot queue: Buffer Full---
---Cannot queue: Buffer Full---
Queued 1445b128
---Cannot queue: Buffer Full---
Queued 74dc69e9
---Cannot queue: Buffer Full---
---Cannot queue: Buffer Full---
Queued 2c577958
---Cannot queue: Buffer Full---
Queued 6aa4a1d5
---Cannot queue: Buffer Full---
---Cannot queue: Buffer Full---
Queued 61dbe5c3
---Cannot queue: Buffer Full---
---Cannot queue: Buffer Full---
Queued 6a2c13d4
---Cannot queue: Buffer Full---
Queued 52397da4
---Cannot queue: Buffer Full---
---Cannot queue: Buffer Full---
Queued 3f25ef7e
---Cannot queue: Buffer Full---
Queued 6b299dd6
---Cannot queue: Buffer Full---
---Cannot queue: Buffer Full---
Queued 87eec80f
---Cannot queue: Buffer Full---
Queued c1b04483
---Cannot queue: Buffer Full---
---Cannot queue: Buffer Full---
Queued 506aefa0
---Cannot queue: Buffer Full---
Queued c10f0482
---Cannot queue: Buffer Full---
---Cannot queue: Buffer Full---
Queued 5fe3cbbf
---Cannot queue: Buffer Full---
---Cannot queue: Buffer Full---
Queued 22eadb45
---Cannot queue: Buffer Full---
Queued bbbc3e77
---Cannot queue: Buffer Full---
---Cannot queue: Buffer Full---
Queued 229d0b45
---Cannot queue: Buffer Full---
Queued ba941075
---Cannot queue: Buffer Full---
---Cannot queue: Buffer Full---
Queued fc670af8
---Cannot queue: Buffer Full---
Queued 63323bc6
---Cannot queue: Buffer Full---
---Cannot queue: Buffer Full---
Queued 3601596c
---Cannot queue: Buffer Full---
Queued a84e5850
---Cannot queue: Buffer Full---
---Cannot queue: Buffer Full---
Queued 18bd6331
---Cannot queue: Buffer Full---
---Cannot queue: Buffer Full---
Queued ce10fe9c
---Cannot queue: Buffer Full---
Queued de325cbc
---Cannot queue: Buffer Full---
---Cannot queue: Buffer Full---
Queued d7e31eaf
---Cannot queue: Buffer Full---
Queued 872d2c0e
---Cannot queue: Buffer Full---
---Cannot queue: Buffer Full---
Queued b4e46669
---Cannot queue: Buffer Full---
Queued d95b40b2
---Cannot queue: Buffer Full---
---Cannot queue: Buffer Full---
Queued ef209ede
---Cannot queue: Buffer Full---
Queued c2e87485
---Cannot queue: Buffer Full---
---Cannot queue: Buffer Full---
Queued 555c0faa
---Cannot queue: Buffer Full---
---Cannot queue: Buffer Full---
Queued 1407f128
---Cannot queue: Buffer Full---
Queued 610ed5c2
---Cannot queue: Buffer Full---
---Cannot queue: Buffer Full---
Queued 4d20099a
---Cannot queue: Buffer Full---
Queued 69e751d3
---Cannot queue: Buffer Full---
---Cannot queue: Buffer Full---
Queued dd111aba
---Cannot queue: Buffer Full---
Queued fdeb7cfb
---Cannot queue: Buffer Full---
---Cannot queue: Buffer Full---
Queued c5cf728b
---Cannot queue: Buffer Full---
Queued 61114dc2
---Cannot queue: Buffer Full---
---Cannot queue: Buffer Full---
Queued e64828cc
---Cannot queue: Buffer Full---
---Cannot queue: Buffer Full---
Queued 38e61371
---Cannot queue: Buffer Full---
Queued 4f49019e
---Cannot queue: Buffer Full---
---Cannot queue: Buffer Full---
Queued 309cdb61
---Cannot queue: Buffer Full---
Queued bde3487b
---Cannot queue: Buffer Full---
---Cannot queue: Buffer Full---
Queued df9bd0bf
---Cannot queue: Buffer Full---
Queued c881bc91
---Cannot queue: Buffer Full---
---Cannot queue: Buffer Full---
Queued e06098c0
---Cannot queue: Buffer Full---
Queued 2ca96359
---Cannot queue: Buffer Full---
---Cannot queue: Buffer Full---
Queued bf53b47e
---Cannot queue: Buffer Full---
---Cannot queue: Buffer Full---
Queued 2a1d7354
---Cannot queue: Buffer Full---
Queued a8e2e251
---Cannot queue: Buffer Full---
---Cannot queue: Buffer Full---
Queued a4de2849
---Cannot queue: Buffer Full---
Queued 73fa7de7
---Cannot queue: Buffer Full---
---Cannot queue: Buffer Full---
Queued 123aaf24
---Cannot queue: Buffer Full---
Queued 41b5d583
---Cannot queue: Buffer Full---
---Cannot queue: Buffer Full---
Queued adee005b
---Cannot queue: Buffer Full---
Queued 5cdea1b9
---Cannot queue: Buffer Full---
---Cannot queue: Buffer Full---
Queued 4afebf95
---Cannot queue: Buffer Full---
---Cannot queue: Buffer Full---
Queued bb934a77
---Cannot queue: Buffer Full---
Queued f8da1af1
---Cannot queue: Buffer Full---
---Cannot queue: Buffer Full---
Queued 732c5fe6
---Cannot queue: Buffer Full---
Queued d7e1aeaf
---Cannot queue: Buffer Full---
---Cannot queue: Buffer Full---
Queued 0238e104
---Cannot queue: Buffer Full---
Queued 89646012
---Cannot queue: Buffer Full---
---Cannot queue: Buffer Full---
Queued 7e29b3fc
---Cannot queue: Buffer Full---
---Cannot queue: Buffer Full---
Queued d5ba48ab
---Cannot queue: Buffer Full---
Queued e203f0c4
---Cannot queue: Buffer Full---
---Cannot queue: Buffer Full---
Queued 1ffb813f
---Cannot queue: Buffer Full---
Queued e13256c2
---Cannot queue: Buffer Full---
---Cannot queue: Buffer Full---
Queued 398a1973
---Cannot queue: Buffer Full---
Queued 2d4d9b5a
---Cannot queue: Buffer Full---
---Cannot queue: Buffer Full---
Queued d066e4a0
---Cannot queue: Buffer Full---
Queued ff73cafe
---Cannot queue: Buffer Full---
---Cannot queue: Buffer Full---
Queued 3a096b74
---Cannot queue: Buffer Full---
---Cannot queue: Buffer Full---
Queued 5d86b7bb
---Cannot queue: Buffer Full---
Queued 7132bbe2
---Cannot queue: Buffer Full---
---Cannot queue: Buffer Full---
Queued f16948e2
---Cannot queue: Buffer Full---
Queued eff34cdf
---Cannot queue: Buffer Full---
---Cannot queue: Buffer Full---
Queued cc13e298
---Cannot queue: Buffer Full---
Queued 4fdbed9f
---Cannot queue: Buffer Full---
---Cannot queue: Buffer Full---
Queued 0817cb10
---Cannot queue: Buffer Full---
Queued 791189f2
---Cannot queue: Buffer Full---
---Cannot queue: Buffer Full---
Queued 5ee97bbd
---Cannot queue: Buffer Full---
---Cannot queue: Buffer Full---
Queued 55bc27ab
---Cannot queue: Buffer Full---
Queued 5a0a0fb4
---Cannot queue: Buffer Full---
---Cannot queue: Buffer Full---
Queued aa08ac54
---Cannot queue: Buffer Full---
Queued 44e79b89
---Cannot queue: Buffer Full---
---Cannot queue: Buffer Full---
Queued 89b5d413
---Cannot queue: Buffer Full---
Queued 560c91ac
---Cannot queue: Buffer Full---
---Cannot queue: Buffer Full---
Queued 1ae40335
---Cannot queue: Buffer Full---
Queued 1df61f3b
---Cannot queue: Buffer Full---
---Cannot queue: Buffer Full---
Queued 9aa02435
---Cannot queue: Buffer Full---
---Cannot queue: Buffer Full---
Queued 17a98d2f
---Cannot queue: Buffer Full---
Queued 1a619934
---Cannot queue: Buffer Full---
---Cannot queue: Buffer Full---
Queued aae0a255
---Cannot queue: Buffer Full---
Queued de7302bc
---Cannot queue: Buffer Full---
---Cannot queue: Buffer Full---
Queued f964fef2
---Cannot queue: Buffer Full---
Queued d3fe36a7
---Cannot queue: Buffer Full---
---Cannot queue: Buffer Full---
Queued e0f280c1
---Cannot queue: Buffer Full---
Queued f23316e4
---Cannot queue: Buffer Full---
---Cannot queue: Buffer Full---
Queued a0b8a241
---Cannot queue: Buffer Full---
---Cannot queue: Buffer Full---
Queued b4c16c69
---Cannot queue: Buffer Full---
Queued fd52d8fa
---Cannot queue: Buffer Full---
---Cannot queue: Buffer Full---
Queued e69dd0cd
---Cannot queue: Buffer Full---
Queued 7fcff3ff
---Cannot queue: Buffer Full---
---Cannot queue: Buffer Full---
Queued dac986b5
---Cannot queue: Buffer Full---
Queued f42082e8
---Cannot queue: Buffer Full---
---Cannot queue: Buffer Full---
Queued a5955c4b
---Cannot queue: Buffer Full---
Queued 89042e12
---Cannot queue: Buffer Full---
---Cannot queue: Buffer Full---
Queued 1b978f37
---Cannot queue: Buffer Full---
---Cannot queue: Buffer Full---
Queued 574e1dae
---Cannot queue: Buffer Full---
Queued fc4ca4f8
---Cannot queue: Buffer Full---
---Cannot queue: Buffer Full---
Queued 90184e20
---Cannot queue: Buffer Full---
Queued ed1b50da
---Cannot queue: Buffer Full---
---Cannot queue: Buffer Full---
Queued 913e0222
---Cannot queue: Buffer Full---
Queued 763355ec
---Cannot queue: Buffer Full---
---Cannot queue: Buffer Full---
Queued 9535122a
---Cannot queue: Buffer Full---
Queued 3d7f5b7a
---Cannot queue: Buffer Full---
---Cannot queue: Buffer Full---
Queued 0f1e511e
---Cannot queue: Buffer Full---
---Cannot queue: Buffer Full---
Queued f4a1dae9
---Cannot queue: Buffer Full---
Queued f5a4f2eb
---Cannot queue: Buffer Full---
---Cannot queue: Buffer Full---
Queued 05b4f70b
---Cannot queue: Buffer Full---
Queued b704e26e
---Cannot queue: Buffer Full---
---Cannot queue: Buffer Full---
Queued af455e5e
---Cannot queue: Buffer Full---
Queued 3e502d7c
---Cannot queue: Buffer Full---
---Cannot queue: Buffer Full---
Queued 22c03145
---Cannot queue: Buffer Full---
---Cannot queue: Buffer Full---
Queued c5cb548b
---Cannot queue: Buffer Full---
Queued 094bd312
---Cannot queue: Buffer Full---
---Cannot queue: Buffer Full---
Queued 1bf8bd37
---Cannot queue: Buffer Full---
Queued c1c3d683
---Cannot queue: Buffer Full---
---Cannot queue: Buffer Full---
Queued f0ab00e1
---Cannot queue: Buffer Full---
Queued 674fdfce
---Cannot queue: Buffer Full---
---Cannot queue: Buffer Full---
Queued a5365c4a
---Cannot queue: Buffer Full---
Queued 6acd73d5
---Cannot queue: Buffer Full---
---Cannot queue: Buffer Full---
Queued 669907cd
---Cannot queue: Buffer Full---
---Cannot queue: Buffer Full---
Queued f204eee4
---Cannot queue: Buffer Full---
Queued fa328cf4
---Cannot queue: Buffer Full---
---Cannot queue: Buffer Full---
Queued 766153ec
---Cannot queue: Buffer Full---
Queued 0d623f1a
---Cannot queue: Buffer Full---
---Cannot queue: Buffer Full---
Queued f1a32ee3
---Cannot queue: Buffer Full---
Queued f62484ec
---Cannot queue: Buffer Full---
---Cannot queue: Buffer Full---
Queued 79c681f3
---Cannot queue: Buffer Full---
Queued 1687472d
---Cannot queue: Buffer Full---
---Cannot queue: Buffer Full---
Queued 2e138d5c
---Cannot queue: Buffer Full---
---Cannot queue: Buffer Full---
Queued 6e8d45dd
---Cannot queue: Buffer Full---
Queued f612c8ec
---Cannot queue: Buffer Full---
---Cannot queue: Buffer Full---
Queued c7d87a8f
---Cannot queue: Buffer Full---
Queued 7fdbb3ff
---Cannot queue: Buffer Full---
---Cannot queue: Buffer Full---
Queued 3c338578
---Cannot queue: Buffer Full---
Queued 55f6b9ab
---Cannot queue: Buffer Full---
---Cannot queue: Buffer Full---
Queued 13d1f727
---Cannot queue: Buffer Full---
Queued 7dca0ffb
---Cannot queue: Buffer Full---
---Cannot queue: Buffer Full---
Queued 09dfc313
---Cannot queue: Buffer Full---
---Cannot queue: Buffer Full---
Queued 06499b0c
---Cannot queue: Buffer Full---
Queued 5db797bb
---Cannot queue: Buffer Full---
---Cannot queue: Buffer Full---
Queued f361cae6
---Cannot queue: Buffer Full---
Queued a4d83a49
---Cannot queue: Buffer Full---
---Cannot queue: Buffer Full---
Queued 35557b6a
---Cannot queue: Buffer Full---
Queued 8570f60a
---Cannot queue: Buffer Full---
---Cannot queue: Buffer Full---
Queued 8c06d218
---Cannot queue: Buffer Full---
Queued 4b1ce996
---Cannot queue: Buffer Full---
---Cannot queue: Buffer Full---
Queued 84e32609
---Cannot queue: Buffer Full---
---Cannot queue: Buffer Full---
Queued 1725712e
---Cannot queue: Buffer Full---
Queued dee9d4bd
---Cannot queue: Buffer Full---
---Cannot queue: Buffer Full---
Queued 33638966
---Cannot queue: Buffer Full---
Queued bb062876
---Cannot queue: Buffer Full---
---Cannot queue: Buffer Full---
Queued 3a982575
---Cannot queue: Buffer Full---
Queued c7b43a8f
---Cannot queue: Buffer Full---
---Cannot queue: Buffer Full---
Queued 4ad39595
---Cannot queue: Buffer Full---
Queued 3da8cd7b
---Cannot queue: Buffer Full---
---Cannot queue: Buffer Full---
Queued be43ea7c
---Cannot queue: Buffer Full---
---Cannot queue: Buffer Full---
Queued b7f4306f
---Cannot queue: Buffer Full---
Queued e4824cc9
---Cannot queue: Buffer Full---
---Cannot queue: Buffer Full---
Queued e4d820c9
---Cannot queue: Buffer Full---
Queued 5a3761b4
---Cannot queue: Buffer Full---
---Cannot queue: Buffer Full---
Queued 6d48a5da
---Cannot queue: Buffer Full---
Queued d6aea8ad
---Cannot queue: Buffer Full---
---Cannot queue: Buffer Full---
Queued 6fcff1df
---Cannot queue: Buffer Full---
Queued 06b0e30d
---Cannot queue: Buffer Full---
---Cannot queue: Buffer Full---
Queued 384d4170
---Cannot queue: Buffer Full---
---Cannot queue: Buffer Full---
Queued 41bd6783
---Cannot queue: Buffer Full---
Queued a8c6c451
---Cannot queue: Buffer Full---
---Cannot queue: Buffer Full---
Queued 027a8d04
---Cannot queue: Buffer Full---
Queued c0467280
---Cannot queue: Buffer Full---
---Cannot queue: Buffer Full---
Queued fcf504f9
---Cannot queue: Buffer Full---
Queued 0379ed06
---Cannot queue: Buffer Full---
---Cannot queue: Buffer Full---
Queued e5063aca
Stopped at time : 29941405 ns : File "C:/Users/kevin/Documents/GitHub/Chip-Design/proj_asic/rtl/i2so/serializer.v" Line 124
