ARM GAS  C:\Users\Zachary\AppData\Local\Temp\ccMstX9n.s 			page 1


   1              		.syntax unified
   2              		.cpu cortex-m3
   3              		.fpu softvfp
   4              		.eabi_attribute 20, 1
   5              		.eabi_attribute 21, 1
   6              		.eabi_attribute 23, 3
   7              		.eabi_attribute 24, 1
   8              		.eabi_attribute 25, 1
   9              		.eabi_attribute 26, 1
  10              		.eabi_attribute 30, 1
  11              		.eabi_attribute 34, 1
  12              		.eabi_attribute 18, 4
  13              		.thumb
  14              		.file	"cymetadata.c"
  15              		.text
  16              	.Ltext0:
  17              		.cfi_sections	.debug_frame
  18              		.global	cy_metadata
  19              		.global	cy_meta_flashprotect
  20              		.global	cy_meta_wonvl
  21              		.global	cy_meta_custnvl
  22              		.global	cy_meta_configecc
  23              		.section	.cyconfigecc,"a",%progbits
  24              		.align	2
  25              		.type	cy_meta_configecc, %object
  26              		.size	cy_meta_configecc, 1340
  27              	cy_meta_configecc:
  28 0000 04       		.byte	4
  29 0001 52       		.byte	82
  30 0002 00       		.byte	0
  31 0003 40       		.byte	64
  32 0004 01       		.byte	1
  33 0005 64       		.byte	100
  34 0006 00       		.byte	0
  35 0007 40       		.byte	64
  36 0008 01       		.byte	1
  37 0009 65       		.byte	101
  38 000a 00       		.byte	0
  39 000b 40       		.byte	64
  40 000c 02       		.byte	2
  41 000d 01       		.byte	1
  42 000e 01       		.byte	1
  43 000f 40       		.byte	64
  44 0010 02       		.byte	2
  45 0011 03       		.byte	3
  46 0012 01       		.byte	1
  47 0013 40       		.byte	64
  48 0014 09       		.byte	9
  49 0015 04       		.byte	4
  50 0016 01       		.byte	1
  51 0017 40       		.byte	64
  52 0018 39       		.byte	57
  53 0019 05       		.byte	5
  54 001a 01       		.byte	1
  55 001b 40       		.byte	64
  56 001c 42       		.byte	66
  57 001d 06       		.byte	6
ARM GAS  C:\Users\Zachary\AppData\Local\Temp\ccMstX9n.s 			page 2


  58 001e 01       		.byte	1
  59 001f 40       		.byte	64
  60 0020 3A       		.byte	58
  61 0021 07       		.byte	7
  62 0022 01       		.byte	1
  63 0023 40       		.byte	64
  64 0024 5C       		.byte	92
  65 0025 14       		.byte	20
  66 0026 01       		.byte	1
  67 0027 40       		.byte	64
  68 0028 3E       		.byte	62
  69 0029 15       		.byte	21
  70 002a 01       		.byte	1
  71 002b 40       		.byte	64
  72 002c 11       		.byte	17
  73 002d 16       		.byte	22
  74 002e 01       		.byte	1
  75 002f 40       		.byte	64
  76 0030 3C       		.byte	60
  77 0031 17       		.byte	23
  78 0032 01       		.byte	1
  79 0033 40       		.byte	64
  80 0034 01       		.byte	1
  81 0035 1B       		.byte	27
  82 0036 01       		.byte	1
  83 0037 40       		.byte	64
  84 0038 0C       		.byte	12
  85 0039 40       		.byte	64
  86 003a 01       		.byte	1
  87 003b 40       		.byte	64
  88 003c 0A       		.byte	10
  89 003d 41       		.byte	65
  90 003e 01       		.byte	1
  91 003f 40       		.byte	64
  92 0040 07       		.byte	7
  93 0041 42       		.byte	66
  94 0042 01       		.byte	1
  95 0043 40       		.byte	64
  96 0044 04       		.byte	4
  97 0045 43       		.byte	67
  98 0046 01       		.byte	1
  99 0047 40       		.byte	64
 100 0048 02       		.byte	2
 101 0049 48       		.byte	72
 102 004a 01       		.byte	1
 103 004b 40       		.byte	64
 104 004c 05       		.byte	5
 105 004d 49       		.byte	73
 106 004e 01       		.byte	1
 107 004f 40       		.byte	64
 108 0050 04       		.byte	4
 109 0051 4D       		.byte	77
 110 0052 01       		.byte	1
 111 0053 40       		.byte	64
 112 0054 04       		.byte	4
 113 0055 50       		.byte	80
 114 0056 01       		.byte	1
ARM GAS  C:\Users\Zachary\AppData\Local\Temp\ccMstX9n.s 			page 3


 115 0057 40       		.byte	64
 116 0058 01       		.byte	1
 117 0059 51       		.byte	81
 118 005a 01       		.byte	1
 119 005b 40       		.byte	64
 120 005c 20       		.byte	32
 121 005d 03       		.byte	3
 122 005e 21       		.byte	33
 123 005f 06       		.byte	6
 124 0060 28       		.byte	40
 125 0061 01       		.byte	1
 126 0062 29       		.byte	41
 127 0063 01       		.byte	1
 128 0064 87       		.byte	-121
 129 0065 3F       		.byte	63
 130 0066 84       		.byte	-124
 131 0067 0F       		.byte	15
 132 0068 8A       		.byte	-118
 133 0069 10       		.byte	16
 134 006a E2       		.byte	-30
 135 006b 80       		.byte	-128
 136 006c 87       		.byte	-121
 137 006d 11       		.byte	17
 138 006e A6       		.byte	-90
 139 006f 10       		.byte	16
 140 0070 96       		.byte	-106
 141 0071 01       		.byte	1
 142 0072 A0       		.byte	-96
 143 0073 01       		.byte	1
 144 0074 A2       		.byte	-94
 145 0075 02       		.byte	2
 146 0076 A6       		.byte	-90
 147 0077 02       		.byte	2
 148 0078 B2       		.byte	-78
 149 0079 03       		.byte	3
 150 007a D2       		.byte	-46
 151 007b 07       		.byte	7
 152 007c D8       		.byte	-40
 153 007d 04       		.byte	4
 154 007e DB       		.byte	-37
 155 007f 04       		.byte	4
 156 0080 DF       		.byte	-33
 157 0081 01       		.byte	1
 158 0082 00       		.byte	0
 159 0083 44       		.byte	68
 160 0084 01       		.byte	1
 161 0085 20       		.byte	32
 162 0086 0A       		.byte	10
 163 0087 98       		.byte	-104
 164 0088 0B       		.byte	11
 165 0089 01       		.byte	1
 166 008a 0E       		.byte	14
 167 008b 20       		.byte	32
 168 008c 10       		.byte	16
 169 008d 02       		.byte	2
 170 008e 11       		.byte	17
 171 008f 11       		.byte	17
ARM GAS  C:\Users\Zachary\AppData\Local\Temp\ccMstX9n.s 			page 4


 172 0090 13       		.byte	19
 173 0091 08       		.byte	8
 174 0092 15       		.byte	21
 175 0093 08       		.byte	8
 176 0094 17       		.byte	23
 177 0095 01       		.byte	1
 178 0096 19       		.byte	25
 179 0097 68       		.byte	104
 180 0098 1A       		.byte	26
 181 0099 10       		.byte	16
 182 009a 1B       		.byte	27
 183 009b 01       		.byte	1
 184 009c 1E       		.byte	30
 185 009d 20       		.byte	32
 186 009e 20       		.byte	32
 187 009f 40       		.byte	64
 188 00a0 22       		.byte	34
 189 00a1 40       		.byte	64
 190 00a2 23       		.byte	35
 191 00a3 04       		.byte	4
 192 00a4 29       		.byte	41
 193 00a5 28       		.byte	40
 194 00a6 2A       		.byte	42
 195 00a7 01       		.byte	1
 196 00a8 2B       		.byte	43
 197 00a9 02       		.byte	2
 198 00aa 2C       		.byte	44
 199 00ab 10       		.byte	16
 200 00ac 2F       		.byte	47
 201 00ad 10       		.byte	16
 202 00ae 31       		.byte	49
 203 00af 01       		.byte	1
 204 00b0 32       		.byte	50
 205 00b1 04       		.byte	4
 206 00b2 33       		.byte	51
 207 00b3 90       		.byte	-112
 208 00b4 38       		.byte	56
 209 00b5 40       		.byte	64
 210 00b6 39       		.byte	57
 211 00b7 11       		.byte	17
 212 00b8 3B       		.byte	59
 213 00b9 04       		.byte	4
 214 00ba 40       		.byte	64
 215 00bb 40       		.byte	64
 216 00bc 42       		.byte	66
 217 00bd 10       		.byte	16
 218 00be 49       		.byte	73
 219 00bf 25       		.byte	37
 220 00c0 4B       		.byte	75
 221 00c1 01       		.byte	1
 222 00c2 50       		.byte	80
 223 00c3 02       		.byte	2
 224 00c4 51       		.byte	81
 225 00c5 04       		.byte	4
 226 00c6 52       		.byte	82
 227 00c7 01       		.byte	1
 228 00c8 53       		.byte	83
ARM GAS  C:\Users\Zachary\AppData\Local\Temp\ccMstX9n.s 			page 5


 229 00c9 10       		.byte	16
 230 00ca 58       		.byte	88
 231 00cb 10       		.byte	16
 232 00cc 59       		.byte	89
 233 00cd 44       		.byte	68
 234 00ce 5C       		.byte	92
 235 00cf 08       		.byte	8
 236 00d0 5D       		.byte	93
 237 00d1 04       		.byte	4
 238 00d2 6D       		.byte	109
 239 00d3 0C       		.byte	12
 240 00d4 6E       		.byte	110
 241 00d5 40       		.byte	64
 242 00d6 6F       		.byte	111
 243 00d7 16       		.byte	22
 244 00d8 81       		.byte	-127
 245 00d9 04       		.byte	4
 246 00da 87       		.byte	-121
 247 00db 01       		.byte	1
 248 00dc 97       		.byte	-105
 249 00dd 20       		.byte	32
 250 00de 9F       		.byte	-97
 251 00df 01       		.byte	1
 252 00e0 A6       		.byte	-90
 253 00e1 10       		.byte	16
 254 00e2 C0       		.byte	-64
 255 00e3 07       		.byte	7
 256 00e4 C2       		.byte	-62
 257 00e5 2F       		.byte	47
 258 00e6 C4       		.byte	-60
 259 00e7 3F       		.byte	63
 260 00e8 CA       		.byte	-54
 261 00e9 0F       		.byte	15
 262 00ea CC       		.byte	-52
 263 00eb 0F       		.byte	15
 264 00ec CE       		.byte	-50
 265 00ed 0F       		.byte	15
 266 00ee D0       		.byte	-48
 267 00ef 03       		.byte	3
 268 00f0 D2       		.byte	-46
 269 00f1 04       		.byte	4
 270 00f2 D6       		.byte	-42
 271 00f3 0E       		.byte	14
 272 00f4 01       		.byte	1
 273 00f5 04       		.byte	4
 274 00f6 02       		.byte	2
 275 00f7 08       		.byte	8
 276 00f8 03       		.byte	3
 277 00f9 40       		.byte	64
 278 00fa 06       		.byte	6
 279 00fb 08       		.byte	8
 280 00fc 07       		.byte	7
 281 00fd 3F       		.byte	63
 282 00fe 09       		.byte	9
 283 00ff 40       		.byte	64
 284 0100 0A       		.byte	10
 285 0101 1C       		.byte	28
ARM GAS  C:\Users\Zachary\AppData\Local\Temp\ccMstX9n.s 			page 6


 286 0102 0B       		.byte	11
 287 0103 01       		.byte	1
 288 0104 0E       		.byte	14
 289 0105 10       		.byte	16
 290 0106 16       		.byte	22
 291 0107 02       		.byte	2
 292 0108 17       		.byte	23
 293 0109 40       		.byte	64
 294 010a 19       		.byte	25
 295 010b 02       		.byte	2
 296 010c 1B       		.byte	27
 297 010d 40       		.byte	64
 298 010e 1E       		.byte	30
 299 010f 04       		.byte	4
 300 0110 1F       		.byte	31
 301 0111 3F       		.byte	63
 302 0112 20       		.byte	32
 303 0113 01       		.byte	1
 304 0114 21       		.byte	33
 305 0115 08       		.byte	8
 306 0116 22       		.byte	34
 307 0117 02       		.byte	2
 308 0118 23       		.byte	35
 309 0119 40       		.byte	64
 310 011a 25       		.byte	37
 311 011b 10       		.byte	16
 312 011c 27       		.byte	39
 313 011d 40       		.byte	64
 314 011e 29       		.byte	41
 315 011f 40       		.byte	64
 316 0120 2A       		.byte	42
 317 0121 01       		.byte	1
 318 0122 2B       		.byte	43
 319 0123 20       		.byte	32
 320 0124 2D       		.byte	45
 321 0125 7F       		.byte	127
 322 0126 2E       		.byte	46
 323 0127 04       		.byte	4
 324 0128 30       		.byte	48
 325 0129 1C       		.byte	28
 326 012a 32       		.byte	50
 327 012b 03       		.byte	3
 328 012c 35       		.byte	53
 329 012d 7F       		.byte	127
 330 012e 37       		.byte	55
 331 012f 7F       		.byte	127
 332 0130 58       		.byte	88
 333 0131 04       		.byte	4
 334 0132 59       		.byte	89
 335 0133 04       		.byte	4
 336 0134 5F       		.byte	95
 337 0135 01       		.byte	1
 338 0136 82       		.byte	-126
 339 0137 FE       		.byte	-2
 340 0138 84       		.byte	-124
 341 0139 01       		.byte	1
 342 013a 86       		.byte	-122
ARM GAS  C:\Users\Zachary\AppData\Local\Temp\ccMstX9n.s 			page 7


 343 013b 40       		.byte	64
 344 013c 88       		.byte	-120
 345 013d 01       		.byte	1
 346 013e 8A       		.byte	-118
 347 013f 80       		.byte	-128
 348 0140 8C       		.byte	-116
 349 0141 01       		.byte	1
 350 0142 8D       		.byte	-115
 351 0143 01       		.byte	1
 352 0144 8E       		.byte	-114
 353 0145 02       		.byte	2
 354 0146 92       		.byte	-110
 355 0147 01       		.byte	1
 356 0148 96       		.byte	-106
 357 0149 FE       		.byte	-2
 358 014a 98       		.byte	-104
 359 014b FF       		.byte	-1
 360 014c 9B       		.byte	-101
 361 014d 01       		.byte	1
 362 014e 9C       		.byte	-100
 363 014f 01       		.byte	1
 364 0150 9E       		.byte	-98
 365 0151 10       		.byte	16
 366 0152 9F       		.byte	-97
 367 0153 01       		.byte	1
 368 0154 A0       		.byte	-96
 369 0155 01       		.byte	1
 370 0156 A2       		.byte	-94
 371 0157 20       		.byte	32
 372 0158 A4       		.byte	-92
 373 0159 01       		.byte	1
 374 015a A6       		.byte	-90
 375 015b 08       		.byte	8
 376 015c A7       		.byte	-89
 377 015d 01       		.byte	1
 378 015e A8       		.byte	-88
 379 015f 01       		.byte	1
 380 0160 A9       		.byte	-87
 381 0161 01       		.byte	1
 382 0162 AA       		.byte	-86
 383 0163 04       		.byte	4
 384 0164 B4       		.byte	-76
 385 0165 FF       		.byte	-1
 386 0166 B6       		.byte	-74
 387 0167 FF       		.byte	-1
 388 0168 B7       		.byte	-73
 389 0169 01       		.byte	1
 390 016a BF       		.byte	-65
 391 016b 40       		.byte	64
 392 016c D6       		.byte	-42
 393 016d 02       		.byte	2
 394 016e D7       		.byte	-41
 395 016f 24       		.byte	36
 396 0170 D8       		.byte	-40
 397 0171 04       		.byte	4
 398 0172 D9       		.byte	-39
 399 0173 04       		.byte	4
ARM GAS  C:\Users\Zachary\AppData\Local\Temp\ccMstX9n.s 			page 8


 400 0174 DB       		.byte	-37
 401 0175 04       		.byte	4
 402 0176 DF       		.byte	-33
 403 0177 01       		.byte	1
 404 0178 01       		.byte	1
 405 0179 14       		.byte	20
 406 017a 03       		.byte	3
 407 017b 81       		.byte	-127
 408 017c 04       		.byte	4
 409 017d 40       		.byte	64
 410 017e 05       		.byte	5
 411 017f 04       		.byte	4
 412 0180 06       		.byte	6
 413 0181 80       		.byte	-128
 414 0182 07       		.byte	7
 415 0183 04       		.byte	4
 416 0184 09       		.byte	9
 417 0185 04       		.byte	4
 418 0186 0A       		.byte	10
 419 0187 40       		.byte	64
 420 0188 0B       		.byte	11
 421 0189 05       		.byte	5
 422 018a 0D       		.byte	13
 423 018b 08       		.byte	8
 424 018c 0E       		.byte	14
 425 018d 01       		.byte	1
 426 018e 11       		.byte	17
 427 018f 01       		.byte	1
 428 0190 13       		.byte	19
 429 0191 18       		.byte	24
 430 0192 16       		.byte	22
 431 0193 0A       		.byte	10
 432 0194 17       		.byte	23
 433 0195 01       		.byte	1
 434 0196 18       		.byte	24
 435 0197 04       		.byte	4
 436 0198 1B       		.byte	27
 437 0199 80       		.byte	-128
 438 019a 1C       		.byte	28
 439 019b 40       		.byte	64
 440 019c 1D       		.byte	29
 441 019d 08       		.byte	8
 442 019e 1F       		.byte	31
 443 019f 02       		.byte	2
 444 01a0 22       		.byte	34
 445 01a1 40       		.byte	64
 446 01a2 26       		.byte	38
 447 01a3 90       		.byte	-112
 448 01a4 29       		.byte	41
 449 01a5 20       		.byte	32
 450 01a6 2A       		.byte	42
 451 01a7 04       		.byte	4
 452 01a8 2D       		.byte	45
 453 01a9 15       		.byte	21
 454 01aa 2F       		.byte	47
 455 01ab 02       		.byte	2
 456 01ac 32       		.byte	50
ARM GAS  C:\Users\Zachary\AppData\Local\Temp\ccMstX9n.s 			page 9


 457 01ad 20       		.byte	32
 458 01ae 33       		.byte	51
 459 01af 40       		.byte	64
 460 01b0 35       		.byte	53
 461 01b1 10       		.byte	16
 462 01b2 36       		.byte	54
 463 01b3 80       		.byte	-128
 464 01b4 37       		.byte	55
 465 01b5 04       		.byte	4
 466 01b6 3B       		.byte	59
 467 01b7 80       		.byte	-128
 468 01b8 3D       		.byte	61
 469 01b9 08       		.byte	8
 470 01ba 3F       		.byte	63
 471 01bb 11       		.byte	17
 472 01bc 60       		.byte	96
 473 01bd 08       		.byte	8
 474 01be 69       		.byte	105
 475 01bf 15       		.byte	21
 476 01c0 6A       		.byte	106
 477 01c1 08       		.byte	8
 478 01c2 6B       		.byte	107
 479 01c3 21       		.byte	33
 480 01c4 71       		.byte	113
 481 01c5 10       		.byte	16
 482 01c6 73       		.byte	115
 483 01c7 19       		.byte	25
 484 01c8 81       		.byte	-127
 485 01c9 08       		.byte	8
 486 01ca 92       		.byte	-110
 487 01cb 40       		.byte	64
 488 01cc 93       		.byte	-109
 489 01cd 04       		.byte	4
 490 01ce 94       		.byte	-108
 491 01cf 04       		.byte	4
 492 01d0 95       		.byte	-107
 493 01d1 11       		.byte	17
 494 01d2 96       		.byte	-106
 495 01d3 08       		.byte	8
 496 01d4 98       		.byte	-104
 497 01d5 08       		.byte	8
 498 01d6 9B       		.byte	-101
 499 01d7 04       		.byte	4
 500 01d8 9F       		.byte	-97
 501 01d9 09       		.byte	9
 502 01da A1       		.byte	-95
 503 01db 04       		.byte	4
 504 01dc A7       		.byte	-89
 505 01dd 80       		.byte	-128
 506 01de C0       		.byte	-64
 507 01df FF       		.byte	-1
 508 01e0 C2       		.byte	-62
 509 01e1 AF       		.byte	-81
 510 01e2 C4       		.byte	-60
 511 01e3 DE       		.byte	-34
 512 01e4 CA       		.byte	-54
 513 01e5 F6       		.byte	-10
ARM GAS  C:\Users\Zachary\AppData\Local\Temp\ccMstX9n.s 			page 10


 514 01e6 CC       		.byte	-52
 515 01e7 7C       		.byte	124
 516 01e8 CE       		.byte	-50
 517 01e9 E8       		.byte	-24
 518 01ea D8       		.byte	-40
 519 01eb 04       		.byte	4
 520 01ec 00       		.byte	0
 521 01ed 0A       		.byte	10
 522 01ee 02       		.byte	2
 523 01ef 04       		.byte	4
 524 01f0 04       		.byte	4
 525 01f1 03       		.byte	3
 526 01f2 06       		.byte	6
 527 01f3 0C       		.byte	12
 528 01f4 09       		.byte	9
 529 01f5 10       		.byte	16
 530 01f6 0D       		.byte	13
 531 01f7 0C       		.byte	12
 532 01f8 0F       		.byte	15
 533 01f9 11       		.byte	17
 534 01fa 10       		.byte	16
 535 01fb 03       		.byte	3
 536 01fc 12       		.byte	18
 537 01fd 04       		.byte	4
 538 01fe 13       		.byte	19
 539 01ff 03       		.byte	3
 540 0200 19       		.byte	25
 541 0201 14       		.byte	20
 542 0202 1D       		.byte	29
 543 0203 1C       		.byte	28
 544 0204 1F       		.byte	31
 545 0205 02       		.byte	2
 546 0206 21       		.byte	33
 547 0207 20       		.byte	32
 548 0208 22       		.byte	34
 549 0209 08       		.byte	8
 550 020a 24       		.byte	36
 551 020b 03       		.byte	3
 552 020c 26       		.byte	38
 553 020d 04       		.byte	4
 554 020e 29       		.byte	41
 555 020f 10       		.byte	16
 556 0210 2A       		.byte	42
 557 0211 05       		.byte	5
 558 0212 2B       		.byte	43
 559 0213 0C       		.byte	12
 560 0214 2C       		.byte	44
 561 0215 10       		.byte	16
 562 0216 2D       		.byte	45
 563 0217 09       		.byte	9
 564 0218 2F       		.byte	47
 565 0219 10       		.byte	16
 566 021a 30       		.byte	48
 567 021b 10       		.byte	16
 568 021c 31       		.byte	49
 569 021d 1F       		.byte	31
 570 021e 33       		.byte	51
ARM GAS  C:\Users\Zachary\AppData\Local\Temp\ccMstX9n.s 			page 11


 571 021f 20       		.byte	32
 572 0220 34       		.byte	52
 573 0221 0F       		.byte	15
 574 0222 3A       		.byte	58
 575 0223 20       		.byte	32
 576 0224 3E       		.byte	62
 577 0225 01       		.byte	1
 578 0226 3F       		.byte	63
 579 0227 04       		.byte	4
 580 0228 40       		.byte	64
 581 0229 26       		.byte	38
 582 022a 41       		.byte	65
 583 022b 05       		.byte	5
 584 022c 45       		.byte	69
 585 022d EB       		.byte	-21
 586 022e 46       		.byte	70
 587 022f C0       		.byte	-64
 588 0230 48       		.byte	72
 589 0231 0B       		.byte	11
 590 0232 49       		.byte	73
 591 0233 FF       		.byte	-1
 592 0234 4A       		.byte	74
 593 0235 FF       		.byte	-1
 594 0236 4B       		.byte	75
 595 0237 FF       		.byte	-1
 596 0238 4E       		.byte	78
 597 0239 F0       		.byte	-16
 598 023a 4F       		.byte	79
 599 023b 44       		.byte	68
 600 023c 50       		.byte	80
 601 023d 0C       		.byte	12
 602 023e 54       		.byte	84
 603 023f 01       		.byte	1
 604 0240 58       		.byte	88
 605 0241 04       		.byte	4
 606 0242 59       		.byte	89
 607 0243 04       		.byte	4
 608 0244 5A       		.byte	90
 609 0245 04       		.byte	4
 610 0246 5B       		.byte	91
 611 0247 04       		.byte	4
 612 0248 5C       		.byte	92
 613 0249 11       		.byte	17
 614 024a 5D       		.byte	93
 615 024b 11       		.byte	17
 616 024c 5F       		.byte	95
 617 024d 01       		.byte	1
 618 024e 66       		.byte	102
 619 024f C0       		.byte	-64
 620 0250 6A       		.byte	106
 621 0251 40       		.byte	64
 622 0252 6B       		.byte	107
 623 0253 02       		.byte	2
 624 0254 82       		.byte	-126
 625 0255 06       		.byte	6
 626 0256 8A       		.byte	-118
 627 0257 05       		.byte	5
ARM GAS  C:\Users\Zachary\AppData\Local\Temp\ccMstX9n.s 			page 12


 628 0258 8B       		.byte	-117
 629 0259 08       		.byte	8
 630 025a 92       		.byte	-110
 631 025b 03       		.byte	3
 632 025c 93       		.byte	-109
 633 025d 0C       		.byte	12
 634 025e 99       		.byte	-103
 635 025f 01       		.byte	1
 636 0260 9B       		.byte	-101
 637 0261 06       		.byte	6
 638 0262 9D       		.byte	-99
 639 0263 0C       		.byte	12
 640 0264 9F       		.byte	-97
 641 0265 03       		.byte	3
 642 0266 A1       		.byte	-95
 643 0267 01       		.byte	1
 644 0268 A3       		.byte	-93
 645 0269 0E       		.byte	14
 646 026a A6       		.byte	-90
 647 026b 02       		.byte	2
 648 026c AA       		.byte	-86
 649 026d 01       		.byte	1
 650 026e AB       		.byte	-85
 651 026f 03       		.byte	3
 652 0270 AC       		.byte	-84
 653 0271 06       		.byte	6
 654 0272 AE       		.byte	-82
 655 0273 01       		.byte	1
 656 0274 B1       		.byte	-79
 657 0275 0F       		.byte	15
 658 0276 B6       		.byte	-74
 659 0277 07       		.byte	7
 660 0278 BA       		.byte	-70
 661 0279 80       		.byte	-128
 662 027a BB       		.byte	-69
 663 027b 02       		.byte	2
 664 027c C0       		.byte	-64
 665 027d 05       		.byte	5
 666 027e C6       		.byte	-58
 667 027f 40       		.byte	64
 668 0280 C9       		.byte	-55
 669 0281 FF       		.byte	-1
 670 0282 CA       		.byte	-54
 671 0283 07       		.byte	7
 672 0284 CB       		.byte	-53
 673 0285 FF       		.byte	-1
 674 0286 CC       		.byte	-52
 675 0287 40       		.byte	64
 676 0288 CD       		.byte	-51
 677 0289 20       		.byte	32
 678 028a CE       		.byte	-50
 679 028b F0       		.byte	-16
 680 028c CF       		.byte	-49
 681 028d 05       		.byte	5
 682 028e D0       		.byte	-48
 683 028f 08       		.byte	8
 684 0290 D8       		.byte	-40
ARM GAS  C:\Users\Zachary\AppData\Local\Temp\ccMstX9n.s 			page 13


 685 0291 04       		.byte	4
 686 0292 D9       		.byte	-39
 687 0293 04       		.byte	4
 688 0294 DA       		.byte	-38
 689 0295 04       		.byte	4
 690 0296 DC       		.byte	-36
 691 0297 11       		.byte	17
 692 0298 DD       		.byte	-35
 693 0299 01       		.byte	1
 694 029a DF       		.byte	-33
 695 029b 01       		.byte	1
 696 029c E0       		.byte	-32
 697 029d 40       		.byte	64
 698 029e E1       		.byte	-31
 699 029f A8       		.byte	-88
 700 02a0 E2       		.byte	-30
 701 02a1 40       		.byte	64
 702 02a2 E3       		.byte	-29
 703 02a3 20       		.byte	32
 704 02a4 00       		.byte	0
 705 02a5 04       		.byte	4
 706 02a6 03       		.byte	3
 707 02a7 40       		.byte	64
 708 02a8 05       		.byte	5
 709 02a9 22       		.byte	34
 710 02aa 0B       		.byte	11
 711 02ab C0       		.byte	-64
 712 02ac 0F       		.byte	15
 713 02ad 40       		.byte	64
 714 02ae 10       		.byte	16
 715 02af 10       		.byte	16
 716 02b0 12       		.byte	18
 717 02b1 24       		.byte	36
 718 02b2 13       		.byte	19
 719 02b3 82       		.byte	-126
 720 02b4 16       		.byte	22
 721 02b5 24       		.byte	36
 722 02b6 17       		.byte	23
 723 02b7 40       		.byte	64
 724 02b8 18       		.byte	24
 725 02b9 04       		.byte	4
 726 02ba 19       		.byte	25
 727 02bb 20       		.byte	32
 728 02bc 1B       		.byte	27
 729 02bd 01       		.byte	1
 730 02be 1F       		.byte	31
 731 02bf 40       		.byte	64
 732 02c0 21       		.byte	33
 733 02c1 02       		.byte	2
 734 02c2 22       		.byte	34
 735 02c3 04       		.byte	4
 736 02c4 23       		.byte	35
 737 02c5 80       		.byte	-128
 738 02c6 27       		.byte	39
 739 02c7 40       		.byte	64
 740 02c8 28       		.byte	40
 741 02c9 01       		.byte	1
ARM GAS  C:\Users\Zachary\AppData\Local\Temp\ccMstX9n.s 			page 14


 742 02ca 29       		.byte	41
 743 02cb 21       		.byte	33
 744 02cc 2F       		.byte	47
 745 02cd 48       		.byte	72
 746 02ce 30       		.byte	48
 747 02cf 20       		.byte	32
 748 02d0 31       		.byte	49
 749 02d1 02       		.byte	2
 750 02d2 33       		.byte	51
 751 02d3 40       		.byte	64
 752 02d4 34       		.byte	52
 753 02d5 01       		.byte	1
 754 02d6 35       		.byte	53
 755 02d7 22       		.byte	34
 756 02d8 37       		.byte	55
 757 02d9 42       		.byte	66
 758 02da 3A       		.byte	58
 759 02db 20       		.byte	32
 760 02dc 3B       		.byte	59
 761 02dd 80       		.byte	-128
 762 02de 3E       		.byte	62
 763 02df 20       		.byte	32
 764 02e0 40       		.byte	64
 765 02e1 04       		.byte	4
 766 02e2 48       		.byte	72
 767 02e3 24       		.byte	36
 768 02e4 49       		.byte	73
 769 02e5 01       		.byte	1
 770 02e6 4B       		.byte	75
 771 02e7 80       		.byte	-128
 772 02e8 4E       		.byte	78
 773 02e9 02       		.byte	2
 774 02ea 52       		.byte	82
 775 02eb 20       		.byte	32
 776 02ec 54       		.byte	84
 777 02ed 04       		.byte	4
 778 02ee 56       		.byte	86
 779 02ef 24       		.byte	36
 780 02f0 57       		.byte	87
 781 02f1 08       		.byte	8
 782 02f2 58       		.byte	88
 783 02f3 10       		.byte	16
 784 02f4 59       		.byte	89
 785 02f5 01       		.byte	1
 786 02f6 5A       		.byte	90
 787 02f7 88       		.byte	-120
 788 02f8 8B       		.byte	-117
 789 02f9 01       		.byte	1
 790 02fa 92       		.byte	-110
 791 02fb 80       		.byte	-128
 792 02fc 97       		.byte	-105
 793 02fd 80       		.byte	-128
 794 02fe 99       		.byte	-103
 795 02ff 02       		.byte	2
 796 0300 9D       		.byte	-99
 797 0301 20       		.byte	32
 798 0302 9E       		.byte	-98
ARM GAS  C:\Users\Zachary\AppData\Local\Temp\ccMstX9n.s 			page 15


 799 0303 04       		.byte	4
 800 0304 9F       		.byte	-97
 801 0305 40       		.byte	64
 802 0306 A2       		.byte	-94
 803 0307 02       		.byte	2
 804 0308 A6       		.byte	-90
 805 0309 20       		.byte	32
 806 030a A8       		.byte	-88
 807 030b 20       		.byte	32
 808 030c AB       		.byte	-85
 809 030d 04       		.byte	4
 810 030e C0       		.byte	-64
 811 030f 5C       		.byte	92
 812 0310 C2       		.byte	-62
 813 0311 18       		.byte	24
 814 0312 C4       		.byte	-60
 815 0313 EF       		.byte	-17
 816 0314 CA       		.byte	-54
 817 0315 AD       		.byte	-83
 818 0316 CC       		.byte	-52
 819 0317 BD       		.byte	-67
 820 0318 CE       		.byte	-50
 821 0319 2C       		.byte	44
 822 031a D0       		.byte	-48
 823 031b 04       		.byte	4
 824 031c D2       		.byte	-46
 825 031d 1C       		.byte	28
 826 031e D6       		.byte	-42
 827 031f 0F       		.byte	15
 828 0320 82       		.byte	-126
 829 0321 01       		.byte	1
 830 0322 88       		.byte	-120
 831 0323 01       		.byte	1
 832 0324 8D       		.byte	-115
 833 0325 03       		.byte	3
 834 0326 90       		.byte	-112
 835 0327 01       		.byte	1
 836 0328 9D       		.byte	-99
 837 0329 02       		.byte	2
 838 032a A7       		.byte	-89
 839 032b 01       		.byte	1
 840 032c A8       		.byte	-88
 841 032d 02       		.byte	2
 842 032e A9       		.byte	-87
 843 032f 03       		.byte	3
 844 0330 B0       		.byte	-80
 845 0331 03       		.byte	3
 846 0332 B1       		.byte	-79
 847 0333 03       		.byte	3
 848 0334 B8       		.byte	-72
 849 0335 02       		.byte	2
 850 0336 B9       		.byte	-71
 851 0337 02       		.byte	2
 852 0338 BF       		.byte	-65
 853 0339 01       		.byte	1
 854 033a D8       		.byte	-40
 855 033b 04       		.byte	4
ARM GAS  C:\Users\Zachary\AppData\Local\Temp\ccMstX9n.s 			page 16


 856 033c D9       		.byte	-39
 857 033d 04       		.byte	4
 858 033e DC       		.byte	-36
 859 033f 01       		.byte	1
 860 0340 DF       		.byte	-33
 861 0341 01       		.byte	1
 862 0342 01       		.byte	1
 863 0343 20       		.byte	32
 864 0344 03       		.byte	3
 865 0345 40       		.byte	64
 866 0346 05       		.byte	5
 867 0347 10       		.byte	16
 868 0348 07       		.byte	7
 869 0349 20       		.byte	32
 870 034a 0B       		.byte	11
 871 034b 80       		.byte	-128
 872 034c 0D       		.byte	13
 873 034d 02       		.byte	2
 874 034e 0E       		.byte	14
 875 034f 28       		.byte	40
 876 0350 0F       		.byte	15
 877 0351 01       		.byte	1
 878 0352 12       		.byte	18
 879 0353 04       		.byte	4
 880 0354 15       		.byte	21
 881 0355 11       		.byte	17
 882 0356 17       		.byte	23
 883 0357 08       		.byte	8
 884 0358 19       		.byte	25
 885 0359 02       		.byte	2
 886 035a 1D       		.byte	29
 887 035b B7       		.byte	-73
 888 035c 1E       		.byte	30
 889 035d 01       		.byte	1
 890 035e 1F       		.byte	31
 891 035f 28       		.byte	40
 892 0360 22       		.byte	34
 893 0361 02       		.byte	2
 894 0362 26       		.byte	38
 895 0363 4C       		.byte	76
 896 0364 29       		.byte	41
 897 0365 20       		.byte	32
 898 0366 2A       		.byte	42
 899 0367 04       		.byte	4
 900 0368 2E       		.byte	46
 901 0369 01       		.byte	1
 902 036a 2F       		.byte	47
 903 036b 28       		.byte	40
 904 036c 33       		.byte	51
 905 036d 40       		.byte	64
 906 036e 35       		.byte	53
 907 036f 01       		.byte	1
 908 0370 36       		.byte	54
 909 0371 98       		.byte	-104
 910 0372 3B       		.byte	59
 911 0373 80       		.byte	-128
 912 0374 3D       		.byte	61
ARM GAS  C:\Users\Zachary\AppData\Local\Temp\ccMstX9n.s 			page 17


 913 0375 15       		.byte	21
 914 0376 3E       		.byte	62
 915 0377 80       		.byte	-128
 916 0378 45       		.byte	69
 917 0379 AA       		.byte	-86
 918 037a 4D       		.byte	77
 919 037b 08       		.byte	8
 920 037c 4E       		.byte	78
 921 037d 88       		.byte	-120
 922 037e 4F       		.byte	79
 923 037f 40       		.byte	64
 924 0380 56       		.byte	86
 925 0381 82       		.byte	-126
 926 0382 57       		.byte	87
 927 0383 04       		.byte	4
 928 0384 5C       		.byte	92
 929 0385 20       		.byte	32
 930 0386 5D       		.byte	93
 931 0387 08       		.byte	8
 932 0388 5E       		.byte	94
 933 0389 80       		.byte	-128
 934 038a 87       		.byte	-121
 935 038b 48       		.byte	72
 936 038c 8E       		.byte	-114
 937 038d 08       		.byte	8
 938 038e 91       		.byte	-111
 939 038f 15       		.byte	21
 940 0390 92       		.byte	-110
 941 0391 80       		.byte	-128
 942 0392 93       		.byte	-109
 943 0393 01       		.byte	1
 944 0394 96       		.byte	-106
 945 0395 01       		.byte	1
 946 0396 97       		.byte	-105
 947 0397 80       		.byte	-128
 948 0398 9B       		.byte	-101
 949 0399 28       		.byte	40
 950 039a 9D       		.byte	-99
 951 039b 2C       		.byte	44
 952 039c 9E       		.byte	-98
 953 039d 8E       		.byte	-114
 954 039e 9F       		.byte	-97
 955 039f 40       		.byte	64
 956 03a0 A1       		.byte	-95
 957 03a1 08       		.byte	8
 958 03a2 A2       		.byte	-94
 959 03a3 10       		.byte	16
 960 03a4 A6       		.byte	-90
 961 03a5 20       		.byte	32
 962 03a6 C0       		.byte	-64
 963 03a7 6A       		.byte	106
 964 03a8 C2       		.byte	-62
 965 03a9 F8       		.byte	-8
 966 03aa C4       		.byte	-60
 967 03ab 72       		.byte	114
 968 03ac CA       		.byte	-54
 969 03ad E6       		.byte	-26
ARM GAS  C:\Users\Zachary\AppData\Local\Temp\ccMstX9n.s 			page 18


 970 03ae CC       		.byte	-52
 971 03af F8       		.byte	-8
 972 03b0 CE       		.byte	-50
 973 03b1 F8       		.byte	-8
 974 03b2 D0       		.byte	-48
 975 03b3 F0       		.byte	-16
 976 03b4 D2       		.byte	-46
 977 03b5 30       		.byte	48
 978 03b6 D6       		.byte	-42
 979 03b7 70       		.byte	112
 980 03b8 E0       		.byte	-32
 981 03b9 10       		.byte	16
 982 03ba E0       		.byte	-32
 983 03bb 80       		.byte	-128
 984 03bc 3B       		.byte	59
 985 03bd 02       		.byte	2
 986 03be 3C       		.byte	60
 987 03bf 40       		.byte	64
 988 03c0 3D       		.byte	61
 989 03c1 04       		.byte	4
 990 03c2 42       		.byte	66
 991 03c3 08       		.byte	8
 992 03c4 54       		.byte	84
 993 03c5 20       		.byte	32
 994 03c6 57       		.byte	87
 995 03c7 01       		.byte	1
 996 03c8 58       		.byte	88
 997 03c9 20       		.byte	32
 998 03ca 8B       		.byte	-117
 999 03cb 01       		.byte	1
 1000 03cc CE       		.byte	-50
 1001 03cd E0       		.byte	-32
 1002 03ce D0       		.byte	-48
 1003 03cf 10       		.byte	16
 1004 03d0 D4       		.byte	-44
 1005 03d1 C0       		.byte	-64
 1006 03d2 D6       		.byte	-42
 1007 03d3 20       		.byte	32
 1008 03d4 84       		.byte	-124
 1009 03d5 20       		.byte	32
 1010 03d6 85       		.byte	-123
 1011 03d7 04       		.byte	4
 1012 03d8 94       		.byte	-108
 1013 03d9 40       		.byte	64
 1014 03da 95       		.byte	-107
 1015 03db 04       		.byte	4
 1016 03dc 97       		.byte	-105
 1017 03dd 02       		.byte	2
 1018 03de 9C       		.byte	-100
 1019 03df 20       		.byte	32
 1020 03e0 9E       		.byte	-98
 1021 03e1 08       		.byte	8
 1022 03e2 A4       		.byte	-92
 1023 03e3 20       		.byte	32
 1024 03e4 E2       		.byte	-30
 1025 03e5 40       		.byte	64
 1026 03e6 E6       		.byte	-26
ARM GAS  C:\Users\Zachary\AppData\Local\Temp\ccMstX9n.s 			page 19


 1027 03e7 40       		.byte	64
 1028 03e8 82       		.byte	-126
 1029 03e9 08       		.byte	8
 1030 03ea 84       		.byte	-124
 1031 03eb 20       		.byte	32
 1032 03ec 94       		.byte	-108
 1033 03ed 40       		.byte	64
 1034 03ee 97       		.byte	-105
 1035 03ef 02       		.byte	2
 1036 03f0 9C       		.byte	-100
 1037 03f1 20       		.byte	32
 1038 03f2 9E       		.byte	-98
 1039 03f3 08       		.byte	8
 1040 03f4 E6       		.byte	-26
 1041 03f5 90       		.byte	-112
 1042 03f6 83       		.byte	-125
 1043 03f7 01       		.byte	1
 1044 03f8 94       		.byte	-108
 1045 03f9 40       		.byte	64
 1046 03fa 97       		.byte	-105
 1047 03fb 02       		.byte	2
 1048 03fc E6       		.byte	-26
 1049 03fd 20       		.byte	32
 1050 03fe 8E       		.byte	-114
 1051 03ff 20       		.byte	32
 1052 0400 94       		.byte	-108
 1053 0401 40       		.byte	64
 1054 0402 02       		.byte	2
 1055 0403 20       		.byte	32
 1056 0404 A6       		.byte	-90
 1057 0405 20       		.byte	32
 1058 0406 A8       		.byte	-88
 1059 0407 40       		.byte	64
 1060 0408 C0       		.byte	-64
 1061 0409 10       		.byte	16
 1062 040a EE       		.byte	-18
 1063 040b 20       		.byte	32
 1064 040c 5D       		.byte	93
 1065 040d 10       		.byte	16
 1066 040e 89       		.byte	-119
 1067 040f 10       		.byte	16
 1068 0410 D6       		.byte	-42
 1069 0411 04       		.byte	4
 1070 0412 E0       		.byte	-32
 1071 0413 01       		.byte	1
 1072 0414 00       		.byte	0
 1073 0415 01       		.byte	1
 1074 0416 0A       		.byte	10
 1075 0417 01       		.byte	1
 1076 0418 10       		.byte	16
 1077 0419 03       		.byte	3
 1078 041a 1A       		.byte	26
 1079 041b 03       		.byte	3
 1080 041c 10       		.byte	16
 1081 041d 55       		.byte	85
 1082 041e 00       		.byte	0
 1083 041f 00       		.byte	0
ARM GAS  C:\Users\Zachary\AppData\Local\Temp\ccMstX9n.s 			page 20


 1084 0420 00       		.byte	0
 1085 0421 00       		.byte	0
 1086 0422 00       		.byte	0
 1087 0423 01       		.byte	1
 1088 0424 02       		.byte	2
 1089 0425 00       		.byte	0
 1090 0426 00       		.byte	0
 1091 0427 10       		.byte	16
 1092 0428 35       		.byte	53
 1093 0429 00       		.byte	0
 1094 042a 48       		.byte	72
 1095 042b 01       		.byte	1
 1096 042c 3D       		.byte	61
 1097 042d 60       		.byte	96
 1098 042e 40       		.byte	64
 1099 042f 08       		.byte	8
 1100 0430 80       		.byte	-128
 1101 0431 00       		.byte	0
 1102 0432 00       		.byte	0
 1103 0433 20       		.byte	32
 1104 0434 08       		.byte	8
 1105 0435 00       		.byte	0
 1106 0436 54       		.byte	84
 1107 0437 01       		.byte	1
 1108 0438 00       		.byte	0
 1109 0439 80       		.byte	-128
 1110 043a 21       		.byte	33
 1111 043b 00       		.byte	0
 1112 043c 00       		.byte	0
 1113 043d 00       		.byte	0
 1114 043e 08       		.byte	8
 1115 043f 0F       		.byte	15
 1116 0440 00       		.byte	0
 1117 0441 00       		.byte	0
 1118 0442 21       		.byte	33
 1119 0443 40       		.byte	64
 1120 0444 81       		.byte	-127
 1121 0445 23       		.byte	35
 1122 0446 20       		.byte	32
 1123 0447 44       		.byte	68
 1124 0448 00       		.byte	0
 1125 0449 44       		.byte	68
 1126 044a 21       		.byte	33
 1127 044b 22       		.byte	34
 1128 044c 00       		.byte	0
 1129 044d 00       		.byte	0
 1130 044e 10       		.byte	16
 1131 044f 70       		.byte	112
 1132 0450 80       		.byte	-128
 1133 0451 0F       		.byte	15
 1134 0452 07       		.byte	7
 1135 0453 00       		.byte	0
 1136 0454 66       		.byte	102
 1137 0455 70       		.byte	112
 1138 0456 18       		.byte	24
 1139 0457 80       		.byte	-128
 1140 0458 00       		.byte	0
ARM GAS  C:\Users\Zachary\AppData\Local\Temp\ccMstX9n.s 			page 21


 1141 0459 02       		.byte	2
 1142 045a 00       		.byte	0
 1143 045b 00       		.byte	0
 1144 045c 00       		.byte	0
 1145 045d 00       		.byte	0
 1146 045e 40       		.byte	64
 1147 045f 00       		.byte	0
 1148 0460 46       		.byte	70
 1149 0461 03       		.byte	3
 1150 0462 00       		.byte	0
 1151 0463 00       		.byte	0
 1152 0464 00       		.byte	0
 1153 0465 CF       		.byte	-49
 1154 0466 E0       		.byte	-32
 1155 0467 DB       		.byte	-37
 1156 0468 3B       		.byte	59
 1157 0469 FF       		.byte	-1
 1158 046a FF       		.byte	-1
 1159 046b FF       		.byte	-1
 1160 046c 00       		.byte	0
 1161 046d 00       		.byte	0
 1162 046e 00       		.byte	0
 1163 046f 00       		.byte	0
 1164 0470 04       		.byte	4
 1165 0471 00       		.byte	0
 1166 0472 00       		.byte	0
 1167 0473 00       		.byte	0
 1168 0474 01       		.byte	1
 1169 0475 00       		.byte	0
 1170 0476 00       		.byte	0
 1171 0477 00       		.byte	0
 1172 0478 04       		.byte	4
 1173 0479 04       		.byte	4
 1174 047a 04       		.byte	4
 1175 047b 04       		.byte	4
 1176 047c 00       		.byte	0
 1177 047d 00       		.byte	0
 1178 047e 00       		.byte	0
 1179 047f 01       		.byte	1
 1180 0480 00       		.byte	0
 1181 0481 00       		.byte	0
 1182 0482 C0       		.byte	-64
 1183 0483 00       		.byte	0
 1184 0484 40       		.byte	64
 1185 0485 01       		.byte	1
 1186 0486 80       		.byte	-128
 1187 0487 00       		.byte	0
 1188 0488 30       		.byte	48
 1189 0489 00       		.byte	0
 1190 048a 40       		.byte	64
 1191 048b 10       		.byte	16
 1192 048c 10       		.byte	16
 1193 048d 00       		.byte	0
 1194 048e 40       		.byte	64
 1195 048f A8       		.byte	-88
 1196 0490 00       		.byte	0
 1197 0491 00       		.byte	0
ARM GAS  C:\Users\Zachary\AppData\Local\Temp\ccMstX9n.s 			page 22


 1198 0492 00       		.byte	0
 1199 0493 00       		.byte	0
 1200 0494 00       		.byte	0
 1201 0495 00       		.byte	0
 1202 0496 00       		.byte	0
 1203 0497 00       		.byte	0
 1204 0498 00       		.byte	0
 1205 0499 00       		.byte	0
 1206 049a 00       		.byte	0
 1207 049b 00       		.byte	0
 1208 049c 00       		.byte	0
 1209 049d 00       		.byte	0
 1210 049e 00       		.byte	0
 1211 049f 00       		.byte	0
 1212 04a0 00       		.byte	0
 1213 04a1 00       		.byte	0
 1214 04a2 00       		.byte	0
 1215 04a3 04       		.byte	4
 1216 04a4 00       		.byte	0
 1217 04a5 00       		.byte	0
 1218 04a6 1B       		.byte	27
 1219 04a7 04       		.byte	4
 1220 04a8 1B       		.byte	27
 1221 04a9 04       		.byte	4
 1222 04aa A4       		.byte	-92
 1223 04ab 00       		.byte	0
 1224 04ac 00       		.byte	0
 1225 04ad 00       		.byte	0
 1226 04ae 00       		.byte	0
 1227 04af 02       		.byte	2
 1228 04b0 BF       		.byte	-65
 1229 04b1 10       		.byte	16
 1230 04b2 40       		.byte	64
 1231 04b3 08       		.byte	8
 1232 04b4 00       		.byte	0
 1233 04b5 00       		.byte	0
 1234 04b6 1F       		.byte	31
 1235 04b7 20       		.byte	32
 1236 04b8 DB       		.byte	-37
 1237 04b9 00       		.byte	0
 1238 04ba 24       		.byte	36
 1239 04bb 3C       		.byte	60
 1240 04bc 11       		.byte	17
 1241 04bd 00       		.byte	0
 1242 04be 0A       		.byte	10
 1243 04bf 01       		.byte	1
 1244 04c0 00       		.byte	0
 1245 04c1 00       		.byte	0
 1246 04c2 1B       		.byte	27
 1247 04c3 01       		.byte	1
 1248 04c4 09       		.byte	9
 1249 04c5 0C       		.byte	12
 1250 04c6 12       		.byte	18
 1251 04c7 10       		.byte	16
 1252 04c8 1B       		.byte	27
 1253 04c9 00       		.byte	0
 1254 04ca 00       		.byte	0
ARM GAS  C:\Users\Zachary\AppData\Local\Temp\ccMstX9n.s 			page 23


 1255 04cb 02       		.byte	2
 1256 04cc 00       		.byte	0
 1257 04cd 00       		.byte	0
 1258 04ce 00       		.byte	0
 1259 04cf 00       		.byte	0
 1260 04d0 1C       		.byte	28
 1261 04d1 00       		.byte	0
 1262 04d2 80       		.byte	-128
 1263 04d3 3C       		.byte	60
 1264 04d4 07       		.byte	7
 1265 04d5 00       		.byte	0
 1266 04d6 60       		.byte	96
 1267 04d7 03       		.byte	3
 1268 04d8 00       		.byte	0
 1269 04d9 08       		.byte	8
 1270 04da 00       		.byte	0
 1271 04db 00       		.byte	0
 1272 04dc 00       		.byte	0
 1273 04dd 00       		.byte	0
 1274 04de 00       		.byte	0
 1275 04df 40       		.byte	64
 1276 04e0 46       		.byte	70
 1277 04e1 02       		.byte	2
 1278 04e2 51       		.byte	81
 1279 04e3 00       		.byte	0
 1280 04e4 03       		.byte	3
 1281 04e5 CF       		.byte	-49
 1282 04e6 0D       		.byte	13
 1283 04e7 CE       		.byte	-50
 1284 04e8 37       		.byte	55
 1285 04e9 FF       		.byte	-1
 1286 04ea FF       		.byte	-1
 1287 04eb FF       		.byte	-1
 1288 04ec 02       		.byte	2
 1289 04ed 20       		.byte	32
 1290 04ee 00       		.byte	0
 1291 04ef 05       		.byte	5
 1292 04f0 04       		.byte	4
 1293 04f1 00       		.byte	0
 1294 04f2 00       		.byte	0
 1295 04f3 00       		.byte	0
 1296 04f4 01       		.byte	1
 1297 04f5 00       		.byte	0
 1298 04f6 00       		.byte	0
 1299 04f7 00       		.byte	0
 1300 04f8 04       		.byte	4
 1301 04f9 04       		.byte	4
 1302 04fa 04       		.byte	4
 1303 04fb 04       		.byte	4
 1304 04fc 00       		.byte	0
 1305 04fd 00       		.byte	0
 1306 04fe 00       		.byte	0
 1307 04ff 01       		.byte	1
 1308 0500 00       		.byte	0
 1309 0501 00       		.byte	0
 1310 0502 40       		.byte	64
 1311 0503 01       		.byte	1
ARM GAS  C:\Users\Zachary\AppData\Local\Temp\ccMstX9n.s 			page 24


 1312 0504 40       		.byte	64
 1313 0505 01       		.byte	1
 1314 0506 50       		.byte	80
 1315 0507 01       		.byte	1
 1316 0508 40       		.byte	64
 1317 0509 01       		.byte	1
 1318 050a 70       		.byte	112
 1319 050b 10       		.byte	16
 1320 050c 40       		.byte	64
 1321 050d 10       		.byte	16
 1322 050e 00       		.byte	0
 1323 050f 00       		.byte	0
 1324 0510 00       		.byte	0
 1325 0511 00       		.byte	0
 1326 0512 00       		.byte	0
 1327 0513 00       		.byte	0
 1328 0514 00       		.byte	0
 1329 0515 00       		.byte	0
 1330 0516 00       		.byte	0
 1331 0517 00       		.byte	0
 1332 0518 00       		.byte	0
 1333 0519 00       		.byte	0
 1334 051a 00       		.byte	0
 1335 051b 00       		.byte	0
 1336 051c 00       		.byte	0
 1337 051d 00       		.byte	0
 1338 051e 00       		.byte	0
 1339 051f 00       		.byte	0
 1340 0520 01       		.byte	1
 1341 0521 00       		.byte	0
 1342 0522 00       		.byte	0
 1343 0523 00       		.byte	0
 1344 0524 00       		.byte	0
 1345 0525 00       		.byte	0
 1346 0526 00       		.byte	0
 1347 0527 00       		.byte	0
 1348 0528 00       		.byte	0
 1349 0529 07       		.byte	7
 1350 052a 07       		.byte	7
 1351 052b 00       		.byte	0
 1352 052c 07       		.byte	7
 1353 052d 00       		.byte	0
 1354 052e 00       		.byte	0
 1355 052f 00       		.byte	0
 1356 0530 01       		.byte	1
 1357 0531 00       		.byte	0
 1358 0532 00       		.byte	0
 1359 0533 01       		.byte	1
 1360 0534 01       		.byte	1
 1361 0535 00       		.byte	0
 1362 0536 01       		.byte	1
 1363 0537 00       		.byte	0
 1364 0538 00       		.byte	0
 1365 0539 00       		.byte	0
 1366 053a 00       		.byte	0
 1367 053b 00       		.byte	0
 1368              		.section	.cywolatch,"a",%progbits
ARM GAS  C:\Users\Zachary\AppData\Local\Temp\ccMstX9n.s 			page 25


 1369              		.align	2
 1370              		.type	cy_meta_wonvl, %object
 1371              		.size	cy_meta_wonvl, 4
 1372              	cy_meta_wonvl:
 1373 0000 BC       		.byte	-68
 1374 0001 90       		.byte	-112
 1375 0002 AC       		.byte	-84
 1376 0003 AF       		.byte	-81
 1377              		.section	.cycustnvl,"a",%progbits
 1378              		.align	2
 1379              		.type	cy_meta_custnvl, %object
 1380              		.size	cy_meta_custnvl, 4
 1381              	cy_meta_custnvl:
 1382 0000 00       		.byte	0
 1383 0001 00       		.byte	0
 1384 0002 40       		.byte	64
 1385 0003 05       		.byte	5
 1386              		.section	.cymeta,"a",%progbits
 1387              		.align	2
 1388              		.type	cy_metadata, %object
 1389              		.size	cy_metadata, 12
 1390              	cy_metadata:
 1391 0000 00       		.byte	0
 1392 0001 01       		.byte	1
 1393 0002 2E       		.byte	46
 1394 0003 12       		.byte	18
 1395 0004 30       		.byte	48
 1396 0005 69       		.byte	105
 1397 0006 00       		.byte	0
 1398 0007 01       		.byte	1
 1399 0008 00       		.byte	0
 1400 0009 00       		.byte	0
 1401 000a 00       		.byte	0
 1402 000b 00       		.byte	0
 1403              		.section	.cyflashprotect,"a",%progbits
 1404              		.align	2
 1405              		.type	cy_meta_flashprotect, %object
 1406              		.size	cy_meta_flashprotect, 256
 1407              	cy_meta_flashprotect:
 1408 0000 00000000 		.space	256
 1408      00000000 
 1408      00000000 
 1408      00000000 
 1408      00000000 
 1409              		.text
 1410              	.Letext0:
 1411              		.file 1 ".\\Generated_Source\\PSoC5\\cymetadata.c"
 1412              		.file 2 ".\\Generated_Source\\PSoC5\\cytypes.h"
 1413              		.section	.debug_info,"",%progbits
 1414              	.Ldebug_info0:
 1415 0000 37010000 		.4byte	0x137
 1416 0004 0400     		.2byte	0x4
 1417 0006 00000000 		.4byte	.Ldebug_abbrev0
 1418 000a 04       		.byte	0x4
 1419 000b 01       		.uleb128 0x1
 1420 000c EA000000 		.4byte	.LASF18
 1421 0010 01       		.byte	0x1
ARM GAS  C:\Users\Zachary\AppData\Local\Temp\ccMstX9n.s 			page 26


 1422 0011 00000000 		.4byte	.LASF19
 1423 0015 26000000 		.4byte	.LASF20
 1424 0019 00000000 		.4byte	.Ldebug_line0
 1425 001d 02       		.uleb128 0x2
 1426 001e 01       		.byte	0x1
 1427 001f 06       		.byte	0x6
 1428 0020 F4010000 		.4byte	.LASF0
 1429 0024 02       		.uleb128 0x2
 1430 0025 01       		.byte	0x1
 1431 0026 08       		.byte	0x8
 1432 0027 8E000000 		.4byte	.LASF1
 1433 002b 02       		.uleb128 0x2
 1434 002c 02       		.byte	0x2
 1435 002d 05       		.byte	0x5
 1436 002e DB010000 		.4byte	.LASF2
 1437 0032 02       		.uleb128 0x2
 1438 0033 02       		.byte	0x2
 1439 0034 07       		.byte	0x7
 1440 0035 AE000000 		.4byte	.LASF3
 1441 0039 02       		.uleb128 0x2
 1442 003a 04       		.byte	0x4
 1443 003b 05       		.byte	0x5
 1444 003c EB010000 		.4byte	.LASF4
 1445 0040 02       		.uleb128 0x2
 1446 0041 04       		.byte	0x4
 1447 0042 07       		.byte	0x7
 1448 0043 9C000000 		.4byte	.LASF5
 1449 0047 02       		.uleb128 0x2
 1450 0048 08       		.byte	0x8
 1451 0049 05       		.byte	0x5
 1452 004a C8010000 		.4byte	.LASF6
 1453 004e 02       		.uleb128 0x2
 1454 004f 08       		.byte	0x8
 1455 0050 07       		.byte	0x7
 1456 0051 85010000 		.4byte	.LASF7
 1457 0055 03       		.uleb128 0x3
 1458 0056 04       		.byte	0x4
 1459 0057 05       		.byte	0x5
 1460 0058 696E7400 		.ascii	"int\000"
 1461 005c 02       		.uleb128 0x2
 1462 005d 04       		.byte	0x4
 1463 005e 07       		.byte	0x7
 1464 005f 78010000 		.4byte	.LASF8
 1465 0063 04       		.uleb128 0x4
 1466 0064 E5010000 		.4byte	.LASF21
 1467 0068 02       		.byte	0x2
 1468 0069 5B       		.byte	0x5b
 1469 006a 24000000 		.4byte	0x24
 1470 006e 02       		.uleb128 0x2
 1471 006f 04       		.byte	0x4
 1472 0070 04       		.byte	0x4
 1473 0071 88000000 		.4byte	.LASF9
 1474 0075 02       		.uleb128 0x2
 1475 0076 08       		.byte	0x8
 1476 0077 04       		.byte	0x4
 1477 0078 C1000000 		.4byte	.LASF10
 1478 007c 02       		.uleb128 0x2
ARM GAS  C:\Users\Zachary\AppData\Local\Temp\ccMstX9n.s 			page 27


 1479 007d 01       		.byte	0x1
 1480 007e 08       		.byte	0x8
 1481 007f D6010000 		.4byte	.LASF11
 1482 0083 05       		.uleb128 0x5
 1483 0084 63000000 		.4byte	0x63
 1484 0088 94000000 		.4byte	0x94
 1485 008c 06       		.uleb128 0x6
 1486 008d 94000000 		.4byte	0x94
 1487 0091 3B05     		.2byte	0x53b
 1488 0093 00       		.byte	0
 1489 0094 02       		.uleb128 0x2
 1490 0095 04       		.byte	0x4
 1491 0096 07       		.byte	0x7
 1492 0097 BF010000 		.4byte	.LASF12
 1493 009b 07       		.uleb128 0x7
 1494 009c D8000000 		.4byte	.LASF13
 1495 00a0 01       		.byte	0x1
 1496 00a1 1F       		.byte	0x1f
 1497 00a2 AC000000 		.4byte	0xac
 1498 00a6 05       		.uleb128 0x5
 1499 00a7 03       		.byte	0x3
 1500 00a8 00000000 		.4byte	cy_meta_configecc
 1501 00ac 08       		.uleb128 0x8
 1502 00ad 83000000 		.4byte	0x83
 1503 00b1 05       		.uleb128 0x5
 1504 00b2 63000000 		.4byte	0x63
 1505 00b6 C1000000 		.4byte	0xc1
 1506 00ba 09       		.uleb128 0x9
 1507 00bb 94000000 		.4byte	0x94
 1508 00bf 03       		.byte	0x3
 1509 00c0 00       		.byte	0
 1510 00c1 07       		.uleb128 0x7
 1511 00c2 C8000000 		.4byte	.LASF14
 1512 00c6 01       		.byte	0x1
 1513 00c7 D4       		.byte	0xd4
 1514 00c8 D2000000 		.4byte	0xd2
 1515 00cc 05       		.uleb128 0x5
 1516 00cd 03       		.byte	0x3
 1517 00ce 00000000 		.4byte	cy_meta_custnvl
 1518 00d2 08       		.uleb128 0x8
 1519 00d3 B1000000 		.4byte	0xb1
 1520 00d7 07       		.uleb128 0x7
 1521 00d8 B1010000 		.4byte	.LASF15
 1522 00dc 01       		.byte	0x1
 1523 00dd E2       		.byte	0xe2
 1524 00de E8000000 		.4byte	0xe8
 1525 00e2 05       		.uleb128 0x5
 1526 00e3 03       		.byte	0x3
 1527 00e4 00000000 		.4byte	cy_meta_wonvl
 1528 00e8 08       		.uleb128 0x8
 1529 00e9 B1000000 		.4byte	0xb1
 1530 00ed 05       		.uleb128 0x5
 1531 00ee 63000000 		.4byte	0x63
 1532 00f2 FD000000 		.4byte	0xfd
 1533 00f6 09       		.uleb128 0x9
 1534 00f7 94000000 		.4byte	0x94
 1535 00fb FF       		.byte	0xff
ARM GAS  C:\Users\Zachary\AppData\Local\Temp\ccMstX9n.s 			page 28


 1536 00fc 00       		.byte	0
 1537 00fd 07       		.uleb128 0x7
 1538 00fe 9C010000 		.4byte	.LASF16
 1539 0102 01       		.byte	0x1
 1540 0103 F0       		.byte	0xf0
 1541 0104 0E010000 		.4byte	0x10e
 1542 0108 05       		.uleb128 0x5
 1543 0109 03       		.byte	0x3
 1544 010a 00000000 		.4byte	cy_meta_flashprotect
 1545 010e 08       		.uleb128 0x8
 1546 010f ED000000 		.4byte	0xed
 1547 0113 05       		.uleb128 0x5
 1548 0114 63000000 		.4byte	0x63
 1549 0118 23010000 		.4byte	0x123
 1550 011c 09       		.uleb128 0x9
 1551 011d 94000000 		.4byte	0x94
 1552 0121 0B       		.byte	0xb
 1553 0122 00       		.byte	0
 1554 0123 0A       		.uleb128 0xa
 1555 0124 7C000000 		.4byte	.LASF17
 1556 0128 01       		.byte	0x1
 1557 0129 1D01     		.2byte	0x11d
 1558 012b 35010000 		.4byte	0x135
 1559 012f 05       		.uleb128 0x5
 1560 0130 03       		.byte	0x3
 1561 0131 00000000 		.4byte	cy_metadata
 1562 0135 08       		.uleb128 0x8
 1563 0136 13010000 		.4byte	0x113
 1564 013a 00       		.byte	0
 1565              		.section	.debug_abbrev,"",%progbits
 1566              	.Ldebug_abbrev0:
 1567 0000 01       		.uleb128 0x1
 1568 0001 11       		.uleb128 0x11
 1569 0002 01       		.byte	0x1
 1570 0003 25       		.uleb128 0x25
 1571 0004 0E       		.uleb128 0xe
 1572 0005 13       		.uleb128 0x13
 1573 0006 0B       		.uleb128 0xb
 1574 0007 03       		.uleb128 0x3
 1575 0008 0E       		.uleb128 0xe
 1576 0009 1B       		.uleb128 0x1b
 1577 000a 0E       		.uleb128 0xe
 1578 000b 10       		.uleb128 0x10
 1579 000c 17       		.uleb128 0x17
 1580 000d 00       		.byte	0
 1581 000e 00       		.byte	0
 1582 000f 02       		.uleb128 0x2
 1583 0010 24       		.uleb128 0x24
 1584 0011 00       		.byte	0
 1585 0012 0B       		.uleb128 0xb
 1586 0013 0B       		.uleb128 0xb
 1587 0014 3E       		.uleb128 0x3e
 1588 0015 0B       		.uleb128 0xb
 1589 0016 03       		.uleb128 0x3
 1590 0017 0E       		.uleb128 0xe
 1591 0018 00       		.byte	0
 1592 0019 00       		.byte	0
ARM GAS  C:\Users\Zachary\AppData\Local\Temp\ccMstX9n.s 			page 29


 1593 001a 03       		.uleb128 0x3
 1594 001b 24       		.uleb128 0x24
 1595 001c 00       		.byte	0
 1596 001d 0B       		.uleb128 0xb
 1597 001e 0B       		.uleb128 0xb
 1598 001f 3E       		.uleb128 0x3e
 1599 0020 0B       		.uleb128 0xb
 1600 0021 03       		.uleb128 0x3
 1601 0022 08       		.uleb128 0x8
 1602 0023 00       		.byte	0
 1603 0024 00       		.byte	0
 1604 0025 04       		.uleb128 0x4
 1605 0026 16       		.uleb128 0x16
 1606 0027 00       		.byte	0
 1607 0028 03       		.uleb128 0x3
 1608 0029 0E       		.uleb128 0xe
 1609 002a 3A       		.uleb128 0x3a
 1610 002b 0B       		.uleb128 0xb
 1611 002c 3B       		.uleb128 0x3b
 1612 002d 0B       		.uleb128 0xb
 1613 002e 49       		.uleb128 0x49
 1614 002f 13       		.uleb128 0x13
 1615 0030 00       		.byte	0
 1616 0031 00       		.byte	0
 1617 0032 05       		.uleb128 0x5
 1618 0033 01       		.uleb128 0x1
 1619 0034 01       		.byte	0x1
 1620 0035 49       		.uleb128 0x49
 1621 0036 13       		.uleb128 0x13
 1622 0037 01       		.uleb128 0x1
 1623 0038 13       		.uleb128 0x13
 1624 0039 00       		.byte	0
 1625 003a 00       		.byte	0
 1626 003b 06       		.uleb128 0x6
 1627 003c 21       		.uleb128 0x21
 1628 003d 00       		.byte	0
 1629 003e 49       		.uleb128 0x49
 1630 003f 13       		.uleb128 0x13
 1631 0040 2F       		.uleb128 0x2f
 1632 0041 05       		.uleb128 0x5
 1633 0042 00       		.byte	0
 1634 0043 00       		.byte	0
 1635 0044 07       		.uleb128 0x7
 1636 0045 34       		.uleb128 0x34
 1637 0046 00       		.byte	0
 1638 0047 03       		.uleb128 0x3
 1639 0048 0E       		.uleb128 0xe
 1640 0049 3A       		.uleb128 0x3a
 1641 004a 0B       		.uleb128 0xb
 1642 004b 3B       		.uleb128 0x3b
 1643 004c 0B       		.uleb128 0xb
 1644 004d 49       		.uleb128 0x49
 1645 004e 13       		.uleb128 0x13
 1646 004f 3F       		.uleb128 0x3f
 1647 0050 19       		.uleb128 0x19
 1648 0051 02       		.uleb128 0x2
 1649 0052 18       		.uleb128 0x18
ARM GAS  C:\Users\Zachary\AppData\Local\Temp\ccMstX9n.s 			page 30


 1650 0053 00       		.byte	0
 1651 0054 00       		.byte	0
 1652 0055 08       		.uleb128 0x8
 1653 0056 26       		.uleb128 0x26
 1654 0057 00       		.byte	0
 1655 0058 49       		.uleb128 0x49
 1656 0059 13       		.uleb128 0x13
 1657 005a 00       		.byte	0
 1658 005b 00       		.byte	0
 1659 005c 09       		.uleb128 0x9
 1660 005d 21       		.uleb128 0x21
 1661 005e 00       		.byte	0
 1662 005f 49       		.uleb128 0x49
 1663 0060 13       		.uleb128 0x13
 1664 0061 2F       		.uleb128 0x2f
 1665 0062 0B       		.uleb128 0xb
 1666 0063 00       		.byte	0
 1667 0064 00       		.byte	0
 1668 0065 0A       		.uleb128 0xa
 1669 0066 34       		.uleb128 0x34
 1670 0067 00       		.byte	0
 1671 0068 03       		.uleb128 0x3
 1672 0069 0E       		.uleb128 0xe
 1673 006a 3A       		.uleb128 0x3a
 1674 006b 0B       		.uleb128 0xb
 1675 006c 3B       		.uleb128 0x3b
 1676 006d 05       		.uleb128 0x5
 1677 006e 49       		.uleb128 0x49
 1678 006f 13       		.uleb128 0x13
 1679 0070 3F       		.uleb128 0x3f
 1680 0071 19       		.uleb128 0x19
 1681 0072 02       		.uleb128 0x2
 1682 0073 18       		.uleb128 0x18
 1683 0074 00       		.byte	0
 1684 0075 00       		.byte	0
 1685 0076 00       		.byte	0
 1686              		.section	.debug_aranges,"",%progbits
 1687 0000 14000000 		.4byte	0x14
 1688 0004 0200     		.2byte	0x2
 1689 0006 00000000 		.4byte	.Ldebug_info0
 1690 000a 04       		.byte	0x4
 1691 000b 00       		.byte	0
 1692 000c 0000     		.2byte	0
 1693 000e 0000     		.2byte	0
 1694 0010 00000000 		.4byte	0
 1695 0014 00000000 		.4byte	0
 1696              		.section	.debug_line,"",%progbits
 1697              	.Ldebug_line0:
 1698 0000 4F000000 		.section	.debug_str,"MS",%progbits,1
 1698      02004900 
 1698      00000201 
 1698      FB0E0D00 
 1698      01010101 
 1699              	.LASF19:
 1700 0000 2E5C4765 		.ascii	".\\Generated_Source\\PSoC5\\cymetadata.c\000"
 1700      6E657261 
 1700      7465645F 
ARM GAS  C:\Users\Zachary\AppData\Local\Temp\ccMstX9n.s 			page 31


 1700      536F7572 
 1700      63655C50 
 1701              	.LASF20:
 1702 0026 433A5C55 		.ascii	"C:\\Users\\Zachary\\Documents\\GitHub\\Chip-Design\\"
 1702      73657273 
 1702      5C5A6163 
 1702      68617279 
 1702      5C446F63 
 1703 0054 70726F6A 		.ascii	"proj_asic\\psoc\\I2S\\Wave Generator.cydsn\000"
 1703      5F617369 
 1703      635C7073 
 1703      6F635C49 
 1703      32535C57 
 1704              	.LASF17:
 1705 007c 63795F6D 		.ascii	"cy_metadata\000"
 1705      65746164 
 1705      61746100 
 1706              	.LASF9:
 1707 0088 666C6F61 		.ascii	"float\000"
 1707      7400
 1708              	.LASF1:
 1709 008e 756E7369 		.ascii	"unsigned char\000"
 1709      676E6564 
 1709      20636861 
 1709      7200
 1710              	.LASF5:
 1711 009c 6C6F6E67 		.ascii	"long unsigned int\000"
 1711      20756E73 
 1711      69676E65 
 1711      6420696E 
 1711      7400
 1712              	.LASF3:
 1713 00ae 73686F72 		.ascii	"short unsigned int\000"
 1713      7420756E 
 1713      7369676E 
 1713      65642069 
 1713      6E7400
 1714              	.LASF10:
 1715 00c1 646F7562 		.ascii	"double\000"
 1715      6C6500
 1716              	.LASF14:
 1717 00c8 63795F6D 		.ascii	"cy_meta_custnvl\000"
 1717      6574615F 
 1717      63757374 
 1717      6E766C00 
 1718              	.LASF13:
 1719 00d8 63795F6D 		.ascii	"cy_meta_configecc\000"
 1719      6574615F 
 1719      636F6E66 
 1719      69676563 
 1719      6300
 1720              	.LASF18:
 1721 00ea 474E5520 		.ascii	"GNU C 4.9.3 20150303 (release) [ARM/embedded-4_9-br"
 1721      4320342E 
 1721      392E3320 
 1721      32303135 
 1721      30333033 
ARM GAS  C:\Users\Zachary\AppData\Local\Temp\ccMstX9n.s 			page 32


 1722 011d 616E6368 		.ascii	"anch revision 221220] -mcpu=cortex-m3 -mthumb -g -O"
 1722      20726576 
 1722      6973696F 
 1722      6E203232 
 1722      31323230 
 1723 0150 67202D66 		.ascii	"g -ffunction-sections -ffat-lto-objects\000"
 1723      66756E63 
 1723      74696F6E 
 1723      2D736563 
 1723      74696F6E 
 1724              	.LASF8:
 1725 0178 756E7369 		.ascii	"unsigned int\000"
 1725      676E6564 
 1725      20696E74 
 1725      00
 1726              	.LASF7:
 1727 0185 6C6F6E67 		.ascii	"long long unsigned int\000"
 1727      206C6F6E 
 1727      6720756E 
 1727      7369676E 
 1727      65642069 
 1728              	.LASF16:
 1729 019c 63795F6D 		.ascii	"cy_meta_flashprotect\000"
 1729      6574615F 
 1729      666C6173 
 1729      6870726F 
 1729      74656374 
 1730              	.LASF15:
 1731 01b1 63795F6D 		.ascii	"cy_meta_wonvl\000"
 1731      6574615F 
 1731      776F6E76 
 1731      6C00
 1732              	.LASF12:
 1733 01bf 73697A65 		.ascii	"sizetype\000"
 1733      74797065 
 1733      00
 1734              	.LASF6:
 1735 01c8 6C6F6E67 		.ascii	"long long int\000"
 1735      206C6F6E 
 1735      6720696E 
 1735      7400
 1736              	.LASF11:
 1737 01d6 63686172 		.ascii	"char\000"
 1737      00
 1738              	.LASF2:
 1739 01db 73686F72 		.ascii	"short int\000"
 1739      7420696E 
 1739      7400
 1740              	.LASF21:
 1741 01e5 75696E74 		.ascii	"uint8\000"
 1741      3800
 1742              	.LASF4:
 1743 01eb 6C6F6E67 		.ascii	"long int\000"
 1743      20696E74 
 1743      00
 1744              	.LASF0:
 1745 01f4 7369676E 		.ascii	"signed char\000"
ARM GAS  C:\Users\Zachary\AppData\Local\Temp\ccMstX9n.s 			page 33


 1745      65642063 
 1745      68617200 
 1746              		.ident	"GCC: (GNU Tools for ARM Embedded Processors) 4.9.3 20150303 (release) [ARM/embedded-4_9-br
