ARM GAS  C:\Users\Zachary\AppData\Local\Temp\ccC1dokO.s 			page 1


   1              		.syntax unified
   2              		.cpu cortex-m3
   3              		.fpu softvfp
   4              		.eabi_attribute 20, 1
   5              		.eabi_attribute 21, 1
   6              		.eabi_attribute 23, 3
   7              		.eabi_attribute 24, 1
   8              		.eabi_attribute 25, 1
   9              		.eabi_attribute 26, 1
  10              		.eabi_attribute 30, 1
  11              		.eabi_attribute 34, 1
  12              		.eabi_attribute 18, 4
  13              		.thumb
  14              		.file	"I2S_PM.c"
  15              		.text
  16              	.Ltext0:
  17              		.cfi_sections	.debug_frame
  18              		.section	.text.I2S_SaveConfig,"ax",%progbits
  19              		.align	2
  20              		.global	I2S_SaveConfig
  21              		.thumb
  22              		.thumb_func
  23              		.type	I2S_SaveConfig, %function
  24              	I2S_SaveConfig:
  25              	.LFB0:
  26              		.file 1 ".\\Generated_Source\\PSoC5\\I2S_PM.c"
   1:.\Generated_Source\PSoC5/I2S_PM.c **** /*******************************************************************************
   2:.\Generated_Source\PSoC5/I2S_PM.c **** * File Name: I2S_PM.c
   3:.\Generated_Source\PSoC5/I2S_PM.c **** * Version 2.60
   4:.\Generated_Source\PSoC5/I2S_PM.c **** *
   5:.\Generated_Source\PSoC5/I2S_PM.c **** * Description:
   6:.\Generated_Source\PSoC5/I2S_PM.c **** *  This file contains the setup, control and status commands to support
   7:.\Generated_Source\PSoC5/I2S_PM.c **** *  component operations in low power mode.
   8:.\Generated_Source\PSoC5/I2S_PM.c **** *
   9:.\Generated_Source\PSoC5/I2S_PM.c **** * Note:
  10:.\Generated_Source\PSoC5/I2S_PM.c **** *
  11:.\Generated_Source\PSoC5/I2S_PM.c **** ********************************************************************************
  12:.\Generated_Source\PSoC5/I2S_PM.c **** * Copyright 2008-2014, Cypress Semiconductor Corporation.  All rights reserved.
  13:.\Generated_Source\PSoC5/I2S_PM.c **** * You may use this file only in accordance with the license, terms, conditions,
  14:.\Generated_Source\PSoC5/I2S_PM.c **** * disclaimers, and limitations in the end user license agreement accompanying
  15:.\Generated_Source\PSoC5/I2S_PM.c **** * the software package with which this file was provided.
  16:.\Generated_Source\PSoC5/I2S_PM.c **** *******************************************************************************/
  17:.\Generated_Source\PSoC5/I2S_PM.c **** 
  18:.\Generated_Source\PSoC5/I2S_PM.c **** #include "I2S.h"
  19:.\Generated_Source\PSoC5/I2S_PM.c **** 
  20:.\Generated_Source\PSoC5/I2S_PM.c **** static I2S_BACKUP_STRUCT  I2S_backup = {0u};
  21:.\Generated_Source\PSoC5/I2S_PM.c **** 
  22:.\Generated_Source\PSoC5/I2S_PM.c **** 
  23:.\Generated_Source\PSoC5/I2S_PM.c **** /*******************************************************************************
  24:.\Generated_Source\PSoC5/I2S_PM.c **** * Function Name: I2S_SaveConfig
  25:.\Generated_Source\PSoC5/I2S_PM.c **** ********************************************************************************
  26:.\Generated_Source\PSoC5/I2S_PM.c **** *
  27:.\Generated_Source\PSoC5/I2S_PM.c **** * Summary:
  28:.\Generated_Source\PSoC5/I2S_PM.c **** *  Empty function. Left to preserve backward compatibility.
  29:.\Generated_Source\PSoC5/I2S_PM.c **** *
  30:.\Generated_Source\PSoC5/I2S_PM.c **** * Parameters:
  31:.\Generated_Source\PSoC5/I2S_PM.c **** *  None.
ARM GAS  C:\Users\Zachary\AppData\Local\Temp\ccC1dokO.s 			page 2


  32:.\Generated_Source\PSoC5/I2S_PM.c **** *
  33:.\Generated_Source\PSoC5/I2S_PM.c **** * Return:
  34:.\Generated_Source\PSoC5/I2S_PM.c **** *  None.
  35:.\Generated_Source\PSoC5/I2S_PM.c **** *
  36:.\Generated_Source\PSoC5/I2S_PM.c **** *******************************************************************************/
  37:.\Generated_Source\PSoC5/I2S_PM.c **** void I2S_SaveConfig(void) 
  38:.\Generated_Source\PSoC5/I2S_PM.c **** {
  27              		.loc 1 38 0
  28              		.cfi_startproc
  29              		@ args = 0, pretend = 0, frame = 0
  30              		@ frame_needed = 0, uses_anonymous_args = 0
  31              		@ link register save eliminated.
  32 0000 7047     		bx	lr
  33              		.cfi_endproc
  34              	.LFE0:
  35              		.size	I2S_SaveConfig, .-I2S_SaveConfig
  36 0002 00BF     		.section	.text.I2S_RestoreConfig,"ax",%progbits
  37              		.align	2
  38              		.global	I2S_RestoreConfig
  39              		.thumb
  40              		.thumb_func
  41              		.type	I2S_RestoreConfig, %function
  42              	I2S_RestoreConfig:
  43              	.LFB1:
  39:.\Generated_Source\PSoC5/I2S_PM.c ****     /* Nothing to save. All registers are retention. */
  40:.\Generated_Source\PSoC5/I2S_PM.c **** }
  41:.\Generated_Source\PSoC5/I2S_PM.c **** 
  42:.\Generated_Source\PSoC5/I2S_PM.c **** 
  43:.\Generated_Source\PSoC5/I2S_PM.c **** /*******************************************************************************
  44:.\Generated_Source\PSoC5/I2S_PM.c **** * Function Name: I2S_RestoreConfig
  45:.\Generated_Source\PSoC5/I2S_PM.c **** ********************************************************************************
  46:.\Generated_Source\PSoC5/I2S_PM.c **** *
  47:.\Generated_Source\PSoC5/I2S_PM.c **** * Summary:
  48:.\Generated_Source\PSoC5/I2S_PM.c **** *  Empty function. Left to preserve backward compatibility.
  49:.\Generated_Source\PSoC5/I2S_PM.c **** *
  50:.\Generated_Source\PSoC5/I2S_PM.c **** * Parameters:
  51:.\Generated_Source\PSoC5/I2S_PM.c **** *  None.
  52:.\Generated_Source\PSoC5/I2S_PM.c **** *
  53:.\Generated_Source\PSoC5/I2S_PM.c **** * Return:
  54:.\Generated_Source\PSoC5/I2S_PM.c **** *  None.
  55:.\Generated_Source\PSoC5/I2S_PM.c **** *
  56:.\Generated_Source\PSoC5/I2S_PM.c **** *******************************************************************************/
  57:.\Generated_Source\PSoC5/I2S_PM.c **** void I2S_RestoreConfig(void) 
  58:.\Generated_Source\PSoC5/I2S_PM.c **** {
  44              		.loc 1 58 0
  45              		.cfi_startproc
  46              		@ args = 0, pretend = 0, frame = 0
  47              		@ frame_needed = 0, uses_anonymous_args = 0
  48              		@ link register save eliminated.
  49 0000 7047     		bx	lr
  50              		.cfi_endproc
  51              	.LFE1:
  52              		.size	I2S_RestoreConfig, .-I2S_RestoreConfig
  53 0002 00BF     		.section	.text.I2S_Sleep,"ax",%progbits
  54              		.align	2
  55              		.global	I2S_Sleep
  56              		.thumb
ARM GAS  C:\Users\Zachary\AppData\Local\Temp\ccC1dokO.s 			page 3


  57              		.thumb_func
  58              		.type	I2S_Sleep, %function
  59              	I2S_Sleep:
  60              	.LFB2:
  59:.\Generated_Source\PSoC5/I2S_PM.c ****     /* Nothing to restore. All registers are retention. */
  60:.\Generated_Source\PSoC5/I2S_PM.c **** }
  61:.\Generated_Source\PSoC5/I2S_PM.c **** 
  62:.\Generated_Source\PSoC5/I2S_PM.c **** 
  63:.\Generated_Source\PSoC5/I2S_PM.c **** /*******************************************************************************
  64:.\Generated_Source\PSoC5/I2S_PM.c **** * Function Name: I2S_Sleep
  65:.\Generated_Source\PSoC5/I2S_PM.c **** ********************************************************************************
  66:.\Generated_Source\PSoC5/I2S_PM.c **** *
  67:.\Generated_Source\PSoC5/I2S_PM.c **** * Summary:
  68:.\Generated_Source\PSoC5/I2S_PM.c **** *  Prepares I2S for entering sleep mode.
  69:.\Generated_Source\PSoC5/I2S_PM.c **** *
  70:.\Generated_Source\PSoC5/I2S_PM.c **** * Parameters:
  71:.\Generated_Source\PSoC5/I2S_PM.c **** *  None.
  72:.\Generated_Source\PSoC5/I2S_PM.c **** *
  73:.\Generated_Source\PSoC5/I2S_PM.c **** * Return:
  74:.\Generated_Source\PSoC5/I2S_PM.c **** *  None.
  75:.\Generated_Source\PSoC5/I2S_PM.c **** *
  76:.\Generated_Source\PSoC5/I2S_PM.c **** * Global Variables:
  77:.\Generated_Source\PSoC5/I2S_PM.c **** *  I2S_backup - used to store component state prior entering 
  78:.\Generated_Source\PSoC5/I2S_PM.c **** *    sleep mode.
  79:.\Generated_Source\PSoC5/I2S_PM.c **** *
  80:.\Generated_Source\PSoC5/I2S_PM.c **** * Reentrant:
  81:.\Generated_Source\PSoC5/I2S_PM.c **** *  No.
  82:.\Generated_Source\PSoC5/I2S_PM.c **** *
  83:.\Generated_Source\PSoC5/I2S_PM.c **** *******************************************************************************/
  84:.\Generated_Source\PSoC5/I2S_PM.c **** void I2S_Sleep(void) 
  85:.\Generated_Source\PSoC5/I2S_PM.c **** {
  61              		.loc 1 85 0
  62              		.cfi_startproc
  63              		@ args = 0, pretend = 0, frame = 0
  64              		@ frame_needed = 0, uses_anonymous_args = 0
  65              		.loc 1 85 0
  66 0000 08B5     		push	{r3, lr}
  67              		.cfi_def_cfa_offset 8
  68              		.cfi_offset 3, -8
  69              		.cfi_offset 14, -4
  86:.\Generated_Source\PSoC5/I2S_PM.c ****     /* Get component state */
  87:.\Generated_Source\PSoC5/I2S_PM.c ****     I2S_backup.enableState = I2S_CONTROL_REG;
  70              		.loc 1 87 0
  71 0002 034B     		ldr	r3, .L5
  72 0004 1A78     		ldrb	r2, [r3]	@ zero_extendqisi2
  73 0006 034B     		ldr	r3, .L5+4
  74 0008 1A70     		strb	r2, [r3]
  88:.\Generated_Source\PSoC5/I2S_PM.c **** 
  89:.\Generated_Source\PSoC5/I2S_PM.c ****     /* Stop component */
  90:.\Generated_Source\PSoC5/I2S_PM.c ****     I2S_Stop();
  75              		.loc 1 90 0
  76 000a FFF7FEFF 		bl	I2S_Stop
  77              	.LVL0:
  78 000e 08BD     		pop	{r3, pc}
  79              	.L6:
  80              		.align	2
  81              	.L5:
ARM GAS  C:\Users\Zachary\AppData\Local\Temp\ccC1dokO.s 			page 4


  82 0010 75640040 		.word	1073767541
  83 0014 00000000 		.word	.LANCHOR0
  84              		.cfi_endproc
  85              	.LFE2:
  86              		.size	I2S_Sleep, .-I2S_Sleep
  87              		.section	.text.I2S_Wakeup,"ax",%progbits
  88              		.align	2
  89              		.global	I2S_Wakeup
  90              		.thumb
  91              		.thumb_func
  92              		.type	I2S_Wakeup, %function
  93              	I2S_Wakeup:
  94              	.LFB3:
  91:.\Generated_Source\PSoC5/I2S_PM.c **** }
  92:.\Generated_Source\PSoC5/I2S_PM.c **** 
  93:.\Generated_Source\PSoC5/I2S_PM.c **** 
  94:.\Generated_Source\PSoC5/I2S_PM.c **** /*******************************************************************************
  95:.\Generated_Source\PSoC5/I2S_PM.c **** * Function Name: I2S_Wakeup
  96:.\Generated_Source\PSoC5/I2S_PM.c **** ********************************************************************************
  97:.\Generated_Source\PSoC5/I2S_PM.c **** *
  98:.\Generated_Source\PSoC5/I2S_PM.c **** * Summary:
  99:.\Generated_Source\PSoC5/I2S_PM.c **** *  Prepares I2S for exit from sleep mode.
 100:.\Generated_Source\PSoC5/I2S_PM.c **** *
 101:.\Generated_Source\PSoC5/I2S_PM.c **** * Parameters:
 102:.\Generated_Source\PSoC5/I2S_PM.c **** *  None.
 103:.\Generated_Source\PSoC5/I2S_PM.c **** *
 104:.\Generated_Source\PSoC5/I2S_PM.c **** * Return:
 105:.\Generated_Source\PSoC5/I2S_PM.c **** *  None.
 106:.\Generated_Source\PSoC5/I2S_PM.c **** *
 107:.\Generated_Source\PSoC5/I2S_PM.c **** * Global Variables:
 108:.\Generated_Source\PSoC5/I2S_PM.c **** *  I2S_backup - used to restore component state after exit from
 109:.\Generated_Source\PSoC5/I2S_PM.c **** *    sleep mode.
 110:.\Generated_Source\PSoC5/I2S_PM.c **** *
 111:.\Generated_Source\PSoC5/I2S_PM.c **** *******************************************************************************/
 112:.\Generated_Source\PSoC5/I2S_PM.c **** void I2S_Wakeup(void) 
 113:.\Generated_Source\PSoC5/I2S_PM.c **** {
  95              		.loc 1 113 0
  96              		.cfi_startproc
  97              		@ args = 0, pretend = 0, frame = 0
  98              		@ frame_needed = 0, uses_anonymous_args = 0
  99 0000 08B5     		push	{r3, lr}
 100              		.cfi_def_cfa_offset 8
 101              		.cfi_offset 3, -8
 102              		.cfi_offset 14, -4
 114:.\Generated_Source\PSoC5/I2S_PM.c ****     #if (I2S_DYNAMIC_BIT_RESOLUTION)
 115:.\Generated_Source\PSoC5/I2S_PM.c ****         I2S_CONTROL_REG = I2S_backup.enableState & I2S_BIT_RESOLUTION_MODE_MASK;
 116:.\Generated_Source\PSoC5/I2S_PM.c ****     #endif /* I2S_DYNAMIC_BIT_RESOLUTION */
 117:.\Generated_Source\PSoC5/I2S_PM.c **** 
 118:.\Generated_Source\PSoC5/I2S_PM.c ****     if(0u != (I2S_backup.enableState & I2S_EN))
 103              		.loc 1 118 0
 104 0002 0B4B     		ldr	r3, .L11
 105 0004 1B78     		ldrb	r3, [r3]	@ zero_extendqisi2
 106 0006 13F0040F 		tst	r3, #4
 107 000a 0FD0     		beq	.L7
 119:.\Generated_Source\PSoC5/I2S_PM.c ****     {
 120:.\Generated_Source\PSoC5/I2S_PM.c ****         /* Enable component's operation */
 121:.\Generated_Source\PSoC5/I2S_PM.c ****         I2S_Enable();
ARM GAS  C:\Users\Zachary\AppData\Local\Temp\ccC1dokO.s 			page 5


 108              		.loc 1 121 0
 109 000c FFF7FEFF 		bl	I2S_Enable
 110              	.LVL1:
 122:.\Generated_Source\PSoC5/I2S_PM.c **** 
 123:.\Generated_Source\PSoC5/I2S_PM.c ****         /* Enable Tx/Rx direction if they were enabled before sleep */
 124:.\Generated_Source\PSoC5/I2S_PM.c ****         #if(I2S_TX_DIRECTION_ENABLE)
 125:.\Generated_Source\PSoC5/I2S_PM.c ****             if(0u != (I2S_backup.enableState & I2S_TX_EN))
 111              		.loc 1 125 0
 112 0010 074B     		ldr	r3, .L11
 113 0012 1B78     		ldrb	r3, [r3]	@ zero_extendqisi2
 114 0014 13F0010F 		tst	r3, #1
 115 0018 01D0     		beq	.L9
 126:.\Generated_Source\PSoC5/I2S_PM.c ****             {
 127:.\Generated_Source\PSoC5/I2S_PM.c ****                 I2S_EnableTx();
 116              		.loc 1 127 0
 117 001a FFF7FEFF 		bl	I2S_EnableTx
 118              	.LVL2:
 119              	.L9:
 128:.\Generated_Source\PSoC5/I2S_PM.c ****             }
 129:.\Generated_Source\PSoC5/I2S_PM.c ****         #endif /* (I2S_TX_DIRECTION_ENABLE) */
 130:.\Generated_Source\PSoC5/I2S_PM.c ****         
 131:.\Generated_Source\PSoC5/I2S_PM.c ****         #if(I2S_RX_DIRECTION_ENABLE)
 132:.\Generated_Source\PSoC5/I2S_PM.c ****             if(0u != (I2S_backup.enableState & I2S_RX_EN))
 120              		.loc 1 132 0
 121 001e 044B     		ldr	r3, .L11
 122 0020 1B78     		ldrb	r3, [r3]	@ zero_extendqisi2
 123 0022 13F0020F 		tst	r3, #2
 124 0026 01D0     		beq	.L7
 133:.\Generated_Source\PSoC5/I2S_PM.c ****             {
 134:.\Generated_Source\PSoC5/I2S_PM.c ****                 I2S_EnableRx();
 125              		.loc 1 134 0
 126 0028 FFF7FEFF 		bl	I2S_EnableRx
 127              	.LVL3:
 128              	.L7:
 129 002c 08BD     		pop	{r3, pc}
 130              	.L12:
 131 002e 00BF     		.align	2
 132              	.L11:
 133 0030 00000000 		.word	.LANCHOR0
 134              		.cfi_endproc
 135              	.LFE3:
 136              		.size	I2S_Wakeup, .-I2S_Wakeup
 137              		.bss
 138              		.align	2
 139              		.set	.LANCHOR0,. + 0
 140              		.type	I2S_backup, %object
 141              		.size	I2S_backup, 1
 142              	I2S_backup:
 143 0000 00       		.space	1
 144 0001 000000   		.text
 145              	.Letext0:
 146              		.file 2 ".\\Generated_Source\\PSoC5\\cytypes.h"
 147              		.file 3 ".\\Generated_Source\\PSoC5\\I2S.h"
 148              		.section	.debug_info,"",%progbits
 149              	.Ldebug_info0:
 150 0000 57010000 		.4byte	0x157
 151 0004 0400     		.2byte	0x4
ARM GAS  C:\Users\Zachary\AppData\Local\Temp\ccC1dokO.s 			page 6


 152 0006 00000000 		.4byte	.Ldebug_abbrev0
 153 000a 04       		.byte	0x4
 154 000b 01       		.uleb128 0x1
 155 000c F9000000 		.4byte	.LASF23
 156 0010 01       		.byte	0x1
 157 0011 61000000 		.4byte	.LASF24
 158 0015 0B000000 		.4byte	.LASF25
 159 0019 00000000 		.4byte	.Ldebug_ranges0+0
 160 001d 00000000 		.4byte	0
 161 0021 00000000 		.4byte	.Ldebug_line0
 162 0025 02       		.uleb128 0x2
 163 0026 01       		.byte	0x1
 164 0027 06       		.byte	0x6
 165 0028 0B020000 		.4byte	.LASF0
 166 002c 02       		.uleb128 0x2
 167 002d 01       		.byte	0x1
 168 002e 08       		.byte	0x8
 169 002f A5000000 		.4byte	.LASF1
 170 0033 02       		.uleb128 0x2
 171 0034 02       		.byte	0x2
 172 0035 05       		.byte	0x5
 173 0036 E6010000 		.4byte	.LASF2
 174 003a 02       		.uleb128 0x2
 175 003b 02       		.byte	0x2
 176 003c 07       		.byte	0x7
 177 003d CA000000 		.4byte	.LASF3
 178 0041 02       		.uleb128 0x2
 179 0042 04       		.byte	0x4
 180 0043 05       		.byte	0x5
 181 0044 F6010000 		.4byte	.LASF4
 182 0048 02       		.uleb128 0x2
 183 0049 04       		.byte	0x4
 184 004a 07       		.byte	0x7
 185 004b B8000000 		.4byte	.LASF5
 186 004f 02       		.uleb128 0x2
 187 0050 08       		.byte	0x8
 188 0051 05       		.byte	0x5
 189 0052 B4010000 		.4byte	.LASF6
 190 0056 02       		.uleb128 0x2
 191 0057 08       		.byte	0x8
 192 0058 07       		.byte	0x7
 193 0059 94010000 		.4byte	.LASF7
 194 005d 03       		.uleb128 0x3
 195 005e 04       		.byte	0x4
 196 005f 05       		.byte	0x5
 197 0060 696E7400 		.ascii	"int\000"
 198 0064 02       		.uleb128 0x2
 199 0065 04       		.byte	0x4
 200 0066 07       		.byte	0x7
 201 0067 87010000 		.4byte	.LASF8
 202 006b 04       		.uleb128 0x4
 203 006c F0010000 		.4byte	.LASF12
 204 0070 02       		.byte	0x2
 205 0071 5B       		.byte	0x5b
 206 0072 2C000000 		.4byte	0x2c
 207 0076 02       		.uleb128 0x2
 208 0077 04       		.byte	0x4
ARM GAS  C:\Users\Zachary\AppData\Local\Temp\ccC1dokO.s 			page 7


 209 0078 04       		.byte	0x4
 210 0079 9F000000 		.4byte	.LASF9
 211 007d 02       		.uleb128 0x2
 212 007e 08       		.byte	0x8
 213 007f 04       		.byte	0x4
 214 0080 E7000000 		.4byte	.LASF10
 215 0084 02       		.uleb128 0x2
 216 0085 01       		.byte	0x1
 217 0086 08       		.byte	0x8
 218 0087 CF010000 		.4byte	.LASF11
 219 008b 04       		.uleb128 0x4
 220 008c B3000000 		.4byte	.LASF13
 221 0090 02       		.byte	0x2
 222 0091 F0       		.byte	0xf0
 223 0092 96000000 		.4byte	0x96
 224 0096 05       		.uleb128 0x5
 225 0097 6B000000 		.4byte	0x6b
 226 009b 06       		.uleb128 0x6
 227 009c 01       		.byte	0x1
 228 009d 03       		.byte	0x3
 229 009e 1D       		.byte	0x1d
 230 009f B0000000 		.4byte	0xb0
 231 00a3 07       		.uleb128 0x7
 232 00a4 FF010000 		.4byte	.LASF26
 233 00a8 03       		.byte	0x3
 234 00a9 1F       		.byte	0x1f
 235 00aa 6B000000 		.4byte	0x6b
 236 00ae 00       		.byte	0
 237 00af 00       		.byte	0
 238 00b0 04       		.uleb128 0x4
 239 00b1 D4010000 		.4byte	.LASF14
 240 00b5 03       		.byte	0x3
 241 00b6 21       		.byte	0x21
 242 00b7 9B000000 		.4byte	0x9b
 243 00bb 08       		.uleb128 0x8
 244 00bc 83000000 		.4byte	.LASF15
 245 00c0 01       		.byte	0x1
 246 00c1 25       		.byte	0x25
 247 00c2 00000000 		.4byte	.LFB0
 248 00c6 02000000 		.4byte	.LFE0-.LFB0
 249 00ca 01       		.uleb128 0x1
 250 00cb 9C       		.byte	0x9c
 251 00cc 08       		.uleb128 0x8
 252 00cd 17020000 		.4byte	.LASF16
 253 00d1 01       		.byte	0x1
 254 00d2 39       		.byte	0x39
 255 00d3 00000000 		.4byte	.LFB1
 256 00d7 02000000 		.4byte	.LFE1-.LFB1
 257 00db 01       		.uleb128 0x1
 258 00dc 9C       		.byte	0x9c
 259 00dd 09       		.uleb128 0x9
 260 00de DD000000 		.4byte	.LASF17
 261 00e2 01       		.byte	0x1
 262 00e3 54       		.byte	0x54
 263 00e4 00000000 		.4byte	.LFB2
 264 00e8 18000000 		.4byte	.LFE2-.LFB2
 265 00ec 01       		.uleb128 0x1
ARM GAS  C:\Users\Zachary\AppData\Local\Temp\ccC1dokO.s 			page 8


 266 00ed 9C       		.byte	0x9c
 267 00ee FC000000 		.4byte	0xfc
 268 00f2 0A       		.uleb128 0xa
 269 00f3 0E000000 		.4byte	.LVL0
 270 00f7 3E010000 		.4byte	0x13e
 271 00fb 00       		.byte	0
 272 00fc 09       		.uleb128 0x9
 273 00fd 29020000 		.4byte	.LASF18
 274 0101 01       		.byte	0x1
 275 0102 70       		.byte	0x70
 276 0103 00000000 		.4byte	.LFB3
 277 0107 34000000 		.4byte	.LFE3-.LFB3
 278 010b 01       		.uleb128 0x1
 279 010c 9C       		.byte	0x9c
 280 010d 2D010000 		.4byte	0x12d
 281 0111 0A       		.uleb128 0xa
 282 0112 10000000 		.4byte	.LVL1
 283 0116 45010000 		.4byte	0x145
 284 011a 0A       		.uleb128 0xa
 285 011b 1E000000 		.4byte	.LVL2
 286 011f 4C010000 		.4byte	0x14c
 287 0123 0A       		.uleb128 0xa
 288 0124 2C000000 		.4byte	.LVL3
 289 0128 53010000 		.4byte	0x153
 290 012c 00       		.byte	0
 291 012d 0B       		.uleb128 0xb
 292 012e 00000000 		.4byte	.LASF27
 293 0132 01       		.byte	0x1
 294 0133 14       		.byte	0x14
 295 0134 B0000000 		.4byte	0xb0
 296 0138 05       		.uleb128 0x5
 297 0139 03       		.byte	0x3
 298 013a 00000000 		.4byte	I2S_backup
 299 013e 0C       		.uleb128 0xc
 300 013f AB010000 		.4byte	.LASF19
 301 0143 03       		.byte	0x3
 302 0144 29       		.byte	0x29
 303 0145 0C       		.uleb128 0xc
 304 0146 EE000000 		.4byte	.LASF20
 305 014a 03       		.byte	0x3
 306 014b 2B       		.byte	0x2b
 307 014c 0C       		.uleb128 0xc
 308 014d 92000000 		.4byte	.LASF21
 309 0151 03       		.byte	0x3
 310 0152 34       		.byte	0x34
 311 0153 0C       		.uleb128 0xc
 312 0154 C2010000 		.4byte	.LASF22
 313 0158 03       		.byte	0x3
 314 0159 3A       		.byte	0x3a
 315 015a 00       		.byte	0
 316              		.section	.debug_abbrev,"",%progbits
 317              	.Ldebug_abbrev0:
 318 0000 01       		.uleb128 0x1
 319 0001 11       		.uleb128 0x11
 320 0002 01       		.byte	0x1
 321 0003 25       		.uleb128 0x25
 322 0004 0E       		.uleb128 0xe
ARM GAS  C:\Users\Zachary\AppData\Local\Temp\ccC1dokO.s 			page 9


 323 0005 13       		.uleb128 0x13
 324 0006 0B       		.uleb128 0xb
 325 0007 03       		.uleb128 0x3
 326 0008 0E       		.uleb128 0xe
 327 0009 1B       		.uleb128 0x1b
 328 000a 0E       		.uleb128 0xe
 329 000b 55       		.uleb128 0x55
 330 000c 17       		.uleb128 0x17
 331 000d 11       		.uleb128 0x11
 332 000e 01       		.uleb128 0x1
 333 000f 10       		.uleb128 0x10
 334 0010 17       		.uleb128 0x17
 335 0011 00       		.byte	0
 336 0012 00       		.byte	0
 337 0013 02       		.uleb128 0x2
 338 0014 24       		.uleb128 0x24
 339 0015 00       		.byte	0
 340 0016 0B       		.uleb128 0xb
 341 0017 0B       		.uleb128 0xb
 342 0018 3E       		.uleb128 0x3e
 343 0019 0B       		.uleb128 0xb
 344 001a 03       		.uleb128 0x3
 345 001b 0E       		.uleb128 0xe
 346 001c 00       		.byte	0
 347 001d 00       		.byte	0
 348 001e 03       		.uleb128 0x3
 349 001f 24       		.uleb128 0x24
 350 0020 00       		.byte	0
 351 0021 0B       		.uleb128 0xb
 352 0022 0B       		.uleb128 0xb
 353 0023 3E       		.uleb128 0x3e
 354 0024 0B       		.uleb128 0xb
 355 0025 03       		.uleb128 0x3
 356 0026 08       		.uleb128 0x8
 357 0027 00       		.byte	0
 358 0028 00       		.byte	0
 359 0029 04       		.uleb128 0x4
 360 002a 16       		.uleb128 0x16
 361 002b 00       		.byte	0
 362 002c 03       		.uleb128 0x3
 363 002d 0E       		.uleb128 0xe
 364 002e 3A       		.uleb128 0x3a
 365 002f 0B       		.uleb128 0xb
 366 0030 3B       		.uleb128 0x3b
 367 0031 0B       		.uleb128 0xb
 368 0032 49       		.uleb128 0x49
 369 0033 13       		.uleb128 0x13
 370 0034 00       		.byte	0
 371 0035 00       		.byte	0
 372 0036 05       		.uleb128 0x5
 373 0037 35       		.uleb128 0x35
 374 0038 00       		.byte	0
 375 0039 49       		.uleb128 0x49
 376 003a 13       		.uleb128 0x13
 377 003b 00       		.byte	0
 378 003c 00       		.byte	0
 379 003d 06       		.uleb128 0x6
ARM GAS  C:\Users\Zachary\AppData\Local\Temp\ccC1dokO.s 			page 10


 380 003e 13       		.uleb128 0x13
 381 003f 01       		.byte	0x1
 382 0040 0B       		.uleb128 0xb
 383 0041 0B       		.uleb128 0xb
 384 0042 3A       		.uleb128 0x3a
 385 0043 0B       		.uleb128 0xb
 386 0044 3B       		.uleb128 0x3b
 387 0045 0B       		.uleb128 0xb
 388 0046 01       		.uleb128 0x1
 389 0047 13       		.uleb128 0x13
 390 0048 00       		.byte	0
 391 0049 00       		.byte	0
 392 004a 07       		.uleb128 0x7
 393 004b 0D       		.uleb128 0xd
 394 004c 00       		.byte	0
 395 004d 03       		.uleb128 0x3
 396 004e 0E       		.uleb128 0xe
 397 004f 3A       		.uleb128 0x3a
 398 0050 0B       		.uleb128 0xb
 399 0051 3B       		.uleb128 0x3b
 400 0052 0B       		.uleb128 0xb
 401 0053 49       		.uleb128 0x49
 402 0054 13       		.uleb128 0x13
 403 0055 38       		.uleb128 0x38
 404 0056 0B       		.uleb128 0xb
 405 0057 00       		.byte	0
 406 0058 00       		.byte	0
 407 0059 08       		.uleb128 0x8
 408 005a 2E       		.uleb128 0x2e
 409 005b 00       		.byte	0
 410 005c 3F       		.uleb128 0x3f
 411 005d 19       		.uleb128 0x19
 412 005e 03       		.uleb128 0x3
 413 005f 0E       		.uleb128 0xe
 414 0060 3A       		.uleb128 0x3a
 415 0061 0B       		.uleb128 0xb
 416 0062 3B       		.uleb128 0x3b
 417 0063 0B       		.uleb128 0xb
 418 0064 27       		.uleb128 0x27
 419 0065 19       		.uleb128 0x19
 420 0066 11       		.uleb128 0x11
 421 0067 01       		.uleb128 0x1
 422 0068 12       		.uleb128 0x12
 423 0069 06       		.uleb128 0x6
 424 006a 40       		.uleb128 0x40
 425 006b 18       		.uleb128 0x18
 426 006c 9742     		.uleb128 0x2117
 427 006e 19       		.uleb128 0x19
 428 006f 00       		.byte	0
 429 0070 00       		.byte	0
 430 0071 09       		.uleb128 0x9
 431 0072 2E       		.uleb128 0x2e
 432 0073 01       		.byte	0x1
 433 0074 3F       		.uleb128 0x3f
 434 0075 19       		.uleb128 0x19
 435 0076 03       		.uleb128 0x3
 436 0077 0E       		.uleb128 0xe
ARM GAS  C:\Users\Zachary\AppData\Local\Temp\ccC1dokO.s 			page 11


 437 0078 3A       		.uleb128 0x3a
 438 0079 0B       		.uleb128 0xb
 439 007a 3B       		.uleb128 0x3b
 440 007b 0B       		.uleb128 0xb
 441 007c 27       		.uleb128 0x27
 442 007d 19       		.uleb128 0x19
 443 007e 11       		.uleb128 0x11
 444 007f 01       		.uleb128 0x1
 445 0080 12       		.uleb128 0x12
 446 0081 06       		.uleb128 0x6
 447 0082 40       		.uleb128 0x40
 448 0083 18       		.uleb128 0x18
 449 0084 9742     		.uleb128 0x2117
 450 0086 19       		.uleb128 0x19
 451 0087 01       		.uleb128 0x1
 452 0088 13       		.uleb128 0x13
 453 0089 00       		.byte	0
 454 008a 00       		.byte	0
 455 008b 0A       		.uleb128 0xa
 456 008c 898201   		.uleb128 0x4109
 457 008f 00       		.byte	0
 458 0090 11       		.uleb128 0x11
 459 0091 01       		.uleb128 0x1
 460 0092 31       		.uleb128 0x31
 461 0093 13       		.uleb128 0x13
 462 0094 00       		.byte	0
 463 0095 00       		.byte	0
 464 0096 0B       		.uleb128 0xb
 465 0097 34       		.uleb128 0x34
 466 0098 00       		.byte	0
 467 0099 03       		.uleb128 0x3
 468 009a 0E       		.uleb128 0xe
 469 009b 3A       		.uleb128 0x3a
 470 009c 0B       		.uleb128 0xb
 471 009d 3B       		.uleb128 0x3b
 472 009e 0B       		.uleb128 0xb
 473 009f 49       		.uleb128 0x49
 474 00a0 13       		.uleb128 0x13
 475 00a1 02       		.uleb128 0x2
 476 00a2 18       		.uleb128 0x18
 477 00a3 00       		.byte	0
 478 00a4 00       		.byte	0
 479 00a5 0C       		.uleb128 0xc
 480 00a6 2E       		.uleb128 0x2e
 481 00a7 00       		.byte	0
 482 00a8 3F       		.uleb128 0x3f
 483 00a9 19       		.uleb128 0x19
 484 00aa 03       		.uleb128 0x3
 485 00ab 0E       		.uleb128 0xe
 486 00ac 3A       		.uleb128 0x3a
 487 00ad 0B       		.uleb128 0xb
 488 00ae 3B       		.uleb128 0x3b
 489 00af 0B       		.uleb128 0xb
 490 00b0 27       		.uleb128 0x27
 491 00b1 19       		.uleb128 0x19
 492 00b2 3C       		.uleb128 0x3c
 493 00b3 19       		.uleb128 0x19
ARM GAS  C:\Users\Zachary\AppData\Local\Temp\ccC1dokO.s 			page 12


 494 00b4 00       		.byte	0
 495 00b5 00       		.byte	0
 496 00b6 00       		.byte	0
 497              		.section	.debug_aranges,"",%progbits
 498 0000 34000000 		.4byte	0x34
 499 0004 0200     		.2byte	0x2
 500 0006 00000000 		.4byte	.Ldebug_info0
 501 000a 04       		.byte	0x4
 502 000b 00       		.byte	0
 503 000c 0000     		.2byte	0
 504 000e 0000     		.2byte	0
 505 0010 00000000 		.4byte	.LFB0
 506 0014 02000000 		.4byte	.LFE0-.LFB0
 507 0018 00000000 		.4byte	.LFB1
 508 001c 02000000 		.4byte	.LFE1-.LFB1
 509 0020 00000000 		.4byte	.LFB2
 510 0024 18000000 		.4byte	.LFE2-.LFB2
 511 0028 00000000 		.4byte	.LFB3
 512 002c 34000000 		.4byte	.LFE3-.LFB3
 513 0030 00000000 		.4byte	0
 514 0034 00000000 		.4byte	0
 515              		.section	.debug_ranges,"",%progbits
 516              	.Ldebug_ranges0:
 517 0000 00000000 		.4byte	.LFB0
 518 0004 02000000 		.4byte	.LFE0
 519 0008 00000000 		.4byte	.LFB1
 520 000c 02000000 		.4byte	.LFE1
 521 0010 00000000 		.4byte	.LFB2
 522 0014 18000000 		.4byte	.LFE2
 523 0018 00000000 		.4byte	.LFB3
 524 001c 34000000 		.4byte	.LFE3
 525 0020 00000000 		.4byte	0
 526 0024 00000000 		.4byte	0
 527              		.section	.debug_line,"",%progbits
 528              	.Ldebug_line0:
 529 0000 9B000000 		.section	.debug_str,"MS",%progbits,1
 529      02004E00 
 529      00000201 
 529      FB0E0D00 
 529      01010101 
 530              	.LASF27:
 531 0000 4932535F 		.ascii	"I2S_backup\000"
 531      6261636B 
 531      757000
 532              	.LASF25:
 533 000b 433A5C55 		.ascii	"C:\\Users\\Zachary\\Documents\\GitHub\\Chip-Design\\"
 533      73657273 
 533      5C5A6163 
 533      68617279 
 533      5C446F63 
 534 0039 70726F6A 		.ascii	"proj_asic\\psoc\\I2S\\Wave Generator.cydsn\000"
 534      5F617369 
 534      635C7073 
 534      6F635C49 
 534      32535C57 
 535              	.LASF24:
 536 0061 2E5C4765 		.ascii	".\\Generated_Source\\PSoC5\\I2S_PM.c\000"
ARM GAS  C:\Users\Zachary\AppData\Local\Temp\ccC1dokO.s 			page 13


 536      6E657261 
 536      7465645F 
 536      536F7572 
 536      63655C50 
 537              	.LASF15:
 538 0083 4932535F 		.ascii	"I2S_SaveConfig\000"
 538      53617665 
 538      436F6E66 
 538      696700
 539              	.LASF21:
 540 0092 4932535F 		.ascii	"I2S_EnableTx\000"
 540      456E6162 
 540      6C655478 
 540      00
 541              	.LASF9:
 542 009f 666C6F61 		.ascii	"float\000"
 542      7400
 543              	.LASF1:
 544 00a5 756E7369 		.ascii	"unsigned char\000"
 544      676E6564 
 544      20636861 
 544      7200
 545              	.LASF13:
 546 00b3 72656738 		.ascii	"reg8\000"
 546      00
 547              	.LASF5:
 548 00b8 6C6F6E67 		.ascii	"long unsigned int\000"
 548      20756E73 
 548      69676E65 
 548      6420696E 
 548      7400
 549              	.LASF3:
 550 00ca 73686F72 		.ascii	"short unsigned int\000"
 550      7420756E 
 550      7369676E 
 550      65642069 
 550      6E7400
 551              	.LASF17:
 552 00dd 4932535F 		.ascii	"I2S_Sleep\000"
 552      536C6565 
 552      7000
 553              	.LASF10:
 554 00e7 646F7562 		.ascii	"double\000"
 554      6C6500
 555              	.LASF20:
 556 00ee 4932535F 		.ascii	"I2S_Enable\000"
 556      456E6162 
 556      6C6500
 557              	.LASF23:
 558 00f9 474E5520 		.ascii	"GNU C 4.9.3 20150303 (release) [ARM/embedded-4_9-br"
 558      4320342E 
 558      392E3320 
 558      32303135 
 558      30333033 
 559 012c 616E6368 		.ascii	"anch revision 221220] -mcpu=cortex-m3 -mthumb -g -O"
 559      20726576 
 559      6973696F 
ARM GAS  C:\Users\Zachary\AppData\Local\Temp\ccC1dokO.s 			page 14


 559      6E203232 
 559      31323230 
 560 015f 67202D66 		.ascii	"g -ffunction-sections -ffat-lto-objects\000"
 560      66756E63 
 560      74696F6E 
 560      2D736563 
 560      74696F6E 
 561              	.LASF8:
 562 0187 756E7369 		.ascii	"unsigned int\000"
 562      676E6564 
 562      20696E74 
 562      00
 563              	.LASF7:
 564 0194 6C6F6E67 		.ascii	"long long unsigned int\000"
 564      206C6F6E 
 564      6720756E 
 564      7369676E 
 564      65642069 
 565              	.LASF19:
 566 01ab 4932535F 		.ascii	"I2S_Stop\000"
 566      53746F70 
 566      00
 567              	.LASF6:
 568 01b4 6C6F6E67 		.ascii	"long long int\000"
 568      206C6F6E 
 568      6720696E 
 568      7400
 569              	.LASF22:
 570 01c2 4932535F 		.ascii	"I2S_EnableRx\000"
 570      456E6162 
 570      6C655278 
 570      00
 571              	.LASF11:
 572 01cf 63686172 		.ascii	"char\000"
 572      00
 573              	.LASF14:
 574 01d4 4932535F 		.ascii	"I2S_BACKUP_STRUCT\000"
 574      4241434B 
 574      55505F53 
 574      54525543 
 574      5400
 575              	.LASF2:
 576 01e6 73686F72 		.ascii	"short int\000"
 576      7420696E 
 576      7400
 577              	.LASF12:
 578 01f0 75696E74 		.ascii	"uint8\000"
 578      3800
 579              	.LASF4:
 580 01f6 6C6F6E67 		.ascii	"long int\000"
 580      20696E74 
 580      00
 581              	.LASF26:
 582 01ff 656E6162 		.ascii	"enableState\000"
 582      6C655374 
 582      61746500 
 583              	.LASF0:
ARM GAS  C:\Users\Zachary\AppData\Local\Temp\ccC1dokO.s 			page 15


 584 020b 7369676E 		.ascii	"signed char\000"
 584      65642063 
 584      68617200 
 585              	.LASF16:
 586 0217 4932535F 		.ascii	"I2S_RestoreConfig\000"
 586      52657374 
 586      6F726543 
 586      6F6E6669 
 586      6700
 587              	.LASF18:
 588 0229 4932535F 		.ascii	"I2S_Wakeup\000"
 588      57616B65 
 588      757000
 589              		.ident	"GCC: (GNU Tools for ARM Embedded Processors) 4.9.3 20150303 (release) [ARM/embedded-4_9-br
