ARM GAS  C:\Users\Zachary\AppData\Local\Temp\cc21aRuC.s 			page 1


   1              		.syntax unified
   2              		.cpu cortex-m3
   3              		.fpu softvfp
   4              		.eabi_attribute 20, 1
   5              		.eabi_attribute 21, 1
   6              		.eabi_attribute 23, 3
   7              		.eabi_attribute 24, 1
   8              		.eabi_attribute 25, 1
   9              		.eabi_attribute 26, 1
  10              		.eabi_attribute 30, 1
  11              		.eabi_attribute 34, 1
  12              		.eabi_attribute 18, 4
  13              		.thumb
  14              		.file	"RxDMA_1_dma.c"
  15              		.text
  16              	.Ltext0:
  17              		.cfi_sections	.debug_frame
  18              		.section	.text.RxDMA_1_DmaInitialize,"ax",%progbits
  19              		.align	2
  20              		.global	RxDMA_1_DmaInitialize
  21              		.thumb
  22              		.thumb_func
  23              		.type	RxDMA_1_DmaInitialize, %function
  24              	RxDMA_1_DmaInitialize:
  25              	.LFB0:
  26              		.file 1 ".\\Generated_Source\\PSoC5\\RxDMA_1_dma.c"
   1:.\Generated_Source\PSoC5/RxDMA_1_dma.c **** /***************************************************************************
   2:.\Generated_Source\PSoC5/RxDMA_1_dma.c **** * File Name: RxDMA_1_dma.c  
   3:.\Generated_Source\PSoC5/RxDMA_1_dma.c **** * Version 1.70
   4:.\Generated_Source\PSoC5/RxDMA_1_dma.c **** *
   5:.\Generated_Source\PSoC5/RxDMA_1_dma.c **** *  Description:
   6:.\Generated_Source\PSoC5/RxDMA_1_dma.c **** *   Provides an API for the DMAC component. The API includes functions
   7:.\Generated_Source\PSoC5/RxDMA_1_dma.c **** *   for the DMA controller, DMA channels and Transfer Descriptors.
   8:.\Generated_Source\PSoC5/RxDMA_1_dma.c **** *
   9:.\Generated_Source\PSoC5/RxDMA_1_dma.c **** *
  10:.\Generated_Source\PSoC5/RxDMA_1_dma.c **** *   Note:
  11:.\Generated_Source\PSoC5/RxDMA_1_dma.c **** *     This module requires the developer to finish or fill in the auto
  12:.\Generated_Source\PSoC5/RxDMA_1_dma.c **** *     generated funcions and setup the dma channel and TD's.
  13:.\Generated_Source\PSoC5/RxDMA_1_dma.c **** *
  14:.\Generated_Source\PSoC5/RxDMA_1_dma.c **** ********************************************************************************
  15:.\Generated_Source\PSoC5/RxDMA_1_dma.c **** * Copyright 2008-2010, Cypress Semiconductor Corporation.  All rights reserved.
  16:.\Generated_Source\PSoC5/RxDMA_1_dma.c **** * You may use this file only in accordance with the license, terms, conditions, 
  17:.\Generated_Source\PSoC5/RxDMA_1_dma.c **** * disclaimers, and limitations in the end user license agreement accompanying 
  18:.\Generated_Source\PSoC5/RxDMA_1_dma.c **** * the software package with which this file was provided.
  19:.\Generated_Source\PSoC5/RxDMA_1_dma.c **** ********************************************************************************/
  20:.\Generated_Source\PSoC5/RxDMA_1_dma.c **** #include <CYLIB.H>
  21:.\Generated_Source\PSoC5/RxDMA_1_dma.c **** #include <CYDMAC.H>
  22:.\Generated_Source\PSoC5/RxDMA_1_dma.c **** #include <RxDMA_1_dma.H>
  23:.\Generated_Source\PSoC5/RxDMA_1_dma.c **** 
  24:.\Generated_Source\PSoC5/RxDMA_1_dma.c **** 
  25:.\Generated_Source\PSoC5/RxDMA_1_dma.c **** 
  26:.\Generated_Source\PSoC5/RxDMA_1_dma.c **** /****************************************************************************
  27:.\Generated_Source\PSoC5/RxDMA_1_dma.c **** * 
  28:.\Generated_Source\PSoC5/RxDMA_1_dma.c **** * The following defines are available in Cyfitter.h
  29:.\Generated_Source\PSoC5/RxDMA_1_dma.c **** * 
  30:.\Generated_Source\PSoC5/RxDMA_1_dma.c **** * 
  31:.\Generated_Source\PSoC5/RxDMA_1_dma.c **** * 
ARM GAS  C:\Users\Zachary\AppData\Local\Temp\cc21aRuC.s 			page 2


  32:.\Generated_Source\PSoC5/RxDMA_1_dma.c **** * RxDMA_1__DRQ_CTL_REG
  33:.\Generated_Source\PSoC5/RxDMA_1_dma.c **** * 
  34:.\Generated_Source\PSoC5/RxDMA_1_dma.c **** * 
  35:.\Generated_Source\PSoC5/RxDMA_1_dma.c **** * RxDMA_1__DRQ_NUMBER
  36:.\Generated_Source\PSoC5/RxDMA_1_dma.c **** * 
  37:.\Generated_Source\PSoC5/RxDMA_1_dma.c **** * Number of TD's used by this channel.
  38:.\Generated_Source\PSoC5/RxDMA_1_dma.c **** * RxDMA_1__NUMBEROF_TDS
  39:.\Generated_Source\PSoC5/RxDMA_1_dma.c **** * 
  40:.\Generated_Source\PSoC5/RxDMA_1_dma.c **** * Priority of this channel.
  41:.\Generated_Source\PSoC5/RxDMA_1_dma.c **** * RxDMA_1__PRIORITY
  42:.\Generated_Source\PSoC5/RxDMA_1_dma.c **** * 
  43:.\Generated_Source\PSoC5/RxDMA_1_dma.c **** * True if RxDMA_1_TERMIN_SEL is used.
  44:.\Generated_Source\PSoC5/RxDMA_1_dma.c **** * RxDMA_1__TERMIN_EN
  45:.\Generated_Source\PSoC5/RxDMA_1_dma.c **** * 
  46:.\Generated_Source\PSoC5/RxDMA_1_dma.c **** * TERMIN interrupt line to signal terminate.
  47:.\Generated_Source\PSoC5/RxDMA_1_dma.c **** * RxDMA_1__TERMIN_SEL
  48:.\Generated_Source\PSoC5/RxDMA_1_dma.c **** * 
  49:.\Generated_Source\PSoC5/RxDMA_1_dma.c **** * 
  50:.\Generated_Source\PSoC5/RxDMA_1_dma.c **** * True if RxDMA_1_TERMOUT0_SEL is used.
  51:.\Generated_Source\PSoC5/RxDMA_1_dma.c **** * RxDMA_1__TERMOUT0_EN
  52:.\Generated_Source\PSoC5/RxDMA_1_dma.c **** * 
  53:.\Generated_Source\PSoC5/RxDMA_1_dma.c **** * 
  54:.\Generated_Source\PSoC5/RxDMA_1_dma.c **** * TERMOUT0 interrupt line to signal completion.
  55:.\Generated_Source\PSoC5/RxDMA_1_dma.c **** * RxDMA_1__TERMOUT0_SEL
  56:.\Generated_Source\PSoC5/RxDMA_1_dma.c **** * 
  57:.\Generated_Source\PSoC5/RxDMA_1_dma.c **** * 
  58:.\Generated_Source\PSoC5/RxDMA_1_dma.c **** * True if RxDMA_1_TERMOUT1_SEL is used.
  59:.\Generated_Source\PSoC5/RxDMA_1_dma.c **** * RxDMA_1__TERMOUT1_EN
  60:.\Generated_Source\PSoC5/RxDMA_1_dma.c **** * 
  61:.\Generated_Source\PSoC5/RxDMA_1_dma.c **** * 
  62:.\Generated_Source\PSoC5/RxDMA_1_dma.c **** * TERMOUT1 interrupt line to signal completion.
  63:.\Generated_Source\PSoC5/RxDMA_1_dma.c **** * RxDMA_1__TERMOUT1_SEL
  64:.\Generated_Source\PSoC5/RxDMA_1_dma.c **** * 
  65:.\Generated_Source\PSoC5/RxDMA_1_dma.c **** ****************************************************************************/
  66:.\Generated_Source\PSoC5/RxDMA_1_dma.c **** 
  67:.\Generated_Source\PSoC5/RxDMA_1_dma.c **** 
  68:.\Generated_Source\PSoC5/RxDMA_1_dma.c **** /* Zero based index of RxDMA_1 dma channel */
  69:.\Generated_Source\PSoC5/RxDMA_1_dma.c **** uint8 RxDMA_1_DmaHandle = DMA_INVALID_CHANNEL;
  70:.\Generated_Source\PSoC5/RxDMA_1_dma.c **** 
  71:.\Generated_Source\PSoC5/RxDMA_1_dma.c **** /*********************************************************************
  72:.\Generated_Source\PSoC5/RxDMA_1_dma.c **** * Function Name: uint8 RxDMA_1_DmaInitalize
  73:.\Generated_Source\PSoC5/RxDMA_1_dma.c **** **********************************************************************
  74:.\Generated_Source\PSoC5/RxDMA_1_dma.c **** * Summary:
  75:.\Generated_Source\PSoC5/RxDMA_1_dma.c **** *   Allocates and initialises a channel of the DMAC to be used by the
  76:.\Generated_Source\PSoC5/RxDMA_1_dma.c **** *   caller.
  77:.\Generated_Source\PSoC5/RxDMA_1_dma.c **** *
  78:.\Generated_Source\PSoC5/RxDMA_1_dma.c **** * Parameters:
  79:.\Generated_Source\PSoC5/RxDMA_1_dma.c **** *   BurstCount.
  80:.\Generated_Source\PSoC5/RxDMA_1_dma.c **** *       
  81:.\Generated_Source\PSoC5/RxDMA_1_dma.c **** *       
  82:.\Generated_Source\PSoC5/RxDMA_1_dma.c **** *   ReqestPerBurst.
  83:.\Generated_Source\PSoC5/RxDMA_1_dma.c **** *       
  84:.\Generated_Source\PSoC5/RxDMA_1_dma.c **** *       
  85:.\Generated_Source\PSoC5/RxDMA_1_dma.c **** *   UpperSrcAddress.
  86:.\Generated_Source\PSoC5/RxDMA_1_dma.c **** *       
  87:.\Generated_Source\PSoC5/RxDMA_1_dma.c **** *       
  88:.\Generated_Source\PSoC5/RxDMA_1_dma.c **** *   UpperDestAddress.
ARM GAS  C:\Users\Zachary\AppData\Local\Temp\cc21aRuC.s 			page 3


  89:.\Generated_Source\PSoC5/RxDMA_1_dma.c **** *       
  90:.\Generated_Source\PSoC5/RxDMA_1_dma.c **** *
  91:.\Generated_Source\PSoC5/RxDMA_1_dma.c **** * Return:
  92:.\Generated_Source\PSoC5/RxDMA_1_dma.c **** *   The channel that can be used by the caller for DMA activity.
  93:.\Generated_Source\PSoC5/RxDMA_1_dma.c **** *   DMA_INVALID_CHANNEL (0xFF) if there are no channels left. 
  94:.\Generated_Source\PSoC5/RxDMA_1_dma.c **** *
  95:.\Generated_Source\PSoC5/RxDMA_1_dma.c **** *
  96:.\Generated_Source\PSoC5/RxDMA_1_dma.c **** *******************************************************************/
  97:.\Generated_Source\PSoC5/RxDMA_1_dma.c **** uint8 RxDMA_1_DmaInitialize(uint8 BurstCount, uint8 ReqestPerBurst, uint16 UpperSrcAddress, uint16 
  98:.\Generated_Source\PSoC5/RxDMA_1_dma.c **** {
  27              		.loc 1 98 0
  28              		.cfi_startproc
  29              		@ args = 0, pretend = 0, frame = 0
  30              		@ frame_needed = 0, uses_anonymous_args = 0
  31              	.LVL0:
  32 0000 F0B5     		push	{r4, r5, r6, r7, lr}
  33              		.cfi_def_cfa_offset 20
  34              		.cfi_offset 4, -20
  35              		.cfi_offset 5, -16
  36              		.cfi_offset 6, -12
  37              		.cfi_offset 7, -8
  38              		.cfi_offset 14, -4
  39 0002 83B0     		sub	sp, sp, #12
  40              		.cfi_def_cfa_offset 32
  41 0004 8646     		mov	lr, r0
  42 0006 0F46     		mov	r7, r1
  43 0008 1646     		mov	r6, r2
  44 000a 1D46     		mov	r5, r3
  99:.\Generated_Source\PSoC5/RxDMA_1_dma.c **** 
 100:.\Generated_Source\PSoC5/RxDMA_1_dma.c ****     /* Allocate a DMA channel. */
 101:.\Generated_Source\PSoC5/RxDMA_1_dma.c ****     RxDMA_1_DmaHandle = (uint8)RxDMA_1__DRQ_NUMBER;
  45              		.loc 1 101 0
  46 000c 0A4C     		ldr	r4, .L3
  47 000e 0120     		movs	r0, #1
  48              	.LVL1:
  49 0010 2070     		strb	r0, [r4]
 102:.\Generated_Source\PSoC5/RxDMA_1_dma.c **** 
 103:.\Generated_Source\PSoC5/RxDMA_1_dma.c ****     /* Configure the channel. */
 104:.\Generated_Source\PSoC5/RxDMA_1_dma.c ****     (void)CyDmaChSetConfiguration(RxDMA_1_DmaHandle,
  50              		.loc 1 104 0
  51 0012 0023     		movs	r3, #0
  52              	.LVL2:
  53 0014 0093     		str	r3, [sp]
  54 0016 0193     		str	r3, [sp, #4]
  55 0018 7146     		mov	r1, lr
  56              	.LVL3:
  57 001a 3A46     		mov	r2, r7
  58              	.LVL4:
  59 001c FFF7FEFF 		bl	CyDmaChSetConfiguration
  60              	.LVL5:
 105:.\Generated_Source\PSoC5/RxDMA_1_dma.c ****                                   BurstCount,
 106:.\Generated_Source\PSoC5/RxDMA_1_dma.c ****                                   ReqestPerBurst,
 107:.\Generated_Source\PSoC5/RxDMA_1_dma.c ****                                   (uint8)RxDMA_1__TERMOUT0_SEL,
 108:.\Generated_Source\PSoC5/RxDMA_1_dma.c ****                                   (uint8)RxDMA_1__TERMOUT1_SEL,
 109:.\Generated_Source\PSoC5/RxDMA_1_dma.c ****                                   (uint8)RxDMA_1__TERMIN_SEL);
 110:.\Generated_Source\PSoC5/RxDMA_1_dma.c **** 
 111:.\Generated_Source\PSoC5/RxDMA_1_dma.c ****     /* Set the extended address for the transfers */
ARM GAS  C:\Users\Zachary\AppData\Local\Temp\cc21aRuC.s 			page 4


 112:.\Generated_Source\PSoC5/RxDMA_1_dma.c ****     (void)CyDmaChSetExtendedAddress(RxDMA_1_DmaHandle, UpperSrcAddress, UpperDestAddress);
  61              		.loc 1 112 0
  62 0020 2078     		ldrb	r0, [r4]	@ zero_extendqisi2
  63 0022 3146     		mov	r1, r6
  64 0024 2A46     		mov	r2, r5
  65 0026 FFF7FEFF 		bl	CyDmaChSetExtendedAddress
  66              	.LVL6:
 113:.\Generated_Source\PSoC5/RxDMA_1_dma.c **** 
 114:.\Generated_Source\PSoC5/RxDMA_1_dma.c ****     /* Set the priority for this channel */
 115:.\Generated_Source\PSoC5/RxDMA_1_dma.c ****     (void)CyDmaChPriority(RxDMA_1_DmaHandle, (uint8)RxDMA_1__PRIORITY);
  67              		.loc 1 115 0
  68 002a 2078     		ldrb	r0, [r4]	@ zero_extendqisi2
  69 002c 0221     		movs	r1, #2
  70 002e FFF7FEFF 		bl	CyDmaChPriority
  71              	.LVL7:
 116:.\Generated_Source\PSoC5/RxDMA_1_dma.c ****     
 117:.\Generated_Source\PSoC5/RxDMA_1_dma.c ****     return RxDMA_1_DmaHandle;
 118:.\Generated_Source\PSoC5/RxDMA_1_dma.c **** }
  72              		.loc 1 118 0
  73 0032 2078     		ldrb	r0, [r4]	@ zero_extendqisi2
  74 0034 03B0     		add	sp, sp, #12
  75              		.cfi_def_cfa_offset 20
  76              		@ sp needed
  77 0036 F0BD     		pop	{r4, r5, r6, r7, pc}
  78              	.L4:
  79              		.align	2
  80              	.L3:
  81 0038 00000000 		.word	.LANCHOR0
  82              		.cfi_endproc
  83              	.LFE0:
  84              		.size	RxDMA_1_DmaInitialize, .-RxDMA_1_DmaInitialize
  85              		.section	.text.RxDMA_1_DmaRelease,"ax",%progbits
  86              		.align	2
  87              		.global	RxDMA_1_DmaRelease
  88              		.thumb
  89              		.thumb_func
  90              		.type	RxDMA_1_DmaRelease, %function
  91              	RxDMA_1_DmaRelease:
  92              	.LFB1:
 119:.\Generated_Source\PSoC5/RxDMA_1_dma.c **** 
 120:.\Generated_Source\PSoC5/RxDMA_1_dma.c **** /*********************************************************************
 121:.\Generated_Source\PSoC5/RxDMA_1_dma.c **** * Function Name: void RxDMA_1_DmaRelease
 122:.\Generated_Source\PSoC5/RxDMA_1_dma.c **** **********************************************************************
 123:.\Generated_Source\PSoC5/RxDMA_1_dma.c **** * Summary:
 124:.\Generated_Source\PSoC5/RxDMA_1_dma.c **** *   Frees the channel associated with RxDMA_1.
 125:.\Generated_Source\PSoC5/RxDMA_1_dma.c **** *
 126:.\Generated_Source\PSoC5/RxDMA_1_dma.c **** *
 127:.\Generated_Source\PSoC5/RxDMA_1_dma.c **** * Parameters:
 128:.\Generated_Source\PSoC5/RxDMA_1_dma.c **** *   void.
 129:.\Generated_Source\PSoC5/RxDMA_1_dma.c **** *
 130:.\Generated_Source\PSoC5/RxDMA_1_dma.c **** *
 131:.\Generated_Source\PSoC5/RxDMA_1_dma.c **** *
 132:.\Generated_Source\PSoC5/RxDMA_1_dma.c **** * Return:
 133:.\Generated_Source\PSoC5/RxDMA_1_dma.c **** *   void.
 134:.\Generated_Source\PSoC5/RxDMA_1_dma.c **** *
 135:.\Generated_Source\PSoC5/RxDMA_1_dma.c **** *******************************************************************/
 136:.\Generated_Source\PSoC5/RxDMA_1_dma.c **** void RxDMA_1_DmaRelease(void) 
ARM GAS  C:\Users\Zachary\AppData\Local\Temp\cc21aRuC.s 			page 5


 137:.\Generated_Source\PSoC5/RxDMA_1_dma.c **** {
  93              		.loc 1 137 0
  94              		.cfi_startproc
  95              		@ args = 0, pretend = 0, frame = 0
  96              		@ frame_needed = 0, uses_anonymous_args = 0
  97 0000 08B5     		push	{r3, lr}
  98              		.cfi_def_cfa_offset 8
  99              		.cfi_offset 3, -8
 100              		.cfi_offset 14, -4
 138:.\Generated_Source\PSoC5/RxDMA_1_dma.c ****     /* Disable the channel */
 139:.\Generated_Source\PSoC5/RxDMA_1_dma.c ****     (void)CyDmaChDisable(RxDMA_1_DmaHandle);
 101              		.loc 1 139 0
 102 0002 024B     		ldr	r3, .L7
 103 0004 1878     		ldrb	r0, [r3]	@ zero_extendqisi2
 104 0006 FFF7FEFF 		bl	CyDmaChDisable
 105              	.LVL8:
 106 000a 08BD     		pop	{r3, pc}
 107              	.L8:
 108              		.align	2
 109              	.L7:
 110 000c 00000000 		.word	.LANCHOR0
 111              		.cfi_endproc
 112              	.LFE1:
 113              		.size	RxDMA_1_DmaRelease, .-RxDMA_1_DmaRelease
 114              		.global	RxDMA_1_DmaHandle
 115              		.data
 116              		.set	.LANCHOR0,. + 0
 117              		.type	RxDMA_1_DmaHandle, %object
 118              		.size	RxDMA_1_DmaHandle, 1
 119              	RxDMA_1_DmaHandle:
 120 0000 FF       		.byte	-1
 121              		.text
 122              	.Letext0:
 123              		.file 2 "Generated_Source\\PSoC5/cytypes.h"
 124              		.file 3 "Generated_Source\\PSoC5/CYDMAC.H"
 125              		.section	.debug_info,"",%progbits
 126              	.Ldebug_info0:
 127 0000 F6010000 		.4byte	0x1f6
 128 0004 0400     		.2byte	0x4
 129 0006 00000000 		.4byte	.Ldebug_abbrev0
 130 000a 04       		.byte	0x4
 131 000b 01       		.uleb128 0x1
 132 000c 21010000 		.4byte	.LASF23
 133 0010 01       		.byte	0x1
 134 0011 2D020000 		.4byte	.LASF24
 135 0015 86000000 		.4byte	.LASF25
 136 0019 00000000 		.4byte	.Ldebug_ranges0+0
 137 001d 00000000 		.4byte	0
 138 0021 00000000 		.4byte	.Ldebug_line0
 139 0025 02       		.uleb128 0x2
 140 0026 04       		.byte	0x4
 141 0027 05       		.byte	0x5
 142 0028 696E7400 		.ascii	"int\000"
 143 002c 03       		.uleb128 0x3
 144 002d 04       		.byte	0x4
 145 002e 07       		.byte	0x7
 146 002f AF010000 		.4byte	.LASF0
ARM GAS  C:\Users\Zachary\AppData\Local\Temp\cc21aRuC.s 			page 6


 147 0033 03       		.uleb128 0x3
 148 0034 01       		.byte	0x1
 149 0035 06       		.byte	0x6
 150 0036 54020000 		.4byte	.LASF1
 151 003a 03       		.uleb128 0x3
 152 003b 01       		.byte	0x1
 153 003c 08       		.byte	0x8
 154 003d E2000000 		.4byte	.LASF2
 155 0041 03       		.uleb128 0x3
 156 0042 02       		.byte	0x2
 157 0043 05       		.byte	0x5
 158 0044 1A020000 		.4byte	.LASF3
 159 0048 03       		.uleb128 0x3
 160 0049 02       		.byte	0x2
 161 004a 07       		.byte	0x7
 162 004b 73000000 		.4byte	.LASF4
 163 004f 03       		.uleb128 0x3
 164 0050 04       		.byte	0x4
 165 0051 05       		.byte	0x5
 166 0052 24020000 		.4byte	.LASF5
 167 0056 03       		.uleb128 0x3
 168 0057 04       		.byte	0x4
 169 0058 07       		.byte	0x7
 170 0059 FB000000 		.4byte	.LASF6
 171 005d 03       		.uleb128 0x3
 172 005e 08       		.byte	0x8
 173 005f 05       		.byte	0x5
 174 0060 ED010000 		.4byte	.LASF7
 175 0064 03       		.uleb128 0x3
 176 0065 08       		.byte	0x8
 177 0066 07       		.byte	0x7
 178 0067 BC010000 		.4byte	.LASF8
 179 006b 03       		.uleb128 0x3
 180 006c 04       		.byte	0x4
 181 006d 07       		.byte	0x7
 182 006e E4010000 		.4byte	.LASF9
 183 0072 03       		.uleb128 0x3
 184 0073 01       		.byte	0x1
 185 0074 08       		.byte	0x8
 186 0075 15020000 		.4byte	.LASF10
 187 0079 04       		.uleb128 0x4
 188 007a 0D010000 		.4byte	.LASF11
 189 007e 02       		.byte	0x2
 190 007f 5B       		.byte	0x5b
 191 0080 3A000000 		.4byte	0x3a
 192 0084 04       		.uleb128 0x4
 193 0085 1A010000 		.4byte	.LASF12
 194 0089 02       		.byte	0x2
 195 008a 5C       		.byte	0x5c
 196 008b 48000000 		.4byte	0x48
 197 008f 03       		.uleb128 0x3
 198 0090 04       		.byte	0x4
 199 0091 04       		.byte	0x4
 200 0092 DC000000 		.4byte	.LASF13
 201 0096 03       		.uleb128 0x3
 202 0097 08       		.byte	0x8
 203 0098 04       		.byte	0x4
ARM GAS  C:\Users\Zachary\AppData\Local\Temp\cc21aRuC.s 			page 7


 204 0099 13010000 		.4byte	.LASF14
 205 009d 04       		.uleb128 0x4
 206 009e 13000000 		.4byte	.LASF15
 207 00a2 02       		.byte	0x2
 208 00a3 E8       		.byte	0xe8
 209 00a4 56000000 		.4byte	0x56
 210 00a8 05       		.uleb128 0x5
 211 00a9 4E000000 		.4byte	.LASF26
 212 00ad 01       		.byte	0x1
 213 00ae 61       		.byte	0x61
 214 00af 79000000 		.4byte	0x79
 215 00b3 00000000 		.4byte	.LFB0
 216 00b7 3C000000 		.4byte	.LFE0-.LFB0
 217 00bb 01       		.uleb128 0x1
 218 00bc 9C       		.byte	0x9c
 219 00bd 51010000 		.4byte	0x151
 220 00c1 06       		.uleb128 0x6
 221 00c2 F0000000 		.4byte	.LASF16
 222 00c6 01       		.byte	0x1
 223 00c7 61       		.byte	0x61
 224 00c8 79000000 		.4byte	0x79
 225 00cc 00000000 		.4byte	.LLST0
 226 00d0 06       		.uleb128 0x6
 227 00d1 64000000 		.4byte	.LASF17
 228 00d5 01       		.byte	0x1
 229 00d6 61       		.byte	0x61
 230 00d7 79000000 		.4byte	0x79
 231 00db 21000000 		.4byte	.LLST1
 232 00df 06       		.uleb128 0x6
 233 00e0 1C000000 		.4byte	.LASF18
 234 00e4 01       		.byte	0x1
 235 00e5 61       		.byte	0x61
 236 00e6 84000000 		.4byte	0x84
 237 00ea 42000000 		.4byte	.LLST2
 238 00ee 06       		.uleb128 0x6
 239 00ef D3010000 		.4byte	.LASF19
 240 00f3 01       		.byte	0x1
 241 00f4 61       		.byte	0x61
 242 00f5 84000000 		.4byte	0x84
 243 00f9 63000000 		.4byte	.LLST3
 244 00fd 07       		.uleb128 0x7
 245 00fe 20000000 		.4byte	.LVL5
 246 0102 81010000 		.4byte	0x181
 247 0106 27010000 		.4byte	0x127
 248 010a 08       		.uleb128 0x8
 249 010b 01       		.uleb128 0x1
 250 010c 53       		.byte	0x53
 251 010d 01       		.uleb128 0x1
 252 010e 30       		.byte	0x30
 253 010f 08       		.uleb128 0x8
 254 0110 01       		.uleb128 0x1
 255 0111 52       		.byte	0x52
 256 0112 02       		.uleb128 0x2
 257 0113 77       		.byte	0x77
 258 0114 00       		.sleb128 0
 259 0115 08       		.uleb128 0x8
 260 0116 01       		.uleb128 0x1
ARM GAS  C:\Users\Zachary\AppData\Local\Temp\cc21aRuC.s 			page 8


 261 0117 50       		.byte	0x50
 262 0118 01       		.uleb128 0x1
 263 0119 31       		.byte	0x31
 264 011a 08       		.uleb128 0x8
 265 011b 02       		.uleb128 0x2
 266 011c 7D       		.byte	0x7d
 267 011d 04       		.sleb128 4
 268 011e 01       		.uleb128 0x1
 269 011f 30       		.byte	0x30
 270 0120 08       		.uleb128 0x8
 271 0121 02       		.uleb128 0x2
 272 0122 7D       		.byte	0x7d
 273 0123 00       		.sleb128 0
 274 0124 01       		.uleb128 0x1
 275 0125 30       		.byte	0x30
 276 0126 00       		.byte	0
 277 0127 07       		.uleb128 0x7
 278 0128 2A000000 		.4byte	.LVL6
 279 012c AF010000 		.4byte	0x1af
 280 0130 41010000 		.4byte	0x141
 281 0134 08       		.uleb128 0x8
 282 0135 01       		.uleb128 0x1
 283 0136 52       		.byte	0x52
 284 0137 02       		.uleb128 0x2
 285 0138 75       		.byte	0x75
 286 0139 00       		.sleb128 0
 287 013a 08       		.uleb128 0x8
 288 013b 01       		.uleb128 0x1
 289 013c 51       		.byte	0x51
 290 013d 02       		.uleb128 0x2
 291 013e 76       		.byte	0x76
 292 013f 00       		.sleb128 0
 293 0140 00       		.byte	0
 294 0141 09       		.uleb128 0x9
 295 0142 32000000 		.4byte	.LVL7
 296 0146 CE010000 		.4byte	0x1ce
 297 014a 08       		.uleb128 0x8
 298 014b 01       		.uleb128 0x1
 299 014c 51       		.byte	0x51
 300 014d 01       		.uleb128 0x1
 301 014e 32       		.byte	0x32
 302 014f 00       		.byte	0
 303 0150 00       		.byte	0
 304 0151 0A       		.uleb128 0xa
 305 0152 00000000 		.4byte	.LASF27
 306 0156 01       		.byte	0x1
 307 0157 88       		.byte	0x88
 308 0158 00000000 		.4byte	.LFB1
 309 015c 10000000 		.4byte	.LFE1-.LFB1
 310 0160 01       		.uleb128 0x1
 311 0161 9C       		.byte	0x9c
 312 0162 70010000 		.4byte	0x170
 313 0166 0B       		.uleb128 0xb
 314 0167 0A000000 		.4byte	.LVL8
 315 016b E8010000 		.4byte	0x1e8
 316 016f 00       		.byte	0
 317 0170 0C       		.uleb128 0xc
ARM GAS  C:\Users\Zachary\AppData\Local\Temp\cc21aRuC.s 			page 9


 318 0171 3C000000 		.4byte	.LASF28
 319 0175 01       		.byte	0x1
 320 0176 45       		.byte	0x45
 321 0177 79000000 		.4byte	0x79
 322 017b 05       		.uleb128 0x5
 323 017c 03       		.byte	0x3
 324 017d 00000000 		.4byte	RxDMA_1_DmaHandle
 325 0181 0D       		.uleb128 0xd
 326 0182 6F020000 		.4byte	.LASF20
 327 0186 03       		.byte	0x3
 328 0187 34       		.byte	0x34
 329 0188 9D000000 		.4byte	0x9d
 330 018c AF010000 		.4byte	0x1af
 331 0190 0E       		.uleb128 0xe
 332 0191 79000000 		.4byte	0x79
 333 0195 0E       		.uleb128 0xe
 334 0196 79000000 		.4byte	0x79
 335 019a 0E       		.uleb128 0xe
 336 019b 79000000 		.4byte	0x79
 337 019f 0E       		.uleb128 0xe
 338 01a0 79000000 		.4byte	0x79
 339 01a4 0E       		.uleb128 0xe
 340 01a5 79000000 		.4byte	0x79
 341 01a9 0E       		.uleb128 0xe
 342 01aa 79000000 		.4byte	0x79
 343 01ae 00       		.byte	0
 344 01af 0D       		.uleb128 0xd
 345 01b0 FB010000 		.4byte	.LASF21
 346 01b4 03       		.byte	0x3
 347 01b5 2E       		.byte	0x2e
 348 01b6 9D000000 		.4byte	0x9d
 349 01ba CE010000 		.4byte	0x1ce
 350 01be 0E       		.uleb128 0xe
 351 01bf 79000000 		.4byte	0x79
 352 01c3 0E       		.uleb128 0xe
 353 01c4 84000000 		.4byte	0x84
 354 01c8 0E       		.uleb128 0xe
 355 01c9 84000000 		.4byte	0x84
 356 01cd 00       		.byte	0
 357 01ce 0D       		.uleb128 0xd
 358 01cf 2C000000 		.4byte	.LASF22
 359 01d3 03       		.byte	0x3
 360 01d4 2D       		.byte	0x2d
 361 01d5 9D000000 		.4byte	0x9d
 362 01d9 E8010000 		.4byte	0x1e8
 363 01dd 0E       		.uleb128 0xe
 364 01de 79000000 		.4byte	0x79
 365 01e2 0E       		.uleb128 0xe
 366 01e3 79000000 		.4byte	0x79
 367 01e7 00       		.byte	0
 368 01e8 0F       		.uleb128 0xf
 369 01e9 60020000 		.4byte	.LASF29
 370 01ed 03       		.byte	0x3
 371 01ee 2B       		.byte	0x2b
 372 01ef 9D000000 		.4byte	0x9d
 373 01f3 0E       		.uleb128 0xe
 374 01f4 79000000 		.4byte	0x79
ARM GAS  C:\Users\Zachary\AppData\Local\Temp\cc21aRuC.s 			page 10


 375 01f8 00       		.byte	0
 376 01f9 00       		.byte	0
 377              		.section	.debug_abbrev,"",%progbits
 378              	.Ldebug_abbrev0:
 379 0000 01       		.uleb128 0x1
 380 0001 11       		.uleb128 0x11
 381 0002 01       		.byte	0x1
 382 0003 25       		.uleb128 0x25
 383 0004 0E       		.uleb128 0xe
 384 0005 13       		.uleb128 0x13
 385 0006 0B       		.uleb128 0xb
 386 0007 03       		.uleb128 0x3
 387 0008 0E       		.uleb128 0xe
 388 0009 1B       		.uleb128 0x1b
 389 000a 0E       		.uleb128 0xe
 390 000b 55       		.uleb128 0x55
 391 000c 17       		.uleb128 0x17
 392 000d 11       		.uleb128 0x11
 393 000e 01       		.uleb128 0x1
 394 000f 10       		.uleb128 0x10
 395 0010 17       		.uleb128 0x17
 396 0011 00       		.byte	0
 397 0012 00       		.byte	0
 398 0013 02       		.uleb128 0x2
 399 0014 24       		.uleb128 0x24
 400 0015 00       		.byte	0
 401 0016 0B       		.uleb128 0xb
 402 0017 0B       		.uleb128 0xb
 403 0018 3E       		.uleb128 0x3e
 404 0019 0B       		.uleb128 0xb
 405 001a 03       		.uleb128 0x3
 406 001b 08       		.uleb128 0x8
 407 001c 00       		.byte	0
 408 001d 00       		.byte	0
 409 001e 03       		.uleb128 0x3
 410 001f 24       		.uleb128 0x24
 411 0020 00       		.byte	0
 412 0021 0B       		.uleb128 0xb
 413 0022 0B       		.uleb128 0xb
 414 0023 3E       		.uleb128 0x3e
 415 0024 0B       		.uleb128 0xb
 416 0025 03       		.uleb128 0x3
 417 0026 0E       		.uleb128 0xe
 418 0027 00       		.byte	0
 419 0028 00       		.byte	0
 420 0029 04       		.uleb128 0x4
 421 002a 16       		.uleb128 0x16
 422 002b 00       		.byte	0
 423 002c 03       		.uleb128 0x3
 424 002d 0E       		.uleb128 0xe
 425 002e 3A       		.uleb128 0x3a
 426 002f 0B       		.uleb128 0xb
 427 0030 3B       		.uleb128 0x3b
 428 0031 0B       		.uleb128 0xb
 429 0032 49       		.uleb128 0x49
 430 0033 13       		.uleb128 0x13
 431 0034 00       		.byte	0
ARM GAS  C:\Users\Zachary\AppData\Local\Temp\cc21aRuC.s 			page 11


 432 0035 00       		.byte	0
 433 0036 05       		.uleb128 0x5
 434 0037 2E       		.uleb128 0x2e
 435 0038 01       		.byte	0x1
 436 0039 3F       		.uleb128 0x3f
 437 003a 19       		.uleb128 0x19
 438 003b 03       		.uleb128 0x3
 439 003c 0E       		.uleb128 0xe
 440 003d 3A       		.uleb128 0x3a
 441 003e 0B       		.uleb128 0xb
 442 003f 3B       		.uleb128 0x3b
 443 0040 0B       		.uleb128 0xb
 444 0041 27       		.uleb128 0x27
 445 0042 19       		.uleb128 0x19
 446 0043 49       		.uleb128 0x49
 447 0044 13       		.uleb128 0x13
 448 0045 11       		.uleb128 0x11
 449 0046 01       		.uleb128 0x1
 450 0047 12       		.uleb128 0x12
 451 0048 06       		.uleb128 0x6
 452 0049 40       		.uleb128 0x40
 453 004a 18       		.uleb128 0x18
 454 004b 9742     		.uleb128 0x2117
 455 004d 19       		.uleb128 0x19
 456 004e 01       		.uleb128 0x1
 457 004f 13       		.uleb128 0x13
 458 0050 00       		.byte	0
 459 0051 00       		.byte	0
 460 0052 06       		.uleb128 0x6
 461 0053 05       		.uleb128 0x5
 462 0054 00       		.byte	0
 463 0055 03       		.uleb128 0x3
 464 0056 0E       		.uleb128 0xe
 465 0057 3A       		.uleb128 0x3a
 466 0058 0B       		.uleb128 0xb
 467 0059 3B       		.uleb128 0x3b
 468 005a 0B       		.uleb128 0xb
 469 005b 49       		.uleb128 0x49
 470 005c 13       		.uleb128 0x13
 471 005d 02       		.uleb128 0x2
 472 005e 17       		.uleb128 0x17
 473 005f 00       		.byte	0
 474 0060 00       		.byte	0
 475 0061 07       		.uleb128 0x7
 476 0062 898201   		.uleb128 0x4109
 477 0065 01       		.byte	0x1
 478 0066 11       		.uleb128 0x11
 479 0067 01       		.uleb128 0x1
 480 0068 31       		.uleb128 0x31
 481 0069 13       		.uleb128 0x13
 482 006a 01       		.uleb128 0x1
 483 006b 13       		.uleb128 0x13
 484 006c 00       		.byte	0
 485 006d 00       		.byte	0
 486 006e 08       		.uleb128 0x8
 487 006f 8A8201   		.uleb128 0x410a
 488 0072 00       		.byte	0
ARM GAS  C:\Users\Zachary\AppData\Local\Temp\cc21aRuC.s 			page 12


 489 0073 02       		.uleb128 0x2
 490 0074 18       		.uleb128 0x18
 491 0075 9142     		.uleb128 0x2111
 492 0077 18       		.uleb128 0x18
 493 0078 00       		.byte	0
 494 0079 00       		.byte	0
 495 007a 09       		.uleb128 0x9
 496 007b 898201   		.uleb128 0x4109
 497 007e 01       		.byte	0x1
 498 007f 11       		.uleb128 0x11
 499 0080 01       		.uleb128 0x1
 500 0081 31       		.uleb128 0x31
 501 0082 13       		.uleb128 0x13
 502 0083 00       		.byte	0
 503 0084 00       		.byte	0
 504 0085 0A       		.uleb128 0xa
 505 0086 2E       		.uleb128 0x2e
 506 0087 01       		.byte	0x1
 507 0088 3F       		.uleb128 0x3f
 508 0089 19       		.uleb128 0x19
 509 008a 03       		.uleb128 0x3
 510 008b 0E       		.uleb128 0xe
 511 008c 3A       		.uleb128 0x3a
 512 008d 0B       		.uleb128 0xb
 513 008e 3B       		.uleb128 0x3b
 514 008f 0B       		.uleb128 0xb
 515 0090 27       		.uleb128 0x27
 516 0091 19       		.uleb128 0x19
 517 0092 11       		.uleb128 0x11
 518 0093 01       		.uleb128 0x1
 519 0094 12       		.uleb128 0x12
 520 0095 06       		.uleb128 0x6
 521 0096 40       		.uleb128 0x40
 522 0097 18       		.uleb128 0x18
 523 0098 9742     		.uleb128 0x2117
 524 009a 19       		.uleb128 0x19
 525 009b 01       		.uleb128 0x1
 526 009c 13       		.uleb128 0x13
 527 009d 00       		.byte	0
 528 009e 00       		.byte	0
 529 009f 0B       		.uleb128 0xb
 530 00a0 898201   		.uleb128 0x4109
 531 00a3 00       		.byte	0
 532 00a4 11       		.uleb128 0x11
 533 00a5 01       		.uleb128 0x1
 534 00a6 31       		.uleb128 0x31
 535 00a7 13       		.uleb128 0x13
 536 00a8 00       		.byte	0
 537 00a9 00       		.byte	0
 538 00aa 0C       		.uleb128 0xc
 539 00ab 34       		.uleb128 0x34
 540 00ac 00       		.byte	0
 541 00ad 03       		.uleb128 0x3
 542 00ae 0E       		.uleb128 0xe
 543 00af 3A       		.uleb128 0x3a
 544 00b0 0B       		.uleb128 0xb
 545 00b1 3B       		.uleb128 0x3b
ARM GAS  C:\Users\Zachary\AppData\Local\Temp\cc21aRuC.s 			page 13


 546 00b2 0B       		.uleb128 0xb
 547 00b3 49       		.uleb128 0x49
 548 00b4 13       		.uleb128 0x13
 549 00b5 3F       		.uleb128 0x3f
 550 00b6 19       		.uleb128 0x19
 551 00b7 02       		.uleb128 0x2
 552 00b8 18       		.uleb128 0x18
 553 00b9 00       		.byte	0
 554 00ba 00       		.byte	0
 555 00bb 0D       		.uleb128 0xd
 556 00bc 2E       		.uleb128 0x2e
 557 00bd 01       		.byte	0x1
 558 00be 3F       		.uleb128 0x3f
 559 00bf 19       		.uleb128 0x19
 560 00c0 03       		.uleb128 0x3
 561 00c1 0E       		.uleb128 0xe
 562 00c2 3A       		.uleb128 0x3a
 563 00c3 0B       		.uleb128 0xb
 564 00c4 3B       		.uleb128 0x3b
 565 00c5 0B       		.uleb128 0xb
 566 00c6 27       		.uleb128 0x27
 567 00c7 19       		.uleb128 0x19
 568 00c8 49       		.uleb128 0x49
 569 00c9 13       		.uleb128 0x13
 570 00ca 3C       		.uleb128 0x3c
 571 00cb 19       		.uleb128 0x19
 572 00cc 01       		.uleb128 0x1
 573 00cd 13       		.uleb128 0x13
 574 00ce 00       		.byte	0
 575 00cf 00       		.byte	0
 576 00d0 0E       		.uleb128 0xe
 577 00d1 05       		.uleb128 0x5
 578 00d2 00       		.byte	0
 579 00d3 49       		.uleb128 0x49
 580 00d4 13       		.uleb128 0x13
 581 00d5 00       		.byte	0
 582 00d6 00       		.byte	0
 583 00d7 0F       		.uleb128 0xf
 584 00d8 2E       		.uleb128 0x2e
 585 00d9 01       		.byte	0x1
 586 00da 3F       		.uleb128 0x3f
 587 00db 19       		.uleb128 0x19
 588 00dc 03       		.uleb128 0x3
 589 00dd 0E       		.uleb128 0xe
 590 00de 3A       		.uleb128 0x3a
 591 00df 0B       		.uleb128 0xb
 592 00e0 3B       		.uleb128 0x3b
 593 00e1 0B       		.uleb128 0xb
 594 00e2 27       		.uleb128 0x27
 595 00e3 19       		.uleb128 0x19
 596 00e4 49       		.uleb128 0x49
 597 00e5 13       		.uleb128 0x13
 598 00e6 3C       		.uleb128 0x3c
 599 00e7 19       		.uleb128 0x19
 600 00e8 00       		.byte	0
 601 00e9 00       		.byte	0
 602 00ea 00       		.byte	0
ARM GAS  C:\Users\Zachary\AppData\Local\Temp\cc21aRuC.s 			page 14


 603              		.section	.debug_loc,"",%progbits
 604              	.Ldebug_loc0:
 605              	.LLST0:
 606 0000 00000000 		.4byte	.LVL0
 607 0004 10000000 		.4byte	.LVL1
 608 0008 0100     		.2byte	0x1
 609 000a 50       		.byte	0x50
 610 000b 10000000 		.4byte	.LVL1
 611 000f 3C000000 		.4byte	.LFE0
 612 0013 0400     		.2byte	0x4
 613 0015 F3       		.byte	0xf3
 614 0016 01       		.uleb128 0x1
 615 0017 50       		.byte	0x50
 616 0018 9F       		.byte	0x9f
 617 0019 00000000 		.4byte	0
 618 001d 00000000 		.4byte	0
 619              	.LLST1:
 620 0021 00000000 		.4byte	.LVL0
 621 0025 1A000000 		.4byte	.LVL3
 622 0029 0100     		.2byte	0x1
 623 002b 51       		.byte	0x51
 624 002c 1A000000 		.4byte	.LVL3
 625 0030 3C000000 		.4byte	.LFE0
 626 0034 0400     		.2byte	0x4
 627 0036 F3       		.byte	0xf3
 628 0037 01       		.uleb128 0x1
 629 0038 51       		.byte	0x51
 630 0039 9F       		.byte	0x9f
 631 003a 00000000 		.4byte	0
 632 003e 00000000 		.4byte	0
 633              	.LLST2:
 634 0042 00000000 		.4byte	.LVL0
 635 0046 1C000000 		.4byte	.LVL4
 636 004a 0100     		.2byte	0x1
 637 004c 52       		.byte	0x52
 638 004d 1C000000 		.4byte	.LVL4
 639 0051 3C000000 		.4byte	.LFE0
 640 0055 0400     		.2byte	0x4
 641 0057 F3       		.byte	0xf3
 642 0058 01       		.uleb128 0x1
 643 0059 52       		.byte	0x52
 644 005a 9F       		.byte	0x9f
 645 005b 00000000 		.4byte	0
 646 005f 00000000 		.4byte	0
 647              	.LLST3:
 648 0063 00000000 		.4byte	.LVL0
 649 0067 14000000 		.4byte	.LVL2
 650 006b 0100     		.2byte	0x1
 651 006d 53       		.byte	0x53
 652 006e 14000000 		.4byte	.LVL2
 653 0072 3C000000 		.4byte	.LFE0
 654 0076 0400     		.2byte	0x4
 655 0078 F3       		.byte	0xf3
 656 0079 01       		.uleb128 0x1
 657 007a 53       		.byte	0x53
 658 007b 9F       		.byte	0x9f
 659 007c 00000000 		.4byte	0
ARM GAS  C:\Users\Zachary\AppData\Local\Temp\cc21aRuC.s 			page 15


 660 0080 00000000 		.4byte	0
 661              		.section	.debug_aranges,"",%progbits
 662 0000 24000000 		.4byte	0x24
 663 0004 0200     		.2byte	0x2
 664 0006 00000000 		.4byte	.Ldebug_info0
 665 000a 04       		.byte	0x4
 666 000b 00       		.byte	0
 667 000c 0000     		.2byte	0
 668 000e 0000     		.2byte	0
 669 0010 00000000 		.4byte	.LFB0
 670 0014 3C000000 		.4byte	.LFE0-.LFB0
 671 0018 00000000 		.4byte	.LFB1
 672 001c 10000000 		.4byte	.LFE1-.LFB1
 673 0020 00000000 		.4byte	0
 674 0024 00000000 		.4byte	0
 675              		.section	.debug_ranges,"",%progbits
 676              	.Ldebug_ranges0:
 677 0000 00000000 		.4byte	.LFB0
 678 0004 3C000000 		.4byte	.LFE0
 679 0008 00000000 		.4byte	.LFB1
 680 000c 10000000 		.4byte	.LFE1
 681 0010 00000000 		.4byte	0
 682 0014 00000000 		.4byte	0
 683              		.section	.debug_line,"",%progbits
 684              	.Ldebug_line0:
 685 0000 99000000 		.section	.debug_str,"MS",%progbits,1
 685      02006D00 
 685      00000201 
 685      FB0E0D00 
 685      01010101 
 686              	.LASF27:
 687 0000 5278444D 		.ascii	"RxDMA_1_DmaRelease\000"
 687      415F315F 
 687      446D6152 
 687      656C6561 
 687      736500
 688              	.LASF15:
 689 0013 63797374 		.ascii	"cystatus\000"
 689      61747573 
 689      00
 690              	.LASF18:
 691 001c 55707065 		.ascii	"UpperSrcAddress\000"
 691      72537263 
 691      41646472 
 691      65737300 
 692              	.LASF22:
 693 002c 4379446D 		.ascii	"CyDmaChPriority\000"
 693      61436850 
 693      72696F72 
 693      69747900 
 694              	.LASF28:
 695 003c 5278444D 		.ascii	"RxDMA_1_DmaHandle\000"
 695      415F315F 
 695      446D6148 
 695      616E646C 
 695      6500
 696              	.LASF26:
ARM GAS  C:\Users\Zachary\AppData\Local\Temp\cc21aRuC.s 			page 16


 697 004e 5278444D 		.ascii	"RxDMA_1_DmaInitialize\000"
 697      415F315F 
 697      446D6149 
 697      6E697469 
 697      616C697A 
 698              	.LASF17:
 699 0064 52657165 		.ascii	"ReqestPerBurst\000"
 699      73745065 
 699      72427572 
 699      737400
 700              	.LASF4:
 701 0073 73686F72 		.ascii	"short unsigned int\000"
 701      7420756E 
 701      7369676E 
 701      65642069 
 701      6E7400
 702              	.LASF25:
 703 0086 433A5C55 		.ascii	"C:\\Users\\Zachary\\Documents\\GitHub\\Chip-Design\\"
 703      73657273 
 703      5C5A6163 
 703      68617279 
 703      5C446F63 
 704 00b4 70726F6A 		.ascii	"proj_asic\\psoc\\I2S\\Wave Generator.cydsn\000"
 704      5F617369 
 704      635C7073 
 704      6F635C49 
 704      32535C57 
 705              	.LASF13:
 706 00dc 666C6F61 		.ascii	"float\000"
 706      7400
 707              	.LASF2:
 708 00e2 756E7369 		.ascii	"unsigned char\000"
 708      676E6564 
 708      20636861 
 708      7200
 709              	.LASF16:
 710 00f0 42757273 		.ascii	"BurstCount\000"
 710      74436F75 
 710      6E7400
 711              	.LASF6:
 712 00fb 6C6F6E67 		.ascii	"long unsigned int\000"
 712      20756E73 
 712      69676E65 
 712      6420696E 
 712      7400
 713              	.LASF11:
 714 010d 75696E74 		.ascii	"uint8\000"
 714      3800
 715              	.LASF14:
 716 0113 646F7562 		.ascii	"double\000"
 716      6C6500
 717              	.LASF12:
 718 011a 75696E74 		.ascii	"uint16\000"
 718      313600
 719              	.LASF23:
 720 0121 474E5520 		.ascii	"GNU C 4.9.3 20150303 (release) [ARM/embedded-4_9-br"
 720      4320342E 
ARM GAS  C:\Users\Zachary\AppData\Local\Temp\cc21aRuC.s 			page 17


 720      392E3320 
 720      32303135 
 720      30333033 
 721 0154 616E6368 		.ascii	"anch revision 221220] -mcpu=cortex-m3 -mthumb -g -O"
 721      20726576 
 721      6973696F 
 721      6E203232 
 721      31323230 
 722 0187 67202D66 		.ascii	"g -ffunction-sections -ffat-lto-objects\000"
 722      66756E63 
 722      74696F6E 
 722      2D736563 
 722      74696F6E 
 723              	.LASF0:
 724 01af 756E7369 		.ascii	"unsigned int\000"
 724      676E6564 
 724      20696E74 
 724      00
 725              	.LASF8:
 726 01bc 6C6F6E67 		.ascii	"long long unsigned int\000"
 726      206C6F6E 
 726      6720756E 
 726      7369676E 
 726      65642069 
 727              	.LASF19:
 728 01d3 55707065 		.ascii	"UpperDestAddress\000"
 728      72446573 
 728      74416464 
 728      72657373 
 728      00
 729              	.LASF9:
 730 01e4 73697A65 		.ascii	"sizetype\000"
 730      74797065 
 730      00
 731              	.LASF7:
 732 01ed 6C6F6E67 		.ascii	"long long int\000"
 732      206C6F6E 
 732      6720696E 
 732      7400
 733              	.LASF21:
 734 01fb 4379446D 		.ascii	"CyDmaChSetExtendedAddress\000"
 734      61436853 
 734      65744578 
 734      74656E64 
 734      65644164 
 735              	.LASF10:
 736 0215 63686172 		.ascii	"char\000"
 736      00
 737              	.LASF3:
 738 021a 73686F72 		.ascii	"short int\000"
 738      7420696E 
 738      7400
 739              	.LASF5:
 740 0224 6C6F6E67 		.ascii	"long int\000"
 740      20696E74 
 740      00
 741              	.LASF24:
ARM GAS  C:\Users\Zachary\AppData\Local\Temp\cc21aRuC.s 			page 18


 742 022d 2E5C4765 		.ascii	".\\Generated_Source\\PSoC5\\RxDMA_1_dma.c\000"
 742      6E657261 
 742      7465645F 
 742      536F7572 
 742      63655C50 
 743              	.LASF1:
 744 0254 7369676E 		.ascii	"signed char\000"
 744      65642063 
 744      68617200 
 745              	.LASF29:
 746 0260 4379446D 		.ascii	"CyDmaChDisable\000"
 746      61436844 
 746      69736162 
 746      6C6500
 747              	.LASF20:
 748 026f 4379446D 		.ascii	"CyDmaChSetConfiguration\000"
 748      61436853 
 748      6574436F 
 748      6E666967 
 748      75726174 
 749              		.ident	"GCC: (GNU Tools for ARM Embedded Processors) 4.9.3 20150303 (release) [ARM/embedded-4_9-br
