ARM GAS  C:\Users\Ian\AppData\Local\Temp\ccAMh8Yf.s 			page 1


   1              		.syntax unified
   2              		.cpu cortex-m3
   3              		.fpu softvfp
   4              		.eabi_attribute 20, 1
   5              		.eabi_attribute 21, 1
   6              		.eabi_attribute 23, 3
   7              		.eabi_attribute 24, 1
   8              		.eabi_attribute 25, 1
   9              		.eabi_attribute 26, 1
  10              		.eabi_attribute 30, 1
  11              		.eabi_attribute 34, 1
  12              		.eabi_attribute 18, 4
  13              		.thumb
  14              		.file	"USBFS_vnd.c"
  15              		.text
  16              	.Ltext0:
  17              		.cfi_sections	.debug_frame
  18              		.section	.text.USBFS_HandleVendorRqst,"ax",%progbits
  19              		.align	2
  20              		.global	USBFS_HandleVendorRqst
  21              		.thumb
  22              		.thumb_func
  23              		.type	USBFS_HandleVendorRqst, %function
  24              	USBFS_HandleVendorRqst:
  25              	.LFB0:
  26              		.file 1 ".\\Generated_Source\\PSoC5\\USBFS_vnd.c"
   1:.\Generated_Source\PSoC5/USBFS_vnd.c **** /*******************************************************************************
   2:.\Generated_Source\PSoC5/USBFS_vnd.c **** * File Name: USBFS_vnd.c
   3:.\Generated_Source\PSoC5/USBFS_vnd.c **** * Version 2.80
   4:.\Generated_Source\PSoC5/USBFS_vnd.c **** *
   5:.\Generated_Source\PSoC5/USBFS_vnd.c **** * Description:
   6:.\Generated_Source\PSoC5/USBFS_vnd.c **** *  USB vendor request handler.
   7:.\Generated_Source\PSoC5/USBFS_vnd.c **** *
   8:.\Generated_Source\PSoC5/USBFS_vnd.c **** * Note:
   9:.\Generated_Source\PSoC5/USBFS_vnd.c **** *
  10:.\Generated_Source\PSoC5/USBFS_vnd.c **** ********************************************************************************
  11:.\Generated_Source\PSoC5/USBFS_vnd.c **** * Copyright 2008-2014, Cypress Semiconductor Corporation.  All rights reserved.
  12:.\Generated_Source\PSoC5/USBFS_vnd.c **** * You may use this file only in accordance with the license, terms, conditions,
  13:.\Generated_Source\PSoC5/USBFS_vnd.c **** * disclaimers, and limitations in the end user license agreement accompanying
  14:.\Generated_Source\PSoC5/USBFS_vnd.c **** * the software package with which this file was provided.
  15:.\Generated_Source\PSoC5/USBFS_vnd.c **** *******************************************************************************/
  16:.\Generated_Source\PSoC5/USBFS_vnd.c **** 
  17:.\Generated_Source\PSoC5/USBFS_vnd.c **** #include "USBFS.h"
  18:.\Generated_Source\PSoC5/USBFS_vnd.c **** #include "USBFS_pvt.h"
  19:.\Generated_Source\PSoC5/USBFS_vnd.c **** 
  20:.\Generated_Source\PSoC5/USBFS_vnd.c **** 
  21:.\Generated_Source\PSoC5/USBFS_vnd.c **** #if(USBFS_EXTERN_VND == USBFS_FALSE)
  22:.\Generated_Source\PSoC5/USBFS_vnd.c **** 
  23:.\Generated_Source\PSoC5/USBFS_vnd.c **** 
  24:.\Generated_Source\PSoC5/USBFS_vnd.c **** /***************************************
  25:.\Generated_Source\PSoC5/USBFS_vnd.c **** * Vendor Specific Declarations
  26:.\Generated_Source\PSoC5/USBFS_vnd.c **** ***************************************/
  27:.\Generated_Source\PSoC5/USBFS_vnd.c **** 
  28:.\Generated_Source\PSoC5/USBFS_vnd.c **** /* `#START VENDOR_SPECIFIC_DECLARATIONS` Place your declaration here */
  29:.\Generated_Source\PSoC5/USBFS_vnd.c **** 
  30:.\Generated_Source\PSoC5/USBFS_vnd.c **** /* `#END` */
  31:.\Generated_Source\PSoC5/USBFS_vnd.c **** 
ARM GAS  C:\Users\Ian\AppData\Local\Temp\ccAMh8Yf.s 			page 2


  32:.\Generated_Source\PSoC5/USBFS_vnd.c **** 
  33:.\Generated_Source\PSoC5/USBFS_vnd.c **** /*******************************************************************************
  34:.\Generated_Source\PSoC5/USBFS_vnd.c **** * Function Name: USBFS_HandleVendorRqst
  35:.\Generated_Source\PSoC5/USBFS_vnd.c **** ********************************************************************************
  36:.\Generated_Source\PSoC5/USBFS_vnd.c **** *
  37:.\Generated_Source\PSoC5/USBFS_vnd.c **** * Summary:
  38:.\Generated_Source\PSoC5/USBFS_vnd.c **** *  This routine provide users with a method to implement vendor specific
  39:.\Generated_Source\PSoC5/USBFS_vnd.c **** *  requests.
  40:.\Generated_Source\PSoC5/USBFS_vnd.c **** *
  41:.\Generated_Source\PSoC5/USBFS_vnd.c **** *  To implement vendor specific requests, add your code in this function to
  42:.\Generated_Source\PSoC5/USBFS_vnd.c **** *  decode and disposition the request.  If the request is handled, your code
  43:.\Generated_Source\PSoC5/USBFS_vnd.c **** *  must set the variable "requestHandled" to TRUE, indicating that the
  44:.\Generated_Source\PSoC5/USBFS_vnd.c **** *  request has been handled.
  45:.\Generated_Source\PSoC5/USBFS_vnd.c **** *
  46:.\Generated_Source\PSoC5/USBFS_vnd.c **** * Parameters:
  47:.\Generated_Source\PSoC5/USBFS_vnd.c **** *  None.
  48:.\Generated_Source\PSoC5/USBFS_vnd.c **** *
  49:.\Generated_Source\PSoC5/USBFS_vnd.c **** * Return:
  50:.\Generated_Source\PSoC5/USBFS_vnd.c **** *  requestHandled.
  51:.\Generated_Source\PSoC5/USBFS_vnd.c **** *
  52:.\Generated_Source\PSoC5/USBFS_vnd.c **** * Reentrant:
  53:.\Generated_Source\PSoC5/USBFS_vnd.c **** *  No.
  54:.\Generated_Source\PSoC5/USBFS_vnd.c **** *
  55:.\Generated_Source\PSoC5/USBFS_vnd.c **** *******************************************************************************/
  56:.\Generated_Source\PSoC5/USBFS_vnd.c **** uint8 USBFS_HandleVendorRqst(void) 
  57:.\Generated_Source\PSoC5/USBFS_vnd.c **** {
  27              		.loc 1 57 0
  28              		.cfi_startproc
  29              		@ args = 0, pretend = 0, frame = 0
  30              		@ frame_needed = 0, uses_anonymous_args = 0
  31              		@ link register save eliminated.
  32              	.LVL0:
  58:.\Generated_Source\PSoC5/USBFS_vnd.c ****     uint8 requestHandled = USBFS_FALSE;
  59:.\Generated_Source\PSoC5/USBFS_vnd.c **** 
  60:.\Generated_Source\PSoC5/USBFS_vnd.c ****     if ((CY_GET_REG8(USBFS_bmRequestType) & USBFS_RQST_DIR_MASK) == USBFS_RQST_DIR_D2H)
  33              		.loc 1 60 0
  34 0000 044B     		ldr	r3, .L3
  35 0002 1B78     		ldrb	r3, [r3]	@ zero_extendqisi2
  36 0004 13F0800F 		tst	r3, #128
  37 0008 01D0     		beq	.L2
  61:.\Generated_Source\PSoC5/USBFS_vnd.c ****     {
  62:.\Generated_Source\PSoC5/USBFS_vnd.c ****         /* Control Read */
  63:.\Generated_Source\PSoC5/USBFS_vnd.c ****         switch (CY_GET_REG8(USBFS_bRequest))
  38              		.loc 1 63 0
  39 000a 034B     		ldr	r3, .L3+4
  40 000c 1B78     		ldrb	r3, [r3]	@ zero_extendqisi2
  41              	.L2:
  64:.\Generated_Source\PSoC5/USBFS_vnd.c ****         {
  65:.\Generated_Source\PSoC5/USBFS_vnd.c ****             case USBFS_GET_EXTENDED_CONFIG_DESCRIPTOR:
  66:.\Generated_Source\PSoC5/USBFS_vnd.c ****                 #if defined(USBFS_ENABLE_MSOS_STRING)
  67:.\Generated_Source\PSoC5/USBFS_vnd.c ****                     USBFS_currentTD.pData = (volatile uint8 *)&USBFS_MSOS_CONFIGURATION_DESCR[0u];
  68:.\Generated_Source\PSoC5/USBFS_vnd.c ****                     USBFS_currentTD.count = USBFS_MSOS_CONFIGURATION_DESCR[0u];
  69:.\Generated_Source\PSoC5/USBFS_vnd.c ****                     requestHandled  = USBFS_InitControlRead();
  70:.\Generated_Source\PSoC5/USBFS_vnd.c ****                 #endif /*  USBFS_ENABLE_MSOS_STRING */
  71:.\Generated_Source\PSoC5/USBFS_vnd.c ****                 break;
  72:.\Generated_Source\PSoC5/USBFS_vnd.c ****             default:
  73:.\Generated_Source\PSoC5/USBFS_vnd.c ****                 break;
ARM GAS  C:\Users\Ian\AppData\Local\Temp\ccAMh8Yf.s 			page 3


  74:.\Generated_Source\PSoC5/USBFS_vnd.c ****         }
  75:.\Generated_Source\PSoC5/USBFS_vnd.c ****     }
  76:.\Generated_Source\PSoC5/USBFS_vnd.c **** 
  77:.\Generated_Source\PSoC5/USBFS_vnd.c ****     /* `#START VENDOR_SPECIFIC_CODE` Place your vendor specific request here */
  78:.\Generated_Source\PSoC5/USBFS_vnd.c **** 
  79:.\Generated_Source\PSoC5/USBFS_vnd.c ****     /* `#END` */
  80:.\Generated_Source\PSoC5/USBFS_vnd.c **** 
  81:.\Generated_Source\PSoC5/USBFS_vnd.c ****     #ifdef USBFS_HANDLE_VENDOR_RQST_CALLBACK
  82:.\Generated_Source\PSoC5/USBFS_vnd.c ****         USBFS_HandleVendorRqst_Callback();
  83:.\Generated_Source\PSoC5/USBFS_vnd.c ****     #endif /* USBFS_HANDLE_VENDOR_RQST_CALLBACK */
  84:.\Generated_Source\PSoC5/USBFS_vnd.c **** 
  85:.\Generated_Source\PSoC5/USBFS_vnd.c ****     return(requestHandled);
  86:.\Generated_Source\PSoC5/USBFS_vnd.c **** }
  42              		.loc 1 86 0
  43 000e 0020     		movs	r0, #0
  44 0010 7047     		bx	lr
  45              	.L4:
  46 0012 00BF     		.align	2
  47              	.L3:
  48 0014 00600040 		.word	1073766400
  49 0018 01600040 		.word	1073766401
  50              		.cfi_endproc
  51              	.LFE0:
  52              		.size	USBFS_HandleVendorRqst, .-USBFS_HandleVendorRqst
  53              		.text
  54              	.Letext0:
  55              		.file 2 ".\\Generated_Source\\PSoC5\\cytypes.h"
  56              		.section	.debug_info,"",%progbits
  57              	.Ldebug_info0:
  58 0000 C1000000 		.4byte	0xc1
  59 0004 0400     		.2byte	0x4
  60 0006 00000000 		.4byte	.Ldebug_abbrev0
  61 000a 04       		.byte	0x4
  62 000b 01       		.uleb128 0x1
  63 000c 95000000 		.4byte	.LASF15
  64 0010 01       		.byte	0x1
  65 0011 1B000000 		.4byte	.LASF16
  66 0015 3F010000 		.4byte	.LASF17
  67 0019 00000000 		.4byte	.Ldebug_ranges0+0
  68 001d 00000000 		.4byte	0
  69 0021 00000000 		.4byte	.Ldebug_line0
  70 0025 02       		.uleb128 0x2
  71 0026 01       		.byte	0x1
  72 0027 06       		.byte	0x6
  73 0028 B6010000 		.4byte	.LASF0
  74 002c 02       		.uleb128 0x2
  75 002d 01       		.byte	0x1
  76 002e 08       		.byte	0x8
  77 002f 23010000 		.4byte	.LASF1
  78 0033 02       		.uleb128 0x2
  79 0034 02       		.byte	0x2
  80 0035 05       		.byte	0x5
  81 0036 C8010000 		.4byte	.LASF2
  82 003a 02       		.uleb128 0x2
  83 003b 02       		.byte	0x2
  84 003c 07       		.byte	0x7
  85 003d A3010000 		.4byte	.LASF3
ARM GAS  C:\Users\Ian\AppData\Local\Temp\ccAMh8Yf.s 			page 4


  86 0041 02       		.uleb128 0x2
  87 0042 04       		.byte	0x4
  88 0043 05       		.byte	0x5
  89 0044 36010000 		.4byte	.LASF4
  90 0048 02       		.uleb128 0x2
  91 0049 04       		.byte	0x4
  92 004a 07       		.byte	0x7
  93 004b 5D000000 		.4byte	.LASF5
  94 004f 02       		.uleb128 0x2
  95 0050 08       		.byte	0x8
  96 0051 05       		.byte	0x5
  97 0052 00000000 		.4byte	.LASF6
  98 0056 02       		.uleb128 0x2
  99 0057 08       		.byte	0x8
 100 0058 07       		.byte	0x7
 101 0059 7E000000 		.4byte	.LASF7
 102 005d 03       		.uleb128 0x3
 103 005e 04       		.byte	0x4
 104 005f 05       		.byte	0x5
 105 0060 696E7400 		.ascii	"int\000"
 106 0064 02       		.uleb128 0x2
 107 0065 04       		.byte	0x4
 108 0066 07       		.byte	0x7
 109 0067 0E000000 		.4byte	.LASF8
 110 006b 04       		.uleb128 0x4
 111 006c 57000000 		.4byte	.LASF12
 112 0070 02       		.byte	0x2
 113 0071 5B       		.byte	0x5b
 114 0072 2C000000 		.4byte	0x2c
 115 0076 02       		.uleb128 0x2
 116 0077 04       		.byte	0x4
 117 0078 04       		.byte	0x4
 118 0079 C2010000 		.4byte	.LASF9
 119 007d 02       		.uleb128 0x2
 120 007e 08       		.byte	0x8
 121 007f 04       		.byte	0x4
 122 0080 9C010000 		.4byte	.LASF10
 123 0084 02       		.uleb128 0x2
 124 0085 01       		.byte	0x1
 125 0086 08       		.byte	0x8
 126 0087 31010000 		.4byte	.LASF11
 127 008b 04       		.uleb128 0x4
 128 008c D2010000 		.4byte	.LASF13
 129 0090 02       		.byte	0x2
 130 0091 F0       		.byte	0xf0
 131 0092 96000000 		.4byte	0x96
 132 0096 05       		.uleb128 0x5
 133 0097 6B000000 		.4byte	0x6b
 134 009b 02       		.uleb128 0x2
 135 009c 04       		.byte	0x4
 136 009d 07       		.byte	0x7
 137 009e D7010000 		.4byte	.LASF14
 138 00a2 06       		.uleb128 0x6
 139 00a3 40000000 		.4byte	.LASF18
 140 00a7 01       		.byte	0x1
 141 00a8 38       		.byte	0x38
 142 00a9 6B000000 		.4byte	0x6b
ARM GAS  C:\Users\Ian\AppData\Local\Temp\ccAMh8Yf.s 			page 5


 143 00ad 00000000 		.4byte	.LFB0
 144 00b1 1C000000 		.4byte	.LFE0-.LFB0
 145 00b5 01       		.uleb128 0x1
 146 00b6 9C       		.byte	0x9c
 147 00b7 07       		.uleb128 0x7
 148 00b8 6F000000 		.4byte	.LASF19
 149 00bc 01       		.byte	0x1
 150 00bd 3A       		.byte	0x3a
 151 00be 6B000000 		.4byte	0x6b
 152 00c2 00       		.byte	0
 153 00c3 00       		.byte	0
 154 00c4 00       		.byte	0
 155              		.section	.debug_abbrev,"",%progbits
 156              	.Ldebug_abbrev0:
 157 0000 01       		.uleb128 0x1
 158 0001 11       		.uleb128 0x11
 159 0002 01       		.byte	0x1
 160 0003 25       		.uleb128 0x25
 161 0004 0E       		.uleb128 0xe
 162 0005 13       		.uleb128 0x13
 163 0006 0B       		.uleb128 0xb
 164 0007 03       		.uleb128 0x3
 165 0008 0E       		.uleb128 0xe
 166 0009 1B       		.uleb128 0x1b
 167 000a 0E       		.uleb128 0xe
 168 000b 55       		.uleb128 0x55
 169 000c 17       		.uleb128 0x17
 170 000d 11       		.uleb128 0x11
 171 000e 01       		.uleb128 0x1
 172 000f 10       		.uleb128 0x10
 173 0010 17       		.uleb128 0x17
 174 0011 00       		.byte	0
 175 0012 00       		.byte	0
 176 0013 02       		.uleb128 0x2
 177 0014 24       		.uleb128 0x24
 178 0015 00       		.byte	0
 179 0016 0B       		.uleb128 0xb
 180 0017 0B       		.uleb128 0xb
 181 0018 3E       		.uleb128 0x3e
 182 0019 0B       		.uleb128 0xb
 183 001a 03       		.uleb128 0x3
 184 001b 0E       		.uleb128 0xe
 185 001c 00       		.byte	0
 186 001d 00       		.byte	0
 187 001e 03       		.uleb128 0x3
 188 001f 24       		.uleb128 0x24
 189 0020 00       		.byte	0
 190 0021 0B       		.uleb128 0xb
 191 0022 0B       		.uleb128 0xb
 192 0023 3E       		.uleb128 0x3e
 193 0024 0B       		.uleb128 0xb
 194 0025 03       		.uleb128 0x3
 195 0026 08       		.uleb128 0x8
 196 0027 00       		.byte	0
 197 0028 00       		.byte	0
 198 0029 04       		.uleb128 0x4
 199 002a 16       		.uleb128 0x16
ARM GAS  C:\Users\Ian\AppData\Local\Temp\ccAMh8Yf.s 			page 6


 200 002b 00       		.byte	0
 201 002c 03       		.uleb128 0x3
 202 002d 0E       		.uleb128 0xe
 203 002e 3A       		.uleb128 0x3a
 204 002f 0B       		.uleb128 0xb
 205 0030 3B       		.uleb128 0x3b
 206 0031 0B       		.uleb128 0xb
 207 0032 49       		.uleb128 0x49
 208 0033 13       		.uleb128 0x13
 209 0034 00       		.byte	0
 210 0035 00       		.byte	0
 211 0036 05       		.uleb128 0x5
 212 0037 35       		.uleb128 0x35
 213 0038 00       		.byte	0
 214 0039 49       		.uleb128 0x49
 215 003a 13       		.uleb128 0x13
 216 003b 00       		.byte	0
 217 003c 00       		.byte	0
 218 003d 06       		.uleb128 0x6
 219 003e 2E       		.uleb128 0x2e
 220 003f 01       		.byte	0x1
 221 0040 3F       		.uleb128 0x3f
 222 0041 19       		.uleb128 0x19
 223 0042 03       		.uleb128 0x3
 224 0043 0E       		.uleb128 0xe
 225 0044 3A       		.uleb128 0x3a
 226 0045 0B       		.uleb128 0xb
 227 0046 3B       		.uleb128 0x3b
 228 0047 0B       		.uleb128 0xb
 229 0048 27       		.uleb128 0x27
 230 0049 19       		.uleb128 0x19
 231 004a 49       		.uleb128 0x49
 232 004b 13       		.uleb128 0x13
 233 004c 11       		.uleb128 0x11
 234 004d 01       		.uleb128 0x1
 235 004e 12       		.uleb128 0x12
 236 004f 06       		.uleb128 0x6
 237 0050 40       		.uleb128 0x40
 238 0051 18       		.uleb128 0x18
 239 0052 9742     		.uleb128 0x2117
 240 0054 19       		.uleb128 0x19
 241 0055 00       		.byte	0
 242 0056 00       		.byte	0
 243 0057 07       		.uleb128 0x7
 244 0058 34       		.uleb128 0x34
 245 0059 00       		.byte	0
 246 005a 03       		.uleb128 0x3
 247 005b 0E       		.uleb128 0xe
 248 005c 3A       		.uleb128 0x3a
 249 005d 0B       		.uleb128 0xb
 250 005e 3B       		.uleb128 0x3b
 251 005f 0B       		.uleb128 0xb
 252 0060 49       		.uleb128 0x49
 253 0061 13       		.uleb128 0x13
 254 0062 1C       		.uleb128 0x1c
 255 0063 0B       		.uleb128 0xb
 256 0064 00       		.byte	0
ARM GAS  C:\Users\Ian\AppData\Local\Temp\ccAMh8Yf.s 			page 7


 257 0065 00       		.byte	0
 258 0066 00       		.byte	0
 259              		.section	.debug_aranges,"",%progbits
 260 0000 1C000000 		.4byte	0x1c
 261 0004 0200     		.2byte	0x2
 262 0006 00000000 		.4byte	.Ldebug_info0
 263 000a 04       		.byte	0x4
 264 000b 00       		.byte	0
 265 000c 0000     		.2byte	0
 266 000e 0000     		.2byte	0
 267 0010 00000000 		.4byte	.LFB0
 268 0014 1C000000 		.4byte	.LFE0-.LFB0
 269 0018 00000000 		.4byte	0
 270 001c 00000000 		.4byte	0
 271              		.section	.debug_ranges,"",%progbits
 272              	.Ldebug_ranges0:
 273 0000 00000000 		.4byte	.LFB0
 274 0004 1C000000 		.4byte	.LFE0
 275 0008 00000000 		.4byte	0
 276 000c 00000000 		.4byte	0
 277              		.section	.debug_line,"",%progbits
 278              	.Ldebug_line0:
 279 0000 62000000 		.section	.debug_str,"MS",%progbits,1
 279      02004800 
 279      00000201 
 279      FB0E0D00 
 279      01010101 
 280              	.LASF6:
 281 0000 6C6F6E67 		.ascii	"long long int\000"
 281      206C6F6E 
 281      6720696E 
 281      7400
 282              	.LASF8:
 283 000e 756E7369 		.ascii	"unsigned int\000"
 283      676E6564 
 283      20696E74 
 283      00
 284              	.LASF16:
 285 001b 2E5C4765 		.ascii	".\\Generated_Source\\PSoC5\\USBFS_vnd.c\000"
 285      6E657261 
 285      7465645F 
 285      536F7572 
 285      63655C50 
 286              	.LASF18:
 287 0040 55534246 		.ascii	"USBFS_HandleVendorRqst\000"
 287      535F4861 
 287      6E646C65 
 287      56656E64 
 287      6F725271 
 288              	.LASF12:
 289 0057 75696E74 		.ascii	"uint8\000"
 289      3800
 290              	.LASF5:
 291 005d 6C6F6E67 		.ascii	"long unsigned int\000"
 291      20756E73 
 291      69676E65 
 291      6420696E 
ARM GAS  C:\Users\Ian\AppData\Local\Temp\ccAMh8Yf.s 			page 8


 291      7400
 292              	.LASF19:
 293 006f 72657175 		.ascii	"requestHandled\000"
 293      65737448 
 293      616E646C 
 293      656400
 294              	.LASF7:
 295 007e 6C6F6E67 		.ascii	"long long unsigned int\000"
 295      206C6F6E 
 295      6720756E 
 295      7369676E 
 295      65642069 
 296              	.LASF15:
 297 0095 474E5520 		.ascii	"GNU C 4.9.3 20150303 (release) [ARM/embedded-4_9-br"
 297      4320342E 
 297      392E3320 
 297      32303135 
 297      30333033 
 298 00c8 616E6368 		.ascii	"anch revision 221220] -mcpu=cortex-m3 -mthumb -g -O"
 298      20726576 
 298      6973696F 
 298      6E203232 
 298      31323230 
 299 00fb 67202D66 		.ascii	"g -ffunction-sections -ffat-lto-objects\000"
 299      66756E63 
 299      74696F6E 
 299      2D736563 
 299      74696F6E 
 300              	.LASF1:
 301 0123 756E7369 		.ascii	"unsigned char\000"
 301      676E6564 
 301      20636861 
 301      7200
 302              	.LASF11:
 303 0131 63686172 		.ascii	"char\000"
 303      00
 304              	.LASF4:
 305 0136 6C6F6E67 		.ascii	"long int\000"
 305      20696E74 
 305      00
 306              	.LASF17:
 307 013f 433A5C55 		.ascii	"C:\\Users\\Ian\\Documents\\Junior\\Senior Project C"
 307      73657273 
 307      5C49616E 
 307      5C446F63 
 307      756D656E 
 308 016d 68697020 		.ascii	"hip Design\\Wave Generator\\Wave Generator.cydsn\000"
 308      44657369 
 308      676E5C57 
 308      61766520 
 308      47656E65 
 309              	.LASF10:
 310 019c 646F7562 		.ascii	"double\000"
 310      6C6500
 311              	.LASF3:
 312 01a3 73686F72 		.ascii	"short unsigned int\000"
 312      7420756E 
ARM GAS  C:\Users\Ian\AppData\Local\Temp\ccAMh8Yf.s 			page 9


 312      7369676E 
 312      65642069 
 312      6E7400
 313              	.LASF0:
 314 01b6 7369676E 		.ascii	"signed char\000"
 314      65642063 
 314      68617200 
 315              	.LASF9:
 316 01c2 666C6F61 		.ascii	"float\000"
 316      7400
 317              	.LASF2:
 318 01c8 73686F72 		.ascii	"short int\000"
 318      7420696E 
 318      7400
 319              	.LASF13:
 320 01d2 72656738 		.ascii	"reg8\000"
 320      00
 321              	.LASF14:
 322 01d7 73697A65 		.ascii	"sizetype\000"
 322      74797065 
 322      00
 323              		.ident	"GCC: (GNU Tools for ARM Embedded Processors) 4.9.3 20150303 (release) [ARM/embedded-4_9-br
