ARM GAS  C:\Users\Ian\AppData\Local\Temp\ccQMOqIM.s 			page 1


   1              		.syntax unified
   2              		.cpu cortex-m3
   3              		.fpu softvfp
   4              		.eabi_attribute 20, 1
   5              		.eabi_attribute 21, 1
   6              		.eabi_attribute 23, 3
   7              		.eabi_attribute 24, 1
   8              		.eabi_attribute 25, 1
   9              		.eabi_attribute 26, 1
  10              		.eabi_attribute 30, 1
  11              		.eabi_attribute 34, 1
  12              		.eabi_attribute 18, 4
  13              		.thumb
  14              		.file	"USBFS_1_pm.c"
  15              		.text
  16              	.Ltext0:
  17              		.cfi_sections	.debug_frame
  18              		.section	.text.USBFS_1_DP_ISR,"ax",%progbits
  19              		.align	2
  20              		.global	USBFS_1_DP_ISR
  21              		.thumb
  22              		.thumb_func
  23              		.type	USBFS_1_DP_ISR, %function
  24              	USBFS_1_DP_ISR:
  25              	.LFB56:
  26              		.file 1 ".\\Generated_Source\\PSoC5\\USBFS_1_pm.c"
   1:.\Generated_Source\PSoC5/USBFS_1_pm.c **** /*******************************************************************************
   2:.\Generated_Source\PSoC5/USBFS_1_pm.c **** * File Name: USBFS_1_pm.c
   3:.\Generated_Source\PSoC5/USBFS_1_pm.c **** * Version 2.80
   4:.\Generated_Source\PSoC5/USBFS_1_pm.c **** *
   5:.\Generated_Source\PSoC5/USBFS_1_pm.c **** * Description:
   6:.\Generated_Source\PSoC5/USBFS_1_pm.c **** *  This file provides Suspend/Resume APIs functionality.
   7:.\Generated_Source\PSoC5/USBFS_1_pm.c **** *
   8:.\Generated_Source\PSoC5/USBFS_1_pm.c **** * Note:
   9:.\Generated_Source\PSoC5/USBFS_1_pm.c **** *
  10:.\Generated_Source\PSoC5/USBFS_1_pm.c **** ********************************************************************************
  11:.\Generated_Source\PSoC5/USBFS_1_pm.c **** * Copyright 2008-2014, Cypress Semiconductor Corporation.  All rights reserved.
  12:.\Generated_Source\PSoC5/USBFS_1_pm.c **** * You may use this file only in accordance with the license, terms, conditions,
  13:.\Generated_Source\PSoC5/USBFS_1_pm.c **** * disclaimers, and limitations in the end user license agreement accompanying
  14:.\Generated_Source\PSoC5/USBFS_1_pm.c **** * the software package with which this file was provided.
  15:.\Generated_Source\PSoC5/USBFS_1_pm.c **** *******************************************************************************/
  16:.\Generated_Source\PSoC5/USBFS_1_pm.c **** 
  17:.\Generated_Source\PSoC5/USBFS_1_pm.c **** #include "project.h"
  18:.\Generated_Source\PSoC5/USBFS_1_pm.c **** #include "USBFS_1.h"
  19:.\Generated_Source\PSoC5/USBFS_1_pm.c **** #include "USBFS_1_pvt.h"
  20:.\Generated_Source\PSoC5/USBFS_1_pm.c **** 
  21:.\Generated_Source\PSoC5/USBFS_1_pm.c **** 
  22:.\Generated_Source\PSoC5/USBFS_1_pm.c **** 
  23:.\Generated_Source\PSoC5/USBFS_1_pm.c **** /***************************************
  24:.\Generated_Source\PSoC5/USBFS_1_pm.c **** * Custom Declarations
  25:.\Generated_Source\PSoC5/USBFS_1_pm.c **** ***************************************/
  26:.\Generated_Source\PSoC5/USBFS_1_pm.c **** /* `#START PM_CUSTOM_DECLARATIONS` Place your declaration here */
  27:.\Generated_Source\PSoC5/USBFS_1_pm.c **** 
  28:.\Generated_Source\PSoC5/USBFS_1_pm.c **** /* `#END` */
  29:.\Generated_Source\PSoC5/USBFS_1_pm.c **** 
  30:.\Generated_Source\PSoC5/USBFS_1_pm.c **** 
  31:.\Generated_Source\PSoC5/USBFS_1_pm.c **** /***************************************
ARM GAS  C:\Users\Ian\AppData\Local\Temp\ccQMOqIM.s 			page 2


  32:.\Generated_Source\PSoC5/USBFS_1_pm.c **** * Local data allocation
  33:.\Generated_Source\PSoC5/USBFS_1_pm.c **** ***************************************/
  34:.\Generated_Source\PSoC5/USBFS_1_pm.c **** 
  35:.\Generated_Source\PSoC5/USBFS_1_pm.c **** static USBFS_1_BACKUP_STRUCT  USBFS_1_backup;
  36:.\Generated_Source\PSoC5/USBFS_1_pm.c **** 
  37:.\Generated_Source\PSoC5/USBFS_1_pm.c **** 
  38:.\Generated_Source\PSoC5/USBFS_1_pm.c **** #if(USBFS_1_DP_ISR_REMOVE == 0u)
  39:.\Generated_Source\PSoC5/USBFS_1_pm.c **** 
  40:.\Generated_Source\PSoC5/USBFS_1_pm.c ****     /*******************************************************************************
  41:.\Generated_Source\PSoC5/USBFS_1_pm.c ****     * Function Name: USBFS_1_DP_Interrupt
  42:.\Generated_Source\PSoC5/USBFS_1_pm.c ****     ********************************************************************************
  43:.\Generated_Source\PSoC5/USBFS_1_pm.c ****     *
  44:.\Generated_Source\PSoC5/USBFS_1_pm.c ****     * Summary:
  45:.\Generated_Source\PSoC5/USBFS_1_pm.c ****     *  This Interrupt Service Routine handles DP pin changes for wake-up from
  46:.\Generated_Source\PSoC5/USBFS_1_pm.c ****     *  the sleep mode.
  47:.\Generated_Source\PSoC5/USBFS_1_pm.c ****     *
  48:.\Generated_Source\PSoC5/USBFS_1_pm.c ****     * Parameters:
  49:.\Generated_Source\PSoC5/USBFS_1_pm.c ****     *  None.
  50:.\Generated_Source\PSoC5/USBFS_1_pm.c ****     *
  51:.\Generated_Source\PSoC5/USBFS_1_pm.c ****     * Return:
  52:.\Generated_Source\PSoC5/USBFS_1_pm.c ****     *  None.
  53:.\Generated_Source\PSoC5/USBFS_1_pm.c ****     *
  54:.\Generated_Source\PSoC5/USBFS_1_pm.c ****     *******************************************************************************/
  55:.\Generated_Source\PSoC5/USBFS_1_pm.c ****     CY_ISR(USBFS_1_DP_ISR)
  56:.\Generated_Source\PSoC5/USBFS_1_pm.c ****     {
  27              		.loc 1 56 0
  28              		.cfi_startproc
  29              		@ args = 0, pretend = 0, frame = 0
  30              		@ frame_needed = 0, uses_anonymous_args = 0
  31              		@ link register save eliminated.
  57:.\Generated_Source\PSoC5/USBFS_1_pm.c ****         #ifdef USBFS_1_DP_ISR_ENTRY_CALLBACK
  58:.\Generated_Source\PSoC5/USBFS_1_pm.c ****             USBFS_1_DP_ISR_EntryCallback();
  59:.\Generated_Source\PSoC5/USBFS_1_pm.c ****         #endif /* USBFS_1_DP_ISR_ENTRY_CALLBACK */
  60:.\Generated_Source\PSoC5/USBFS_1_pm.c **** 
  61:.\Generated_Source\PSoC5/USBFS_1_pm.c ****         /* `#START DP_USER_CODE` Place your code here */
  62:.\Generated_Source\PSoC5/USBFS_1_pm.c **** 
  63:.\Generated_Source\PSoC5/USBFS_1_pm.c ****         /* `#END` */
  64:.\Generated_Source\PSoC5/USBFS_1_pm.c **** 
  65:.\Generated_Source\PSoC5/USBFS_1_pm.c ****         /* Clears active interrupt */
  66:.\Generated_Source\PSoC5/USBFS_1_pm.c ****         CY_GET_REG8(USBFS_1_DP_INTSTAT_PTR);
  32              		.loc 1 66 0
  33 0000 014B     		ldr	r3, .L2
  34 0002 1B78     		ldrb	r3, [r3]	@ zero_extendqisi2
  35 0004 7047     		bx	lr
  36              	.L3:
  37 0006 00BF     		.align	2
  38              	.L2:
  39 0008 8F450040 		.word	1073759631
  40              		.cfi_endproc
  41              	.LFE56:
  42              		.size	USBFS_1_DP_ISR, .-USBFS_1_DP_ISR
  43              		.section	.text.USBFS_1_SaveConfig,"ax",%progbits
  44              		.align	2
  45              		.global	USBFS_1_SaveConfig
  46              		.thumb
  47              		.thumb_func
  48              		.type	USBFS_1_SaveConfig, %function
ARM GAS  C:\Users\Ian\AppData\Local\Temp\ccQMOqIM.s 			page 3


  49              	USBFS_1_SaveConfig:
  50              	.LFB57:
  67:.\Generated_Source\PSoC5/USBFS_1_pm.c **** 
  68:.\Generated_Source\PSoC5/USBFS_1_pm.c ****         #ifdef USBFS_1_DP_ISR_EXIT_CALLBACK
  69:.\Generated_Source\PSoC5/USBFS_1_pm.c ****             USBFS_1_DP_ISR_ExitCallback();
  70:.\Generated_Source\PSoC5/USBFS_1_pm.c ****         #endif /* USBFS_1_DP_ISR_EXIT_CALLBACK */
  71:.\Generated_Source\PSoC5/USBFS_1_pm.c ****     }
  72:.\Generated_Source\PSoC5/USBFS_1_pm.c **** 
  73:.\Generated_Source\PSoC5/USBFS_1_pm.c **** #endif /* (USBFS_1_DP_ISR_REMOVE == 0u) */
  74:.\Generated_Source\PSoC5/USBFS_1_pm.c **** 
  75:.\Generated_Source\PSoC5/USBFS_1_pm.c **** 
  76:.\Generated_Source\PSoC5/USBFS_1_pm.c **** /*******************************************************************************
  77:.\Generated_Source\PSoC5/USBFS_1_pm.c **** * Function Name: USBFS_1_SaveConfig
  78:.\Generated_Source\PSoC5/USBFS_1_pm.c **** ********************************************************************************
  79:.\Generated_Source\PSoC5/USBFS_1_pm.c **** *
  80:.\Generated_Source\PSoC5/USBFS_1_pm.c **** * Summary:
  81:.\Generated_Source\PSoC5/USBFS_1_pm.c **** *  Saves the current user configuration.
  82:.\Generated_Source\PSoC5/USBFS_1_pm.c **** *
  83:.\Generated_Source\PSoC5/USBFS_1_pm.c **** * Parameters:
  84:.\Generated_Source\PSoC5/USBFS_1_pm.c **** *  None.
  85:.\Generated_Source\PSoC5/USBFS_1_pm.c **** *
  86:.\Generated_Source\PSoC5/USBFS_1_pm.c **** * Return:
  87:.\Generated_Source\PSoC5/USBFS_1_pm.c **** *  None.
  88:.\Generated_Source\PSoC5/USBFS_1_pm.c **** *
  89:.\Generated_Source\PSoC5/USBFS_1_pm.c **** * Reentrant:
  90:.\Generated_Source\PSoC5/USBFS_1_pm.c **** *  No.
  91:.\Generated_Source\PSoC5/USBFS_1_pm.c **** *
  92:.\Generated_Source\PSoC5/USBFS_1_pm.c **** *******************************************************************************/
  93:.\Generated_Source\PSoC5/USBFS_1_pm.c **** void USBFS_1_SaveConfig(void) 
  94:.\Generated_Source\PSoC5/USBFS_1_pm.c **** {
  51              		.loc 1 94 0
  52              		.cfi_startproc
  53              		@ args = 0, pretend = 0, frame = 0
  54              		@ frame_needed = 0, uses_anonymous_args = 0
  55              		@ link register save eliminated.
  56 0000 7047     		bx	lr
  57              		.cfi_endproc
  58              	.LFE57:
  59              		.size	USBFS_1_SaveConfig, .-USBFS_1_SaveConfig
  60 0002 00BF     		.section	.text.USBFS_1_RestoreConfig,"ax",%progbits
  61              		.align	2
  62              		.global	USBFS_1_RestoreConfig
  63              		.thumb
  64              		.thumb_func
  65              		.type	USBFS_1_RestoreConfig, %function
  66              	USBFS_1_RestoreConfig:
  67              	.LFB58:
  95:.\Generated_Source\PSoC5/USBFS_1_pm.c **** 
  96:.\Generated_Source\PSoC5/USBFS_1_pm.c **** }
  97:.\Generated_Source\PSoC5/USBFS_1_pm.c **** 
  98:.\Generated_Source\PSoC5/USBFS_1_pm.c **** 
  99:.\Generated_Source\PSoC5/USBFS_1_pm.c **** /*******************************************************************************
 100:.\Generated_Source\PSoC5/USBFS_1_pm.c **** * Function Name: USBFS_1_RestoreConfig
 101:.\Generated_Source\PSoC5/USBFS_1_pm.c **** ********************************************************************************
 102:.\Generated_Source\PSoC5/USBFS_1_pm.c **** *
 103:.\Generated_Source\PSoC5/USBFS_1_pm.c **** * Summary:
 104:.\Generated_Source\PSoC5/USBFS_1_pm.c **** *  Restores the current user configuration.
ARM GAS  C:\Users\Ian\AppData\Local\Temp\ccQMOqIM.s 			page 4


 105:.\Generated_Source\PSoC5/USBFS_1_pm.c **** *
 106:.\Generated_Source\PSoC5/USBFS_1_pm.c **** * Parameters:
 107:.\Generated_Source\PSoC5/USBFS_1_pm.c **** *  None.
 108:.\Generated_Source\PSoC5/USBFS_1_pm.c **** *
 109:.\Generated_Source\PSoC5/USBFS_1_pm.c **** * Return:
 110:.\Generated_Source\PSoC5/USBFS_1_pm.c **** *  None.
 111:.\Generated_Source\PSoC5/USBFS_1_pm.c **** *
 112:.\Generated_Source\PSoC5/USBFS_1_pm.c **** * Reentrant:
 113:.\Generated_Source\PSoC5/USBFS_1_pm.c **** *  No.
 114:.\Generated_Source\PSoC5/USBFS_1_pm.c **** *
 115:.\Generated_Source\PSoC5/USBFS_1_pm.c **** *******************************************************************************/
 116:.\Generated_Source\PSoC5/USBFS_1_pm.c **** void USBFS_1_RestoreConfig(void) 
 117:.\Generated_Source\PSoC5/USBFS_1_pm.c **** {
  68              		.loc 1 117 0
  69              		.cfi_startproc
  70              		@ args = 0, pretend = 0, frame = 0
  71              		@ frame_needed = 0, uses_anonymous_args = 0
  72              		.loc 1 117 0
  73 0000 08B5     		push	{r3, lr}
  74              		.cfi_def_cfa_offset 8
  75              		.cfi_offset 3, -8
  76              		.cfi_offset 14, -4
 118:.\Generated_Source\PSoC5/USBFS_1_pm.c ****     if(USBFS_1_configuration != 0u)
  77              		.loc 1 118 0
  78 0002 044B     		ldr	r3, .L8
  79 0004 1B78     		ldrb	r3, [r3]	@ zero_extendqisi2
  80 0006 13F0FF0F 		tst	r3, #255
  81 000a 01D0     		beq	.L5
 119:.\Generated_Source\PSoC5/USBFS_1_pm.c ****     {
 120:.\Generated_Source\PSoC5/USBFS_1_pm.c ****         USBFS_1_ConfigReg();
  82              		.loc 1 120 0
  83 000c FFF7FEFF 		bl	USBFS_1_ConfigReg
  84              	.LVL0:
  85              	.L5:
  86 0010 08BD     		pop	{r3, pc}
  87              	.L9:
  88 0012 00BF     		.align	2
  89              	.L8:
  90 0014 00000000 		.word	USBFS_1_configuration
  91              		.cfi_endproc
  92              	.LFE58:
  93              		.size	USBFS_1_RestoreConfig, .-USBFS_1_RestoreConfig
  94              		.section	.text.USBFS_1_Suspend,"ax",%progbits
  95              		.align	2
  96              		.global	USBFS_1_Suspend
  97              		.thumb
  98              		.thumb_func
  99              		.type	USBFS_1_Suspend, %function
 100              	USBFS_1_Suspend:
 101              	.LFB59:
 121:.\Generated_Source\PSoC5/USBFS_1_pm.c ****     }
 122:.\Generated_Source\PSoC5/USBFS_1_pm.c **** }
 123:.\Generated_Source\PSoC5/USBFS_1_pm.c **** 
 124:.\Generated_Source\PSoC5/USBFS_1_pm.c **** 
 125:.\Generated_Source\PSoC5/USBFS_1_pm.c **** /*******************************************************************************
 126:.\Generated_Source\PSoC5/USBFS_1_pm.c **** * Function Name: USBFS_1_Suspend
 127:.\Generated_Source\PSoC5/USBFS_1_pm.c **** ********************************************************************************
ARM GAS  C:\Users\Ian\AppData\Local\Temp\ccQMOqIM.s 			page 5


 128:.\Generated_Source\PSoC5/USBFS_1_pm.c **** *
 129:.\Generated_Source\PSoC5/USBFS_1_pm.c **** * Summary:
 130:.\Generated_Source\PSoC5/USBFS_1_pm.c **** *  This function disables the USBFS block and prepares for power down mode.
 131:.\Generated_Source\PSoC5/USBFS_1_pm.c **** *
 132:.\Generated_Source\PSoC5/USBFS_1_pm.c **** * Parameters:
 133:.\Generated_Source\PSoC5/USBFS_1_pm.c **** *  None.
 134:.\Generated_Source\PSoC5/USBFS_1_pm.c **** *
 135:.\Generated_Source\PSoC5/USBFS_1_pm.c **** * Return:
 136:.\Generated_Source\PSoC5/USBFS_1_pm.c **** *   None.
 137:.\Generated_Source\PSoC5/USBFS_1_pm.c **** *
 138:.\Generated_Source\PSoC5/USBFS_1_pm.c **** * Global variables:
 139:.\Generated_Source\PSoC5/USBFS_1_pm.c **** *  USBFS_1_backup.enable:  modified.
 140:.\Generated_Source\PSoC5/USBFS_1_pm.c **** *
 141:.\Generated_Source\PSoC5/USBFS_1_pm.c **** * Reentrant:
 142:.\Generated_Source\PSoC5/USBFS_1_pm.c **** *  No.
 143:.\Generated_Source\PSoC5/USBFS_1_pm.c **** *
 144:.\Generated_Source\PSoC5/USBFS_1_pm.c **** *******************************************************************************/
 145:.\Generated_Source\PSoC5/USBFS_1_pm.c **** void USBFS_1_Suspend(void) 
 146:.\Generated_Source\PSoC5/USBFS_1_pm.c **** {
 102              		.loc 1 146 0
 103              		.cfi_startproc
 104              		@ args = 0, pretend = 0, frame = 0
 105              		@ frame_needed = 0, uses_anonymous_args = 0
 106 0000 F8B5     		push	{r3, r4, r5, r6, r7, lr}
 107              		.cfi_def_cfa_offset 24
 108              		.cfi_offset 3, -24
 109              		.cfi_offset 4, -20
 110              		.cfi_offset 5, -16
 111              		.cfi_offset 6, -12
 112              		.cfi_offset 7, -8
 113              		.cfi_offset 14, -4
 147:.\Generated_Source\PSoC5/USBFS_1_pm.c ****     uint8 enableInterrupts;
 148:.\Generated_Source\PSoC5/USBFS_1_pm.c ****     enableInterrupts = CyEnterCriticalSection();
 114              		.loc 1 148 0
 115 0002 FFF7FEFF 		bl	CyEnterCriticalSection
 116              	.LVL1:
 117 0006 0446     		mov	r4, r0
 118              	.LVL2:
 149:.\Generated_Source\PSoC5/USBFS_1_pm.c **** 
 150:.\Generated_Source\PSoC5/USBFS_1_pm.c ****     if((CY_GET_REG8(USBFS_1_CR0_PTR) & USBFS_1_CR0_ENABLE) != 0u)
 119              		.loc 1 150 0
 120 0008 2B4B     		ldr	r3, .L14
 121 000a 1B78     		ldrb	r3, [r3]	@ zero_extendqisi2
 122 000c 13F0800F 		tst	r3, #128
 123 0010 3BD0     		beq	.L11
 151:.\Generated_Source\PSoC5/USBFS_1_pm.c ****     {   /* USB block is enabled */
 152:.\Generated_Source\PSoC5/USBFS_1_pm.c ****         USBFS_1_backup.enableState = 1u;
 124              		.loc 1 152 0
 125 0012 2A4F     		ldr	r7, .L14+4
 126 0014 0126     		movs	r6, #1
 127 0016 3E70     		strb	r6, [r7]
 153:.\Generated_Source\PSoC5/USBFS_1_pm.c **** 
 154:.\Generated_Source\PSoC5/USBFS_1_pm.c ****         #if(USBFS_1_EP_MM != USBFS_1__EP_MANUAL)
 155:.\Generated_Source\PSoC5/USBFS_1_pm.c ****             USBFS_1_Stop_DMA(USBFS_1_MAX_EP);     /* Stop all DMAs */
 156:.\Generated_Source\PSoC5/USBFS_1_pm.c ****         #endif   /*  USBFS_1_EP_MM != USBFS_1__EP_MANUAL */
 157:.\Generated_Source\PSoC5/USBFS_1_pm.c **** 
 158:.\Generated_Source\PSoC5/USBFS_1_pm.c ****         /* Ensure USB transmit enable is low (USB_USBIO_CR0.ten). - Manual Transmission - Disabled 
ARM GAS  C:\Users\Ian\AppData\Local\Temp\ccQMOqIM.s 			page 6


 159:.\Generated_Source\PSoC5/USBFS_1_pm.c ****         USBFS_1_USBIO_CR0_REG &= (uint8)~USBFS_1_USBIO_CR0_TEN;
 128              		.loc 1 159 0
 129 0018 294A     		ldr	r2, .L14+8
 130 001a 1378     		ldrb	r3, [r2]	@ zero_extendqisi2
 131 001c 03F07F03 		and	r3, r3, #127
 132 0020 1370     		strb	r3, [r2]
 160:.\Generated_Source\PSoC5/USBFS_1_pm.c ****         CyDelayUs(0u);  /*~50ns delay */
 133              		.loc 1 160 0
 134 0022 0020     		movs	r0, #0
 135 0024 FFF7FEFF 		bl	CyDelayUs
 136              	.LVL3:
 161:.\Generated_Source\PSoC5/USBFS_1_pm.c **** 
 162:.\Generated_Source\PSoC5/USBFS_1_pm.c ****         /* Disable the USBIO by asserting PM.USB_CR0.fsusbio_pd_n(Inverted) and pd_pullup_hv(Invert
 163:.\Generated_Source\PSoC5/USBFS_1_pm.c ****         USBFS_1_PM_USB_CR0_REG &=
 137              		.loc 1 163 0
 138 0028 264D     		ldr	r5, .L14+12
 139 002a 2B78     		ldrb	r3, [r5]	@ zero_extendqisi2
 140 002c 03F0F903 		and	r3, r3, #249
 141 0030 2B70     		strb	r3, [r5]
 164:.\Generated_Source\PSoC5/USBFS_1_pm.c ****                                 (uint8)~(USBFS_1_PM_USB_CR0_PD_N | USBFS_1_PM_USB_CR0_PD_PULLUP_N);
 165:.\Generated_Source\PSoC5/USBFS_1_pm.c **** 
 166:.\Generated_Source\PSoC5/USBFS_1_pm.c ****         /* Disable the SIE */
 167:.\Generated_Source\PSoC5/USBFS_1_pm.c ****         USBFS_1_CR0_REG &= (uint8)~USBFS_1_CR0_ENABLE;
 142              		.loc 1 167 0
 143 0032 214A     		ldr	r2, .L14
 144 0034 1378     		ldrb	r3, [r2]	@ zero_extendqisi2
 145 0036 03F07F03 		and	r3, r3, #127
 146 003a 1370     		strb	r3, [r2]
 168:.\Generated_Source\PSoC5/USBFS_1_pm.c **** 
 169:.\Generated_Source\PSoC5/USBFS_1_pm.c ****         CyDelayUs(0u);  /* ~50ns delay */
 147              		.loc 1 169 0
 148 003c 0020     		movs	r0, #0
 149 003e FFF7FEFF 		bl	CyDelayUs
 150              	.LVL4:
 170:.\Generated_Source\PSoC5/USBFS_1_pm.c ****         /* Store mode and Disable VRegulator*/
 171:.\Generated_Source\PSoC5/USBFS_1_pm.c ****         USBFS_1_backup.mode = USBFS_1_CR1_REG & USBFS_1_CR1_REG_ENABLE;
 151              		.loc 1 171 0
 152 0042 214B     		ldr	r3, .L14+16
 153 0044 1A78     		ldrb	r2, [r3]	@ zero_extendqisi2
 154 0046 3240     		ands	r2, r2, r6
 155 0048 7A70     		strb	r2, [r7, #1]
 172:.\Generated_Source\PSoC5/USBFS_1_pm.c ****         USBFS_1_CR1_REG &= (uint8)~USBFS_1_CR1_REG_ENABLE;
 156              		.loc 1 172 0
 157 004a 1A78     		ldrb	r2, [r3]	@ zero_extendqisi2
 158 004c 02F0FE02 		and	r2, r2, #254
 159 0050 1A70     		strb	r2, [r3]
 173:.\Generated_Source\PSoC5/USBFS_1_pm.c **** 
 174:.\Generated_Source\PSoC5/USBFS_1_pm.c ****         CyDelayUs(1u);  /* 0.5 us min delay */
 160              		.loc 1 174 0
 161 0052 3046     		mov	r0, r6
 162 0054 FFF7FEFF 		bl	CyDelayUs
 163              	.LVL5:
 175:.\Generated_Source\PSoC5/USBFS_1_pm.c ****         /* Disable the USBIO reference by setting PM.USB_CR0.fsusbio_ref_en.*/
 176:.\Generated_Source\PSoC5/USBFS_1_pm.c ****         USBFS_1_PM_USB_CR0_REG &= (uint8)~USBFS_1_PM_USB_CR0_REF_EN;
 164              		.loc 1 176 0
 165 0058 2B78     		ldrb	r3, [r5]	@ zero_extendqisi2
 166 005a 03F0FE03 		and	r3, r3, #254
ARM GAS  C:\Users\Ian\AppData\Local\Temp\ccQMOqIM.s 			page 7


 167 005e 2B70     		strb	r3, [r5]
 177:.\Generated_Source\PSoC5/USBFS_1_pm.c **** 
 178:.\Generated_Source\PSoC5/USBFS_1_pm.c ****         /* Switch DP and DM terminals to GPIO mode and disconnect 1.5k pullup*/
 179:.\Generated_Source\PSoC5/USBFS_1_pm.c ****         USBFS_1_USBIO_CR1_REG |= USBFS_1_USBIO_CR1_IOMODE;
 168              		.loc 1 179 0
 169 0060 1A4A     		ldr	r2, .L14+20
 170 0062 1378     		ldrb	r3, [r2]	@ zero_extendqisi2
 171 0064 43F02003 		orr	r3, r3, #32
 172 0068 1370     		strb	r3, [r2]
 180:.\Generated_Source\PSoC5/USBFS_1_pm.c **** 
 181:.\Generated_Source\PSoC5/USBFS_1_pm.c ****         /* Disable USB in ACT PM */
 182:.\Generated_Source\PSoC5/USBFS_1_pm.c ****         USBFS_1_PM_ACT_CFG_REG &= (uint8)~USBFS_1_PM_ACT_EN_FSUSB;
 173              		.loc 1 182 0
 174 006a A2F5E352 		sub	r2, r2, #7264
 175 006e 0D3A     		subs	r2, r2, #13
 176 0070 1378     		ldrb	r3, [r2]	@ zero_extendqisi2
 177 0072 03F0FE03 		and	r3, r3, #254
 178 0076 1370     		strb	r3, [r2]
 183:.\Generated_Source\PSoC5/USBFS_1_pm.c ****         /* Disable USB block for Standby Power Mode */
 184:.\Generated_Source\PSoC5/USBFS_1_pm.c ****         USBFS_1_PM_STBY_CFG_REG &= (uint8)~USBFS_1_PM_STBY_EN_FSUSB;
 179              		.loc 1 184 0
 180 0078 1032     		adds	r2, r2, #16
 181 007a 1378     		ldrb	r3, [r2]	@ zero_extendqisi2
 182 007c 03F0FE03 		and	r3, r3, #254
 183 0080 1370     		strb	r3, [r2]
 185:.\Generated_Source\PSoC5/USBFS_1_pm.c ****         CyDelayUs(1u); /* min  0.5us delay required */
 184              		.loc 1 185 0
 185 0082 3046     		mov	r0, r6
 186 0084 FFF7FEFF 		bl	CyDelayUs
 187              	.LVL6:
 188 0088 02E0     		b	.L12
 189              	.L11:
 186:.\Generated_Source\PSoC5/USBFS_1_pm.c **** 
 187:.\Generated_Source\PSoC5/USBFS_1_pm.c ****     }
 188:.\Generated_Source\PSoC5/USBFS_1_pm.c ****     else
 189:.\Generated_Source\PSoC5/USBFS_1_pm.c ****     {
 190:.\Generated_Source\PSoC5/USBFS_1_pm.c ****         USBFS_1_backup.enableState = 0u;
 190              		.loc 1 190 0
 191 008a 0022     		movs	r2, #0
 192 008c 0B4B     		ldr	r3, .L14+4
 193 008e 1A70     		strb	r2, [r3]
 194              	.L12:
 191:.\Generated_Source\PSoC5/USBFS_1_pm.c ****     }
 192:.\Generated_Source\PSoC5/USBFS_1_pm.c **** 
 193:.\Generated_Source\PSoC5/USBFS_1_pm.c ****     CyExitCriticalSection(enableInterrupts);
 195              		.loc 1 193 0
 196 0090 2046     		mov	r0, r4
 197 0092 FFF7FEFF 		bl	CyExitCriticalSection
 198              	.LVL7:
 194:.\Generated_Source\PSoC5/USBFS_1_pm.c **** 
 195:.\Generated_Source\PSoC5/USBFS_1_pm.c ****     /* Set the DP Interrupt for wake-up from sleep mode. */
 196:.\Generated_Source\PSoC5/USBFS_1_pm.c ****     #if(USBFS_1_DP_ISR_REMOVE == 0u)
 197:.\Generated_Source\PSoC5/USBFS_1_pm.c ****         (void) CyIntSetVector(USBFS_1_DP_INTC_VECT_NUM, &USBFS_1_DP_ISR);
 199              		.loc 1 197 0
 200 0096 0C20     		movs	r0, #12
 201 0098 0D49     		ldr	r1, .L14+24
 202 009a FFF7FEFF 		bl	CyIntSetVector
ARM GAS  C:\Users\Ian\AppData\Local\Temp\ccQMOqIM.s 			page 8


 203              	.LVL8:
 198:.\Generated_Source\PSoC5/USBFS_1_pm.c ****         CyIntSetPriority(USBFS_1_DP_INTC_VECT_NUM, USBFS_1_DP_INTC_PRIOR);
 204              		.loc 1 198 0
 205 009e 0C20     		movs	r0, #12
 206 00a0 0721     		movs	r1, #7
 207 00a2 FFF7FEFF 		bl	CyIntSetPriority
 208              	.LVL9:
 199:.\Generated_Source\PSoC5/USBFS_1_pm.c ****         CyIntClearPending(USBFS_1_DP_INTC_VECT_NUM);
 209              		.loc 1 199 0
 210 00a6 4FF48053 		mov	r3, #4096
 211 00aa 0A4A     		ldr	r2, .L14+28
 212 00ac 1360     		str	r3, [r2]
 200:.\Generated_Source\PSoC5/USBFS_1_pm.c ****         CyIntEnable(USBFS_1_DP_INTC_VECT_NUM);
 213              		.loc 1 200 0
 214 00ae A2F5C072 		sub	r2, r2, #384
 215 00b2 1360     		str	r3, [r2]
 216 00b4 F8BD     		pop	{r3, r4, r5, r6, r7, pc}
 217              	.LVL10:
 218              	.L15:
 219 00b6 00BF     		.align	2
 220              	.L14:
 221 00b8 08600040 		.word	1073766408
 222 00bc 00000000 		.word	.LANCHOR0
 223 00c0 10600040 		.word	1073766416
 224 00c4 94430040 		.word	1073759124
 225 00c8 09600040 		.word	1073766409
 226 00cc 12600040 		.word	1073766418
 227 00d0 00000000 		.word	USBFS_1_DP_ISR
 228 00d4 80E200E0 		.word	-536812928
 229              		.cfi_endproc
 230              	.LFE59:
 231              		.size	USBFS_1_Suspend, .-USBFS_1_Suspend
 232              		.section	.text.USBFS_1_Resume,"ax",%progbits
 233              		.align	2
 234              		.global	USBFS_1_Resume
 235              		.thumb
 236              		.thumb_func
 237              		.type	USBFS_1_Resume, %function
 238              	USBFS_1_Resume:
 239              	.LFB60:
 201:.\Generated_Source\PSoC5/USBFS_1_pm.c ****     #endif /* (USBFS_1_DP_ISR_REMOVE == 0u) */
 202:.\Generated_Source\PSoC5/USBFS_1_pm.c **** }
 203:.\Generated_Source\PSoC5/USBFS_1_pm.c **** 
 204:.\Generated_Source\PSoC5/USBFS_1_pm.c **** 
 205:.\Generated_Source\PSoC5/USBFS_1_pm.c **** /*******************************************************************************
 206:.\Generated_Source\PSoC5/USBFS_1_pm.c **** * Function Name: USBFS_1_Resume
 207:.\Generated_Source\PSoC5/USBFS_1_pm.c **** ********************************************************************************
 208:.\Generated_Source\PSoC5/USBFS_1_pm.c **** *
 209:.\Generated_Source\PSoC5/USBFS_1_pm.c **** * Summary:
 210:.\Generated_Source\PSoC5/USBFS_1_pm.c **** *  This function enables the USBFS block after power down mode.
 211:.\Generated_Source\PSoC5/USBFS_1_pm.c **** *
 212:.\Generated_Source\PSoC5/USBFS_1_pm.c **** * Parameters:
 213:.\Generated_Source\PSoC5/USBFS_1_pm.c **** *  None.
 214:.\Generated_Source\PSoC5/USBFS_1_pm.c **** *
 215:.\Generated_Source\PSoC5/USBFS_1_pm.c **** * Return:
 216:.\Generated_Source\PSoC5/USBFS_1_pm.c **** *  None.
 217:.\Generated_Source\PSoC5/USBFS_1_pm.c **** *
ARM GAS  C:\Users\Ian\AppData\Local\Temp\ccQMOqIM.s 			page 9


 218:.\Generated_Source\PSoC5/USBFS_1_pm.c **** * Global variables:
 219:.\Generated_Source\PSoC5/USBFS_1_pm.c **** *  USBFS_1_backup - checked.
 220:.\Generated_Source\PSoC5/USBFS_1_pm.c **** *
 221:.\Generated_Source\PSoC5/USBFS_1_pm.c **** * Reentrant:
 222:.\Generated_Source\PSoC5/USBFS_1_pm.c **** *  No.
 223:.\Generated_Source\PSoC5/USBFS_1_pm.c **** *
 224:.\Generated_Source\PSoC5/USBFS_1_pm.c **** *******************************************************************************/
 225:.\Generated_Source\PSoC5/USBFS_1_pm.c **** void USBFS_1_Resume(void) 
 226:.\Generated_Source\PSoC5/USBFS_1_pm.c **** {
 240              		.loc 1 226 0
 241              		.cfi_startproc
 242              		@ args = 0, pretend = 0, frame = 0
 243              		@ frame_needed = 0, uses_anonymous_args = 0
 244 0000 38B5     		push	{r3, r4, r5, lr}
 245              		.cfi_def_cfa_offset 16
 246              		.cfi_offset 3, -16
 247              		.cfi_offset 4, -12
 248              		.cfi_offset 5, -8
 249              		.cfi_offset 14, -4
 227:.\Generated_Source\PSoC5/USBFS_1_pm.c ****     uint8 enableInterrupts;
 228:.\Generated_Source\PSoC5/USBFS_1_pm.c ****     enableInterrupts = CyEnterCriticalSection();
 250              		.loc 1 228 0
 251 0002 FFF7FEFF 		bl	CyEnterCriticalSection
 252              	.LVL11:
 253 0006 0546     		mov	r5, r0
 254              	.LVL12:
 229:.\Generated_Source\PSoC5/USBFS_1_pm.c **** 
 230:.\Generated_Source\PSoC5/USBFS_1_pm.c ****     if(USBFS_1_backup.enableState != 0u)
 255              		.loc 1 230 0
 256 0008 244B     		ldr	r3, .L19
 257 000a 1B78     		ldrb	r3, [r3]	@ zero_extendqisi2
 258 000c 002B     		cmp	r3, #0
 259 000e 40D0     		beq	.L17
 231:.\Generated_Source\PSoC5/USBFS_1_pm.c ****     {
 232:.\Generated_Source\PSoC5/USBFS_1_pm.c ****         #if(USBFS_1_DP_ISR_REMOVE == 0u)
 233:.\Generated_Source\PSoC5/USBFS_1_pm.c ****             CyIntDisable(USBFS_1_DP_INTC_VECT_NUM);
 260              		.loc 1 233 0
 261 0010 4FF48052 		mov	r2, #4096
 262 0014 224B     		ldr	r3, .L19+4
 263 0016 1A60     		str	r2, [r3]
 234:.\Generated_Source\PSoC5/USBFS_1_pm.c ****         #endif /*  USBFS_1_DP_ISR_REMOVE */
 235:.\Generated_Source\PSoC5/USBFS_1_pm.c **** 
 236:.\Generated_Source\PSoC5/USBFS_1_pm.c ****         /* Enable USB block */
 237:.\Generated_Source\PSoC5/USBFS_1_pm.c ****         USBFS_1_PM_ACT_CFG_REG |= USBFS_1_PM_ACT_EN_FSUSB;
 264              		.loc 1 237 0
 265 0018 224A     		ldr	r2, .L19+8
 266 001a 1378     		ldrb	r3, [r2]	@ zero_extendqisi2
 267 001c 43F00103 		orr	r3, r3, #1
 268 0020 1370     		strb	r3, [r2]
 238:.\Generated_Source\PSoC5/USBFS_1_pm.c ****         /* Enable USB block for Standby Power Mode */
 239:.\Generated_Source\PSoC5/USBFS_1_pm.c ****         USBFS_1_PM_STBY_CFG_REG |= USBFS_1_PM_STBY_EN_FSUSB;
 269              		.loc 1 239 0
 270 0022 1032     		adds	r2, r2, #16
 271 0024 1378     		ldrb	r3, [r2]	@ zero_extendqisi2
 272 0026 43F00103 		orr	r3, r3, #1
 273 002a 1370     		strb	r3, [r2]
 240:.\Generated_Source\PSoC5/USBFS_1_pm.c ****         /* Enable core clock */
ARM GAS  C:\Users\Ian\AppData\Local\Temp\ccQMOqIM.s 			page 10


 241:.\Generated_Source\PSoC5/USBFS_1_pm.c ****         USBFS_1_USB_CLK_EN_REG |= USBFS_1_USB_CLK_ENABLE;
 274              		.loc 1 241 0
 275 002c 02F5E752 		add	r2, r2, #7392
 276 0030 0832     		adds	r2, r2, #8
 277 0032 1378     		ldrb	r3, [r2]	@ zero_extendqisi2
 278 0034 43F00103 		orr	r3, r3, #1
 279 0038 1370     		strb	r3, [r2]
 242:.\Generated_Source\PSoC5/USBFS_1_pm.c **** 
 243:.\Generated_Source\PSoC5/USBFS_1_pm.c ****         /* Enable the USBIO reference by setting PM.USB_CR0.fsusbio_ref_en.*/
 244:.\Generated_Source\PSoC5/USBFS_1_pm.c ****         USBFS_1_PM_USB_CR0_REG |= USBFS_1_PM_USB_CR0_REF_EN;
 280              		.loc 1 244 0
 281 003a 1B4C     		ldr	r4, .L19+12
 282 003c 2378     		ldrb	r3, [r4]	@ zero_extendqisi2
 283 003e 43F00103 		orr	r3, r3, #1
 284 0042 2370     		strb	r3, [r4]
 245:.\Generated_Source\PSoC5/USBFS_1_pm.c ****         /* The reference will be available ~40us after power restored */
 246:.\Generated_Source\PSoC5/USBFS_1_pm.c ****         CyDelayUs(40u);
 285              		.loc 1 246 0
 286 0044 2820     		movs	r0, #40
 287 0046 FFF7FEFF 		bl	CyDelayUs
 288              	.LVL13:
 247:.\Generated_Source\PSoC5/USBFS_1_pm.c ****         /* Return VRegulator*/
 248:.\Generated_Source\PSoC5/USBFS_1_pm.c ****         USBFS_1_CR1_REG |= USBFS_1_backup.mode;
 289              		.loc 1 248 0
 290 004a 184A     		ldr	r2, .L19+16
 291 004c 1178     		ldrb	r1, [r2]	@ zero_extendqisi2
 292 004e 134B     		ldr	r3, .L19
 293 0050 5B78     		ldrb	r3, [r3, #1]	@ zero_extendqisi2
 294 0052 0B43     		orrs	r3, r3, r1
 295 0054 1370     		strb	r3, [r2]
 249:.\Generated_Source\PSoC5/USBFS_1_pm.c ****         CyDelayUs(0u);  /*~50ns delay */
 296              		.loc 1 249 0
 297 0056 0020     		movs	r0, #0
 298 0058 FFF7FEFF 		bl	CyDelayUs
 299              	.LVL14:
 250:.\Generated_Source\PSoC5/USBFS_1_pm.c ****         /* Enable USBIO */
 251:.\Generated_Source\PSoC5/USBFS_1_pm.c ****         USBFS_1_PM_USB_CR0_REG |= USBFS_1_PM_USB_CR0_PD_N;
 300              		.loc 1 251 0
 301 005c 2378     		ldrb	r3, [r4]	@ zero_extendqisi2
 302 005e 43F00203 		orr	r3, r3, #2
 303 0062 2370     		strb	r3, [r4]
 252:.\Generated_Source\PSoC5/USBFS_1_pm.c ****         CyDelayUs(2u);
 304              		.loc 1 252 0
 305 0064 0220     		movs	r0, #2
 306 0066 FFF7FEFF 		bl	CyDelayUs
 307              	.LVL15:
 253:.\Generated_Source\PSoC5/USBFS_1_pm.c ****         /* Set the USBIO pull-up enable */
 254:.\Generated_Source\PSoC5/USBFS_1_pm.c ****         USBFS_1_PM_USB_CR0_REG |= USBFS_1_PM_USB_CR0_PD_PULLUP_N;
 308              		.loc 1 254 0
 309 006a 2378     		ldrb	r3, [r4]	@ zero_extendqisi2
 310 006c 43F00403 		orr	r3, r3, #4
 311 0070 2370     		strb	r3, [r4]
 255:.\Generated_Source\PSoC5/USBFS_1_pm.c **** 
 256:.\Generated_Source\PSoC5/USBFS_1_pm.c ****         /* Re-init Arbiter configuration for DMA transfers */
 257:.\Generated_Source\PSoC5/USBFS_1_pm.c ****         #if(USBFS_1_EP_MM != USBFS_1__EP_MANUAL)
 258:.\Generated_Source\PSoC5/USBFS_1_pm.c ****             /* Usb arb interrupt enable */
 259:.\Generated_Source\PSoC5/USBFS_1_pm.c ****             USBFS_1_ARB_INT_EN_REG = USBFS_1_ARB_INT_MASK;
ARM GAS  C:\Users\Ian\AppData\Local\Temp\ccQMOqIM.s 			page 11


 260:.\Generated_Source\PSoC5/USBFS_1_pm.c ****             #if(USBFS_1_EP_MM == USBFS_1__EP_DMAMANUAL)
 261:.\Generated_Source\PSoC5/USBFS_1_pm.c ****                 USBFS_1_ARB_CFG_REG = USBFS_1_ARB_CFG_MANUAL_DMA;
 262:.\Generated_Source\PSoC5/USBFS_1_pm.c ****             #endif   /*  USBFS_1_EP_MM == USBFS_1__EP_DMAMANUAL */
 263:.\Generated_Source\PSoC5/USBFS_1_pm.c ****             #if(USBFS_1_EP_MM == USBFS_1__EP_DMAAUTO)
 264:.\Generated_Source\PSoC5/USBFS_1_pm.c ****                 /*Set cfg cmplt this rises DMA request when the full configuration is done */
 265:.\Generated_Source\PSoC5/USBFS_1_pm.c ****                 USBFS_1_ARB_CFG_REG = USBFS_1_ARB_CFG_AUTO_DMA | USBFS_1_ARB_CFG_AUTO_MEM;
 266:.\Generated_Source\PSoC5/USBFS_1_pm.c ****             #endif   /*  USBFS_1_EP_MM == USBFS_1__EP_DMAAUTO */
 267:.\Generated_Source\PSoC5/USBFS_1_pm.c ****         #endif   /*  USBFS_1_EP_MM != USBFS_1__EP_MANUAL */
 268:.\Generated_Source\PSoC5/USBFS_1_pm.c **** 
 269:.\Generated_Source\PSoC5/USBFS_1_pm.c ****         /* STALL_IN_OUT */
 270:.\Generated_Source\PSoC5/USBFS_1_pm.c ****         CY_SET_REG8(USBFS_1_EP0_CR_PTR, USBFS_1_MODE_STALL_IN_OUT);
 312              		.loc 1 270 0
 313 0072 0322     		movs	r2, #3
 314 0074 0E4B     		ldr	r3, .L19+20
 315 0076 1A70     		strb	r2, [r3]
 271:.\Generated_Source\PSoC5/USBFS_1_pm.c ****         /* Enable the SIE with a last address */
 272:.\Generated_Source\PSoC5/USBFS_1_pm.c ****         USBFS_1_CR0_REG |= USBFS_1_CR0_ENABLE;
 316              		.loc 1 272 0
 317 0078 0E4A     		ldr	r2, .L19+24
 318 007a 1378     		ldrb	r3, [r2]	@ zero_extendqisi2
 319 007c 43F08003 		orr	r3, r3, #128
 320 0080 1370     		strb	r3, [r2]
 273:.\Generated_Source\PSoC5/USBFS_1_pm.c ****         CyDelayCycles(1u);
 321              		.loc 1 273 0
 322 0082 0120     		movs	r0, #1
 323 0084 FFF7FEFF 		bl	CyDelayCycles
 324              	.LVL16:
 274:.\Generated_Source\PSoC5/USBFS_1_pm.c ****         /* Finally, Enable d+ pullup and select iomode to USB mode*/
 275:.\Generated_Source\PSoC5/USBFS_1_pm.c ****         CY_SET_REG8(USBFS_1_USBIO_CR1_PTR, USBFS_1_USBIO_CR1_USBPUEN);
 325              		.loc 1 275 0
 326 0088 0422     		movs	r2, #4
 327 008a 0B4B     		ldr	r3, .L19+28
 328 008c 1A70     		strb	r2, [r3]
 276:.\Generated_Source\PSoC5/USBFS_1_pm.c **** 
 277:.\Generated_Source\PSoC5/USBFS_1_pm.c ****         /* Restore USB register settings */
 278:.\Generated_Source\PSoC5/USBFS_1_pm.c ****         USBFS_1_RestoreConfig();
 329              		.loc 1 278 0
 330 008e FFF7FEFF 		bl	USBFS_1_RestoreConfig
 331              	.LVL17:
 332              	.L17:
 279:.\Generated_Source\PSoC5/USBFS_1_pm.c ****     }
 280:.\Generated_Source\PSoC5/USBFS_1_pm.c **** 
 281:.\Generated_Source\PSoC5/USBFS_1_pm.c ****     CyExitCriticalSection(enableInterrupts);
 333              		.loc 1 281 0
 334 0092 2846     		mov	r0, r5
 335 0094 FFF7FEFF 		bl	CyExitCriticalSection
 336              	.LVL18:
 337 0098 38BD     		pop	{r3, r4, r5, pc}
 338              	.LVL19:
 339              	.L20:
 340 009a 00BF     		.align	2
 341              	.L19:
 342 009c 00000000 		.word	.LANCHOR0
 343 00a0 80E100E0 		.word	-536813184
 344 00a4 A5430040 		.word	1073759141
 345 00a8 94430040 		.word	1073759124
 346 00ac 09600040 		.word	1073766409
ARM GAS  C:\Users\Ian\AppData\Local\Temp\ccQMOqIM.s 			page 12


 347 00b0 28600040 		.word	1073766440
 348 00b4 08600040 		.word	1073766408
 349 00b8 12600040 		.word	1073766418
 350              		.cfi_endproc
 351              	.LFE60:
 352              		.size	USBFS_1_Resume, .-USBFS_1_Resume
 353              		.bss
 354              		.align	2
 355              		.set	.LANCHOR0,. + 0
 356              		.type	USBFS_1_backup, %object
 357              		.size	USBFS_1_backup, 2
 358              	USBFS_1_backup:
 359 0000 0000     		.space	2
 360 0002 0000     		.text
 361              	.Letext0:
 362              		.file 2 "c:\\program files (x86)\\cypress\\psoc creator\\3.3\\psoc creator\\import\\gnu\\arm\\4.9.
 363              		.file 3 "c:\\program files (x86)\\cypress\\psoc creator\\3.3\\psoc creator\\import\\gnu\\arm\\4.9.
 364              		.file 4 ".\\Generated_Source\\PSoC5\\cytypes.h"
 365              		.file 5 ".\\Generated_Source\\PSoC5\\USBFS_1.h"
 366              		.file 6 "Generated_Source\\PSoC5/core_cm3.h"
 367              		.file 7 "Generated_Source\\PSoC5/CyLib.h"
 368              		.file 8 ".\\Generated_Source\\PSoC5\\USBFS_1_pvt.h"
 369              		.section	.debug_info,"",%progbits
 370              	.Ldebug_info0:
 371 0000 4E030000 		.4byte	0x34e
 372 0004 0400     		.2byte	0x4
 373 0006 00000000 		.4byte	.Ldebug_abbrev0
 374 000a 04       		.byte	0x4
 375 000b 01       		.uleb128 0x1
 376 000c 82010000 		.4byte	.LASF36
 377 0010 01       		.byte	0x1
 378 0011 02010000 		.4byte	.LASF37
 379 0015 80000000 		.4byte	.LASF38
 380 0019 00000000 		.4byte	.Ldebug_ranges0+0
 381 001d 00000000 		.4byte	0
 382 0021 00000000 		.4byte	.Ldebug_line0
 383 0025 02       		.uleb128 0x2
 384 0026 01       		.byte	0x1
 385 0027 06       		.byte	0x6
 386 0028 1A030000 		.4byte	.LASF0
 387 002c 02       		.uleb128 0x2
 388 002d 01       		.byte	0x1
 389 002e 08       		.byte	0x8
 390 002f 46010000 		.4byte	.LASF1
 391 0033 02       		.uleb128 0x2
 392 0034 02       		.byte	0x2
 393 0035 05       		.byte	0x5
 394 0036 DF020000 		.4byte	.LASF2
 395 003a 02       		.uleb128 0x2
 396 003b 02       		.byte	0x2
 397 003c 07       		.byte	0x7
 398 003d EF000000 		.4byte	.LASF3
 399 0041 03       		.uleb128 0x3
 400 0042 32000000 		.4byte	.LASF9
 401 0046 02       		.byte	0x2
 402 0047 3F       		.byte	0x3f
 403 0048 4C000000 		.4byte	0x4c
ARM GAS  C:\Users\Ian\AppData\Local\Temp\ccQMOqIM.s 			page 13


 404 004c 02       		.uleb128 0x2
 405 004d 04       		.byte	0x4
 406 004e 05       		.byte	0x5
 407 004f 05030000 		.4byte	.LASF4
 408 0053 02       		.uleb128 0x2
 409 0054 04       		.byte	0x4
 410 0055 07       		.byte	0x7
 411 0056 DD000000 		.4byte	.LASF5
 412 005a 02       		.uleb128 0x2
 413 005b 08       		.byte	0x8
 414 005c 05       		.byte	0x5
 415 005d A7020000 		.4byte	.LASF6
 416 0061 02       		.uleb128 0x2
 417 0062 08       		.byte	0x8
 418 0063 07       		.byte	0x7
 419 0064 34020000 		.4byte	.LASF7
 420 0068 04       		.uleb128 0x4
 421 0069 04       		.byte	0x4
 422 006a 05       		.byte	0x5
 423 006b 696E7400 		.ascii	"int\000"
 424 006f 02       		.uleb128 0x2
 425 0070 04       		.byte	0x4
 426 0071 07       		.byte	0x7
 427 0072 27020000 		.4byte	.LASF8
 428 0076 03       		.uleb128 0x3
 429 0077 96020000 		.4byte	.LASF10
 430 007b 03       		.byte	0x3
 431 007c 2C       		.byte	0x2c
 432 007d 41000000 		.4byte	0x41
 433 0081 03       		.uleb128 0x3
 434 0082 E9020000 		.4byte	.LASF11
 435 0086 04       		.byte	0x4
 436 0087 5B       		.byte	0x5b
 437 0088 2C000000 		.4byte	0x2c
 438 008c 03       		.uleb128 0x3
 439 008d 5B010000 		.4byte	.LASF12
 440 0091 04       		.byte	0x4
 441 0092 5C       		.byte	0x5c
 442 0093 3A000000 		.4byte	0x3a
 443 0097 03       		.uleb128 0x3
 444 0098 7B010000 		.4byte	.LASF13
 445 009c 04       		.byte	0x4
 446 009d 5D       		.byte	0x5d
 447 009e 53000000 		.4byte	0x53
 448 00a2 02       		.uleb128 0x2
 449 00a3 04       		.byte	0x4
 450 00a4 04       		.byte	0x4
 451 00a5 4F000000 		.4byte	.LASF14
 452 00a9 02       		.uleb128 0x2
 453 00aa 08       		.byte	0x8
 454 00ab 04       		.byte	0x4
 455 00ac 54010000 		.4byte	.LASF15
 456 00b0 02       		.uleb128 0x2
 457 00b1 01       		.byte	0x1
 458 00b2 08       		.byte	0x8
 459 00b3 B5020000 		.4byte	.LASF16
 460 00b7 03       		.uleb128 0x3
ARM GAS  C:\Users\Ian\AppData\Local\Temp\ccQMOqIM.s 			page 14


 461 00b8 7B000000 		.4byte	.LASF17
 462 00bc 04       		.byte	0x4
 463 00bd F0       		.byte	0xf0
 464 00be C2000000 		.4byte	0xc2
 465 00c2 05       		.uleb128 0x5
 466 00c3 81000000 		.4byte	0x81
 467 00c7 03       		.uleb128 0x3
 468 00c8 0E000000 		.4byte	.LASF18
 469 00cc 04       		.byte	0x4
 470 00cd F2       		.byte	0xf2
 471 00ce D2000000 		.4byte	0xd2
 472 00d2 05       		.uleb128 0x5
 473 00d3 97000000 		.4byte	0x97
 474 00d7 06       		.uleb128 0x6
 475 00d8 77020000 		.4byte	.LASF19
 476 00dc 04       		.byte	0x4
 477 00dd 0201     		.2byte	0x102
 478 00df E3000000 		.4byte	0xe3
 479 00e3 07       		.uleb128 0x7
 480 00e4 04       		.byte	0x4
 481 00e5 E9000000 		.4byte	0xe9
 482 00e9 08       		.uleb128 0x8
 483 00ea 02       		.uleb128 0x2
 484 00eb 04       		.byte	0x4
 485 00ec 07       		.byte	0x7
 486 00ed 9E020000 		.4byte	.LASF20
 487 00f1 09       		.uleb128 0x9
 488 00f2 02       		.byte	0x2
 489 00f3 05       		.byte	0x5
 490 00f4 A2       		.byte	0xa2
 491 00f5 12010000 		.4byte	0x112
 492 00f9 0A       		.uleb128 0xa
 493 00fa 0E030000 		.4byte	.LASF21
 494 00fe 05       		.byte	0x5
 495 00ff A4       		.byte	0xa4
 496 0100 81000000 		.4byte	0x81
 497 0104 00       		.byte	0
 498 0105 0A       		.uleb128 0xa
 499 0106 72020000 		.4byte	.LASF22
 500 010a 05       		.byte	0x5
 501 010b A5       		.byte	0xa5
 502 010c 81000000 		.4byte	0x81
 503 0110 01       		.byte	0x1
 504 0111 00       		.byte	0
 505 0112 03       		.uleb128 0x3
 506 0113 5C020000 		.4byte	.LASF23
 507 0117 05       		.byte	0x5
 508 0118 A6       		.byte	0xa6
 509 0119 F1000000 		.4byte	0xf1
 510 011d 0B       		.uleb128 0xb
 511 011e D0020000 		.4byte	.LASF24
 512 0122 01       		.byte	0x1
 513 0123 37       		.byte	0x37
 514 0124 00000000 		.4byte	.LFB56
 515 0128 0C000000 		.4byte	.LFE56-.LFB56
 516 012c 01       		.uleb128 0x1
 517 012d 9C       		.byte	0x9c
ARM GAS  C:\Users\Ian\AppData\Local\Temp\ccQMOqIM.s 			page 15


 518 012e 0B       		.uleb128 0xb
 519 012f 3C000000 		.4byte	.LASF25
 520 0133 01       		.byte	0x1
 521 0134 5D       		.byte	0x5d
 522 0135 00000000 		.4byte	.LFB57
 523 0139 02000000 		.4byte	.LFE57-.LFB57
 524 013d 01       		.uleb128 0x1
 525 013e 9C       		.byte	0x9c
 526 013f 0C       		.uleb128 0xc
 527 0140 BA020000 		.4byte	.LASF26
 528 0144 01       		.byte	0x1
 529 0145 74       		.byte	0x74
 530 0146 00000000 		.4byte	.LFB58
 531 014a 18000000 		.4byte	.LFE58-.LFB58
 532 014e 01       		.uleb128 0x1
 533 014f 9C       		.byte	0x9c
 534 0150 5E010000 		.4byte	0x15e
 535 0154 0D       		.uleb128 0xd
 536 0155 10000000 		.4byte	.LVL0
 537 0159 E0020000 		.4byte	0x2e0
 538 015d 00       		.byte	0
 539 015e 0C       		.uleb128 0xc
 540 015f 55000000 		.4byte	.LASF27
 541 0163 01       		.byte	0x1
 542 0164 91       		.byte	0x91
 543 0165 00000000 		.4byte	.LFB59
 544 0169 D8000000 		.4byte	.LFE59-.LFB59
 545 016d 01       		.uleb128 0x1
 546 016e 9C       		.byte	0x9c
 547 016f 1E020000 		.4byte	0x21e
 548 0173 0E       		.uleb128 0xe
 549 0174 35010000 		.4byte	.LASF29
 550 0178 01       		.byte	0x1
 551 0179 93       		.byte	0x93
 552 017a 81000000 		.4byte	0x81
 553 017e 00000000 		.4byte	.LLST0
 554 0182 0D       		.uleb128 0xd
 555 0183 06000000 		.4byte	.LVL1
 556 0187 E7020000 		.4byte	0x2e7
 557 018b 0F       		.uleb128 0xf
 558 018c 28000000 		.4byte	.LVL3
 559 0190 F2020000 		.4byte	0x2f2
 560 0194 9E010000 		.4byte	0x19e
 561 0198 10       		.uleb128 0x10
 562 0199 01       		.uleb128 0x1
 563 019a 50       		.byte	0x50
 564 019b 01       		.uleb128 0x1
 565 019c 30       		.byte	0x30
 566 019d 00       		.byte	0
 567 019e 0F       		.uleb128 0xf
 568 019f 42000000 		.4byte	.LVL4
 569 01a3 F2020000 		.4byte	0x2f2
 570 01a7 B1010000 		.4byte	0x1b1
 571 01ab 10       		.uleb128 0x10
 572 01ac 01       		.uleb128 0x1
 573 01ad 50       		.byte	0x50
 574 01ae 01       		.uleb128 0x1
ARM GAS  C:\Users\Ian\AppData\Local\Temp\ccQMOqIM.s 			page 16


 575 01af 30       		.byte	0x30
 576 01b0 00       		.byte	0
 577 01b1 0F       		.uleb128 0xf
 578 01b2 58000000 		.4byte	.LVL5
 579 01b6 F2020000 		.4byte	0x2f2
 580 01ba C5010000 		.4byte	0x1c5
 581 01be 10       		.uleb128 0x10
 582 01bf 01       		.uleb128 0x1
 583 01c0 50       		.byte	0x50
 584 01c1 02       		.uleb128 0x2
 585 01c2 76       		.byte	0x76
 586 01c3 00       		.sleb128 0
 587 01c4 00       		.byte	0
 588 01c5 0F       		.uleb128 0xf
 589 01c6 88000000 		.4byte	.LVL6
 590 01ca F2020000 		.4byte	0x2f2
 591 01ce D9010000 		.4byte	0x1d9
 592 01d2 10       		.uleb128 0x10
 593 01d3 01       		.uleb128 0x1
 594 01d4 50       		.byte	0x50
 595 01d5 02       		.uleb128 0x2
 596 01d6 76       		.byte	0x76
 597 01d7 00       		.sleb128 0
 598 01d8 00       		.byte	0
 599 01d9 0F       		.uleb128 0xf
 600 01da 96000000 		.4byte	.LVL7
 601 01de 03030000 		.4byte	0x303
 602 01e2 ED010000 		.4byte	0x1ed
 603 01e6 10       		.uleb128 0x10
 604 01e7 01       		.uleb128 0x1
 605 01e8 50       		.byte	0x50
 606 01e9 02       		.uleb128 0x2
 607 01ea 74       		.byte	0x74
 608 01eb 00       		.sleb128 0
 609 01ec 00       		.byte	0
 610 01ed 0F       		.uleb128 0xf
 611 01ee 9E000000 		.4byte	.LVL8
 612 01f2 14030000 		.4byte	0x314
 613 01f6 09020000 		.4byte	0x209
 614 01fa 10       		.uleb128 0x10
 615 01fb 01       		.uleb128 0x1
 616 01fc 51       		.byte	0x51
 617 01fd 05       		.uleb128 0x5
 618 01fe 03       		.byte	0x3
 619 01ff 00000000 		.4byte	USBFS_1_DP_ISR
 620 0203 10       		.uleb128 0x10
 621 0204 01       		.uleb128 0x1
 622 0205 50       		.byte	0x50
 623 0206 01       		.uleb128 0x1
 624 0207 3C       		.byte	0x3c
 625 0208 00       		.byte	0
 626 0209 11       		.uleb128 0x11
 627 020a A6000000 		.4byte	.LVL9
 628 020e 2E030000 		.4byte	0x32e
 629 0212 10       		.uleb128 0x10
 630 0213 01       		.uleb128 0x1
 631 0214 51       		.byte	0x51
ARM GAS  C:\Users\Ian\AppData\Local\Temp\ccQMOqIM.s 			page 17


 632 0215 01       		.uleb128 0x1
 633 0216 37       		.byte	0x37
 634 0217 10       		.uleb128 0x10
 635 0218 01       		.uleb128 0x1
 636 0219 50       		.byte	0x50
 637 021a 01       		.uleb128 0x1
 638 021b 3C       		.byte	0x3c
 639 021c 00       		.byte	0
 640 021d 00       		.byte	0
 641 021e 0C       		.uleb128 0xc
 642 021f 6C010000 		.4byte	.LASF28
 643 0223 01       		.byte	0x1
 644 0224 E1       		.byte	0xe1
 645 0225 00000000 		.4byte	.LFB60
 646 0229 BC000000 		.4byte	.LFE60-.LFB60
 647 022d 01       		.uleb128 0x1
 648 022e 9C       		.byte	0x9c
 649 022f B2020000 		.4byte	0x2b2
 650 0233 0E       		.uleb128 0xe
 651 0234 35010000 		.4byte	.LASF29
 652 0238 01       		.byte	0x1
 653 0239 E3       		.byte	0xe3
 654 023a 81000000 		.4byte	0x81
 655 023e 13000000 		.4byte	.LLST1
 656 0242 0D       		.uleb128 0xd
 657 0243 06000000 		.4byte	.LVL11
 658 0247 E7020000 		.4byte	0x2e7
 659 024b 0F       		.uleb128 0xf
 660 024c 4A000000 		.4byte	.LVL13
 661 0250 F2020000 		.4byte	0x2f2
 662 0254 5F020000 		.4byte	0x25f
 663 0258 10       		.uleb128 0x10
 664 0259 01       		.uleb128 0x1
 665 025a 50       		.byte	0x50
 666 025b 02       		.uleb128 0x2
 667 025c 08       		.byte	0x8
 668 025d 28       		.byte	0x28
 669 025e 00       		.byte	0
 670 025f 0F       		.uleb128 0xf
 671 0260 5C000000 		.4byte	.LVL14
 672 0264 F2020000 		.4byte	0x2f2
 673 0268 72020000 		.4byte	0x272
 674 026c 10       		.uleb128 0x10
 675 026d 01       		.uleb128 0x1
 676 026e 50       		.byte	0x50
 677 026f 01       		.uleb128 0x1
 678 0270 30       		.byte	0x30
 679 0271 00       		.byte	0
 680 0272 0F       		.uleb128 0xf
 681 0273 6A000000 		.4byte	.LVL15
 682 0277 F2020000 		.4byte	0x2f2
 683 027b 85020000 		.4byte	0x285
 684 027f 10       		.uleb128 0x10
 685 0280 01       		.uleb128 0x1
 686 0281 50       		.byte	0x50
 687 0282 01       		.uleb128 0x1
 688 0283 32       		.byte	0x32
ARM GAS  C:\Users\Ian\AppData\Local\Temp\ccQMOqIM.s 			page 18


 689 0284 00       		.byte	0
 690 0285 0F       		.uleb128 0xf
 691 0286 88000000 		.4byte	.LVL16
 692 028a 44030000 		.4byte	0x344
 693 028e 98020000 		.4byte	0x298
 694 0292 10       		.uleb128 0x10
 695 0293 01       		.uleb128 0x1
 696 0294 50       		.byte	0x50
 697 0295 01       		.uleb128 0x1
 698 0296 31       		.byte	0x31
 699 0297 00       		.byte	0
 700 0298 0D       		.uleb128 0xd
 701 0299 92000000 		.4byte	.LVL17
 702 029d 3F010000 		.4byte	0x13f
 703 02a1 11       		.uleb128 0x11
 704 02a2 98000000 		.4byte	.LVL18
 705 02a6 03030000 		.4byte	0x303
 706 02aa 10       		.uleb128 0x10
 707 02ab 01       		.uleb128 0x1
 708 02ac 50       		.byte	0x50
 709 02ad 02       		.uleb128 0x2
 710 02ae 75       		.byte	0x75
 711 02af 00       		.sleb128 0
 712 02b0 00       		.byte	0
 713 02b1 00       		.byte	0
 714 02b2 12       		.uleb128 0x12
 715 02b3 23000000 		.4byte	.LASF30
 716 02b7 01       		.byte	0x1
 717 02b8 23       		.byte	0x23
 718 02b9 12010000 		.4byte	0x112
 719 02bd 05       		.uleb128 0x5
 720 02be 03       		.byte	0x3
 721 02bf 00000000 		.4byte	USBFS_1_backup
 722 02c3 13       		.uleb128 0x13
 723 02c4 65000000 		.4byte	.LASF31
 724 02c8 05       		.byte	0x5
 725 02c9 4A02     		.2byte	0x24a
 726 02cb C2000000 		.4byte	0xc2
 727 02cf 13       		.uleb128 0x13
 728 02d0 28010000 		.4byte	.LASF32
 729 02d4 06       		.byte	0x6
 730 02d5 1606     		.2byte	0x616
 731 02d7 DB020000 		.4byte	0x2db
 732 02db 05       		.uleb128 0x5
 733 02dc 76000000 		.4byte	0x76
 734 02e0 14       		.uleb128 0x14
 735 02e1 84020000 		.4byte	.LASF39
 736 02e5 08       		.byte	0x8
 737 02e6 66       		.byte	0x66
 738 02e7 15       		.uleb128 0x15
 739 02e8 10020000 		.4byte	.LASF40
 740 02ec 07       		.byte	0x7
 741 02ed 7E       		.byte	0x7e
 742 02ee 81000000 		.4byte	0x81
 743 02f2 16       		.uleb128 0x16
 744 02f3 62010000 		.4byte	.LASF33
 745 02f7 07       		.byte	0x7
ARM GAS  C:\Users\Ian\AppData\Local\Temp\ccQMOqIM.s 			page 19


 746 02f8 78       		.byte	0x78
 747 02f9 03030000 		.4byte	0x303
 748 02fd 17       		.uleb128 0x17
 749 02fe 8C000000 		.4byte	0x8c
 750 0302 00       		.byte	0
 751 0303 16       		.uleb128 0x16
 752 0304 EF020000 		.4byte	.LASF34
 753 0308 07       		.byte	0x7
 754 0309 7F       		.byte	0x7f
 755 030a 14030000 		.4byte	0x314
 756 030e 17       		.uleb128 0x17
 757 030f 81000000 		.4byte	0x81
 758 0313 00       		.byte	0
 759 0314 18       		.uleb128 0x18
 760 0315 14000000 		.4byte	.LASF41
 761 0319 07       		.byte	0x7
 762 031a 89       		.byte	0x89
 763 031b D7000000 		.4byte	0xd7
 764 031f 2E030000 		.4byte	0x32e
 765 0323 17       		.uleb128 0x17
 766 0324 81000000 		.4byte	0x81
 767 0328 17       		.uleb128 0x17
 768 0329 D7000000 		.4byte	0xd7
 769 032d 00       		.byte	0
 770 032e 16       		.uleb128 0x16
 771 032f 4B020000 		.4byte	.LASF35
 772 0333 07       		.byte	0x7
 773 0334 8C       		.byte	0x8c
 774 0335 44030000 		.4byte	0x344
 775 0339 17       		.uleb128 0x17
 776 033a 81000000 		.4byte	0x81
 777 033e 17       		.uleb128 0x17
 778 033f 81000000 		.4byte	0x81
 779 0343 00       		.byte	0
 780 0344 19       		.uleb128 0x19
 781 0345 00000000 		.4byte	.LASF42
 782 0349 07       		.byte	0x7
 783 034a 7A       		.byte	0x7a
 784 034b 17       		.uleb128 0x17
 785 034c 97000000 		.4byte	0x97
 786 0350 00       		.byte	0
 787 0351 00       		.byte	0
 788              		.section	.debug_abbrev,"",%progbits
 789              	.Ldebug_abbrev0:
 790 0000 01       		.uleb128 0x1
 791 0001 11       		.uleb128 0x11
 792 0002 01       		.byte	0x1
 793 0003 25       		.uleb128 0x25
 794 0004 0E       		.uleb128 0xe
 795 0005 13       		.uleb128 0x13
 796 0006 0B       		.uleb128 0xb
 797 0007 03       		.uleb128 0x3
 798 0008 0E       		.uleb128 0xe
 799 0009 1B       		.uleb128 0x1b
 800 000a 0E       		.uleb128 0xe
 801 000b 55       		.uleb128 0x55
 802 000c 17       		.uleb128 0x17
ARM GAS  C:\Users\Ian\AppData\Local\Temp\ccQMOqIM.s 			page 20


 803 000d 11       		.uleb128 0x11
 804 000e 01       		.uleb128 0x1
 805 000f 10       		.uleb128 0x10
 806 0010 17       		.uleb128 0x17
 807 0011 00       		.byte	0
 808 0012 00       		.byte	0
 809 0013 02       		.uleb128 0x2
 810 0014 24       		.uleb128 0x24
 811 0015 00       		.byte	0
 812 0016 0B       		.uleb128 0xb
 813 0017 0B       		.uleb128 0xb
 814 0018 3E       		.uleb128 0x3e
 815 0019 0B       		.uleb128 0xb
 816 001a 03       		.uleb128 0x3
 817 001b 0E       		.uleb128 0xe
 818 001c 00       		.byte	0
 819 001d 00       		.byte	0
 820 001e 03       		.uleb128 0x3
 821 001f 16       		.uleb128 0x16
 822 0020 00       		.byte	0
 823 0021 03       		.uleb128 0x3
 824 0022 0E       		.uleb128 0xe
 825 0023 3A       		.uleb128 0x3a
 826 0024 0B       		.uleb128 0xb
 827 0025 3B       		.uleb128 0x3b
 828 0026 0B       		.uleb128 0xb
 829 0027 49       		.uleb128 0x49
 830 0028 13       		.uleb128 0x13
 831 0029 00       		.byte	0
 832 002a 00       		.byte	0
 833 002b 04       		.uleb128 0x4
 834 002c 24       		.uleb128 0x24
 835 002d 00       		.byte	0
 836 002e 0B       		.uleb128 0xb
 837 002f 0B       		.uleb128 0xb
 838 0030 3E       		.uleb128 0x3e
 839 0031 0B       		.uleb128 0xb
 840 0032 03       		.uleb128 0x3
 841 0033 08       		.uleb128 0x8
 842 0034 00       		.byte	0
 843 0035 00       		.byte	0
 844 0036 05       		.uleb128 0x5
 845 0037 35       		.uleb128 0x35
 846 0038 00       		.byte	0
 847 0039 49       		.uleb128 0x49
 848 003a 13       		.uleb128 0x13
 849 003b 00       		.byte	0
 850 003c 00       		.byte	0
 851 003d 06       		.uleb128 0x6
 852 003e 16       		.uleb128 0x16
 853 003f 00       		.byte	0
 854 0040 03       		.uleb128 0x3
 855 0041 0E       		.uleb128 0xe
 856 0042 3A       		.uleb128 0x3a
 857 0043 0B       		.uleb128 0xb
 858 0044 3B       		.uleb128 0x3b
 859 0045 05       		.uleb128 0x5
ARM GAS  C:\Users\Ian\AppData\Local\Temp\ccQMOqIM.s 			page 21


 860 0046 49       		.uleb128 0x49
 861 0047 13       		.uleb128 0x13
 862 0048 00       		.byte	0
 863 0049 00       		.byte	0
 864 004a 07       		.uleb128 0x7
 865 004b 0F       		.uleb128 0xf
 866 004c 00       		.byte	0
 867 004d 0B       		.uleb128 0xb
 868 004e 0B       		.uleb128 0xb
 869 004f 49       		.uleb128 0x49
 870 0050 13       		.uleb128 0x13
 871 0051 00       		.byte	0
 872 0052 00       		.byte	0
 873 0053 08       		.uleb128 0x8
 874 0054 15       		.uleb128 0x15
 875 0055 00       		.byte	0
 876 0056 27       		.uleb128 0x27
 877 0057 19       		.uleb128 0x19
 878 0058 00       		.byte	0
 879 0059 00       		.byte	0
 880 005a 09       		.uleb128 0x9
 881 005b 13       		.uleb128 0x13
 882 005c 01       		.byte	0x1
 883 005d 0B       		.uleb128 0xb
 884 005e 0B       		.uleb128 0xb
 885 005f 3A       		.uleb128 0x3a
 886 0060 0B       		.uleb128 0xb
 887 0061 3B       		.uleb128 0x3b
 888 0062 0B       		.uleb128 0xb
 889 0063 01       		.uleb128 0x1
 890 0064 13       		.uleb128 0x13
 891 0065 00       		.byte	0
 892 0066 00       		.byte	0
 893 0067 0A       		.uleb128 0xa
 894 0068 0D       		.uleb128 0xd
 895 0069 00       		.byte	0
 896 006a 03       		.uleb128 0x3
 897 006b 0E       		.uleb128 0xe
 898 006c 3A       		.uleb128 0x3a
 899 006d 0B       		.uleb128 0xb
 900 006e 3B       		.uleb128 0x3b
 901 006f 0B       		.uleb128 0xb
 902 0070 49       		.uleb128 0x49
 903 0071 13       		.uleb128 0x13
 904 0072 38       		.uleb128 0x38
 905 0073 0B       		.uleb128 0xb
 906 0074 00       		.byte	0
 907 0075 00       		.byte	0
 908 0076 0B       		.uleb128 0xb
 909 0077 2E       		.uleb128 0x2e
 910 0078 00       		.byte	0
 911 0079 3F       		.uleb128 0x3f
 912 007a 19       		.uleb128 0x19
 913 007b 03       		.uleb128 0x3
 914 007c 0E       		.uleb128 0xe
 915 007d 3A       		.uleb128 0x3a
 916 007e 0B       		.uleb128 0xb
ARM GAS  C:\Users\Ian\AppData\Local\Temp\ccQMOqIM.s 			page 22


 917 007f 3B       		.uleb128 0x3b
 918 0080 0B       		.uleb128 0xb
 919 0081 27       		.uleb128 0x27
 920 0082 19       		.uleb128 0x19
 921 0083 11       		.uleb128 0x11
 922 0084 01       		.uleb128 0x1
 923 0085 12       		.uleb128 0x12
 924 0086 06       		.uleb128 0x6
 925 0087 40       		.uleb128 0x40
 926 0088 18       		.uleb128 0x18
 927 0089 9742     		.uleb128 0x2117
 928 008b 19       		.uleb128 0x19
 929 008c 00       		.byte	0
 930 008d 00       		.byte	0
 931 008e 0C       		.uleb128 0xc
 932 008f 2E       		.uleb128 0x2e
 933 0090 01       		.byte	0x1
 934 0091 3F       		.uleb128 0x3f
 935 0092 19       		.uleb128 0x19
 936 0093 03       		.uleb128 0x3
 937 0094 0E       		.uleb128 0xe
 938 0095 3A       		.uleb128 0x3a
 939 0096 0B       		.uleb128 0xb
 940 0097 3B       		.uleb128 0x3b
 941 0098 0B       		.uleb128 0xb
 942 0099 27       		.uleb128 0x27
 943 009a 19       		.uleb128 0x19
 944 009b 11       		.uleb128 0x11
 945 009c 01       		.uleb128 0x1
 946 009d 12       		.uleb128 0x12
 947 009e 06       		.uleb128 0x6
 948 009f 40       		.uleb128 0x40
 949 00a0 18       		.uleb128 0x18
 950 00a1 9742     		.uleb128 0x2117
 951 00a3 19       		.uleb128 0x19
 952 00a4 01       		.uleb128 0x1
 953 00a5 13       		.uleb128 0x13
 954 00a6 00       		.byte	0
 955 00a7 00       		.byte	0
 956 00a8 0D       		.uleb128 0xd
 957 00a9 898201   		.uleb128 0x4109
 958 00ac 00       		.byte	0
 959 00ad 11       		.uleb128 0x11
 960 00ae 01       		.uleb128 0x1
 961 00af 31       		.uleb128 0x31
 962 00b0 13       		.uleb128 0x13
 963 00b1 00       		.byte	0
 964 00b2 00       		.byte	0
 965 00b3 0E       		.uleb128 0xe
 966 00b4 34       		.uleb128 0x34
 967 00b5 00       		.byte	0
 968 00b6 03       		.uleb128 0x3
 969 00b7 0E       		.uleb128 0xe
 970 00b8 3A       		.uleb128 0x3a
 971 00b9 0B       		.uleb128 0xb
 972 00ba 3B       		.uleb128 0x3b
 973 00bb 0B       		.uleb128 0xb
ARM GAS  C:\Users\Ian\AppData\Local\Temp\ccQMOqIM.s 			page 23


 974 00bc 49       		.uleb128 0x49
 975 00bd 13       		.uleb128 0x13
 976 00be 02       		.uleb128 0x2
 977 00bf 17       		.uleb128 0x17
 978 00c0 00       		.byte	0
 979 00c1 00       		.byte	0
 980 00c2 0F       		.uleb128 0xf
 981 00c3 898201   		.uleb128 0x4109
 982 00c6 01       		.byte	0x1
 983 00c7 11       		.uleb128 0x11
 984 00c8 01       		.uleb128 0x1
 985 00c9 31       		.uleb128 0x31
 986 00ca 13       		.uleb128 0x13
 987 00cb 01       		.uleb128 0x1
 988 00cc 13       		.uleb128 0x13
 989 00cd 00       		.byte	0
 990 00ce 00       		.byte	0
 991 00cf 10       		.uleb128 0x10
 992 00d0 8A8201   		.uleb128 0x410a
 993 00d3 00       		.byte	0
 994 00d4 02       		.uleb128 0x2
 995 00d5 18       		.uleb128 0x18
 996 00d6 9142     		.uleb128 0x2111
 997 00d8 18       		.uleb128 0x18
 998 00d9 00       		.byte	0
 999 00da 00       		.byte	0
 1000 00db 11       		.uleb128 0x11
 1001 00dc 898201   		.uleb128 0x4109
 1002 00df 01       		.byte	0x1
 1003 00e0 11       		.uleb128 0x11
 1004 00e1 01       		.uleb128 0x1
 1005 00e2 31       		.uleb128 0x31
 1006 00e3 13       		.uleb128 0x13
 1007 00e4 00       		.byte	0
 1008 00e5 00       		.byte	0
 1009 00e6 12       		.uleb128 0x12
 1010 00e7 34       		.uleb128 0x34
 1011 00e8 00       		.byte	0
 1012 00e9 03       		.uleb128 0x3
 1013 00ea 0E       		.uleb128 0xe
 1014 00eb 3A       		.uleb128 0x3a
 1015 00ec 0B       		.uleb128 0xb
 1016 00ed 3B       		.uleb128 0x3b
 1017 00ee 0B       		.uleb128 0xb
 1018 00ef 49       		.uleb128 0x49
 1019 00f0 13       		.uleb128 0x13
 1020 00f1 02       		.uleb128 0x2
 1021 00f2 18       		.uleb128 0x18
 1022 00f3 00       		.byte	0
 1023 00f4 00       		.byte	0
 1024 00f5 13       		.uleb128 0x13
 1025 00f6 34       		.uleb128 0x34
 1026 00f7 00       		.byte	0
 1027 00f8 03       		.uleb128 0x3
 1028 00f9 0E       		.uleb128 0xe
 1029 00fa 3A       		.uleb128 0x3a
 1030 00fb 0B       		.uleb128 0xb
ARM GAS  C:\Users\Ian\AppData\Local\Temp\ccQMOqIM.s 			page 24


 1031 00fc 3B       		.uleb128 0x3b
 1032 00fd 05       		.uleb128 0x5
 1033 00fe 49       		.uleb128 0x49
 1034 00ff 13       		.uleb128 0x13
 1035 0100 3F       		.uleb128 0x3f
 1036 0101 19       		.uleb128 0x19
 1037 0102 3C       		.uleb128 0x3c
 1038 0103 19       		.uleb128 0x19
 1039 0104 00       		.byte	0
 1040 0105 00       		.byte	0
 1041 0106 14       		.uleb128 0x14
 1042 0107 2E       		.uleb128 0x2e
 1043 0108 00       		.byte	0
 1044 0109 3F       		.uleb128 0x3f
 1045 010a 19       		.uleb128 0x19
 1046 010b 03       		.uleb128 0x3
 1047 010c 0E       		.uleb128 0xe
 1048 010d 3A       		.uleb128 0x3a
 1049 010e 0B       		.uleb128 0xb
 1050 010f 3B       		.uleb128 0x3b
 1051 0110 0B       		.uleb128 0xb
 1052 0111 27       		.uleb128 0x27
 1053 0112 19       		.uleb128 0x19
 1054 0113 3C       		.uleb128 0x3c
 1055 0114 19       		.uleb128 0x19
 1056 0115 00       		.byte	0
 1057 0116 00       		.byte	0
 1058 0117 15       		.uleb128 0x15
 1059 0118 2E       		.uleb128 0x2e
 1060 0119 00       		.byte	0
 1061 011a 3F       		.uleb128 0x3f
 1062 011b 19       		.uleb128 0x19
 1063 011c 03       		.uleb128 0x3
 1064 011d 0E       		.uleb128 0xe
 1065 011e 3A       		.uleb128 0x3a
 1066 011f 0B       		.uleb128 0xb
 1067 0120 3B       		.uleb128 0x3b
 1068 0121 0B       		.uleb128 0xb
 1069 0122 27       		.uleb128 0x27
 1070 0123 19       		.uleb128 0x19
 1071 0124 49       		.uleb128 0x49
 1072 0125 13       		.uleb128 0x13
 1073 0126 3C       		.uleb128 0x3c
 1074 0127 19       		.uleb128 0x19
 1075 0128 00       		.byte	0
 1076 0129 00       		.byte	0
 1077 012a 16       		.uleb128 0x16
 1078 012b 2E       		.uleb128 0x2e
 1079 012c 01       		.byte	0x1
 1080 012d 3F       		.uleb128 0x3f
 1081 012e 19       		.uleb128 0x19
 1082 012f 03       		.uleb128 0x3
 1083 0130 0E       		.uleb128 0xe
 1084 0131 3A       		.uleb128 0x3a
 1085 0132 0B       		.uleb128 0xb
 1086 0133 3B       		.uleb128 0x3b
 1087 0134 0B       		.uleb128 0xb
ARM GAS  C:\Users\Ian\AppData\Local\Temp\ccQMOqIM.s 			page 25


 1088 0135 27       		.uleb128 0x27
 1089 0136 19       		.uleb128 0x19
 1090 0137 3C       		.uleb128 0x3c
 1091 0138 19       		.uleb128 0x19
 1092 0139 01       		.uleb128 0x1
 1093 013a 13       		.uleb128 0x13
 1094 013b 00       		.byte	0
 1095 013c 00       		.byte	0
 1096 013d 17       		.uleb128 0x17
 1097 013e 05       		.uleb128 0x5
 1098 013f 00       		.byte	0
 1099 0140 49       		.uleb128 0x49
 1100 0141 13       		.uleb128 0x13
 1101 0142 00       		.byte	0
 1102 0143 00       		.byte	0
 1103 0144 18       		.uleb128 0x18
 1104 0145 2E       		.uleb128 0x2e
 1105 0146 01       		.byte	0x1
 1106 0147 3F       		.uleb128 0x3f
 1107 0148 19       		.uleb128 0x19
 1108 0149 03       		.uleb128 0x3
 1109 014a 0E       		.uleb128 0xe
 1110 014b 3A       		.uleb128 0x3a
 1111 014c 0B       		.uleb128 0xb
 1112 014d 3B       		.uleb128 0x3b
 1113 014e 0B       		.uleb128 0xb
 1114 014f 27       		.uleb128 0x27
 1115 0150 19       		.uleb128 0x19
 1116 0151 49       		.uleb128 0x49
 1117 0152 13       		.uleb128 0x13
 1118 0153 3C       		.uleb128 0x3c
 1119 0154 19       		.uleb128 0x19
 1120 0155 01       		.uleb128 0x1
 1121 0156 13       		.uleb128 0x13
 1122 0157 00       		.byte	0
 1123 0158 00       		.byte	0
 1124 0159 19       		.uleb128 0x19
 1125 015a 2E       		.uleb128 0x2e
 1126 015b 01       		.byte	0x1
 1127 015c 3F       		.uleb128 0x3f
 1128 015d 19       		.uleb128 0x19
 1129 015e 03       		.uleb128 0x3
 1130 015f 0E       		.uleb128 0xe
 1131 0160 3A       		.uleb128 0x3a
 1132 0161 0B       		.uleb128 0xb
 1133 0162 3B       		.uleb128 0x3b
 1134 0163 0B       		.uleb128 0xb
 1135 0164 27       		.uleb128 0x27
 1136 0165 19       		.uleb128 0x19
 1137 0166 3C       		.uleb128 0x3c
 1138 0167 19       		.uleb128 0x19
 1139 0168 00       		.byte	0
 1140 0169 00       		.byte	0
 1141 016a 00       		.byte	0
 1142              		.section	.debug_loc,"",%progbits
 1143              	.Ldebug_loc0:
 1144              	.LLST0:
ARM GAS  C:\Users\Ian\AppData\Local\Temp\ccQMOqIM.s 			page 26


 1145 0000 08000000 		.4byte	.LVL2
 1146 0004 B6000000 		.4byte	.LVL10
 1147 0008 0100     		.2byte	0x1
 1148 000a 54       		.byte	0x54
 1149 000b 00000000 		.4byte	0
 1150 000f 00000000 		.4byte	0
 1151              	.LLST1:
 1152 0013 08000000 		.4byte	.LVL12
 1153 0017 9A000000 		.4byte	.LVL19
 1154 001b 0100     		.2byte	0x1
 1155 001d 55       		.byte	0x55
 1156 001e 00000000 		.4byte	0
 1157 0022 00000000 		.4byte	0
 1158              		.section	.debug_aranges,"",%progbits
 1159 0000 3C000000 		.4byte	0x3c
 1160 0004 0200     		.2byte	0x2
 1161 0006 00000000 		.4byte	.Ldebug_info0
 1162 000a 04       		.byte	0x4
 1163 000b 00       		.byte	0
 1164 000c 0000     		.2byte	0
 1165 000e 0000     		.2byte	0
 1166 0010 00000000 		.4byte	.LFB56
 1167 0014 0C000000 		.4byte	.LFE56-.LFB56
 1168 0018 00000000 		.4byte	.LFB57
 1169 001c 02000000 		.4byte	.LFE57-.LFB57
 1170 0020 00000000 		.4byte	.LFB58
 1171 0024 18000000 		.4byte	.LFE58-.LFB58
 1172 0028 00000000 		.4byte	.LFB59
 1173 002c D8000000 		.4byte	.LFE59-.LFB59
 1174 0030 00000000 		.4byte	.LFB60
 1175 0034 BC000000 		.4byte	.LFE60-.LFB60
 1176 0038 00000000 		.4byte	0
 1177 003c 00000000 		.4byte	0
 1178              		.section	.debug_ranges,"",%progbits
 1179              	.Ldebug_ranges0:
 1180 0000 00000000 		.4byte	.LFB56
 1181 0004 0C000000 		.4byte	.LFE56
 1182 0008 00000000 		.4byte	.LFB57
 1183 000c 02000000 		.4byte	.LFE57
 1184 0010 00000000 		.4byte	.LFB58
 1185 0014 18000000 		.4byte	.LFE58
 1186 0018 00000000 		.4byte	.LFB59
 1187 001c D8000000 		.4byte	.LFE59
 1188 0020 00000000 		.4byte	.LFB60
 1189 0024 BC000000 		.4byte	.LFE60
 1190 0028 00000000 		.4byte	0
 1191 002c 00000000 		.4byte	0
 1192              		.section	.debug_line,"",%progbits
 1193              	.Ldebug_line0:
 1194 0000 15020000 		.section	.debug_str,"MS",%progbits,1
 1194      02008F01 
 1194      00000201 
 1194      FB0E0D00 
 1194      01010101 
 1195              	.LASF42:
 1196 0000 43794465 		.ascii	"CyDelayCycles\000"
 1196      6C617943 
ARM GAS  C:\Users\Ian\AppData\Local\Temp\ccQMOqIM.s 			page 27


 1196      79636C65 
 1196      7300
 1197              	.LASF18:
 1198 000e 72656733 		.ascii	"reg32\000"
 1198      3200
 1199              	.LASF41:
 1200 0014 4379496E 		.ascii	"CyIntSetVector\000"
 1200      74536574 
 1200      56656374 
 1200      6F7200
 1201              	.LASF30:
 1202 0023 55534246 		.ascii	"USBFS_1_backup\000"
 1202      535F315F 
 1202      6261636B 
 1202      757000
 1203              	.LASF9:
 1204 0032 5F5F696E 		.ascii	"__int32_t\000"
 1204      7433325F 
 1204      7400
 1205              	.LASF25:
 1206 003c 55534246 		.ascii	"USBFS_1_SaveConfig\000"
 1206      535F315F 
 1206      53617665 
 1206      436F6E66 
 1206      696700
 1207              	.LASF14:
 1208 004f 666C6F61 		.ascii	"float\000"
 1208      7400
 1209              	.LASF27:
 1210 0055 55534246 		.ascii	"USBFS_1_Suspend\000"
 1210      535F315F 
 1210      53757370 
 1210      656E6400 
 1211              	.LASF31:
 1212 0065 55534246 		.ascii	"USBFS_1_configuration\000"
 1212      535F315F 
 1212      636F6E66 
 1212      69677572 
 1212      6174696F 
 1213              	.LASF17:
 1214 007b 72656738 		.ascii	"reg8\000"
 1214      00
 1215              	.LASF38:
 1216 0080 433A5C55 		.ascii	"C:\\Users\\Ian\\Documents\\Junior\\Senior Project C"
 1216      73657273 
 1216      5C49616E 
 1216      5C446F63 
 1216      756D656E 
 1217 00ae 68697020 		.ascii	"hip Design\\Wave Generator\\Wave Generator.cydsn\000"
 1217      44657369 
 1217      676E5C57 
 1217      61766520 
 1217      47656E65 
 1218              	.LASF5:
 1219 00dd 6C6F6E67 		.ascii	"long unsigned int\000"
 1219      20756E73 
 1219      69676E65 
ARM GAS  C:\Users\Ian\AppData\Local\Temp\ccQMOqIM.s 			page 28


 1219      6420696E 
 1219      7400
 1220              	.LASF3:
 1221 00ef 73686F72 		.ascii	"short unsigned int\000"
 1221      7420756E 
 1221      7369676E 
 1221      65642069 
 1221      6E7400
 1222              	.LASF37:
 1223 0102 2E5C4765 		.ascii	".\\Generated_Source\\PSoC5\\USBFS_1_pm.c\000"
 1223      6E657261 
 1223      7465645F 
 1223      536F7572 
 1223      63655C50 
 1224              	.LASF32:
 1225 0128 49544D5F 		.ascii	"ITM_RxBuffer\000"
 1225      52784275 
 1225      66666572 
 1225      00
 1226              	.LASF29:
 1227 0135 656E6162 		.ascii	"enableInterrupts\000"
 1227      6C65496E 
 1227      74657272 
 1227      75707473 
 1227      00
 1228              	.LASF1:
 1229 0146 756E7369 		.ascii	"unsigned char\000"
 1229      676E6564 
 1229      20636861 
 1229      7200
 1230              	.LASF15:
 1231 0154 646F7562 		.ascii	"double\000"
 1231      6C6500
 1232              	.LASF12:
 1233 015b 75696E74 		.ascii	"uint16\000"
 1233      313600
 1234              	.LASF33:
 1235 0162 43794465 		.ascii	"CyDelayUs\000"
 1235      6C617955 
 1235      7300
 1236              	.LASF28:
 1237 016c 55534246 		.ascii	"USBFS_1_Resume\000"
 1237      535F315F 
 1237      52657375 
 1237      6D6500
 1238              	.LASF13:
 1239 017b 75696E74 		.ascii	"uint32\000"
 1239      333200
 1240              	.LASF36:
 1241 0182 474E5520 		.ascii	"GNU C 4.9.3 20150303 (release) [ARM/embedded-4_9-br"
 1241      4320342E 
 1241      392E3320 
 1241      32303135 
 1241      30333033 
 1242 01b5 616E6368 		.ascii	"anch revision 221220] -mcpu=cortex-m3 -mthumb -g -O"
 1242      20726576 
 1242      6973696F 
ARM GAS  C:\Users\Ian\AppData\Local\Temp\ccQMOqIM.s 			page 29


 1242      6E203232 
 1242      31323230 
 1243 01e8 67202D66 		.ascii	"g -ffunction-sections -ffat-lto-objects\000"
 1243      66756E63 
 1243      74696F6E 
 1243      2D736563 
 1243      74696F6E 
 1244              	.LASF40:
 1245 0210 4379456E 		.ascii	"CyEnterCriticalSection\000"
 1245      74657243 
 1245      72697469 
 1245      63616C53 
 1245      65637469 
 1246              	.LASF8:
 1247 0227 756E7369 		.ascii	"unsigned int\000"
 1247      676E6564 
 1247      20696E74 
 1247      00
 1248              	.LASF7:
 1249 0234 6C6F6E67 		.ascii	"long long unsigned int\000"
 1249      206C6F6E 
 1249      6720756E 
 1249      7369676E 
 1249      65642069 
 1250              	.LASF35:
 1251 024b 4379496E 		.ascii	"CyIntSetPriority\000"
 1251      74536574 
 1251      5072696F 
 1251      72697479 
 1251      00
 1252              	.LASF23:
 1253 025c 55534246 		.ascii	"USBFS_1_BACKUP_STRUCT\000"
 1253      535F315F 
 1253      4241434B 
 1253      55505F53 
 1253      54525543 
 1254              	.LASF22:
 1255 0272 6D6F6465 		.ascii	"mode\000"
 1255      00
 1256              	.LASF19:
 1257 0277 63796973 		.ascii	"cyisraddress\000"
 1257      72616464 
 1257      72657373 
 1257      00
 1258              	.LASF39:
 1259 0284 55534246 		.ascii	"USBFS_1_ConfigReg\000"
 1259      535F315F 
 1259      436F6E66 
 1259      69675265 
 1259      6700
 1260              	.LASF10:
 1261 0296 696E7433 		.ascii	"int32_t\000"
 1261      325F7400 
 1262              	.LASF20:
 1263 029e 73697A65 		.ascii	"sizetype\000"
 1263      74797065 
 1263      00
ARM GAS  C:\Users\Ian\AppData\Local\Temp\ccQMOqIM.s 			page 30


 1264              	.LASF6:
 1265 02a7 6C6F6E67 		.ascii	"long long int\000"
 1265      206C6F6E 
 1265      6720696E 
 1265      7400
 1266              	.LASF16:
 1267 02b5 63686172 		.ascii	"char\000"
 1267      00
 1268              	.LASF26:
 1269 02ba 55534246 		.ascii	"USBFS_1_RestoreConfig\000"
 1269      535F315F 
 1269      52657374 
 1269      6F726543 
 1269      6F6E6669 
 1270              	.LASF24:
 1271 02d0 55534246 		.ascii	"USBFS_1_DP_ISR\000"
 1271      535F315F 
 1271      44505F49 
 1271      535200
 1272              	.LASF2:
 1273 02df 73686F72 		.ascii	"short int\000"
 1273      7420696E 
 1273      7400
 1274              	.LASF11:
 1275 02e9 75696E74 		.ascii	"uint8\000"
 1275      3800
 1276              	.LASF34:
 1277 02ef 43794578 		.ascii	"CyExitCriticalSection\000"
 1277      69744372 
 1277      69746963 
 1277      616C5365 
 1277      6374696F 
 1278              	.LASF4:
 1279 0305 6C6F6E67 		.ascii	"long int\000"
 1279      20696E74 
 1279      00
 1280              	.LASF21:
 1281 030e 656E6162 		.ascii	"enableState\000"
 1281      6C655374 
 1281      61746500 
 1282              	.LASF0:
 1283 031a 7369676E 		.ascii	"signed char\000"
 1283      65642063 
 1283      68617200 
 1284              		.ident	"GCC: (GNU Tools for ARM Embedded Processors) 4.9.3 20150303 (release) [ARM/embedded-4_9-br
