Running: C:\Xilinx\14.7\ISE_DS\ISE\bin\nt64\unwrapped\fuse.exe -intstyle ise -incremental -lib unisims_ver -lib unimacro_ver -lib xilinxcorelib_ver -lib secureip -o C:/Users/Julie/Desktop/Senior Project/trig_generator/trig_generator_testbench1_isim_beh.exe -prj C:/Users/Julie/Desktop/Senior Project/trig_generator/trig_generator_testbench1_beh.prj work.trig_generator_testbench1 work.glbl 
ISim P.20131013 (signature 0x7708f090)
Number of CPUs detected in this system: 4
Turning on mult-threading, number of parallel sub-compilation jobs: 8 
Determining compilation order of HDL files
Analyzing Verilog file "C:/Users/Julie/Desktop/Senior Project/trig_generator/trig_generator.v" into library work
Analyzing Verilog file "C:/Users/Julie/Desktop/Senior Project/trig_generator/trig_generator_testbench1.v" into library work
Analyzing Verilog file "C:/Xilinx/14.7/ISE_DS/ISE//verilog/src/glbl.v" into library work
Starting static elaboration
Completed static elaboration
Compiling module trig_generator
Compiling module trig_generator_testbench1
Compiling module glbl
Time Resolution for simulation is 1ps.
Waiting for 1 sub-compilation(s) to finish...
WARNING:Simulator - Unable to copy libPortabilityNOSH.dll to the simulation executable directory: boost::filesystem::copy_file: The system cannot find the path specified, "isim\trig_generator_testbench1_isim_beh.exe.sim\libPortability.dll".
Compiled 3 Verilog Units
Built simulation executable C:/Users/Julie/Desktop/Senior Project/trig_generator/trig_generator_testbench1_isim_beh.exe
Fuse Memory Usage: 26716 KB
Fuse CPU Usage: 405 ms
