--------------------------------------------------------------------------------
Release 14.7 Trace  (nt64)
Copyright (c) 1995-2013 Xilinx, Inc.  All rights reserved.

C:\Xilinx\14.7\ISE_DS\ISE\bin\nt64\unwrapped\trce.exe -intstyle ise -v 3 -s 3
-n 3 -fastpaths -xml trig_generator.twx trig_generator.ncd -o
trig_generator.twr trig_generator.pcf

Design file:              trig_generator.ncd
Physical constraint file: trig_generator.pcf
Device,package,speed:     xc7a100t,csg324,C,-3 (PRODUCTION 1.10 2013-10-13)
Report level:             verbose report

Environment Variable      Effect 
--------------------      ------ 
NONE                      No environment variables were set
--------------------------------------------------------------------------------

INFO:Timing:2698 - No timing constraints found, doing default enumeration.
INFO:Timing:3412 - To improve timing, see the Timing Closure User Guide (UG612).
INFO:Timing:2752 - To get complete path coverage, use the unconstrained paths 
   option. All paths that are not constrained will be reported in the 
   unconstrained paths section(s) of the report.
INFO:Timing:3339 - The clock-to-out numbers in this timing report are based on 
   a 50 Ohm transmission line loading model.  For the details of this model, 
   and for more information on accounting for different loading conditions, 
   please see the device datasheet.



Data Sheet report:
-----------------
All values displayed in nanoseconds (ns)

Setup/Hold to clock clk
------------+------------+------------+------------+------------+------------------+--------+
            |Max Setup to|  Process   |Max Hold to |  Process   |                  | Clock  |
Source      | clk (edge) |   Corner   | clk (edge) |   Corner   |Internal Clock(s) | Phase  |
------------+------------+------------+------------+------------+------------------+--------+
address<0>  |    0.880(R)|      FAST  |    1.029(R)|      SLOW  |clk_BUFGP         |   0.000|
address<1>  |    0.558(R)|      FAST  |    1.484(R)|      SLOW  |clk_BUFGP         |   0.000|
address<2>  |    0.549(R)|      FAST  |    1.507(R)|      SLOW  |clk_BUFGP         |   0.000|
address<3>  |    0.455(R)|      FAST  |    1.602(R)|      SLOW  |clk_BUFGP         |   0.000|
address<4>  |    0.623(R)|      FAST  |    1.384(R)|      SLOW  |clk_BUFGP         |   0.000|
address<5>  |    0.791(R)|      FAST  |    1.113(R)|      SLOW  |clk_BUFGP         |   0.000|
address<6>  |    0.835(R)|      FAST  |    1.035(R)|      SLOW  |clk_BUFGP         |   0.000|
address<7>  |    0.823(R)|      FAST  |    1.048(R)|      SLOW  |clk_BUFGP         |   0.000|
address<8>  |    0.619(R)|      FAST  |    1.377(R)|      SLOW  |clk_BUFGP         |   0.000|
address<9>  |    0.716(R)|      FAST  |    1.203(R)|      SLOW  |clk_BUFGP         |   0.000|
address<10> |    0.850(R)|      FAST  |    1.092(R)|      SLOW  |clk_BUFGP         |   0.000|
address<11> |    0.359(R)|      FAST  |    1.721(R)|      SLOW  |clk_BUFGP         |   0.000|
rst         |    0.035(R)|      FAST  |    1.726(R)|      SLOW  |clk_BUFGP         |   0.000|
wdata<0>    |    0.220(R)|      FAST  |    1.700(R)|      SLOW  |clk_BUFGP         |   0.000|
wdata<2>    |    0.461(R)|      FAST  |    1.381(R)|      SLOW  |clk_BUFGP         |   0.000|
xfc         |    0.704(R)|      FAST  |    1.261(R)|      SLOW  |clk_BUFGP         |   0.000|
------------+------------+------------+------------+------------+------------------+--------+

Clock clk to Pad
---------------------------+-----------------+------------+-----------------+------------+------------------+--------+
                           |Max (slowest) clk|  Process   |Min (fastest) clk|  Process   |                  | Clock  |
Destination                |  (edge) to PAD  |   Corner   |  (edge) to PAD  |   Corner   |Internal Clock(s) | Phase  |
---------------------------+-----------------+------------+-----------------+------------+------------------+--------+
trig_i2si_fifo_overrun_clr |         6.397(R)|      SLOW  |         2.817(R)|      FAST  |clk_BUFGP         |   0.000|
trig_i2so_fifo_underrun_clr|         6.396(R)|      SLOW  |         2.816(R)|      FAST  |clk_BUFGP         |   0.000|
---------------------------+-----------------+------------+-----------------+------------+------------------+--------+


Analysis completed Tue Nov 17 01:51:08 2015 
--------------------------------------------------------------------------------

Trace Settings:
-------------------------
Trace Settings 

Peak Memory Usage: 673 MB



