ARM GAS  C:\Users\Ian\AppData\Local\Temp\cckRj0dR.s 			page 1


   1              		.syntax unified
   2              		.cpu cortex-m3
   3              		.fpu softvfp
   4              		.eabi_attribute 20, 1
   5              		.eabi_attribute 21, 1
   6              		.eabi_attribute 23, 3
   7              		.eabi_attribute 24, 1
   8              		.eabi_attribute 25, 1
   9              		.eabi_attribute 26, 1
  10              		.eabi_attribute 30, 1
  11              		.eabi_attribute 34, 1
  12              		.eabi_attribute 18, 4
  13              		.thumb
  14              		.file	"USBFS_cls.c"
  15              		.text
  16              	.Ltext0:
  17              		.cfi_sections	.debug_frame
  18              		.section	.text.USBFS_DispatchClassRqst,"ax",%progbits
  19              		.align	2
  20              		.global	USBFS_DispatchClassRqst
  21              		.thumb
  22              		.thumb_func
  23              		.type	USBFS_DispatchClassRqst, %function
  24              	USBFS_DispatchClassRqst:
  25              	.LFB0:
  26              		.file 1 ".\\Generated_Source\\PSoC5\\USBFS_cls.c"
   1:.\Generated_Source\PSoC5/USBFS_cls.c **** /*******************************************************************************
   2:.\Generated_Source\PSoC5/USBFS_cls.c **** * File Name: USBFS_cls.c
   3:.\Generated_Source\PSoC5/USBFS_cls.c **** * Version 2.80
   4:.\Generated_Source\PSoC5/USBFS_cls.c **** *
   5:.\Generated_Source\PSoC5/USBFS_cls.c **** * Description:
   6:.\Generated_Source\PSoC5/USBFS_cls.c **** *  USB Class request handler.
   7:.\Generated_Source\PSoC5/USBFS_cls.c **** *
   8:.\Generated_Source\PSoC5/USBFS_cls.c **** * Note:
   9:.\Generated_Source\PSoC5/USBFS_cls.c **** *
  10:.\Generated_Source\PSoC5/USBFS_cls.c **** ********************************************************************************
  11:.\Generated_Source\PSoC5/USBFS_cls.c **** * Copyright 2008-2014, Cypress Semiconductor Corporation.  All rights reserved.
  12:.\Generated_Source\PSoC5/USBFS_cls.c **** * You may use this file only in accordance with the license, terms, conditions,
  13:.\Generated_Source\PSoC5/USBFS_cls.c **** * disclaimers, and limitations in the end user license agreement accompanying
  14:.\Generated_Source\PSoC5/USBFS_cls.c **** * the software package with which this file was provided.
  15:.\Generated_Source\PSoC5/USBFS_cls.c **** *******************************************************************************/
  16:.\Generated_Source\PSoC5/USBFS_cls.c **** 
  17:.\Generated_Source\PSoC5/USBFS_cls.c **** #include "USBFS.h"
  18:.\Generated_Source\PSoC5/USBFS_cls.c **** 
  19:.\Generated_Source\PSoC5/USBFS_cls.c **** #if(USBFS_EXTERN_CLS == USBFS_FALSE)
  20:.\Generated_Source\PSoC5/USBFS_cls.c **** 
  21:.\Generated_Source\PSoC5/USBFS_cls.c **** #include "USBFS_pvt.h"
  22:.\Generated_Source\PSoC5/USBFS_cls.c **** 
  23:.\Generated_Source\PSoC5/USBFS_cls.c **** 
  24:.\Generated_Source\PSoC5/USBFS_cls.c **** 
  25:.\Generated_Source\PSoC5/USBFS_cls.c **** /***************************************
  26:.\Generated_Source\PSoC5/USBFS_cls.c **** * User Implemented Class Driver Declarations.
  27:.\Generated_Source\PSoC5/USBFS_cls.c **** ***************************************/
  28:.\Generated_Source\PSoC5/USBFS_cls.c **** /* `#START USER_DEFINED_CLASS_DECLARATIONS` Place your declaration here */
  29:.\Generated_Source\PSoC5/USBFS_cls.c **** 
  30:.\Generated_Source\PSoC5/USBFS_cls.c **** /* `#END` */
  31:.\Generated_Source\PSoC5/USBFS_cls.c **** 
ARM GAS  C:\Users\Ian\AppData\Local\Temp\cckRj0dR.s 			page 2


  32:.\Generated_Source\PSoC5/USBFS_cls.c **** 
  33:.\Generated_Source\PSoC5/USBFS_cls.c **** /*******************************************************************************
  34:.\Generated_Source\PSoC5/USBFS_cls.c **** * Function Name: USBFS_DispatchClassRqst
  35:.\Generated_Source\PSoC5/USBFS_cls.c **** ********************************************************************************
  36:.\Generated_Source\PSoC5/USBFS_cls.c **** * Summary:
  37:.\Generated_Source\PSoC5/USBFS_cls.c **** *  This routine dispatches class specific requests depend on interface class.
  38:.\Generated_Source\PSoC5/USBFS_cls.c **** *
  39:.\Generated_Source\PSoC5/USBFS_cls.c **** * Parameters:
  40:.\Generated_Source\PSoC5/USBFS_cls.c **** *  None.
  41:.\Generated_Source\PSoC5/USBFS_cls.c **** *
  42:.\Generated_Source\PSoC5/USBFS_cls.c **** * Return:
  43:.\Generated_Source\PSoC5/USBFS_cls.c **** *  requestHandled.
  44:.\Generated_Source\PSoC5/USBFS_cls.c **** *
  45:.\Generated_Source\PSoC5/USBFS_cls.c **** * Reentrant:
  46:.\Generated_Source\PSoC5/USBFS_cls.c **** *  No.
  47:.\Generated_Source\PSoC5/USBFS_cls.c **** *
  48:.\Generated_Source\PSoC5/USBFS_cls.c **** *******************************************************************************/
  49:.\Generated_Source\PSoC5/USBFS_cls.c **** uint8 USBFS_DispatchClassRqst(void) 
  50:.\Generated_Source\PSoC5/USBFS_cls.c **** {
  27              		.loc 1 50 0
  28              		.cfi_startproc
  29              		@ args = 0, pretend = 0, frame = 0
  30              		@ frame_needed = 0, uses_anonymous_args = 0
  31 0000 08B5     		push	{r3, lr}
  32              		.cfi_def_cfa_offset 8
  33              		.cfi_offset 3, -8
  34              		.cfi_offset 14, -4
  35              	.LVL0:
  51:.\Generated_Source\PSoC5/USBFS_cls.c ****     uint8 requestHandled = USBFS_FALSE;
  52:.\Generated_Source\PSoC5/USBFS_cls.c ****     uint8 interfaceNumber = 0u;
  53:.\Generated_Source\PSoC5/USBFS_cls.c **** 
  54:.\Generated_Source\PSoC5/USBFS_cls.c ****     switch(CY_GET_REG8(USBFS_bmRequestType) & USBFS_RQST_RCPT_MASK)
  36              		.loc 1 54 0
  37 0002 124B     		ldr	r3, .L12
  38 0004 1B78     		ldrb	r3, [r3]	@ zero_extendqisi2
  39 0006 03F00303 		and	r3, r3, #3
  40 000a 012B     		cmp	r3, #1
  41 000c 02D0     		beq	.L3
  42 000e 022B     		cmp	r3, #2
  43 0010 04D0     		beq	.L4
  44 0012 0FE0     		b	.L9
  45              	.L3:
  55:.\Generated_Source\PSoC5/USBFS_cls.c ****     {
  56:.\Generated_Source\PSoC5/USBFS_cls.c ****         case USBFS_RQST_RCPT_IFC:        /* Class-specific request directed to an interface */
  57:.\Generated_Source\PSoC5/USBFS_cls.c ****             interfaceNumber = CY_GET_REG8(USBFS_wIndexLo); /* wIndexLo contain Interface number */
  46              		.loc 1 57 0
  47 0014 0E4B     		ldr	r3, .L12+4
  48 0016 1B78     		ldrb	r3, [r3]	@ zero_extendqisi2
  49 0018 DBB2     		uxtb	r3, r3
  50              	.LVL1:
  58:.\Generated_Source\PSoC5/USBFS_cls.c ****             break;
  51              		.loc 1 58 0
  52 001a 0CE0     		b	.L2
  53              	.LVL2:
  54              	.L4:
  59:.\Generated_Source\PSoC5/USBFS_cls.c ****         case USBFS_RQST_RCPT_EP:         /* Class-specific request directed to the endpoint */
  60:.\Generated_Source\PSoC5/USBFS_cls.c ****             /* Find related interface to the endpoint, wIndexLo contain EP number */
ARM GAS  C:\Users\Ian\AppData\Local\Temp\cckRj0dR.s 			page 3


  61:.\Generated_Source\PSoC5/USBFS_cls.c ****             interfaceNumber = USBFS_EP[CY_GET_REG8(USBFS_wIndexLo) &
  55              		.loc 1 61 0
  56 001c 0C4B     		ldr	r3, .L12+4
  57 001e 1B78     		ldrb	r3, [r3]	@ zero_extendqisi2
  58 0020 03F07F03 		and	r3, r3, #127
  59 0024 03EB4303 		add	r3, r3, r3, lsl #1
  60 0028 9B00     		lsls	r3, r3, #2
  61 002a 0A4A     		ldr	r2, .L12+8
  62 002c 1344     		add	r3, r3, r2
  63 002e 9B78     		ldrb	r3, [r3, #2]	@ zero_extendqisi2
  64 0030 DBB2     		uxtb	r3, r3
  65              	.LVL3:
  62:.\Generated_Source\PSoC5/USBFS_cls.c ****                               USBFS_DIR_UNUSED].interface;
  63:.\Generated_Source\PSoC5/USBFS_cls.c ****             break;
  66              		.loc 1 63 0
  67 0032 00E0     		b	.L2
  68              	.LVL4:
  69              	.L9:
  52:.\Generated_Source\PSoC5/USBFS_cls.c **** 
  70              		.loc 1 52 0
  71 0034 0023     		movs	r3, #0
  72              	.LVL5:
  73              	.L2:
  64:.\Generated_Source\PSoC5/USBFS_cls.c ****         default:    /* RequestHandled is initialized as FALSE by default */
  65:.\Generated_Source\PSoC5/USBFS_cls.c ****             break;
  66:.\Generated_Source\PSoC5/USBFS_cls.c ****     }
  67:.\Generated_Source\PSoC5/USBFS_cls.c ****     /* Handle Class request depend on interface type */
  68:.\Generated_Source\PSoC5/USBFS_cls.c ****     switch(USBFS_interfaceClass[interfaceNumber])
  74              		.loc 1 68 0
  75 0036 084A     		ldr	r2, .L12+12
  76 0038 1268     		ldr	r2, [r2]
  77 003a D35C     		ldrb	r3, [r2, r3]	@ zero_extendqisi2
  78              	.LVL6:
  79 003c 032B     		cmp	r3, #3
  80 003e 02D1     		bne	.L10
  69:.\Generated_Source\PSoC5/USBFS_cls.c ****     {
  70:.\Generated_Source\PSoC5/USBFS_cls.c ****         case USBFS_CLASS_HID:
  71:.\Generated_Source\PSoC5/USBFS_cls.c ****             #if defined(USBFS_ENABLE_HID_CLASS)
  72:.\Generated_Source\PSoC5/USBFS_cls.c ****                 requestHandled = USBFS_DispatchHIDClassRqst();
  81              		.loc 1 72 0
  82 0040 FFF7FEFF 		bl	USBFS_DispatchHIDClassRqst
  83              	.LVL7:
  73:.\Generated_Source\PSoC5/USBFS_cls.c ****             #endif /* USBFS_ENABLE_HID_CLASS */
  74:.\Generated_Source\PSoC5/USBFS_cls.c ****             break;
  84              		.loc 1 74 0
  85 0044 08BD     		pop	{r3, pc}
  86              	.LVL8:
  87              	.L10:
  51:.\Generated_Source\PSoC5/USBFS_cls.c ****     uint8 interfaceNumber = 0u;
  88              		.loc 1 51 0
  89 0046 0020     		movs	r0, #0
  90              	.LVL9:
  75:.\Generated_Source\PSoC5/USBFS_cls.c ****         case USBFS_CLASS_AUDIO:
  76:.\Generated_Source\PSoC5/USBFS_cls.c ****             #if defined(USBFS_ENABLE_AUDIO_CLASS)
  77:.\Generated_Source\PSoC5/USBFS_cls.c ****                 requestHandled = USBFS_DispatchAUDIOClassRqst();
  78:.\Generated_Source\PSoC5/USBFS_cls.c ****             #endif /* USBFS_CLASS_AUDIO */
  79:.\Generated_Source\PSoC5/USBFS_cls.c ****             break;
ARM GAS  C:\Users\Ian\AppData\Local\Temp\cckRj0dR.s 			page 4


  80:.\Generated_Source\PSoC5/USBFS_cls.c ****         case USBFS_CLASS_CDC:
  81:.\Generated_Source\PSoC5/USBFS_cls.c ****             #if defined(USBFS_ENABLE_CDC_CLASS)
  82:.\Generated_Source\PSoC5/USBFS_cls.c ****                 requestHandled = USBFS_DispatchCDCClassRqst();
  83:.\Generated_Source\PSoC5/USBFS_cls.c ****             #endif /* USBFS_ENABLE_CDC_CLASS */
  84:.\Generated_Source\PSoC5/USBFS_cls.c ****             break;
  85:.\Generated_Source\PSoC5/USBFS_cls.c ****         default:    /* requestHandled is initialized as FALSE by default */
  86:.\Generated_Source\PSoC5/USBFS_cls.c ****             break;
  87:.\Generated_Source\PSoC5/USBFS_cls.c ****     }
  88:.\Generated_Source\PSoC5/USBFS_cls.c **** 
  89:.\Generated_Source\PSoC5/USBFS_cls.c ****     /* `#START USER_DEFINED_CLASS_CODE` Place your Class request here */
  90:.\Generated_Source\PSoC5/USBFS_cls.c **** 
  91:.\Generated_Source\PSoC5/USBFS_cls.c ****     /* `#END` */
  92:.\Generated_Source\PSoC5/USBFS_cls.c **** 
  93:.\Generated_Source\PSoC5/USBFS_cls.c ****     #ifdef USBFS_DISPATCH_CLASS_RQST_CALLBACK
  94:.\Generated_Source\PSoC5/USBFS_cls.c ****         USBFS_DispatchClassRqst_Callback();
  95:.\Generated_Source\PSoC5/USBFS_cls.c ****     #endif /* USBFS_DISPATCH_CLASS_RQST_CALLBACK */
  96:.\Generated_Source\PSoC5/USBFS_cls.c **** 
  97:.\Generated_Source\PSoC5/USBFS_cls.c ****     return(requestHandled);
  98:.\Generated_Source\PSoC5/USBFS_cls.c **** }
  91              		.loc 1 98 0
  92 0048 08BD     		pop	{r3, pc}
  93              	.L13:
  94 004a 00BF     		.align	2
  95              	.L12:
  96 004c 00600040 		.word	1073766400
  97 0050 04600040 		.word	1073766404
  98 0054 08000000 		.word	USBFS_EP+8
  99 0058 00000000 		.word	USBFS_interfaceClass
 100              		.cfi_endproc
 101              	.LFE0:
 102              		.size	USBFS_DispatchClassRqst, .-USBFS_DispatchClassRqst
 103              		.text
 104              	.Letext0:
 105              		.file 2 ".\\Generated_Source\\PSoC5\\cytypes.h"
 106              		.file 3 ".\\Generated_Source\\PSoC5\\USBFS.h"
 107              		.file 4 ".\\Generated_Source\\PSoC5\\USBFS_pvt.h"
 108              		.section	.debug_info,"",%progbits
 109              	.Ldebug_info0:
 110 0000 AC010000 		.4byte	0x1ac
 111 0004 0400     		.2byte	0x4
 112 0006 00000000 		.4byte	.Ldebug_abbrev0
 113 000a 04       		.byte	0x4
 114 000b 01       		.uleb128 0x1
 115 000c 59010000 		.4byte	.LASF30
 116 0010 01       		.byte	0x1
 117 0011 72020000 		.4byte	.LASF31
 118 0015 7B000000 		.4byte	.LASF32
 119 0019 00000000 		.4byte	.Ldebug_ranges0+0
 120 001d 00000000 		.4byte	0
 121 0021 00000000 		.4byte	.Ldebug_line0
 122 0025 02       		.uleb128 0x2
 123 0026 01       		.byte	0x1
 124 0027 06       		.byte	0x6
 125 0028 66020000 		.4byte	.LASF0
 126 002c 02       		.uleb128 0x2
 127 002d 01       		.byte	0x1
 128 002e 08       		.byte	0x8
ARM GAS  C:\Users\Ian\AppData\Local\Temp\cckRj0dR.s 			page 5


 129 002f 20010000 		.4byte	.LASF1
 130 0033 02       		.uleb128 0x2
 131 0034 02       		.byte	0x2
 132 0035 05       		.byte	0x5
 133 0036 43020000 		.4byte	.LASF2
 134 003a 02       		.uleb128 0x2
 135 003b 02       		.byte	0x2
 136 003c 07       		.byte	0x7
 137 003d 00000000 		.4byte	.LASF3
 138 0041 02       		.uleb128 0x2
 139 0042 04       		.byte	0x4
 140 0043 05       		.byte	0x5
 141 0044 5D020000 		.4byte	.LASF4
 142 0048 02       		.uleb128 0x2
 143 0049 04       		.byte	0x4
 144 004a 07       		.byte	0x7
 145 004b F0000000 		.4byte	.LASF5
 146 004f 02       		.uleb128 0x2
 147 0050 08       		.byte	0x8
 148 0051 05       		.byte	0x5
 149 0052 25020000 		.4byte	.LASF6
 150 0056 02       		.uleb128 0x2
 151 0057 08       		.byte	0x8
 152 0058 07       		.byte	0x7
 153 0059 F4010000 		.4byte	.LASF7
 154 005d 03       		.uleb128 0x3
 155 005e 04       		.byte	0x4
 156 005f 05       		.byte	0x5
 157 0060 696E7400 		.ascii	"int\000"
 158 0064 02       		.uleb128 0x2
 159 0065 04       		.byte	0x4
 160 0066 07       		.byte	0x7
 161 0067 E7010000 		.4byte	.LASF8
 162 006b 04       		.uleb128 0x4
 163 006c 4D020000 		.4byte	.LASF9
 164 0070 02       		.byte	0x2
 165 0071 5B       		.byte	0x5b
 166 0072 2C000000 		.4byte	0x2c
 167 0076 04       		.uleb128 0x4
 168 0077 47010000 		.4byte	.LASF10
 169 007b 02       		.byte	0x2
 170 007c 5C       		.byte	0x5c
 171 007d 3A000000 		.4byte	0x3a
 172 0081 02       		.uleb128 0x2
 173 0082 04       		.byte	0x4
 174 0083 04       		.byte	0x4
 175 0084 52000000 		.4byte	.LASF11
 176 0088 02       		.uleb128 0x2
 177 0089 08       		.byte	0x8
 178 008a 04       		.byte	0x4
 179 008b 2E010000 		.4byte	.LASF12
 180 008f 02       		.uleb128 0x2
 181 0090 01       		.byte	0x1
 182 0091 08       		.byte	0x8
 183 0092 33020000 		.4byte	.LASF13
 184 0096 04       		.uleb128 0x4
 185 0097 76000000 		.4byte	.LASF14
ARM GAS  C:\Users\Ian\AppData\Local\Temp\cckRj0dR.s 			page 6


 186 009b 02       		.byte	0x2
 187 009c F0       		.byte	0xf0
 188 009d A1000000 		.4byte	0xa1
 189 00a1 05       		.uleb128 0x5
 190 00a2 6B000000 		.4byte	0x6b
 191 00a6 02       		.uleb128 0x2
 192 00a7 04       		.byte	0x4
 193 00a8 07       		.byte	0x7
 194 00a9 15020000 		.4byte	.LASF15
 195 00ad 06       		.uleb128 0x6
 196 00ae 0C       		.byte	0xc
 197 00af 03       		.byte	0x3
 198 00b0 7E       		.byte	0x7e
 199 00b1 22010000 		.4byte	0x122
 200 00b5 07       		.uleb128 0x7
 201 00b6 35010000 		.4byte	.LASF16
 202 00ba 03       		.byte	0x3
 203 00bb 80       		.byte	0x80
 204 00bc 6B000000 		.4byte	0x6b
 205 00c0 00       		.byte	0
 206 00c1 07       		.uleb128 0x7
 207 00c2 4E010000 		.4byte	.LASF17
 208 00c6 03       		.byte	0x3
 209 00c7 81       		.byte	0x81
 210 00c8 6B000000 		.4byte	0x6b
 211 00cc 01       		.byte	0x1
 212 00cd 07       		.uleb128 0x7
 213 00ce 0B020000 		.4byte	.LASF18
 214 00d2 03       		.byte	0x3
 215 00d3 82       		.byte	0x82
 216 00d4 6B000000 		.4byte	0x6b
 217 00d8 02       		.byte	0x2
 218 00d9 07       		.uleb128 0x7
 219 00da 58000000 		.4byte	.LASF19
 220 00de 03       		.byte	0x3
 221 00df 83       		.byte	0x83
 222 00e0 6B000000 		.4byte	0x6b
 223 00e4 03       		.byte	0x3
 224 00e5 07       		.uleb128 0x7
 225 00e6 02010000 		.4byte	.LASF20
 226 00ea 03       		.byte	0x3
 227 00eb 84       		.byte	0x84
 228 00ec 6B000000 		.4byte	0x6b
 229 00f0 04       		.byte	0x4
 230 00f1 07       		.uleb128 0x7
 231 00f2 1E020000 		.4byte	.LASF21
 232 00f6 03       		.byte	0x3
 233 00f7 85       		.byte	0x85
 234 00f8 6B000000 		.4byte	0x6b
 235 00fc 05       		.byte	0x5
 236 00fd 07       		.uleb128 0x7
 237 00fe 3C010000 		.4byte	.LASF22
 238 0102 03       		.byte	0x3
 239 0103 86       		.byte	0x86
 240 0104 76000000 		.4byte	0x76
 241 0108 06       		.byte	0x6
 242 0109 07       		.uleb128 0x7
ARM GAS  C:\Users\Ian\AppData\Local\Temp\cckRj0dR.s 			page 7


 243 010a 38020000 		.4byte	.LASF23
 244 010e 03       		.byte	0x3
 245 010f 87       		.byte	0x87
 246 0110 76000000 		.4byte	0x76
 247 0114 08       		.byte	0x8
 248 0115 07       		.uleb128 0x7
 249 0116 53020000 		.4byte	.LASF24
 250 011a 03       		.byte	0x3
 251 011b 88       		.byte	0x88
 252 011c 6B000000 		.4byte	0x6b
 253 0120 0A       		.byte	0xa
 254 0121 00       		.byte	0
 255 0122 04       		.uleb128 0x4
 256 0123 13000000 		.4byte	.LASF25
 257 0127 03       		.byte	0x3
 258 0128 89       		.byte	0x89
 259 0129 AD000000 		.4byte	0xad
 260 012d 08       		.uleb128 0x8
 261 012e D8000000 		.4byte	.LASF33
 262 0132 01       		.byte	0x1
 263 0133 31       		.byte	0x31
 264 0134 6B000000 		.4byte	0x6b
 265 0138 00000000 		.4byte	.LFB0
 266 013c 5C000000 		.4byte	.LFE0-.LFB0
 267 0140 01       		.uleb128 0x1
 268 0141 9C       		.byte	0x9c
 269 0142 6E010000 		.4byte	0x16e
 270 0146 09       		.uleb128 0x9
 271 0147 43000000 		.4byte	.LASF26
 272 014b 01       		.byte	0x1
 273 014c 33       		.byte	0x33
 274 014d 6B000000 		.4byte	0x6b
 275 0151 00000000 		.4byte	.LLST0
 276 0155 09       		.uleb128 0x9
 277 0156 07010000 		.4byte	.LASF27
 278 015a 01       		.byte	0x1
 279 015b 34       		.byte	0x34
 280 015c 6B000000 		.4byte	0x6b
 281 0160 36000000 		.4byte	.LLST1
 282 0164 0A       		.uleb128 0xa
 283 0165 44000000 		.4byte	.LVL7
 284 0169 A4010000 		.4byte	0x1a4
 285 016d 00       		.byte	0
 286 016e 0B       		.uleb128 0xb
 287 016f 61000000 		.4byte	.LASF28
 288 0173 04       		.byte	0x4
 289 0174 3C       		.byte	0x3c
 290 0175 79010000 		.4byte	0x179
 291 0179 0C       		.uleb128 0xc
 292 017a 04       		.byte	0x4
 293 017b 7F010000 		.4byte	0x17f
 294 017f 0D       		.uleb128 0xd
 295 0180 6B000000 		.4byte	0x6b
 296 0184 0E       		.uleb128 0xe
 297 0185 22010000 		.4byte	0x122
 298 0189 94010000 		.4byte	0x194
 299 018d 0F       		.uleb128 0xf
ARM GAS  C:\Users\Ian\AppData\Local\Temp\cckRj0dR.s 			page 8


 300 018e A6000000 		.4byte	0xa6
 301 0192 08       		.byte	0x8
 302 0193 00       		.byte	0
 303 0194 0B       		.uleb128 0xb
 304 0195 17010000 		.4byte	.LASF29
 305 0199 04       		.byte	0x4
 306 019a 3E       		.byte	0x3e
 307 019b 9F010000 		.4byte	0x19f
 308 019f 05       		.uleb128 0x5
 309 01a0 84010000 		.4byte	0x184
 310 01a4 10       		.uleb128 0x10
 311 01a5 28000000 		.4byte	.LASF34
 312 01a9 04       		.byte	0x4
 313 01aa 89       		.byte	0x89
 314 01ab 6B000000 		.4byte	0x6b
 315 01af 00       		.byte	0
 316              		.section	.debug_abbrev,"",%progbits
 317              	.Ldebug_abbrev0:
 318 0000 01       		.uleb128 0x1
 319 0001 11       		.uleb128 0x11
 320 0002 01       		.byte	0x1
 321 0003 25       		.uleb128 0x25
 322 0004 0E       		.uleb128 0xe
 323 0005 13       		.uleb128 0x13
 324 0006 0B       		.uleb128 0xb
 325 0007 03       		.uleb128 0x3
 326 0008 0E       		.uleb128 0xe
 327 0009 1B       		.uleb128 0x1b
 328 000a 0E       		.uleb128 0xe
 329 000b 55       		.uleb128 0x55
 330 000c 17       		.uleb128 0x17
 331 000d 11       		.uleb128 0x11
 332 000e 01       		.uleb128 0x1
 333 000f 10       		.uleb128 0x10
 334 0010 17       		.uleb128 0x17
 335 0011 00       		.byte	0
 336 0012 00       		.byte	0
 337 0013 02       		.uleb128 0x2
 338 0014 24       		.uleb128 0x24
 339 0015 00       		.byte	0
 340 0016 0B       		.uleb128 0xb
 341 0017 0B       		.uleb128 0xb
 342 0018 3E       		.uleb128 0x3e
 343 0019 0B       		.uleb128 0xb
 344 001a 03       		.uleb128 0x3
 345 001b 0E       		.uleb128 0xe
 346 001c 00       		.byte	0
 347 001d 00       		.byte	0
 348 001e 03       		.uleb128 0x3
 349 001f 24       		.uleb128 0x24
 350 0020 00       		.byte	0
 351 0021 0B       		.uleb128 0xb
 352 0022 0B       		.uleb128 0xb
 353 0023 3E       		.uleb128 0x3e
 354 0024 0B       		.uleb128 0xb
 355 0025 03       		.uleb128 0x3
 356 0026 08       		.uleb128 0x8
ARM GAS  C:\Users\Ian\AppData\Local\Temp\cckRj0dR.s 			page 9


 357 0027 00       		.byte	0
 358 0028 00       		.byte	0
 359 0029 04       		.uleb128 0x4
 360 002a 16       		.uleb128 0x16
 361 002b 00       		.byte	0
 362 002c 03       		.uleb128 0x3
 363 002d 0E       		.uleb128 0xe
 364 002e 3A       		.uleb128 0x3a
 365 002f 0B       		.uleb128 0xb
 366 0030 3B       		.uleb128 0x3b
 367 0031 0B       		.uleb128 0xb
 368 0032 49       		.uleb128 0x49
 369 0033 13       		.uleb128 0x13
 370 0034 00       		.byte	0
 371 0035 00       		.byte	0
 372 0036 05       		.uleb128 0x5
 373 0037 35       		.uleb128 0x35
 374 0038 00       		.byte	0
 375 0039 49       		.uleb128 0x49
 376 003a 13       		.uleb128 0x13
 377 003b 00       		.byte	0
 378 003c 00       		.byte	0
 379 003d 06       		.uleb128 0x6
 380 003e 13       		.uleb128 0x13
 381 003f 01       		.byte	0x1
 382 0040 0B       		.uleb128 0xb
 383 0041 0B       		.uleb128 0xb
 384 0042 3A       		.uleb128 0x3a
 385 0043 0B       		.uleb128 0xb
 386 0044 3B       		.uleb128 0x3b
 387 0045 0B       		.uleb128 0xb
 388 0046 01       		.uleb128 0x1
 389 0047 13       		.uleb128 0x13
 390 0048 00       		.byte	0
 391 0049 00       		.byte	0
 392 004a 07       		.uleb128 0x7
 393 004b 0D       		.uleb128 0xd
 394 004c 00       		.byte	0
 395 004d 03       		.uleb128 0x3
 396 004e 0E       		.uleb128 0xe
 397 004f 3A       		.uleb128 0x3a
 398 0050 0B       		.uleb128 0xb
 399 0051 3B       		.uleb128 0x3b
 400 0052 0B       		.uleb128 0xb
 401 0053 49       		.uleb128 0x49
 402 0054 13       		.uleb128 0x13
 403 0055 38       		.uleb128 0x38
 404 0056 0B       		.uleb128 0xb
 405 0057 00       		.byte	0
 406 0058 00       		.byte	0
 407 0059 08       		.uleb128 0x8
 408 005a 2E       		.uleb128 0x2e
 409 005b 01       		.byte	0x1
 410 005c 3F       		.uleb128 0x3f
 411 005d 19       		.uleb128 0x19
 412 005e 03       		.uleb128 0x3
 413 005f 0E       		.uleb128 0xe
ARM GAS  C:\Users\Ian\AppData\Local\Temp\cckRj0dR.s 			page 10


 414 0060 3A       		.uleb128 0x3a
 415 0061 0B       		.uleb128 0xb
 416 0062 3B       		.uleb128 0x3b
 417 0063 0B       		.uleb128 0xb
 418 0064 27       		.uleb128 0x27
 419 0065 19       		.uleb128 0x19
 420 0066 49       		.uleb128 0x49
 421 0067 13       		.uleb128 0x13
 422 0068 11       		.uleb128 0x11
 423 0069 01       		.uleb128 0x1
 424 006a 12       		.uleb128 0x12
 425 006b 06       		.uleb128 0x6
 426 006c 40       		.uleb128 0x40
 427 006d 18       		.uleb128 0x18
 428 006e 9742     		.uleb128 0x2117
 429 0070 19       		.uleb128 0x19
 430 0071 01       		.uleb128 0x1
 431 0072 13       		.uleb128 0x13
 432 0073 00       		.byte	0
 433 0074 00       		.byte	0
 434 0075 09       		.uleb128 0x9
 435 0076 34       		.uleb128 0x34
 436 0077 00       		.byte	0
 437 0078 03       		.uleb128 0x3
 438 0079 0E       		.uleb128 0xe
 439 007a 3A       		.uleb128 0x3a
 440 007b 0B       		.uleb128 0xb
 441 007c 3B       		.uleb128 0x3b
 442 007d 0B       		.uleb128 0xb
 443 007e 49       		.uleb128 0x49
 444 007f 13       		.uleb128 0x13
 445 0080 02       		.uleb128 0x2
 446 0081 17       		.uleb128 0x17
 447 0082 00       		.byte	0
 448 0083 00       		.byte	0
 449 0084 0A       		.uleb128 0xa
 450 0085 898201   		.uleb128 0x4109
 451 0088 00       		.byte	0
 452 0089 11       		.uleb128 0x11
 453 008a 01       		.uleb128 0x1
 454 008b 31       		.uleb128 0x31
 455 008c 13       		.uleb128 0x13
 456 008d 00       		.byte	0
 457 008e 00       		.byte	0
 458 008f 0B       		.uleb128 0xb
 459 0090 34       		.uleb128 0x34
 460 0091 00       		.byte	0
 461 0092 03       		.uleb128 0x3
 462 0093 0E       		.uleb128 0xe
 463 0094 3A       		.uleb128 0x3a
 464 0095 0B       		.uleb128 0xb
 465 0096 3B       		.uleb128 0x3b
 466 0097 0B       		.uleb128 0xb
 467 0098 49       		.uleb128 0x49
 468 0099 13       		.uleb128 0x13
 469 009a 3F       		.uleb128 0x3f
 470 009b 19       		.uleb128 0x19
ARM GAS  C:\Users\Ian\AppData\Local\Temp\cckRj0dR.s 			page 11


 471 009c 3C       		.uleb128 0x3c
 472 009d 19       		.uleb128 0x19
 473 009e 00       		.byte	0
 474 009f 00       		.byte	0
 475 00a0 0C       		.uleb128 0xc
 476 00a1 0F       		.uleb128 0xf
 477 00a2 00       		.byte	0
 478 00a3 0B       		.uleb128 0xb
 479 00a4 0B       		.uleb128 0xb
 480 00a5 49       		.uleb128 0x49
 481 00a6 13       		.uleb128 0x13
 482 00a7 00       		.byte	0
 483 00a8 00       		.byte	0
 484 00a9 0D       		.uleb128 0xd
 485 00aa 26       		.uleb128 0x26
 486 00ab 00       		.byte	0
 487 00ac 49       		.uleb128 0x49
 488 00ad 13       		.uleb128 0x13
 489 00ae 00       		.byte	0
 490 00af 00       		.byte	0
 491 00b0 0E       		.uleb128 0xe
 492 00b1 01       		.uleb128 0x1
 493 00b2 01       		.byte	0x1
 494 00b3 49       		.uleb128 0x49
 495 00b4 13       		.uleb128 0x13
 496 00b5 01       		.uleb128 0x1
 497 00b6 13       		.uleb128 0x13
 498 00b7 00       		.byte	0
 499 00b8 00       		.byte	0
 500 00b9 0F       		.uleb128 0xf
 501 00ba 21       		.uleb128 0x21
 502 00bb 00       		.byte	0
 503 00bc 49       		.uleb128 0x49
 504 00bd 13       		.uleb128 0x13
 505 00be 2F       		.uleb128 0x2f
 506 00bf 0B       		.uleb128 0xb
 507 00c0 00       		.byte	0
 508 00c1 00       		.byte	0
 509 00c2 10       		.uleb128 0x10
 510 00c3 2E       		.uleb128 0x2e
 511 00c4 00       		.byte	0
 512 00c5 3F       		.uleb128 0x3f
 513 00c6 19       		.uleb128 0x19
 514 00c7 03       		.uleb128 0x3
 515 00c8 0E       		.uleb128 0xe
 516 00c9 3A       		.uleb128 0x3a
 517 00ca 0B       		.uleb128 0xb
 518 00cb 3B       		.uleb128 0x3b
 519 00cc 0B       		.uleb128 0xb
 520 00cd 27       		.uleb128 0x27
 521 00ce 19       		.uleb128 0x19
 522 00cf 49       		.uleb128 0x49
 523 00d0 13       		.uleb128 0x13
 524 00d1 3C       		.uleb128 0x3c
 525 00d2 19       		.uleb128 0x19
 526 00d3 00       		.byte	0
 527 00d4 00       		.byte	0
ARM GAS  C:\Users\Ian\AppData\Local\Temp\cckRj0dR.s 			page 12


 528 00d5 00       		.byte	0
 529              		.section	.debug_loc,"",%progbits
 530              	.Ldebug_loc0:
 531              	.LLST0:
 532 0000 02000000 		.4byte	.LVL0
 533 0004 44000000 		.4byte	.LVL7
 534 0008 0200     		.2byte	0x2
 535 000a 30       		.byte	0x30
 536 000b 9F       		.byte	0x9f
 537 000c 44000000 		.4byte	.LVL7
 538 0010 46000000 		.4byte	.LVL8
 539 0014 0100     		.2byte	0x1
 540 0016 50       		.byte	0x50
 541 0017 46000000 		.4byte	.LVL8
 542 001b 48000000 		.4byte	.LVL9
 543 001f 0200     		.2byte	0x2
 544 0021 30       		.byte	0x30
 545 0022 9F       		.byte	0x9f
 546 0023 48000000 		.4byte	.LVL9
 547 0027 5C000000 		.4byte	.LFE0
 548 002b 0100     		.2byte	0x1
 549 002d 50       		.byte	0x50
 550 002e 00000000 		.4byte	0
 551 0032 00000000 		.4byte	0
 552              	.LLST1:
 553 0036 02000000 		.4byte	.LVL0
 554 003a 1A000000 		.4byte	.LVL1
 555 003e 0200     		.2byte	0x2
 556 0040 30       		.byte	0x30
 557 0041 9F       		.byte	0x9f
 558 0042 1A000000 		.4byte	.LVL1
 559 0046 1C000000 		.4byte	.LVL2
 560 004a 0100     		.2byte	0x1
 561 004c 53       		.byte	0x53
 562 004d 1C000000 		.4byte	.LVL2
 563 0051 32000000 		.4byte	.LVL3
 564 0055 0200     		.2byte	0x2
 565 0057 30       		.byte	0x30
 566 0058 9F       		.byte	0x9f
 567 0059 32000000 		.4byte	.LVL3
 568 005d 34000000 		.4byte	.LVL4
 569 0061 0100     		.2byte	0x1
 570 0063 53       		.byte	0x53
 571 0064 34000000 		.4byte	.LVL4
 572 0068 36000000 		.4byte	.LVL5
 573 006c 0200     		.2byte	0x2
 574 006e 30       		.byte	0x30
 575 006f 9F       		.byte	0x9f
 576 0070 36000000 		.4byte	.LVL5
 577 0074 3C000000 		.4byte	.LVL6
 578 0078 0100     		.2byte	0x1
 579 007a 53       		.byte	0x53
 580 007b 00000000 		.4byte	0
 581 007f 00000000 		.4byte	0
 582              		.section	.debug_aranges,"",%progbits
 583 0000 1C000000 		.4byte	0x1c
 584 0004 0200     		.2byte	0x2
ARM GAS  C:\Users\Ian\AppData\Local\Temp\cckRj0dR.s 			page 13


 585 0006 00000000 		.4byte	.Ldebug_info0
 586 000a 04       		.byte	0x4
 587 000b 00       		.byte	0
 588 000c 0000     		.2byte	0
 589 000e 0000     		.2byte	0
 590 0010 00000000 		.4byte	.LFB0
 591 0014 5C000000 		.4byte	.LFE0-.LFB0
 592 0018 00000000 		.4byte	0
 593 001c 00000000 		.4byte	0
 594              		.section	.debug_ranges,"",%progbits
 595              	.Ldebug_ranges0:
 596 0000 00000000 		.4byte	.LFB0
 597 0004 5C000000 		.4byte	.LFE0
 598 0008 00000000 		.4byte	0
 599 000c 00000000 		.4byte	0
 600              		.section	.debug_line,"",%progbits
 601              	.Ldebug_line0:
 602 0000 8A000000 		.section	.debug_str,"MS",%progbits,1
 602      02006200 
 602      00000201 
 602      FB0E0D00 
 602      01010101 
 603              	.LASF3:
 604 0000 73686F72 		.ascii	"short unsigned int\000"
 604      7420756E 
 604      7369676E 
 604      65642069 
 604      6E7400
 605              	.LASF25:
 606 0013 545F5553 		.ascii	"T_USBFS_EP_CTL_BLOCK\000"
 606      4246535F 
 606      45505F43 
 606      544C5F42 
 606      4C4F434B 
 607              	.LASF34:
 608 0028 55534246 		.ascii	"USBFS_DispatchHIDClassRqst\000"
 608      535F4469 
 608      73706174 
 608      63684849 
 608      44436C61 
 609              	.LASF26:
 610 0043 72657175 		.ascii	"requestHandled\000"
 610      65737448 
 610      616E646C 
 610      656400
 611              	.LASF11:
 612 0052 666C6F61 		.ascii	"float\000"
 612      7400
 613              	.LASF19:
 614 0058 6570546F 		.ascii	"epToggle\000"
 614      67676C65 
 614      00
 615              	.LASF28:
 616 0061 55534246 		.ascii	"USBFS_interfaceClass\000"
 616      535F696E 
 616      74657266 
 616      61636543 
ARM GAS  C:\Users\Ian\AppData\Local\Temp\cckRj0dR.s 			page 14


 616      6C617373 
 617              	.LASF14:
 618 0076 72656738 		.ascii	"reg8\000"
 618      00
 619              	.LASF32:
 620 007b 433A5C55 		.ascii	"C:\\Users\\Ian\\Documents\\Junior\\Senior Project C"
 620      73657273 
 620      5C49616E 
 620      5C446F63 
 620      756D656E 
 621 00a9 68697020 		.ascii	"hip Design\\Wave Generator\\Wave Generator.cydsn\000"
 621      44657369 
 621      676E5C57 
 621      61766520 
 621      47656E65 
 622              	.LASF33:
 623 00d8 55534246 		.ascii	"USBFS_DispatchClassRqst\000"
 623      535F4469 
 623      73706174 
 623      6368436C 
 623      61737352 
 624              	.LASF5:
 625 00f0 6C6F6E67 		.ascii	"long unsigned int\000"
 625      20756E73 
 625      69676E65 
 625      6420696E 
 625      7400
 626              	.LASF20:
 627 0102 61646472 		.ascii	"addr\000"
 627      00
 628              	.LASF27:
 629 0107 696E7465 		.ascii	"interfaceNumber\000"
 629      72666163 
 629      654E756D 
 629      62657200 
 630              	.LASF29:
 631 0117 55534246 		.ascii	"USBFS_EP\000"
 631      535F4550 
 631      00
 632              	.LASF1:
 633 0120 756E7369 		.ascii	"unsigned char\000"
 633      676E6564 
 633      20636861 
 633      7200
 634              	.LASF12:
 635 012e 646F7562 		.ascii	"double\000"
 635      6C6500
 636              	.LASF16:
 637 0135 61747472 		.ascii	"attrib\000"
 637      696200
 638              	.LASF22:
 639 013c 62756666 		.ascii	"buffOffset\000"
 639      4F666673 
 639      657400
 640              	.LASF10:
 641 0147 75696E74 		.ascii	"uint16\000"
 641      313600
ARM GAS  C:\Users\Ian\AppData\Local\Temp\cckRj0dR.s 			page 15


 642              	.LASF17:
 643 014e 61706945 		.ascii	"apiEpState\000"
 643      70537461 
 643      746500
 644              	.LASF30:
 645 0159 474E5520 		.ascii	"GNU C 4.9.3 20150303 (release) [ARM/embedded-4_9-br"
 645      4320342E 
 645      392E3320 
 645      32303135 
 645      30333033 
 646 018c 616E6368 		.ascii	"anch revision 221220] -mcpu=cortex-m3 -mthumb -g -O"
 646      20726576 
 646      6973696F 
 646      6E203232 
 646      31323230 
 647 01bf 67202D66 		.ascii	"g -ffunction-sections -ffat-lto-objects\000"
 647      66756E63 
 647      74696F6E 
 647      2D736563 
 647      74696F6E 
 648              	.LASF8:
 649 01e7 756E7369 		.ascii	"unsigned int\000"
 649      676E6564 
 649      20696E74 
 649      00
 650              	.LASF7:
 651 01f4 6C6F6E67 		.ascii	"long long unsigned int\000"
 651      206C6F6E 
 651      6720756E 
 651      7369676E 
 651      65642069 
 652              	.LASF18:
 653 020b 68774570 		.ascii	"hwEpState\000"
 653      53746174 
 653      6500
 654              	.LASF15:
 655 0215 73697A65 		.ascii	"sizetype\000"
 655      74797065 
 655      00
 656              	.LASF21:
 657 021e 65704D6F 		.ascii	"epMode\000"
 657      646500
 658              	.LASF6:
 659 0225 6C6F6E67 		.ascii	"long long int\000"
 659      206C6F6E 
 659      6720696E 
 659      7400
 660              	.LASF13:
 661 0233 63686172 		.ascii	"char\000"
 661      00
 662              	.LASF23:
 663 0238 62756666 		.ascii	"bufferSize\000"
 663      65725369 
 663      7A6500
 664              	.LASF2:
 665 0243 73686F72 		.ascii	"short int\000"
 665      7420696E 
ARM GAS  C:\Users\Ian\AppData\Local\Temp\cckRj0dR.s 			page 16


 665      7400
 666              	.LASF9:
 667 024d 75696E74 		.ascii	"uint8\000"
 667      3800
 668              	.LASF24:
 669 0253 696E7465 		.ascii	"interface\000"
 669      72666163 
 669      6500
 670              	.LASF4:
 671 025d 6C6F6E67 		.ascii	"long int\000"
 671      20696E74 
 671      00
 672              	.LASF0:
 673 0266 7369676E 		.ascii	"signed char\000"
 673      65642063 
 673      68617200 
 674              	.LASF31:
 675 0272 2E5C4765 		.ascii	".\\Generated_Source\\PSoC5\\USBFS_cls.c\000"
 675      6E657261 
 675      7465645F 
 675      536F7572 
 675      63655C50 
 676              		.ident	"GCC: (GNU Tools for ARM Embedded Processors) 4.9.3 20150303 (release) [ARM/embedded-4_9-br
