ARM GAS  C:\Users\Ian\AppData\Local\Temp\ccrDL2go.s 			page 1


   1              		.syntax unified
   2              		.cpu cortex-m3
   3              		.fpu softvfp
   4              		.eabi_attribute 20, 1
   5              		.eabi_attribute 21, 1
   6              		.eabi_attribute 23, 3
   7              		.eabi_attribute 24, 1
   8              		.eabi_attribute 25, 1
   9              		.eabi_attribute 26, 1
  10              		.eabi_attribute 30, 1
  11              		.eabi_attribute 34, 1
  12              		.eabi_attribute 18, 4
  13              		.thumb
  14              		.file	"USBFS_Dm.c"
  15              		.text
  16              	.Ltext0:
  17              		.cfi_sections	.debug_frame
  18              		.section	.text.USBFS_Dm_Write,"ax",%progbits
  19              		.align	2
  20              		.global	USBFS_Dm_Write
  21              		.thumb
  22              		.thumb_func
  23              		.type	USBFS_Dm_Write, %function
  24              	USBFS_Dm_Write:
  25              	.LFB0:
  26              		.file 1 ".\\Generated_Source\\PSoC5\\USBFS_Dm.c"
   1:.\Generated_Source\PSoC5/USBFS_Dm.c **** /*******************************************************************************
   2:.\Generated_Source\PSoC5/USBFS_Dm.c **** * File Name: USBFS_Dm.c  
   3:.\Generated_Source\PSoC5/USBFS_Dm.c **** * Version 2.10
   4:.\Generated_Source\PSoC5/USBFS_Dm.c **** *
   5:.\Generated_Source\PSoC5/USBFS_Dm.c **** * Description:
   6:.\Generated_Source\PSoC5/USBFS_Dm.c **** *  This file contains API to enable firmware control of a Pins component.
   7:.\Generated_Source\PSoC5/USBFS_Dm.c **** *
   8:.\Generated_Source\PSoC5/USBFS_Dm.c **** * Note:
   9:.\Generated_Source\PSoC5/USBFS_Dm.c **** *
  10:.\Generated_Source\PSoC5/USBFS_Dm.c **** ********************************************************************************
  11:.\Generated_Source\PSoC5/USBFS_Dm.c **** * Copyright 2008-2014, Cypress Semiconductor Corporation.  All rights reserved.
  12:.\Generated_Source\PSoC5/USBFS_Dm.c **** * You may use this file only in accordance with the license, terms, conditions, 
  13:.\Generated_Source\PSoC5/USBFS_Dm.c **** * disclaimers, and limitations in the end user license agreement accompanying 
  14:.\Generated_Source\PSoC5/USBFS_Dm.c **** * the software package with which this file was provided.
  15:.\Generated_Source\PSoC5/USBFS_Dm.c **** *******************************************************************************/
  16:.\Generated_Source\PSoC5/USBFS_Dm.c **** 
  17:.\Generated_Source\PSoC5/USBFS_Dm.c **** #include "cytypes.h"
  18:.\Generated_Source\PSoC5/USBFS_Dm.c **** #include "USBFS_Dm.h"
  19:.\Generated_Source\PSoC5/USBFS_Dm.c **** 
  20:.\Generated_Source\PSoC5/USBFS_Dm.c **** /* APIs are not generated for P15[7:6] on PSoC 5 */
  21:.\Generated_Source\PSoC5/USBFS_Dm.c **** #if !(CY_PSOC5A &&\
  22:.\Generated_Source\PSoC5/USBFS_Dm.c **** 	 USBFS_Dm__PORT == 15 && ((USBFS_Dm__MASK & 0xC0) != 0))
  23:.\Generated_Source\PSoC5/USBFS_Dm.c **** 
  24:.\Generated_Source\PSoC5/USBFS_Dm.c **** 
  25:.\Generated_Source\PSoC5/USBFS_Dm.c **** /*******************************************************************************
  26:.\Generated_Source\PSoC5/USBFS_Dm.c **** * Function Name: USBFS_Dm_Write
  27:.\Generated_Source\PSoC5/USBFS_Dm.c **** ********************************************************************************
  28:.\Generated_Source\PSoC5/USBFS_Dm.c **** *
  29:.\Generated_Source\PSoC5/USBFS_Dm.c **** * Summary:
  30:.\Generated_Source\PSoC5/USBFS_Dm.c **** *  Assign a new value to the digital port's data output register.  
  31:.\Generated_Source\PSoC5/USBFS_Dm.c **** *
ARM GAS  C:\Users\Ian\AppData\Local\Temp\ccrDL2go.s 			page 2


  32:.\Generated_Source\PSoC5/USBFS_Dm.c **** * Parameters:  
  33:.\Generated_Source\PSoC5/USBFS_Dm.c **** *  prtValue:  The value to be assigned to the Digital Port. 
  34:.\Generated_Source\PSoC5/USBFS_Dm.c **** *
  35:.\Generated_Source\PSoC5/USBFS_Dm.c **** * Return: 
  36:.\Generated_Source\PSoC5/USBFS_Dm.c **** *  None
  37:.\Generated_Source\PSoC5/USBFS_Dm.c **** *  
  38:.\Generated_Source\PSoC5/USBFS_Dm.c **** *******************************************************************************/
  39:.\Generated_Source\PSoC5/USBFS_Dm.c **** void USBFS_Dm_Write(uint8 value) 
  40:.\Generated_Source\PSoC5/USBFS_Dm.c **** {
  27              		.loc 1 40 0
  28              		.cfi_startproc
  29              		@ args = 0, pretend = 0, frame = 0
  30              		@ frame_needed = 0, uses_anonymous_args = 0
  31              		@ link register save eliminated.
  32              	.LVL0:
  41:.\Generated_Source\PSoC5/USBFS_Dm.c ****     uint8 staticBits = (USBFS_Dm_DR & (uint8)(~USBFS_Dm_MASK));
  33              		.loc 1 41 0
  34 0000 044A     		ldr	r2, .L2
  35 0002 1378     		ldrb	r3, [r2]	@ zero_extendqisi2
  36 0004 03F07F03 		and	r3, r3, #127
  37              	.LVL1:
  42:.\Generated_Source\PSoC5/USBFS_Dm.c ****     USBFS_Dm_DR = staticBits | ((uint8)(value << USBFS_Dm_SHIFT) & USBFS_Dm_MASK);
  38              		.loc 1 42 0
  39 0008 C001     		lsls	r0, r0, #7
  40              	.LVL2:
  41 000a C0B2     		uxtb	r0, r0
  42 000c 0343     		orrs	r3, r3, r0
  43              	.LVL3:
  44 000e 1370     		strb	r3, [r2]
  45 0010 7047     		bx	lr
  46              	.L3:
  47 0012 00BF     		.align	2
  48              	.L2:
  49 0014 F0510040 		.word	1073762800
  50              		.cfi_endproc
  51              	.LFE0:
  52              		.size	USBFS_Dm_Write, .-USBFS_Dm_Write
  53              		.section	.text.USBFS_Dm_SetDriveMode,"ax",%progbits
  54              		.align	2
  55              		.global	USBFS_Dm_SetDriveMode
  56              		.thumb
  57              		.thumb_func
  58              		.type	USBFS_Dm_SetDriveMode, %function
  59              	USBFS_Dm_SetDriveMode:
  60              	.LFB1:
  43:.\Generated_Source\PSoC5/USBFS_Dm.c **** }
  44:.\Generated_Source\PSoC5/USBFS_Dm.c **** 
  45:.\Generated_Source\PSoC5/USBFS_Dm.c **** 
  46:.\Generated_Source\PSoC5/USBFS_Dm.c **** /*******************************************************************************
  47:.\Generated_Source\PSoC5/USBFS_Dm.c **** * Function Name: USBFS_Dm_SetDriveMode
  48:.\Generated_Source\PSoC5/USBFS_Dm.c **** ********************************************************************************
  49:.\Generated_Source\PSoC5/USBFS_Dm.c **** *
  50:.\Generated_Source\PSoC5/USBFS_Dm.c **** * Summary:
  51:.\Generated_Source\PSoC5/USBFS_Dm.c **** *  Change the drive mode on the pins of the port.
  52:.\Generated_Source\PSoC5/USBFS_Dm.c **** * 
  53:.\Generated_Source\PSoC5/USBFS_Dm.c **** * Parameters:  
  54:.\Generated_Source\PSoC5/USBFS_Dm.c **** *  mode:  Change the pins to one of the following drive modes.
ARM GAS  C:\Users\Ian\AppData\Local\Temp\ccrDL2go.s 			page 3


  55:.\Generated_Source\PSoC5/USBFS_Dm.c **** *
  56:.\Generated_Source\PSoC5/USBFS_Dm.c **** *  USBFS_Dm_DM_STRONG     Strong Drive 
  57:.\Generated_Source\PSoC5/USBFS_Dm.c **** *  USBFS_Dm_DM_OD_HI      Open Drain, Drives High 
  58:.\Generated_Source\PSoC5/USBFS_Dm.c **** *  USBFS_Dm_DM_OD_LO      Open Drain, Drives Low 
  59:.\Generated_Source\PSoC5/USBFS_Dm.c **** *  USBFS_Dm_DM_RES_UP     Resistive Pull Up 
  60:.\Generated_Source\PSoC5/USBFS_Dm.c **** *  USBFS_Dm_DM_RES_DWN    Resistive Pull Down 
  61:.\Generated_Source\PSoC5/USBFS_Dm.c **** *  USBFS_Dm_DM_RES_UPDWN  Resistive Pull Up/Down 
  62:.\Generated_Source\PSoC5/USBFS_Dm.c **** *  USBFS_Dm_DM_DIG_HIZ    High Impedance Digital 
  63:.\Generated_Source\PSoC5/USBFS_Dm.c **** *  USBFS_Dm_DM_ALG_HIZ    High Impedance Analog 
  64:.\Generated_Source\PSoC5/USBFS_Dm.c **** *
  65:.\Generated_Source\PSoC5/USBFS_Dm.c **** * Return: 
  66:.\Generated_Source\PSoC5/USBFS_Dm.c **** *  None
  67:.\Generated_Source\PSoC5/USBFS_Dm.c **** *
  68:.\Generated_Source\PSoC5/USBFS_Dm.c **** *******************************************************************************/
  69:.\Generated_Source\PSoC5/USBFS_Dm.c **** void USBFS_Dm_SetDriveMode(uint8 mode) 
  70:.\Generated_Source\PSoC5/USBFS_Dm.c **** {
  61              		.loc 1 70 0
  62              		.cfi_startproc
  63              		@ args = 0, pretend = 0, frame = 0
  64              		@ frame_needed = 0, uses_anonymous_args = 0
  65              		@ link register save eliminated.
  66              	.LVL4:
  71:.\Generated_Source\PSoC5/USBFS_Dm.c **** 	CyPins_SetPinDriveMode(USBFS_Dm_0, mode);
  67              		.loc 1 71 0
  68 0000 044A     		ldr	r2, .L5
  69 0002 1378     		ldrb	r3, [r2]	@ zero_extendqisi2
  70 0004 03F0F103 		and	r3, r3, #241
  71 0008 00F00E00 		and	r0, r0, #14
  72              	.LVL5:
  73 000c 1843     		orrs	r0, r0, r3
  74 000e 1070     		strb	r0, [r2]
  75 0010 7047     		bx	lr
  76              	.L6:
  77 0012 00BF     		.align	2
  78              	.L5:
  79 0014 7F500040 		.word	1073762431
  80              		.cfi_endproc
  81              	.LFE1:
  82              		.size	USBFS_Dm_SetDriveMode, .-USBFS_Dm_SetDriveMode
  83              		.section	.text.USBFS_Dm_Read,"ax",%progbits
  84              		.align	2
  85              		.global	USBFS_Dm_Read
  86              		.thumb
  87              		.thumb_func
  88              		.type	USBFS_Dm_Read, %function
  89              	USBFS_Dm_Read:
  90              	.LFB2:
  72:.\Generated_Source\PSoC5/USBFS_Dm.c **** }
  73:.\Generated_Source\PSoC5/USBFS_Dm.c **** 
  74:.\Generated_Source\PSoC5/USBFS_Dm.c **** 
  75:.\Generated_Source\PSoC5/USBFS_Dm.c **** /*******************************************************************************
  76:.\Generated_Source\PSoC5/USBFS_Dm.c **** * Function Name: USBFS_Dm_Read
  77:.\Generated_Source\PSoC5/USBFS_Dm.c **** ********************************************************************************
  78:.\Generated_Source\PSoC5/USBFS_Dm.c **** *
  79:.\Generated_Source\PSoC5/USBFS_Dm.c **** * Summary:
  80:.\Generated_Source\PSoC5/USBFS_Dm.c **** *  Read the current value on the pins of the Digital Port in right justified 
  81:.\Generated_Source\PSoC5/USBFS_Dm.c **** *  form.
ARM GAS  C:\Users\Ian\AppData\Local\Temp\ccrDL2go.s 			page 4


  82:.\Generated_Source\PSoC5/USBFS_Dm.c **** *
  83:.\Generated_Source\PSoC5/USBFS_Dm.c **** * Parameters:  
  84:.\Generated_Source\PSoC5/USBFS_Dm.c **** *  None
  85:.\Generated_Source\PSoC5/USBFS_Dm.c **** *
  86:.\Generated_Source\PSoC5/USBFS_Dm.c **** * Return: 
  87:.\Generated_Source\PSoC5/USBFS_Dm.c **** *  Returns the current value of the Digital Port as a right justified number
  88:.\Generated_Source\PSoC5/USBFS_Dm.c **** *  
  89:.\Generated_Source\PSoC5/USBFS_Dm.c **** * Note:
  90:.\Generated_Source\PSoC5/USBFS_Dm.c **** *  Macro USBFS_Dm_ReadPS calls this function. 
  91:.\Generated_Source\PSoC5/USBFS_Dm.c **** *  
  92:.\Generated_Source\PSoC5/USBFS_Dm.c **** *******************************************************************************/
  93:.\Generated_Source\PSoC5/USBFS_Dm.c **** uint8 USBFS_Dm_Read(void) 
  94:.\Generated_Source\PSoC5/USBFS_Dm.c **** {
  91              		.loc 1 94 0
  92              		.cfi_startproc
  93              		@ args = 0, pretend = 0, frame = 0
  94              		@ frame_needed = 0, uses_anonymous_args = 0
  95              		@ link register save eliminated.
  95:.\Generated_Source\PSoC5/USBFS_Dm.c ****     return (USBFS_Dm_PS & USBFS_Dm_MASK) >> USBFS_Dm_SHIFT;
  96              		.loc 1 95 0
  97 0000 014B     		ldr	r3, .L8
  98 0002 1878     		ldrb	r0, [r3]	@ zero_extendqisi2
  96:.\Generated_Source\PSoC5/USBFS_Dm.c **** }
  99              		.loc 1 96 0
 100 0004 C009     		lsrs	r0, r0, #7
 101 0006 7047     		bx	lr
 102              	.L9:
 103              		.align	2
 104              	.L8:
 105 0008 F1510040 		.word	1073762801
 106              		.cfi_endproc
 107              	.LFE2:
 108              		.size	USBFS_Dm_Read, .-USBFS_Dm_Read
 109              		.section	.text.USBFS_Dm_ReadDataReg,"ax",%progbits
 110              		.align	2
 111              		.global	USBFS_Dm_ReadDataReg
 112              		.thumb
 113              		.thumb_func
 114              		.type	USBFS_Dm_ReadDataReg, %function
 115              	USBFS_Dm_ReadDataReg:
 116              	.LFB3:
  97:.\Generated_Source\PSoC5/USBFS_Dm.c **** 
  98:.\Generated_Source\PSoC5/USBFS_Dm.c **** 
  99:.\Generated_Source\PSoC5/USBFS_Dm.c **** /*******************************************************************************
 100:.\Generated_Source\PSoC5/USBFS_Dm.c **** * Function Name: USBFS_Dm_ReadDataReg
 101:.\Generated_Source\PSoC5/USBFS_Dm.c **** ********************************************************************************
 102:.\Generated_Source\PSoC5/USBFS_Dm.c **** *
 103:.\Generated_Source\PSoC5/USBFS_Dm.c **** * Summary:
 104:.\Generated_Source\PSoC5/USBFS_Dm.c **** *  Read the current value assigned to a Digital Port's data output register
 105:.\Generated_Source\PSoC5/USBFS_Dm.c **** *
 106:.\Generated_Source\PSoC5/USBFS_Dm.c **** * Parameters:  
 107:.\Generated_Source\PSoC5/USBFS_Dm.c **** *  None 
 108:.\Generated_Source\PSoC5/USBFS_Dm.c **** *
 109:.\Generated_Source\PSoC5/USBFS_Dm.c **** * Return: 
 110:.\Generated_Source\PSoC5/USBFS_Dm.c **** *  Returns the current value assigned to the Digital Port's data output register
 111:.\Generated_Source\PSoC5/USBFS_Dm.c **** *  
 112:.\Generated_Source\PSoC5/USBFS_Dm.c **** *******************************************************************************/
ARM GAS  C:\Users\Ian\AppData\Local\Temp\ccrDL2go.s 			page 5


 113:.\Generated_Source\PSoC5/USBFS_Dm.c **** uint8 USBFS_Dm_ReadDataReg(void) 
 114:.\Generated_Source\PSoC5/USBFS_Dm.c **** {
 117              		.loc 1 114 0
 118              		.cfi_startproc
 119              		@ args = 0, pretend = 0, frame = 0
 120              		@ frame_needed = 0, uses_anonymous_args = 0
 121              		@ link register save eliminated.
 115:.\Generated_Source\PSoC5/USBFS_Dm.c ****     return (USBFS_Dm_DR & USBFS_Dm_MASK) >> USBFS_Dm_SHIFT;
 122              		.loc 1 115 0
 123 0000 014B     		ldr	r3, .L11
 124 0002 1878     		ldrb	r0, [r3]	@ zero_extendqisi2
 116:.\Generated_Source\PSoC5/USBFS_Dm.c **** }
 125              		.loc 1 116 0
 126 0004 C009     		lsrs	r0, r0, #7
 127 0006 7047     		bx	lr
 128              	.L12:
 129              		.align	2
 130              	.L11:
 131 0008 F0510040 		.word	1073762800
 132              		.cfi_endproc
 133              	.LFE3:
 134              		.size	USBFS_Dm_ReadDataReg, .-USBFS_Dm_ReadDataReg
 135              		.text
 136              	.Letext0:
 137              		.file 2 ".\\Generated_Source\\PSoC5\\cytypes.h"
 138              		.section	.debug_info,"",%progbits
 139              	.Ldebug_info0:
 140 0000 1B010000 		.4byte	0x11b
 141 0004 0400     		.2byte	0x4
 142 0006 00000000 		.4byte	.Ldebug_abbrev0
 143 000a 04       		.byte	0x4
 144 000b 01       		.uleb128 0x1
 145 000c AD000000 		.4byte	.LASF20
 146 0010 01       		.byte	0x1
 147 0011 89000000 		.4byte	.LASF21
 148 0015 8C010000 		.4byte	.LASF22
 149 0019 00000000 		.4byte	.Ldebug_ranges0+0
 150 001d 00000000 		.4byte	0
 151 0021 00000000 		.4byte	.Ldebug_line0
 152 0025 02       		.uleb128 0x2
 153 0026 01       		.byte	0x1
 154 0027 06       		.byte	0x6
 155 0028 02020000 		.4byte	.LASF0
 156 002c 02       		.uleb128 0x2
 157 002d 01       		.byte	0x1
 158 002e 08       		.byte	0x8
 159 002f 51000000 		.4byte	.LASF1
 160 0033 02       		.uleb128 0x2
 161 0034 02       		.byte	0x2
 162 0035 05       		.byte	0x5
 163 0036 E9010000 		.4byte	.LASF2
 164 003a 02       		.uleb128 0x2
 165 003b 02       		.byte	0x2
 166 003c 07       		.byte	0x7
 167 003d 76000000 		.4byte	.LASF3
 168 0041 02       		.uleb128 0x2
 169 0042 04       		.byte	0x4
ARM GAS  C:\Users\Ian\AppData\Local\Temp\ccrDL2go.s 			page 6


 170 0043 05       		.byte	0x5
 171 0044 F9010000 		.4byte	.LASF4
 172 0048 02       		.uleb128 0x2
 173 0049 04       		.byte	0x4
 174 004a 07       		.byte	0x7
 175 004b 64000000 		.4byte	.LASF5
 176 004f 02       		.uleb128 0x2
 177 0050 08       		.byte	0x8
 178 0051 05       		.byte	0x5
 179 0052 79010000 		.4byte	.LASF6
 180 0056 02       		.uleb128 0x2
 181 0057 08       		.byte	0x8
 182 0058 07       		.byte	0x7
 183 0059 5D010000 		.4byte	.LASF7
 184 005d 03       		.uleb128 0x3
 185 005e 04       		.byte	0x4
 186 005f 05       		.byte	0x5
 187 0060 696E7400 		.ascii	"int\000"
 188 0064 02       		.uleb128 0x2
 189 0065 04       		.byte	0x4
 190 0066 07       		.byte	0x7
 191 0067 50010000 		.4byte	.LASF8
 192 006b 04       		.uleb128 0x4
 193 006c F3010000 		.4byte	.LASF12
 194 0070 02       		.byte	0x2
 195 0071 5B       		.byte	0x5b
 196 0072 2C000000 		.4byte	0x2c
 197 0076 02       		.uleb128 0x2
 198 0077 04       		.byte	0x4
 199 0078 04       		.byte	0x4
 200 0079 4B000000 		.4byte	.LASF9
 201 007d 02       		.uleb128 0x2
 202 007e 08       		.byte	0x8
 203 007f 04       		.byte	0x4
 204 0080 2E000000 		.4byte	.LASF10
 205 0084 02       		.uleb128 0x2
 206 0085 01       		.byte	0x1
 207 0086 08       		.byte	0x8
 208 0087 87010000 		.4byte	.LASF11
 209 008b 04       		.uleb128 0x4
 210 008c 5F000000 		.4byte	.LASF13
 211 0090 02       		.byte	0x2
 212 0091 F0       		.byte	0xf0
 213 0092 96000000 		.4byte	0x96
 214 0096 05       		.uleb128 0x5
 215 0097 6B000000 		.4byte	0x6b
 216 009b 06       		.uleb128 0x6
 217 009c 00000000 		.4byte	.LASF14
 218 00a0 01       		.byte	0x1
 219 00a1 27       		.byte	0x27
 220 00a2 00000000 		.4byte	.LFB0
 221 00a6 18000000 		.4byte	.LFE0-.LFB0
 222 00aa 01       		.uleb128 0x1
 223 00ab 9C       		.byte	0x9c
 224 00ac CF000000 		.4byte	0xcf
 225 00b0 07       		.uleb128 0x7
 226 00b1 1D000000 		.4byte	.LASF16
ARM GAS  C:\Users\Ian\AppData\Local\Temp\ccrDL2go.s 			page 7


 227 00b5 01       		.byte	0x1
 228 00b6 27       		.byte	0x27
 229 00b7 6B000000 		.4byte	0x6b
 230 00bb 00000000 		.4byte	.LLST0
 231 00bf 08       		.uleb128 0x8
 232 00c0 23000000 		.4byte	.LASF23
 233 00c4 01       		.byte	0x1
 234 00c5 29       		.byte	0x29
 235 00c6 6B000000 		.4byte	0x6b
 236 00ca 21000000 		.4byte	.LLST1
 237 00ce 00       		.byte	0
 238 00cf 06       		.uleb128 0x6
 239 00d0 35000000 		.4byte	.LASF15
 240 00d4 01       		.byte	0x1
 241 00d5 45       		.byte	0x45
 242 00d6 00000000 		.4byte	.LFB1
 243 00da 18000000 		.4byte	.LFE1-.LFB1
 244 00de 01       		.uleb128 0x1
 245 00df 9C       		.byte	0x9c
 246 00e0 F4000000 		.4byte	0xf4
 247 00e4 07       		.uleb128 0x7
 248 00e5 74010000 		.4byte	.LASF17
 249 00e9 01       		.byte	0x1
 250 00ea 45       		.byte	0x45
 251 00eb 6B000000 		.4byte	0x6b
 252 00ef 34000000 		.4byte	.LLST2
 253 00f3 00       		.byte	0
 254 00f4 09       		.uleb128 0x9
 255 00f5 0F000000 		.4byte	.LASF18
 256 00f9 01       		.byte	0x1
 257 00fa 5D       		.byte	0x5d
 258 00fb 6B000000 		.4byte	0x6b
 259 00ff 00000000 		.4byte	.LFB2
 260 0103 0C000000 		.4byte	.LFE2-.LFB2
 261 0107 01       		.uleb128 0x1
 262 0108 9C       		.byte	0x9c
 263 0109 09       		.uleb128 0x9
 264 010a 3B010000 		.4byte	.LASF19
 265 010e 01       		.byte	0x1
 266 010f 71       		.byte	0x71
 267 0110 6B000000 		.4byte	0x6b
 268 0114 00000000 		.4byte	.LFB3
 269 0118 0C000000 		.4byte	.LFE3-.LFB3
 270 011c 01       		.uleb128 0x1
 271 011d 9C       		.byte	0x9c
 272 011e 00       		.byte	0
 273              		.section	.debug_abbrev,"",%progbits
 274              	.Ldebug_abbrev0:
 275 0000 01       		.uleb128 0x1
 276 0001 11       		.uleb128 0x11
 277 0002 01       		.byte	0x1
 278 0003 25       		.uleb128 0x25
 279 0004 0E       		.uleb128 0xe
 280 0005 13       		.uleb128 0x13
 281 0006 0B       		.uleb128 0xb
 282 0007 03       		.uleb128 0x3
 283 0008 0E       		.uleb128 0xe
ARM GAS  C:\Users\Ian\AppData\Local\Temp\ccrDL2go.s 			page 8


 284 0009 1B       		.uleb128 0x1b
 285 000a 0E       		.uleb128 0xe
 286 000b 55       		.uleb128 0x55
 287 000c 17       		.uleb128 0x17
 288 000d 11       		.uleb128 0x11
 289 000e 01       		.uleb128 0x1
 290 000f 10       		.uleb128 0x10
 291 0010 17       		.uleb128 0x17
 292 0011 00       		.byte	0
 293 0012 00       		.byte	0
 294 0013 02       		.uleb128 0x2
 295 0014 24       		.uleb128 0x24
 296 0015 00       		.byte	0
 297 0016 0B       		.uleb128 0xb
 298 0017 0B       		.uleb128 0xb
 299 0018 3E       		.uleb128 0x3e
 300 0019 0B       		.uleb128 0xb
 301 001a 03       		.uleb128 0x3
 302 001b 0E       		.uleb128 0xe
 303 001c 00       		.byte	0
 304 001d 00       		.byte	0
 305 001e 03       		.uleb128 0x3
 306 001f 24       		.uleb128 0x24
 307 0020 00       		.byte	0
 308 0021 0B       		.uleb128 0xb
 309 0022 0B       		.uleb128 0xb
 310 0023 3E       		.uleb128 0x3e
 311 0024 0B       		.uleb128 0xb
 312 0025 03       		.uleb128 0x3
 313 0026 08       		.uleb128 0x8
 314 0027 00       		.byte	0
 315 0028 00       		.byte	0
 316 0029 04       		.uleb128 0x4
 317 002a 16       		.uleb128 0x16
 318 002b 00       		.byte	0
 319 002c 03       		.uleb128 0x3
 320 002d 0E       		.uleb128 0xe
 321 002e 3A       		.uleb128 0x3a
 322 002f 0B       		.uleb128 0xb
 323 0030 3B       		.uleb128 0x3b
 324 0031 0B       		.uleb128 0xb
 325 0032 49       		.uleb128 0x49
 326 0033 13       		.uleb128 0x13
 327 0034 00       		.byte	0
 328 0035 00       		.byte	0
 329 0036 05       		.uleb128 0x5
 330 0037 35       		.uleb128 0x35
 331 0038 00       		.byte	0
 332 0039 49       		.uleb128 0x49
 333 003a 13       		.uleb128 0x13
 334 003b 00       		.byte	0
 335 003c 00       		.byte	0
 336 003d 06       		.uleb128 0x6
 337 003e 2E       		.uleb128 0x2e
 338 003f 01       		.byte	0x1
 339 0040 3F       		.uleb128 0x3f
 340 0041 19       		.uleb128 0x19
ARM GAS  C:\Users\Ian\AppData\Local\Temp\ccrDL2go.s 			page 9


 341 0042 03       		.uleb128 0x3
 342 0043 0E       		.uleb128 0xe
 343 0044 3A       		.uleb128 0x3a
 344 0045 0B       		.uleb128 0xb
 345 0046 3B       		.uleb128 0x3b
 346 0047 0B       		.uleb128 0xb
 347 0048 27       		.uleb128 0x27
 348 0049 19       		.uleb128 0x19
 349 004a 11       		.uleb128 0x11
 350 004b 01       		.uleb128 0x1
 351 004c 12       		.uleb128 0x12
 352 004d 06       		.uleb128 0x6
 353 004e 40       		.uleb128 0x40
 354 004f 18       		.uleb128 0x18
 355 0050 9742     		.uleb128 0x2117
 356 0052 19       		.uleb128 0x19
 357 0053 01       		.uleb128 0x1
 358 0054 13       		.uleb128 0x13
 359 0055 00       		.byte	0
 360 0056 00       		.byte	0
 361 0057 07       		.uleb128 0x7
 362 0058 05       		.uleb128 0x5
 363 0059 00       		.byte	0
 364 005a 03       		.uleb128 0x3
 365 005b 0E       		.uleb128 0xe
 366 005c 3A       		.uleb128 0x3a
 367 005d 0B       		.uleb128 0xb
 368 005e 3B       		.uleb128 0x3b
 369 005f 0B       		.uleb128 0xb
 370 0060 49       		.uleb128 0x49
 371 0061 13       		.uleb128 0x13
 372 0062 02       		.uleb128 0x2
 373 0063 17       		.uleb128 0x17
 374 0064 00       		.byte	0
 375 0065 00       		.byte	0
 376 0066 08       		.uleb128 0x8
 377 0067 34       		.uleb128 0x34
 378 0068 00       		.byte	0
 379 0069 03       		.uleb128 0x3
 380 006a 0E       		.uleb128 0xe
 381 006b 3A       		.uleb128 0x3a
 382 006c 0B       		.uleb128 0xb
 383 006d 3B       		.uleb128 0x3b
 384 006e 0B       		.uleb128 0xb
 385 006f 49       		.uleb128 0x49
 386 0070 13       		.uleb128 0x13
 387 0071 02       		.uleb128 0x2
 388 0072 17       		.uleb128 0x17
 389 0073 00       		.byte	0
 390 0074 00       		.byte	0
 391 0075 09       		.uleb128 0x9
 392 0076 2E       		.uleb128 0x2e
 393 0077 00       		.byte	0
 394 0078 3F       		.uleb128 0x3f
 395 0079 19       		.uleb128 0x19
 396 007a 03       		.uleb128 0x3
 397 007b 0E       		.uleb128 0xe
ARM GAS  C:\Users\Ian\AppData\Local\Temp\ccrDL2go.s 			page 10


 398 007c 3A       		.uleb128 0x3a
 399 007d 0B       		.uleb128 0xb
 400 007e 3B       		.uleb128 0x3b
 401 007f 0B       		.uleb128 0xb
 402 0080 27       		.uleb128 0x27
 403 0081 19       		.uleb128 0x19
 404 0082 49       		.uleb128 0x49
 405 0083 13       		.uleb128 0x13
 406 0084 11       		.uleb128 0x11
 407 0085 01       		.uleb128 0x1
 408 0086 12       		.uleb128 0x12
 409 0087 06       		.uleb128 0x6
 410 0088 40       		.uleb128 0x40
 411 0089 18       		.uleb128 0x18
 412 008a 9742     		.uleb128 0x2117
 413 008c 19       		.uleb128 0x19
 414 008d 00       		.byte	0
 415 008e 00       		.byte	0
 416 008f 00       		.byte	0
 417              		.section	.debug_loc,"",%progbits
 418              	.Ldebug_loc0:
 419              	.LLST0:
 420 0000 00000000 		.4byte	.LVL0
 421 0004 0A000000 		.4byte	.LVL2
 422 0008 0100     		.2byte	0x1
 423 000a 50       		.byte	0x50
 424 000b 0A000000 		.4byte	.LVL2
 425 000f 18000000 		.4byte	.LFE0
 426 0013 0400     		.2byte	0x4
 427 0015 F3       		.byte	0xf3
 428 0016 01       		.uleb128 0x1
 429 0017 50       		.byte	0x50
 430 0018 9F       		.byte	0x9f
 431 0019 00000000 		.4byte	0
 432 001d 00000000 		.4byte	0
 433              	.LLST1:
 434 0021 08000000 		.4byte	.LVL1
 435 0025 0E000000 		.4byte	.LVL3
 436 0029 0100     		.2byte	0x1
 437 002b 53       		.byte	0x53
 438 002c 00000000 		.4byte	0
 439 0030 00000000 		.4byte	0
 440              	.LLST2:
 441 0034 00000000 		.4byte	.LVL4
 442 0038 0C000000 		.4byte	.LVL5
 443 003c 0100     		.2byte	0x1
 444 003e 50       		.byte	0x50
 445 003f 0C000000 		.4byte	.LVL5
 446 0043 18000000 		.4byte	.LFE1
 447 0047 0400     		.2byte	0x4
 448 0049 F3       		.byte	0xf3
 449 004a 01       		.uleb128 0x1
 450 004b 50       		.byte	0x50
 451 004c 9F       		.byte	0x9f
 452 004d 00000000 		.4byte	0
 453 0051 00000000 		.4byte	0
 454              		.section	.debug_aranges,"",%progbits
ARM GAS  C:\Users\Ian\AppData\Local\Temp\ccrDL2go.s 			page 11


 455 0000 34000000 		.4byte	0x34
 456 0004 0200     		.2byte	0x2
 457 0006 00000000 		.4byte	.Ldebug_info0
 458 000a 04       		.byte	0x4
 459 000b 00       		.byte	0
 460 000c 0000     		.2byte	0
 461 000e 0000     		.2byte	0
 462 0010 00000000 		.4byte	.LFB0
 463 0014 18000000 		.4byte	.LFE0-.LFB0
 464 0018 00000000 		.4byte	.LFB1
 465 001c 18000000 		.4byte	.LFE1-.LFB1
 466 0020 00000000 		.4byte	.LFB2
 467 0024 0C000000 		.4byte	.LFE2-.LFB2
 468 0028 00000000 		.4byte	.LFB3
 469 002c 0C000000 		.4byte	.LFE3-.LFB3
 470 0030 00000000 		.4byte	0
 471 0034 00000000 		.4byte	0
 472              		.section	.debug_ranges,"",%progbits
 473              	.Ldebug_ranges0:
 474 0000 00000000 		.4byte	.LFB0
 475 0004 18000000 		.4byte	.LFE0
 476 0008 00000000 		.4byte	.LFB1
 477 000c 18000000 		.4byte	.LFE1
 478 0010 00000000 		.4byte	.LFB2
 479 0014 0C000000 		.4byte	.LFE2
 480 0018 00000000 		.4byte	.LFB3
 481 001c 0C000000 		.4byte	.LFE3
 482 0020 00000000 		.4byte	0
 483 0024 00000000 		.4byte	0
 484              		.section	.debug_line,"",%progbits
 485              	.Ldebug_line0:
 486 0000 93000000 		.section	.debug_str,"MS",%progbits,1
 486      02004700 
 486      00000201 
 486      FB0E0D00 
 486      01010101 
 487              	.LASF14:
 488 0000 55534246 		.ascii	"USBFS_Dm_Write\000"
 488      535F446D 
 488      5F577269 
 488      746500
 489              	.LASF18:
 490 000f 55534246 		.ascii	"USBFS_Dm_Read\000"
 490      535F446D 
 490      5F526561 
 490      6400
 491              	.LASF16:
 492 001d 76616C75 		.ascii	"value\000"
 492      6500
 493              	.LASF23:
 494 0023 73746174 		.ascii	"staticBits\000"
 494      69634269 
 494      747300
 495              	.LASF10:
 496 002e 646F7562 		.ascii	"double\000"
 496      6C6500
 497              	.LASF15:
ARM GAS  C:\Users\Ian\AppData\Local\Temp\ccrDL2go.s 			page 12


 498 0035 55534246 		.ascii	"USBFS_Dm_SetDriveMode\000"
 498      535F446D 
 498      5F536574 
 498      44726976 
 498      654D6F64 
 499              	.LASF9:
 500 004b 666C6F61 		.ascii	"float\000"
 500      7400
 501              	.LASF1:
 502 0051 756E7369 		.ascii	"unsigned char\000"
 502      676E6564 
 502      20636861 
 502      7200
 503              	.LASF13:
 504 005f 72656738 		.ascii	"reg8\000"
 504      00
 505              	.LASF5:
 506 0064 6C6F6E67 		.ascii	"long unsigned int\000"
 506      20756E73 
 506      69676E65 
 506      6420696E 
 506      7400
 507              	.LASF3:
 508 0076 73686F72 		.ascii	"short unsigned int\000"
 508      7420756E 
 508      7369676E 
 508      65642069 
 508      6E7400
 509              	.LASF21:
 510 0089 2E5C4765 		.ascii	".\\Generated_Source\\PSoC5\\USBFS_Dm.c\000"
 510      6E657261 
 510      7465645F 
 510      536F7572 
 510      63655C50 
 511              	.LASF20:
 512 00ad 474E5520 		.ascii	"GNU C 4.9.3 20150303 (release) [ARM/embedded-4_9-br"
 512      4320342E 
 512      392E3320 
 512      32303135 
 512      30333033 
 513 00e0 616E6368 		.ascii	"anch revision 221220] -mcpu=cortex-m3 -mthumb -g -O"
 513      20726576 
 513      6973696F 
 513      6E203232 
 513      31323230 
 514 0113 67202D66 		.ascii	"g -ffunction-sections -ffat-lto-objects\000"
 514      66756E63 
 514      74696F6E 
 514      2D736563 
 514      74696F6E 
 515              	.LASF19:
 516 013b 55534246 		.ascii	"USBFS_Dm_ReadDataReg\000"
 516      535F446D 
 516      5F526561 
 516      64446174 
 516      61526567 
 517              	.LASF8:
ARM GAS  C:\Users\Ian\AppData\Local\Temp\ccrDL2go.s 			page 13


 518 0150 756E7369 		.ascii	"unsigned int\000"
 518      676E6564 
 518      20696E74 
 518      00
 519              	.LASF7:
 520 015d 6C6F6E67 		.ascii	"long long unsigned int\000"
 520      206C6F6E 
 520      6720756E 
 520      7369676E 
 520      65642069 
 521              	.LASF17:
 522 0174 6D6F6465 		.ascii	"mode\000"
 522      00
 523              	.LASF6:
 524 0179 6C6F6E67 		.ascii	"long long int\000"
 524      206C6F6E 
 524      6720696E 
 524      7400
 525              	.LASF11:
 526 0187 63686172 		.ascii	"char\000"
 526      00
 527              	.LASF22:
 528 018c 433A5C55 		.ascii	"C:\\Users\\Ian\\Documents\\Junior\\Senior Project C"
 528      73657273 
 528      5C49616E 
 528      5C446F63 
 528      756D656E 
 529 01ba 68697020 		.ascii	"hip Design\\Wave Generator\\Wave Generator.cydsn\000"
 529      44657369 
 529      676E5C57 
 529      61766520 
 529      47656E65 
 530              	.LASF2:
 531 01e9 73686F72 		.ascii	"short int\000"
 531      7420696E 
 531      7400
 532              	.LASF12:
 533 01f3 75696E74 		.ascii	"uint8\000"
 533      3800
 534              	.LASF4:
 535 01f9 6C6F6E67 		.ascii	"long int\000"
 535      20696E74 
 535      00
 536              	.LASF0:
 537 0202 7369676E 		.ascii	"signed char\000"
 537      65642063 
 537      68617200 
 538              		.ident	"GCC: (GNU Tools for ARM Embedded Processors) 4.9.3 20150303 (release) [ARM/embedded-4_9-br
