Running: C:\Xilinx\14.7\ISE_DS\ISE\bin\nt64\unwrapped\fuse.exe -intstyle ise -incremental -lib unisims_ver -lib unimacro_ver -lib xilinxcorelib_ver -lib secureip -o C:/Users/Zachary/Documents/GitHub/Chip-Design/proj_asic/rtl/Main Project/chip_test1_isim_beh.exe -prj C:/Users/Zachary/Documents/GitHub/Chip-Design/proj_asic/rtl/Main Project/chip_test1_beh.prj work.chip_test1 work.glbl 
ISim P.20131013 (signature 0x7708f090)
Number of CPUs detected in this system: 8
Turning on mult-threading, number of parallel sub-compilation jobs: 16 
Determining compilation order of HDL files
Analyzing Verilog file "C:/Users/Zachary/Documents/GitHub/Chip-Design/proj_asic/rtl/Main Project/filter_storage.v" into library work
Analyzing Verilog file "C:/Users/Zachary/Documents/GitHub/Chip-Design/proj_asic/rtl/Main Project/trig_generator.v" into library work
Analyzing Verilog file "C:/Users/Zachary/Documents/GitHub/Chip-Design/proj_asic/rtl/Main Project/synchronizer.v" into library work
Analyzing Verilog file "C:/Users/Zachary/Documents/GitHub/Chip-Design/proj_asic/rtl/Main Project/register.v" into library work
Analyzing Verilog file "C:/Users/Zachary/Documents/GitHub/Chip-Design/proj_asic/rtl/Main Project/i2so_serializer.v" into library work
Analyzing Verilog file "C:/Users/Zachary/Documents/GitHub/Chip-Design/proj_asic/rtl/Main Project/i2si_mux.v" into library work
Analyzing Verilog file "C:/Users/Zachary/Documents/GitHub/Chip-Design/proj_asic/rtl/Main Project/i2si_deserializer.v" into library work
Analyzing Verilog file "C:/Users/Zachary/Documents/GitHub/Chip-Design/proj_asic/rtl/Main Project/i2si_bist_gen.v" into library work
Analyzing Verilog file "C:/Users/Zachary/Documents/GitHub/Chip-Design/proj_asic/rtl/Main Project/i2c_serializer.v" into library work
Analyzing Verilog file "C:/Users/Zachary/Documents/GitHub/Chip-Design/proj_asic/rtl/Main Project/i2c_sequencer.v" into library work
Analyzing Verilog file "C:/Users/Zachary/Documents/GitHub/Chip-Design/proj_asic/rtl/Main Project/i2c_deserializer.v" into library work
Analyzing Verilog file "C:/Users/Zachary/Documents/GitHub/Chip-Design/proj_asic/rtl/Main Project/filter_stm.v" into library work
Analyzing Verilog file "C:/Users/Zachary/Documents/GitHub/Chip-Design/proj_asic/rtl/Main Project/filter_round_truncate.v" into library work
Analyzing Verilog file "C:/Users/Zachary/Documents/GitHub/Chip-Design/proj_asic/rtl/Main Project/filter_mux.v" into library work
Analyzing Verilog file "C:/Users/Zachary/Documents/GitHub/Chip-Design/proj_asic/rtl/Main Project/filter_accumulator.v" into library work
Analyzing Verilog file "C:/Users/Zachary/Documents/GitHub/Chip-Design/proj_asic/rtl/Main Project/fifo.v" into library work
Analyzing Verilog file "C:/Users/Zachary/Documents/GitHub/Chip-Design/proj_asic/rtl/Main Project/i2s_out.v" into library work
Analyzing Verilog file "C:/Users/Zachary/Documents/GitHub/Chip-Design/proj_asic/rtl/Main Project/i2s_in.v" into library work
Analyzing Verilog file "C:/Users/Zachary/Documents/GitHub/Chip-Design/proj_asic/rtl/Main Project/i2c.v" into library work
Analyzing Verilog file "C:/Users/Zachary/Documents/GitHub/Chip-Design/proj_asic/rtl/Main Project/filter.v" into library work
Analyzing Verilog file "C:/Users/Zachary/Documents/GitHub/Chip-Design/proj_asic/rtl/Main Project/chip_reg.v" into library work
Analyzing Verilog file "C:/Users/Zachary/Documents/GitHub/Chip-Design/proj_asic/rtl/Main Project/chip.v" into library work
Analyzing Verilog file "C:/Users/Zachary/Documents/GitHub/Chip-Design/proj_asic/rtl/Main Project/chip_test_i2s_serial_enable.v" into library work
Analyzing Verilog file "C:/Xilinx/14.7/ISE_DS/ISE//verilog/src/glbl.v" into library work
Starting static elaboration
Completed static elaboration
Compiling module synchronizer
Compiling module i2si_deserializer
Compiling module i2si_bist_gen
Compiling module i2si_mux
Compiling module fifo
Compiling module i2s_in
Compiling module i2so_serializer
Compiling module i2s_out
Compiling module filter_storage
Compiling module filter_stm
Compiling module filter_accumulator
Compiling module filter_round_truncate
Compiling module filter_mux
Compiling module filter
Compiling module register
Compiling module trig_generator
Compiling module chip_reg
Compiling module Deserializer
Compiling module Sequencer
Compiling module Serializer
Compiling module i2c
Compiling module chip
Compiling module chip_test1
Compiling module glbl
Time Resolution for simulation is 1ps.
Waiting for 9 sub-compilation(s) to finish...
Compiled 24 Verilog Units
Built simulation executable C:/Users/Zachary/Documents/GitHub/Chip-Design/proj_asic/rtl/Main Project/chip_test1_isim_beh.exe
Fuse Memory Usage: 45504 KB
Fuse CPU Usage: 1749 ms
