Command line:
   i2c_Top_Block_i2c_Top_Block_sch_tb_isim_beh.exe
     -simmode  gui
     -simrunnum  0
     -socket  64577

Wed Nov 11 11:17:57 2015


 Elaboration Time: 0.0624 sec

 Current Memory Usage: 505.004 Meg

 Total Signals          : 83
 Total Nets             : 96
 Total Signal Drivers   : 39
 Total Blocks           : 10
 Total Primitive Blocks : 8
 Total Processes        : 67
 Total Traceable Variables  : 73
 Total Scalar Nets and Variables : 332
Total Line Count : 525

 Total Simulation Time: 1.04521 sec

 Current Memory Usage: 505.004 Meg

Wed Nov 11 12:44:15 2015

