Command line:
   i2si_bist_gen_isim_beh.exe
     -simmode  gui
     -simrunnum  0
     -socket  56249

Tue Nov 10 21:19:22 2015


 Elaboration Time: 0.125 sec

 Current Memory Usage: 1334.96 Meg

 Total Signals          : 22
 Total Nets             : 84
 Total Signal Drivers   : 10
 Total Blocks           : 2
 Total Primitive Blocks : 2
 Total Processes        : 12
 Total Traceable Variables  : 24
 Total Scalar Nets and Variables : 234
Total Line Count : 32

 Total Simulation Time: 0.171875 sec

 Current Memory Usage: 1334.96 Meg

Tue Nov 10 21:19:29 2015

