Running: C:\Xilinx\14.7\ISE_DS\ISE\bin\nt64\unwrapped\fuse.exe -intstyle ise -incremental -lib unisims_ver -lib unimacro_ver -lib xilinxcorelib_ver -lib secureip -o C:/Users/Zachary/Documents/GitHub/Chip-Design/proj_asic/rtl/chip/i2s_out_test_isim_beh.exe -prj C:/Users/Zachary/Documents/GitHub/Chip-Design/proj_asic/rtl/chip/i2s_out_test_beh.prj work.i2s_out_test work.glbl 
ISim P.20131013 (signature 0x7708f090)
Number of CPUs detected in this system: 8
Turning on mult-threading, number of parallel sub-compilation jobs: 16 
Determining compilation order of HDL files
Analyzing Verilog file "C:/Users/Zachary/Documents/GitHub/Chip-Design/proj_asic/rtl/chip/serializer.v" into library work
Analyzing Verilog file "C:/Users/Zachary/Documents/GitHub/Chip-Design/proj_asic/rtl/chip/fifo.v" into library work
Analyzing Verilog file "C:/Users/Zachary/Documents/GitHub/Chip-Design/proj_asic/rtl/chip/i2s_out.v" into library work
Analyzing Verilog file "C:/Users/Zachary/Documents/GitHub/Chip-Design/proj_asic/rtl/chip/i2s_out_test.v" into library work
Analyzing Verilog file "C:/Xilinx/14.7/ISE_DS/ISE//verilog/src/glbl.v" into library work
Starting static elaboration
Completed static elaboration
Compiling module serializer
Compiling module fifo
Compiling module i2s_out
Compiling module i2s_out_test
Compiling module glbl
Time Resolution for simulation is 1ps.
Waiting for 1 sub-compilation(s) to finish...
Compiled 5 Verilog Units
Built simulation executable C:/Users/Zachary/Documents/GitHub/Chip-Design/proj_asic/rtl/chip/i2s_out_test_isim_beh.exe
Fuse Memory Usage: 28380 KB
Fuse CPU Usage: 483 ms
