ARM GAS  C:\Users\Ian\AppData\Local\Temp\ccPk9Na6.s 			page 1


   1              		.syntax unified
   2              		.cpu cortex-m3
   3              		.fpu softvfp
   4              		.eabi_attribute 20, 1
   5              		.eabi_attribute 21, 1
   6              		.eabi_attribute 23, 3
   7              		.eabi_attribute 24, 1
   8              		.eabi_attribute 25, 1
   9              		.eabi_attribute 26, 1
  10              		.eabi_attribute 30, 1
  11              		.eabi_attribute 34, 1
  12              		.eabi_attribute 18, 4
  13              		.thumb
  14              		.file	"ADC_SAR_INT.c"
  15              		.text
  16              	.Ltext0:
  17              		.cfi_sections	.debug_frame
  18              		.section	.text.ADC_SAR_ISR,"ax",%progbits
  19              		.align	2
  20              		.global	ADC_SAR_ISR
  21              		.thumb
  22              		.thumb_func
  23              		.type	ADC_SAR_ISR, %function
  24              	ADC_SAR_ISR:
  25              	.LFB0:
  26              		.file 1 ".\\Generated_Source\\PSoC5\\ADC_SAR_INT.c"
   1:.\Generated_Source\PSoC5/ADC_SAR_INT.c **** /*******************************************************************************
   2:.\Generated_Source\PSoC5/ADC_SAR_INT.c **** * File Name: ADC_SAR_INT.c
   3:.\Generated_Source\PSoC5/ADC_SAR_INT.c **** * Version 3.0
   4:.\Generated_Source\PSoC5/ADC_SAR_INT.c **** *
   5:.\Generated_Source\PSoC5/ADC_SAR_INT.c **** *  Description:
   6:.\Generated_Source\PSoC5/ADC_SAR_INT.c **** *    This file contains the code that operates during the ADC_SAR interrupt
   7:.\Generated_Source\PSoC5/ADC_SAR_INT.c **** *    service routine.
   8:.\Generated_Source\PSoC5/ADC_SAR_INT.c **** *
   9:.\Generated_Source\PSoC5/ADC_SAR_INT.c **** *   Note:
  10:.\Generated_Source\PSoC5/ADC_SAR_INT.c **** *
  11:.\Generated_Source\PSoC5/ADC_SAR_INT.c **** ********************************************************************************
  12:.\Generated_Source\PSoC5/ADC_SAR_INT.c **** * Copyright 2008-2015, Cypress Semiconductor Corporation.  All rights reserved.
  13:.\Generated_Source\PSoC5/ADC_SAR_INT.c **** * You may use this file only in accordance with the license, terms, conditions,
  14:.\Generated_Source\PSoC5/ADC_SAR_INT.c **** * disclaimers, and limitations in the end user license agreement accompanying
  15:.\Generated_Source\PSoC5/ADC_SAR_INT.c **** * the software package with which this file was provided.
  16:.\Generated_Source\PSoC5/ADC_SAR_INT.c **** *******************************************************************************/
  17:.\Generated_Source\PSoC5/ADC_SAR_INT.c **** 
  18:.\Generated_Source\PSoC5/ADC_SAR_INT.c **** #include "ADC_SAR.h"
  19:.\Generated_Source\PSoC5/ADC_SAR_INT.c **** 
  20:.\Generated_Source\PSoC5/ADC_SAR_INT.c **** 
  21:.\Generated_Source\PSoC5/ADC_SAR_INT.c **** 
  22:.\Generated_Source\PSoC5/ADC_SAR_INT.c **** /******************************************************************************
  23:.\Generated_Source\PSoC5/ADC_SAR_INT.c **** * Custom Declarations and Variables
  24:.\Generated_Source\PSoC5/ADC_SAR_INT.c **** * - add user inlcude files, prototypes and variables between the following
  25:.\Generated_Source\PSoC5/ADC_SAR_INT.c **** *   #START and #END tags
  26:.\Generated_Source\PSoC5/ADC_SAR_INT.c **** ******************************************************************************/
  27:.\Generated_Source\PSoC5/ADC_SAR_INT.c **** /* `#START ADC_SYS_VAR`  */
  28:.\Generated_Source\PSoC5/ADC_SAR_INT.c **** 
  29:.\Generated_Source\PSoC5/ADC_SAR_INT.c **** /* `#END`  */
  30:.\Generated_Source\PSoC5/ADC_SAR_INT.c **** 
  31:.\Generated_Source\PSoC5/ADC_SAR_INT.c **** #if(ADC_SAR_IRQ_REMOVE == 0u)
ARM GAS  C:\Users\Ian\AppData\Local\Temp\ccPk9Na6.s 			page 2


  32:.\Generated_Source\PSoC5/ADC_SAR_INT.c **** 
  33:.\Generated_Source\PSoC5/ADC_SAR_INT.c **** 
  34:.\Generated_Source\PSoC5/ADC_SAR_INT.c ****     /******************************************************************************
  35:.\Generated_Source\PSoC5/ADC_SAR_INT.c ****     * Function Name: ADC_SAR_ISR
  36:.\Generated_Source\PSoC5/ADC_SAR_INT.c ****     *******************************************************************************
  37:.\Generated_Source\PSoC5/ADC_SAR_INT.c ****     *
  38:.\Generated_Source\PSoC5/ADC_SAR_INT.c ****     * Summary:
  39:.\Generated_Source\PSoC5/ADC_SAR_INT.c ****     *  Handle Interrupt Service Routine.
  40:.\Generated_Source\PSoC5/ADC_SAR_INT.c ****     *
  41:.\Generated_Source\PSoC5/ADC_SAR_INT.c ****     * Parameters:
  42:.\Generated_Source\PSoC5/ADC_SAR_INT.c ****     *  None.
  43:.\Generated_Source\PSoC5/ADC_SAR_INT.c ****     *
  44:.\Generated_Source\PSoC5/ADC_SAR_INT.c ****     * Return:
  45:.\Generated_Source\PSoC5/ADC_SAR_INT.c ****     *  None.
  46:.\Generated_Source\PSoC5/ADC_SAR_INT.c ****     *
  47:.\Generated_Source\PSoC5/ADC_SAR_INT.c ****     * Reentrant:
  48:.\Generated_Source\PSoC5/ADC_SAR_INT.c ****     *  No.
  49:.\Generated_Source\PSoC5/ADC_SAR_INT.c ****     *
  50:.\Generated_Source\PSoC5/ADC_SAR_INT.c ****     ******************************************************************************/
  51:.\Generated_Source\PSoC5/ADC_SAR_INT.c ****     CY_ISR( ADC_SAR_ISR )
  52:.\Generated_Source\PSoC5/ADC_SAR_INT.c ****     {
  27              		.loc 1 52 0
  28              		.cfi_startproc
  29              		@ args = 0, pretend = 0, frame = 0
  30              		@ frame_needed = 0, uses_anonymous_args = 0
  31              		@ link register save eliminated.
  32 0000 7047     		bx	lr
  33              		.cfi_endproc
  34              	.LFE0:
  35              		.size	ADC_SAR_ISR, .-ADC_SAR_ISR
  36 0002 00BF     		.text
  37              	.Letext0:
  38              		.section	.debug_info,"",%progbits
  39              	.Ldebug_info0:
  40 0000 8E000000 		.4byte	0x8e
  41 0004 0400     		.2byte	0x4
  42 0006 00000000 		.4byte	.Ldebug_abbrev0
  43 000a 04       		.byte	0x4
  44 000b 01       		.uleb128 0x1
  45 000c 9D000000 		.4byte	.LASF12
  46 0010 01       		.byte	0x1
  47 0011 81010000 		.4byte	.LASF13
  48 0015 00000000 		.4byte	.LASF14
  49 0019 00000000 		.4byte	.Ldebug_ranges0+0
  50 001d 00000000 		.4byte	0
  51 0021 00000000 		.4byte	.Ldebug_line0
  52 0025 02       		.uleb128 0x2
  53 0026 01       		.byte	0x1
  54 0027 06       		.byte	0x6
  55 0028 A8010000 		.4byte	.LASF0
  56 002c 02       		.uleb128 0x2
  57 002d 01       		.byte	0x1
  58 002e 08       		.byte	0x8
  59 002f 63000000 		.4byte	.LASF1
  60 0033 02       		.uleb128 0x2
  61 0034 02       		.byte	0x2
  62 0035 05       		.byte	0x5
ARM GAS  C:\Users\Ian\AppData\Local\Temp\ccPk9Na6.s 			page 3


  63 0036 6E010000 		.4byte	.LASF2
  64 003a 02       		.uleb128 0x2
  65 003b 02       		.byte	0x2
  66 003c 07       		.byte	0x7
  67 003d 83000000 		.4byte	.LASF3
  68 0041 02       		.uleb128 0x2
  69 0042 04       		.byte	0x4
  70 0043 05       		.byte	0x5
  71 0044 78010000 		.4byte	.LASF4
  72 0048 02       		.uleb128 0x2
  73 0049 04       		.byte	0x4
  74 004a 07       		.byte	0x7
  75 004b 71000000 		.4byte	.LASF5
  76 004f 02       		.uleb128 0x2
  77 0050 08       		.byte	0x8
  78 0051 05       		.byte	0x5
  79 0052 5B010000 		.4byte	.LASF6
  80 0056 02       		.uleb128 0x2
  81 0057 08       		.byte	0x8
  82 0058 07       		.byte	0x7
  83 0059 38010000 		.4byte	.LASF7
  84 005d 03       		.uleb128 0x3
  85 005e 04       		.byte	0x4
  86 005f 05       		.byte	0x5
  87 0060 696E7400 		.ascii	"int\000"
  88 0064 02       		.uleb128 0x2
  89 0065 04       		.byte	0x4
  90 0066 07       		.byte	0x7
  91 0067 2B010000 		.4byte	.LASF8
  92 006b 02       		.uleb128 0x2
  93 006c 04       		.byte	0x4
  94 006d 04       		.byte	0x4
  95 006e 5D000000 		.4byte	.LASF9
  96 0072 02       		.uleb128 0x2
  97 0073 08       		.byte	0x8
  98 0074 04       		.byte	0x4
  99 0075 96000000 		.4byte	.LASF10
 100 0079 02       		.uleb128 0x2
 101 007a 01       		.byte	0x1
 102 007b 08       		.byte	0x8
 103 007c 69010000 		.4byte	.LASF11
 104 0080 04       		.uleb128 0x4
 105 0081 4F010000 		.4byte	.LASF15
 106 0085 01       		.byte	0x1
 107 0086 33       		.byte	0x33
 108 0087 00000000 		.4byte	.LFB0
 109 008b 02000000 		.4byte	.LFE0-.LFB0
 110 008f 01       		.uleb128 0x1
 111 0090 9C       		.byte	0x9c
 112 0091 00       		.byte	0
 113              		.section	.debug_abbrev,"",%progbits
 114              	.Ldebug_abbrev0:
 115 0000 01       		.uleb128 0x1
 116 0001 11       		.uleb128 0x11
 117 0002 01       		.byte	0x1
 118 0003 25       		.uleb128 0x25
 119 0004 0E       		.uleb128 0xe
ARM GAS  C:\Users\Ian\AppData\Local\Temp\ccPk9Na6.s 			page 4


 120 0005 13       		.uleb128 0x13
 121 0006 0B       		.uleb128 0xb
 122 0007 03       		.uleb128 0x3
 123 0008 0E       		.uleb128 0xe
 124 0009 1B       		.uleb128 0x1b
 125 000a 0E       		.uleb128 0xe
 126 000b 55       		.uleb128 0x55
 127 000c 17       		.uleb128 0x17
 128 000d 11       		.uleb128 0x11
 129 000e 01       		.uleb128 0x1
 130 000f 10       		.uleb128 0x10
 131 0010 17       		.uleb128 0x17
 132 0011 00       		.byte	0
 133 0012 00       		.byte	0
 134 0013 02       		.uleb128 0x2
 135 0014 24       		.uleb128 0x24
 136 0015 00       		.byte	0
 137 0016 0B       		.uleb128 0xb
 138 0017 0B       		.uleb128 0xb
 139 0018 3E       		.uleb128 0x3e
 140 0019 0B       		.uleb128 0xb
 141 001a 03       		.uleb128 0x3
 142 001b 0E       		.uleb128 0xe
 143 001c 00       		.byte	0
 144 001d 00       		.byte	0
 145 001e 03       		.uleb128 0x3
 146 001f 24       		.uleb128 0x24
 147 0020 00       		.byte	0
 148 0021 0B       		.uleb128 0xb
 149 0022 0B       		.uleb128 0xb
 150 0023 3E       		.uleb128 0x3e
 151 0024 0B       		.uleb128 0xb
 152 0025 03       		.uleb128 0x3
 153 0026 08       		.uleb128 0x8
 154 0027 00       		.byte	0
 155 0028 00       		.byte	0
 156 0029 04       		.uleb128 0x4
 157 002a 2E       		.uleb128 0x2e
 158 002b 00       		.byte	0
 159 002c 3F       		.uleb128 0x3f
 160 002d 19       		.uleb128 0x19
 161 002e 03       		.uleb128 0x3
 162 002f 0E       		.uleb128 0xe
 163 0030 3A       		.uleb128 0x3a
 164 0031 0B       		.uleb128 0xb
 165 0032 3B       		.uleb128 0x3b
 166 0033 0B       		.uleb128 0xb
 167 0034 27       		.uleb128 0x27
 168 0035 19       		.uleb128 0x19
 169 0036 11       		.uleb128 0x11
 170 0037 01       		.uleb128 0x1
 171 0038 12       		.uleb128 0x12
 172 0039 06       		.uleb128 0x6
 173 003a 40       		.uleb128 0x40
 174 003b 18       		.uleb128 0x18
 175 003c 9742     		.uleb128 0x2117
 176 003e 19       		.uleb128 0x19
ARM GAS  C:\Users\Ian\AppData\Local\Temp\ccPk9Na6.s 			page 5


 177 003f 00       		.byte	0
 178 0040 00       		.byte	0
 179 0041 00       		.byte	0
 180              		.section	.debug_aranges,"",%progbits
 181 0000 1C000000 		.4byte	0x1c
 182 0004 0200     		.2byte	0x2
 183 0006 00000000 		.4byte	.Ldebug_info0
 184 000a 04       		.byte	0x4
 185 000b 00       		.byte	0
 186 000c 0000     		.2byte	0
 187 000e 0000     		.2byte	0
 188 0010 00000000 		.4byte	.LFB0
 189 0014 02000000 		.4byte	.LFE0-.LFB0
 190 0018 00000000 		.4byte	0
 191 001c 00000000 		.4byte	0
 192              		.section	.debug_ranges,"",%progbits
 193              	.Ldebug_ranges0:
 194 0000 00000000 		.4byte	.LFB0
 195 0004 02000000 		.4byte	.LFE0
 196 0008 00000000 		.4byte	0
 197 000c 00000000 		.4byte	0
 198              		.section	.debug_line,"",%progbits
 199              	.Ldebug_line0:
 200 0000 52000000 		.section	.debug_str,"MS",%progbits,1
 200      02003D00 
 200      00000201 
 200      FB0E0D00 
 200      01010101 
 201              	.LASF14:
 202 0000 433A5C55 		.ascii	"C:\\Users\\Ian\\Documents\\Junior\\Chip-Design\\pro"
 202      73657273 
 202      5C49616E 
 202      5C446F63 
 202      756D656E 
 203 002d 6A5F6173 		.ascii	"j_asic\\psoc\\Wave Generator\\Wave Generator.cydsn\000"
 203      69635C70 
 203      736F635C 
 203      57617665 
 203      2047656E 
 204              	.LASF9:
 205 005d 666C6F61 		.ascii	"float\000"
 205      7400
 206              	.LASF1:
 207 0063 756E7369 		.ascii	"unsigned char\000"
 207      676E6564 
 207      20636861 
 207      7200
 208              	.LASF5:
 209 0071 6C6F6E67 		.ascii	"long unsigned int\000"
 209      20756E73 
 209      69676E65 
 209      6420696E 
 209      7400
 210              	.LASF3:
 211 0083 73686F72 		.ascii	"short unsigned int\000"
 211      7420756E 
 211      7369676E 
ARM GAS  C:\Users\Ian\AppData\Local\Temp\ccPk9Na6.s 			page 6


 211      65642069 
 211      6E7400
 212              	.LASF10:
 213 0096 646F7562 		.ascii	"double\000"
 213      6C6500
 214              	.LASF12:
 215 009d 474E5520 		.ascii	"GNU C 4.9.3 20150303 (release) [ARM/embedded-4_9-br"
 215      4320342E 
 215      392E3320 
 215      32303135 
 215      30333033 
 216 00d0 616E6368 		.ascii	"anch revision 221220] -mcpu=cortex-m3 -mthumb -g -O"
 216      20726576 
 216      6973696F 
 216      6E203232 
 216      31323230 
 217 0103 67202D66 		.ascii	"g -ffunction-sections -ffat-lto-objects\000"
 217      66756E63 
 217      74696F6E 
 217      2D736563 
 217      74696F6E 
 218              	.LASF8:
 219 012b 756E7369 		.ascii	"unsigned int\000"
 219      676E6564 
 219      20696E74 
 219      00
 220              	.LASF7:
 221 0138 6C6F6E67 		.ascii	"long long unsigned int\000"
 221      206C6F6E 
 221      6720756E 
 221      7369676E 
 221      65642069 
 222              	.LASF15:
 223 014f 4144435F 		.ascii	"ADC_SAR_ISR\000"
 223      5341525F 
 223      49535200 
 224              	.LASF6:
 225 015b 6C6F6E67 		.ascii	"long long int\000"
 225      206C6F6E 
 225      6720696E 
 225      7400
 226              	.LASF11:
 227 0169 63686172 		.ascii	"char\000"
 227      00
 228              	.LASF2:
 229 016e 73686F72 		.ascii	"short int\000"
 229      7420696E 
 229      7400
 230              	.LASF4:
 231 0178 6C6F6E67 		.ascii	"long int\000"
 231      20696E74 
 231      00
 232              	.LASF13:
 233 0181 2E5C4765 		.ascii	".\\Generated_Source\\PSoC5\\ADC_SAR_INT.c\000"
 233      6E657261 
 233      7465645F 
 233      536F7572 
ARM GAS  C:\Users\Ian\AppData\Local\Temp\ccPk9Na6.s 			page 7


 233      63655C50 
 234              	.LASF0:
 235 01a8 7369676E 		.ascii	"signed char\000"
 235      65642063 
 235      68617200 
 236              		.ident	"GCC: (GNU Tools for ARM Embedded Processors) 4.9.3 20150303 (release) [ARM/embedded-4_9-br
