ARM GAS  C:\Users\Ian\AppData\Local\Temp\ccDtImwB.s 			page 1


   1              		.syntax unified
   2              		.cpu cortex-m3
   3              		.fpu softvfp
   4              		.eabi_attribute 20, 1
   5              		.eabi_attribute 21, 1
   6              		.eabi_attribute 23, 3
   7              		.eabi_attribute 24, 1
   8              		.eabi_attribute 25, 1
   9              		.eabi_attribute 26, 1
  10              		.eabi_attribute 30, 1
  11              		.eabi_attribute 34, 1
  12              		.eabi_attribute 18, 4
  13              		.thumb
  14              		.file	"ADC_PM.c"
  15              		.text
  16              	.Ltext0:
  17              		.cfi_sections	.debug_frame
  18              		.section	.text.ADC_SaveConfig,"ax",%progbits
  19              		.align	2
  20              		.global	ADC_SaveConfig
  21              		.thumb
  22              		.thumb_func
  23              		.type	ADC_SaveConfig, %function
  24              	ADC_SaveConfig:
  25              	.LFB0:
  26              		.file 1 ".\\Generated_Source\\PSoC5\\ADC_PM.c"
   1:.\Generated_Source\PSoC5/ADC_PM.c **** /*******************************************************************************
   2:.\Generated_Source\PSoC5/ADC_PM.c **** * File Name: ADC_PM.c
   3:.\Generated_Source\PSoC5/ADC_PM.c **** * Version 3.20
   4:.\Generated_Source\PSoC5/ADC_PM.c **** *
   5:.\Generated_Source\PSoC5/ADC_PM.c **** * Description:
   6:.\Generated_Source\PSoC5/ADC_PM.c **** *  This file provides the power manager source code to the API for the
   7:.\Generated_Source\PSoC5/ADC_PM.c **** *  Delta-Sigma ADC Component.
   8:.\Generated_Source\PSoC5/ADC_PM.c **** *
   9:.\Generated_Source\PSoC5/ADC_PM.c **** * Note:
  10:.\Generated_Source\PSoC5/ADC_PM.c **** *
  11:.\Generated_Source\PSoC5/ADC_PM.c **** ********************************************************************************
  12:.\Generated_Source\PSoC5/ADC_PM.c **** * Copyright 2008-2015, Cypress Semiconductor Corporation.  All rights reserved.
  13:.\Generated_Source\PSoC5/ADC_PM.c **** * You may use this file only in accordance with the license, terms, conditions,
  14:.\Generated_Source\PSoC5/ADC_PM.c **** * disclaimers, and limitations in the end user license agreement accompanying
  15:.\Generated_Source\PSoC5/ADC_PM.c **** * the software package with which this file was provided.
  16:.\Generated_Source\PSoC5/ADC_PM.c **** *******************************************************************************/
  17:.\Generated_Source\PSoC5/ADC_PM.c **** 
  18:.\Generated_Source\PSoC5/ADC_PM.c **** #include "ADC.h"
  19:.\Generated_Source\PSoC5/ADC_PM.c **** 
  20:.\Generated_Source\PSoC5/ADC_PM.c **** static ADC_BACKUP_STRUCT ADC_backup =
  21:.\Generated_Source\PSoC5/ADC_PM.c **** {
  22:.\Generated_Source\PSoC5/ADC_PM.c ****     ADC_DISABLED,
  23:.\Generated_Source\PSoC5/ADC_PM.c ****     ADC_CFG1_DEC_CR
  24:.\Generated_Source\PSoC5/ADC_PM.c **** };
  25:.\Generated_Source\PSoC5/ADC_PM.c **** 
  26:.\Generated_Source\PSoC5/ADC_PM.c **** 
  27:.\Generated_Source\PSoC5/ADC_PM.c **** /*******************************************************************************
  28:.\Generated_Source\PSoC5/ADC_PM.c **** * Function Name: ADC_SaveConfig
  29:.\Generated_Source\PSoC5/ADC_PM.c **** ********************************************************************************
  30:.\Generated_Source\PSoC5/ADC_PM.c **** *
  31:.\Generated_Source\PSoC5/ADC_PM.c **** * Summary:
ARM GAS  C:\Users\Ian\AppData\Local\Temp\ccDtImwB.s 			page 2


  32:.\Generated_Source\PSoC5/ADC_PM.c **** *  Save the register configuration which are not retention.
  33:.\Generated_Source\PSoC5/ADC_PM.c **** *
  34:.\Generated_Source\PSoC5/ADC_PM.c **** * Parameters:
  35:.\Generated_Source\PSoC5/ADC_PM.c **** *  None
  36:.\Generated_Source\PSoC5/ADC_PM.c **** *
  37:.\Generated_Source\PSoC5/ADC_PM.c **** * Return:
  38:.\Generated_Source\PSoC5/ADC_PM.c **** *  None
  39:.\Generated_Source\PSoC5/ADC_PM.c **** *
  40:.\Generated_Source\PSoC5/ADC_PM.c **** * Global variables:
  41:.\Generated_Source\PSoC5/ADC_PM.c **** *  ADC_backup:  This global structure variable is used to store
  42:.\Generated_Source\PSoC5/ADC_PM.c **** *  configuration registers which are non retention whenever user wants to go
  43:.\Generated_Source\PSoC5/ADC_PM.c **** *  sleep mode by calling Sleep() API.
  44:.\Generated_Source\PSoC5/ADC_PM.c **** *
  45:.\Generated_Source\PSoC5/ADC_PM.c **** *******************************************************************************/
  46:.\Generated_Source\PSoC5/ADC_PM.c **** void ADC_SaveConfig(void) 
  47:.\Generated_Source\PSoC5/ADC_PM.c **** {
  27              		.loc 1 47 0
  28              		.cfi_startproc
  29              		@ args = 0, pretend = 0, frame = 0
  30              		@ frame_needed = 0, uses_anonymous_args = 0
  31              		@ link register save eliminated.
  48:.\Generated_Source\PSoC5/ADC_PM.c ****     ADC_backup.deccr = ADC_DEC_CR_REG;
  32              		.loc 1 48 0
  33 0000 024B     		ldr	r3, .L2
  34 0002 1A78     		ldrb	r2, [r3]	@ zero_extendqisi2
  35 0004 024B     		ldr	r3, .L2+4
  36 0006 5A70     		strb	r2, [r3, #1]
  37 0008 7047     		bx	lr
  38              	.L3:
  39 000a 00BF     		.align	2
  40              	.L2:
  41 000c 004E0040 		.word	1073761792
  42 0010 00000000 		.word	.LANCHOR0
  43              		.cfi_endproc
  44              	.LFE0:
  45              		.size	ADC_SaveConfig, .-ADC_SaveConfig
  46              		.section	.text.ADC_RestoreConfig,"ax",%progbits
  47              		.align	2
  48              		.global	ADC_RestoreConfig
  49              		.thumb
  50              		.thumb_func
  51              		.type	ADC_RestoreConfig, %function
  52              	ADC_RestoreConfig:
  53              	.LFB1:
  49:.\Generated_Source\PSoC5/ADC_PM.c **** }
  50:.\Generated_Source\PSoC5/ADC_PM.c **** 
  51:.\Generated_Source\PSoC5/ADC_PM.c **** 
  52:.\Generated_Source\PSoC5/ADC_PM.c **** /*******************************************************************************
  53:.\Generated_Source\PSoC5/ADC_PM.c **** * Function Name: ADC_RestoreConfig
  54:.\Generated_Source\PSoC5/ADC_PM.c **** ********************************************************************************
  55:.\Generated_Source\PSoC5/ADC_PM.c **** *
  56:.\Generated_Source\PSoC5/ADC_PM.c **** * Summary:
  57:.\Generated_Source\PSoC5/ADC_PM.c **** *  Restore the register configurations which are not retention.
  58:.\Generated_Source\PSoC5/ADC_PM.c **** *
  59:.\Generated_Source\PSoC5/ADC_PM.c **** * Parameters:
  60:.\Generated_Source\PSoC5/ADC_PM.c **** *  None
  61:.\Generated_Source\PSoC5/ADC_PM.c **** *
ARM GAS  C:\Users\Ian\AppData\Local\Temp\ccDtImwB.s 			page 3


  62:.\Generated_Source\PSoC5/ADC_PM.c **** * Return:
  63:.\Generated_Source\PSoC5/ADC_PM.c **** *  None
  64:.\Generated_Source\PSoC5/ADC_PM.c **** *
  65:.\Generated_Source\PSoC5/ADC_PM.c **** * Global variables:
  66:.\Generated_Source\PSoC5/ADC_PM.c **** *  ADC_backup:  This global structure variable is used to restore
  67:.\Generated_Source\PSoC5/ADC_PM.c **** *  configuration registers which are non retention whenever user wants to switch
  68:.\Generated_Source\PSoC5/ADC_PM.c **** *  to active power mode by calling Wakeup() API.
  69:.\Generated_Source\PSoC5/ADC_PM.c **** *
  70:.\Generated_Source\PSoC5/ADC_PM.c **** *******************************************************************************/
  71:.\Generated_Source\PSoC5/ADC_PM.c **** void ADC_RestoreConfig(void) 
  72:.\Generated_Source\PSoC5/ADC_PM.c **** {
  54              		.loc 1 72 0
  55              		.cfi_startproc
  56              		@ args = 0, pretend = 0, frame = 0
  57              		@ frame_needed = 0, uses_anonymous_args = 0
  58              		@ link register save eliminated.
  73:.\Generated_Source\PSoC5/ADC_PM.c ****     ADC_DEC_CR_REG = ADC_backup.deccr;
  59              		.loc 1 73 0
  60 0000 024B     		ldr	r3, .L5
  61 0002 5A78     		ldrb	r2, [r3, #1]	@ zero_extendqisi2
  62 0004 024B     		ldr	r3, .L5+4
  63 0006 1A70     		strb	r2, [r3]
  64 0008 7047     		bx	lr
  65              	.L6:
  66 000a 00BF     		.align	2
  67              	.L5:
  68 000c 00000000 		.word	.LANCHOR0
  69 0010 004E0040 		.word	1073761792
  70              		.cfi_endproc
  71              	.LFE1:
  72              		.size	ADC_RestoreConfig, .-ADC_RestoreConfig
  73              		.section	.text.ADC_Sleep,"ax",%progbits
  74              		.align	2
  75              		.global	ADC_Sleep
  76              		.thumb
  77              		.thumb_func
  78              		.type	ADC_Sleep, %function
  79              	ADC_Sleep:
  80              	.LFB2:
  74:.\Generated_Source\PSoC5/ADC_PM.c **** }
  75:.\Generated_Source\PSoC5/ADC_PM.c **** 
  76:.\Generated_Source\PSoC5/ADC_PM.c **** 
  77:.\Generated_Source\PSoC5/ADC_PM.c **** /*******************************************************************************
  78:.\Generated_Source\PSoC5/ADC_PM.c **** * Function Name: ADC_Sleep
  79:.\Generated_Source\PSoC5/ADC_PM.c **** ********************************************************************************
  80:.\Generated_Source\PSoC5/ADC_PM.c **** *
  81:.\Generated_Source\PSoC5/ADC_PM.c **** * Summary:
  82:.\Generated_Source\PSoC5/ADC_PM.c **** *  Stops the operation of the block and saves the user configuration.
  83:.\Generated_Source\PSoC5/ADC_PM.c **** *
  84:.\Generated_Source\PSoC5/ADC_PM.c **** * Parameters:
  85:.\Generated_Source\PSoC5/ADC_PM.c **** *  None
  86:.\Generated_Source\PSoC5/ADC_PM.c **** *
  87:.\Generated_Source\PSoC5/ADC_PM.c **** * Return:
  88:.\Generated_Source\PSoC5/ADC_PM.c **** *  None
  89:.\Generated_Source\PSoC5/ADC_PM.c **** *
  90:.\Generated_Source\PSoC5/ADC_PM.c **** * Global variables:
  91:.\Generated_Source\PSoC5/ADC_PM.c **** *  ADC_backup:  The structure field 'enableState' is modified
ARM GAS  C:\Users\Ian\AppData\Local\Temp\ccDtImwB.s 			page 4


  92:.\Generated_Source\PSoC5/ADC_PM.c **** *  depending on the enable state of the block before entering to sleep mode.
  93:.\Generated_Source\PSoC5/ADC_PM.c **** *
  94:.\Generated_Source\PSoC5/ADC_PM.c **** *******************************************************************************/
  95:.\Generated_Source\PSoC5/ADC_PM.c **** void ADC_Sleep(void) 
  96:.\Generated_Source\PSoC5/ADC_PM.c **** {
  81              		.loc 1 96 0
  82              		.cfi_startproc
  83              		@ args = 0, pretend = 0, frame = 0
  84              		@ frame_needed = 0, uses_anonymous_args = 0
  85 0000 08B5     		push	{r3, lr}
  86              		.cfi_def_cfa_offset 8
  87              		.cfi_offset 3, -8
  88              		.cfi_offset 14, -4
  97:.\Generated_Source\PSoC5/ADC_PM.c ****     /* Save ADC enable state */
  98:.\Generated_Source\PSoC5/ADC_PM.c ****     if((ADC_ACT_PWR_DEC_EN == (ADC_PWRMGR_DEC_REG & ADC_ACT_PWR_DEC_EN)) &&
  89              		.loc 1 98 0
  90 0002 0F4B     		ldr	r3, .L12
  91 0004 1B78     		ldrb	r3, [r3]	@ zero_extendqisi2
  92 0006 13F0010F 		tst	r3, #1
  93 000a 12D0     		beq	.L8
  99:.\Generated_Source\PSoC5/ADC_PM.c ****        (ADC_ACT_PWR_DSM_EN == (ADC_PWRMGR_DSM_REG & ADC_ACT_PWR_DSM_EN)))
  94              		.loc 1 99 0 discriminator 1
  95 000c 0C4B     		ldr	r3, .L12
  96 000e 1B78     		ldrb	r3, [r3]	@ zero_extendqisi2
  98:.\Generated_Source\PSoC5/ADC_PM.c ****        (ADC_ACT_PWR_DSM_EN == (ADC_PWRMGR_DSM_REG & ADC_ACT_PWR_DSM_EN)))
  97              		.loc 1 98 0 discriminator 1
  98 0010 13F0100F 		tst	r3, #16
  99 0014 0DD0     		beq	.L8
 100:.\Generated_Source\PSoC5/ADC_PM.c ****     {
 101:.\Generated_Source\PSoC5/ADC_PM.c ****         /* Component is enabled */
 102:.\Generated_Source\PSoC5/ADC_PM.c ****         ADC_backup.enableState = ADC_ENABLED;
 100              		.loc 1 102 0
 101 0016 0122     		movs	r2, #1
 102 0018 0A4B     		ldr	r3, .L12+4
 103 001a 1A70     		strb	r2, [r3]
 103:.\Generated_Source\PSoC5/ADC_PM.c ****         if((ADC_DEC_CR_REG & ADC_DEC_START_CONV) != 0u)
 104              		.loc 1 103 0
 105 001c 0A4B     		ldr	r3, .L12+8
 106 001e 1B78     		ldrb	r3, [r3]	@ zero_extendqisi2
 107 0020 13F0010F 		tst	r3, #1
 108 0024 02D0     		beq	.L9
 104:.\Generated_Source\PSoC5/ADC_PM.c ****         {   
 105:.\Generated_Source\PSoC5/ADC_PM.c ****             /* Conversion is started */
 106:.\Generated_Source\PSoC5/ADC_PM.c ****             ADC_backup.enableState |= ADC_STARTED;
 109              		.loc 1 106 0
 110 0026 0322     		movs	r2, #3
 111 0028 064B     		ldr	r3, .L12+4
 112 002a 1A70     		strb	r2, [r3]
 113              	.L9:
 107:.\Generated_Source\PSoC5/ADC_PM.c ****         }
 108:.\Generated_Source\PSoC5/ADC_PM.c **** 		
 109:.\Generated_Source\PSoC5/ADC_PM.c ****         /* Stop the configuration */
 110:.\Generated_Source\PSoC5/ADC_PM.c ****         ADC_Stop();
 114              		.loc 1 110 0
 115 002c FFF7FEFF 		bl	ADC_Stop
 116              	.LVL0:
 117 0030 02E0     		b	.L10
ARM GAS  C:\Users\Ian\AppData\Local\Temp\ccDtImwB.s 			page 5


 118              	.L8:
 111:.\Generated_Source\PSoC5/ADC_PM.c ****     }
 112:.\Generated_Source\PSoC5/ADC_PM.c ****     else
 113:.\Generated_Source\PSoC5/ADC_PM.c ****     {
 114:.\Generated_Source\PSoC5/ADC_PM.c ****         /* Component is disabled */
 115:.\Generated_Source\PSoC5/ADC_PM.c ****         ADC_backup.enableState = ADC_DISABLED;
 119              		.loc 1 115 0
 120 0032 0022     		movs	r2, #0
 121 0034 034B     		ldr	r3, .L12+4
 122 0036 1A70     		strb	r2, [r3]
 123              	.L10:
 116:.\Generated_Source\PSoC5/ADC_PM.c ****     }
 117:.\Generated_Source\PSoC5/ADC_PM.c **** 
 118:.\Generated_Source\PSoC5/ADC_PM.c ****     /* Save the user configuration */
 119:.\Generated_Source\PSoC5/ADC_PM.c ****     ADC_SaveConfig();
 124              		.loc 1 119 0
 125 0038 FFF7FEFF 		bl	ADC_SaveConfig
 126              	.LVL1:
 127 003c 08BD     		pop	{r3, pc}
 128              	.L13:
 129 003e 00BF     		.align	2
 130              	.L12:
 131 0040 AA430040 		.word	1073759146
 132 0044 00000000 		.word	.LANCHOR0
 133 0048 004E0040 		.word	1073761792
 134              		.cfi_endproc
 135              	.LFE2:
 136              		.size	ADC_Sleep, .-ADC_Sleep
 137              		.section	.text.ADC_Wakeup,"ax",%progbits
 138              		.align	2
 139              		.global	ADC_Wakeup
 140              		.thumb
 141              		.thumb_func
 142              		.type	ADC_Wakeup, %function
 143              	ADC_Wakeup:
 144              	.LFB3:
 120:.\Generated_Source\PSoC5/ADC_PM.c **** }
 121:.\Generated_Source\PSoC5/ADC_PM.c **** 
 122:.\Generated_Source\PSoC5/ADC_PM.c **** 
 123:.\Generated_Source\PSoC5/ADC_PM.c **** /*******************************************************************************
 124:.\Generated_Source\PSoC5/ADC_PM.c **** * Function Name: ADC_Wakeup
 125:.\Generated_Source\PSoC5/ADC_PM.c **** ********************************************************************************
 126:.\Generated_Source\PSoC5/ADC_PM.c **** *
 127:.\Generated_Source\PSoC5/ADC_PM.c **** * Summary:
 128:.\Generated_Source\PSoC5/ADC_PM.c **** *  Restores the user configuration and enables the power to the block.
 129:.\Generated_Source\PSoC5/ADC_PM.c **** *
 130:.\Generated_Source\PSoC5/ADC_PM.c **** * Parameters:
 131:.\Generated_Source\PSoC5/ADC_PM.c **** *  None
 132:.\Generated_Source\PSoC5/ADC_PM.c **** *
 133:.\Generated_Source\PSoC5/ADC_PM.c **** * Return:
 134:.\Generated_Source\PSoC5/ADC_PM.c **** *  None
 135:.\Generated_Source\PSoC5/ADC_PM.c **** *
 136:.\Generated_Source\PSoC5/ADC_PM.c **** * Global variables:
 137:.\Generated_Source\PSoC5/ADC_PM.c **** *  ADC_backup:  The structure field 'enableState' is used to
 138:.\Generated_Source\PSoC5/ADC_PM.c **** *  restore the enable state of block after wakeup from sleep mode.
 139:.\Generated_Source\PSoC5/ADC_PM.c **** *
 140:.\Generated_Source\PSoC5/ADC_PM.c **** *******************************************************************************/
ARM GAS  C:\Users\Ian\AppData\Local\Temp\ccDtImwB.s 			page 6


 141:.\Generated_Source\PSoC5/ADC_PM.c **** void ADC_Wakeup(void) 
 142:.\Generated_Source\PSoC5/ADC_PM.c **** {
 145              		.loc 1 142 0
 146              		.cfi_startproc
 147              		@ args = 0, pretend = 0, frame = 0
 148              		@ frame_needed = 0, uses_anonymous_args = 0
 149 0000 08B5     		push	{r3, lr}
 150              		.cfi_def_cfa_offset 8
 151              		.cfi_offset 3, -8
 152              		.cfi_offset 14, -4
 143:.\Generated_Source\PSoC5/ADC_PM.c ****     /* Restore the configuration */
 144:.\Generated_Source\PSoC5/ADC_PM.c ****     ADC_RestoreConfig();
 153              		.loc 1 144 0
 154 0002 FFF7FEFF 		bl	ADC_RestoreConfig
 155              	.LVL2:
 145:.\Generated_Source\PSoC5/ADC_PM.c **** 
 146:.\Generated_Source\PSoC5/ADC_PM.c ****     /* Enables the component operation */
 147:.\Generated_Source\PSoC5/ADC_PM.c ****     if(ADC_backup.enableState != ADC_DISABLED)
 156              		.loc 1 147 0
 157 0006 064B     		ldr	r3, .L17
 158 0008 1B78     		ldrb	r3, [r3]	@ zero_extendqisi2
 159 000a 43B1     		cbz	r3, .L14
 148:.\Generated_Source\PSoC5/ADC_PM.c ****     {
 149:.\Generated_Source\PSoC5/ADC_PM.c ****         ADC_Enable();
 160              		.loc 1 149 0
 161 000c FFF7FEFF 		bl	ADC_Enable
 162              	.LVL3:
 150:.\Generated_Source\PSoC5/ADC_PM.c ****         if((ADC_backup.enableState & ADC_STARTED) != 0u)
 163              		.loc 1 150 0
 164 0010 034B     		ldr	r3, .L17
 165 0012 1B78     		ldrb	r3, [r3]	@ zero_extendqisi2
 166 0014 13F0020F 		tst	r3, #2
 167 0018 01D0     		beq	.L14
 151:.\Generated_Source\PSoC5/ADC_PM.c ****         {
 152:.\Generated_Source\PSoC5/ADC_PM.c ****             ADC_StartConvert();
 168              		.loc 1 152 0
 169 001a FFF7FEFF 		bl	ADC_StartConvert
 170              	.LVL4:
 171              	.L14:
 172 001e 08BD     		pop	{r3, pc}
 173              	.L18:
 174              		.align	2
 175              	.L17:
 176 0020 00000000 		.word	.LANCHOR0
 177              		.cfi_endproc
 178              	.LFE3:
 179              		.size	ADC_Wakeup, .-ADC_Wakeup
 180              		.data
 181              		.align	2
 182              		.set	.LANCHOR0,. + 0
 183              		.type	ADC_backup, %object
 184              		.size	ADC_backup, 2
 185              	ADC_backup:
 186 0000 00       		.byte	0
 187 0001 38       		.byte	56
 188 0002 0000     		.text
 189              	.Letext0:
ARM GAS  C:\Users\Ian\AppData\Local\Temp\ccDtImwB.s 			page 7


 190              		.file 2 ".\\Generated_Source\\PSoC5\\cytypes.h"
 191              		.file 3 ".\\Generated_Source\\PSoC5\\ADC.h"
 192              		.section	.debug_info,"",%progbits
 193              	.Ldebug_info0:
 194 0000 6C010000 		.4byte	0x16c
 195 0004 0400     		.2byte	0x4
 196 0006 00000000 		.4byte	.Ldebug_abbrev0
 197 000a 04       		.byte	0x4
 198 000b 01       		.uleb128 0x1
 199 000c F7000000 		.4byte	.LASF25
 200 0010 01       		.byte	0x1
 201 0011 22020000 		.4byte	.LASF26
 202 0015 26000000 		.4byte	.LASF27
 203 0019 00000000 		.4byte	.Ldebug_ranges0+0
 204 001d 00000000 		.4byte	0
 205 0021 00000000 		.4byte	.Ldebug_line0
 206 0025 02       		.uleb128 0x2
 207 0026 01       		.byte	0x1
 208 0027 06       		.byte	0x6
 209 0028 F4010000 		.4byte	.LASF0
 210 002c 02       		.uleb128 0x2
 211 002d 01       		.byte	0x1
 212 002e 08       		.byte	0x8
 213 002f A8010000 		.4byte	.LASF1
 214 0033 02       		.uleb128 0x2
 215 0034 02       		.byte	0x2
 216 0035 05       		.byte	0x5
 217 0036 44020000 		.4byte	.LASF2
 218 003a 02       		.uleb128 0x2
 219 003b 02       		.byte	0x2
 220 003c 07       		.byte	0x7
 221 003d E1010000 		.4byte	.LASF3
 222 0041 02       		.uleb128 0x2
 223 0042 04       		.byte	0x4
 224 0043 05       		.byte	0x5
 225 0044 C5010000 		.4byte	.LASF4
 226 0048 02       		.uleb128 0x2
 227 0049 04       		.byte	0x4
 228 004a 07       		.byte	0x7
 229 004b AA000000 		.4byte	.LASF5
 230 004f 02       		.uleb128 0x2
 231 0050 08       		.byte	0x8
 232 0051 05       		.byte	0x5
 233 0052 00000000 		.4byte	.LASF6
 234 0056 02       		.uleb128 0x2
 235 0057 08       		.byte	0x8
 236 0058 07       		.byte	0x7
 237 0059 BC000000 		.4byte	.LASF7
 238 005d 03       		.uleb128 0x3
 239 005e 04       		.byte	0x4
 240 005f 05       		.byte	0x5
 241 0060 696E7400 		.ascii	"int\000"
 242 0064 02       		.uleb128 0x2
 243 0065 04       		.byte	0x4
 244 0066 07       		.byte	0x7
 245 0067 19000000 		.4byte	.LASF8
 246 006b 04       		.uleb128 0x4
ARM GAS  C:\Users\Ian\AppData\Local\Temp\ccDtImwB.s 			page 8


 247 006c A4000000 		.4byte	.LASF12
 248 0070 02       		.byte	0x2
 249 0071 5B       		.byte	0x5b
 250 0072 2C000000 		.4byte	0x2c
 251 0076 02       		.uleb128 0x2
 252 0077 04       		.byte	0x4
 253 0078 04       		.byte	0x4
 254 0079 1C020000 		.4byte	.LASF9
 255 007d 02       		.uleb128 0x2
 256 007e 08       		.byte	0x8
 257 007f 04       		.byte	0x4
 258 0080 DA010000 		.4byte	.LASF10
 259 0084 02       		.uleb128 0x2
 260 0085 01       		.byte	0x1
 261 0086 08       		.byte	0x8
 262 0087 B6010000 		.4byte	.LASF11
 263 008b 04       		.uleb128 0x4
 264 008c 4E020000 		.4byte	.LASF13
 265 0090 02       		.byte	0x2
 266 0091 F0       		.byte	0xf0
 267 0092 96000000 		.4byte	0x96
 268 0096 05       		.uleb128 0x5
 269 0097 6B000000 		.4byte	0x6b
 270 009b 02       		.uleb128 0x2
 271 009c 04       		.byte	0x4
 272 009d 07       		.byte	0x7
 273 009e 53020000 		.4byte	.LASF14
 274 00a2 06       		.uleb128 0x6
 275 00a3 02       		.byte	0x2
 276 00a4 03       		.byte	0x3
 277 00a5 28       		.byte	0x28
 278 00a6 C3000000 		.4byte	0xc3
 279 00aa 07       		.uleb128 0x7
 280 00ab CE010000 		.4byte	.LASF15
 281 00af 03       		.byte	0x3
 282 00b0 2A       		.byte	0x2a
 283 00b1 6B000000 		.4byte	0x6b
 284 00b5 00       		.byte	0
 285 00b6 07       		.uleb128 0x7
 286 00b7 9E000000 		.4byte	.LASF16
 287 00bb 03       		.byte	0x3
 288 00bc 2B       		.byte	0x2b
 289 00bd 6B000000 		.4byte	0x6b
 290 00c1 01       		.byte	0x1
 291 00c2 00       		.byte	0
 292 00c3 04       		.uleb128 0x4
 293 00c4 E5000000 		.4byte	.LASF17
 294 00c8 03       		.byte	0x3
 295 00c9 2C       		.byte	0x2c
 296 00ca A2000000 		.4byte	0xa2
 297 00ce 08       		.uleb128 0x8
 298 00cf 90010000 		.4byte	.LASF18
 299 00d3 01       		.byte	0x1
 300 00d4 2E       		.byte	0x2e
 301 00d5 00000000 		.4byte	.LFB0
 302 00d9 14000000 		.4byte	.LFE0-.LFB0
 303 00dd 01       		.uleb128 0x1
ARM GAS  C:\Users\Ian\AppData\Local\Temp\ccDtImwB.s 			page 9


 304 00de 9C       		.byte	0x9c
 305 00df 08       		.uleb128 0x8
 306 00e0 D3000000 		.4byte	.LASF19
 307 00e4 01       		.byte	0x1
 308 00e5 47       		.byte	0x47
 309 00e6 00000000 		.4byte	.LFB1
 310 00ea 14000000 		.4byte	.LFE1-.LFB1
 311 00ee 01       		.uleb128 0x1
 312 00ef 9C       		.byte	0x9c
 313 00f0 09       		.uleb128 0x9
 314 00f1 BB010000 		.4byte	.LASF20
 315 00f5 01       		.byte	0x1
 316 00f6 5F       		.byte	0x5f
 317 00f7 00000000 		.4byte	.LFB2
 318 00fb 4C000000 		.4byte	.LFE2-.LFB2
 319 00ff 01       		.uleb128 0x1
 320 0100 9C       		.byte	0x9c
 321 0101 18010000 		.4byte	0x118
 322 0105 0A       		.uleb128 0xa
 323 0106 30000000 		.4byte	.LVL0
 324 010a 5A010000 		.4byte	0x15a
 325 010e 0A       		.uleb128 0xa
 326 010f 3C000000 		.4byte	.LVL1
 327 0113 CE000000 		.4byte	0xce
 328 0117 00       		.byte	0
 329 0118 09       		.uleb128 0x9
 330 0119 85010000 		.4byte	.LASF21
 331 011d 01       		.byte	0x1
 332 011e 8D       		.byte	0x8d
 333 011f 00000000 		.4byte	.LFB3
 334 0123 24000000 		.4byte	.LFE3-.LFB3
 335 0127 01       		.uleb128 0x1
 336 0128 9C       		.byte	0x9c
 337 0129 49010000 		.4byte	0x149
 338 012d 0A       		.uleb128 0xa
 339 012e 06000000 		.4byte	.LVL2
 340 0132 DF000000 		.4byte	0xdf
 341 0136 0A       		.uleb128 0xa
 342 0137 10000000 		.4byte	.LVL3
 343 013b 61010000 		.4byte	0x161
 344 013f 0A       		.uleb128 0xa
 345 0140 1E000000 		.4byte	.LVL4
 346 0144 68010000 		.4byte	0x168
 347 0148 00       		.byte	0
 348 0149 0B       		.uleb128 0xb
 349 014a 0E000000 		.4byte	.LASF28
 350 014e 01       		.byte	0x1
 351 014f 14       		.byte	0x14
 352 0150 C3000000 		.4byte	0xc3
 353 0154 05       		.uleb128 0x5
 354 0155 03       		.byte	0x3
 355 0156 00000000 		.4byte	ADC_backup
 356 015a 0C       		.uleb128 0xc
 357 015b 9F010000 		.4byte	.LASF22
 358 015f 03       		.byte	0x3
 359 0160 3B       		.byte	0x3b
 360 0161 0C       		.uleb128 0xc
ARM GAS  C:\Users\Ian\AppData\Local\Temp\ccDtImwB.s 			page 10


 361 0162 00020000 		.4byte	.LASF23
 362 0166 03       		.byte	0x3
 363 0167 4D       		.byte	0x4d
 364 0168 0C       		.uleb128 0xc
 365 0169 0B020000 		.4byte	.LASF24
 366 016d 03       		.byte	0x3
 367 016e 3D       		.byte	0x3d
 368 016f 00       		.byte	0
 369              		.section	.debug_abbrev,"",%progbits
 370              	.Ldebug_abbrev0:
 371 0000 01       		.uleb128 0x1
 372 0001 11       		.uleb128 0x11
 373 0002 01       		.byte	0x1
 374 0003 25       		.uleb128 0x25
 375 0004 0E       		.uleb128 0xe
 376 0005 13       		.uleb128 0x13
 377 0006 0B       		.uleb128 0xb
 378 0007 03       		.uleb128 0x3
 379 0008 0E       		.uleb128 0xe
 380 0009 1B       		.uleb128 0x1b
 381 000a 0E       		.uleb128 0xe
 382 000b 55       		.uleb128 0x55
 383 000c 17       		.uleb128 0x17
 384 000d 11       		.uleb128 0x11
 385 000e 01       		.uleb128 0x1
 386 000f 10       		.uleb128 0x10
 387 0010 17       		.uleb128 0x17
 388 0011 00       		.byte	0
 389 0012 00       		.byte	0
 390 0013 02       		.uleb128 0x2
 391 0014 24       		.uleb128 0x24
 392 0015 00       		.byte	0
 393 0016 0B       		.uleb128 0xb
 394 0017 0B       		.uleb128 0xb
 395 0018 3E       		.uleb128 0x3e
 396 0019 0B       		.uleb128 0xb
 397 001a 03       		.uleb128 0x3
 398 001b 0E       		.uleb128 0xe
 399 001c 00       		.byte	0
 400 001d 00       		.byte	0
 401 001e 03       		.uleb128 0x3
 402 001f 24       		.uleb128 0x24
 403 0020 00       		.byte	0
 404 0021 0B       		.uleb128 0xb
 405 0022 0B       		.uleb128 0xb
 406 0023 3E       		.uleb128 0x3e
 407 0024 0B       		.uleb128 0xb
 408 0025 03       		.uleb128 0x3
 409 0026 08       		.uleb128 0x8
 410 0027 00       		.byte	0
 411 0028 00       		.byte	0
 412 0029 04       		.uleb128 0x4
 413 002a 16       		.uleb128 0x16
 414 002b 00       		.byte	0
 415 002c 03       		.uleb128 0x3
 416 002d 0E       		.uleb128 0xe
 417 002e 3A       		.uleb128 0x3a
ARM GAS  C:\Users\Ian\AppData\Local\Temp\ccDtImwB.s 			page 11


 418 002f 0B       		.uleb128 0xb
 419 0030 3B       		.uleb128 0x3b
 420 0031 0B       		.uleb128 0xb
 421 0032 49       		.uleb128 0x49
 422 0033 13       		.uleb128 0x13
 423 0034 00       		.byte	0
 424 0035 00       		.byte	0
 425 0036 05       		.uleb128 0x5
 426 0037 35       		.uleb128 0x35
 427 0038 00       		.byte	0
 428 0039 49       		.uleb128 0x49
 429 003a 13       		.uleb128 0x13
 430 003b 00       		.byte	0
 431 003c 00       		.byte	0
 432 003d 06       		.uleb128 0x6
 433 003e 13       		.uleb128 0x13
 434 003f 01       		.byte	0x1
 435 0040 0B       		.uleb128 0xb
 436 0041 0B       		.uleb128 0xb
 437 0042 3A       		.uleb128 0x3a
 438 0043 0B       		.uleb128 0xb
 439 0044 3B       		.uleb128 0x3b
 440 0045 0B       		.uleb128 0xb
 441 0046 01       		.uleb128 0x1
 442 0047 13       		.uleb128 0x13
 443 0048 00       		.byte	0
 444 0049 00       		.byte	0
 445 004a 07       		.uleb128 0x7
 446 004b 0D       		.uleb128 0xd
 447 004c 00       		.byte	0
 448 004d 03       		.uleb128 0x3
 449 004e 0E       		.uleb128 0xe
 450 004f 3A       		.uleb128 0x3a
 451 0050 0B       		.uleb128 0xb
 452 0051 3B       		.uleb128 0x3b
 453 0052 0B       		.uleb128 0xb
 454 0053 49       		.uleb128 0x49
 455 0054 13       		.uleb128 0x13
 456 0055 38       		.uleb128 0x38
 457 0056 0B       		.uleb128 0xb
 458 0057 00       		.byte	0
 459 0058 00       		.byte	0
 460 0059 08       		.uleb128 0x8
 461 005a 2E       		.uleb128 0x2e
 462 005b 00       		.byte	0
 463 005c 3F       		.uleb128 0x3f
 464 005d 19       		.uleb128 0x19
 465 005e 03       		.uleb128 0x3
 466 005f 0E       		.uleb128 0xe
 467 0060 3A       		.uleb128 0x3a
 468 0061 0B       		.uleb128 0xb
 469 0062 3B       		.uleb128 0x3b
 470 0063 0B       		.uleb128 0xb
 471 0064 27       		.uleb128 0x27
 472 0065 19       		.uleb128 0x19
 473 0066 11       		.uleb128 0x11
 474 0067 01       		.uleb128 0x1
ARM GAS  C:\Users\Ian\AppData\Local\Temp\ccDtImwB.s 			page 12


 475 0068 12       		.uleb128 0x12
 476 0069 06       		.uleb128 0x6
 477 006a 40       		.uleb128 0x40
 478 006b 18       		.uleb128 0x18
 479 006c 9742     		.uleb128 0x2117
 480 006e 19       		.uleb128 0x19
 481 006f 00       		.byte	0
 482 0070 00       		.byte	0
 483 0071 09       		.uleb128 0x9
 484 0072 2E       		.uleb128 0x2e
 485 0073 01       		.byte	0x1
 486 0074 3F       		.uleb128 0x3f
 487 0075 19       		.uleb128 0x19
 488 0076 03       		.uleb128 0x3
 489 0077 0E       		.uleb128 0xe
 490 0078 3A       		.uleb128 0x3a
 491 0079 0B       		.uleb128 0xb
 492 007a 3B       		.uleb128 0x3b
 493 007b 0B       		.uleb128 0xb
 494 007c 27       		.uleb128 0x27
 495 007d 19       		.uleb128 0x19
 496 007e 11       		.uleb128 0x11
 497 007f 01       		.uleb128 0x1
 498 0080 12       		.uleb128 0x12
 499 0081 06       		.uleb128 0x6
 500 0082 40       		.uleb128 0x40
 501 0083 18       		.uleb128 0x18
 502 0084 9742     		.uleb128 0x2117
 503 0086 19       		.uleb128 0x19
 504 0087 01       		.uleb128 0x1
 505 0088 13       		.uleb128 0x13
 506 0089 00       		.byte	0
 507 008a 00       		.byte	0
 508 008b 0A       		.uleb128 0xa
 509 008c 898201   		.uleb128 0x4109
 510 008f 00       		.byte	0
 511 0090 11       		.uleb128 0x11
 512 0091 01       		.uleb128 0x1
 513 0092 31       		.uleb128 0x31
 514 0093 13       		.uleb128 0x13
 515 0094 00       		.byte	0
 516 0095 00       		.byte	0
 517 0096 0B       		.uleb128 0xb
 518 0097 34       		.uleb128 0x34
 519 0098 00       		.byte	0
 520 0099 03       		.uleb128 0x3
 521 009a 0E       		.uleb128 0xe
 522 009b 3A       		.uleb128 0x3a
 523 009c 0B       		.uleb128 0xb
 524 009d 3B       		.uleb128 0x3b
 525 009e 0B       		.uleb128 0xb
 526 009f 49       		.uleb128 0x49
 527 00a0 13       		.uleb128 0x13
 528 00a1 02       		.uleb128 0x2
 529 00a2 18       		.uleb128 0x18
 530 00a3 00       		.byte	0
 531 00a4 00       		.byte	0
ARM GAS  C:\Users\Ian\AppData\Local\Temp\ccDtImwB.s 			page 13


 532 00a5 0C       		.uleb128 0xc
 533 00a6 2E       		.uleb128 0x2e
 534 00a7 00       		.byte	0
 535 00a8 3F       		.uleb128 0x3f
 536 00a9 19       		.uleb128 0x19
 537 00aa 03       		.uleb128 0x3
 538 00ab 0E       		.uleb128 0xe
 539 00ac 3A       		.uleb128 0x3a
 540 00ad 0B       		.uleb128 0xb
 541 00ae 3B       		.uleb128 0x3b
 542 00af 0B       		.uleb128 0xb
 543 00b0 27       		.uleb128 0x27
 544 00b1 19       		.uleb128 0x19
 545 00b2 3C       		.uleb128 0x3c
 546 00b3 19       		.uleb128 0x19
 547 00b4 00       		.byte	0
 548 00b5 00       		.byte	0
 549 00b6 00       		.byte	0
 550              		.section	.debug_aranges,"",%progbits
 551 0000 34000000 		.4byte	0x34
 552 0004 0200     		.2byte	0x2
 553 0006 00000000 		.4byte	.Ldebug_info0
 554 000a 04       		.byte	0x4
 555 000b 00       		.byte	0
 556 000c 0000     		.2byte	0
 557 000e 0000     		.2byte	0
 558 0010 00000000 		.4byte	.LFB0
 559 0014 14000000 		.4byte	.LFE0-.LFB0
 560 0018 00000000 		.4byte	.LFB1
 561 001c 14000000 		.4byte	.LFE1-.LFB1
 562 0020 00000000 		.4byte	.LFB2
 563 0024 4C000000 		.4byte	.LFE2-.LFB2
 564 0028 00000000 		.4byte	.LFB3
 565 002c 24000000 		.4byte	.LFE3-.LFB3
 566 0030 00000000 		.4byte	0
 567 0034 00000000 		.4byte	0
 568              		.section	.debug_ranges,"",%progbits
 569              	.Ldebug_ranges0:
 570 0000 00000000 		.4byte	.LFB0
 571 0004 14000000 		.4byte	.LFE0
 572 0008 00000000 		.4byte	.LFB1
 573 000c 14000000 		.4byte	.LFE1
 574 0010 00000000 		.4byte	.LFB2
 575 0014 4C000000 		.4byte	.LFE2
 576 0018 00000000 		.4byte	.LFB3
 577 001c 24000000 		.4byte	.LFE3
 578 0020 00000000 		.4byte	0
 579 0024 00000000 		.4byte	0
 580              		.section	.debug_line,"",%progbits
 581              	.Ldebug_line0:
 582 0000 AB000000 		.section	.debug_str,"MS",%progbits,1
 582      02004E00 
 582      00000201 
 582      FB0E0D00 
 582      01010101 
 583              	.LASF6:
 584 0000 6C6F6E67 		.ascii	"long long int\000"
ARM GAS  C:\Users\Ian\AppData\Local\Temp\ccDtImwB.s 			page 14


 584      206C6F6E 
 584      6720696E 
 584      7400
 585              	.LASF28:
 586 000e 4144435F 		.ascii	"ADC_backup\000"
 586      6261636B 
 586      757000
 587              	.LASF8:
 588 0019 756E7369 		.ascii	"unsigned int\000"
 588      676E6564 
 588      20696E74 
 588      00
 589              	.LASF27:
 590 0026 433A5C55 		.ascii	"C:\\Users\\Ian\\Documents\\Junior\\Senior Project C"
 590      73657273 
 590      5C49616E 
 590      5C446F63 
 590      756D656E 
 591 0054 68697020 		.ascii	"hip Design\\Chip-Design\\proj_asic\\psoc\\Wave Gene"
 591      44657369 
 591      676E5C43 
 591      6869702D 
 591      44657369 
 592 0083 7261746F 		.ascii	"rator\\Wave Generator.cydsn\000"
 592      725C5761 
 592      76652047 
 592      656E6572 
 592      61746F72 
 593              	.LASF16:
 594 009e 64656363 		.ascii	"deccr\000"
 594      7200
 595              	.LASF12:
 596 00a4 75696E74 		.ascii	"uint8\000"
 596      3800
 597              	.LASF5:
 598 00aa 6C6F6E67 		.ascii	"long unsigned int\000"
 598      20756E73 
 598      69676E65 
 598      6420696E 
 598      7400
 599              	.LASF7:
 600 00bc 6C6F6E67 		.ascii	"long long unsigned int\000"
 600      206C6F6E 
 600      6720756E 
 600      7369676E 
 600      65642069 
 601              	.LASF19:
 602 00d3 4144435F 		.ascii	"ADC_RestoreConfig\000"
 602      52657374 
 602      6F726543 
 602      6F6E6669 
 602      6700
 603              	.LASF17:
 604 00e5 4144435F 		.ascii	"ADC_BACKUP_STRUCT\000"
 604      4241434B 
 604      55505F53 
 604      54525543 
ARM GAS  C:\Users\Ian\AppData\Local\Temp\ccDtImwB.s 			page 15


 604      5400
 605              	.LASF25:
 606 00f7 474E5520 		.ascii	"GNU C 4.9.3 20150303 (release) [ARM/embedded-4_9-br"
 606      4320342E 
 606      392E3320 
 606      32303135 
 606      30333033 
 607 012a 616E6368 		.ascii	"anch revision 221220] -mcpu=cortex-m3 -mthumb -g -O"
 607      20726576 
 607      6973696F 
 607      6E203232 
 607      31323230 
 608 015d 67202D66 		.ascii	"g -ffunction-sections -ffat-lto-objects\000"
 608      66756E63 
 608      74696F6E 
 608      2D736563 
 608      74696F6E 
 609              	.LASF21:
 610 0185 4144435F 		.ascii	"ADC_Wakeup\000"
 610      57616B65 
 610      757000
 611              	.LASF18:
 612 0190 4144435F 		.ascii	"ADC_SaveConfig\000"
 612      53617665 
 612      436F6E66 
 612      696700
 613              	.LASF22:
 614 019f 4144435F 		.ascii	"ADC_Stop\000"
 614      53746F70 
 614      00
 615              	.LASF1:
 616 01a8 756E7369 		.ascii	"unsigned char\000"
 616      676E6564 
 616      20636861 
 616      7200
 617              	.LASF11:
 618 01b6 63686172 		.ascii	"char\000"
 618      00
 619              	.LASF20:
 620 01bb 4144435F 		.ascii	"ADC_Sleep\000"
 620      536C6565 
 620      7000
 621              	.LASF4:
 622 01c5 6C6F6E67 		.ascii	"long int\000"
 622      20696E74 
 622      00
 623              	.LASF15:
 624 01ce 656E6162 		.ascii	"enableState\000"
 624      6C655374 
 624      61746500 
 625              	.LASF10:
 626 01da 646F7562 		.ascii	"double\000"
 626      6C6500
 627              	.LASF3:
 628 01e1 73686F72 		.ascii	"short unsigned int\000"
 628      7420756E 
 628      7369676E 
ARM GAS  C:\Users\Ian\AppData\Local\Temp\ccDtImwB.s 			page 16


 628      65642069 
 628      6E7400
 629              	.LASF0:
 630 01f4 7369676E 		.ascii	"signed char\000"
 630      65642063 
 630      68617200 
 631              	.LASF23:
 632 0200 4144435F 		.ascii	"ADC_Enable\000"
 632      456E6162 
 632      6C6500
 633              	.LASF24:
 634 020b 4144435F 		.ascii	"ADC_StartConvert\000"
 634      53746172 
 634      74436F6E 
 634      76657274 
 634      00
 635              	.LASF9:
 636 021c 666C6F61 		.ascii	"float\000"
 636      7400
 637              	.LASF26:
 638 0222 2E5C4765 		.ascii	".\\Generated_Source\\PSoC5\\ADC_PM.c\000"
 638      6E657261 
 638      7465645F 
 638      536F7572 
 638      63655C50 
 639              	.LASF2:
 640 0244 73686F72 		.ascii	"short int\000"
 640      7420696E 
 640      7400
 641              	.LASF13:
 642 024e 72656738 		.ascii	"reg8\000"
 642      00
 643              	.LASF14:
 644 0253 73697A65 		.ascii	"sizetype\000"
 644      74797065 
 644      00
 645              		.ident	"GCC: (GNU Tools for ARM Embedded Processors) 4.9.3 20150303 (release) [ARM/embedded-4_9-br
