ARM GAS  C:\Users\Ian\AppData\Local\Temp\ccN7Uq3f.s 			page 1


   1              		.syntax unified
   2              		.cpu cortex-m3
   3              		.fpu softvfp
   4              		.eabi_attribute 20, 1
   5              		.eabi_attribute 21, 1
   6              		.eabi_attribute 23, 3
   7              		.eabi_attribute 24, 1
   8              		.eabi_attribute 25, 1
   9              		.eabi_attribute 26, 1
  10              		.eabi_attribute 30, 1
  11              		.eabi_attribute 34, 1
  12              		.eabi_attribute 18, 4
  13              		.thumb
  14              		.file	"ADC_SAR_PM.c"
  15              		.text
  16              	.Ltext0:
  17              		.cfi_sections	.debug_frame
  18              		.section	.text.ADC_SAR_SaveConfig,"ax",%progbits
  19              		.align	2
  20              		.global	ADC_SAR_SaveConfig
  21              		.thumb
  22              		.thumb_func
  23              		.type	ADC_SAR_SaveConfig, %function
  24              	ADC_SAR_SaveConfig:
  25              	.LFB0:
  26              		.file 1 ".\\Generated_Source\\PSoC5\\ADC_SAR_PM.c"
   1:.\Generated_Source\PSoC5/ADC_SAR_PM.c **** /*******************************************************************************
   2:.\Generated_Source\PSoC5/ADC_SAR_PM.c **** * File Name: ADC_SAR_PM.c
   3:.\Generated_Source\PSoC5/ADC_SAR_PM.c **** * Version 3.0
   4:.\Generated_Source\PSoC5/ADC_SAR_PM.c **** *
   5:.\Generated_Source\PSoC5/ADC_SAR_PM.c **** * Description:
   6:.\Generated_Source\PSoC5/ADC_SAR_PM.c **** *  This file provides Sleep/WakeUp APIs functionality.
   7:.\Generated_Source\PSoC5/ADC_SAR_PM.c **** *
   8:.\Generated_Source\PSoC5/ADC_SAR_PM.c **** * Note:
   9:.\Generated_Source\PSoC5/ADC_SAR_PM.c **** *
  10:.\Generated_Source\PSoC5/ADC_SAR_PM.c **** ********************************************************************************
  11:.\Generated_Source\PSoC5/ADC_SAR_PM.c **** * Copyright 2008-2015, Cypress Semiconductor Corporation.  All rights reserved.
  12:.\Generated_Source\PSoC5/ADC_SAR_PM.c **** * You may use this file only in accordance with the license, terms, conditions,
  13:.\Generated_Source\PSoC5/ADC_SAR_PM.c **** * disclaimers, and limitations in the end user license agreement accompanying
  14:.\Generated_Source\PSoC5/ADC_SAR_PM.c **** * the software package with which this file was provided.
  15:.\Generated_Source\PSoC5/ADC_SAR_PM.c **** *******************************************************************************/
  16:.\Generated_Source\PSoC5/ADC_SAR_PM.c **** 
  17:.\Generated_Source\PSoC5/ADC_SAR_PM.c **** #include "ADC_SAR.h"
  18:.\Generated_Source\PSoC5/ADC_SAR_PM.c **** 
  19:.\Generated_Source\PSoC5/ADC_SAR_PM.c **** 
  20:.\Generated_Source\PSoC5/ADC_SAR_PM.c **** /***************************************
  21:.\Generated_Source\PSoC5/ADC_SAR_PM.c **** * Local data allocation
  22:.\Generated_Source\PSoC5/ADC_SAR_PM.c **** ***************************************/
  23:.\Generated_Source\PSoC5/ADC_SAR_PM.c **** 
  24:.\Generated_Source\PSoC5/ADC_SAR_PM.c **** static ADC_SAR_BACKUP_STRUCT  ADC_SAR_backup =
  25:.\Generated_Source\PSoC5/ADC_SAR_PM.c **** {
  26:.\Generated_Source\PSoC5/ADC_SAR_PM.c ****     ADC_SAR_DISABLED
  27:.\Generated_Source\PSoC5/ADC_SAR_PM.c **** };
  28:.\Generated_Source\PSoC5/ADC_SAR_PM.c **** 
  29:.\Generated_Source\PSoC5/ADC_SAR_PM.c **** 
  30:.\Generated_Source\PSoC5/ADC_SAR_PM.c **** /*******************************************************************************
  31:.\Generated_Source\PSoC5/ADC_SAR_PM.c **** * Function Name: ADC_SAR_SaveConfig
ARM GAS  C:\Users\Ian\AppData\Local\Temp\ccN7Uq3f.s 			page 2


  32:.\Generated_Source\PSoC5/ADC_SAR_PM.c **** ********************************************************************************
  33:.\Generated_Source\PSoC5/ADC_SAR_PM.c **** *
  34:.\Generated_Source\PSoC5/ADC_SAR_PM.c **** * Summary:
  35:.\Generated_Source\PSoC5/ADC_SAR_PM.c **** *  Saves the current user configuration.
  36:.\Generated_Source\PSoC5/ADC_SAR_PM.c **** *
  37:.\Generated_Source\PSoC5/ADC_SAR_PM.c **** * Parameters:
  38:.\Generated_Source\PSoC5/ADC_SAR_PM.c **** *  None.
  39:.\Generated_Source\PSoC5/ADC_SAR_PM.c **** *
  40:.\Generated_Source\PSoC5/ADC_SAR_PM.c **** * Return:
  41:.\Generated_Source\PSoC5/ADC_SAR_PM.c **** *  None.
  42:.\Generated_Source\PSoC5/ADC_SAR_PM.c **** *
  43:.\Generated_Source\PSoC5/ADC_SAR_PM.c **** *******************************************************************************/
  44:.\Generated_Source\PSoC5/ADC_SAR_PM.c **** void ADC_SAR_SaveConfig(void)
  45:.\Generated_Source\PSoC5/ADC_SAR_PM.c **** {
  27              		.loc 1 45 0
  28              		.cfi_startproc
  29              		@ args = 0, pretend = 0, frame = 0
  30              		@ frame_needed = 0, uses_anonymous_args = 0
  31              		@ link register save eliminated.
  32 0000 7047     		bx	lr
  33              		.cfi_endproc
  34              	.LFE0:
  35              		.size	ADC_SAR_SaveConfig, .-ADC_SAR_SaveConfig
  36 0002 00BF     		.section	.text.ADC_SAR_RestoreConfig,"ax",%progbits
  37              		.align	2
  38              		.global	ADC_SAR_RestoreConfig
  39              		.thumb
  40              		.thumb_func
  41              		.type	ADC_SAR_RestoreConfig, %function
  42              	ADC_SAR_RestoreConfig:
  43              	.LFB1:
  46:.\Generated_Source\PSoC5/ADC_SAR_PM.c ****     /* All configuration registers are marked as [reset_all_retention] */
  47:.\Generated_Source\PSoC5/ADC_SAR_PM.c **** }
  48:.\Generated_Source\PSoC5/ADC_SAR_PM.c **** 
  49:.\Generated_Source\PSoC5/ADC_SAR_PM.c **** 
  50:.\Generated_Source\PSoC5/ADC_SAR_PM.c **** /*******************************************************************************
  51:.\Generated_Source\PSoC5/ADC_SAR_PM.c **** * Function Name: ADC_SAR_RestoreConfig
  52:.\Generated_Source\PSoC5/ADC_SAR_PM.c **** ********************************************************************************
  53:.\Generated_Source\PSoC5/ADC_SAR_PM.c **** *
  54:.\Generated_Source\PSoC5/ADC_SAR_PM.c **** * Summary:
  55:.\Generated_Source\PSoC5/ADC_SAR_PM.c **** *  Restores the current user configuration.
  56:.\Generated_Source\PSoC5/ADC_SAR_PM.c **** *
  57:.\Generated_Source\PSoC5/ADC_SAR_PM.c **** * Parameters:
  58:.\Generated_Source\PSoC5/ADC_SAR_PM.c **** *  None.
  59:.\Generated_Source\PSoC5/ADC_SAR_PM.c **** *
  60:.\Generated_Source\PSoC5/ADC_SAR_PM.c **** * Return:
  61:.\Generated_Source\PSoC5/ADC_SAR_PM.c **** *  None.
  62:.\Generated_Source\PSoC5/ADC_SAR_PM.c **** *
  63:.\Generated_Source\PSoC5/ADC_SAR_PM.c **** *******************************************************************************/
  64:.\Generated_Source\PSoC5/ADC_SAR_PM.c **** void ADC_SAR_RestoreConfig(void)
  65:.\Generated_Source\PSoC5/ADC_SAR_PM.c **** {
  44              		.loc 1 65 0
  45              		.cfi_startproc
  46              		@ args = 0, pretend = 0, frame = 0
  47              		@ frame_needed = 0, uses_anonymous_args = 0
  48              		@ link register save eliminated.
  49 0000 7047     		bx	lr
ARM GAS  C:\Users\Ian\AppData\Local\Temp\ccN7Uq3f.s 			page 3


  50              		.cfi_endproc
  51              	.LFE1:
  52              		.size	ADC_SAR_RestoreConfig, .-ADC_SAR_RestoreConfig
  53 0002 00BF     		.section	.text.ADC_SAR_Sleep,"ax",%progbits
  54              		.align	2
  55              		.global	ADC_SAR_Sleep
  56              		.thumb
  57              		.thumb_func
  58              		.type	ADC_SAR_Sleep, %function
  59              	ADC_SAR_Sleep:
  60              	.LFB2:
  66:.\Generated_Source\PSoC5/ADC_SAR_PM.c ****     /* All congiguration registers are marked as [reset_all_retention] */
  67:.\Generated_Source\PSoC5/ADC_SAR_PM.c **** }
  68:.\Generated_Source\PSoC5/ADC_SAR_PM.c **** 
  69:.\Generated_Source\PSoC5/ADC_SAR_PM.c **** 
  70:.\Generated_Source\PSoC5/ADC_SAR_PM.c **** /*******************************************************************************
  71:.\Generated_Source\PSoC5/ADC_SAR_PM.c **** * Function Name: ADC_SAR_Sleep
  72:.\Generated_Source\PSoC5/ADC_SAR_PM.c **** ********************************************************************************
  73:.\Generated_Source\PSoC5/ADC_SAR_PM.c **** *
  74:.\Generated_Source\PSoC5/ADC_SAR_PM.c **** * Summary:
  75:.\Generated_Source\PSoC5/ADC_SAR_PM.c **** *  This is the preferred routine to prepare the component for sleep.
  76:.\Generated_Source\PSoC5/ADC_SAR_PM.c **** *  The ADC_SAR_Sleep() routine saves the current component state,
  77:.\Generated_Source\PSoC5/ADC_SAR_PM.c **** *  then it calls the ADC_Stop() function.
  78:.\Generated_Source\PSoC5/ADC_SAR_PM.c **** *
  79:.\Generated_Source\PSoC5/ADC_SAR_PM.c **** * Parameters:
  80:.\Generated_Source\PSoC5/ADC_SAR_PM.c **** *  None.
  81:.\Generated_Source\PSoC5/ADC_SAR_PM.c **** *
  82:.\Generated_Source\PSoC5/ADC_SAR_PM.c **** * Return:
  83:.\Generated_Source\PSoC5/ADC_SAR_PM.c **** *  None.
  84:.\Generated_Source\PSoC5/ADC_SAR_PM.c **** *
  85:.\Generated_Source\PSoC5/ADC_SAR_PM.c **** * Global Variables:
  86:.\Generated_Source\PSoC5/ADC_SAR_PM.c **** *  ADC_SAR_backup - The structure field 'enableState' is modified
  87:.\Generated_Source\PSoC5/ADC_SAR_PM.c **** *  depending on the enable state of the block before entering to sleep mode.
  88:.\Generated_Source\PSoC5/ADC_SAR_PM.c **** *
  89:.\Generated_Source\PSoC5/ADC_SAR_PM.c **** *******************************************************************************/
  90:.\Generated_Source\PSoC5/ADC_SAR_PM.c **** void ADC_SAR_Sleep(void)
  91:.\Generated_Source\PSoC5/ADC_SAR_PM.c **** {
  61              		.loc 1 91 0
  62              		.cfi_startproc
  63              		@ args = 0, pretend = 0, frame = 0
  64              		@ frame_needed = 0, uses_anonymous_args = 0
  65              		.loc 1 91 0
  66 0000 08B5     		push	{r3, lr}
  67              		.cfi_def_cfa_offset 8
  68              		.cfi_offset 3, -8
  69              		.cfi_offset 14, -4
  92:.\Generated_Source\PSoC5/ADC_SAR_PM.c ****     if((ADC_SAR_PWRMGR_SAR_REG  & ADC_SAR_ACT_PWR_SAR_EN) != 0u)
  70              		.loc 1 92 0
  71 0002 0C4B     		ldr	r3, .L9
  72 0004 1B78     		ldrb	r3, [r3]	@ zero_extendqisi2
  73 0006 13F0020F 		tst	r3, #2
  74 000a 0ED0     		beq	.L4
  93:.\Generated_Source\PSoC5/ADC_SAR_PM.c ****     {
  94:.\Generated_Source\PSoC5/ADC_SAR_PM.c ****         if((ADC_SAR_SAR_CSR0_REG & ADC_SAR_SAR_SOF_START_CONV) != 0u)
  75              		.loc 1 94 0
  76 000c 0A4B     		ldr	r3, .L9+4
  77 000e 1B78     		ldrb	r3, [r3]	@ zero_extendqisi2
ARM GAS  C:\Users\Ian\AppData\Local\Temp\ccN7Uq3f.s 			page 4


  78 0010 13F0010F 		tst	r3, #1
  79 0014 03D0     		beq	.L5
  95:.\Generated_Source\PSoC5/ADC_SAR_PM.c ****         {
  96:.\Generated_Source\PSoC5/ADC_SAR_PM.c ****             ADC_SAR_backup.enableState = ADC_SAR_ENABLED | ADC_SAR_STARTED;
  80              		.loc 1 96 0
  81 0016 0322     		movs	r2, #3
  82 0018 084B     		ldr	r3, .L9+8
  83 001a 1A70     		strb	r2, [r3]
  84 001c 02E0     		b	.L6
  85              	.L5:
  97:.\Generated_Source\PSoC5/ADC_SAR_PM.c ****         }
  98:.\Generated_Source\PSoC5/ADC_SAR_PM.c ****         else
  99:.\Generated_Source\PSoC5/ADC_SAR_PM.c ****         {
 100:.\Generated_Source\PSoC5/ADC_SAR_PM.c ****             ADC_SAR_backup.enableState = ADC_SAR_ENABLED;
  86              		.loc 1 100 0
  87 001e 0122     		movs	r2, #1
  88 0020 064B     		ldr	r3, .L9+8
  89 0022 1A70     		strb	r2, [r3]
  90              	.L6:
 101:.\Generated_Source\PSoC5/ADC_SAR_PM.c ****         }
 102:.\Generated_Source\PSoC5/ADC_SAR_PM.c ****         ADC_SAR_Stop();
  91              		.loc 1 102 0
  92 0024 FFF7FEFF 		bl	ADC_SAR_Stop
  93              	.LVL0:
  94 0028 08BD     		pop	{r3, pc}
  95              	.L4:
 103:.\Generated_Source\PSoC5/ADC_SAR_PM.c ****     }
 104:.\Generated_Source\PSoC5/ADC_SAR_PM.c ****     else
 105:.\Generated_Source\PSoC5/ADC_SAR_PM.c ****     {
 106:.\Generated_Source\PSoC5/ADC_SAR_PM.c ****         ADC_SAR_backup.enableState = ADC_SAR_DISABLED;
  96              		.loc 1 106 0
  97 002a 0022     		movs	r2, #0
  98 002c 034B     		ldr	r3, .L9+8
  99 002e 1A70     		strb	r2, [r3]
 100 0030 08BD     		pop	{r3, pc}
 101              	.L10:
 102 0032 00BF     		.align	2
 103              	.L9:
 104 0034 AB430040 		.word	1073759147
 105 0038 08590040 		.word	1073764616
 106 003c 00000000 		.word	.LANCHOR0
 107              		.cfi_endproc
 108              	.LFE2:
 109              		.size	ADC_SAR_Sleep, .-ADC_SAR_Sleep
 110              		.section	.text.ADC_SAR_Wakeup,"ax",%progbits
 111              		.align	2
 112              		.global	ADC_SAR_Wakeup
 113              		.thumb
 114              		.thumb_func
 115              		.type	ADC_SAR_Wakeup, %function
 116              	ADC_SAR_Wakeup:
 117              	.LFB3:
 107:.\Generated_Source\PSoC5/ADC_SAR_PM.c ****     }
 108:.\Generated_Source\PSoC5/ADC_SAR_PM.c **** }
 109:.\Generated_Source\PSoC5/ADC_SAR_PM.c **** 
 110:.\Generated_Source\PSoC5/ADC_SAR_PM.c **** 
 111:.\Generated_Source\PSoC5/ADC_SAR_PM.c **** /*******************************************************************************
ARM GAS  C:\Users\Ian\AppData\Local\Temp\ccN7Uq3f.s 			page 5


 112:.\Generated_Source\PSoC5/ADC_SAR_PM.c **** * Function Name: ADC_SAR_Wakeup
 113:.\Generated_Source\PSoC5/ADC_SAR_PM.c **** ********************************************************************************
 114:.\Generated_Source\PSoC5/ADC_SAR_PM.c **** *
 115:.\Generated_Source\PSoC5/ADC_SAR_PM.c **** * Summary:
 116:.\Generated_Source\PSoC5/ADC_SAR_PM.c **** *  This is the preferred routine to restore the component to the state when
 117:.\Generated_Source\PSoC5/ADC_SAR_PM.c **** *  ADC_SAR_Sleep() was called. If the component was enabled before the
 118:.\Generated_Source\PSoC5/ADC_SAR_PM.c **** *  ADC_SAR_Sleep() function was called, the
 119:.\Generated_Source\PSoC5/ADC_SAR_PM.c **** *  ADC_SAR_Wakeup() function also re-enables the component.
 120:.\Generated_Source\PSoC5/ADC_SAR_PM.c **** *
 121:.\Generated_Source\PSoC5/ADC_SAR_PM.c **** * Parameters:
 122:.\Generated_Source\PSoC5/ADC_SAR_PM.c **** *  None.
 123:.\Generated_Source\PSoC5/ADC_SAR_PM.c **** *
 124:.\Generated_Source\PSoC5/ADC_SAR_PM.c **** * Return:
 125:.\Generated_Source\PSoC5/ADC_SAR_PM.c **** *  None.
 126:.\Generated_Source\PSoC5/ADC_SAR_PM.c **** *
 127:.\Generated_Source\PSoC5/ADC_SAR_PM.c **** * Global Variables:
 128:.\Generated_Source\PSoC5/ADC_SAR_PM.c **** *  ADC_SAR_backup - The structure field 'enableState' is used to
 129:.\Generated_Source\PSoC5/ADC_SAR_PM.c **** *  restore the enable state of block after wakeup from sleep mode.
 130:.\Generated_Source\PSoC5/ADC_SAR_PM.c **** *
 131:.\Generated_Source\PSoC5/ADC_SAR_PM.c **** *******************************************************************************/
 132:.\Generated_Source\PSoC5/ADC_SAR_PM.c **** void ADC_SAR_Wakeup(void)
 133:.\Generated_Source\PSoC5/ADC_SAR_PM.c **** {
 118              		.loc 1 133 0
 119              		.cfi_startproc
 120              		@ args = 0, pretend = 0, frame = 0
 121              		@ frame_needed = 0, uses_anonymous_args = 0
 122 0000 08B5     		push	{r3, lr}
 123              		.cfi_def_cfa_offset 8
 124              		.cfi_offset 3, -8
 125              		.cfi_offset 14, -4
 134:.\Generated_Source\PSoC5/ADC_SAR_PM.c ****     if(ADC_SAR_backup.enableState != ADC_SAR_DISABLED)
 126              		.loc 1 134 0
 127 0002 064B     		ldr	r3, .L14
 128 0004 1B78     		ldrb	r3, [r3]	@ zero_extendqisi2
 129 0006 43B1     		cbz	r3, .L11
 135:.\Generated_Source\PSoC5/ADC_SAR_PM.c ****     {
 136:.\Generated_Source\PSoC5/ADC_SAR_PM.c ****         ADC_SAR_Enable();
 130              		.loc 1 136 0
 131 0008 FFF7FEFF 		bl	ADC_SAR_Enable
 132              	.LVL1:
 137:.\Generated_Source\PSoC5/ADC_SAR_PM.c ****         #if(ADC_SAR_DEFAULT_CONV_MODE != ADC_SAR__HARDWARE_TRIGGER)
 138:.\Generated_Source\PSoC5/ADC_SAR_PM.c ****             if((ADC_SAR_backup.enableState & ADC_SAR_STARTED) != 0u)
 133              		.loc 1 138 0
 134 000c 034B     		ldr	r3, .L14
 135 000e 1B78     		ldrb	r3, [r3]	@ zero_extendqisi2
 136 0010 13F0020F 		tst	r3, #2
 137 0014 01D0     		beq	.L11
 139:.\Generated_Source\PSoC5/ADC_SAR_PM.c ****             {
 140:.\Generated_Source\PSoC5/ADC_SAR_PM.c ****                 ADC_SAR_StartConvert();
 138              		.loc 1 140 0
 139 0016 FFF7FEFF 		bl	ADC_SAR_StartConvert
 140              	.LVL2:
 141              	.L11:
 142 001a 08BD     		pop	{r3, pc}
 143              	.L15:
 144              		.align	2
 145              	.L14:
ARM GAS  C:\Users\Ian\AppData\Local\Temp\ccN7Uq3f.s 			page 6


 146 001c 00000000 		.word	.LANCHOR0
 147              		.cfi_endproc
 148              	.LFE3:
 149              		.size	ADC_SAR_Wakeup, .-ADC_SAR_Wakeup
 150              		.bss
 151              		.align	2
 152              		.set	.LANCHOR0,. + 0
 153              		.type	ADC_SAR_backup, %object
 154              		.size	ADC_SAR_backup, 1
 155              	ADC_SAR_backup:
 156 0000 00       		.space	1
 157 0001 000000   		.text
 158              	.Letext0:
 159              		.file 2 ".\\Generated_Source\\PSoC5\\cytypes.h"
 160              		.file 3 ".\\Generated_Source\\PSoC5\\ADC_SAR.h"
 161              		.section	.debug_info,"",%progbits
 162              	.Ldebug_info0:
 163 0000 47010000 		.4byte	0x147
 164 0004 0400     		.2byte	0x4
 165 0006 00000000 		.4byte	.Ldebug_abbrev0
 166 000a 04       		.byte	0x4
 167 000b 01       		.uleb128 0x1
 168 000c 48010000 		.4byte	.LASF22
 169 0010 01       		.byte	0x1
 170 0011 0F010000 		.4byte	.LASF23
 171 0015 00000000 		.4byte	.LASF24
 172 0019 00000000 		.4byte	.Ldebug_ranges0+0
 173 001d 00000000 		.4byte	0
 174 0021 00000000 		.4byte	.Ldebug_line0
 175 0025 02       		.uleb128 0x2
 176 0026 01       		.byte	0x1
 177 0027 06       		.byte	0x6
 178 0028 41020000 		.4byte	.LASF0
 179 002c 02       		.uleb128 0x2
 180 002d 01       		.byte	0x1
 181 002e 08       		.byte	0x8
 182 002f AD000000 		.4byte	.LASF1
 183 0033 02       		.uleb128 0x2
 184 0034 02       		.byte	0x2
 185 0035 05       		.byte	0x5
 186 0036 0D020000 		.4byte	.LASF2
 187 003a 02       		.uleb128 0x2
 188 003b 02       		.byte	0x2
 189 003c 07       		.byte	0x7
 190 003d E7000000 		.4byte	.LASF3
 191 0041 02       		.uleb128 0x2
 192 0042 04       		.byte	0x4
 193 0043 05       		.byte	0x5
 194 0044 2C020000 		.4byte	.LASF4
 195 0048 02       		.uleb128 0x2
 196 0049 04       		.byte	0x4
 197 004a 07       		.byte	0x7
 198 004b C0000000 		.4byte	.LASF5
 199 004f 02       		.uleb128 0x2
 200 0050 08       		.byte	0x8
 201 0051 05       		.byte	0x5
 202 0052 FA010000 		.4byte	.LASF6
ARM GAS  C:\Users\Ian\AppData\Local\Temp\ccN7Uq3f.s 			page 7


 203 0056 02       		.uleb128 0x2
 204 0057 08       		.byte	0x8
 205 0058 07       		.byte	0x7
 206 0059 E3010000 		.4byte	.LASF7
 207 005d 03       		.uleb128 0x3
 208 005e 04       		.byte	0x4
 209 005f 05       		.byte	0x5
 210 0060 696E7400 		.ascii	"int\000"
 211 0064 02       		.uleb128 0x2
 212 0065 04       		.byte	0x4
 213 0066 07       		.byte	0x7
 214 0067 D6010000 		.4byte	.LASF8
 215 006b 04       		.uleb128 0x4
 216 006c 17020000 		.4byte	.LASF12
 217 0070 02       		.byte	0x2
 218 0071 5B       		.byte	0x5b
 219 0072 2C000000 		.4byte	0x2c
 220 0076 02       		.uleb128 0x2
 221 0077 04       		.byte	0x4
 222 0078 04       		.byte	0x4
 223 0079 82000000 		.4byte	.LASF9
 224 007d 02       		.uleb128 0x2
 225 007e 08       		.byte	0x8
 226 007f 04       		.byte	0x4
 227 0080 08010000 		.4byte	.LASF10
 228 0084 02       		.uleb128 0x2
 229 0085 01       		.byte	0x1
 230 0086 08       		.byte	0x8
 231 0087 08020000 		.4byte	.LASF11
 232 008b 04       		.uleb128 0x4
 233 008c BB000000 		.4byte	.LASF13
 234 0090 02       		.byte	0x2
 235 0091 F0       		.byte	0xf0
 236 0092 96000000 		.4byte	0x96
 237 0096 05       		.uleb128 0x5
 238 0097 6B000000 		.4byte	0x6b
 239 009b 06       		.uleb128 0x6
 240 009c 01       		.byte	0x1
 241 009d 03       		.byte	0x3
 242 009e 2A       		.byte	0x2a
 243 009f B0000000 		.4byte	0xb0
 244 00a3 07       		.uleb128 0x7
 245 00a4 35020000 		.4byte	.LASF25
 246 00a8 03       		.byte	0x3
 247 00a9 2C       		.byte	0x2c
 248 00aa 6B000000 		.4byte	0x6b
 249 00ae 00       		.byte	0
 250 00af 00       		.byte	0
 251 00b0 04       		.uleb128 0x4
 252 00b1 5D000000 		.4byte	.LASF14
 253 00b5 03       		.byte	0x3
 254 00b6 2D       		.byte	0x2d
 255 00b7 9B000000 		.4byte	0x9b
 256 00bb 08       		.uleb128 0x8
 257 00bc 35010000 		.4byte	.LASF15
 258 00c0 01       		.byte	0x1
 259 00c1 2C       		.byte	0x2c
ARM GAS  C:\Users\Ian\AppData\Local\Temp\ccN7Uq3f.s 			page 8


 260 00c2 00000000 		.4byte	.LFB0
 261 00c6 02000000 		.4byte	.LFE0-.LFB0
 262 00ca 01       		.uleb128 0x1
 263 00cb 9C       		.byte	0x9c
 264 00cc 08       		.uleb128 0x8
 265 00cd 97000000 		.4byte	.LASF16
 266 00d1 01       		.byte	0x1
 267 00d2 40       		.byte	0x40
 268 00d3 00000000 		.4byte	.LFB1
 269 00d7 02000000 		.4byte	.LFE1-.LFB1
 270 00db 01       		.uleb128 0x1
 271 00dc 9C       		.byte	0x9c
 272 00dd 09       		.uleb128 0x9
 273 00de FA000000 		.4byte	.LASF17
 274 00e2 01       		.byte	0x1
 275 00e3 5A       		.byte	0x5a
 276 00e4 00000000 		.4byte	.LFB2
 277 00e8 40000000 		.4byte	.LFE2-.LFB2
 278 00ec 01       		.uleb128 0x1
 279 00ed 9C       		.byte	0x9c
 280 00ee FC000000 		.4byte	0xfc
 281 00f2 0A       		.uleb128 0xa
 282 00f3 28000000 		.4byte	.LVL0
 283 00f7 35010000 		.4byte	0x135
 284 00fb 00       		.byte	0
 285 00fc 09       		.uleb128 0x9
 286 00fd 88000000 		.4byte	.LASF18
 287 0101 01       		.byte	0x1
 288 0102 84       		.byte	0x84
 289 0103 00000000 		.4byte	.LFB3
 290 0107 20000000 		.4byte	.LFE3-.LFB3
 291 010b 01       		.uleb128 0x1
 292 010c 9C       		.byte	0x9c
 293 010d 24010000 		.4byte	0x124
 294 0111 0A       		.uleb128 0xa
 295 0112 0C000000 		.4byte	.LVL1
 296 0116 3C010000 		.4byte	0x13c
 297 011a 0A       		.uleb128 0xa
 298 011b 1A000000 		.4byte	.LVL2
 299 011f 43010000 		.4byte	0x143
 300 0123 00       		.byte	0
 301 0124 0B       		.uleb128 0xb
 302 0125 73000000 		.4byte	.LASF26
 303 0129 01       		.byte	0x1
 304 012a 18       		.byte	0x18
 305 012b B0000000 		.4byte	0xb0
 306 012f 05       		.uleb128 0x5
 307 0130 03       		.byte	0x3
 308 0131 00000000 		.4byte	ADC_SAR_backup
 309 0135 0C       		.uleb128 0xc
 310 0136 4D020000 		.4byte	.LASF19
 311 013a 03       		.byte	0x3
 312 013b 35       		.byte	0x35
 313 013c 0C       		.uleb128 0xc
 314 013d 1D020000 		.4byte	.LASF20
 315 0141 03       		.byte	0x3
 316 0142 44       		.byte	0x44
ARM GAS  C:\Users\Ian\AppData\Local\Temp\ccN7Uq3f.s 			page 9


 317 0143 0C       		.uleb128 0xc
 318 0144 D2000000 		.4byte	.LASF21
 319 0148 03       		.byte	0x3
 320 0149 D1       		.byte	0xd1
 321 014a 00       		.byte	0
 322              		.section	.debug_abbrev,"",%progbits
 323              	.Ldebug_abbrev0:
 324 0000 01       		.uleb128 0x1
 325 0001 11       		.uleb128 0x11
 326 0002 01       		.byte	0x1
 327 0003 25       		.uleb128 0x25
 328 0004 0E       		.uleb128 0xe
 329 0005 13       		.uleb128 0x13
 330 0006 0B       		.uleb128 0xb
 331 0007 03       		.uleb128 0x3
 332 0008 0E       		.uleb128 0xe
 333 0009 1B       		.uleb128 0x1b
 334 000a 0E       		.uleb128 0xe
 335 000b 55       		.uleb128 0x55
 336 000c 17       		.uleb128 0x17
 337 000d 11       		.uleb128 0x11
 338 000e 01       		.uleb128 0x1
 339 000f 10       		.uleb128 0x10
 340 0010 17       		.uleb128 0x17
 341 0011 00       		.byte	0
 342 0012 00       		.byte	0
 343 0013 02       		.uleb128 0x2
 344 0014 24       		.uleb128 0x24
 345 0015 00       		.byte	0
 346 0016 0B       		.uleb128 0xb
 347 0017 0B       		.uleb128 0xb
 348 0018 3E       		.uleb128 0x3e
 349 0019 0B       		.uleb128 0xb
 350 001a 03       		.uleb128 0x3
 351 001b 0E       		.uleb128 0xe
 352 001c 00       		.byte	0
 353 001d 00       		.byte	0
 354 001e 03       		.uleb128 0x3
 355 001f 24       		.uleb128 0x24
 356 0020 00       		.byte	0
 357 0021 0B       		.uleb128 0xb
 358 0022 0B       		.uleb128 0xb
 359 0023 3E       		.uleb128 0x3e
 360 0024 0B       		.uleb128 0xb
 361 0025 03       		.uleb128 0x3
 362 0026 08       		.uleb128 0x8
 363 0027 00       		.byte	0
 364 0028 00       		.byte	0
 365 0029 04       		.uleb128 0x4
 366 002a 16       		.uleb128 0x16
 367 002b 00       		.byte	0
 368 002c 03       		.uleb128 0x3
 369 002d 0E       		.uleb128 0xe
 370 002e 3A       		.uleb128 0x3a
 371 002f 0B       		.uleb128 0xb
 372 0030 3B       		.uleb128 0x3b
 373 0031 0B       		.uleb128 0xb
ARM GAS  C:\Users\Ian\AppData\Local\Temp\ccN7Uq3f.s 			page 10


 374 0032 49       		.uleb128 0x49
 375 0033 13       		.uleb128 0x13
 376 0034 00       		.byte	0
 377 0035 00       		.byte	0
 378 0036 05       		.uleb128 0x5
 379 0037 35       		.uleb128 0x35
 380 0038 00       		.byte	0
 381 0039 49       		.uleb128 0x49
 382 003a 13       		.uleb128 0x13
 383 003b 00       		.byte	0
 384 003c 00       		.byte	0
 385 003d 06       		.uleb128 0x6
 386 003e 13       		.uleb128 0x13
 387 003f 01       		.byte	0x1
 388 0040 0B       		.uleb128 0xb
 389 0041 0B       		.uleb128 0xb
 390 0042 3A       		.uleb128 0x3a
 391 0043 0B       		.uleb128 0xb
 392 0044 3B       		.uleb128 0x3b
 393 0045 0B       		.uleb128 0xb
 394 0046 01       		.uleb128 0x1
 395 0047 13       		.uleb128 0x13
 396 0048 00       		.byte	0
 397 0049 00       		.byte	0
 398 004a 07       		.uleb128 0x7
 399 004b 0D       		.uleb128 0xd
 400 004c 00       		.byte	0
 401 004d 03       		.uleb128 0x3
 402 004e 0E       		.uleb128 0xe
 403 004f 3A       		.uleb128 0x3a
 404 0050 0B       		.uleb128 0xb
 405 0051 3B       		.uleb128 0x3b
 406 0052 0B       		.uleb128 0xb
 407 0053 49       		.uleb128 0x49
 408 0054 13       		.uleb128 0x13
 409 0055 38       		.uleb128 0x38
 410 0056 0B       		.uleb128 0xb
 411 0057 00       		.byte	0
 412 0058 00       		.byte	0
 413 0059 08       		.uleb128 0x8
 414 005a 2E       		.uleb128 0x2e
 415 005b 00       		.byte	0
 416 005c 3F       		.uleb128 0x3f
 417 005d 19       		.uleb128 0x19
 418 005e 03       		.uleb128 0x3
 419 005f 0E       		.uleb128 0xe
 420 0060 3A       		.uleb128 0x3a
 421 0061 0B       		.uleb128 0xb
 422 0062 3B       		.uleb128 0x3b
 423 0063 0B       		.uleb128 0xb
 424 0064 27       		.uleb128 0x27
 425 0065 19       		.uleb128 0x19
 426 0066 11       		.uleb128 0x11
 427 0067 01       		.uleb128 0x1
 428 0068 12       		.uleb128 0x12
 429 0069 06       		.uleb128 0x6
 430 006a 40       		.uleb128 0x40
ARM GAS  C:\Users\Ian\AppData\Local\Temp\ccN7Uq3f.s 			page 11


 431 006b 18       		.uleb128 0x18
 432 006c 9742     		.uleb128 0x2117
 433 006e 19       		.uleb128 0x19
 434 006f 00       		.byte	0
 435 0070 00       		.byte	0
 436 0071 09       		.uleb128 0x9
 437 0072 2E       		.uleb128 0x2e
 438 0073 01       		.byte	0x1
 439 0074 3F       		.uleb128 0x3f
 440 0075 19       		.uleb128 0x19
 441 0076 03       		.uleb128 0x3
 442 0077 0E       		.uleb128 0xe
 443 0078 3A       		.uleb128 0x3a
 444 0079 0B       		.uleb128 0xb
 445 007a 3B       		.uleb128 0x3b
 446 007b 0B       		.uleb128 0xb
 447 007c 27       		.uleb128 0x27
 448 007d 19       		.uleb128 0x19
 449 007e 11       		.uleb128 0x11
 450 007f 01       		.uleb128 0x1
 451 0080 12       		.uleb128 0x12
 452 0081 06       		.uleb128 0x6
 453 0082 40       		.uleb128 0x40
 454 0083 18       		.uleb128 0x18
 455 0084 9742     		.uleb128 0x2117
 456 0086 19       		.uleb128 0x19
 457 0087 01       		.uleb128 0x1
 458 0088 13       		.uleb128 0x13
 459 0089 00       		.byte	0
 460 008a 00       		.byte	0
 461 008b 0A       		.uleb128 0xa
 462 008c 898201   		.uleb128 0x4109
 463 008f 00       		.byte	0
 464 0090 11       		.uleb128 0x11
 465 0091 01       		.uleb128 0x1
 466 0092 31       		.uleb128 0x31
 467 0093 13       		.uleb128 0x13
 468 0094 00       		.byte	0
 469 0095 00       		.byte	0
 470 0096 0B       		.uleb128 0xb
 471 0097 34       		.uleb128 0x34
 472 0098 00       		.byte	0
 473 0099 03       		.uleb128 0x3
 474 009a 0E       		.uleb128 0xe
 475 009b 3A       		.uleb128 0x3a
 476 009c 0B       		.uleb128 0xb
 477 009d 3B       		.uleb128 0x3b
 478 009e 0B       		.uleb128 0xb
 479 009f 49       		.uleb128 0x49
 480 00a0 13       		.uleb128 0x13
 481 00a1 02       		.uleb128 0x2
 482 00a2 18       		.uleb128 0x18
 483 00a3 00       		.byte	0
 484 00a4 00       		.byte	0
 485 00a5 0C       		.uleb128 0xc
 486 00a6 2E       		.uleb128 0x2e
 487 00a7 00       		.byte	0
ARM GAS  C:\Users\Ian\AppData\Local\Temp\ccN7Uq3f.s 			page 12


 488 00a8 3F       		.uleb128 0x3f
 489 00a9 19       		.uleb128 0x19
 490 00aa 03       		.uleb128 0x3
 491 00ab 0E       		.uleb128 0xe
 492 00ac 3A       		.uleb128 0x3a
 493 00ad 0B       		.uleb128 0xb
 494 00ae 3B       		.uleb128 0x3b
 495 00af 0B       		.uleb128 0xb
 496 00b0 27       		.uleb128 0x27
 497 00b1 19       		.uleb128 0x19
 498 00b2 3C       		.uleb128 0x3c
 499 00b3 19       		.uleb128 0x19
 500 00b4 00       		.byte	0
 501 00b5 00       		.byte	0
 502 00b6 00       		.byte	0
 503              		.section	.debug_aranges,"",%progbits
 504 0000 34000000 		.4byte	0x34
 505 0004 0200     		.2byte	0x2
 506 0006 00000000 		.4byte	.Ldebug_info0
 507 000a 04       		.byte	0x4
 508 000b 00       		.byte	0
 509 000c 0000     		.2byte	0
 510 000e 0000     		.2byte	0
 511 0010 00000000 		.4byte	.LFB0
 512 0014 02000000 		.4byte	.LFE0-.LFB0
 513 0018 00000000 		.4byte	.LFB1
 514 001c 02000000 		.4byte	.LFE1-.LFB1
 515 0020 00000000 		.4byte	.LFB2
 516 0024 40000000 		.4byte	.LFE2-.LFB2
 517 0028 00000000 		.4byte	.LFB3
 518 002c 20000000 		.4byte	.LFE3-.LFB3
 519 0030 00000000 		.4byte	0
 520 0034 00000000 		.4byte	0
 521              		.section	.debug_ranges,"",%progbits
 522              	.Ldebug_ranges0:
 523 0000 00000000 		.4byte	.LFB0
 524 0004 02000000 		.4byte	.LFE0
 525 0008 00000000 		.4byte	.LFB1
 526 000c 02000000 		.4byte	.LFE1
 527 0010 00000000 		.4byte	.LFB2
 528 0014 40000000 		.4byte	.LFE2
 529 0018 00000000 		.4byte	.LFB3
 530 001c 20000000 		.4byte	.LFE3
 531 0020 00000000 		.4byte	0
 532 0024 00000000 		.4byte	0
 533              		.section	.debug_line,"",%progbits
 534              	.Ldebug_line0:
 535 0000 A6000000 		.section	.debug_str,"MS",%progbits,1
 535      02005600 
 535      00000201 
 535      FB0E0D00 
 535      01010101 
 536              	.LASF24:
 537 0000 433A5C55 		.ascii	"C:\\Users\\Ian\\Documents\\Junior\\Chip-Design\\pro"
 537      73657273 
 537      5C49616E 
 537      5C446F63 
ARM GAS  C:\Users\Ian\AppData\Local\Temp\ccN7Uq3f.s 			page 13


 537      756D656E 
 538 002d 6A5F6173 		.ascii	"j_asic\\psoc\\Wave Generator\\Wave Generator.cydsn\000"
 538      69635C70 
 538      736F635C 
 538      57617665 
 538      2047656E 
 539              	.LASF14:
 540 005d 4144435F 		.ascii	"ADC_SAR_BACKUP_STRUCT\000"
 540      5341525F 
 540      4241434B 
 540      55505F53 
 540      54525543 
 541              	.LASF26:
 542 0073 4144435F 		.ascii	"ADC_SAR_backup\000"
 542      5341525F 
 542      6261636B 
 542      757000
 543              	.LASF9:
 544 0082 666C6F61 		.ascii	"float\000"
 544      7400
 545              	.LASF18:
 546 0088 4144435F 		.ascii	"ADC_SAR_Wakeup\000"
 546      5341525F 
 546      57616B65 
 546      757000
 547              	.LASF16:
 548 0097 4144435F 		.ascii	"ADC_SAR_RestoreConfig\000"
 548      5341525F 
 548      52657374 
 548      6F726543 
 548      6F6E6669 
 549              	.LASF1:
 550 00ad 756E7369 		.ascii	"unsigned char\000"
 550      676E6564 
 550      20636861 
 550      7200
 551              	.LASF13:
 552 00bb 72656738 		.ascii	"reg8\000"
 552      00
 553              	.LASF5:
 554 00c0 6C6F6E67 		.ascii	"long unsigned int\000"
 554      20756E73 
 554      69676E65 
 554      6420696E 
 554      7400
 555              	.LASF21:
 556 00d2 4144435F 		.ascii	"ADC_SAR_StartConvert\000"
 556      5341525F 
 556      53746172 
 556      74436F6E 
 556      76657274 
 557              	.LASF3:
 558 00e7 73686F72 		.ascii	"short unsigned int\000"
 558      7420756E 
 558      7369676E 
 558      65642069 
 558      6E7400
ARM GAS  C:\Users\Ian\AppData\Local\Temp\ccN7Uq3f.s 			page 14


 559              	.LASF17:
 560 00fa 4144435F 		.ascii	"ADC_SAR_Sleep\000"
 560      5341525F 
 560      536C6565 
 560      7000
 561              	.LASF10:
 562 0108 646F7562 		.ascii	"double\000"
 562      6C6500
 563              	.LASF23:
 564 010f 2E5C4765 		.ascii	".\\Generated_Source\\PSoC5\\ADC_SAR_PM.c\000"
 564      6E657261 
 564      7465645F 
 564      536F7572 
 564      63655C50 
 565              	.LASF15:
 566 0135 4144435F 		.ascii	"ADC_SAR_SaveConfig\000"
 566      5341525F 
 566      53617665 
 566      436F6E66 
 566      696700
 567              	.LASF22:
 568 0148 474E5520 		.ascii	"GNU C 4.9.3 20150303 (release) [ARM/embedded-4_9-br"
 568      4320342E 
 568      392E3320 
 568      32303135 
 568      30333033 
 569 017b 616E6368 		.ascii	"anch revision 221220] -mcpu=cortex-m3 -mthumb -g -O"
 569      20726576 
 569      6973696F 
 569      6E203232 
 569      31323230 
 570 01ae 67202D66 		.ascii	"g -ffunction-sections -ffat-lto-objects\000"
 570      66756E63 
 570      74696F6E 
 570      2D736563 
 570      74696F6E 
 571              	.LASF8:
 572 01d6 756E7369 		.ascii	"unsigned int\000"
 572      676E6564 
 572      20696E74 
 572      00
 573              	.LASF7:
 574 01e3 6C6F6E67 		.ascii	"long long unsigned int\000"
 574      206C6F6E 
 574      6720756E 
 574      7369676E 
 574      65642069 
 575              	.LASF6:
 576 01fa 6C6F6E67 		.ascii	"long long int\000"
 576      206C6F6E 
 576      6720696E 
 576      7400
 577              	.LASF11:
 578 0208 63686172 		.ascii	"char\000"
 578      00
 579              	.LASF2:
 580 020d 73686F72 		.ascii	"short int\000"
ARM GAS  C:\Users\Ian\AppData\Local\Temp\ccN7Uq3f.s 			page 15


 580      7420696E 
 580      7400
 581              	.LASF12:
 582 0217 75696E74 		.ascii	"uint8\000"
 582      3800
 583              	.LASF20:
 584 021d 4144435F 		.ascii	"ADC_SAR_Enable\000"
 584      5341525F 
 584      456E6162 
 584      6C6500
 585              	.LASF4:
 586 022c 6C6F6E67 		.ascii	"long int\000"
 586      20696E74 
 586      00
 587              	.LASF25:
 588 0235 656E6162 		.ascii	"enableState\000"
 588      6C655374 
 588      61746500 
 589              	.LASF0:
 590 0241 7369676E 		.ascii	"signed char\000"
 590      65642063 
 590      68617200 
 591              	.LASF19:
 592 024d 4144435F 		.ascii	"ADC_SAR_Stop\000"
 592      5341525F 
 592      53746F70 
 592      00
 593              		.ident	"GCC: (GNU Tools for ARM Embedded Processors) 4.9.3 20150303 (release) [ARM/embedded-4_9-br
