ARM GAS  C:\Users\Ian\AppData\Local\Temp\ccMrEN53.s 			page 1


   1              		.syntax unified
   2              		.cpu cortex-m3
   3              		.fpu softvfp
   4              		.eabi_attribute 20, 1
   5              		.eabi_attribute 21, 1
   6              		.eabi_attribute 23, 3
   7              		.eabi_attribute 24, 1
   8              		.eabi_attribute 25, 1
   9              		.eabi_attribute 26, 1
  10              		.eabi_attribute 30, 1
  11              		.eabi_attribute 34, 1
  12              		.eabi_attribute 18, 4
  13              		.thumb
  14              		.file	"ADC_IRQ.c"
  15              		.text
  16              	.Ltext0:
  17              		.cfi_sections	.debug_frame
  18              		.section	.text.ADC_IRQ_Interrupt,"ax",%progbits
  19              		.align	2
  20              		.global	ADC_IRQ_Interrupt
  21              		.thumb
  22              		.thumb_func
  23              		.type	ADC_IRQ_Interrupt, %function
  24              	ADC_IRQ_Interrupt:
  25              	.LFB3:
  26              		.file 1 ".\\Generated_Source\\PSoC5\\ADC_IRQ.c"
   1:.\Generated_Source\PSoC5/ADC_IRQ.c **** /*******************************************************************************
   2:.\Generated_Source\PSoC5/ADC_IRQ.c **** * File Name: ADC_IRQ.c  
   3:.\Generated_Source\PSoC5/ADC_IRQ.c **** * Version 1.70
   4:.\Generated_Source\PSoC5/ADC_IRQ.c **** *
   5:.\Generated_Source\PSoC5/ADC_IRQ.c **** *  Description:
   6:.\Generated_Source\PSoC5/ADC_IRQ.c **** *   API for controlling the state of an interrupt.
   7:.\Generated_Source\PSoC5/ADC_IRQ.c **** *
   8:.\Generated_Source\PSoC5/ADC_IRQ.c **** *
   9:.\Generated_Source\PSoC5/ADC_IRQ.c **** *  Note:
  10:.\Generated_Source\PSoC5/ADC_IRQ.c **** *
  11:.\Generated_Source\PSoC5/ADC_IRQ.c **** ********************************************************************************
  12:.\Generated_Source\PSoC5/ADC_IRQ.c **** * Copyright 2008-2015, Cypress Semiconductor Corporation.  All rights reserved.
  13:.\Generated_Source\PSoC5/ADC_IRQ.c **** * You may use this file only in accordance with the license, terms, conditions, 
  14:.\Generated_Source\PSoC5/ADC_IRQ.c **** * disclaimers, and limitations in the end user license agreement accompanying 
  15:.\Generated_Source\PSoC5/ADC_IRQ.c **** * the software package with which this file was provided.
  16:.\Generated_Source\PSoC5/ADC_IRQ.c **** *******************************************************************************/
  17:.\Generated_Source\PSoC5/ADC_IRQ.c **** 
  18:.\Generated_Source\PSoC5/ADC_IRQ.c **** 
  19:.\Generated_Source\PSoC5/ADC_IRQ.c **** #include <cydevice_trm.h>
  20:.\Generated_Source\PSoC5/ADC_IRQ.c **** #include <CyLib.h>
  21:.\Generated_Source\PSoC5/ADC_IRQ.c **** #include <ADC_IRQ.h>
  22:.\Generated_Source\PSoC5/ADC_IRQ.c **** 
  23:.\Generated_Source\PSoC5/ADC_IRQ.c **** 
  24:.\Generated_Source\PSoC5/ADC_IRQ.c **** #if !defined(ADC_IRQ__REMOVED) /* Check for removal by optimization */
  25:.\Generated_Source\PSoC5/ADC_IRQ.c **** 
  26:.\Generated_Source\PSoC5/ADC_IRQ.c **** /*******************************************************************************
  27:.\Generated_Source\PSoC5/ADC_IRQ.c **** *  Place your includes, defines and code here 
  28:.\Generated_Source\PSoC5/ADC_IRQ.c **** ********************************************************************************/
  29:.\Generated_Source\PSoC5/ADC_IRQ.c **** /* `#START ADC_IRQ_intc` */
  30:.\Generated_Source\PSoC5/ADC_IRQ.c **** 
  31:.\Generated_Source\PSoC5/ADC_IRQ.c **** /* `#END` */
ARM GAS  C:\Users\Ian\AppData\Local\Temp\ccMrEN53.s 			page 2


  32:.\Generated_Source\PSoC5/ADC_IRQ.c **** 
  33:.\Generated_Source\PSoC5/ADC_IRQ.c **** #ifndef CYINT_IRQ_BASE
  34:.\Generated_Source\PSoC5/ADC_IRQ.c **** #define CYINT_IRQ_BASE      16
  35:.\Generated_Source\PSoC5/ADC_IRQ.c **** #endif /* CYINT_IRQ_BASE */
  36:.\Generated_Source\PSoC5/ADC_IRQ.c **** #ifndef CYINT_VECT_TABLE
  37:.\Generated_Source\PSoC5/ADC_IRQ.c **** #define CYINT_VECT_TABLE    ((cyisraddress **) CYREG_NVIC_VECT_OFFSET)
  38:.\Generated_Source\PSoC5/ADC_IRQ.c **** #endif /* CYINT_VECT_TABLE */
  39:.\Generated_Source\PSoC5/ADC_IRQ.c **** 
  40:.\Generated_Source\PSoC5/ADC_IRQ.c **** /* Declared in startup, used to set unused interrupts to. */
  41:.\Generated_Source\PSoC5/ADC_IRQ.c **** CY_ISR_PROTO(IntDefaultHandler);
  42:.\Generated_Source\PSoC5/ADC_IRQ.c **** 
  43:.\Generated_Source\PSoC5/ADC_IRQ.c **** 
  44:.\Generated_Source\PSoC5/ADC_IRQ.c **** /*******************************************************************************
  45:.\Generated_Source\PSoC5/ADC_IRQ.c **** * Function Name: ADC_IRQ_Start
  46:.\Generated_Source\PSoC5/ADC_IRQ.c **** ********************************************************************************
  47:.\Generated_Source\PSoC5/ADC_IRQ.c **** *
  48:.\Generated_Source\PSoC5/ADC_IRQ.c **** * Summary:
  49:.\Generated_Source\PSoC5/ADC_IRQ.c **** *  Set up the interrupt and enable it. This function disables the interrupt, 
  50:.\Generated_Source\PSoC5/ADC_IRQ.c **** *  sets the default interrupt vector, sets the priority from the value in the
  51:.\Generated_Source\PSoC5/ADC_IRQ.c **** *  Design Wide Resources Interrupt Editor, then enables the interrupt to the 
  52:.\Generated_Source\PSoC5/ADC_IRQ.c **** *  interrupt controller.
  53:.\Generated_Source\PSoC5/ADC_IRQ.c **** *
  54:.\Generated_Source\PSoC5/ADC_IRQ.c **** * Parameters:  
  55:.\Generated_Source\PSoC5/ADC_IRQ.c **** *   None
  56:.\Generated_Source\PSoC5/ADC_IRQ.c **** *
  57:.\Generated_Source\PSoC5/ADC_IRQ.c **** * Return:
  58:.\Generated_Source\PSoC5/ADC_IRQ.c **** *   None
  59:.\Generated_Source\PSoC5/ADC_IRQ.c **** *
  60:.\Generated_Source\PSoC5/ADC_IRQ.c **** *******************************************************************************/
  61:.\Generated_Source\PSoC5/ADC_IRQ.c **** void ADC_IRQ_Start(void)
  62:.\Generated_Source\PSoC5/ADC_IRQ.c **** {
  63:.\Generated_Source\PSoC5/ADC_IRQ.c ****     /* For all we know the interrupt is active. */
  64:.\Generated_Source\PSoC5/ADC_IRQ.c ****     ADC_IRQ_Disable();
  65:.\Generated_Source\PSoC5/ADC_IRQ.c **** 
  66:.\Generated_Source\PSoC5/ADC_IRQ.c ****     /* Set the ISR to point to the ADC_IRQ Interrupt. */
  67:.\Generated_Source\PSoC5/ADC_IRQ.c ****     ADC_IRQ_SetVector(&ADC_IRQ_Interrupt);
  68:.\Generated_Source\PSoC5/ADC_IRQ.c **** 
  69:.\Generated_Source\PSoC5/ADC_IRQ.c ****     /* Set the priority. */
  70:.\Generated_Source\PSoC5/ADC_IRQ.c ****     ADC_IRQ_SetPriority((uint8)ADC_IRQ_INTC_PRIOR_NUMBER);
  71:.\Generated_Source\PSoC5/ADC_IRQ.c **** 
  72:.\Generated_Source\PSoC5/ADC_IRQ.c ****     /* Enable it. */
  73:.\Generated_Source\PSoC5/ADC_IRQ.c ****     ADC_IRQ_Enable();
  74:.\Generated_Source\PSoC5/ADC_IRQ.c **** }
  75:.\Generated_Source\PSoC5/ADC_IRQ.c **** 
  76:.\Generated_Source\PSoC5/ADC_IRQ.c **** 
  77:.\Generated_Source\PSoC5/ADC_IRQ.c **** /*******************************************************************************
  78:.\Generated_Source\PSoC5/ADC_IRQ.c **** * Function Name: ADC_IRQ_StartEx
  79:.\Generated_Source\PSoC5/ADC_IRQ.c **** ********************************************************************************
  80:.\Generated_Source\PSoC5/ADC_IRQ.c **** *
  81:.\Generated_Source\PSoC5/ADC_IRQ.c **** * Summary:
  82:.\Generated_Source\PSoC5/ADC_IRQ.c **** *  Sets up the interrupt and enables it. This function disables the interrupt,
  83:.\Generated_Source\PSoC5/ADC_IRQ.c **** *  sets the interrupt vector based on the address passed in, sets the priority 
  84:.\Generated_Source\PSoC5/ADC_IRQ.c **** *  from the value in the Design Wide Resources Interrupt Editor, then enables 
  85:.\Generated_Source\PSoC5/ADC_IRQ.c **** *  the interrupt to the interrupt controller.
  86:.\Generated_Source\PSoC5/ADC_IRQ.c **** *  
  87:.\Generated_Source\PSoC5/ADC_IRQ.c **** *  When defining ISR functions, the CY_ISR and CY_ISR_PROTO macros should be 
  88:.\Generated_Source\PSoC5/ADC_IRQ.c **** *  used to provide consistent definition across compilers:
ARM GAS  C:\Users\Ian\AppData\Local\Temp\ccMrEN53.s 			page 3


  89:.\Generated_Source\PSoC5/ADC_IRQ.c **** *  
  90:.\Generated_Source\PSoC5/ADC_IRQ.c **** *  Function definition example:
  91:.\Generated_Source\PSoC5/ADC_IRQ.c **** *   CY_ISR(MyISR)
  92:.\Generated_Source\PSoC5/ADC_IRQ.c **** *   {
  93:.\Generated_Source\PSoC5/ADC_IRQ.c **** *   }
  94:.\Generated_Source\PSoC5/ADC_IRQ.c **** *   Function prototype example:
  95:.\Generated_Source\PSoC5/ADC_IRQ.c **** *   CY_ISR_PROTO(MyISR);
  96:.\Generated_Source\PSoC5/ADC_IRQ.c **** *
  97:.\Generated_Source\PSoC5/ADC_IRQ.c **** * Parameters:  
  98:.\Generated_Source\PSoC5/ADC_IRQ.c **** *   address: Address of the ISR to set in the interrupt vector table.
  99:.\Generated_Source\PSoC5/ADC_IRQ.c **** *
 100:.\Generated_Source\PSoC5/ADC_IRQ.c **** * Return:
 101:.\Generated_Source\PSoC5/ADC_IRQ.c **** *   None
 102:.\Generated_Source\PSoC5/ADC_IRQ.c **** *
 103:.\Generated_Source\PSoC5/ADC_IRQ.c **** *******************************************************************************/
 104:.\Generated_Source\PSoC5/ADC_IRQ.c **** void ADC_IRQ_StartEx(cyisraddress address)
 105:.\Generated_Source\PSoC5/ADC_IRQ.c **** {
 106:.\Generated_Source\PSoC5/ADC_IRQ.c ****     /* For all we know the interrupt is active. */
 107:.\Generated_Source\PSoC5/ADC_IRQ.c ****     ADC_IRQ_Disable();
 108:.\Generated_Source\PSoC5/ADC_IRQ.c **** 
 109:.\Generated_Source\PSoC5/ADC_IRQ.c ****     /* Set the ISR to point to the ADC_IRQ Interrupt. */
 110:.\Generated_Source\PSoC5/ADC_IRQ.c ****     ADC_IRQ_SetVector(address);
 111:.\Generated_Source\PSoC5/ADC_IRQ.c **** 
 112:.\Generated_Source\PSoC5/ADC_IRQ.c ****     /* Set the priority. */
 113:.\Generated_Source\PSoC5/ADC_IRQ.c ****     ADC_IRQ_SetPriority((uint8)ADC_IRQ_INTC_PRIOR_NUMBER);
 114:.\Generated_Source\PSoC5/ADC_IRQ.c **** 
 115:.\Generated_Source\PSoC5/ADC_IRQ.c ****     /* Enable it. */
 116:.\Generated_Source\PSoC5/ADC_IRQ.c ****     ADC_IRQ_Enable();
 117:.\Generated_Source\PSoC5/ADC_IRQ.c **** }
 118:.\Generated_Source\PSoC5/ADC_IRQ.c **** 
 119:.\Generated_Source\PSoC5/ADC_IRQ.c **** 
 120:.\Generated_Source\PSoC5/ADC_IRQ.c **** /*******************************************************************************
 121:.\Generated_Source\PSoC5/ADC_IRQ.c **** * Function Name: ADC_IRQ_Stop
 122:.\Generated_Source\PSoC5/ADC_IRQ.c **** ********************************************************************************
 123:.\Generated_Source\PSoC5/ADC_IRQ.c **** *
 124:.\Generated_Source\PSoC5/ADC_IRQ.c **** * Summary:
 125:.\Generated_Source\PSoC5/ADC_IRQ.c **** *   Disables and removes the interrupt.
 126:.\Generated_Source\PSoC5/ADC_IRQ.c **** *
 127:.\Generated_Source\PSoC5/ADC_IRQ.c **** * Parameters:  
 128:.\Generated_Source\PSoC5/ADC_IRQ.c **** *   None
 129:.\Generated_Source\PSoC5/ADC_IRQ.c **** *
 130:.\Generated_Source\PSoC5/ADC_IRQ.c **** * Return:
 131:.\Generated_Source\PSoC5/ADC_IRQ.c **** *   None
 132:.\Generated_Source\PSoC5/ADC_IRQ.c **** *
 133:.\Generated_Source\PSoC5/ADC_IRQ.c **** *******************************************************************************/
 134:.\Generated_Source\PSoC5/ADC_IRQ.c **** void ADC_IRQ_Stop(void)
 135:.\Generated_Source\PSoC5/ADC_IRQ.c **** {
 136:.\Generated_Source\PSoC5/ADC_IRQ.c ****     /* Disable this interrupt. */
 137:.\Generated_Source\PSoC5/ADC_IRQ.c ****     ADC_IRQ_Disable();
 138:.\Generated_Source\PSoC5/ADC_IRQ.c **** 
 139:.\Generated_Source\PSoC5/ADC_IRQ.c ****     /* Set the ISR to point to the passive one. */
 140:.\Generated_Source\PSoC5/ADC_IRQ.c ****     ADC_IRQ_SetVector(&IntDefaultHandler);
 141:.\Generated_Source\PSoC5/ADC_IRQ.c **** }
 142:.\Generated_Source\PSoC5/ADC_IRQ.c **** 
 143:.\Generated_Source\PSoC5/ADC_IRQ.c **** 
 144:.\Generated_Source\PSoC5/ADC_IRQ.c **** /*******************************************************************************
 145:.\Generated_Source\PSoC5/ADC_IRQ.c **** * Function Name: ADC_IRQ_Interrupt
ARM GAS  C:\Users\Ian\AppData\Local\Temp\ccMrEN53.s 			page 4


 146:.\Generated_Source\PSoC5/ADC_IRQ.c **** ********************************************************************************
 147:.\Generated_Source\PSoC5/ADC_IRQ.c **** *
 148:.\Generated_Source\PSoC5/ADC_IRQ.c **** * Summary:
 149:.\Generated_Source\PSoC5/ADC_IRQ.c **** *   The default Interrupt Service Routine for ADC_IRQ.
 150:.\Generated_Source\PSoC5/ADC_IRQ.c **** *
 151:.\Generated_Source\PSoC5/ADC_IRQ.c **** *   Add custom code between the coments to keep the next version of this file
 152:.\Generated_Source\PSoC5/ADC_IRQ.c **** *   from over writting your code.
 153:.\Generated_Source\PSoC5/ADC_IRQ.c **** *
 154:.\Generated_Source\PSoC5/ADC_IRQ.c **** * Parameters:  
 155:.\Generated_Source\PSoC5/ADC_IRQ.c **** *
 156:.\Generated_Source\PSoC5/ADC_IRQ.c **** * Return:
 157:.\Generated_Source\PSoC5/ADC_IRQ.c **** *   None
 158:.\Generated_Source\PSoC5/ADC_IRQ.c **** *
 159:.\Generated_Source\PSoC5/ADC_IRQ.c **** *******************************************************************************/
 160:.\Generated_Source\PSoC5/ADC_IRQ.c **** CY_ISR(ADC_IRQ_Interrupt)
 161:.\Generated_Source\PSoC5/ADC_IRQ.c **** {
  27              		.loc 1 161 0
  28              		.cfi_startproc
  29              		@ args = 0, pretend = 0, frame = 0
  30              		@ frame_needed = 0, uses_anonymous_args = 0
  31              		@ link register save eliminated.
  32 0000 7047     		bx	lr
  33              		.cfi_endproc
  34              	.LFE3:
  35              		.size	ADC_IRQ_Interrupt, .-ADC_IRQ_Interrupt
  36 0002 00BF     		.section	.text.ADC_IRQ_SetVector,"ax",%progbits
  37              		.align	2
  38              		.global	ADC_IRQ_SetVector
  39              		.thumb
  40              		.thumb_func
  41              		.type	ADC_IRQ_SetVector, %function
  42              	ADC_IRQ_SetVector:
  43              	.LFB4:
 162:.\Generated_Source\PSoC5/ADC_IRQ.c ****     #ifdef ADC_IRQ_INTERRUPT_INTERRUPT_CALLBACK
 163:.\Generated_Source\PSoC5/ADC_IRQ.c ****         ADC_IRQ_Interrupt_InterruptCallback();
 164:.\Generated_Source\PSoC5/ADC_IRQ.c ****     #endif /* ADC_IRQ_INTERRUPT_INTERRUPT_CALLBACK */ 
 165:.\Generated_Source\PSoC5/ADC_IRQ.c **** 
 166:.\Generated_Source\PSoC5/ADC_IRQ.c ****     /*  Place your Interrupt code here. */
 167:.\Generated_Source\PSoC5/ADC_IRQ.c ****     /* `#START ADC_IRQ_Interrupt` */
 168:.\Generated_Source\PSoC5/ADC_IRQ.c **** 
 169:.\Generated_Source\PSoC5/ADC_IRQ.c ****     /* `#END` */
 170:.\Generated_Source\PSoC5/ADC_IRQ.c **** }
 171:.\Generated_Source\PSoC5/ADC_IRQ.c **** 
 172:.\Generated_Source\PSoC5/ADC_IRQ.c **** 
 173:.\Generated_Source\PSoC5/ADC_IRQ.c **** /*******************************************************************************
 174:.\Generated_Source\PSoC5/ADC_IRQ.c **** * Function Name: ADC_IRQ_SetVector
 175:.\Generated_Source\PSoC5/ADC_IRQ.c **** ********************************************************************************
 176:.\Generated_Source\PSoC5/ADC_IRQ.c **** *
 177:.\Generated_Source\PSoC5/ADC_IRQ.c **** * Summary:
 178:.\Generated_Source\PSoC5/ADC_IRQ.c **** *   Change the ISR vector for the Interrupt. Note calling ADC_IRQ_Start
 179:.\Generated_Source\PSoC5/ADC_IRQ.c **** *   will override any effect this method would have had. To set the vector 
 180:.\Generated_Source\PSoC5/ADC_IRQ.c **** *   before the component has been started use ADC_IRQ_StartEx instead.
 181:.\Generated_Source\PSoC5/ADC_IRQ.c **** * 
 182:.\Generated_Source\PSoC5/ADC_IRQ.c **** *   When defining ISR functions, the CY_ISR and CY_ISR_PROTO macros should be 
 183:.\Generated_Source\PSoC5/ADC_IRQ.c **** *   used to provide consistent definition across compilers:
 184:.\Generated_Source\PSoC5/ADC_IRQ.c **** *
 185:.\Generated_Source\PSoC5/ADC_IRQ.c **** *   Function definition example:
ARM GAS  C:\Users\Ian\AppData\Local\Temp\ccMrEN53.s 			page 5


 186:.\Generated_Source\PSoC5/ADC_IRQ.c **** *   CY_ISR(MyISR)
 187:.\Generated_Source\PSoC5/ADC_IRQ.c **** *   {
 188:.\Generated_Source\PSoC5/ADC_IRQ.c **** *   }
 189:.\Generated_Source\PSoC5/ADC_IRQ.c **** *
 190:.\Generated_Source\PSoC5/ADC_IRQ.c **** *   Function prototype example:
 191:.\Generated_Source\PSoC5/ADC_IRQ.c **** *     CY_ISR_PROTO(MyISR);
 192:.\Generated_Source\PSoC5/ADC_IRQ.c **** *
 193:.\Generated_Source\PSoC5/ADC_IRQ.c **** * Parameters:
 194:.\Generated_Source\PSoC5/ADC_IRQ.c **** *   address: Address of the ISR to set in the interrupt vector table.
 195:.\Generated_Source\PSoC5/ADC_IRQ.c **** *
 196:.\Generated_Source\PSoC5/ADC_IRQ.c **** * Return:
 197:.\Generated_Source\PSoC5/ADC_IRQ.c **** *   None
 198:.\Generated_Source\PSoC5/ADC_IRQ.c **** *
 199:.\Generated_Source\PSoC5/ADC_IRQ.c **** *******************************************************************************/
 200:.\Generated_Source\PSoC5/ADC_IRQ.c **** void ADC_IRQ_SetVector(cyisraddress address)
 201:.\Generated_Source\PSoC5/ADC_IRQ.c **** {
  44              		.loc 1 201 0
  45              		.cfi_startproc
  46              		@ args = 0, pretend = 0, frame = 0
  47              		@ frame_needed = 0, uses_anonymous_args = 0
  48              		@ link register save eliminated.
  49              	.LVL0:
 202:.\Generated_Source\PSoC5/ADC_IRQ.c ****     cyisraddress * ramVectorTable;
 203:.\Generated_Source\PSoC5/ADC_IRQ.c **** 
 204:.\Generated_Source\PSoC5/ADC_IRQ.c ****     ramVectorTable = (cyisraddress *) *CYINT_VECT_TABLE;
  50              		.loc 1 204 0
  51 0000 024B     		ldr	r3, .L3
  52 0002 1B68     		ldr	r3, [r3]
  53              	.LVL1:
 205:.\Generated_Source\PSoC5/ADC_IRQ.c **** 
 206:.\Generated_Source\PSoC5/ADC_IRQ.c ****     ramVectorTable[CYINT_IRQ_BASE + (uint32)ADC_IRQ__INTC_NUMBER] = address;
  54              		.loc 1 206 0
  55 0004 C3F8B400 		str	r0, [r3, #180]
  56 0008 7047     		bx	lr
  57              	.L4:
  58 000a 00BF     		.align	2
  59              	.L3:
  60 000c 08ED00E0 		.word	-536810232
  61              		.cfi_endproc
  62              	.LFE4:
  63              		.size	ADC_IRQ_SetVector, .-ADC_IRQ_SetVector
  64              		.section	.text.ADC_IRQ_GetVector,"ax",%progbits
  65              		.align	2
  66              		.global	ADC_IRQ_GetVector
  67              		.thumb
  68              		.thumb_func
  69              		.type	ADC_IRQ_GetVector, %function
  70              	ADC_IRQ_GetVector:
  71              	.LFB5:
 207:.\Generated_Source\PSoC5/ADC_IRQ.c **** }
 208:.\Generated_Source\PSoC5/ADC_IRQ.c **** 
 209:.\Generated_Source\PSoC5/ADC_IRQ.c **** 
 210:.\Generated_Source\PSoC5/ADC_IRQ.c **** /*******************************************************************************
 211:.\Generated_Source\PSoC5/ADC_IRQ.c **** * Function Name: ADC_IRQ_GetVector
 212:.\Generated_Source\PSoC5/ADC_IRQ.c **** ********************************************************************************
 213:.\Generated_Source\PSoC5/ADC_IRQ.c **** *
 214:.\Generated_Source\PSoC5/ADC_IRQ.c **** * Summary:
ARM GAS  C:\Users\Ian\AppData\Local\Temp\ccMrEN53.s 			page 6


 215:.\Generated_Source\PSoC5/ADC_IRQ.c **** *   Gets the "address" of the current ISR vector for the Interrupt.
 216:.\Generated_Source\PSoC5/ADC_IRQ.c **** *
 217:.\Generated_Source\PSoC5/ADC_IRQ.c **** * Parameters:
 218:.\Generated_Source\PSoC5/ADC_IRQ.c **** *   None
 219:.\Generated_Source\PSoC5/ADC_IRQ.c **** *
 220:.\Generated_Source\PSoC5/ADC_IRQ.c **** * Return:
 221:.\Generated_Source\PSoC5/ADC_IRQ.c **** *   Address of the ISR in the interrupt vector table.
 222:.\Generated_Source\PSoC5/ADC_IRQ.c **** *
 223:.\Generated_Source\PSoC5/ADC_IRQ.c **** *******************************************************************************/
 224:.\Generated_Source\PSoC5/ADC_IRQ.c **** cyisraddress ADC_IRQ_GetVector(void)
 225:.\Generated_Source\PSoC5/ADC_IRQ.c **** {
  72              		.loc 1 225 0
  73              		.cfi_startproc
  74              		@ args = 0, pretend = 0, frame = 0
  75              		@ frame_needed = 0, uses_anonymous_args = 0
  76              		@ link register save eliminated.
 226:.\Generated_Source\PSoC5/ADC_IRQ.c ****     cyisraddress * ramVectorTable;
 227:.\Generated_Source\PSoC5/ADC_IRQ.c **** 
 228:.\Generated_Source\PSoC5/ADC_IRQ.c ****     ramVectorTable = (cyisraddress *) *CYINT_VECT_TABLE;
  77              		.loc 1 228 0
  78 0000 024B     		ldr	r3, .L6
  79 0002 1B68     		ldr	r3, [r3]
  80              	.LVL2:
 229:.\Generated_Source\PSoC5/ADC_IRQ.c **** 
 230:.\Generated_Source\PSoC5/ADC_IRQ.c ****     return ramVectorTable[CYINT_IRQ_BASE + (uint32)ADC_IRQ__INTC_NUMBER];
 231:.\Generated_Source\PSoC5/ADC_IRQ.c **** }
  81              		.loc 1 231 0
  82 0004 D3F8B400 		ldr	r0, [r3, #180]
  83 0008 7047     		bx	lr
  84              	.L7:
  85 000a 00BF     		.align	2
  86              	.L6:
  87 000c 08ED00E0 		.word	-536810232
  88              		.cfi_endproc
  89              	.LFE5:
  90              		.size	ADC_IRQ_GetVector, .-ADC_IRQ_GetVector
  91              		.section	.text.ADC_IRQ_SetPriority,"ax",%progbits
  92              		.align	2
  93              		.global	ADC_IRQ_SetPriority
  94              		.thumb
  95              		.thumb_func
  96              		.type	ADC_IRQ_SetPriority, %function
  97              	ADC_IRQ_SetPriority:
  98              	.LFB6:
 232:.\Generated_Source\PSoC5/ADC_IRQ.c **** 
 233:.\Generated_Source\PSoC5/ADC_IRQ.c **** 
 234:.\Generated_Source\PSoC5/ADC_IRQ.c **** /*******************************************************************************
 235:.\Generated_Source\PSoC5/ADC_IRQ.c **** * Function Name: ADC_IRQ_SetPriority
 236:.\Generated_Source\PSoC5/ADC_IRQ.c **** ********************************************************************************
 237:.\Generated_Source\PSoC5/ADC_IRQ.c **** *
 238:.\Generated_Source\PSoC5/ADC_IRQ.c **** * Summary:
 239:.\Generated_Source\PSoC5/ADC_IRQ.c **** *   Sets the Priority of the Interrupt. 
 240:.\Generated_Source\PSoC5/ADC_IRQ.c **** *
 241:.\Generated_Source\PSoC5/ADC_IRQ.c **** *   Note calling ADC_IRQ_Start or ADC_IRQ_StartEx will 
 242:.\Generated_Source\PSoC5/ADC_IRQ.c **** *   override any effect this API would have had. This API should only be called
 243:.\Generated_Source\PSoC5/ADC_IRQ.c **** *   after ADC_IRQ_Start or ADC_IRQ_StartEx has been called. 
 244:.\Generated_Source\PSoC5/ADC_IRQ.c **** *   To set the initial priority for the component, use the Design-Wide Resources
ARM GAS  C:\Users\Ian\AppData\Local\Temp\ccMrEN53.s 			page 7


 245:.\Generated_Source\PSoC5/ADC_IRQ.c **** *   Interrupt Editor.
 246:.\Generated_Source\PSoC5/ADC_IRQ.c **** *
 247:.\Generated_Source\PSoC5/ADC_IRQ.c **** *   Note This API has no effect on Non-maskable interrupt NMI).
 248:.\Generated_Source\PSoC5/ADC_IRQ.c **** *
 249:.\Generated_Source\PSoC5/ADC_IRQ.c **** * Parameters:
 250:.\Generated_Source\PSoC5/ADC_IRQ.c **** *   priority: Priority of the interrupt, 0 being the highest priority
 251:.\Generated_Source\PSoC5/ADC_IRQ.c **** *             PSoC 3 and PSoC 5LP: Priority is from 0 to 7.
 252:.\Generated_Source\PSoC5/ADC_IRQ.c **** *             PSoC 4: Priority is from 0 to 3.
 253:.\Generated_Source\PSoC5/ADC_IRQ.c **** *
 254:.\Generated_Source\PSoC5/ADC_IRQ.c **** * Return:
 255:.\Generated_Source\PSoC5/ADC_IRQ.c **** *   None
 256:.\Generated_Source\PSoC5/ADC_IRQ.c **** *
 257:.\Generated_Source\PSoC5/ADC_IRQ.c **** *******************************************************************************/
 258:.\Generated_Source\PSoC5/ADC_IRQ.c **** void ADC_IRQ_SetPriority(uint8 priority)
 259:.\Generated_Source\PSoC5/ADC_IRQ.c **** {
  99              		.loc 1 259 0
 100              		.cfi_startproc
 101              		@ args = 0, pretend = 0, frame = 0
 102              		@ frame_needed = 0, uses_anonymous_args = 0
 103              		@ link register save eliminated.
 104              	.LVL3:
 260:.\Generated_Source\PSoC5/ADC_IRQ.c ****     *ADC_IRQ_INTC_PRIOR = priority << 5;
 105              		.loc 1 260 0
 106 0000 4001     		lsls	r0, r0, #5
 107              	.LVL4:
 108 0002 C0B2     		uxtb	r0, r0
 109 0004 014B     		ldr	r3, .L9
 110 0006 1870     		strb	r0, [r3]
 111 0008 7047     		bx	lr
 112              	.L10:
 113 000a 00BF     		.align	2
 114              	.L9:
 115 000c 1DE400E0 		.word	-536812515
 116              		.cfi_endproc
 117              	.LFE6:
 118              		.size	ADC_IRQ_SetPriority, .-ADC_IRQ_SetPriority
 119              		.section	.text.ADC_IRQ_GetPriority,"ax",%progbits
 120              		.align	2
 121              		.global	ADC_IRQ_GetPriority
 122              		.thumb
 123              		.thumb_func
 124              		.type	ADC_IRQ_GetPriority, %function
 125              	ADC_IRQ_GetPriority:
 126              	.LFB7:
 261:.\Generated_Source\PSoC5/ADC_IRQ.c **** }
 262:.\Generated_Source\PSoC5/ADC_IRQ.c **** 
 263:.\Generated_Source\PSoC5/ADC_IRQ.c **** 
 264:.\Generated_Source\PSoC5/ADC_IRQ.c **** /*******************************************************************************
 265:.\Generated_Source\PSoC5/ADC_IRQ.c **** * Function Name: ADC_IRQ_GetPriority
 266:.\Generated_Source\PSoC5/ADC_IRQ.c **** ********************************************************************************
 267:.\Generated_Source\PSoC5/ADC_IRQ.c **** *
 268:.\Generated_Source\PSoC5/ADC_IRQ.c **** * Summary:
 269:.\Generated_Source\PSoC5/ADC_IRQ.c **** *   Gets the Priority of the Interrupt.
 270:.\Generated_Source\PSoC5/ADC_IRQ.c **** *
 271:.\Generated_Source\PSoC5/ADC_IRQ.c **** * Parameters:
 272:.\Generated_Source\PSoC5/ADC_IRQ.c **** *   None
 273:.\Generated_Source\PSoC5/ADC_IRQ.c **** *
ARM GAS  C:\Users\Ian\AppData\Local\Temp\ccMrEN53.s 			page 8


 274:.\Generated_Source\PSoC5/ADC_IRQ.c **** * Return:
 275:.\Generated_Source\PSoC5/ADC_IRQ.c **** *   Priority of the interrupt, 0 being the highest priority
 276:.\Generated_Source\PSoC5/ADC_IRQ.c **** *    PSoC 3 and PSoC 5LP: Priority is from 0 to 7.
 277:.\Generated_Source\PSoC5/ADC_IRQ.c **** *    PSoC 4: Priority is from 0 to 3.
 278:.\Generated_Source\PSoC5/ADC_IRQ.c **** *
 279:.\Generated_Source\PSoC5/ADC_IRQ.c **** *******************************************************************************/
 280:.\Generated_Source\PSoC5/ADC_IRQ.c **** uint8 ADC_IRQ_GetPriority(void)
 281:.\Generated_Source\PSoC5/ADC_IRQ.c **** {
 127              		.loc 1 281 0
 128              		.cfi_startproc
 129              		@ args = 0, pretend = 0, frame = 0
 130              		@ frame_needed = 0, uses_anonymous_args = 0
 131              		@ link register save eliminated.
 282:.\Generated_Source\PSoC5/ADC_IRQ.c ****     uint8 priority;
 283:.\Generated_Source\PSoC5/ADC_IRQ.c **** 
 284:.\Generated_Source\PSoC5/ADC_IRQ.c **** 
 285:.\Generated_Source\PSoC5/ADC_IRQ.c ****     priority = *ADC_IRQ_INTC_PRIOR >> 5;
 132              		.loc 1 285 0
 133 0000 014B     		ldr	r3, .L12
 134 0002 1878     		ldrb	r0, [r3]	@ zero_extendqisi2
 135              	.LVL5:
 286:.\Generated_Source\PSoC5/ADC_IRQ.c **** 
 287:.\Generated_Source\PSoC5/ADC_IRQ.c ****     return priority;
 288:.\Generated_Source\PSoC5/ADC_IRQ.c **** }
 136              		.loc 1 288 0
 137 0004 4009     		lsrs	r0, r0, #5
 138              	.LVL6:
 139 0006 7047     		bx	lr
 140              	.L13:
 141              		.align	2
 142              	.L12:
 143 0008 1DE400E0 		.word	-536812515
 144              		.cfi_endproc
 145              	.LFE7:
 146              		.size	ADC_IRQ_GetPriority, .-ADC_IRQ_GetPriority
 147              		.section	.text.ADC_IRQ_Enable,"ax",%progbits
 148              		.align	2
 149              		.global	ADC_IRQ_Enable
 150              		.thumb
 151              		.thumb_func
 152              		.type	ADC_IRQ_Enable, %function
 153              	ADC_IRQ_Enable:
 154              	.LFB8:
 289:.\Generated_Source\PSoC5/ADC_IRQ.c **** 
 290:.\Generated_Source\PSoC5/ADC_IRQ.c **** 
 291:.\Generated_Source\PSoC5/ADC_IRQ.c **** /*******************************************************************************
 292:.\Generated_Source\PSoC5/ADC_IRQ.c **** * Function Name: ADC_IRQ_Enable
 293:.\Generated_Source\PSoC5/ADC_IRQ.c **** ********************************************************************************
 294:.\Generated_Source\PSoC5/ADC_IRQ.c **** *
 295:.\Generated_Source\PSoC5/ADC_IRQ.c **** * Summary:
 296:.\Generated_Source\PSoC5/ADC_IRQ.c **** *   Enables the interrupt to the interrupt controller. Do not call this function
 297:.\Generated_Source\PSoC5/ADC_IRQ.c **** *   unless ISR_Start() has been called or the functionality of the ISR_Start() 
 298:.\Generated_Source\PSoC5/ADC_IRQ.c **** *   function, which sets the vector and the priority, has been called.
 299:.\Generated_Source\PSoC5/ADC_IRQ.c **** *
 300:.\Generated_Source\PSoC5/ADC_IRQ.c **** * Parameters:
 301:.\Generated_Source\PSoC5/ADC_IRQ.c **** *   None
 302:.\Generated_Source\PSoC5/ADC_IRQ.c **** *
ARM GAS  C:\Users\Ian\AppData\Local\Temp\ccMrEN53.s 			page 9


 303:.\Generated_Source\PSoC5/ADC_IRQ.c **** * Return:
 304:.\Generated_Source\PSoC5/ADC_IRQ.c **** *   None
 305:.\Generated_Source\PSoC5/ADC_IRQ.c **** *
 306:.\Generated_Source\PSoC5/ADC_IRQ.c **** *******************************************************************************/
 307:.\Generated_Source\PSoC5/ADC_IRQ.c **** void ADC_IRQ_Enable(void)
 308:.\Generated_Source\PSoC5/ADC_IRQ.c **** {
 155              		.loc 1 308 0
 156              		.cfi_startproc
 157              		@ args = 0, pretend = 0, frame = 0
 158              		@ frame_needed = 0, uses_anonymous_args = 0
 159              		@ link register save eliminated.
 309:.\Generated_Source\PSoC5/ADC_IRQ.c ****     /* Enable the general interrupt. */
 310:.\Generated_Source\PSoC5/ADC_IRQ.c ****     *ADC_IRQ_INTC_SET_EN = ADC_IRQ__INTC_MASK;
 160              		.loc 1 310 0
 161 0000 4FF00052 		mov	r2, #536870912
 162 0004 014B     		ldr	r3, .L15
 163 0006 1A60     		str	r2, [r3]
 164 0008 7047     		bx	lr
 165              	.L16:
 166 000a 00BF     		.align	2
 167              	.L15:
 168 000c 00E100E0 		.word	-536813312
 169              		.cfi_endproc
 170              	.LFE8:
 171              		.size	ADC_IRQ_Enable, .-ADC_IRQ_Enable
 172              		.section	.text.ADC_IRQ_GetState,"ax",%progbits
 173              		.align	2
 174              		.global	ADC_IRQ_GetState
 175              		.thumb
 176              		.thumb_func
 177              		.type	ADC_IRQ_GetState, %function
 178              	ADC_IRQ_GetState:
 179              	.LFB9:
 311:.\Generated_Source\PSoC5/ADC_IRQ.c **** }
 312:.\Generated_Source\PSoC5/ADC_IRQ.c **** 
 313:.\Generated_Source\PSoC5/ADC_IRQ.c **** 
 314:.\Generated_Source\PSoC5/ADC_IRQ.c **** /*******************************************************************************
 315:.\Generated_Source\PSoC5/ADC_IRQ.c **** * Function Name: ADC_IRQ_GetState
 316:.\Generated_Source\PSoC5/ADC_IRQ.c **** ********************************************************************************
 317:.\Generated_Source\PSoC5/ADC_IRQ.c **** *
 318:.\Generated_Source\PSoC5/ADC_IRQ.c **** * Summary:
 319:.\Generated_Source\PSoC5/ADC_IRQ.c **** *   Gets the state (enabled, disabled) of the Interrupt.
 320:.\Generated_Source\PSoC5/ADC_IRQ.c **** *
 321:.\Generated_Source\PSoC5/ADC_IRQ.c **** * Parameters:
 322:.\Generated_Source\PSoC5/ADC_IRQ.c **** *   None
 323:.\Generated_Source\PSoC5/ADC_IRQ.c **** *
 324:.\Generated_Source\PSoC5/ADC_IRQ.c **** * Return:
 325:.\Generated_Source\PSoC5/ADC_IRQ.c **** *   1 if enabled, 0 if disabled.
 326:.\Generated_Source\PSoC5/ADC_IRQ.c **** *
 327:.\Generated_Source\PSoC5/ADC_IRQ.c **** *******************************************************************************/
 328:.\Generated_Source\PSoC5/ADC_IRQ.c **** uint8 ADC_IRQ_GetState(void)
 329:.\Generated_Source\PSoC5/ADC_IRQ.c **** {
 180              		.loc 1 329 0
 181              		.cfi_startproc
 182              		@ args = 0, pretend = 0, frame = 0
 183              		@ frame_needed = 0, uses_anonymous_args = 0
 184              		@ link register save eliminated.
ARM GAS  C:\Users\Ian\AppData\Local\Temp\ccMrEN53.s 			page 10


 330:.\Generated_Source\PSoC5/ADC_IRQ.c ****     /* Get the state of the general interrupt. */
 331:.\Generated_Source\PSoC5/ADC_IRQ.c ****     return ((*ADC_IRQ_INTC_SET_EN & (uint32)ADC_IRQ__INTC_MASK) != 0u) ? 1u:0u;
 185              		.loc 1 331 0
 186 0000 044B     		ldr	r3, .L20
 187 0002 1B68     		ldr	r3, [r3]
 188 0004 13F0005F 		tst	r3, #536870912
 189 0008 01D0     		beq	.L19
 190 000a 0120     		movs	r0, #1
 191 000c 7047     		bx	lr
 192              	.L19:
 193 000e 0020     		movs	r0, #0
 332:.\Generated_Source\PSoC5/ADC_IRQ.c **** }
 194              		.loc 1 332 0
 195 0010 7047     		bx	lr
 196              	.L21:
 197 0012 00BF     		.align	2
 198              	.L20:
 199 0014 00E100E0 		.word	-536813312
 200              		.cfi_endproc
 201              	.LFE9:
 202              		.size	ADC_IRQ_GetState, .-ADC_IRQ_GetState
 203              		.section	.text.ADC_IRQ_Disable,"ax",%progbits
 204              		.align	2
 205              		.global	ADC_IRQ_Disable
 206              		.thumb
 207              		.thumb_func
 208              		.type	ADC_IRQ_Disable, %function
 209              	ADC_IRQ_Disable:
 210              	.LFB10:
 333:.\Generated_Source\PSoC5/ADC_IRQ.c **** 
 334:.\Generated_Source\PSoC5/ADC_IRQ.c **** 
 335:.\Generated_Source\PSoC5/ADC_IRQ.c **** /*******************************************************************************
 336:.\Generated_Source\PSoC5/ADC_IRQ.c **** * Function Name: ADC_IRQ_Disable
 337:.\Generated_Source\PSoC5/ADC_IRQ.c **** ********************************************************************************
 338:.\Generated_Source\PSoC5/ADC_IRQ.c **** *
 339:.\Generated_Source\PSoC5/ADC_IRQ.c **** * Summary:
 340:.\Generated_Source\PSoC5/ADC_IRQ.c **** *   Disables the Interrupt in the interrupt controller.
 341:.\Generated_Source\PSoC5/ADC_IRQ.c **** *
 342:.\Generated_Source\PSoC5/ADC_IRQ.c **** * Parameters:
 343:.\Generated_Source\PSoC5/ADC_IRQ.c **** *   None
 344:.\Generated_Source\PSoC5/ADC_IRQ.c **** *
 345:.\Generated_Source\PSoC5/ADC_IRQ.c **** * Return:
 346:.\Generated_Source\PSoC5/ADC_IRQ.c **** *   None
 347:.\Generated_Source\PSoC5/ADC_IRQ.c **** *
 348:.\Generated_Source\PSoC5/ADC_IRQ.c **** *******************************************************************************/
 349:.\Generated_Source\PSoC5/ADC_IRQ.c **** void ADC_IRQ_Disable(void)
 350:.\Generated_Source\PSoC5/ADC_IRQ.c **** {
 211              		.loc 1 350 0
 212              		.cfi_startproc
 213              		@ args = 0, pretend = 0, frame = 0
 214              		@ frame_needed = 0, uses_anonymous_args = 0
 215              		@ link register save eliminated.
 351:.\Generated_Source\PSoC5/ADC_IRQ.c ****     /* Disable the general interrupt. */
 352:.\Generated_Source\PSoC5/ADC_IRQ.c ****     *ADC_IRQ_INTC_CLR_EN = ADC_IRQ__INTC_MASK;
 216              		.loc 1 352 0
 217 0000 4FF00052 		mov	r2, #536870912
 218 0004 014B     		ldr	r3, .L23
ARM GAS  C:\Users\Ian\AppData\Local\Temp\ccMrEN53.s 			page 11


 219 0006 1A60     		str	r2, [r3]
 220 0008 7047     		bx	lr
 221              	.L24:
 222 000a 00BF     		.align	2
 223              	.L23:
 224 000c 80E100E0 		.word	-536813184
 225              		.cfi_endproc
 226              	.LFE10:
 227              		.size	ADC_IRQ_Disable, .-ADC_IRQ_Disable
 228              		.section	.text.ADC_IRQ_Start,"ax",%progbits
 229              		.align	2
 230              		.global	ADC_IRQ_Start
 231              		.thumb
 232              		.thumb_func
 233              		.type	ADC_IRQ_Start, %function
 234              	ADC_IRQ_Start:
 235              	.LFB0:
  62:.\Generated_Source\PSoC5/ADC_IRQ.c ****     /* For all we know the interrupt is active. */
 236              		.loc 1 62 0
 237              		.cfi_startproc
 238              		@ args = 0, pretend = 0, frame = 0
 239              		@ frame_needed = 0, uses_anonymous_args = 0
 240 0000 08B5     		push	{r3, lr}
 241              		.cfi_def_cfa_offset 8
 242              		.cfi_offset 3, -8
 243              		.cfi_offset 14, -4
  64:.\Generated_Source\PSoC5/ADC_IRQ.c **** 
 244              		.loc 1 64 0
 245 0002 FFF7FEFF 		bl	ADC_IRQ_Disable
 246              	.LVL7:
  67:.\Generated_Source\PSoC5/ADC_IRQ.c **** 
 247              		.loc 1 67 0
 248 0006 0448     		ldr	r0, .L27
 249 0008 FFF7FEFF 		bl	ADC_IRQ_SetVector
 250              	.LVL8:
  70:.\Generated_Source\PSoC5/ADC_IRQ.c **** 
 251              		.loc 1 70 0
 252 000c 0720     		movs	r0, #7
 253 000e FFF7FEFF 		bl	ADC_IRQ_SetPriority
 254              	.LVL9:
  73:.\Generated_Source\PSoC5/ADC_IRQ.c **** }
 255              		.loc 1 73 0
 256 0012 FFF7FEFF 		bl	ADC_IRQ_Enable
 257              	.LVL10:
 258 0016 08BD     		pop	{r3, pc}
 259              	.L28:
 260              		.align	2
 261              	.L27:
 262 0018 00000000 		.word	ADC_IRQ_Interrupt
 263              		.cfi_endproc
 264              	.LFE0:
 265              		.size	ADC_IRQ_Start, .-ADC_IRQ_Start
 266              		.section	.text.ADC_IRQ_StartEx,"ax",%progbits
 267              		.align	2
 268              		.global	ADC_IRQ_StartEx
 269              		.thumb
 270              		.thumb_func
ARM GAS  C:\Users\Ian\AppData\Local\Temp\ccMrEN53.s 			page 12


 271              		.type	ADC_IRQ_StartEx, %function
 272              	ADC_IRQ_StartEx:
 273              	.LFB1:
 105:.\Generated_Source\PSoC5/ADC_IRQ.c ****     /* For all we know the interrupt is active. */
 274              		.loc 1 105 0
 275              		.cfi_startproc
 276              		@ args = 0, pretend = 0, frame = 0
 277              		@ frame_needed = 0, uses_anonymous_args = 0
 278              	.LVL11:
 279 0000 10B5     		push	{r4, lr}
 280              		.cfi_def_cfa_offset 8
 281              		.cfi_offset 4, -8
 282              		.cfi_offset 14, -4
 283 0002 0446     		mov	r4, r0
 107:.\Generated_Source\PSoC5/ADC_IRQ.c **** 
 284              		.loc 1 107 0
 285 0004 FFF7FEFF 		bl	ADC_IRQ_Disable
 286              	.LVL12:
 110:.\Generated_Source\PSoC5/ADC_IRQ.c **** 
 287              		.loc 1 110 0
 288 0008 2046     		mov	r0, r4
 289 000a FFF7FEFF 		bl	ADC_IRQ_SetVector
 290              	.LVL13:
 113:.\Generated_Source\PSoC5/ADC_IRQ.c **** 
 291              		.loc 1 113 0
 292 000e 0720     		movs	r0, #7
 293 0010 FFF7FEFF 		bl	ADC_IRQ_SetPriority
 294              	.LVL14:
 116:.\Generated_Source\PSoC5/ADC_IRQ.c **** }
 295              		.loc 1 116 0
 296 0014 FFF7FEFF 		bl	ADC_IRQ_Enable
 297              	.LVL15:
 298 0018 10BD     		pop	{r4, pc}
 299              		.cfi_endproc
 300              	.LFE1:
 301              		.size	ADC_IRQ_StartEx, .-ADC_IRQ_StartEx
 302 001a 00BF     		.section	.text.ADC_IRQ_Stop,"ax",%progbits
 303              		.align	2
 304              		.global	ADC_IRQ_Stop
 305              		.thumb
 306              		.thumb_func
 307              		.type	ADC_IRQ_Stop, %function
 308              	ADC_IRQ_Stop:
 309              	.LFB2:
 135:.\Generated_Source\PSoC5/ADC_IRQ.c ****     /* Disable this interrupt. */
 310              		.loc 1 135 0
 311              		.cfi_startproc
 312              		@ args = 0, pretend = 0, frame = 0
 313              		@ frame_needed = 0, uses_anonymous_args = 0
 314 0000 08B5     		push	{r3, lr}
 315              		.cfi_def_cfa_offset 8
 316              		.cfi_offset 3, -8
 317              		.cfi_offset 14, -4
 137:.\Generated_Source\PSoC5/ADC_IRQ.c **** 
 318              		.loc 1 137 0
 319 0002 FFF7FEFF 		bl	ADC_IRQ_Disable
 320              	.LVL16:
ARM GAS  C:\Users\Ian\AppData\Local\Temp\ccMrEN53.s 			page 13


 140:.\Generated_Source\PSoC5/ADC_IRQ.c **** }
 321              		.loc 1 140 0
 322 0006 0248     		ldr	r0, .L33
 323 0008 FFF7FEFF 		bl	ADC_IRQ_SetVector
 324              	.LVL17:
 325 000c 08BD     		pop	{r3, pc}
 326              	.L34:
 327 000e 00BF     		.align	2
 328              	.L33:
 329 0010 00000000 		.word	IntDefaultHandler
 330              		.cfi_endproc
 331              	.LFE2:
 332              		.size	ADC_IRQ_Stop, .-ADC_IRQ_Stop
 333              		.section	.text.ADC_IRQ_SetPending,"ax",%progbits
 334              		.align	2
 335              		.global	ADC_IRQ_SetPending
 336              		.thumb
 337              		.thumb_func
 338              		.type	ADC_IRQ_SetPending, %function
 339              	ADC_IRQ_SetPending:
 340              	.LFB11:
 353:.\Generated_Source\PSoC5/ADC_IRQ.c **** }
 354:.\Generated_Source\PSoC5/ADC_IRQ.c **** 
 355:.\Generated_Source\PSoC5/ADC_IRQ.c **** 
 356:.\Generated_Source\PSoC5/ADC_IRQ.c **** /*******************************************************************************
 357:.\Generated_Source\PSoC5/ADC_IRQ.c **** * Function Name: ADC_IRQ_SetPending
 358:.\Generated_Source\PSoC5/ADC_IRQ.c **** ********************************************************************************
 359:.\Generated_Source\PSoC5/ADC_IRQ.c **** *
 360:.\Generated_Source\PSoC5/ADC_IRQ.c **** * Summary:
 361:.\Generated_Source\PSoC5/ADC_IRQ.c **** *   Causes the Interrupt to enter the pending state, a software method of
 362:.\Generated_Source\PSoC5/ADC_IRQ.c **** *   generating the interrupt.
 363:.\Generated_Source\PSoC5/ADC_IRQ.c **** *
 364:.\Generated_Source\PSoC5/ADC_IRQ.c **** * Parameters:
 365:.\Generated_Source\PSoC5/ADC_IRQ.c **** *   None
 366:.\Generated_Source\PSoC5/ADC_IRQ.c **** *
 367:.\Generated_Source\PSoC5/ADC_IRQ.c **** * Return:
 368:.\Generated_Source\PSoC5/ADC_IRQ.c **** *   None
 369:.\Generated_Source\PSoC5/ADC_IRQ.c **** *
 370:.\Generated_Source\PSoC5/ADC_IRQ.c **** * Side Effects:
 371:.\Generated_Source\PSoC5/ADC_IRQ.c **** *   If interrupts are enabled and the interrupt is set up properly, the ISR is
 372:.\Generated_Source\PSoC5/ADC_IRQ.c **** *   entered (depending on the priority of this interrupt and other pending 
 373:.\Generated_Source\PSoC5/ADC_IRQ.c **** *   interrupts).
 374:.\Generated_Source\PSoC5/ADC_IRQ.c **** *
 375:.\Generated_Source\PSoC5/ADC_IRQ.c **** *******************************************************************************/
 376:.\Generated_Source\PSoC5/ADC_IRQ.c **** void ADC_IRQ_SetPending(void)
 377:.\Generated_Source\PSoC5/ADC_IRQ.c **** {
 341              		.loc 1 377 0
 342              		.cfi_startproc
 343              		@ args = 0, pretend = 0, frame = 0
 344              		@ frame_needed = 0, uses_anonymous_args = 0
 345              		@ link register save eliminated.
 378:.\Generated_Source\PSoC5/ADC_IRQ.c ****     *ADC_IRQ_INTC_SET_PD = ADC_IRQ__INTC_MASK;
 346              		.loc 1 378 0
 347 0000 4FF00052 		mov	r2, #536870912
 348 0004 014B     		ldr	r3, .L36
 349 0006 1A60     		str	r2, [r3]
 350 0008 7047     		bx	lr
ARM GAS  C:\Users\Ian\AppData\Local\Temp\ccMrEN53.s 			page 14


 351              	.L37:
 352 000a 00BF     		.align	2
 353              	.L36:
 354 000c 00E200E0 		.word	-536813056
 355              		.cfi_endproc
 356              	.LFE11:
 357              		.size	ADC_IRQ_SetPending, .-ADC_IRQ_SetPending
 358              		.section	.text.ADC_IRQ_ClearPending,"ax",%progbits
 359              		.align	2
 360              		.global	ADC_IRQ_ClearPending
 361              		.thumb
 362              		.thumb_func
 363              		.type	ADC_IRQ_ClearPending, %function
 364              	ADC_IRQ_ClearPending:
 365              	.LFB12:
 379:.\Generated_Source\PSoC5/ADC_IRQ.c **** }
 380:.\Generated_Source\PSoC5/ADC_IRQ.c **** 
 381:.\Generated_Source\PSoC5/ADC_IRQ.c **** 
 382:.\Generated_Source\PSoC5/ADC_IRQ.c **** /*******************************************************************************
 383:.\Generated_Source\PSoC5/ADC_IRQ.c **** * Function Name: ADC_IRQ_ClearPending
 384:.\Generated_Source\PSoC5/ADC_IRQ.c **** ********************************************************************************
 385:.\Generated_Source\PSoC5/ADC_IRQ.c **** *
 386:.\Generated_Source\PSoC5/ADC_IRQ.c **** * Summary:
 387:.\Generated_Source\PSoC5/ADC_IRQ.c **** *   Clears a pending interrupt in the interrupt controller.
 388:.\Generated_Source\PSoC5/ADC_IRQ.c **** *
 389:.\Generated_Source\PSoC5/ADC_IRQ.c **** *   Note Some interrupt sources are clear-on-read and require the block 
 390:.\Generated_Source\PSoC5/ADC_IRQ.c **** *   interrupt/status register to be read/cleared with the appropriate block API 
 391:.\Generated_Source\PSoC5/ADC_IRQ.c **** *   (GPIO, UART, and so on). Otherwise the ISR will continue to remain in 
 392:.\Generated_Source\PSoC5/ADC_IRQ.c **** *   pending state even though the interrupt itself is cleared using this API.
 393:.\Generated_Source\PSoC5/ADC_IRQ.c **** *
 394:.\Generated_Source\PSoC5/ADC_IRQ.c **** * Parameters:
 395:.\Generated_Source\PSoC5/ADC_IRQ.c **** *   None
 396:.\Generated_Source\PSoC5/ADC_IRQ.c **** *
 397:.\Generated_Source\PSoC5/ADC_IRQ.c **** * Return:
 398:.\Generated_Source\PSoC5/ADC_IRQ.c **** *   None
 399:.\Generated_Source\PSoC5/ADC_IRQ.c **** *
 400:.\Generated_Source\PSoC5/ADC_IRQ.c **** *******************************************************************************/
 401:.\Generated_Source\PSoC5/ADC_IRQ.c **** void ADC_IRQ_ClearPending(void)
 402:.\Generated_Source\PSoC5/ADC_IRQ.c **** {
 366              		.loc 1 402 0
 367              		.cfi_startproc
 368              		@ args = 0, pretend = 0, frame = 0
 369              		@ frame_needed = 0, uses_anonymous_args = 0
 370              		@ link register save eliminated.
 403:.\Generated_Source\PSoC5/ADC_IRQ.c ****     *ADC_IRQ_INTC_CLR_PD = ADC_IRQ__INTC_MASK;
 371              		.loc 1 403 0
 372 0000 4FF00052 		mov	r2, #536870912
 373 0004 014B     		ldr	r3, .L39
 374 0006 1A60     		str	r2, [r3]
 375 0008 7047     		bx	lr
 376              	.L40:
 377 000a 00BF     		.align	2
 378              	.L39:
 379 000c 80E200E0 		.word	-536812928
 380              		.cfi_endproc
 381              	.LFE12:
 382              		.size	ADC_IRQ_ClearPending, .-ADC_IRQ_ClearPending
ARM GAS  C:\Users\Ian\AppData\Local\Temp\ccMrEN53.s 			page 15


 383              		.text
 384              	.Letext0:
 385              		.file 2 "Generated_Source\\PSoC5/cytypes.h"
 386              		.section	.debug_info,"",%progbits
 387              	.Ldebug_info0:
 388 0000 C3020000 		.4byte	0x2c3
 389 0004 0400     		.2byte	0x4
 390 0006 00000000 		.4byte	.Ldebug_abbrev0
 391 000a 04       		.byte	0x4
 392 000b 01       		.uleb128 0x1
 393 000c 10010000 		.4byte	.LASF33
 394 0010 01       		.byte	0x1
 395 0011 D2000000 		.4byte	.LASF34
 396 0015 12020000 		.4byte	.LASF35
 397 0019 00000000 		.4byte	.Ldebug_ranges0+0
 398 001d 00000000 		.4byte	0
 399 0021 00000000 		.4byte	.Ldebug_line0
 400 0025 02       		.uleb128 0x2
 401 0026 04       		.byte	0x4
 402 0027 05       		.byte	0x5
 403 0028 696E7400 		.ascii	"int\000"
 404 002c 03       		.uleb128 0x3
 405 002d 04       		.byte	0x4
 406 002e 07       		.byte	0x7
 407 002f 9E010000 		.4byte	.LASF0
 408 0033 03       		.uleb128 0x3
 409 0034 01       		.byte	0x1
 410 0035 06       		.byte	0x6
 411 0036 A4020000 		.4byte	.LASF1
 412 003a 03       		.uleb128 0x3
 413 003b 01       		.byte	0x1
 414 003c 08       		.byte	0x8
 415 003d 61000000 		.4byte	.LASF2
 416 0041 03       		.uleb128 0x3
 417 0042 02       		.byte	0x2
 418 0043 05       		.byte	0x5
 419 0044 6F020000 		.4byte	.LASF3
 420 0048 03       		.uleb128 0x3
 421 0049 02       		.byte	0x2
 422 004a 07       		.byte	0x7
 423 004b 13000000 		.4byte	.LASF4
 424 004f 03       		.uleb128 0x3
 425 0050 04       		.byte	0x4
 426 0051 05       		.byte	0x5
 427 0052 9B020000 		.4byte	.LASF5
 428 0056 03       		.uleb128 0x3
 429 0057 04       		.byte	0x4
 430 0058 07       		.byte	0x7
 431 0059 74000000 		.4byte	.LASF6
 432 005d 03       		.uleb128 0x3
 433 005e 08       		.byte	0x8
 434 005f 05       		.byte	0x5
 435 0060 F0010000 		.4byte	.LASF7
 436 0064 03       		.uleb128 0x3
 437 0065 08       		.byte	0x8
 438 0066 07       		.byte	0x7
 439 0067 B3010000 		.4byte	.LASF8
ARM GAS  C:\Users\Ian\AppData\Local\Temp\ccMrEN53.s 			page 16


 440 006b 03       		.uleb128 0x3
 441 006c 04       		.byte	0x4
 442 006d 07       		.byte	0x7
 443 006e E7010000 		.4byte	.LASF9
 444 0072 04       		.uleb128 0x4
 445 0073 04       		.byte	0x4
 446 0074 78000000 		.4byte	0x78
 447 0078 05       		.uleb128 0x5
 448 0079 03       		.uleb128 0x3
 449 007a 01       		.byte	0x1
 450 007b 08       		.byte	0x8
 451 007c FE010000 		.4byte	.LASF10
 452 0080 06       		.uleb128 0x6
 453 0081 86000000 		.4byte	.LASF11
 454 0085 02       		.byte	0x2
 455 0086 5B       		.byte	0x5b
 456 0087 3A000000 		.4byte	0x3a
 457 008b 06       		.uleb128 0x6
 458 008c 09010000 		.4byte	.LASF12
 459 0090 02       		.byte	0x2
 460 0091 5D       		.byte	0x5d
 461 0092 56000000 		.4byte	0x56
 462 0096 03       		.uleb128 0x3
 463 0097 04       		.byte	0x4
 464 0098 04       		.byte	0x4
 465 0099 5B000000 		.4byte	.LASF13
 466 009d 03       		.uleb128 0x3
 467 009e 08       		.byte	0x8
 468 009f 04       		.byte	0x4
 469 00a0 BD000000 		.4byte	.LASF14
 470 00a4 06       		.uleb128 0x6
 471 00a5 6F000000 		.4byte	.LASF15
 472 00a9 02       		.byte	0x2
 473 00aa F0       		.byte	0xf0
 474 00ab AF000000 		.4byte	0xaf
 475 00af 07       		.uleb128 0x7
 476 00b0 80000000 		.4byte	0x80
 477 00b4 06       		.uleb128 0x6
 478 00b5 00000000 		.4byte	.LASF16
 479 00b9 02       		.byte	0x2
 480 00ba F2       		.byte	0xf2
 481 00bb BF000000 		.4byte	0xbf
 482 00bf 07       		.uleb128 0x7
 483 00c0 8B000000 		.4byte	0x8b
 484 00c4 08       		.uleb128 0x8
 485 00c5 CA010000 		.4byte	.LASF17
 486 00c9 02       		.byte	0x2
 487 00ca 0201     		.2byte	0x102
 488 00cc 72000000 		.4byte	0x72
 489 00d0 09       		.uleb128 0x9
 490 00d1 49000000 		.4byte	.LASF25
 491 00d5 01       		.byte	0x1
 492 00d6 A0       		.byte	0xa0
 493 00d7 00000000 		.4byte	.LFB3
 494 00db 02000000 		.4byte	.LFE3-.LFB3
 495 00df 01       		.uleb128 0x1
 496 00e0 9C       		.byte	0x9c
ARM GAS  C:\Users\Ian\AppData\Local\Temp\ccMrEN53.s 			page 17


 497 00e1 0A       		.uleb128 0xa
 498 00e2 89020000 		.4byte	.LASF19
 499 00e6 01       		.byte	0x1
 500 00e7 C8       		.byte	0xc8
 501 00e8 00000000 		.4byte	.LFB4
 502 00ec 10000000 		.4byte	.LFE4-.LFB4
 503 00f0 01       		.uleb128 0x1
 504 00f1 9C       		.byte	0x9c
 505 00f2 11010000 		.4byte	0x111
 506 00f6 0B       		.uleb128 0xb
 507 00f7 AB010000 		.4byte	.LASF21
 508 00fb 01       		.byte	0x1
 509 00fc C8       		.byte	0xc8
 510 00fd C4000000 		.4byte	0xc4
 511 0101 01       		.uleb128 0x1
 512 0102 50       		.byte	0x50
 513 0103 0C       		.uleb128 0xc
 514 0104 03020000 		.4byte	.LASF18
 515 0108 01       		.byte	0x1
 516 0109 CA       		.byte	0xca
 517 010a 11010000 		.4byte	0x111
 518 010e 01       		.uleb128 0x1
 519 010f 53       		.byte	0x53
 520 0110 00       		.byte	0
 521 0111 04       		.uleb128 0x4
 522 0112 04       		.byte	0x4
 523 0113 C4000000 		.4byte	0xc4
 524 0117 0D       		.uleb128 0xd
 525 0118 37000000 		.4byte	.LASF23
 526 011c 01       		.byte	0x1
 527 011d E0       		.byte	0xe0
 528 011e C4000000 		.4byte	0xc4
 529 0122 00000000 		.4byte	.LFB5
 530 0126 10000000 		.4byte	.LFE5-.LFB5
 531 012a 01       		.uleb128 0x1
 532 012b 9C       		.byte	0x9c
 533 012c 3E010000 		.4byte	0x13e
 534 0130 0C       		.uleb128 0xc
 535 0131 03020000 		.4byte	.LASF18
 536 0135 01       		.byte	0x1
 537 0136 E2       		.byte	0xe2
 538 0137 11010000 		.4byte	0x111
 539 013b 01       		.uleb128 0x1
 540 013c 53       		.byte	0x53
 541 013d 00       		.byte	0
 542 013e 0E       		.uleb128 0xe
 543 013f B0020000 		.4byte	.LASF20
 544 0143 01       		.byte	0x1
 545 0144 0201     		.2byte	0x102
 546 0146 00000000 		.4byte	.LFB6
 547 014a 10000000 		.4byte	.LFE6-.LFB6
 548 014e 01       		.uleb128 0x1
 549 014f 9C       		.byte	0x9c
 550 0150 65010000 		.4byte	0x165
 551 0154 0F       		.uleb128 0xf
 552 0155 8C000000 		.4byte	.LASF22
 553 0159 01       		.byte	0x1
ARM GAS  C:\Users\Ian\AppData\Local\Temp\ccMrEN53.s 			page 18


 554 015a 0201     		.2byte	0x102
 555 015c 80000000 		.4byte	0x80
 556 0160 00000000 		.4byte	.LLST0
 557 0164 00       		.byte	0
 558 0165 10       		.uleb128 0x10
 559 0166 F5000000 		.4byte	.LASF24
 560 016a 01       		.byte	0x1
 561 016b 1801     		.2byte	0x118
 562 016d 80000000 		.4byte	0x80
 563 0171 00000000 		.4byte	.LFB7
 564 0175 0C000000 		.4byte	.LFE7-.LFB7
 565 0179 01       		.uleb128 0x1
 566 017a 9C       		.byte	0x9c
 567 017b 90010000 		.4byte	0x190
 568 017f 11       		.uleb128 0x11
 569 0180 8C000000 		.4byte	.LASF22
 570 0184 01       		.byte	0x1
 571 0185 1A01     		.2byte	0x11a
 572 0187 80000000 		.4byte	0x80
 573 018b 21000000 		.4byte	.LLST1
 574 018f 00       		.byte	0
 575 0190 12       		.uleb128 0x12
 576 0191 C4020000 		.4byte	.LASF26
 577 0195 01       		.byte	0x1
 578 0196 3301     		.2byte	0x133
 579 0198 00000000 		.4byte	.LFB8
 580 019c 10000000 		.4byte	.LFE8-.LFB8
 581 01a0 01       		.uleb128 0x1
 582 01a1 9C       		.byte	0x9c
 583 01a2 13       		.uleb128 0x13
 584 01a3 26000000 		.4byte	.LASF36
 585 01a7 01       		.byte	0x1
 586 01a8 4801     		.2byte	0x148
 587 01aa 80000000 		.4byte	0x80
 588 01ae 00000000 		.4byte	.LFB9
 589 01b2 18000000 		.4byte	.LFE9-.LFB9
 590 01b6 01       		.uleb128 0x1
 591 01b7 9C       		.byte	0x9c
 592 01b8 12       		.uleb128 0x12
 593 01b9 79020000 		.4byte	.LASF27
 594 01bd 01       		.byte	0x1
 595 01be 5D01     		.2byte	0x15d
 596 01c0 00000000 		.4byte	.LFB10
 597 01c4 10000000 		.4byte	.LFE10-.LFB10
 598 01c8 01       		.uleb128 0x1
 599 01c9 9C       		.byte	0x9c
 600 01ca 0A       		.uleb128 0xa
 601 01cb C4000000 		.4byte	.LASF28
 602 01cf 01       		.byte	0x1
 603 01d0 3D       		.byte	0x3d
 604 01d1 00000000 		.4byte	.LFB0
 605 01d5 1C000000 		.4byte	.LFE0-.LFB0
 606 01d9 01       		.uleb128 0x1
 607 01da 9C       		.byte	0x9c
 608 01db 1C020000 		.4byte	0x21c
 609 01df 14       		.uleb128 0x14
 610 01e0 06000000 		.4byte	.LVL7
ARM GAS  C:\Users\Ian\AppData\Local\Temp\ccMrEN53.s 			page 19


 611 01e4 B8010000 		.4byte	0x1b8
 612 01e8 15       		.uleb128 0x15
 613 01e9 0C000000 		.4byte	.LVL8
 614 01ed E1000000 		.4byte	0xe1
 615 01f1 FF010000 		.4byte	0x1ff
 616 01f5 16       		.uleb128 0x16
 617 01f6 01       		.uleb128 0x1
 618 01f7 50       		.byte	0x50
 619 01f8 05       		.uleb128 0x5
 620 01f9 03       		.byte	0x3
 621 01fa 00000000 		.4byte	ADC_IRQ_Interrupt
 622 01fe 00       		.byte	0
 623 01ff 15       		.uleb128 0x15
 624 0200 12000000 		.4byte	.LVL9
 625 0204 3E010000 		.4byte	0x13e
 626 0208 12020000 		.4byte	0x212
 627 020c 16       		.uleb128 0x16
 628 020d 01       		.uleb128 0x1
 629 020e 50       		.byte	0x50
 630 020f 01       		.uleb128 0x1
 631 0210 37       		.byte	0x37
 632 0211 00       		.byte	0
 633 0212 14       		.uleb128 0x14
 634 0213 16000000 		.4byte	.LVL10
 635 0217 90010000 		.4byte	0x190
 636 021b 00       		.byte	0
 637 021c 0A       		.uleb128 0xa
 638 021d D7010000 		.4byte	.LASF29
 639 0221 01       		.byte	0x1
 640 0222 68       		.byte	0x68
 641 0223 00000000 		.4byte	.LFB1
 642 0227 1A000000 		.4byte	.LFE1-.LFB1
 643 022b 01       		.uleb128 0x1
 644 022c 9C       		.byte	0x9c
 645 022d 7A020000 		.4byte	0x27a
 646 0231 17       		.uleb128 0x17
 647 0232 AB010000 		.4byte	.LASF21
 648 0236 01       		.byte	0x1
 649 0237 68       		.byte	0x68
 650 0238 C4000000 		.4byte	0xc4
 651 023c 38000000 		.4byte	.LLST2
 652 0240 14       		.uleb128 0x14
 653 0241 08000000 		.4byte	.LVL12
 654 0245 B8010000 		.4byte	0x1b8
 655 0249 15       		.uleb128 0x15
 656 024a 0E000000 		.4byte	.LVL13
 657 024e E1000000 		.4byte	0xe1
 658 0252 5D020000 		.4byte	0x25d
 659 0256 16       		.uleb128 0x16
 660 0257 01       		.uleb128 0x1
 661 0258 50       		.byte	0x50
 662 0259 02       		.uleb128 0x2
 663 025a 74       		.byte	0x74
 664 025b 00       		.sleb128 0
 665 025c 00       		.byte	0
 666 025d 15       		.uleb128 0x15
 667 025e 14000000 		.4byte	.LVL14
ARM GAS  C:\Users\Ian\AppData\Local\Temp\ccMrEN53.s 			page 20


 668 0262 3E010000 		.4byte	0x13e
 669 0266 70020000 		.4byte	0x270
 670 026a 16       		.uleb128 0x16
 671 026b 01       		.uleb128 0x1
 672 026c 50       		.byte	0x50
 673 026d 01       		.uleb128 0x1
 674 026e 37       		.byte	0x37
 675 026f 00       		.byte	0
 676 0270 14       		.uleb128 0x14
 677 0271 18000000 		.4byte	.LVL15
 678 0275 90010000 		.4byte	0x190
 679 0279 00       		.byte	0
 680 027a 0A       		.uleb128 0xa
 681 027b 06000000 		.4byte	.LASF30
 682 027f 01       		.byte	0x1
 683 0280 86       		.byte	0x86
 684 0281 00000000 		.4byte	.LFB2
 685 0285 14000000 		.4byte	.LFE2-.LFB2
 686 0289 01       		.uleb128 0x1
 687 028a 9C       		.byte	0x9c
 688 028b A2020000 		.4byte	0x2a2
 689 028f 14       		.uleb128 0x14
 690 0290 06000000 		.4byte	.LVL16
 691 0294 B8010000 		.4byte	0x1b8
 692 0298 14       		.uleb128 0x14
 693 0299 0C000000 		.4byte	.LVL17
 694 029d E1000000 		.4byte	0xe1
 695 02a1 00       		.byte	0
 696 02a2 12       		.uleb128 0x12
 697 02a3 95000000 		.4byte	.LASF31
 698 02a7 01       		.byte	0x1
 699 02a8 7801     		.2byte	0x178
 700 02aa 00000000 		.4byte	.LFB11
 701 02ae 10000000 		.4byte	.LFE11-.LFB11
 702 02b2 01       		.uleb128 0x1
 703 02b3 9C       		.byte	0x9c
 704 02b4 12       		.uleb128 0x12
 705 02b5 A8000000 		.4byte	.LASF32
 706 02b9 01       		.byte	0x1
 707 02ba 9101     		.2byte	0x191
 708 02bc 00000000 		.4byte	.LFB12
 709 02c0 10000000 		.4byte	.LFE12-.LFB12
 710 02c4 01       		.uleb128 0x1
 711 02c5 9C       		.byte	0x9c
 712 02c6 00       		.byte	0
 713              		.section	.debug_abbrev,"",%progbits
 714              	.Ldebug_abbrev0:
 715 0000 01       		.uleb128 0x1
 716 0001 11       		.uleb128 0x11
 717 0002 01       		.byte	0x1
 718 0003 25       		.uleb128 0x25
 719 0004 0E       		.uleb128 0xe
 720 0005 13       		.uleb128 0x13
 721 0006 0B       		.uleb128 0xb
 722 0007 03       		.uleb128 0x3
 723 0008 0E       		.uleb128 0xe
 724 0009 1B       		.uleb128 0x1b
ARM GAS  C:\Users\Ian\AppData\Local\Temp\ccMrEN53.s 			page 21


 725 000a 0E       		.uleb128 0xe
 726 000b 55       		.uleb128 0x55
 727 000c 17       		.uleb128 0x17
 728 000d 11       		.uleb128 0x11
 729 000e 01       		.uleb128 0x1
 730 000f 10       		.uleb128 0x10
 731 0010 17       		.uleb128 0x17
 732 0011 00       		.byte	0
 733 0012 00       		.byte	0
 734 0013 02       		.uleb128 0x2
 735 0014 24       		.uleb128 0x24
 736 0015 00       		.byte	0
 737 0016 0B       		.uleb128 0xb
 738 0017 0B       		.uleb128 0xb
 739 0018 3E       		.uleb128 0x3e
 740 0019 0B       		.uleb128 0xb
 741 001a 03       		.uleb128 0x3
 742 001b 08       		.uleb128 0x8
 743 001c 00       		.byte	0
 744 001d 00       		.byte	0
 745 001e 03       		.uleb128 0x3
 746 001f 24       		.uleb128 0x24
 747 0020 00       		.byte	0
 748 0021 0B       		.uleb128 0xb
 749 0022 0B       		.uleb128 0xb
 750 0023 3E       		.uleb128 0x3e
 751 0024 0B       		.uleb128 0xb
 752 0025 03       		.uleb128 0x3
 753 0026 0E       		.uleb128 0xe
 754 0027 00       		.byte	0
 755 0028 00       		.byte	0
 756 0029 04       		.uleb128 0x4
 757 002a 0F       		.uleb128 0xf
 758 002b 00       		.byte	0
 759 002c 0B       		.uleb128 0xb
 760 002d 0B       		.uleb128 0xb
 761 002e 49       		.uleb128 0x49
 762 002f 13       		.uleb128 0x13
 763 0030 00       		.byte	0
 764 0031 00       		.byte	0
 765 0032 05       		.uleb128 0x5
 766 0033 15       		.uleb128 0x15
 767 0034 00       		.byte	0
 768 0035 27       		.uleb128 0x27
 769 0036 19       		.uleb128 0x19
 770 0037 00       		.byte	0
 771 0038 00       		.byte	0
 772 0039 06       		.uleb128 0x6
 773 003a 16       		.uleb128 0x16
 774 003b 00       		.byte	0
 775 003c 03       		.uleb128 0x3
 776 003d 0E       		.uleb128 0xe
 777 003e 3A       		.uleb128 0x3a
 778 003f 0B       		.uleb128 0xb
 779 0040 3B       		.uleb128 0x3b
 780 0041 0B       		.uleb128 0xb
 781 0042 49       		.uleb128 0x49
ARM GAS  C:\Users\Ian\AppData\Local\Temp\ccMrEN53.s 			page 22


 782 0043 13       		.uleb128 0x13
 783 0044 00       		.byte	0
 784 0045 00       		.byte	0
 785 0046 07       		.uleb128 0x7
 786 0047 35       		.uleb128 0x35
 787 0048 00       		.byte	0
 788 0049 49       		.uleb128 0x49
 789 004a 13       		.uleb128 0x13
 790 004b 00       		.byte	0
 791 004c 00       		.byte	0
 792 004d 08       		.uleb128 0x8
 793 004e 16       		.uleb128 0x16
 794 004f 00       		.byte	0
 795 0050 03       		.uleb128 0x3
 796 0051 0E       		.uleb128 0xe
 797 0052 3A       		.uleb128 0x3a
 798 0053 0B       		.uleb128 0xb
 799 0054 3B       		.uleb128 0x3b
 800 0055 05       		.uleb128 0x5
 801 0056 49       		.uleb128 0x49
 802 0057 13       		.uleb128 0x13
 803 0058 00       		.byte	0
 804 0059 00       		.byte	0
 805 005a 09       		.uleb128 0x9
 806 005b 2E       		.uleb128 0x2e
 807 005c 00       		.byte	0
 808 005d 3F       		.uleb128 0x3f
 809 005e 19       		.uleb128 0x19
 810 005f 03       		.uleb128 0x3
 811 0060 0E       		.uleb128 0xe
 812 0061 3A       		.uleb128 0x3a
 813 0062 0B       		.uleb128 0xb
 814 0063 3B       		.uleb128 0x3b
 815 0064 0B       		.uleb128 0xb
 816 0065 27       		.uleb128 0x27
 817 0066 19       		.uleb128 0x19
 818 0067 11       		.uleb128 0x11
 819 0068 01       		.uleb128 0x1
 820 0069 12       		.uleb128 0x12
 821 006a 06       		.uleb128 0x6
 822 006b 40       		.uleb128 0x40
 823 006c 18       		.uleb128 0x18
 824 006d 9742     		.uleb128 0x2117
 825 006f 19       		.uleb128 0x19
 826 0070 00       		.byte	0
 827 0071 00       		.byte	0
 828 0072 0A       		.uleb128 0xa
 829 0073 2E       		.uleb128 0x2e
 830 0074 01       		.byte	0x1
 831 0075 3F       		.uleb128 0x3f
 832 0076 19       		.uleb128 0x19
 833 0077 03       		.uleb128 0x3
 834 0078 0E       		.uleb128 0xe
 835 0079 3A       		.uleb128 0x3a
 836 007a 0B       		.uleb128 0xb
 837 007b 3B       		.uleb128 0x3b
 838 007c 0B       		.uleb128 0xb
ARM GAS  C:\Users\Ian\AppData\Local\Temp\ccMrEN53.s 			page 23


 839 007d 27       		.uleb128 0x27
 840 007e 19       		.uleb128 0x19
 841 007f 11       		.uleb128 0x11
 842 0080 01       		.uleb128 0x1
 843 0081 12       		.uleb128 0x12
 844 0082 06       		.uleb128 0x6
 845 0083 40       		.uleb128 0x40
 846 0084 18       		.uleb128 0x18
 847 0085 9742     		.uleb128 0x2117
 848 0087 19       		.uleb128 0x19
 849 0088 01       		.uleb128 0x1
 850 0089 13       		.uleb128 0x13
 851 008a 00       		.byte	0
 852 008b 00       		.byte	0
 853 008c 0B       		.uleb128 0xb
 854 008d 05       		.uleb128 0x5
 855 008e 00       		.byte	0
 856 008f 03       		.uleb128 0x3
 857 0090 0E       		.uleb128 0xe
 858 0091 3A       		.uleb128 0x3a
 859 0092 0B       		.uleb128 0xb
 860 0093 3B       		.uleb128 0x3b
 861 0094 0B       		.uleb128 0xb
 862 0095 49       		.uleb128 0x49
 863 0096 13       		.uleb128 0x13
 864 0097 02       		.uleb128 0x2
 865 0098 18       		.uleb128 0x18
 866 0099 00       		.byte	0
 867 009a 00       		.byte	0
 868 009b 0C       		.uleb128 0xc
 869 009c 34       		.uleb128 0x34
 870 009d 00       		.byte	0
 871 009e 03       		.uleb128 0x3
 872 009f 0E       		.uleb128 0xe
 873 00a0 3A       		.uleb128 0x3a
 874 00a1 0B       		.uleb128 0xb
 875 00a2 3B       		.uleb128 0x3b
 876 00a3 0B       		.uleb128 0xb
 877 00a4 49       		.uleb128 0x49
 878 00a5 13       		.uleb128 0x13
 879 00a6 02       		.uleb128 0x2
 880 00a7 18       		.uleb128 0x18
 881 00a8 00       		.byte	0
 882 00a9 00       		.byte	0
 883 00aa 0D       		.uleb128 0xd
 884 00ab 2E       		.uleb128 0x2e
 885 00ac 01       		.byte	0x1
 886 00ad 3F       		.uleb128 0x3f
 887 00ae 19       		.uleb128 0x19
 888 00af 03       		.uleb128 0x3
 889 00b0 0E       		.uleb128 0xe
 890 00b1 3A       		.uleb128 0x3a
 891 00b2 0B       		.uleb128 0xb
 892 00b3 3B       		.uleb128 0x3b
 893 00b4 0B       		.uleb128 0xb
 894 00b5 27       		.uleb128 0x27
 895 00b6 19       		.uleb128 0x19
ARM GAS  C:\Users\Ian\AppData\Local\Temp\ccMrEN53.s 			page 24


 896 00b7 49       		.uleb128 0x49
 897 00b8 13       		.uleb128 0x13
 898 00b9 11       		.uleb128 0x11
 899 00ba 01       		.uleb128 0x1
 900 00bb 12       		.uleb128 0x12
 901 00bc 06       		.uleb128 0x6
 902 00bd 40       		.uleb128 0x40
 903 00be 18       		.uleb128 0x18
 904 00bf 9742     		.uleb128 0x2117
 905 00c1 19       		.uleb128 0x19
 906 00c2 01       		.uleb128 0x1
 907 00c3 13       		.uleb128 0x13
 908 00c4 00       		.byte	0
 909 00c5 00       		.byte	0
 910 00c6 0E       		.uleb128 0xe
 911 00c7 2E       		.uleb128 0x2e
 912 00c8 01       		.byte	0x1
 913 00c9 3F       		.uleb128 0x3f
 914 00ca 19       		.uleb128 0x19
 915 00cb 03       		.uleb128 0x3
 916 00cc 0E       		.uleb128 0xe
 917 00cd 3A       		.uleb128 0x3a
 918 00ce 0B       		.uleb128 0xb
 919 00cf 3B       		.uleb128 0x3b
 920 00d0 05       		.uleb128 0x5
 921 00d1 27       		.uleb128 0x27
 922 00d2 19       		.uleb128 0x19
 923 00d3 11       		.uleb128 0x11
 924 00d4 01       		.uleb128 0x1
 925 00d5 12       		.uleb128 0x12
 926 00d6 06       		.uleb128 0x6
 927 00d7 40       		.uleb128 0x40
 928 00d8 18       		.uleb128 0x18
 929 00d9 9742     		.uleb128 0x2117
 930 00db 19       		.uleb128 0x19
 931 00dc 01       		.uleb128 0x1
 932 00dd 13       		.uleb128 0x13
 933 00de 00       		.byte	0
 934 00df 00       		.byte	0
 935 00e0 0F       		.uleb128 0xf
 936 00e1 05       		.uleb128 0x5
 937 00e2 00       		.byte	0
 938 00e3 03       		.uleb128 0x3
 939 00e4 0E       		.uleb128 0xe
 940 00e5 3A       		.uleb128 0x3a
 941 00e6 0B       		.uleb128 0xb
 942 00e7 3B       		.uleb128 0x3b
 943 00e8 05       		.uleb128 0x5
 944 00e9 49       		.uleb128 0x49
 945 00ea 13       		.uleb128 0x13
 946 00eb 02       		.uleb128 0x2
 947 00ec 17       		.uleb128 0x17
 948 00ed 00       		.byte	0
 949 00ee 00       		.byte	0
 950 00ef 10       		.uleb128 0x10
 951 00f0 2E       		.uleb128 0x2e
 952 00f1 01       		.byte	0x1
ARM GAS  C:\Users\Ian\AppData\Local\Temp\ccMrEN53.s 			page 25


 953 00f2 3F       		.uleb128 0x3f
 954 00f3 19       		.uleb128 0x19
 955 00f4 03       		.uleb128 0x3
 956 00f5 0E       		.uleb128 0xe
 957 00f6 3A       		.uleb128 0x3a
 958 00f7 0B       		.uleb128 0xb
 959 00f8 3B       		.uleb128 0x3b
 960 00f9 05       		.uleb128 0x5
 961 00fa 27       		.uleb128 0x27
 962 00fb 19       		.uleb128 0x19
 963 00fc 49       		.uleb128 0x49
 964 00fd 13       		.uleb128 0x13
 965 00fe 11       		.uleb128 0x11
 966 00ff 01       		.uleb128 0x1
 967 0100 12       		.uleb128 0x12
 968 0101 06       		.uleb128 0x6
 969 0102 40       		.uleb128 0x40
 970 0103 18       		.uleb128 0x18
 971 0104 9742     		.uleb128 0x2117
 972 0106 19       		.uleb128 0x19
 973 0107 01       		.uleb128 0x1
 974 0108 13       		.uleb128 0x13
 975 0109 00       		.byte	0
 976 010a 00       		.byte	0
 977 010b 11       		.uleb128 0x11
 978 010c 34       		.uleb128 0x34
 979 010d 00       		.byte	0
 980 010e 03       		.uleb128 0x3
 981 010f 0E       		.uleb128 0xe
 982 0110 3A       		.uleb128 0x3a
 983 0111 0B       		.uleb128 0xb
 984 0112 3B       		.uleb128 0x3b
 985 0113 05       		.uleb128 0x5
 986 0114 49       		.uleb128 0x49
 987 0115 13       		.uleb128 0x13
 988 0116 02       		.uleb128 0x2
 989 0117 17       		.uleb128 0x17
 990 0118 00       		.byte	0
 991 0119 00       		.byte	0
 992 011a 12       		.uleb128 0x12
 993 011b 2E       		.uleb128 0x2e
 994 011c 00       		.byte	0
 995 011d 3F       		.uleb128 0x3f
 996 011e 19       		.uleb128 0x19
 997 011f 03       		.uleb128 0x3
 998 0120 0E       		.uleb128 0xe
 999 0121 3A       		.uleb128 0x3a
 1000 0122 0B       		.uleb128 0xb
 1001 0123 3B       		.uleb128 0x3b
 1002 0124 05       		.uleb128 0x5
 1003 0125 27       		.uleb128 0x27
 1004 0126 19       		.uleb128 0x19
 1005 0127 11       		.uleb128 0x11
 1006 0128 01       		.uleb128 0x1
 1007 0129 12       		.uleb128 0x12
 1008 012a 06       		.uleb128 0x6
 1009 012b 40       		.uleb128 0x40
ARM GAS  C:\Users\Ian\AppData\Local\Temp\ccMrEN53.s 			page 26


 1010 012c 18       		.uleb128 0x18
 1011 012d 9742     		.uleb128 0x2117
 1012 012f 19       		.uleb128 0x19
 1013 0130 00       		.byte	0
 1014 0131 00       		.byte	0
 1015 0132 13       		.uleb128 0x13
 1016 0133 2E       		.uleb128 0x2e
 1017 0134 00       		.byte	0
 1018 0135 3F       		.uleb128 0x3f
 1019 0136 19       		.uleb128 0x19
 1020 0137 03       		.uleb128 0x3
 1021 0138 0E       		.uleb128 0xe
 1022 0139 3A       		.uleb128 0x3a
 1023 013a 0B       		.uleb128 0xb
 1024 013b 3B       		.uleb128 0x3b
 1025 013c 05       		.uleb128 0x5
 1026 013d 27       		.uleb128 0x27
 1027 013e 19       		.uleb128 0x19
 1028 013f 49       		.uleb128 0x49
 1029 0140 13       		.uleb128 0x13
 1030 0141 11       		.uleb128 0x11
 1031 0142 01       		.uleb128 0x1
 1032 0143 12       		.uleb128 0x12
 1033 0144 06       		.uleb128 0x6
 1034 0145 40       		.uleb128 0x40
 1035 0146 18       		.uleb128 0x18
 1036 0147 9742     		.uleb128 0x2117
 1037 0149 19       		.uleb128 0x19
 1038 014a 00       		.byte	0
 1039 014b 00       		.byte	0
 1040 014c 14       		.uleb128 0x14
 1041 014d 898201   		.uleb128 0x4109
 1042 0150 00       		.byte	0
 1043 0151 11       		.uleb128 0x11
 1044 0152 01       		.uleb128 0x1
 1045 0153 31       		.uleb128 0x31
 1046 0154 13       		.uleb128 0x13
 1047 0155 00       		.byte	0
 1048 0156 00       		.byte	0
 1049 0157 15       		.uleb128 0x15
 1050 0158 898201   		.uleb128 0x4109
 1051 015b 01       		.byte	0x1
 1052 015c 11       		.uleb128 0x11
 1053 015d 01       		.uleb128 0x1
 1054 015e 31       		.uleb128 0x31
 1055 015f 13       		.uleb128 0x13
 1056 0160 01       		.uleb128 0x1
 1057 0161 13       		.uleb128 0x13
 1058 0162 00       		.byte	0
 1059 0163 00       		.byte	0
 1060 0164 16       		.uleb128 0x16
 1061 0165 8A8201   		.uleb128 0x410a
 1062 0168 00       		.byte	0
 1063 0169 02       		.uleb128 0x2
 1064 016a 18       		.uleb128 0x18
 1065 016b 9142     		.uleb128 0x2111
 1066 016d 18       		.uleb128 0x18
ARM GAS  C:\Users\Ian\AppData\Local\Temp\ccMrEN53.s 			page 27


 1067 016e 00       		.byte	0
 1068 016f 00       		.byte	0
 1069 0170 17       		.uleb128 0x17
 1070 0171 05       		.uleb128 0x5
 1071 0172 00       		.byte	0
 1072 0173 03       		.uleb128 0x3
 1073 0174 0E       		.uleb128 0xe
 1074 0175 3A       		.uleb128 0x3a
 1075 0176 0B       		.uleb128 0xb
 1076 0177 3B       		.uleb128 0x3b
 1077 0178 0B       		.uleb128 0xb
 1078 0179 49       		.uleb128 0x49
 1079 017a 13       		.uleb128 0x13
 1080 017b 02       		.uleb128 0x2
 1081 017c 17       		.uleb128 0x17
 1082 017d 00       		.byte	0
 1083 017e 00       		.byte	0
 1084 017f 00       		.byte	0
 1085              		.section	.debug_loc,"",%progbits
 1086              	.Ldebug_loc0:
 1087              	.LLST0:
 1088 0000 00000000 		.4byte	.LVL3
 1089 0004 02000000 		.4byte	.LVL4
 1090 0008 0100     		.2byte	0x1
 1091 000a 50       		.byte	0x50
 1092 000b 02000000 		.4byte	.LVL4
 1093 000f 10000000 		.4byte	.LFE6
 1094 0013 0400     		.2byte	0x4
 1095 0015 F3       		.byte	0xf3
 1096 0016 01       		.uleb128 0x1
 1097 0017 50       		.byte	0x50
 1098 0018 9F       		.byte	0x9f
 1099 0019 00000000 		.4byte	0
 1100 001d 00000000 		.4byte	0
 1101              	.LLST1:
 1102 0021 04000000 		.4byte	.LVL5
 1103 0025 06000000 		.4byte	.LVL6
 1104 0029 0500     		.2byte	0x5
 1105 002b 70       		.byte	0x70
 1106 002c 00       		.sleb128 0
 1107 002d 35       		.byte	0x35
 1108 002e 25       		.byte	0x25
 1109 002f 9F       		.byte	0x9f
 1110 0030 00000000 		.4byte	0
 1111 0034 00000000 		.4byte	0
 1112              	.LLST2:
 1113 0038 00000000 		.4byte	.LVL11
 1114 003c 07000000 		.4byte	.LVL12-1
 1115 0040 0100     		.2byte	0x1
 1116 0042 50       		.byte	0x50
 1117 0043 07000000 		.4byte	.LVL12-1
 1118 0047 1A000000 		.4byte	.LFE1
 1119 004b 0100     		.2byte	0x1
 1120 004d 54       		.byte	0x54
 1121 004e 00000000 		.4byte	0
 1122 0052 00000000 		.4byte	0
 1123              		.section	.debug_aranges,"",%progbits
ARM GAS  C:\Users\Ian\AppData\Local\Temp\ccMrEN53.s 			page 28


 1124 0000 7C000000 		.4byte	0x7c
 1125 0004 0200     		.2byte	0x2
 1126 0006 00000000 		.4byte	.Ldebug_info0
 1127 000a 04       		.byte	0x4
 1128 000b 00       		.byte	0
 1129 000c 0000     		.2byte	0
 1130 000e 0000     		.2byte	0
 1131 0010 00000000 		.4byte	.LFB3
 1132 0014 02000000 		.4byte	.LFE3-.LFB3
 1133 0018 00000000 		.4byte	.LFB4
 1134 001c 10000000 		.4byte	.LFE4-.LFB4
 1135 0020 00000000 		.4byte	.LFB5
 1136 0024 10000000 		.4byte	.LFE5-.LFB5
 1137 0028 00000000 		.4byte	.LFB6
 1138 002c 10000000 		.4byte	.LFE6-.LFB6
 1139 0030 00000000 		.4byte	.LFB7
 1140 0034 0C000000 		.4byte	.LFE7-.LFB7
 1141 0038 00000000 		.4byte	.LFB8
 1142 003c 10000000 		.4byte	.LFE8-.LFB8
 1143 0040 00000000 		.4byte	.LFB9
 1144 0044 18000000 		.4byte	.LFE9-.LFB9
 1145 0048 00000000 		.4byte	.LFB10
 1146 004c 10000000 		.4byte	.LFE10-.LFB10
 1147 0050 00000000 		.4byte	.LFB0
 1148 0054 1C000000 		.4byte	.LFE0-.LFB0
 1149 0058 00000000 		.4byte	.LFB1
 1150 005c 1A000000 		.4byte	.LFE1-.LFB1
 1151 0060 00000000 		.4byte	.LFB2
 1152 0064 14000000 		.4byte	.LFE2-.LFB2
 1153 0068 00000000 		.4byte	.LFB11
 1154 006c 10000000 		.4byte	.LFE11-.LFB11
 1155 0070 00000000 		.4byte	.LFB12
 1156 0074 10000000 		.4byte	.LFE12-.LFB12
 1157 0078 00000000 		.4byte	0
 1158 007c 00000000 		.4byte	0
 1159              		.section	.debug_ranges,"",%progbits
 1160              	.Ldebug_ranges0:
 1161 0000 00000000 		.4byte	.LFB3
 1162 0004 02000000 		.4byte	.LFE3
 1163 0008 00000000 		.4byte	.LFB4
 1164 000c 10000000 		.4byte	.LFE4
 1165 0010 00000000 		.4byte	.LFB5
 1166 0014 10000000 		.4byte	.LFE5
 1167 0018 00000000 		.4byte	.LFB6
 1168 001c 10000000 		.4byte	.LFE6
 1169 0020 00000000 		.4byte	.LFB7
 1170 0024 0C000000 		.4byte	.LFE7
 1171 0028 00000000 		.4byte	.LFB8
 1172 002c 10000000 		.4byte	.LFE8
 1173 0030 00000000 		.4byte	.LFB9
 1174 0034 18000000 		.4byte	.LFE9
 1175 0038 00000000 		.4byte	.LFB10
 1176 003c 10000000 		.4byte	.LFE10
 1177 0040 00000000 		.4byte	.LFB0
 1178 0044 1C000000 		.4byte	.LFE0
 1179 0048 00000000 		.4byte	.LFB1
 1180 004c 1A000000 		.4byte	.LFE1
ARM GAS  C:\Users\Ian\AppData\Local\Temp\ccMrEN53.s 			page 29


 1181 0050 00000000 		.4byte	.LFB2
 1182 0054 14000000 		.4byte	.LFE2
 1183 0058 00000000 		.4byte	.LFB11
 1184 005c 10000000 		.4byte	.LFE11
 1185 0060 00000000 		.4byte	.LFB12
 1186 0064 10000000 		.4byte	.LFE12
 1187 0068 00000000 		.4byte	0
 1188 006c 00000000 		.4byte	0
 1189              		.section	.debug_line,"",%progbits
 1190              	.Ldebug_line0:
 1191 0000 49010000 		.section	.debug_str,"MS",%progbits,1
 1191      02005D00 
 1191      00000201 
 1191      FB0E0D00 
 1191      01010101 
 1192              	.LASF16:
 1193 0000 72656733 		.ascii	"reg32\000"
 1193      3200
 1194              	.LASF30:
 1195 0006 4144435F 		.ascii	"ADC_IRQ_Stop\000"
 1195      4952515F 
 1195      53746F70 
 1195      00
 1196              	.LASF4:
 1197 0013 73686F72 		.ascii	"short unsigned int\000"
 1197      7420756E 
 1197      7369676E 
 1197      65642069 
 1197      6E7400
 1198              	.LASF36:
 1199 0026 4144435F 		.ascii	"ADC_IRQ_GetState\000"
 1199      4952515F 
 1199      47657453 
 1199      74617465 
 1199      00
 1200              	.LASF23:
 1201 0037 4144435F 		.ascii	"ADC_IRQ_GetVector\000"
 1201      4952515F 
 1201      47657456 
 1201      6563746F 
 1201      7200
 1202              	.LASF25:
 1203 0049 4144435F 		.ascii	"ADC_IRQ_Interrupt\000"
 1203      4952515F 
 1203      496E7465 
 1203      72727570 
 1203      7400
 1204              	.LASF13:
 1205 005b 666C6F61 		.ascii	"float\000"
 1205      7400
 1206              	.LASF2:
 1207 0061 756E7369 		.ascii	"unsigned char\000"
 1207      676E6564 
 1207      20636861 
 1207      7200
 1208              	.LASF15:
 1209 006f 72656738 		.ascii	"reg8\000"
ARM GAS  C:\Users\Ian\AppData\Local\Temp\ccMrEN53.s 			page 30


 1209      00
 1210              	.LASF6:
 1211 0074 6C6F6E67 		.ascii	"long unsigned int\000"
 1211      20756E73 
 1211      69676E65 
 1211      6420696E 
 1211      7400
 1212              	.LASF11:
 1213 0086 75696E74 		.ascii	"uint8\000"
 1213      3800
 1214              	.LASF22:
 1215 008c 7072696F 		.ascii	"priority\000"
 1215      72697479 
 1215      00
 1216              	.LASF31:
 1217 0095 4144435F 		.ascii	"ADC_IRQ_SetPending\000"
 1217      4952515F 
 1217      53657450 
 1217      656E6469 
 1217      6E6700
 1218              	.LASF32:
 1219 00a8 4144435F 		.ascii	"ADC_IRQ_ClearPending\000"
 1219      4952515F 
 1219      436C6561 
 1219      7250656E 
 1219      64696E67 
 1220              	.LASF14:
 1221 00bd 646F7562 		.ascii	"double\000"
 1221      6C6500
 1222              	.LASF28:
 1223 00c4 4144435F 		.ascii	"ADC_IRQ_Start\000"
 1223      4952515F 
 1223      53746172 
 1223      7400
 1224              	.LASF34:
 1225 00d2 2E5C4765 		.ascii	".\\Generated_Source\\PSoC5\\ADC_IRQ.c\000"
 1225      6E657261 
 1225      7465645F 
 1225      536F7572 
 1225      63655C50 
 1226              	.LASF24:
 1227 00f5 4144435F 		.ascii	"ADC_IRQ_GetPriority\000"
 1227      4952515F 
 1227      47657450 
 1227      72696F72 
 1227      69747900 
 1228              	.LASF12:
 1229 0109 75696E74 		.ascii	"uint32\000"
 1229      333200
 1230              	.LASF33:
 1231 0110 474E5520 		.ascii	"GNU C 4.9.3 20150303 (release) [ARM/embedded-4_9-br"
 1231      4320342E 
 1231      392E3320 
 1231      32303135 
 1231      30333033 
 1232 0143 616E6368 		.ascii	"anch revision 221220] -mcpu=cortex-m3 -mthumb -g -O"
 1232      20726576 
ARM GAS  C:\Users\Ian\AppData\Local\Temp\ccMrEN53.s 			page 31


 1232      6973696F 
 1232      6E203232 
 1232      31323230 
 1233 0176 67202D66 		.ascii	"g -ffunction-sections -ffat-lto-objects\000"
 1233      66756E63 
 1233      74696F6E 
 1233      2D736563 
 1233      74696F6E 
 1234              	.LASF0:
 1235 019e 756E7369 		.ascii	"unsigned int\000"
 1235      676E6564 
 1235      20696E74 
 1235      00
 1236              	.LASF21:
 1237 01ab 61646472 		.ascii	"address\000"
 1237      65737300 
 1238              	.LASF8:
 1239 01b3 6C6F6E67 		.ascii	"long long unsigned int\000"
 1239      206C6F6E 
 1239      6720756E 
 1239      7369676E 
 1239      65642069 
 1240              	.LASF17:
 1241 01ca 63796973 		.ascii	"cyisraddress\000"
 1241      72616464 
 1241      72657373 
 1241      00
 1242              	.LASF29:
 1243 01d7 4144435F 		.ascii	"ADC_IRQ_StartEx\000"
 1243      4952515F 
 1243      53746172 
 1243      74457800 
 1244              	.LASF9:
 1245 01e7 73697A65 		.ascii	"sizetype\000"
 1245      74797065 
 1245      00
 1246              	.LASF7:
 1247 01f0 6C6F6E67 		.ascii	"long long int\000"
 1247      206C6F6E 
 1247      6720696E 
 1247      7400
 1248              	.LASF10:
 1249 01fe 63686172 		.ascii	"char\000"
 1249      00
 1250              	.LASF18:
 1251 0203 72616D56 		.ascii	"ramVectorTable\000"
 1251      6563746F 
 1251      72546162 
 1251      6C6500
 1252              	.LASF35:
 1253 0212 433A5C55 		.ascii	"C:\\Users\\Ian\\Documents\\Junior\\Senior Project C"
 1253      73657273 
 1253      5C49616E 
 1253      5C446F63 
 1253      756D656E 
 1254 0240 68697020 		.ascii	"hip Design\\Wave Generator\\Wave Generator.cydsn\000"
 1254      44657369 
ARM GAS  C:\Users\Ian\AppData\Local\Temp\ccMrEN53.s 			page 32


 1254      676E5C57 
 1254      61766520 
 1254      47656E65 
 1255              	.LASF3:
 1256 026f 73686F72 		.ascii	"short int\000"
 1256      7420696E 
 1256      7400
 1257              	.LASF27:
 1258 0279 4144435F 		.ascii	"ADC_IRQ_Disable\000"
 1258      4952515F 
 1258      44697361 
 1258      626C6500 
 1259              	.LASF19:
 1260 0289 4144435F 		.ascii	"ADC_IRQ_SetVector\000"
 1260      4952515F 
 1260      53657456 
 1260      6563746F 
 1260      7200
 1261              	.LASF5:
 1262 029b 6C6F6E67 		.ascii	"long int\000"
 1262      20696E74 
 1262      00
 1263              	.LASF1:
 1264 02a4 7369676E 		.ascii	"signed char\000"
 1264      65642063 
 1264      68617200 
 1265              	.LASF20:
 1266 02b0 4144435F 		.ascii	"ADC_IRQ_SetPriority\000"
 1266      4952515F 
 1266      53657450 
 1266      72696F72 
 1266      69747900 
 1267              	.LASF26:
 1268 02c4 4144435F 		.ascii	"ADC_IRQ_Enable\000"
 1268      4952515F 
 1268      456E6162 
 1268      6C6500
 1269              		.ident	"GCC: (GNU Tools for ARM Embedded Processors) 4.9.3 20150303 (release) [ARM/embedded-4_9-br
