ARM GAS  C:\Users\Ian\AppData\Local\Temp\cc52uvxW.s 			page 1


   1              		.syntax unified
   2              		.cpu cortex-m3
   3              		.fpu softvfp
   4              		.eabi_attribute 20, 1
   5              		.eabi_attribute 21, 1
   6              		.eabi_attribute 23, 3
   7              		.eabi_attribute 24, 1
   8              		.eabi_attribute 25, 1
   9              		.eabi_attribute 26, 1
  10              		.eabi_attribute 30, 1
  11              		.eabi_attribute 34, 1
  12              		.eabi_attribute 18, 4
  13              		.thumb
  14              		.file	"I2S.c"
  15              		.text
  16              	.Ltext0:
  17              		.cfi_sections	.debug_frame
  18              		.section	.text.I2S_Enable,"ax",%progbits
  19              		.align	2
  20              		.global	I2S_Enable
  21              		.thumb
  22              		.thumb_func
  23              		.type	I2S_Enable, %function
  24              	I2S_Enable:
  25              	.LFB0:
  26              		.file 1 ".\\Generated_Source\\PSoC5\\I2S.c"
   1:.\Generated_Source\PSoC5/I2S.c **** /*******************************************************************************
   2:.\Generated_Source\PSoC5/I2S.c **** * File Name: I2S.c
   3:.\Generated_Source\PSoC5/I2S.c **** * Version 2.60
   4:.\Generated_Source\PSoC5/I2S.c **** *
   5:.\Generated_Source\PSoC5/I2S.c **** * Description:
   6:.\Generated_Source\PSoC5/I2S.c **** *  This file contains the setup, control and status commands for the I2S
   7:.\Generated_Source\PSoC5/I2S.c **** *  component.
   8:.\Generated_Source\PSoC5/I2S.c **** *
   9:.\Generated_Source\PSoC5/I2S.c **** * Note:
  10:.\Generated_Source\PSoC5/I2S.c **** *
  11:.\Generated_Source\PSoC5/I2S.c **** ********************************************************************************
  12:.\Generated_Source\PSoC5/I2S.c **** * Copyright 2008-2014, Cypress Semiconductor Corporation.  All rights reserved.
  13:.\Generated_Source\PSoC5/I2S.c **** * You may use this file only in accordance with the license, terms, conditions,
  14:.\Generated_Source\PSoC5/I2S.c **** * disclaimers, and limitations in the end user license agreement accompanying
  15:.\Generated_Source\PSoC5/I2S.c **** * the software package with which this file was provided.
  16:.\Generated_Source\PSoC5/I2S.c **** *******************************************************************************/
  17:.\Generated_Source\PSoC5/I2S.c **** 
  18:.\Generated_Source\PSoC5/I2S.c **** #include "CyLib.h"
  19:.\Generated_Source\PSoC5/I2S.c **** #include "I2S.h"
  20:.\Generated_Source\PSoC5/I2S.c **** 
  21:.\Generated_Source\PSoC5/I2S.c **** uint8 I2S_initVar = 0u;
  22:.\Generated_Source\PSoC5/I2S.c **** 
  23:.\Generated_Source\PSoC5/I2S.c **** 
  24:.\Generated_Source\PSoC5/I2S.c **** /*******************************************************************************
  25:.\Generated_Source\PSoC5/I2S.c **** * Function Name: I2S_Enable
  26:.\Generated_Source\PSoC5/I2S.c **** ********************************************************************************
  27:.\Generated_Source\PSoC5/I2S.c **** *
  28:.\Generated_Source\PSoC5/I2S.c **** * Summary:
  29:.\Generated_Source\PSoC5/I2S.c **** *  Enables I2S interface. Starts the generation of the sck and ws outputs.
  30:.\Generated_Source\PSoC5/I2S.c **** *  The Tx and Rx directions remain disabled. It is not necessary to call
  31:.\Generated_Source\PSoC5/I2S.c **** *  I2S_Enable() because the I2S_Start() routine calls this function, which is
ARM GAS  C:\Users\Ian\AppData\Local\Temp\cc52uvxW.s 			page 2


  32:.\Generated_Source\PSoC5/I2S.c **** *  the preferred method to begin component operation.
  33:.\Generated_Source\PSoC5/I2S.c **** *
  34:.\Generated_Source\PSoC5/I2S.c **** * Parameters:
  35:.\Generated_Source\PSoC5/I2S.c **** *  None.
  36:.\Generated_Source\PSoC5/I2S.c **** *
  37:.\Generated_Source\PSoC5/I2S.c **** * Return:
  38:.\Generated_Source\PSoC5/I2S.c **** *  None.
  39:.\Generated_Source\PSoC5/I2S.c **** *
  40:.\Generated_Source\PSoC5/I2S.c **** *******************************************************************************/
  41:.\Generated_Source\PSoC5/I2S.c **** void I2S_Enable(void) 
  42:.\Generated_Source\PSoC5/I2S.c **** {
  27              		.loc 1 42 0
  28              		.cfi_startproc
  29              		@ args = 0, pretend = 0, frame = 0
  30              		@ frame_needed = 0, uses_anonymous_args = 0
  31 0000 08B5     		push	{r3, lr}
  32              		.cfi_def_cfa_offset 8
  33              		.cfi_offset 3, -8
  34              		.cfi_offset 14, -4
  43:.\Generated_Source\PSoC5/I2S.c ****     uint8 enableInterrupts;
  44:.\Generated_Source\PSoC5/I2S.c **** 
  45:.\Generated_Source\PSoC5/I2S.c ****     enableInterrupts = CyEnterCriticalSection();
  35              		.loc 1 45 0
  36 0002 FFF7FEFF 		bl	CyEnterCriticalSection
  37              	.LVL0:
  46:.\Generated_Source\PSoC5/I2S.c ****     I2S_AUX_CONTROL_REG |= I2S_CNT_START;
  38              		.loc 1 46 0
  39 0006 064A     		ldr	r2, .L3
  40 0008 1378     		ldrb	r3, [r2]	@ zero_extendqisi2
  41 000a 43F02003 		orr	r3, r3, #32
  42 000e 1370     		strb	r3, [r2]
  47:.\Generated_Source\PSoC5/I2S.c ****     CyExitCriticalSection(enableInterrupts);
  43              		.loc 1 47 0
  44 0010 FFF7FEFF 		bl	CyExitCriticalSection
  45              	.LVL1:
  48:.\Generated_Source\PSoC5/I2S.c **** 
  49:.\Generated_Source\PSoC5/I2S.c ****     I2S_CONTROL_REG |= I2S_EN;
  46              		.loc 1 49 0
  47 0014 034A     		ldr	r2, .L3+4
  48 0016 1378     		ldrb	r3, [r2]	@ zero_extendqisi2
  49 0018 43F00403 		orr	r3, r3, #4
  50 001c 1370     		strb	r3, [r2]
  51 001e 08BD     		pop	{r3, pc}
  52              	.L4:
  53              		.align	2
  54              	.L3:
  55 0020 92640040 		.word	1073767570
  56 0024 71640040 		.word	1073767537
  57              		.cfi_endproc
  58              	.LFE0:
  59              		.size	I2S_Enable, .-I2S_Enable
  60              		.section	.text.I2S_Init,"ax",%progbits
  61              		.align	2
  62              		.global	I2S_Init
  63              		.thumb
  64              		.thumb_func
  65              		.type	I2S_Init, %function
ARM GAS  C:\Users\Ian\AppData\Local\Temp\cc52uvxW.s 			page 3


  66              	I2S_Init:
  67              	.LFB1:
  50:.\Generated_Source\PSoC5/I2S.c **** }
  51:.\Generated_Source\PSoC5/I2S.c **** 
  52:.\Generated_Source\PSoC5/I2S.c **** 
  53:.\Generated_Source\PSoC5/I2S.c **** /*******************************************************************************
  54:.\Generated_Source\PSoC5/I2S.c **** * Function Name: I2S_Init
  55:.\Generated_Source\PSoC5/I2S.c **** ********************************************************************************
  56:.\Generated_Source\PSoC5/I2S.c **** *
  57:.\Generated_Source\PSoC5/I2S.c **** * Summary:
  58:.\Generated_Source\PSoC5/I2S.c **** *  Initializes or restores default I2S configuration provided with customizer.
  59:.\Generated_Source\PSoC5/I2S.c **** *  It is not necessary to call I2S_Init() because the I2S_Start() routine calls
  60:.\Generated_Source\PSoC5/I2S.c **** *  this function, which is the preferred method to begin component operation.
  61:.\Generated_Source\PSoC5/I2S.c **** *
  62:.\Generated_Source\PSoC5/I2S.c **** * Parameters:
  63:.\Generated_Source\PSoC5/I2S.c **** *  None.
  64:.\Generated_Source\PSoC5/I2S.c **** *
  65:.\Generated_Source\PSoC5/I2S.c **** * Return:
  66:.\Generated_Source\PSoC5/I2S.c **** *  None.
  67:.\Generated_Source\PSoC5/I2S.c **** *
  68:.\Generated_Source\PSoC5/I2S.c **** *******************************************************************************/
  69:.\Generated_Source\PSoC5/I2S.c **** void I2S_Init(void) 
  70:.\Generated_Source\PSoC5/I2S.c **** {
  68              		.loc 1 70 0
  69              		.cfi_startproc
  70              		@ args = 0, pretend = 0, frame = 0
  71              		@ frame_needed = 0, uses_anonymous_args = 0
  72              		@ link register save eliminated.
  71:.\Generated_Source\PSoC5/I2S.c ****     #if (I2S_CLIP_DETECT_ENABLE)
  72:.\Generated_Source\PSoC5/I2S.c ****         static const uint8 CYCODE I2S_posThresholds[] = {0u};
  73:.\Generated_Source\PSoC5/I2S.c ****         static const int8  CYCODE I2S_negThresholds[] = {-1};
  74:.\Generated_Source\PSoC5/I2S.c ****     #endif /* I2S_CLIP_DETECT_ENABLE */
  75:.\Generated_Source\PSoC5/I2S.c **** 
  76:.\Generated_Source\PSoC5/I2S.c ****     #if (I2S_DYNAMIC_BIT_RESOLUTION)
  77:.\Generated_Source\PSoC5/I2S.c ****         (void)I2S_SetDataBits(I2S_DATA_BITS);
  78:.\Generated_Source\PSoC5/I2S.c ****     #endif /* I2S_DYNAMIC_BIT_RESOLUTION */
  79:.\Generated_Source\PSoC5/I2S.c **** 
  80:.\Generated_Source\PSoC5/I2S.c ****     /* Initialize Tx interrupt source selected in customizer */
  81:.\Generated_Source\PSoC5/I2S.c ****     #if (I2S_TX_DIRECTION_ENABLE)
  82:.\Generated_Source\PSoC5/I2S.c ****         I2S_SET_TX_INT_MASK(CH0, I2S_TX_INT_SOURCE);
  73              		.loc 1 82 0
  74 0000 084B     		ldr	r3, .L6
  75 0002 1A78     		ldrb	r2, [r3]	@ zero_extendqisi2
  76 0004 02F0F802 		and	r2, r2, #248
  77 0008 1A70     		strb	r2, [r3]
  78 000a 1A78     		ldrb	r2, [r3]	@ zero_extendqisi2
  79 000c D2B2     		uxtb	r2, r2
  80 000e 1A70     		strb	r2, [r3]
  83:.\Generated_Source\PSoC5/I2S.c ****         #if (I2S_TX_STEREO_1_PRESENT)
  84:.\Generated_Source\PSoC5/I2S.c ****             I2S_SET_TX_INT_MASK(CH1, I2S_TX_INT_SOURCE);
  85:.\Generated_Source\PSoC5/I2S.c ****         #endif /* I2S_TX_STEREO_1_PRESENT */
  86:.\Generated_Source\PSoC5/I2S.c ****         #if (I2S_TX_STEREO_2_PRESENT)
  87:.\Generated_Source\PSoC5/I2S.c ****             I2S_SET_TX_INT_MASK(CH2, I2S_TX_INT_SOURCE);
  88:.\Generated_Source\PSoC5/I2S.c ****         #endif /* I2S_TX_STEREO_2_PRESENT */
  89:.\Generated_Source\PSoC5/I2S.c ****         #if (I2S_TX_STEREO_3_PRESENT)
  90:.\Generated_Source\PSoC5/I2S.c ****             I2S_SET_TX_INT_MASK(CH3, I2S_TX_INT_SOURCE);
  91:.\Generated_Source\PSoC5/I2S.c ****         #endif /* I2S_TX_STEREO_3_PRESENT */
ARM GAS  C:\Users\Ian\AppData\Local\Temp\cc52uvxW.s 			page 4


  92:.\Generated_Source\PSoC5/I2S.c ****         #if (I2S_TX_STEREO_4_PRESENT)
  93:.\Generated_Source\PSoC5/I2S.c ****             I2S_SET_TX_INT_MASK(CH4, I2S_TX_INT_SOURCE);
  94:.\Generated_Source\PSoC5/I2S.c ****         #endif /* I2S_TX_STEREO_4_PRESENT */
  95:.\Generated_Source\PSoC5/I2S.c ****     #endif /* (I2S_TX_DIRECTION_ENABLE) */
  96:.\Generated_Source\PSoC5/I2S.c ****     
  97:.\Generated_Source\PSoC5/I2S.c ****     /* Initialize Rx interrupt source and clipping thresholds selected in customizer */
  98:.\Generated_Source\PSoC5/I2S.c ****     #if (I2S_RX_DIRECTION_ENABLE)
  99:.\Generated_Source\PSoC5/I2S.c ****         I2S_SET_RX_INT_MASK(CH0, I2S_RX_INT_SOURCE);
  81              		.loc 1 99 0
  82 0010 0433     		adds	r3, r3, #4
  83 0012 1A78     		ldrb	r2, [r3]	@ zero_extendqisi2
  84 0014 02F0F802 		and	r2, r2, #248
  85 0018 1A70     		strb	r2, [r3]
  86 001a 1A78     		ldrb	r2, [r3]	@ zero_extendqisi2
  87 001c D2B2     		uxtb	r2, r2
  88 001e 1A70     		strb	r2, [r3]
  89 0020 7047     		bx	lr
  90              	.L7:
  91 0022 00BF     		.align	2
  92              	.L6:
  93 0024 81640040 		.word	1073767553
  94              		.cfi_endproc
  95              	.LFE1:
  96              		.size	I2S_Init, .-I2S_Init
  97              		.section	.text.I2S_Start,"ax",%progbits
  98              		.align	2
  99              		.global	I2S_Start
 100              		.thumb
 101              		.thumb_func
 102              		.type	I2S_Start, %function
 103              	I2S_Start:
 104              	.LFB2:
 100:.\Generated_Source\PSoC5/I2S.c ****         #if (I2S_CLIP_DETECT_ENABLE)
 101:.\Generated_Source\PSoC5/I2S.c ****             I2S_SET_POS_THRESHOLD(CH0, I2S_posThresholds[I2S_STEREO_0]);
 102:.\Generated_Source\PSoC5/I2S.c ****             I2S_SET_NEG_THRESHOLD(CH0, I2S_negThresholds[I2S_STEREO_0]);
 103:.\Generated_Source\PSoC5/I2S.c ****         #endif /* I2S_CLIP_DETECT_ENABLE */
 104:.\Generated_Source\PSoC5/I2S.c ****         #if (I2S_RX_STEREO_1_PRESENT)
 105:.\Generated_Source\PSoC5/I2S.c ****             I2S_SET_RX_INT_MASK(CH1, I2S_RX_INT_SOURCE);
 106:.\Generated_Source\PSoC5/I2S.c ****             #if (I2S_CLIP_DETECT_ENABLE)
 107:.\Generated_Source\PSoC5/I2S.c ****                 I2S_SET_POS_THRESHOLD(CH1, I2S_posThresholds[I2S_STEREO_1]);
 108:.\Generated_Source\PSoC5/I2S.c ****                 I2S_SET_NEG_THRESHOLD(CH1, I2S_negThresholds[I2S_STEREO_1]);
 109:.\Generated_Source\PSoC5/I2S.c ****             #endif /* I2S_CLIP_DETECT_ENABLE */
 110:.\Generated_Source\PSoC5/I2S.c ****         #endif /* I2S_RX_STEREO_1_PRESENT */
 111:.\Generated_Source\PSoC5/I2S.c ****         #if (I2S_RX_STEREO_2_PRESENT)
 112:.\Generated_Source\PSoC5/I2S.c ****             I2S_SET_RX_INT_MASK(CH2, I2S_RX_INT_SOURCE);
 113:.\Generated_Source\PSoC5/I2S.c ****             #if (I2S_CLIP_DETECT_ENABLE)
 114:.\Generated_Source\PSoC5/I2S.c ****                 I2S_SET_POS_THRESHOLD(CH2, I2S_posThresholds[I2S_STEREO_2]);
 115:.\Generated_Source\PSoC5/I2S.c ****                 I2S_SET_NEG_THRESHOLD(CH2, I2S_negThresholds[I2S_STEREO_2]);
 116:.\Generated_Source\PSoC5/I2S.c ****             #endif /* I2S_CLIP_DETECT_ENABLE */
 117:.\Generated_Source\PSoC5/I2S.c ****         #endif /* I2S_RX_STEREO_2_PRESENT */
 118:.\Generated_Source\PSoC5/I2S.c ****         #if (I2S_RX_STEREO_3_PRESENT)
 119:.\Generated_Source\PSoC5/I2S.c ****             I2S_SET_RX_INT_MASK(CH3, I2S_RX_INT_SOURCE);
 120:.\Generated_Source\PSoC5/I2S.c ****             #if (I2S_CLIP_DETECT_ENABLE)
 121:.\Generated_Source\PSoC5/I2S.c ****                 I2S_SET_POS_THRESHOLD(CH3, I2S_posThresholds[I2S_STEREO_3]);
 122:.\Generated_Source\PSoC5/I2S.c ****                 I2S_SET_NEG_THRESHOLD(CH3, I2S_negThresholds[I2S_STEREO_3]);
 123:.\Generated_Source\PSoC5/I2S.c ****             #endif /* I2S_CLIP_DETECT_ENABLE */
 124:.\Generated_Source\PSoC5/I2S.c ****         #endif /* I2S_RX_STEREO_3_PRESENT */
ARM GAS  C:\Users\Ian\AppData\Local\Temp\cc52uvxW.s 			page 5


 125:.\Generated_Source\PSoC5/I2S.c ****         #if (I2S_RX_STEREO_4_PRESENT)
 126:.\Generated_Source\PSoC5/I2S.c ****             I2S_SET_RX_INT_MASK(CH4, I2S_RX_INT_SOURCE);
 127:.\Generated_Source\PSoC5/I2S.c ****             #if (I2S_CLIP_DETECT_ENABLE)
 128:.\Generated_Source\PSoC5/I2S.c ****                 I2S_SET_POS_THRESHOLD(CH4, I2S_posThresholds[I2S_STEREO_4]);
 129:.\Generated_Source\PSoC5/I2S.c ****                 I2S_SET_NEG_THRESHOLD(CH4, I2S_negThresholds[I2S_STEREO_4]);
 130:.\Generated_Source\PSoC5/I2S.c ****             #endif /* I2S_CLIP_DETECT_ENABLE */
 131:.\Generated_Source\PSoC5/I2S.c ****         #endif /* I2S_RX_STEREO_4_PRESENT */
 132:.\Generated_Source\PSoC5/I2S.c ****     #endif /* (I2S_RX_DIRECTION_ENABLE) */
 133:.\Generated_Source\PSoC5/I2S.c **** }
 134:.\Generated_Source\PSoC5/I2S.c **** 
 135:.\Generated_Source\PSoC5/I2S.c **** 
 136:.\Generated_Source\PSoC5/I2S.c **** /*******************************************************************************
 137:.\Generated_Source\PSoC5/I2S.c **** * Function Name: I2S_Start
 138:.\Generated_Source\PSoC5/I2S.c **** ********************************************************************************
 139:.\Generated_Source\PSoC5/I2S.c **** *
 140:.\Generated_Source\PSoC5/I2S.c **** * Summary:
 141:.\Generated_Source\PSoC5/I2S.c **** *  Starts the I2S interface. Starts the generation of the sck and ws outputs.
 142:.\Generated_Source\PSoC5/I2S.c **** *  The Tx and Rx directions remain disabled.
 143:.\Generated_Source\PSoC5/I2S.c **** *
 144:.\Generated_Source\PSoC5/I2S.c **** * Parameters:
 145:.\Generated_Source\PSoC5/I2S.c **** *  None.
 146:.\Generated_Source\PSoC5/I2S.c **** *
 147:.\Generated_Source\PSoC5/I2S.c **** * Return:
 148:.\Generated_Source\PSoC5/I2S.c **** *  None.
 149:.\Generated_Source\PSoC5/I2S.c **** *
 150:.\Generated_Source\PSoC5/I2S.c **** * Global Variables:
 151:.\Generated_Source\PSoC5/I2S.c **** *  I2S_initVar - used to check initial configuration, modified on
 152:.\Generated_Source\PSoC5/I2S.c **** *  first function call.
 153:.\Generated_Source\PSoC5/I2S.c **** *
 154:.\Generated_Source\PSoC5/I2S.c **** * Reentrant:
 155:.\Generated_Source\PSoC5/I2S.c **** *  No.
 156:.\Generated_Source\PSoC5/I2S.c **** *
 157:.\Generated_Source\PSoC5/I2S.c **** *******************************************************************************/
 158:.\Generated_Source\PSoC5/I2S.c **** void I2S_Start(void) 
 159:.\Generated_Source\PSoC5/I2S.c **** {
 105              		.loc 1 159 0
 106              		.cfi_startproc
 107              		@ args = 0, pretend = 0, frame = 0
 108              		@ frame_needed = 0, uses_anonymous_args = 0
 109 0000 08B5     		push	{r3, lr}
 110              		.cfi_def_cfa_offset 8
 111              		.cfi_offset 3, -8
 112              		.cfi_offset 14, -4
 160:.\Generated_Source\PSoC5/I2S.c ****     if(0u == I2S_initVar)
 113              		.loc 1 160 0
 114 0002 054B     		ldr	r3, .L11
 115 0004 1B78     		ldrb	r3, [r3]	@ zero_extendqisi2
 116 0006 23B9     		cbnz	r3, .L9
 161:.\Generated_Source\PSoC5/I2S.c ****     {
 162:.\Generated_Source\PSoC5/I2S.c ****         I2S_Init();
 117              		.loc 1 162 0
 118 0008 FFF7FEFF 		bl	I2S_Init
 119              	.LVL2:
 163:.\Generated_Source\PSoC5/I2S.c ****         I2S_initVar = 1u;
 120              		.loc 1 163 0
 121 000c 0122     		movs	r2, #1
 122 000e 024B     		ldr	r3, .L11
ARM GAS  C:\Users\Ian\AppData\Local\Temp\cc52uvxW.s 			page 6


 123 0010 1A70     		strb	r2, [r3]
 124              	.L9:
 164:.\Generated_Source\PSoC5/I2S.c ****     }
 165:.\Generated_Source\PSoC5/I2S.c **** 
 166:.\Generated_Source\PSoC5/I2S.c ****     I2S_Enable();
 125              		.loc 1 166 0
 126 0012 FFF7FEFF 		bl	I2S_Enable
 127              	.LVL3:
 128 0016 08BD     		pop	{r3, pc}
 129              	.L12:
 130              		.align	2
 131              	.L11:
 132 0018 00000000 		.word	.LANCHOR0
 133              		.cfi_endproc
 134              	.LFE2:
 135              		.size	I2S_Start, .-I2S_Start
 136              		.section	.text.I2S_EnableTx,"ax",%progbits
 137              		.align	2
 138              		.global	I2S_EnableTx
 139              		.thumb
 140              		.thumb_func
 141              		.type	I2S_EnableTx, %function
 142              	I2S_EnableTx:
 143              	.LFB4:
 167:.\Generated_Source\PSoC5/I2S.c **** }
 168:.\Generated_Source\PSoC5/I2S.c **** 
 169:.\Generated_Source\PSoC5/I2S.c **** 
 170:.\Generated_Source\PSoC5/I2S.c **** /*******************************************************************************
 171:.\Generated_Source\PSoC5/I2S.c **** * Function Name: I2S_Stop
 172:.\Generated_Source\PSoC5/I2S.c **** ********************************************************************************
 173:.\Generated_Source\PSoC5/I2S.c **** *
 174:.\Generated_Source\PSoC5/I2S.c **** * Summary:
 175:.\Generated_Source\PSoC5/I2S.c **** *  Disables the I2S interface. The sck and ws outputs are set to 0. The Tx and
 176:.\Generated_Source\PSoC5/I2S.c **** *  Rx directions are disabled and their FIFOs are cleared.
 177:.\Generated_Source\PSoC5/I2S.c **** *
 178:.\Generated_Source\PSoC5/I2S.c **** * Parameters:
 179:.\Generated_Source\PSoC5/I2S.c **** *  None.
 180:.\Generated_Source\PSoC5/I2S.c **** *
 181:.\Generated_Source\PSoC5/I2S.c **** * Return:
 182:.\Generated_Source\PSoC5/I2S.c **** *  None.
 183:.\Generated_Source\PSoC5/I2S.c **** *
 184:.\Generated_Source\PSoC5/I2S.c **** *******************************************************************************/
 185:.\Generated_Source\PSoC5/I2S.c **** void I2S_Stop(void) 
 186:.\Generated_Source\PSoC5/I2S.c **** {
 187:.\Generated_Source\PSoC5/I2S.c ****     uint8 enableInterrupts;
 188:.\Generated_Source\PSoC5/I2S.c **** 
 189:.\Generated_Source\PSoC5/I2S.c ****     I2S_CONTROL_REG &= (uint8)~I2S_EN;
 190:.\Generated_Source\PSoC5/I2S.c **** 
 191:.\Generated_Source\PSoC5/I2S.c ****     enableInterrupts = CyEnterCriticalSection();
 192:.\Generated_Source\PSoC5/I2S.c ****     I2S_AUX_CONTROL_REG &= (uint8)~I2S_CNT_START;
 193:.\Generated_Source\PSoC5/I2S.c ****     CyExitCriticalSection(enableInterrupts);
 194:.\Generated_Source\PSoC5/I2S.c **** 
 195:.\Generated_Source\PSoC5/I2S.c ****     /* Clear counter value to force reload when component is enabled */
 196:.\Generated_Source\PSoC5/I2S.c ****     I2S_CNT_COUNT_REG = 0u;
 197:.\Generated_Source\PSoC5/I2S.c **** 
 198:.\Generated_Source\PSoC5/I2S.c ****     #if (I2S_TX_DIRECTION_ENABLE)
 199:.\Generated_Source\PSoC5/I2S.c ****         I2S_DisableTx();
ARM GAS  C:\Users\Ian\AppData\Local\Temp\cc52uvxW.s 			page 7


 200:.\Generated_Source\PSoC5/I2S.c ****         I2S_ClearTxFIFO();
 201:.\Generated_Source\PSoC5/I2S.c ****     #endif /* (I2S_TX_DIRECTION_ENABLE) */
 202:.\Generated_Source\PSoC5/I2S.c ****     
 203:.\Generated_Source\PSoC5/I2S.c ****     #if (I2S_RX_DIRECTION_ENABLE)
 204:.\Generated_Source\PSoC5/I2S.c ****         I2S_DisableRx();
 205:.\Generated_Source\PSoC5/I2S.c ****         I2S_ClearRxFIFO();
 206:.\Generated_Source\PSoC5/I2S.c ****     #endif /* (I2S_RX_DIRECTION_ENABLE) */
 207:.\Generated_Source\PSoC5/I2S.c **** }
 208:.\Generated_Source\PSoC5/I2S.c **** 
 209:.\Generated_Source\PSoC5/I2S.c **** #if (I2S_DYNAMIC_BIT_RESOLUTION)
 210:.\Generated_Source\PSoC5/I2S.c ****     /*******************************************************************************
 211:.\Generated_Source\PSoC5/I2S.c ****     * Function Name: I2S_SetDataBits
 212:.\Generated_Source\PSoC5/I2S.c ****     ********************************************************************************
 213:.\Generated_Source\PSoC5/I2S.c ****     *
 214:.\Generated_Source\PSoC5/I2S.c ****     * Summary:
 215:.\Generated_Source\PSoC5/I2S.c ****     *  Sets the number of data bits for each sample. The component must be stopped
 216:.\Generated_Source\PSoC5/I2S.c ****     *  before calling this API.
 217:.\Generated_Source\PSoC5/I2S.c ****     *
 218:.\Generated_Source\PSoC5/I2S.c ****     * Parameters:
 219:.\Generated_Source\PSoC5/I2S.c ****     *  dataBits: the number of data bits for each sample. Valid values - 8/16/24/32.
 220:.\Generated_Source\PSoC5/I2S.c ****     *  If Tx or Rx byte swapping is enabled, valid values are 16 and 24.
 221:.\Generated_Source\PSoC5/I2S.c ****     *
 222:.\Generated_Source\PSoC5/I2S.c ****     * Return:
 223:.\Generated_Source\PSoC5/I2S.c ****     *  CYRET_SUCCESS  : Operation is successful
 224:.\Generated_Source\PSoC5/I2S.c ****     *  CYRET_BAD_PARAM: Invalid parameter value
 225:.\Generated_Source\PSoC5/I2S.c ****     *
 226:.\Generated_Source\PSoC5/I2S.c ****     * Side effects:
 227:.\Generated_Source\PSoC5/I2S.c ****     *  Calling this API while the component is operating may cause unexpected
 228:.\Generated_Source\PSoC5/I2S.c ****     *  behavior.
 229:.\Generated_Source\PSoC5/I2S.c ****     *
 230:.\Generated_Source\PSoC5/I2S.c ****     *******************************************************************************/
 231:.\Generated_Source\PSoC5/I2S.c ****     cystatus I2S_SetDataBits(uint8 dataBits)   
 232:.\Generated_Source\PSoC5/I2S.c ****     {
 233:.\Generated_Source\PSoC5/I2S.c ****         cystatus status;
 234:.\Generated_Source\PSoC5/I2S.c **** 
 235:.\Generated_Source\PSoC5/I2S.c ****         CYASSERT((dataBits >= I2S_MIN_DATA_BITS) && (dataBits <= I2S_MAX_DATA_BITS));
 236:.\Generated_Source\PSoC5/I2S.c **** 
 237:.\Generated_Source\PSoC5/I2S.c ****         status = CYRET_SUCCESS;
 238:.\Generated_Source\PSoC5/I2S.c ****         /* The component must be stopped prior calling this API. Therefore
 239:.\Generated_Source\PSoC5/I2S.c ****         * all the control bits except the bits modified are zeros.
 240:.\Generated_Source\PSoC5/I2S.c ****         */
 241:.\Generated_Source\PSoC5/I2S.c ****         switch(dataBits)
 242:.\Generated_Source\PSoC5/I2S.c ****         {
 243:.\Generated_Source\PSoC5/I2S.c ****         case I2S_8BIT_DATA:
 244:.\Generated_Source\PSoC5/I2S.c ****             I2S_CONTROL_REG = I2S_8BIT_MODE;
 245:.\Generated_Source\PSoC5/I2S.c ****             break;
 246:.\Generated_Source\PSoC5/I2S.c ****         case I2S_16BIT_DATA:
 247:.\Generated_Source\PSoC5/I2S.c ****             I2S_CONTROL_REG = I2S_16BIT_MODE;
 248:.\Generated_Source\PSoC5/I2S.c ****             break;
 249:.\Generated_Source\PSoC5/I2S.c ****         case I2S_24BIT_DATA:
 250:.\Generated_Source\PSoC5/I2S.c ****             I2S_CONTROL_REG = I2S_24BIT_MODE;
 251:.\Generated_Source\PSoC5/I2S.c ****             break;
 252:.\Generated_Source\PSoC5/I2S.c ****         case I2S_32BIT_DATA:
 253:.\Generated_Source\PSoC5/I2S.c ****             I2S_CONTROL_REG = I2S_32BIT_MODE;
 254:.\Generated_Source\PSoC5/I2S.c ****             break;
 255:.\Generated_Source\PSoC5/I2S.c ****         default: status = CYRET_BAD_PARAM;
 256:.\Generated_Source\PSoC5/I2S.c ****             break;
ARM GAS  C:\Users\Ian\AppData\Local\Temp\cc52uvxW.s 			page 8


 257:.\Generated_Source\PSoC5/I2S.c ****         }
 258:.\Generated_Source\PSoC5/I2S.c **** 
 259:.\Generated_Source\PSoC5/I2S.c ****         return (status);
 260:.\Generated_Source\PSoC5/I2S.c ****     }
 261:.\Generated_Source\PSoC5/I2S.c **** 
 262:.\Generated_Source\PSoC5/I2S.c **** #endif /* I2S_DYNAMIC_BIT_RESOLUTION */
 263:.\Generated_Source\PSoC5/I2S.c **** 
 264:.\Generated_Source\PSoC5/I2S.c **** #if(I2S_TX_DIRECTION_ENABLE)
 265:.\Generated_Source\PSoC5/I2S.c ****     /*******************************************************************************
 266:.\Generated_Source\PSoC5/I2S.c ****     * Function Name: I2S_EnableTx
 267:.\Generated_Source\PSoC5/I2S.c ****     ********************************************************************************
 268:.\Generated_Source\PSoC5/I2S.c ****     *
 269:.\Generated_Source\PSoC5/I2S.c ****     * Summary:
 270:.\Generated_Source\PSoC5/I2S.c ****     *  Enables the Tx direction of the I2S interface.  At the next word
 271:.\Generated_Source\PSoC5/I2S.c ****     *  select falling edge transmission will begin.
 272:.\Generated_Source\PSoC5/I2S.c ****     *
 273:.\Generated_Source\PSoC5/I2S.c ****     * Parameters:
 274:.\Generated_Source\PSoC5/I2S.c ****     *  None.
 275:.\Generated_Source\PSoC5/I2S.c ****     *
 276:.\Generated_Source\PSoC5/I2S.c ****     * Return:
 277:.\Generated_Source\PSoC5/I2S.c ****     *  None.
 278:.\Generated_Source\PSoC5/I2S.c ****     *
 279:.\Generated_Source\PSoC5/I2S.c ****     *******************************************************************************/
 280:.\Generated_Source\PSoC5/I2S.c ****     void I2S_EnableTx(void) 
 281:.\Generated_Source\PSoC5/I2S.c ****     {
 144              		.loc 1 281 0
 145              		.cfi_startproc
 146              		@ args = 0, pretend = 0, frame = 0
 147              		@ frame_needed = 0, uses_anonymous_args = 0
 148 0000 08B5     		push	{r3, lr}
 149              		.cfi_def_cfa_offset 8
 150              		.cfi_offset 3, -8
 151              		.cfi_offset 14, -4
 282:.\Generated_Source\PSoC5/I2S.c ****         uint8 enableInterrupts;
 283:.\Generated_Source\PSoC5/I2S.c **** 
 284:.\Generated_Source\PSoC5/I2S.c ****         enableInterrupts = CyEnterCriticalSection();
 152              		.loc 1 284 0
 153 0002 FFF7FEFF 		bl	CyEnterCriticalSection
 154              	.LVL4:
 285:.\Generated_Source\PSoC5/I2S.c ****         I2S_TX_STS0_1_ACTL_REG |= I2S_INT_EN;
 155              		.loc 1 285 0
 156 0006 064A     		ldr	r2, .L15
 157 0008 1378     		ldrb	r3, [r2]	@ zero_extendqisi2
 158 000a 43F01003 		orr	r3, r3, #16
 159 000e 1370     		strb	r3, [r2]
 286:.\Generated_Source\PSoC5/I2S.c ****         #ifdef I2S_TX_STS2_3_ACTL_REG
 287:.\Generated_Source\PSoC5/I2S.c ****             I2S_TX_STS2_3_ACTL_REG |= I2S_INT_EN;
 288:.\Generated_Source\PSoC5/I2S.c ****         #endif /* I2S_TX_STS2_3_ACTL_REG */
 289:.\Generated_Source\PSoC5/I2S.c ****         #ifdef I2S_TX_STS4_ACTL_REG
 290:.\Generated_Source\PSoC5/I2S.c ****             I2S_TX_STS4_ACTL_REG |= I2S_INT_EN;
 291:.\Generated_Source\PSoC5/I2S.c ****         #endif /* I2S_TX_STS4_ACTL_REG */
 292:.\Generated_Source\PSoC5/I2S.c ****         CyExitCriticalSection(enableInterrupts);
 160              		.loc 1 292 0
 161 0010 FFF7FEFF 		bl	CyExitCriticalSection
 162              	.LVL5:
 293:.\Generated_Source\PSoC5/I2S.c ****         
 294:.\Generated_Source\PSoC5/I2S.c ****         I2S_CONTROL_REG |= I2S_TX_EN;
ARM GAS  C:\Users\Ian\AppData\Local\Temp\cc52uvxW.s 			page 9


 163              		.loc 1 294 0
 164 0014 034A     		ldr	r2, .L15+4
 165 0016 1378     		ldrb	r3, [r2]	@ zero_extendqisi2
 166 0018 43F00103 		orr	r3, r3, #1
 167 001c 1370     		strb	r3, [r2]
 168 001e 08BD     		pop	{r3, pc}
 169              	.L16:
 170              		.align	2
 171              	.L15:
 172 0020 91640040 		.word	1073767569
 173 0024 71640040 		.word	1073767537
 174              		.cfi_endproc
 175              	.LFE4:
 176              		.size	I2S_EnableTx, .-I2S_EnableTx
 177              		.section	.text.I2S_DisableTx,"ax",%progbits
 178              		.align	2
 179              		.global	I2S_DisableTx
 180              		.thumb
 181              		.thumb_func
 182              		.type	I2S_DisableTx, %function
 183              	I2S_DisableTx:
 184              	.LFB5:
 295:.\Generated_Source\PSoC5/I2S.c ****     }
 296:.\Generated_Source\PSoC5/I2S.c **** 
 297:.\Generated_Source\PSoC5/I2S.c **** 
 298:.\Generated_Source\PSoC5/I2S.c ****     /*******************************************************************************
 299:.\Generated_Source\PSoC5/I2S.c ****     * Function Name: I2S_DisableTx
 300:.\Generated_Source\PSoC5/I2S.c ****     ********************************************************************************
 301:.\Generated_Source\PSoC5/I2S.c ****     *
 302:.\Generated_Source\PSoC5/I2S.c ****     * Summary:
 303:.\Generated_Source\PSoC5/I2S.c ****     *  Disables the Tx direction of the I2S interface.  At the next word
 304:.\Generated_Source\PSoC5/I2S.c ****     *  select falling edge transmission of data will stop and a constant 0 value
 305:.\Generated_Source\PSoC5/I2S.c ****     *  will be transmitted.
 306:.\Generated_Source\PSoC5/I2S.c ****     *
 307:.\Generated_Source\PSoC5/I2S.c ****     * Parameters:
 308:.\Generated_Source\PSoC5/I2S.c ****     *  None.
 309:.\Generated_Source\PSoC5/I2S.c ****     *
 310:.\Generated_Source\PSoC5/I2S.c ****     * Return:
 311:.\Generated_Source\PSoC5/I2S.c ****     *  None.
 312:.\Generated_Source\PSoC5/I2S.c ****     *
 313:.\Generated_Source\PSoC5/I2S.c ****     *******************************************************************************/
 314:.\Generated_Source\PSoC5/I2S.c ****     void I2S_DisableTx(void) 
 315:.\Generated_Source\PSoC5/I2S.c ****     {
 185              		.loc 1 315 0
 186              		.cfi_startproc
 187              		@ args = 0, pretend = 0, frame = 0
 188              		@ frame_needed = 0, uses_anonymous_args = 0
 189 0000 08B5     		push	{r3, lr}
 190              		.cfi_def_cfa_offset 8
 191              		.cfi_offset 3, -8
 192              		.cfi_offset 14, -4
 316:.\Generated_Source\PSoC5/I2S.c ****         uint8 enableInterrupts;
 317:.\Generated_Source\PSoC5/I2S.c **** 
 318:.\Generated_Source\PSoC5/I2S.c ****         I2S_CONTROL_REG &= (uint8)~I2S_TX_EN;
 193              		.loc 1 318 0
 194 0002 074A     		ldr	r2, .L19
 195 0004 1378     		ldrb	r3, [r2]	@ zero_extendqisi2
ARM GAS  C:\Users\Ian\AppData\Local\Temp\cc52uvxW.s 			page 10


 196 0006 03F0FE03 		and	r3, r3, #254
 197 000a 1370     		strb	r3, [r2]
 319:.\Generated_Source\PSoC5/I2S.c **** 
 320:.\Generated_Source\PSoC5/I2S.c ****         enableInterrupts = CyEnterCriticalSection();
 198              		.loc 1 320 0
 199 000c FFF7FEFF 		bl	CyEnterCriticalSection
 200              	.LVL6:
 321:.\Generated_Source\PSoC5/I2S.c ****         I2S_TX_STS0_1_ACTL_REG &= (uint8)~I2S_INT_EN;
 201              		.loc 1 321 0
 202 0010 044A     		ldr	r2, .L19+4
 203 0012 1378     		ldrb	r3, [r2]	@ zero_extendqisi2
 204 0014 03F0EF03 		and	r3, r3, #239
 205 0018 1370     		strb	r3, [r2]
 322:.\Generated_Source\PSoC5/I2S.c ****         #ifdef I2S_TX_STS2_3_ACTL_REG
 323:.\Generated_Source\PSoC5/I2S.c ****             I2S_TX_STS2_3_ACTL_REG &= (uint8)~I2S_INT_EN;
 324:.\Generated_Source\PSoC5/I2S.c ****         #endif /* I2S_TX_STS2_3_ACTL_REG */
 325:.\Generated_Source\PSoC5/I2S.c ****         #ifdef I2S_TX_STS4_ACTL_REG
 326:.\Generated_Source\PSoC5/I2S.c ****             I2S_TX_STS4_ACTL_REG &= (uint8)~I2S_INT_EN;
 327:.\Generated_Source\PSoC5/I2S.c ****         #endif /* I2S_TX_STS4_ACTL_REG */
 328:.\Generated_Source\PSoC5/I2S.c ****         CyExitCriticalSection(enableInterrupts);
 206              		.loc 1 328 0
 207 001a FFF7FEFF 		bl	CyExitCriticalSection
 208              	.LVL7:
 209 001e 08BD     		pop	{r3, pc}
 210              	.L20:
 211              		.align	2
 212              	.L19:
 213 0020 71640040 		.word	1073767537
 214 0024 91640040 		.word	1073767569
 215              		.cfi_endproc
 216              	.LFE5:
 217              		.size	I2S_DisableTx, .-I2S_DisableTx
 218              		.section	.text.I2S_ClearTxFIFO,"ax",%progbits
 219              		.align	2
 220              		.global	I2S_ClearTxFIFO
 221              		.thumb
 222              		.thumb_func
 223              		.type	I2S_ClearTxFIFO, %function
 224              	I2S_ClearTxFIFO:
 225              	.LFB6:
 329:.\Generated_Source\PSoC5/I2S.c ****     }
 330:.\Generated_Source\PSoC5/I2S.c **** 
 331:.\Generated_Source\PSoC5/I2S.c **** 
 332:.\Generated_Source\PSoC5/I2S.c ****     /*******************************************************************************
 333:.\Generated_Source\PSoC5/I2S.c ****     * Function Name: I2S_ClearTxFIFO
 334:.\Generated_Source\PSoC5/I2S.c ****     ********************************************************************************
 335:.\Generated_Source\PSoC5/I2S.c ****     *
 336:.\Generated_Source\PSoC5/I2S.c ****     * Summary:
 337:.\Generated_Source\PSoC5/I2S.c ****     *  Clears out the FIFOs for all Tx channels. Any data present in the FIFO will
 338:.\Generated_Source\PSoC5/I2S.c ****     *  not be sent. This call should be made only when the Tx direction is disabled.
 339:.\Generated_Source\PSoC5/I2S.c ****     *
 340:.\Generated_Source\PSoC5/I2S.c ****     * Parameters:
 341:.\Generated_Source\PSoC5/I2S.c ****     *  None.
 342:.\Generated_Source\PSoC5/I2S.c ****     *
 343:.\Generated_Source\PSoC5/I2S.c ****     * Return:
 344:.\Generated_Source\PSoC5/I2S.c ****     *  None.
 345:.\Generated_Source\PSoC5/I2S.c ****     *
ARM GAS  C:\Users\Ian\AppData\Local\Temp\cc52uvxW.s 			page 11


 346:.\Generated_Source\PSoC5/I2S.c ****     *******************************************************************************/
 347:.\Generated_Source\PSoC5/I2S.c ****     void I2S_ClearTxFIFO(void) 
 348:.\Generated_Source\PSoC5/I2S.c ****     {
 226              		.loc 1 348 0
 227              		.cfi_startproc
 228              		@ args = 0, pretend = 0, frame = 0
 229              		@ frame_needed = 0, uses_anonymous_args = 0
 230 0000 08B5     		push	{r3, lr}
 231              		.cfi_def_cfa_offset 8
 232              		.cfi_offset 3, -8
 233              		.cfi_offset 14, -4
 349:.\Generated_Source\PSoC5/I2S.c ****         uint8 enableInterrupts;
 350:.\Generated_Source\PSoC5/I2S.c **** 
 351:.\Generated_Source\PSoC5/I2S.c ****         enableInterrupts = CyEnterCriticalSection();
 234              		.loc 1 351 0
 235 0002 FFF7FEFF 		bl	CyEnterCriticalSection
 236              	.LVL8:
 352:.\Generated_Source\PSoC5/I2S.c ****         I2S_CLEAR_TX_FIFO(CH0);
 237              		.loc 1 352 0
 238 0006 064B     		ldr	r3, .L23
 239 0008 1A78     		ldrb	r2, [r3]	@ zero_extendqisi2
 240 000a 42F00302 		orr	r2, r2, #3
 241 000e 1A70     		strb	r2, [r3]
 242 0010 1A78     		ldrb	r2, [r3]	@ zero_extendqisi2
 243 0012 02F0FC02 		and	r2, r2, #252
 244 0016 1A70     		strb	r2, [r3]
 353:.\Generated_Source\PSoC5/I2S.c ****         #if (I2S_TX_STEREO_1_PRESENT)
 354:.\Generated_Source\PSoC5/I2S.c ****             I2S_CLEAR_TX_FIFO(CH1);
 355:.\Generated_Source\PSoC5/I2S.c ****         #endif /* I2S_TX_STEREO_1_PRESENT */
 356:.\Generated_Source\PSoC5/I2S.c ****         #if (I2S_TX_STEREO_2_PRESENT)
 357:.\Generated_Source\PSoC5/I2S.c ****             I2S_CLEAR_TX_FIFO(CH2);
 358:.\Generated_Source\PSoC5/I2S.c ****         #endif /* I2S_TX_STEREO_2_PRESENT */
 359:.\Generated_Source\PSoC5/I2S.c ****         #if (I2S_TX_STEREO_3_PRESENT)
 360:.\Generated_Source\PSoC5/I2S.c ****             I2S_CLEAR_TX_FIFO(CH3);
 361:.\Generated_Source\PSoC5/I2S.c ****         #endif /* I2S_TX_STEREO_3_PRESENT */
 362:.\Generated_Source\PSoC5/I2S.c ****         #if (I2S_TX_STEREO_4_PRESENT)
 363:.\Generated_Source\PSoC5/I2S.c ****             I2S_CLEAR_TX_FIFO(CH4);
 364:.\Generated_Source\PSoC5/I2S.c ****         #endif /* I2S_TX_STEREO_4_PRESENT */
 365:.\Generated_Source\PSoC5/I2S.c ****         CyExitCriticalSection(enableInterrupts);
 245              		.loc 1 365 0
 246 0018 FFF7FEFF 		bl	CyExitCriticalSection
 247              	.LVL9:
 248 001c 08BD     		pop	{r3, pc}
 249              	.L24:
 250 001e 00BF     		.align	2
 251              	.L23:
 252 0020 91640040 		.word	1073767569
 253              		.cfi_endproc
 254              	.LFE6:
 255              		.size	I2S_ClearTxFIFO, .-I2S_ClearTxFIFO
 256              		.section	.text.I2S_EnableRx,"ax",%progbits
 257              		.align	2
 258              		.global	I2S_EnableRx
 259              		.thumb
 260              		.thumb_func
 261              		.type	I2S_EnableRx, %function
 262              	I2S_EnableRx:
ARM GAS  C:\Users\Ian\AppData\Local\Temp\cc52uvxW.s 			page 12


 263              	.LFB7:
 366:.\Generated_Source\PSoC5/I2S.c ****     }
 367:.\Generated_Source\PSoC5/I2S.c **** 
 368:.\Generated_Source\PSoC5/I2S.c **** #endif /* (I2S_TX_DIRECTION_ENABLE) */
 369:.\Generated_Source\PSoC5/I2S.c **** 
 370:.\Generated_Source\PSoC5/I2S.c **** 
 371:.\Generated_Source\PSoC5/I2S.c **** #if(I2S_RX_DIRECTION_ENABLE)
 372:.\Generated_Source\PSoC5/I2S.c ****     /*******************************************************************************
 373:.\Generated_Source\PSoC5/I2S.c ****     * Function Name: I2S_EnableRx
 374:.\Generated_Source\PSoC5/I2S.c ****     ********************************************************************************
 375:.\Generated_Source\PSoC5/I2S.c ****     *
 376:.\Generated_Source\PSoC5/I2S.c ****     * Summary:
 377:.\Generated_Source\PSoC5/I2S.c ****     *  Enables the Rx direction of the I2S interface.  At the next word
 378:.\Generated_Source\PSoC5/I2S.c ****     *  select falling edge reception of data will begin.
 379:.\Generated_Source\PSoC5/I2S.c ****     *
 380:.\Generated_Source\PSoC5/I2S.c ****     * Parameters:
 381:.\Generated_Source\PSoC5/I2S.c ****     *  None.
 382:.\Generated_Source\PSoC5/I2S.c ****     *
 383:.\Generated_Source\PSoC5/I2S.c ****     * Return:
 384:.\Generated_Source\PSoC5/I2S.c ****     *  None.
 385:.\Generated_Source\PSoC5/I2S.c ****     *
 386:.\Generated_Source\PSoC5/I2S.c ****     *******************************************************************************/
 387:.\Generated_Source\PSoC5/I2S.c ****     void I2S_EnableRx(void) 
 388:.\Generated_Source\PSoC5/I2S.c ****     {
 264              		.loc 1 388 0
 265              		.cfi_startproc
 266              		@ args = 0, pretend = 0, frame = 0
 267              		@ frame_needed = 0, uses_anonymous_args = 0
 268 0000 08B5     		push	{r3, lr}
 269              		.cfi_def_cfa_offset 8
 270              		.cfi_offset 3, -8
 271              		.cfi_offset 14, -4
 389:.\Generated_Source\PSoC5/I2S.c ****         uint8 enableInterrupts;
 390:.\Generated_Source\PSoC5/I2S.c **** 
 391:.\Generated_Source\PSoC5/I2S.c ****         enableInterrupts = CyEnterCriticalSection();
 272              		.loc 1 391 0
 273 0002 FFF7FEFF 		bl	CyEnterCriticalSection
 274              	.LVL10:
 392:.\Generated_Source\PSoC5/I2S.c ****         I2S_RX_STS0_1_ACTL_REG |= I2S_INT_EN;
 275              		.loc 1 392 0
 276 0006 064A     		ldr	r2, .L27
 277 0008 1378     		ldrb	r3, [r2]	@ zero_extendqisi2
 278 000a 43F01003 		orr	r3, r3, #16
 279 000e 1370     		strb	r3, [r2]
 393:.\Generated_Source\PSoC5/I2S.c ****         #ifdef I2S_RX_STS2_3_ACTL_REG
 394:.\Generated_Source\PSoC5/I2S.c ****             I2S_RX_STS2_3_ACTL_REG |= I2S_INT_EN;
 395:.\Generated_Source\PSoC5/I2S.c ****         #endif /* I2S_RX_STS2_3_ACTL_REG */
 396:.\Generated_Source\PSoC5/I2S.c ****         #ifdef I2S_RX_STS4_ACTL_REG
 397:.\Generated_Source\PSoC5/I2S.c ****             I2S_RX_STS4_ACTL_REG |= I2S_INT_EN;
 398:.\Generated_Source\PSoC5/I2S.c ****         #endif /* I2S_RX_STS4_ACTL_REG */
 399:.\Generated_Source\PSoC5/I2S.c ****         CyExitCriticalSection(enableInterrupts);
 280              		.loc 1 399 0
 281 0010 FFF7FEFF 		bl	CyExitCriticalSection
 282              	.LVL11:
 400:.\Generated_Source\PSoC5/I2S.c ****         
 401:.\Generated_Source\PSoC5/I2S.c ****         I2S_CONTROL_REG |= I2S_RX_EN;
 283              		.loc 1 401 0
ARM GAS  C:\Users\Ian\AppData\Local\Temp\cc52uvxW.s 			page 13


 284 0014 034A     		ldr	r2, .L27+4
 285 0016 1378     		ldrb	r3, [r2]	@ zero_extendqisi2
 286 0018 43F00203 		orr	r3, r3, #2
 287 001c 1370     		strb	r3, [r2]
 288 001e 08BD     		pop	{r3, pc}
 289              	.L28:
 290              		.align	2
 291              	.L27:
 292 0020 95640040 		.word	1073767573
 293 0024 71640040 		.word	1073767537
 294              		.cfi_endproc
 295              	.LFE7:
 296              		.size	I2S_EnableRx, .-I2S_EnableRx
 297              		.section	.text.I2S_DisableRx,"ax",%progbits
 298              		.align	2
 299              		.global	I2S_DisableRx
 300              		.thumb
 301              		.thumb_func
 302              		.type	I2S_DisableRx, %function
 303              	I2S_DisableRx:
 304              	.LFB8:
 402:.\Generated_Source\PSoC5/I2S.c ****     }
 403:.\Generated_Source\PSoC5/I2S.c **** 
 404:.\Generated_Source\PSoC5/I2S.c **** 
 405:.\Generated_Source\PSoC5/I2S.c ****     /*******************************************************************************
 406:.\Generated_Source\PSoC5/I2S.c ****     * Function Name: I2S_DisableRx
 407:.\Generated_Source\PSoC5/I2S.c ****     ********************************************************************************
 408:.\Generated_Source\PSoC5/I2S.c ****     *
 409:.\Generated_Source\PSoC5/I2S.c ****     * Summary:
 410:.\Generated_Source\PSoC5/I2S.c ****     *  Disables the Rx direction of the I2S interface.
 411:.\Generated_Source\PSoC5/I2S.c ****     *
 412:.\Generated_Source\PSoC5/I2S.c ****     * Parameters:
 413:.\Generated_Source\PSoC5/I2S.c ****     *  None.
 414:.\Generated_Source\PSoC5/I2S.c ****     *
 415:.\Generated_Source\PSoC5/I2S.c ****     * Return:
 416:.\Generated_Source\PSoC5/I2S.c ****     *  None.
 417:.\Generated_Source\PSoC5/I2S.c ****     *
 418:.\Generated_Source\PSoC5/I2S.c ****     *******************************************************************************/
 419:.\Generated_Source\PSoC5/I2S.c ****     void I2S_DisableRx(void) 
 420:.\Generated_Source\PSoC5/I2S.c ****     {
 305              		.loc 1 420 0
 306              		.cfi_startproc
 307              		@ args = 0, pretend = 0, frame = 0
 308              		@ frame_needed = 0, uses_anonymous_args = 0
 309 0000 08B5     		push	{r3, lr}
 310              		.cfi_def_cfa_offset 8
 311              		.cfi_offset 3, -8
 312              		.cfi_offset 14, -4
 421:.\Generated_Source\PSoC5/I2S.c ****         uint8 enableInterrupts;
 422:.\Generated_Source\PSoC5/I2S.c **** 
 423:.\Generated_Source\PSoC5/I2S.c ****         I2S_CONTROL_REG &= (uint8)~I2S_RX_EN;
 313              		.loc 1 423 0
 314 0002 074A     		ldr	r2, .L31
 315 0004 1378     		ldrb	r3, [r2]	@ zero_extendqisi2
 316 0006 03F0FD03 		and	r3, r3, #253
 317 000a 1370     		strb	r3, [r2]
 424:.\Generated_Source\PSoC5/I2S.c **** 
ARM GAS  C:\Users\Ian\AppData\Local\Temp\cc52uvxW.s 			page 14


 425:.\Generated_Source\PSoC5/I2S.c ****         enableInterrupts = CyEnterCriticalSection();
 318              		.loc 1 425 0
 319 000c FFF7FEFF 		bl	CyEnterCriticalSection
 320              	.LVL12:
 426:.\Generated_Source\PSoC5/I2S.c ****         I2S_RX_STS0_1_ACTL_REG &= (uint8)~I2S_INT_EN;
 321              		.loc 1 426 0
 322 0010 044A     		ldr	r2, .L31+4
 323 0012 1378     		ldrb	r3, [r2]	@ zero_extendqisi2
 324 0014 03F0EF03 		and	r3, r3, #239
 325 0018 1370     		strb	r3, [r2]
 427:.\Generated_Source\PSoC5/I2S.c ****         #ifdef I2S_RX_STS2_3_ACTL_REG
 428:.\Generated_Source\PSoC5/I2S.c ****             I2S_RX_STS2_3_ACTL_REG &= (uint8)~I2S_INT_EN;
 429:.\Generated_Source\PSoC5/I2S.c ****         #endif /* I2S_RX_STS2_3_ACTL_REG */
 430:.\Generated_Source\PSoC5/I2S.c ****         #ifdef I2S_RX_STS4_ACTL_REG
 431:.\Generated_Source\PSoC5/I2S.c ****             I2S_RX_STS4_ACTL_REG &= (uint8)~I2S_INT_EN;
 432:.\Generated_Source\PSoC5/I2S.c ****         #endif /* I2S_RX_STS4_ACTL_REG */
 433:.\Generated_Source\PSoC5/I2S.c ****         CyExitCriticalSection(enableInterrupts);
 326              		.loc 1 433 0
 327 001a FFF7FEFF 		bl	CyExitCriticalSection
 328              	.LVL13:
 329 001e 08BD     		pop	{r3, pc}
 330              	.L32:
 331              		.align	2
 332              	.L31:
 333 0020 71640040 		.word	1073767537
 334 0024 95640040 		.word	1073767573
 335              		.cfi_endproc
 336              	.LFE8:
 337              		.size	I2S_DisableRx, .-I2S_DisableRx
 338              		.section	.text.I2S_ClearRxFIFO,"ax",%progbits
 339              		.align	2
 340              		.global	I2S_ClearRxFIFO
 341              		.thumb
 342              		.thumb_func
 343              		.type	I2S_ClearRxFIFO, %function
 344              	I2S_ClearRxFIFO:
 345              	.LFB9:
 434:.\Generated_Source\PSoC5/I2S.c ****     }
 435:.\Generated_Source\PSoC5/I2S.c **** 
 436:.\Generated_Source\PSoC5/I2S.c **** 
 437:.\Generated_Source\PSoC5/I2S.c ****     /*******************************************************************************
 438:.\Generated_Source\PSoC5/I2S.c ****     * Function Name: I2S_ClearRxFIFO
 439:.\Generated_Source\PSoC5/I2S.c ****     ********************************************************************************
 440:.\Generated_Source\PSoC5/I2S.c ****     *
 441:.\Generated_Source\PSoC5/I2S.c ****     * Summary:
 442:.\Generated_Source\PSoC5/I2S.c ****     *  Clears out the Rx FIFO.  Any data present in the FIFO will be lost.
 443:.\Generated_Source\PSoC5/I2S.c ****     *  This call should be made only when the Rx direction is disabled.
 444:.\Generated_Source\PSoC5/I2S.c ****     *
 445:.\Generated_Source\PSoC5/I2S.c ****     * Parameters:
 446:.\Generated_Source\PSoC5/I2S.c ****     *  None.
 447:.\Generated_Source\PSoC5/I2S.c ****     *
 448:.\Generated_Source\PSoC5/I2S.c ****     * Return:
 449:.\Generated_Source\PSoC5/I2S.c ****     *  None.
 450:.\Generated_Source\PSoC5/I2S.c ****     *
 451:.\Generated_Source\PSoC5/I2S.c ****     *******************************************************************************/
 452:.\Generated_Source\PSoC5/I2S.c ****     void I2S_ClearRxFIFO(void) 
 453:.\Generated_Source\PSoC5/I2S.c ****     {
ARM GAS  C:\Users\Ian\AppData\Local\Temp\cc52uvxW.s 			page 15


 346              		.loc 1 453 0
 347              		.cfi_startproc
 348              		@ args = 0, pretend = 0, frame = 0
 349              		@ frame_needed = 0, uses_anonymous_args = 0
 350 0000 08B5     		push	{r3, lr}
 351              		.cfi_def_cfa_offset 8
 352              		.cfi_offset 3, -8
 353              		.cfi_offset 14, -4
 454:.\Generated_Source\PSoC5/I2S.c ****         uint8 enableInterrupts;
 455:.\Generated_Source\PSoC5/I2S.c **** 
 456:.\Generated_Source\PSoC5/I2S.c ****         enableInterrupts = CyEnterCriticalSection();
 354              		.loc 1 456 0
 355 0002 FFF7FEFF 		bl	CyEnterCriticalSection
 356              	.LVL14:
 457:.\Generated_Source\PSoC5/I2S.c ****         I2S_CLEAR_RX_FIFO(CH0);
 357              		.loc 1 457 0
 358 0006 064B     		ldr	r3, .L35
 359 0008 1A78     		ldrb	r2, [r3]	@ zero_extendqisi2
 360 000a 42F00302 		orr	r2, r2, #3
 361 000e 1A70     		strb	r2, [r3]
 362 0010 1A78     		ldrb	r2, [r3]	@ zero_extendqisi2
 363 0012 02F0FC02 		and	r2, r2, #252
 364 0016 1A70     		strb	r2, [r3]
 458:.\Generated_Source\PSoC5/I2S.c ****         #if (I2S_RX_STEREO_1_PRESENT)
 459:.\Generated_Source\PSoC5/I2S.c ****             I2S_CLEAR_RX_FIFO(CH1);
 460:.\Generated_Source\PSoC5/I2S.c ****         #endif /* I2S_RX_STEREO_1_PRESENT */
 461:.\Generated_Source\PSoC5/I2S.c ****         #if (I2S_RX_STEREO_2_PRESENT)
 462:.\Generated_Source\PSoC5/I2S.c ****             I2S_CLEAR_RX_FIFO(CH2);
 463:.\Generated_Source\PSoC5/I2S.c ****         #endif /* I2S_RX_STEREO_2_PRESENT */
 464:.\Generated_Source\PSoC5/I2S.c ****         #if (I2S_RX_STEREO_3_PRESENT)
 465:.\Generated_Source\PSoC5/I2S.c ****             I2S_CLEAR_RX_FIFO(CH3);
 466:.\Generated_Source\PSoC5/I2S.c ****         #endif /* I2S_RX_STEREO_3_PRESENT */
 467:.\Generated_Source\PSoC5/I2S.c ****         #if (I2S_RX_STEREO_4_PRESENT)
 468:.\Generated_Source\PSoC5/I2S.c ****             I2S_CLEAR_RX_FIFO(CH4);
 469:.\Generated_Source\PSoC5/I2S.c ****         #endif /* I2S_RX_STEREO_4_PRESENT */
 470:.\Generated_Source\PSoC5/I2S.c ****         CyExitCriticalSection(enableInterrupts);
 365              		.loc 1 470 0
 366 0018 FFF7FEFF 		bl	CyExitCriticalSection
 367              	.LVL15:
 368 001c 08BD     		pop	{r3, pc}
 369              	.L36:
 370 001e 00BF     		.align	2
 371              	.L35:
 372 0020 95640040 		.word	1073767573
 373              		.cfi_endproc
 374              	.LFE9:
 375              		.size	I2S_ClearRxFIFO, .-I2S_ClearRxFIFO
 376              		.section	.text.I2S_Stop,"ax",%progbits
 377              		.align	2
 378              		.global	I2S_Stop
 379              		.thumb
 380              		.thumb_func
 381              		.type	I2S_Stop, %function
 382              	I2S_Stop:
 383              	.LFB3:
 186:.\Generated_Source\PSoC5/I2S.c ****     uint8 enableInterrupts;
 384              		.loc 1 186 0
ARM GAS  C:\Users\Ian\AppData\Local\Temp\cc52uvxW.s 			page 16


 385              		.cfi_startproc
 386              		@ args = 0, pretend = 0, frame = 0
 387              		@ frame_needed = 0, uses_anonymous_args = 0
 388 0000 08B5     		push	{r3, lr}
 389              		.cfi_def_cfa_offset 8
 390              		.cfi_offset 3, -8
 391              		.cfi_offset 14, -4
 189:.\Generated_Source\PSoC5/I2S.c **** 
 392              		.loc 1 189 0
 393 0002 0D4A     		ldr	r2, .L39
 394 0004 1378     		ldrb	r3, [r2]	@ zero_extendqisi2
 395 0006 03F0FB03 		and	r3, r3, #251
 396 000a 1370     		strb	r3, [r2]
 191:.\Generated_Source\PSoC5/I2S.c ****     I2S_AUX_CONTROL_REG &= (uint8)~I2S_CNT_START;
 397              		.loc 1 191 0
 398 000c FFF7FEFF 		bl	CyEnterCriticalSection
 399              	.LVL16:
 192:.\Generated_Source\PSoC5/I2S.c ****     CyExitCriticalSection(enableInterrupts);
 400              		.loc 1 192 0
 401 0010 0A4A     		ldr	r2, .L39+4
 402 0012 1378     		ldrb	r3, [r2]	@ zero_extendqisi2
 403 0014 03F0DF03 		and	r3, r3, #223
 404 0018 1370     		strb	r3, [r2]
 193:.\Generated_Source\PSoC5/I2S.c **** 
 405              		.loc 1 193 0
 406 001a FFF7FEFF 		bl	CyExitCriticalSection
 407              	.LVL17:
 196:.\Generated_Source\PSoC5/I2S.c **** 
 408              		.loc 1 196 0
 409 001e 0022     		movs	r2, #0
 410 0020 074B     		ldr	r3, .L39+8
 411 0022 1A70     		strb	r2, [r3]
 199:.\Generated_Source\PSoC5/I2S.c ****         I2S_ClearTxFIFO();
 412              		.loc 1 199 0
 413 0024 FFF7FEFF 		bl	I2S_DisableTx
 414              	.LVL18:
 200:.\Generated_Source\PSoC5/I2S.c ****     #endif /* (I2S_TX_DIRECTION_ENABLE) */
 415              		.loc 1 200 0
 416 0028 FFF7FEFF 		bl	I2S_ClearTxFIFO
 417              	.LVL19:
 204:.\Generated_Source\PSoC5/I2S.c ****         I2S_ClearRxFIFO();
 418              		.loc 1 204 0
 419 002c FFF7FEFF 		bl	I2S_DisableRx
 420              	.LVL20:
 205:.\Generated_Source\PSoC5/I2S.c ****     #endif /* (I2S_RX_DIRECTION_ENABLE) */
 421              		.loc 1 205 0
 422 0030 FFF7FEFF 		bl	I2S_ClearRxFIFO
 423              	.LVL21:
 424 0034 08BD     		pop	{r3, pc}
 425              	.L40:
 426 0036 00BF     		.align	2
 427              	.L39:
 428 0038 71640040 		.word	1073767537
 429 003c 92640040 		.word	1073767570
 430 0040 72640040 		.word	1073767538
 431              		.cfi_endproc
 432              	.LFE3:
ARM GAS  C:\Users\Ian\AppData\Local\Temp\cc52uvxW.s 			page 17


 433              		.size	I2S_Stop, .-I2S_Stop
 434              		.global	I2S_initVar
 435              		.bss
 436              		.set	.LANCHOR0,. + 0
 437              		.type	I2S_initVar, %object
 438              		.size	I2S_initVar, 1
 439              	I2S_initVar:
 440 0000 00       		.space	1
 441              		.text
 442              	.Letext0:
 443              		.file 2 ".\\Generated_Source\\PSoC5\\cytypes.h"
 444              		.file 3 ".\\Generated_Source\\PSoC5\\CyLib.h"
 445              		.section	.debug_info,"",%progbits
 446              	.Ldebug_info0:
 447 0000 E9020000 		.4byte	0x2e9
 448 0004 0400     		.2byte	0x4
 449 0006 00000000 		.4byte	.Ldebug_abbrev0
 450 000a 04       		.byte	0x4
 451 000b 01       		.uleb128 0x1
 452 000c 9A000000 		.4byte	.LASF25
 453 0010 01       		.byte	0x1
 454 0011 C5010000 		.4byte	.LASF26
 455 0015 1E020000 		.4byte	.LASF27
 456 0019 00000000 		.4byte	.Ldebug_ranges0+0
 457 001d 00000000 		.4byte	0
 458 0021 00000000 		.4byte	.Ldebug_line0
 459 0025 02       		.uleb128 0x2
 460 0026 04       		.byte	0x4
 461 0027 05       		.byte	0x5
 462 0028 696E7400 		.ascii	"int\000"
 463 002c 03       		.uleb128 0x3
 464 002d 04       		.byte	0x4
 465 002e 07       		.byte	0x7
 466 002f 3F010000 		.4byte	.LASF0
 467 0033 03       		.uleb128 0x3
 468 0034 01       		.byte	0x1
 469 0035 06       		.byte	0x6
 470 0036 09020000 		.4byte	.LASF1
 471 003a 03       		.uleb128 0x3
 472 003b 01       		.byte	0x1
 473 003c 08       		.byte	0x8
 474 003d 4C000000 		.4byte	.LASF2
 475 0041 03       		.uleb128 0x3
 476 0042 02       		.byte	0x2
 477 0043 05       		.byte	0x5
 478 0044 BB010000 		.4byte	.LASF3
 479 0048 03       		.uleb128 0x3
 480 0049 02       		.byte	0x2
 481 004a 07       		.byte	0x7
 482 004b 1C000000 		.4byte	.LASF4
 483 004f 03       		.uleb128 0x3
 484 0050 04       		.byte	0x4
 485 0051 05       		.byte	0x5
 486 0052 F2010000 		.4byte	.LASF5
 487 0056 03       		.uleb128 0x3
 488 0057 04       		.byte	0x4
 489 0058 07       		.byte	0x7
ARM GAS  C:\Users\Ian\AppData\Local\Temp\cc52uvxW.s 			page 18


 490 0059 5F000000 		.4byte	.LASF6
 491 005d 03       		.uleb128 0x3
 492 005e 08       		.byte	0x8
 493 005f 05       		.byte	0x5
 494 0060 8E010000 		.4byte	.LASF7
 495 0064 03       		.uleb128 0x3
 496 0065 08       		.byte	0x8
 497 0066 07       		.byte	0x7
 498 0067 35000000 		.4byte	.LASF8
 499 006b 03       		.uleb128 0x3
 500 006c 04       		.byte	0x4
 501 006d 07       		.byte	0x7
 502 006e 85010000 		.4byte	.LASF9
 503 0072 03       		.uleb128 0x3
 504 0073 01       		.byte	0x1
 505 0074 08       		.byte	0x8
 506 0075 A9010000 		.4byte	.LASF10
 507 0079 04       		.uleb128 0x4
 508 007a 71000000 		.4byte	.LASF13
 509 007e 02       		.byte	0x2
 510 007f 5B       		.byte	0x5b
 511 0080 3A000000 		.4byte	0x3a
 512 0084 03       		.uleb128 0x3
 513 0085 04       		.byte	0x4
 514 0086 04       		.byte	0x4
 515 0087 2F000000 		.4byte	.LASF11
 516 008b 03       		.uleb128 0x3
 517 008c 08       		.byte	0x8
 518 008d 04       		.byte	0x4
 519 008e 88000000 		.4byte	.LASF12
 520 0092 04       		.uleb128 0x4
 521 0093 5A000000 		.4byte	.LASF14
 522 0097 02       		.byte	0x2
 523 0098 F0       		.byte	0xf0
 524 0099 9D000000 		.4byte	0x9d
 525 009d 05       		.uleb128 0x5
 526 009e 79000000 		.4byte	0x79
 527 00a2 06       		.uleb128 0x6
 528 00a3 8F000000 		.4byte	.LASF15
 529 00a7 01       		.byte	0x1
 530 00a8 29       		.byte	0x29
 531 00a9 00000000 		.4byte	.LFB0
 532 00ad 28000000 		.4byte	.LFE0-.LFB0
 533 00b1 01       		.uleb128 0x1
 534 00b2 9C       		.byte	0x9c
 535 00b3 D9000000 		.4byte	0xd9
 536 00b7 07       		.uleb128 0x7
 537 00b8 77000000 		.4byte	.LASF18
 538 00bc 01       		.byte	0x1
 539 00bd 2B       		.byte	0x2b
 540 00be 79000000 		.4byte	0x79
 541 00c2 00000000 		.4byte	.LLST0
 542 00c6 08       		.uleb128 0x8
 543 00c7 06000000 		.4byte	.LVL0
 544 00cb D4020000 		.4byte	0x2d4
 545 00cf 08       		.uleb128 0x8
 546 00d0 14000000 		.4byte	.LVL1
ARM GAS  C:\Users\Ian\AppData\Local\Temp\cc52uvxW.s 			page 19


 547 00d4 DF020000 		.4byte	0x2df
 548 00d8 00       		.byte	0
 549 00d9 09       		.uleb128 0x9
 550 00da 4C010000 		.4byte	.LASF28
 551 00de 01       		.byte	0x1
 552 00df 45       		.byte	0x45
 553 00e0 00000000 		.4byte	.LFB1
 554 00e4 28000000 		.4byte	.LFE1-.LFB1
 555 00e8 01       		.uleb128 0x1
 556 00e9 9C       		.byte	0x9c
 557 00ea 06       		.uleb128 0x6
 558 00eb 6B010000 		.4byte	.LASF16
 559 00ef 01       		.byte	0x1
 560 00f0 9E       		.byte	0x9e
 561 00f1 00000000 		.4byte	.LFB2
 562 00f5 1C000000 		.4byte	.LFE2-.LFB2
 563 00f9 01       		.uleb128 0x1
 564 00fa 9C       		.byte	0x9c
 565 00fb 12010000 		.4byte	0x112
 566 00ff 08       		.uleb128 0x8
 567 0100 0C000000 		.4byte	.LVL2
 568 0104 D9000000 		.4byte	0xd9
 569 0108 08       		.uleb128 0x8
 570 0109 16000000 		.4byte	.LVL3
 571 010d A2000000 		.4byte	0xa2
 572 0111 00       		.byte	0
 573 0112 0A       		.uleb128 0xa
 574 0113 AE010000 		.4byte	.LASF17
 575 0117 01       		.byte	0x1
 576 0118 1801     		.2byte	0x118
 577 011a 00000000 		.4byte	.LFB4
 578 011e 28000000 		.4byte	.LFE4-.LFB4
 579 0122 01       		.uleb128 0x1
 580 0123 9C       		.byte	0x9c
 581 0124 4B010000 		.4byte	0x14b
 582 0128 0B       		.uleb128 0xb
 583 0129 77000000 		.4byte	.LASF18
 584 012d 01       		.byte	0x1
 585 012e 1A01     		.2byte	0x11a
 586 0130 79000000 		.4byte	0x79
 587 0134 13000000 		.4byte	.LLST1
 588 0138 08       		.uleb128 0x8
 589 0139 06000000 		.4byte	.LVL4
 590 013d D4020000 		.4byte	0x2d4
 591 0141 08       		.uleb128 0x8
 592 0142 14000000 		.4byte	.LVL5
 593 0146 DF020000 		.4byte	0x2df
 594 014a 00       		.byte	0
 595 014b 0A       		.uleb128 0xa
 596 014c FB010000 		.4byte	.LASF19
 597 0150 01       		.byte	0x1
 598 0151 3A01     		.2byte	0x13a
 599 0153 00000000 		.4byte	.LFB5
 600 0157 28000000 		.4byte	.LFE5-.LFB5
 601 015b 01       		.uleb128 0x1
 602 015c 9C       		.byte	0x9c
 603 015d 84010000 		.4byte	0x184
ARM GAS  C:\Users\Ian\AppData\Local\Temp\cc52uvxW.s 			page 20


 604 0161 0B       		.uleb128 0xb
 605 0162 77000000 		.4byte	.LASF18
 606 0166 01       		.byte	0x1
 607 0167 3C01     		.2byte	0x13c
 608 0169 79000000 		.4byte	0x79
 609 016d 26000000 		.4byte	.LLST2
 610 0171 08       		.uleb128 0x8
 611 0172 10000000 		.4byte	.LVL6
 612 0176 D4020000 		.4byte	0x2d4
 613 017a 08       		.uleb128 0x8
 614 017b 1E000000 		.4byte	.LVL7
 615 017f DF020000 		.4byte	0x2df
 616 0183 00       		.byte	0
 617 0184 0A       		.uleb128 0xa
 618 0185 75010000 		.4byte	.LASF20
 619 0189 01       		.byte	0x1
 620 018a 5B01     		.2byte	0x15b
 621 018c 00000000 		.4byte	.LFB6
 622 0190 24000000 		.4byte	.LFE6-.LFB6
 623 0194 01       		.uleb128 0x1
 624 0195 9C       		.byte	0x9c
 625 0196 BD010000 		.4byte	0x1bd
 626 019a 0B       		.uleb128 0xb
 627 019b 77000000 		.4byte	.LASF18
 628 019f 01       		.byte	0x1
 629 01a0 5D01     		.2byte	0x15d
 630 01a2 79000000 		.4byte	0x79
 631 01a6 39000000 		.4byte	.LLST3
 632 01aa 08       		.uleb128 0x8
 633 01ab 06000000 		.4byte	.LVL8
 634 01af D4020000 		.4byte	0x2d4
 635 01b3 08       		.uleb128 0x8
 636 01b4 1C000000 		.4byte	.LVL9
 637 01b8 DF020000 		.4byte	0x2df
 638 01bc 00       		.byte	0
 639 01bd 0A       		.uleb128 0xa
 640 01be 9C010000 		.4byte	.LASF21
 641 01c2 01       		.byte	0x1
 642 01c3 8301     		.2byte	0x183
 643 01c5 00000000 		.4byte	.LFB7
 644 01c9 28000000 		.4byte	.LFE7-.LFB7
 645 01cd 01       		.uleb128 0x1
 646 01ce 9C       		.byte	0x9c
 647 01cf F6010000 		.4byte	0x1f6
 648 01d3 0B       		.uleb128 0xb
 649 01d4 77000000 		.4byte	.LASF18
 650 01d8 01       		.byte	0x1
 651 01d9 8501     		.2byte	0x185
 652 01db 79000000 		.4byte	0x79
 653 01df 4C000000 		.4byte	.LLST4
 654 01e3 08       		.uleb128 0x8
 655 01e4 06000000 		.4byte	.LVL10
 656 01e8 D4020000 		.4byte	0x2d4
 657 01ec 08       		.uleb128 0x8
 658 01ed 14000000 		.4byte	.LVL11
 659 01f1 DF020000 		.4byte	0x2df
 660 01f5 00       		.byte	0
ARM GAS  C:\Users\Ian\AppData\Local\Temp\cc52uvxW.s 			page 21


 661 01f6 0A       		.uleb128 0xa
 662 01f7 E4010000 		.4byte	.LASF22
 663 01fb 01       		.byte	0x1
 664 01fc A301     		.2byte	0x1a3
 665 01fe 00000000 		.4byte	.LFB8
 666 0202 28000000 		.4byte	.LFE8-.LFB8
 667 0206 01       		.uleb128 0x1
 668 0207 9C       		.byte	0x9c
 669 0208 2F020000 		.4byte	0x22f
 670 020c 0B       		.uleb128 0xb
 671 020d 77000000 		.4byte	.LASF18
 672 0211 01       		.byte	0x1
 673 0212 A501     		.2byte	0x1a5
 674 0214 79000000 		.4byte	0x79
 675 0218 5F000000 		.4byte	.LLST5
 676 021c 08       		.uleb128 0x8
 677 021d 10000000 		.4byte	.LVL12
 678 0221 D4020000 		.4byte	0x2d4
 679 0225 08       		.uleb128 0x8
 680 0226 1E000000 		.4byte	.LVL13
 681 022a DF020000 		.4byte	0x2df
 682 022e 00       		.byte	0
 683 022f 0A       		.uleb128 0xa
 684 0230 00000000 		.4byte	.LASF23
 685 0234 01       		.byte	0x1
 686 0235 C401     		.2byte	0x1c4
 687 0237 00000000 		.4byte	.LFB9
 688 023b 24000000 		.4byte	.LFE9-.LFB9
 689 023f 01       		.uleb128 0x1
 690 0240 9C       		.byte	0x9c
 691 0241 68020000 		.4byte	0x268
 692 0245 0B       		.uleb128 0xb
 693 0246 77000000 		.4byte	.LASF18
 694 024a 01       		.byte	0x1
 695 024b C601     		.2byte	0x1c6
 696 024d 79000000 		.4byte	0x79
 697 0251 72000000 		.4byte	.LLST6
 698 0255 08       		.uleb128 0x8
 699 0256 06000000 		.4byte	.LVL14
 700 025a D4020000 		.4byte	0x2d4
 701 025e 08       		.uleb128 0x8
 702 025f 1C000000 		.4byte	.LVL15
 703 0263 DF020000 		.4byte	0x2df
 704 0267 00       		.byte	0
 705 0268 06       		.uleb128 0x6
 706 0269 15020000 		.4byte	.LASF24
 707 026d 01       		.byte	0x1
 708 026e B9       		.byte	0xb9
 709 026f 00000000 		.4byte	.LFB3
 710 0273 44000000 		.4byte	.LFE3-.LFB3
 711 0277 01       		.uleb128 0x1
 712 0278 9C       		.byte	0x9c
 713 0279 C3020000 		.4byte	0x2c3
 714 027d 07       		.uleb128 0x7
 715 027e 77000000 		.4byte	.LASF18
 716 0282 01       		.byte	0x1
 717 0283 BB       		.byte	0xbb
ARM GAS  C:\Users\Ian\AppData\Local\Temp\cc52uvxW.s 			page 22


 718 0284 79000000 		.4byte	0x79
 719 0288 85000000 		.4byte	.LLST7
 720 028c 08       		.uleb128 0x8
 721 028d 10000000 		.4byte	.LVL16
 722 0291 D4020000 		.4byte	0x2d4
 723 0295 08       		.uleb128 0x8
 724 0296 1E000000 		.4byte	.LVL17
 725 029a DF020000 		.4byte	0x2df
 726 029e 08       		.uleb128 0x8
 727 029f 28000000 		.4byte	.LVL18
 728 02a3 4B010000 		.4byte	0x14b
 729 02a7 08       		.uleb128 0x8
 730 02a8 2C000000 		.4byte	.LVL19
 731 02ac 84010000 		.4byte	0x184
 732 02b0 08       		.uleb128 0x8
 733 02b1 30000000 		.4byte	.LVL20
 734 02b5 F6010000 		.4byte	0x1f6
 735 02b9 08       		.uleb128 0x8
 736 02ba 34000000 		.4byte	.LVL21
 737 02be 2F020000 		.4byte	0x22f
 738 02c2 00       		.byte	0
 739 02c3 0C       		.uleb128 0xc
 740 02c4 10000000 		.4byte	.LASF29
 741 02c8 01       		.byte	0x1
 742 02c9 15       		.byte	0x15
 743 02ca 79000000 		.4byte	0x79
 744 02ce 05       		.uleb128 0x5
 745 02cf 03       		.byte	0x3
 746 02d0 00000000 		.4byte	I2S_initVar
 747 02d4 0D       		.uleb128 0xd
 748 02d5 28010000 		.4byte	.LASF30
 749 02d9 03       		.byte	0x3
 750 02da 7E       		.byte	0x7e
 751 02db 79000000 		.4byte	0x79
 752 02df 0E       		.uleb128 0xe
 753 02e0 55010000 		.4byte	.LASF31
 754 02e4 03       		.byte	0x3
 755 02e5 7F       		.byte	0x7f
 756 02e6 0F       		.uleb128 0xf
 757 02e7 79000000 		.4byte	0x79
 758 02eb 00       		.byte	0
 759 02ec 00       		.byte	0
 760              		.section	.debug_abbrev,"",%progbits
 761              	.Ldebug_abbrev0:
 762 0000 01       		.uleb128 0x1
 763 0001 11       		.uleb128 0x11
 764 0002 01       		.byte	0x1
 765 0003 25       		.uleb128 0x25
 766 0004 0E       		.uleb128 0xe
 767 0005 13       		.uleb128 0x13
 768 0006 0B       		.uleb128 0xb
 769 0007 03       		.uleb128 0x3
 770 0008 0E       		.uleb128 0xe
 771 0009 1B       		.uleb128 0x1b
 772 000a 0E       		.uleb128 0xe
 773 000b 55       		.uleb128 0x55
 774 000c 17       		.uleb128 0x17
ARM GAS  C:\Users\Ian\AppData\Local\Temp\cc52uvxW.s 			page 23


 775 000d 11       		.uleb128 0x11
 776 000e 01       		.uleb128 0x1
 777 000f 10       		.uleb128 0x10
 778 0010 17       		.uleb128 0x17
 779 0011 00       		.byte	0
 780 0012 00       		.byte	0
 781 0013 02       		.uleb128 0x2
 782 0014 24       		.uleb128 0x24
 783 0015 00       		.byte	0
 784 0016 0B       		.uleb128 0xb
 785 0017 0B       		.uleb128 0xb
 786 0018 3E       		.uleb128 0x3e
 787 0019 0B       		.uleb128 0xb
 788 001a 03       		.uleb128 0x3
 789 001b 08       		.uleb128 0x8
 790 001c 00       		.byte	0
 791 001d 00       		.byte	0
 792 001e 03       		.uleb128 0x3
 793 001f 24       		.uleb128 0x24
 794 0020 00       		.byte	0
 795 0021 0B       		.uleb128 0xb
 796 0022 0B       		.uleb128 0xb
 797 0023 3E       		.uleb128 0x3e
 798 0024 0B       		.uleb128 0xb
 799 0025 03       		.uleb128 0x3
 800 0026 0E       		.uleb128 0xe
 801 0027 00       		.byte	0
 802 0028 00       		.byte	0
 803 0029 04       		.uleb128 0x4
 804 002a 16       		.uleb128 0x16
 805 002b 00       		.byte	0
 806 002c 03       		.uleb128 0x3
 807 002d 0E       		.uleb128 0xe
 808 002e 3A       		.uleb128 0x3a
 809 002f 0B       		.uleb128 0xb
 810 0030 3B       		.uleb128 0x3b
 811 0031 0B       		.uleb128 0xb
 812 0032 49       		.uleb128 0x49
 813 0033 13       		.uleb128 0x13
 814 0034 00       		.byte	0
 815 0035 00       		.byte	0
 816 0036 05       		.uleb128 0x5
 817 0037 35       		.uleb128 0x35
 818 0038 00       		.byte	0
 819 0039 49       		.uleb128 0x49
 820 003a 13       		.uleb128 0x13
 821 003b 00       		.byte	0
 822 003c 00       		.byte	0
 823 003d 06       		.uleb128 0x6
 824 003e 2E       		.uleb128 0x2e
 825 003f 01       		.byte	0x1
 826 0040 3F       		.uleb128 0x3f
 827 0041 19       		.uleb128 0x19
 828 0042 03       		.uleb128 0x3
 829 0043 0E       		.uleb128 0xe
 830 0044 3A       		.uleb128 0x3a
 831 0045 0B       		.uleb128 0xb
ARM GAS  C:\Users\Ian\AppData\Local\Temp\cc52uvxW.s 			page 24


 832 0046 3B       		.uleb128 0x3b
 833 0047 0B       		.uleb128 0xb
 834 0048 27       		.uleb128 0x27
 835 0049 19       		.uleb128 0x19
 836 004a 11       		.uleb128 0x11
 837 004b 01       		.uleb128 0x1
 838 004c 12       		.uleb128 0x12
 839 004d 06       		.uleb128 0x6
 840 004e 40       		.uleb128 0x40
 841 004f 18       		.uleb128 0x18
 842 0050 9742     		.uleb128 0x2117
 843 0052 19       		.uleb128 0x19
 844 0053 01       		.uleb128 0x1
 845 0054 13       		.uleb128 0x13
 846 0055 00       		.byte	0
 847 0056 00       		.byte	0
 848 0057 07       		.uleb128 0x7
 849 0058 34       		.uleb128 0x34
 850 0059 00       		.byte	0
 851 005a 03       		.uleb128 0x3
 852 005b 0E       		.uleb128 0xe
 853 005c 3A       		.uleb128 0x3a
 854 005d 0B       		.uleb128 0xb
 855 005e 3B       		.uleb128 0x3b
 856 005f 0B       		.uleb128 0xb
 857 0060 49       		.uleb128 0x49
 858 0061 13       		.uleb128 0x13
 859 0062 02       		.uleb128 0x2
 860 0063 17       		.uleb128 0x17
 861 0064 00       		.byte	0
 862 0065 00       		.byte	0
 863 0066 08       		.uleb128 0x8
 864 0067 898201   		.uleb128 0x4109
 865 006a 00       		.byte	0
 866 006b 11       		.uleb128 0x11
 867 006c 01       		.uleb128 0x1
 868 006d 31       		.uleb128 0x31
 869 006e 13       		.uleb128 0x13
 870 006f 00       		.byte	0
 871 0070 00       		.byte	0
 872 0071 09       		.uleb128 0x9
 873 0072 2E       		.uleb128 0x2e
 874 0073 00       		.byte	0
 875 0074 3F       		.uleb128 0x3f
 876 0075 19       		.uleb128 0x19
 877 0076 03       		.uleb128 0x3
 878 0077 0E       		.uleb128 0xe
 879 0078 3A       		.uleb128 0x3a
 880 0079 0B       		.uleb128 0xb
 881 007a 3B       		.uleb128 0x3b
 882 007b 0B       		.uleb128 0xb
 883 007c 27       		.uleb128 0x27
 884 007d 19       		.uleb128 0x19
 885 007e 11       		.uleb128 0x11
 886 007f 01       		.uleb128 0x1
 887 0080 12       		.uleb128 0x12
 888 0081 06       		.uleb128 0x6
ARM GAS  C:\Users\Ian\AppData\Local\Temp\cc52uvxW.s 			page 25


 889 0082 40       		.uleb128 0x40
 890 0083 18       		.uleb128 0x18
 891 0084 9742     		.uleb128 0x2117
 892 0086 19       		.uleb128 0x19
 893 0087 00       		.byte	0
 894 0088 00       		.byte	0
 895 0089 0A       		.uleb128 0xa
 896 008a 2E       		.uleb128 0x2e
 897 008b 01       		.byte	0x1
 898 008c 3F       		.uleb128 0x3f
 899 008d 19       		.uleb128 0x19
 900 008e 03       		.uleb128 0x3
 901 008f 0E       		.uleb128 0xe
 902 0090 3A       		.uleb128 0x3a
 903 0091 0B       		.uleb128 0xb
 904 0092 3B       		.uleb128 0x3b
 905 0093 05       		.uleb128 0x5
 906 0094 27       		.uleb128 0x27
 907 0095 19       		.uleb128 0x19
 908 0096 11       		.uleb128 0x11
 909 0097 01       		.uleb128 0x1
 910 0098 12       		.uleb128 0x12
 911 0099 06       		.uleb128 0x6
 912 009a 40       		.uleb128 0x40
 913 009b 18       		.uleb128 0x18
 914 009c 9742     		.uleb128 0x2117
 915 009e 19       		.uleb128 0x19
 916 009f 01       		.uleb128 0x1
 917 00a0 13       		.uleb128 0x13
 918 00a1 00       		.byte	0
 919 00a2 00       		.byte	0
 920 00a3 0B       		.uleb128 0xb
 921 00a4 34       		.uleb128 0x34
 922 00a5 00       		.byte	0
 923 00a6 03       		.uleb128 0x3
 924 00a7 0E       		.uleb128 0xe
 925 00a8 3A       		.uleb128 0x3a
 926 00a9 0B       		.uleb128 0xb
 927 00aa 3B       		.uleb128 0x3b
 928 00ab 05       		.uleb128 0x5
 929 00ac 49       		.uleb128 0x49
 930 00ad 13       		.uleb128 0x13
 931 00ae 02       		.uleb128 0x2
 932 00af 17       		.uleb128 0x17
 933 00b0 00       		.byte	0
 934 00b1 00       		.byte	0
 935 00b2 0C       		.uleb128 0xc
 936 00b3 34       		.uleb128 0x34
 937 00b4 00       		.byte	0
 938 00b5 03       		.uleb128 0x3
 939 00b6 0E       		.uleb128 0xe
 940 00b7 3A       		.uleb128 0x3a
 941 00b8 0B       		.uleb128 0xb
 942 00b9 3B       		.uleb128 0x3b
 943 00ba 0B       		.uleb128 0xb
 944 00bb 49       		.uleb128 0x49
 945 00bc 13       		.uleb128 0x13
ARM GAS  C:\Users\Ian\AppData\Local\Temp\cc52uvxW.s 			page 26


 946 00bd 3F       		.uleb128 0x3f
 947 00be 19       		.uleb128 0x19
 948 00bf 02       		.uleb128 0x2
 949 00c0 18       		.uleb128 0x18
 950 00c1 00       		.byte	0
 951 00c2 00       		.byte	0
 952 00c3 0D       		.uleb128 0xd
 953 00c4 2E       		.uleb128 0x2e
 954 00c5 00       		.byte	0
 955 00c6 3F       		.uleb128 0x3f
 956 00c7 19       		.uleb128 0x19
 957 00c8 03       		.uleb128 0x3
 958 00c9 0E       		.uleb128 0xe
 959 00ca 3A       		.uleb128 0x3a
 960 00cb 0B       		.uleb128 0xb
 961 00cc 3B       		.uleb128 0x3b
 962 00cd 0B       		.uleb128 0xb
 963 00ce 27       		.uleb128 0x27
 964 00cf 19       		.uleb128 0x19
 965 00d0 49       		.uleb128 0x49
 966 00d1 13       		.uleb128 0x13
 967 00d2 3C       		.uleb128 0x3c
 968 00d3 19       		.uleb128 0x19
 969 00d4 00       		.byte	0
 970 00d5 00       		.byte	0
 971 00d6 0E       		.uleb128 0xe
 972 00d7 2E       		.uleb128 0x2e
 973 00d8 01       		.byte	0x1
 974 00d9 3F       		.uleb128 0x3f
 975 00da 19       		.uleb128 0x19
 976 00db 03       		.uleb128 0x3
 977 00dc 0E       		.uleb128 0xe
 978 00dd 3A       		.uleb128 0x3a
 979 00de 0B       		.uleb128 0xb
 980 00df 3B       		.uleb128 0x3b
 981 00e0 0B       		.uleb128 0xb
 982 00e1 27       		.uleb128 0x27
 983 00e2 19       		.uleb128 0x19
 984 00e3 3C       		.uleb128 0x3c
 985 00e4 19       		.uleb128 0x19
 986 00e5 00       		.byte	0
 987 00e6 00       		.byte	0
 988 00e7 0F       		.uleb128 0xf
 989 00e8 05       		.uleb128 0x5
 990 00e9 00       		.byte	0
 991 00ea 49       		.uleb128 0x49
 992 00eb 13       		.uleb128 0x13
 993 00ec 00       		.byte	0
 994 00ed 00       		.byte	0
 995 00ee 00       		.byte	0
 996              		.section	.debug_loc,"",%progbits
 997              	.Ldebug_loc0:
 998              	.LLST0:
 999 0000 06000000 		.4byte	.LVL0
 1000 0004 13000000 		.4byte	.LVL1-1
 1001 0008 0100     		.2byte	0x1
 1002 000a 50       		.byte	0x50
ARM GAS  C:\Users\Ian\AppData\Local\Temp\cc52uvxW.s 			page 27


 1003 000b 00000000 		.4byte	0
 1004 000f 00000000 		.4byte	0
 1005              	.LLST1:
 1006 0013 06000000 		.4byte	.LVL4
 1007 0017 13000000 		.4byte	.LVL5-1
 1008 001b 0100     		.2byte	0x1
 1009 001d 50       		.byte	0x50
 1010 001e 00000000 		.4byte	0
 1011 0022 00000000 		.4byte	0
 1012              	.LLST2:
 1013 0026 10000000 		.4byte	.LVL6
 1014 002a 1D000000 		.4byte	.LVL7-1
 1015 002e 0100     		.2byte	0x1
 1016 0030 50       		.byte	0x50
 1017 0031 00000000 		.4byte	0
 1018 0035 00000000 		.4byte	0
 1019              	.LLST3:
 1020 0039 06000000 		.4byte	.LVL8
 1021 003d 1B000000 		.4byte	.LVL9-1
 1022 0041 0100     		.2byte	0x1
 1023 0043 50       		.byte	0x50
 1024 0044 00000000 		.4byte	0
 1025 0048 00000000 		.4byte	0
 1026              	.LLST4:
 1027 004c 06000000 		.4byte	.LVL10
 1028 0050 13000000 		.4byte	.LVL11-1
 1029 0054 0100     		.2byte	0x1
 1030 0056 50       		.byte	0x50
 1031 0057 00000000 		.4byte	0
 1032 005b 00000000 		.4byte	0
 1033              	.LLST5:
 1034 005f 10000000 		.4byte	.LVL12
 1035 0063 1D000000 		.4byte	.LVL13-1
 1036 0067 0100     		.2byte	0x1
 1037 0069 50       		.byte	0x50
 1038 006a 00000000 		.4byte	0
 1039 006e 00000000 		.4byte	0
 1040              	.LLST6:
 1041 0072 06000000 		.4byte	.LVL14
 1042 0076 1B000000 		.4byte	.LVL15-1
 1043 007a 0100     		.2byte	0x1
 1044 007c 50       		.byte	0x50
 1045 007d 00000000 		.4byte	0
 1046 0081 00000000 		.4byte	0
 1047              	.LLST7:
 1048 0085 10000000 		.4byte	.LVL16
 1049 0089 1D000000 		.4byte	.LVL17-1
 1050 008d 0100     		.2byte	0x1
 1051 008f 50       		.byte	0x50
 1052 0090 00000000 		.4byte	0
 1053 0094 00000000 		.4byte	0
 1054              		.section	.debug_aranges,"",%progbits
 1055 0000 64000000 		.4byte	0x64
 1056 0004 0200     		.2byte	0x2
 1057 0006 00000000 		.4byte	.Ldebug_info0
 1058 000a 04       		.byte	0x4
 1059 000b 00       		.byte	0
ARM GAS  C:\Users\Ian\AppData\Local\Temp\cc52uvxW.s 			page 28


 1060 000c 0000     		.2byte	0
 1061 000e 0000     		.2byte	0
 1062 0010 00000000 		.4byte	.LFB0
 1063 0014 28000000 		.4byte	.LFE0-.LFB0
 1064 0018 00000000 		.4byte	.LFB1
 1065 001c 28000000 		.4byte	.LFE1-.LFB1
 1066 0020 00000000 		.4byte	.LFB2
 1067 0024 1C000000 		.4byte	.LFE2-.LFB2
 1068 0028 00000000 		.4byte	.LFB4
 1069 002c 28000000 		.4byte	.LFE4-.LFB4
 1070 0030 00000000 		.4byte	.LFB5
 1071 0034 28000000 		.4byte	.LFE5-.LFB5
 1072 0038 00000000 		.4byte	.LFB6
 1073 003c 24000000 		.4byte	.LFE6-.LFB6
 1074 0040 00000000 		.4byte	.LFB7
 1075 0044 28000000 		.4byte	.LFE7-.LFB7
 1076 0048 00000000 		.4byte	.LFB8
 1077 004c 28000000 		.4byte	.LFE8-.LFB8
 1078 0050 00000000 		.4byte	.LFB9
 1079 0054 24000000 		.4byte	.LFE9-.LFB9
 1080 0058 00000000 		.4byte	.LFB3
 1081 005c 44000000 		.4byte	.LFE3-.LFB3
 1082 0060 00000000 		.4byte	0
 1083 0064 00000000 		.4byte	0
 1084              		.section	.debug_ranges,"",%progbits
 1085              	.Ldebug_ranges0:
 1086 0000 00000000 		.4byte	.LFB0
 1087 0004 28000000 		.4byte	.LFE0
 1088 0008 00000000 		.4byte	.LFB1
 1089 000c 28000000 		.4byte	.LFE1
 1090 0010 00000000 		.4byte	.LFB2
 1091 0014 1C000000 		.4byte	.LFE2
 1092 0018 00000000 		.4byte	.LFB4
 1093 001c 28000000 		.4byte	.LFE4
 1094 0020 00000000 		.4byte	.LFB5
 1095 0024 28000000 		.4byte	.LFE5
 1096 0028 00000000 		.4byte	.LFB6
 1097 002c 24000000 		.4byte	.LFE6
 1098 0030 00000000 		.4byte	.LFB7
 1099 0034 28000000 		.4byte	.LFE7
 1100 0038 00000000 		.4byte	.LFB8
 1101 003c 28000000 		.4byte	.LFE8
 1102 0040 00000000 		.4byte	.LFB9
 1103 0044 24000000 		.4byte	.LFE9
 1104 0048 00000000 		.4byte	.LFB3
 1105 004c 44000000 		.4byte	.LFE3
 1106 0050 00000000 		.4byte	0
 1107 0054 00000000 		.4byte	0
 1108              		.section	.debug_line,"",%progbits
 1109              	.Ldebug_line0:
 1110 0000 23010000 		.section	.debug_str,"MS",%progbits,1
 1110      02004D00 
 1110      00000201 
 1110      FB0E0D00 
 1110      01010101 
 1111              	.LASF23:
 1112 0000 4932535F 		.ascii	"I2S_ClearRxFIFO\000"
ARM GAS  C:\Users\Ian\AppData\Local\Temp\cc52uvxW.s 			page 29


 1112      436C6561 
 1112      72527846 
 1112      49464F00 
 1113              	.LASF29:
 1114 0010 4932535F 		.ascii	"I2S_initVar\000"
 1114      696E6974 
 1114      56617200 
 1115              	.LASF4:
 1116 001c 73686F72 		.ascii	"short unsigned int\000"
 1116      7420756E 
 1116      7369676E 
 1116      65642069 
 1116      6E7400
 1117              	.LASF11:
 1118 002f 666C6F61 		.ascii	"float\000"
 1118      7400
 1119              	.LASF8:
 1120 0035 6C6F6E67 		.ascii	"long long unsigned int\000"
 1120      206C6F6E 
 1120      6720756E 
 1120      7369676E 
 1120      65642069 
 1121              	.LASF2:
 1122 004c 756E7369 		.ascii	"unsigned char\000"
 1122      676E6564 
 1122      20636861 
 1122      7200
 1123              	.LASF14:
 1124 005a 72656738 		.ascii	"reg8\000"
 1124      00
 1125              	.LASF6:
 1126 005f 6C6F6E67 		.ascii	"long unsigned int\000"
 1126      20756E73 
 1126      69676E65 
 1126      6420696E 
 1126      7400
 1127              	.LASF13:
 1128 0071 75696E74 		.ascii	"uint8\000"
 1128      3800
 1129              	.LASF18:
 1130 0077 656E6162 		.ascii	"enableInterrupts\000"
 1130      6C65496E 
 1130      74657272 
 1130      75707473 
 1130      00
 1131              	.LASF12:
 1132 0088 646F7562 		.ascii	"double\000"
 1132      6C6500
 1133              	.LASF15:
 1134 008f 4932535F 		.ascii	"I2S_Enable\000"
 1134      456E6162 
 1134      6C6500
 1135              	.LASF25:
 1136 009a 474E5520 		.ascii	"GNU C 4.9.3 20150303 (release) [ARM/embedded-4_9-br"
 1136      4320342E 
 1136      392E3320 
 1136      32303135 
ARM GAS  C:\Users\Ian\AppData\Local\Temp\cc52uvxW.s 			page 30


 1136      30333033 
 1137 00cd 616E6368 		.ascii	"anch revision 221220] -mcpu=cortex-m3 -mthumb -g -O"
 1137      20726576 
 1137      6973696F 
 1137      6E203232 
 1137      31323230 
 1138 0100 67202D66 		.ascii	"g -ffunction-sections -ffat-lto-objects\000"
 1138      66756E63 
 1138      74696F6E 
 1138      2D736563 
 1138      74696F6E 
 1139              	.LASF30:
 1140 0128 4379456E 		.ascii	"CyEnterCriticalSection\000"
 1140      74657243 
 1140      72697469 
 1140      63616C53 
 1140      65637469 
 1141              	.LASF0:
 1142 013f 756E7369 		.ascii	"unsigned int\000"
 1142      676E6564 
 1142      20696E74 
 1142      00
 1143              	.LASF28:
 1144 014c 4932535F 		.ascii	"I2S_Init\000"
 1144      496E6974 
 1144      00
 1145              	.LASF31:
 1146 0155 43794578 		.ascii	"CyExitCriticalSection\000"
 1146      69744372 
 1146      69746963 
 1146      616C5365 
 1146      6374696F 
 1147              	.LASF16:
 1148 016b 4932535F 		.ascii	"I2S_Start\000"
 1148      53746172 
 1148      7400
 1149              	.LASF20:
 1150 0175 4932535F 		.ascii	"I2S_ClearTxFIFO\000"
 1150      436C6561 
 1150      72547846 
 1150      49464F00 
 1151              	.LASF9:
 1152 0185 73697A65 		.ascii	"sizetype\000"
 1152      74797065 
 1152      00
 1153              	.LASF7:
 1154 018e 6C6F6E67 		.ascii	"long long int\000"
 1154      206C6F6E 
 1154      6720696E 
 1154      7400
 1155              	.LASF21:
 1156 019c 4932535F 		.ascii	"I2S_EnableRx\000"
 1156      456E6162 
 1156      6C655278 
 1156      00
 1157              	.LASF10:
 1158 01a9 63686172 		.ascii	"char\000"
ARM GAS  C:\Users\Ian\AppData\Local\Temp\cc52uvxW.s 			page 31


 1158      00
 1159              	.LASF17:
 1160 01ae 4932535F 		.ascii	"I2S_EnableTx\000"
 1160      456E6162 
 1160      6C655478 
 1160      00
 1161              	.LASF3:
 1162 01bb 73686F72 		.ascii	"short int\000"
 1162      7420696E 
 1162      7400
 1163              	.LASF26:
 1164 01c5 2E5C4765 		.ascii	".\\Generated_Source\\PSoC5\\I2S.c\000"
 1164      6E657261 
 1164      7465645F 
 1164      536F7572 
 1164      63655C50 
 1165              	.LASF22:
 1166 01e4 4932535F 		.ascii	"I2S_DisableRx\000"
 1166      44697361 
 1166      626C6552 
 1166      7800
 1167              	.LASF5:
 1168 01f2 6C6F6E67 		.ascii	"long int\000"
 1168      20696E74 
 1168      00
 1169              	.LASF19:
 1170 01fb 4932535F 		.ascii	"I2S_DisableTx\000"
 1170      44697361 
 1170      626C6554 
 1170      7800
 1171              	.LASF1:
 1172 0209 7369676E 		.ascii	"signed char\000"
 1172      65642063 
 1172      68617200 
 1173              	.LASF24:
 1174 0215 4932535F 		.ascii	"I2S_Stop\000"
 1174      53746F70 
 1174      00
 1175              	.LASF27:
 1176 021e 433A5C55 		.ascii	"C:\\Users\\Ian\\Documents\\Junior\\Senior Project C"
 1176      73657273 
 1176      5C49616E 
 1176      5C446F63 
 1176      756D656E 
 1177 024c 68697020 		.ascii	"hip Design\\Chip-Design\\proj_asic\\psoc\\Wave Gene"
 1177      44657369 
 1177      676E5C43 
 1177      6869702D 
 1177      44657369 
 1178 027b 7261746F 		.ascii	"rator\\Wave Generator.cydsn\000"
 1178      725C5761 
 1178      76652047 
 1178      656E6572 
 1178      61746F72 
 1179              		.ident	"GCC: (GNU Tools for ARM Embedded Processors) 4.9.3 20150303 (release) [ARM/embedded-4_9-br
