ARM GAS  C:\Users\Ian\AppData\Local\Temp\cc3Fyape.s 			page 1


   1              		.syntax unified
   2              		.cpu cortex-m3
   3              		.fpu softvfp
   4              		.eabi_attribute 20, 1
   5              		.eabi_attribute 21, 1
   6              		.eabi_attribute 23, 3
   7              		.eabi_attribute 24, 1
   8              		.eabi_attribute 25, 1
   9              		.eabi_attribute 26, 1
  10              		.eabi_attribute 30, 1
  11              		.eabi_attribute 34, 1
  12              		.eabi_attribute 18, 4
  13              		.thumb
  14              		.file	"UART_PM.c"
  15              		.text
  16              	.Ltext0:
  17              		.cfi_sections	.debug_frame
  18              		.section	.text.UART_SaveConfig,"ax",%progbits
  19              		.align	2
  20              		.global	UART_SaveConfig
  21              		.thumb
  22              		.thumb_func
  23              		.type	UART_SaveConfig, %function
  24              	UART_SaveConfig:
  25              	.LFB0:
  26              		.file 1 ".\\Generated_Source\\PSoC5\\UART_PM.c"
   1:.\Generated_Source\PSoC5/UART_PM.c **** /*******************************************************************************
   2:.\Generated_Source\PSoC5/UART_PM.c **** * File Name: UART_PM.c
   3:.\Generated_Source\PSoC5/UART_PM.c **** * Version 2.50
   4:.\Generated_Source\PSoC5/UART_PM.c **** *
   5:.\Generated_Source\PSoC5/UART_PM.c **** * Description:
   6:.\Generated_Source\PSoC5/UART_PM.c **** *  This file provides Sleep/WakeUp APIs functionality.
   7:.\Generated_Source\PSoC5/UART_PM.c **** *
   8:.\Generated_Source\PSoC5/UART_PM.c **** * Note:
   9:.\Generated_Source\PSoC5/UART_PM.c **** *
  10:.\Generated_Source\PSoC5/UART_PM.c **** ********************************************************************************
  11:.\Generated_Source\PSoC5/UART_PM.c **** * Copyright 2008-2015, Cypress Semiconductor Corporation.  All rights reserved.
  12:.\Generated_Source\PSoC5/UART_PM.c **** * You may use this file only in accordance with the license, terms, conditions,
  13:.\Generated_Source\PSoC5/UART_PM.c **** * disclaimers, and limitations in the end user license agreement accompanying
  14:.\Generated_Source\PSoC5/UART_PM.c **** * the software package with which this file was provided.
  15:.\Generated_Source\PSoC5/UART_PM.c **** *******************************************************************************/
  16:.\Generated_Source\PSoC5/UART_PM.c **** 
  17:.\Generated_Source\PSoC5/UART_PM.c **** #include "UART.h"
  18:.\Generated_Source\PSoC5/UART_PM.c **** 
  19:.\Generated_Source\PSoC5/UART_PM.c **** 
  20:.\Generated_Source\PSoC5/UART_PM.c **** /***************************************
  21:.\Generated_Source\PSoC5/UART_PM.c **** * Local data allocation
  22:.\Generated_Source\PSoC5/UART_PM.c **** ***************************************/
  23:.\Generated_Source\PSoC5/UART_PM.c **** 
  24:.\Generated_Source\PSoC5/UART_PM.c **** static UART_BACKUP_STRUCT  UART_backup =
  25:.\Generated_Source\PSoC5/UART_PM.c **** {
  26:.\Generated_Source\PSoC5/UART_PM.c ****     /* enableState - disabled */
  27:.\Generated_Source\PSoC5/UART_PM.c ****     0u,
  28:.\Generated_Source\PSoC5/UART_PM.c **** };
  29:.\Generated_Source\PSoC5/UART_PM.c **** 
  30:.\Generated_Source\PSoC5/UART_PM.c **** 
  31:.\Generated_Source\PSoC5/UART_PM.c **** 
ARM GAS  C:\Users\Ian\AppData\Local\Temp\cc3Fyape.s 			page 2


  32:.\Generated_Source\PSoC5/UART_PM.c **** /*******************************************************************************
  33:.\Generated_Source\PSoC5/UART_PM.c **** * Function Name: UART_SaveConfig
  34:.\Generated_Source\PSoC5/UART_PM.c **** ********************************************************************************
  35:.\Generated_Source\PSoC5/UART_PM.c **** *
  36:.\Generated_Source\PSoC5/UART_PM.c **** * Summary:
  37:.\Generated_Source\PSoC5/UART_PM.c **** *  This function saves the component nonretention control register.
  38:.\Generated_Source\PSoC5/UART_PM.c **** *  Does not save the FIFO which is a set of nonretention registers.
  39:.\Generated_Source\PSoC5/UART_PM.c **** *  This function is called by the UART_Sleep() function.
  40:.\Generated_Source\PSoC5/UART_PM.c **** *
  41:.\Generated_Source\PSoC5/UART_PM.c **** * Parameters:
  42:.\Generated_Source\PSoC5/UART_PM.c **** *  None.
  43:.\Generated_Source\PSoC5/UART_PM.c **** *
  44:.\Generated_Source\PSoC5/UART_PM.c **** * Return:
  45:.\Generated_Source\PSoC5/UART_PM.c **** *  None.
  46:.\Generated_Source\PSoC5/UART_PM.c **** *
  47:.\Generated_Source\PSoC5/UART_PM.c **** * Global Variables:
  48:.\Generated_Source\PSoC5/UART_PM.c **** *  UART_backup - modified when non-retention registers are saved.
  49:.\Generated_Source\PSoC5/UART_PM.c **** *
  50:.\Generated_Source\PSoC5/UART_PM.c **** * Reentrant:
  51:.\Generated_Source\PSoC5/UART_PM.c **** *  No.
  52:.\Generated_Source\PSoC5/UART_PM.c **** *
  53:.\Generated_Source\PSoC5/UART_PM.c **** *******************************************************************************/
  54:.\Generated_Source\PSoC5/UART_PM.c **** void UART_SaveConfig(void)
  55:.\Generated_Source\PSoC5/UART_PM.c **** {
  27              		.loc 1 55 0
  28              		.cfi_startproc
  29              		@ args = 0, pretend = 0, frame = 0
  30              		@ frame_needed = 0, uses_anonymous_args = 0
  31              		@ link register save eliminated.
  32 0000 7047     		bx	lr
  33              		.cfi_endproc
  34              	.LFE0:
  35              		.size	UART_SaveConfig, .-UART_SaveConfig
  36 0002 00BF     		.section	.text.UART_RestoreConfig,"ax",%progbits
  37              		.align	2
  38              		.global	UART_RestoreConfig
  39              		.thumb
  40              		.thumb_func
  41              		.type	UART_RestoreConfig, %function
  42              	UART_RestoreConfig:
  43              	.LFB1:
  56:.\Generated_Source\PSoC5/UART_PM.c ****     #if(UART_CONTROL_REG_REMOVED == 0u)
  57:.\Generated_Source\PSoC5/UART_PM.c ****         UART_backup.cr = UART_CONTROL_REG;
  58:.\Generated_Source\PSoC5/UART_PM.c ****     #endif /* End UART_CONTROL_REG_REMOVED */
  59:.\Generated_Source\PSoC5/UART_PM.c **** }
  60:.\Generated_Source\PSoC5/UART_PM.c **** 
  61:.\Generated_Source\PSoC5/UART_PM.c **** 
  62:.\Generated_Source\PSoC5/UART_PM.c **** /*******************************************************************************
  63:.\Generated_Source\PSoC5/UART_PM.c **** * Function Name: UART_RestoreConfig
  64:.\Generated_Source\PSoC5/UART_PM.c **** ********************************************************************************
  65:.\Generated_Source\PSoC5/UART_PM.c **** *
  66:.\Generated_Source\PSoC5/UART_PM.c **** * Summary:
  67:.\Generated_Source\PSoC5/UART_PM.c **** *  Restores the nonretention control register except FIFO.
  68:.\Generated_Source\PSoC5/UART_PM.c **** *  Does not restore the FIFO which is a set of nonretention registers.
  69:.\Generated_Source\PSoC5/UART_PM.c **** *
  70:.\Generated_Source\PSoC5/UART_PM.c **** * Parameters:
  71:.\Generated_Source\PSoC5/UART_PM.c **** *  None.
ARM GAS  C:\Users\Ian\AppData\Local\Temp\cc3Fyape.s 			page 3


  72:.\Generated_Source\PSoC5/UART_PM.c **** *
  73:.\Generated_Source\PSoC5/UART_PM.c **** * Return:
  74:.\Generated_Source\PSoC5/UART_PM.c **** *  None.
  75:.\Generated_Source\PSoC5/UART_PM.c **** *
  76:.\Generated_Source\PSoC5/UART_PM.c **** * Global Variables:
  77:.\Generated_Source\PSoC5/UART_PM.c **** *  UART_backup - used when non-retention registers are restored.
  78:.\Generated_Source\PSoC5/UART_PM.c **** *
  79:.\Generated_Source\PSoC5/UART_PM.c **** * Reentrant:
  80:.\Generated_Source\PSoC5/UART_PM.c **** *  No.
  81:.\Generated_Source\PSoC5/UART_PM.c **** *
  82:.\Generated_Source\PSoC5/UART_PM.c **** * Notes:
  83:.\Generated_Source\PSoC5/UART_PM.c **** *  If this function is called without calling UART_SaveConfig() 
  84:.\Generated_Source\PSoC5/UART_PM.c **** *  first, the data loaded may be incorrect.
  85:.\Generated_Source\PSoC5/UART_PM.c **** *
  86:.\Generated_Source\PSoC5/UART_PM.c **** *******************************************************************************/
  87:.\Generated_Source\PSoC5/UART_PM.c **** void UART_RestoreConfig(void)
  88:.\Generated_Source\PSoC5/UART_PM.c **** {
  44              		.loc 1 88 0
  45              		.cfi_startproc
  46              		@ args = 0, pretend = 0, frame = 0
  47              		@ frame_needed = 0, uses_anonymous_args = 0
  48              		@ link register save eliminated.
  49 0000 7047     		bx	lr
  50              		.cfi_endproc
  51              	.LFE1:
  52              		.size	UART_RestoreConfig, .-UART_RestoreConfig
  53 0002 00BF     		.section	.text.UART_Sleep,"ax",%progbits
  54              		.align	2
  55              		.global	UART_Sleep
  56              		.thumb
  57              		.thumb_func
  58              		.type	UART_Sleep, %function
  59              	UART_Sleep:
  60              	.LFB2:
  89:.\Generated_Source\PSoC5/UART_PM.c ****     #if(UART_CONTROL_REG_REMOVED == 0u)
  90:.\Generated_Source\PSoC5/UART_PM.c ****         UART_CONTROL_REG = UART_backup.cr;
  91:.\Generated_Source\PSoC5/UART_PM.c ****     #endif /* End UART_CONTROL_REG_REMOVED */
  92:.\Generated_Source\PSoC5/UART_PM.c **** }
  93:.\Generated_Source\PSoC5/UART_PM.c **** 
  94:.\Generated_Source\PSoC5/UART_PM.c **** 
  95:.\Generated_Source\PSoC5/UART_PM.c **** /*******************************************************************************
  96:.\Generated_Source\PSoC5/UART_PM.c **** * Function Name: UART_Sleep
  97:.\Generated_Source\PSoC5/UART_PM.c **** ********************************************************************************
  98:.\Generated_Source\PSoC5/UART_PM.c **** *
  99:.\Generated_Source\PSoC5/UART_PM.c **** * Summary:
 100:.\Generated_Source\PSoC5/UART_PM.c **** *  This is the preferred API to prepare the component for sleep. 
 101:.\Generated_Source\PSoC5/UART_PM.c **** *  The UART_Sleep() API saves the current component state. Then it
 102:.\Generated_Source\PSoC5/UART_PM.c **** *  calls the UART_Stop() function and calls 
 103:.\Generated_Source\PSoC5/UART_PM.c **** *  UART_SaveConfig() to save the hardware configuration.
 104:.\Generated_Source\PSoC5/UART_PM.c **** *  Call the UART_Sleep() function before calling the CyPmSleep() 
 105:.\Generated_Source\PSoC5/UART_PM.c **** *  or the CyPmHibernate() function. 
 106:.\Generated_Source\PSoC5/UART_PM.c **** *
 107:.\Generated_Source\PSoC5/UART_PM.c **** * Parameters:
 108:.\Generated_Source\PSoC5/UART_PM.c **** *  None.
 109:.\Generated_Source\PSoC5/UART_PM.c **** *
 110:.\Generated_Source\PSoC5/UART_PM.c **** * Return:
 111:.\Generated_Source\PSoC5/UART_PM.c **** *  None.
ARM GAS  C:\Users\Ian\AppData\Local\Temp\cc3Fyape.s 			page 4


 112:.\Generated_Source\PSoC5/UART_PM.c **** *
 113:.\Generated_Source\PSoC5/UART_PM.c **** * Global Variables:
 114:.\Generated_Source\PSoC5/UART_PM.c **** *  UART_backup - modified when non-retention registers are saved.
 115:.\Generated_Source\PSoC5/UART_PM.c **** *
 116:.\Generated_Source\PSoC5/UART_PM.c **** * Reentrant:
 117:.\Generated_Source\PSoC5/UART_PM.c **** *  No.
 118:.\Generated_Source\PSoC5/UART_PM.c **** *
 119:.\Generated_Source\PSoC5/UART_PM.c **** *******************************************************************************/
 120:.\Generated_Source\PSoC5/UART_PM.c **** void UART_Sleep(void)
 121:.\Generated_Source\PSoC5/UART_PM.c **** {
  61              		.loc 1 121 0
  62              		.cfi_startproc
  63              		@ args = 0, pretend = 0, frame = 0
  64              		@ frame_needed = 0, uses_anonymous_args = 0
  65              		.loc 1 121 0
  66 0000 08B5     		push	{r3, lr}
  67              		.cfi_def_cfa_offset 8
  68              		.cfi_offset 3, -8
  69              		.cfi_offset 14, -4
 122:.\Generated_Source\PSoC5/UART_PM.c ****     #if(UART_RX_ENABLED || UART_HD_ENABLED)
 123:.\Generated_Source\PSoC5/UART_PM.c ****         if((UART_RXSTATUS_ACTL_REG  & UART_INT_ENABLE) != 0u)
 124:.\Generated_Source\PSoC5/UART_PM.c ****         {
 125:.\Generated_Source\PSoC5/UART_PM.c ****             UART_backup.enableState = 1u;
 126:.\Generated_Source\PSoC5/UART_PM.c ****         }
 127:.\Generated_Source\PSoC5/UART_PM.c ****         else
 128:.\Generated_Source\PSoC5/UART_PM.c ****         {
 129:.\Generated_Source\PSoC5/UART_PM.c ****             UART_backup.enableState = 0u;
 130:.\Generated_Source\PSoC5/UART_PM.c ****         }
 131:.\Generated_Source\PSoC5/UART_PM.c ****     #else
 132:.\Generated_Source\PSoC5/UART_PM.c ****         if((UART_TXSTATUS_ACTL_REG  & UART_INT_ENABLE) !=0u)
  70              		.loc 1 132 0
  71 0002 074B     		ldr	r3, .L7
  72 0004 1B78     		ldrb	r3, [r3]	@ zero_extendqisi2
  73 0006 13F0100F 		tst	r3, #16
  74 000a 03D0     		beq	.L4
 133:.\Generated_Source\PSoC5/UART_PM.c ****         {
 134:.\Generated_Source\PSoC5/UART_PM.c ****             UART_backup.enableState = 1u;
  75              		.loc 1 134 0
  76 000c 0122     		movs	r2, #1
  77 000e 054B     		ldr	r3, .L7+4
  78 0010 1A70     		strb	r2, [r3]
  79 0012 02E0     		b	.L5
  80              	.L4:
 135:.\Generated_Source\PSoC5/UART_PM.c ****         }
 136:.\Generated_Source\PSoC5/UART_PM.c ****         else
 137:.\Generated_Source\PSoC5/UART_PM.c ****         {
 138:.\Generated_Source\PSoC5/UART_PM.c ****             UART_backup.enableState = 0u;
  81              		.loc 1 138 0
  82 0014 0022     		movs	r2, #0
  83 0016 034B     		ldr	r3, .L7+4
  84 0018 1A70     		strb	r2, [r3]
  85              	.L5:
 139:.\Generated_Source\PSoC5/UART_PM.c ****         }
 140:.\Generated_Source\PSoC5/UART_PM.c ****     #endif /* End UART_RX_ENABLED || UART_HD_ENABLED*/
 141:.\Generated_Source\PSoC5/UART_PM.c **** 
 142:.\Generated_Source\PSoC5/UART_PM.c ****     UART_Stop();
  86              		.loc 1 142 0
ARM GAS  C:\Users\Ian\AppData\Local\Temp\cc3Fyape.s 			page 5


  87 001a FFF7FEFF 		bl	UART_Stop
  88              	.LVL0:
  89 001e 08BD     		pop	{r3, pc}
  90              	.L8:
  91              		.align	2
  92              	.L7:
  93 0020 94640040 		.word	1073767572
  94 0024 00000000 		.word	.LANCHOR0
  95              		.cfi_endproc
  96              	.LFE2:
  97              		.size	UART_Sleep, .-UART_Sleep
  98              		.section	.text.UART_Wakeup,"ax",%progbits
  99              		.align	2
 100              		.global	UART_Wakeup
 101              		.thumb
 102              		.thumb_func
 103              		.type	UART_Wakeup, %function
 104              	UART_Wakeup:
 105              	.LFB3:
 143:.\Generated_Source\PSoC5/UART_PM.c ****     UART_SaveConfig();
 144:.\Generated_Source\PSoC5/UART_PM.c **** }
 145:.\Generated_Source\PSoC5/UART_PM.c **** 
 146:.\Generated_Source\PSoC5/UART_PM.c **** 
 147:.\Generated_Source\PSoC5/UART_PM.c **** /*******************************************************************************
 148:.\Generated_Source\PSoC5/UART_PM.c **** * Function Name: UART_Wakeup
 149:.\Generated_Source\PSoC5/UART_PM.c **** ********************************************************************************
 150:.\Generated_Source\PSoC5/UART_PM.c **** *
 151:.\Generated_Source\PSoC5/UART_PM.c **** * Summary:
 152:.\Generated_Source\PSoC5/UART_PM.c **** *  This is the preferred API to restore the component to the state when 
 153:.\Generated_Source\PSoC5/UART_PM.c **** *  UART_Sleep() was called. The UART_Wakeup() function
 154:.\Generated_Source\PSoC5/UART_PM.c **** *  calls the UART_RestoreConfig() function to restore the 
 155:.\Generated_Source\PSoC5/UART_PM.c **** *  configuration. If the component was enabled before the 
 156:.\Generated_Source\PSoC5/UART_PM.c **** *  UART_Sleep() function was called, the UART_Wakeup()
 157:.\Generated_Source\PSoC5/UART_PM.c **** *  function will also re-enable the component.
 158:.\Generated_Source\PSoC5/UART_PM.c **** *
 159:.\Generated_Source\PSoC5/UART_PM.c **** * Parameters:
 160:.\Generated_Source\PSoC5/UART_PM.c **** *  None.
 161:.\Generated_Source\PSoC5/UART_PM.c **** *
 162:.\Generated_Source\PSoC5/UART_PM.c **** * Return:
 163:.\Generated_Source\PSoC5/UART_PM.c **** *  None.
 164:.\Generated_Source\PSoC5/UART_PM.c **** *
 165:.\Generated_Source\PSoC5/UART_PM.c **** * Global Variables:
 166:.\Generated_Source\PSoC5/UART_PM.c **** *  UART_backup - used when non-retention registers are restored.
 167:.\Generated_Source\PSoC5/UART_PM.c **** *
 168:.\Generated_Source\PSoC5/UART_PM.c **** * Reentrant:
 169:.\Generated_Source\PSoC5/UART_PM.c **** *  No.
 170:.\Generated_Source\PSoC5/UART_PM.c **** *
 171:.\Generated_Source\PSoC5/UART_PM.c **** *******************************************************************************/
 172:.\Generated_Source\PSoC5/UART_PM.c **** void UART_Wakeup(void)
 173:.\Generated_Source\PSoC5/UART_PM.c **** {
 106              		.loc 1 173 0
 107              		.cfi_startproc
 108              		@ args = 0, pretend = 0, frame = 0
 109              		@ frame_needed = 0, uses_anonymous_args = 0
 110 0000 08B5     		push	{r3, lr}
 111              		.cfi_def_cfa_offset 8
 112              		.cfi_offset 3, -8
ARM GAS  C:\Users\Ian\AppData\Local\Temp\cc3Fyape.s 			page 6


 113              		.cfi_offset 14, -4
 174:.\Generated_Source\PSoC5/UART_PM.c ****     UART_RestoreConfig();
 175:.\Generated_Source\PSoC5/UART_PM.c ****     #if( (UART_RX_ENABLED) || (UART_HD_ENABLED) )
 176:.\Generated_Source\PSoC5/UART_PM.c ****         UART_ClearRxBuffer();
 177:.\Generated_Source\PSoC5/UART_PM.c ****     #endif /* End (UART_RX_ENABLED) || (UART_HD_ENABLED) */
 178:.\Generated_Source\PSoC5/UART_PM.c ****     #if(UART_TX_ENABLED || UART_HD_ENABLED)
 179:.\Generated_Source\PSoC5/UART_PM.c ****         UART_ClearTxBuffer();
 114              		.loc 1 179 0
 115 0002 FFF7FEFF 		bl	UART_ClearTxBuffer
 116              	.LVL1:
 180:.\Generated_Source\PSoC5/UART_PM.c ****     #endif /* End UART_TX_ENABLED || UART_HD_ENABLED */
 181:.\Generated_Source\PSoC5/UART_PM.c **** 
 182:.\Generated_Source\PSoC5/UART_PM.c ****     if(UART_backup.enableState != 0u)
 117              		.loc 1 182 0
 118 0006 034B     		ldr	r3, .L12
 119 0008 1B78     		ldrb	r3, [r3]	@ zero_extendqisi2
 120 000a 0BB1     		cbz	r3, .L9
 183:.\Generated_Source\PSoC5/UART_PM.c ****     {
 184:.\Generated_Source\PSoC5/UART_PM.c ****         UART_Enable();
 121              		.loc 1 184 0
 122 000c FFF7FEFF 		bl	UART_Enable
 123              	.LVL2:
 124              	.L9:
 125 0010 08BD     		pop	{r3, pc}
 126              	.L13:
 127 0012 00BF     		.align	2
 128              	.L12:
 129 0014 00000000 		.word	.LANCHOR0
 130              		.cfi_endproc
 131              	.LFE3:
 132              		.size	UART_Wakeup, .-UART_Wakeup
 133              		.bss
 134              		.align	2
 135              		.set	.LANCHOR0,. + 0
 136              		.type	UART_backup, %object
 137              		.size	UART_backup, 1
 138              	UART_backup:
 139 0000 00       		.space	1
 140 0001 000000   		.text
 141              	.Letext0:
 142              		.file 2 ".\\Generated_Source\\PSoC5\\cytypes.h"
 143              		.file 3 ".\\Generated_Source\\PSoC5\\UART.h"
 144              		.section	.debug_info,"",%progbits
 145              	.Ldebug_info0:
 146 0000 52010000 		.4byte	0x152
 147 0004 0400     		.2byte	0x4
 148 0006 00000000 		.4byte	.Ldebug_abbrev0
 149 000a 04       		.byte	0x4
 150 000b 01       		.uleb128 0x1
 151 000c 9F000000 		.4byte	.LASF23
 152 0010 01       		.byte	0x1
 153 0011 2D020000 		.4byte	.LASF24
 154 0015 85010000 		.4byte	.LASF25
 155 0019 00000000 		.4byte	.Ldebug_ranges0+0
 156 001d 00000000 		.4byte	0
 157 0021 00000000 		.4byte	.Ldebug_line0
 158 0025 02       		.uleb128 0x2
ARM GAS  C:\Users\Ian\AppData\Local\Temp\cc3Fyape.s 			page 7


 159 0026 01       		.byte	0x1
 160 0027 06       		.byte	0x6
 161 0028 11020000 		.4byte	.LASF0
 162 002c 02       		.uleb128 0x2
 163 002d 01       		.byte	0x1
 164 002e 08       		.byte	0x8
 165 002f 4C010000 		.4byte	.LASF1
 166 0033 02       		.uleb128 0x2
 167 0034 02       		.byte	0x2
 168 0035 05       		.byte	0x5
 169 0036 23020000 		.4byte	.LASF2
 170 003a 02       		.uleb128 0x2
 171 003b 02       		.byte	0x2
 172 003c 07       		.byte	0x7
 173 003d FE010000 		.4byte	.LASF3
 174 0041 02       		.uleb128 0x2
 175 0042 04       		.byte	0x4
 176 0043 05       		.byte	0x5
 177 0044 F5010000 		.4byte	.LASF4
 178 0048 02       		.uleb128 0x2
 179 0049 04       		.byte	0x4
 180 004a 07       		.byte	0x7
 181 004b 6A000000 		.4byte	.LASF5
 182 004f 02       		.uleb128 0x2
 183 0050 08       		.byte	0x8
 184 0051 05       		.byte	0x5
 185 0052 00000000 		.4byte	.LASF6
 186 0056 02       		.uleb128 0x2
 187 0057 08       		.byte	0x8
 188 0058 07       		.byte	0x7
 189 0059 7C000000 		.4byte	.LASF7
 190 005d 03       		.uleb128 0x3
 191 005e 04       		.byte	0x4
 192 005f 05       		.byte	0x5
 193 0060 696E7400 		.ascii	"int\000"
 194 0064 02       		.uleb128 0x2
 195 0065 04       		.byte	0x4
 196 0066 07       		.byte	0x7
 197 0067 1A000000 		.4byte	.LASF8
 198 006b 04       		.uleb128 0x4
 199 006c 64000000 		.4byte	.LASF12
 200 0070 02       		.byte	0x2
 201 0071 5B       		.byte	0x5b
 202 0072 2C000000 		.4byte	0x2c
 203 0076 02       		.uleb128 0x2
 204 0077 04       		.byte	0x4
 205 0078 04       		.byte	0x4
 206 0079 1D020000 		.4byte	.LASF9
 207 007d 02       		.uleb128 0x2
 208 007e 08       		.byte	0x8
 209 007f 04       		.byte	0x4
 210 0080 EE010000 		.4byte	.LASF10
 211 0084 02       		.uleb128 0x2
 212 0085 01       		.byte	0x1
 213 0086 08       		.byte	0x8
 214 0087 5A010000 		.4byte	.LASF11
 215 008b 04       		.uleb128 0x4
ARM GAS  C:\Users\Ian\AppData\Local\Temp\cc3Fyape.s 			page 8


 216 008c 5F000000 		.4byte	.LASF13
 217 0090 02       		.byte	0x2
 218 0091 F0       		.byte	0xf0
 219 0092 96000000 		.4byte	0x96
 220 0096 05       		.uleb128 0x5
 221 0097 6B000000 		.4byte	0x6b
 222 009b 02       		.uleb128 0x2
 223 009c 04       		.byte	0x4
 224 009d 07       		.byte	0x7
 225 009e 50020000 		.4byte	.LASF14
 226 00a2 06       		.uleb128 0x6
 227 00a3 4C000000 		.4byte	.LASF26
 228 00a7 01       		.byte	0x1
 229 00a8 03       		.byte	0x3
 230 00a9 45       		.byte	0x45
 231 00aa BB000000 		.4byte	0xbb
 232 00ae 07       		.uleb128 0x7
 233 00af E2010000 		.4byte	.LASF27
 234 00b3 03       		.byte	0x3
 235 00b4 47       		.byte	0x47
 236 00b5 6B000000 		.4byte	0x6b
 237 00b9 00       		.byte	0
 238 00ba 00       		.byte	0
 239 00bb 04       		.uleb128 0x4
 240 00bc 5F010000 		.4byte	.LASF15
 241 00c0 03       		.byte	0x3
 242 00c1 4D       		.byte	0x4d
 243 00c2 A2000000 		.4byte	0xa2
 244 00c6 08       		.uleb128 0x8
 245 00c7 27000000 		.4byte	.LASF16
 246 00cb 01       		.byte	0x1
 247 00cc 36       		.byte	0x36
 248 00cd 00000000 		.4byte	.LFB0
 249 00d1 02000000 		.4byte	.LFE0-.LFB0
 250 00d5 01       		.uleb128 0x1
 251 00d6 9C       		.byte	0x9c
 252 00d7 08       		.uleb128 0x8
 253 00d8 39010000 		.4byte	.LASF17
 254 00dc 01       		.byte	0x1
 255 00dd 57       		.byte	0x57
 256 00de 00000000 		.4byte	.LFB1
 257 00e2 02000000 		.4byte	.LFE1-.LFB1
 258 00e6 01       		.uleb128 0x1
 259 00e7 9C       		.byte	0x9c
 260 00e8 09       		.uleb128 0x9
 261 00e9 41000000 		.4byte	.LASF18
 262 00ed 01       		.byte	0x1
 263 00ee 78       		.byte	0x78
 264 00ef 00000000 		.4byte	.LFB2
 265 00f3 28000000 		.4byte	.LFE2-.LFB2
 266 00f7 01       		.uleb128 0x1
 267 00f8 9C       		.byte	0x9c
 268 00f9 07010000 		.4byte	0x107
 269 00fd 0A       		.uleb128 0xa
 270 00fe 1E000000 		.4byte	.LVL0
 271 0102 40010000 		.4byte	0x140
 272 0106 00       		.byte	0
ARM GAS  C:\Users\Ian\AppData\Local\Temp\cc3Fyape.s 			page 9


 273 0107 09       		.uleb128 0x9
 274 0108 93000000 		.4byte	.LASF19
 275 010c 01       		.byte	0x1
 276 010d AC       		.byte	0xac
 277 010e 00000000 		.4byte	.LFB3
 278 0112 18000000 		.4byte	.LFE3-.LFB3
 279 0116 01       		.uleb128 0x1
 280 0117 9C       		.byte	0x9c
 281 0118 2F010000 		.4byte	0x12f
 282 011c 0A       		.uleb128 0xa
 283 011d 06000000 		.4byte	.LVL1
 284 0121 47010000 		.4byte	0x147
 285 0125 0A       		.uleb128 0xa
 286 0126 10000000 		.4byte	.LVL2
 287 012a 4E010000 		.4byte	0x14e
 288 012e 00       		.byte	0
 289 012f 0B       		.uleb128 0xb
 290 0130 0E000000 		.4byte	.LASF28
 291 0134 01       		.byte	0x1
 292 0135 18       		.byte	0x18
 293 0136 BB000000 		.4byte	0xbb
 294 013a 05       		.uleb128 0x5
 295 013b 03       		.byte	0x3
 296 013c 00000000 		.4byte	UART_backup
 297 0140 0C       		.uleb128 0xc
 298 0141 37000000 		.4byte	.LASF20
 299 0145 03       		.byte	0x3
 300 0146 55       		.byte	0x55
 301 0147 0C       		.uleb128 0xc
 302 0148 72010000 		.4byte	.LASF21
 303 014c 03       		.byte	0x3
 304 014d 8F       		.byte	0x8f
 305 014e 0C       		.uleb128 0xc
 306 014f 2D010000 		.4byte	.LASF22
 307 0153 03       		.byte	0x3
 308 0154 5A       		.byte	0x5a
 309 0155 00       		.byte	0
 310              		.section	.debug_abbrev,"",%progbits
 311              	.Ldebug_abbrev0:
 312 0000 01       		.uleb128 0x1
 313 0001 11       		.uleb128 0x11
 314 0002 01       		.byte	0x1
 315 0003 25       		.uleb128 0x25
 316 0004 0E       		.uleb128 0xe
 317 0005 13       		.uleb128 0x13
 318 0006 0B       		.uleb128 0xb
 319 0007 03       		.uleb128 0x3
 320 0008 0E       		.uleb128 0xe
 321 0009 1B       		.uleb128 0x1b
 322 000a 0E       		.uleb128 0xe
 323 000b 55       		.uleb128 0x55
 324 000c 17       		.uleb128 0x17
 325 000d 11       		.uleb128 0x11
 326 000e 01       		.uleb128 0x1
 327 000f 10       		.uleb128 0x10
 328 0010 17       		.uleb128 0x17
 329 0011 00       		.byte	0
ARM GAS  C:\Users\Ian\AppData\Local\Temp\cc3Fyape.s 			page 10


 330 0012 00       		.byte	0
 331 0013 02       		.uleb128 0x2
 332 0014 24       		.uleb128 0x24
 333 0015 00       		.byte	0
 334 0016 0B       		.uleb128 0xb
 335 0017 0B       		.uleb128 0xb
 336 0018 3E       		.uleb128 0x3e
 337 0019 0B       		.uleb128 0xb
 338 001a 03       		.uleb128 0x3
 339 001b 0E       		.uleb128 0xe
 340 001c 00       		.byte	0
 341 001d 00       		.byte	0
 342 001e 03       		.uleb128 0x3
 343 001f 24       		.uleb128 0x24
 344 0020 00       		.byte	0
 345 0021 0B       		.uleb128 0xb
 346 0022 0B       		.uleb128 0xb
 347 0023 3E       		.uleb128 0x3e
 348 0024 0B       		.uleb128 0xb
 349 0025 03       		.uleb128 0x3
 350 0026 08       		.uleb128 0x8
 351 0027 00       		.byte	0
 352 0028 00       		.byte	0
 353 0029 04       		.uleb128 0x4
 354 002a 16       		.uleb128 0x16
 355 002b 00       		.byte	0
 356 002c 03       		.uleb128 0x3
 357 002d 0E       		.uleb128 0xe
 358 002e 3A       		.uleb128 0x3a
 359 002f 0B       		.uleb128 0xb
 360 0030 3B       		.uleb128 0x3b
 361 0031 0B       		.uleb128 0xb
 362 0032 49       		.uleb128 0x49
 363 0033 13       		.uleb128 0x13
 364 0034 00       		.byte	0
 365 0035 00       		.byte	0
 366 0036 05       		.uleb128 0x5
 367 0037 35       		.uleb128 0x35
 368 0038 00       		.byte	0
 369 0039 49       		.uleb128 0x49
 370 003a 13       		.uleb128 0x13
 371 003b 00       		.byte	0
 372 003c 00       		.byte	0
 373 003d 06       		.uleb128 0x6
 374 003e 13       		.uleb128 0x13
 375 003f 01       		.byte	0x1
 376 0040 03       		.uleb128 0x3
 377 0041 0E       		.uleb128 0xe
 378 0042 0B       		.uleb128 0xb
 379 0043 0B       		.uleb128 0xb
 380 0044 3A       		.uleb128 0x3a
 381 0045 0B       		.uleb128 0xb
 382 0046 3B       		.uleb128 0x3b
 383 0047 0B       		.uleb128 0xb
 384 0048 01       		.uleb128 0x1
 385 0049 13       		.uleb128 0x13
 386 004a 00       		.byte	0
ARM GAS  C:\Users\Ian\AppData\Local\Temp\cc3Fyape.s 			page 11


 387 004b 00       		.byte	0
 388 004c 07       		.uleb128 0x7
 389 004d 0D       		.uleb128 0xd
 390 004e 00       		.byte	0
 391 004f 03       		.uleb128 0x3
 392 0050 0E       		.uleb128 0xe
 393 0051 3A       		.uleb128 0x3a
 394 0052 0B       		.uleb128 0xb
 395 0053 3B       		.uleb128 0x3b
 396 0054 0B       		.uleb128 0xb
 397 0055 49       		.uleb128 0x49
 398 0056 13       		.uleb128 0x13
 399 0057 38       		.uleb128 0x38
 400 0058 0B       		.uleb128 0xb
 401 0059 00       		.byte	0
 402 005a 00       		.byte	0
 403 005b 08       		.uleb128 0x8
 404 005c 2E       		.uleb128 0x2e
 405 005d 00       		.byte	0
 406 005e 3F       		.uleb128 0x3f
 407 005f 19       		.uleb128 0x19
 408 0060 03       		.uleb128 0x3
 409 0061 0E       		.uleb128 0xe
 410 0062 3A       		.uleb128 0x3a
 411 0063 0B       		.uleb128 0xb
 412 0064 3B       		.uleb128 0x3b
 413 0065 0B       		.uleb128 0xb
 414 0066 27       		.uleb128 0x27
 415 0067 19       		.uleb128 0x19
 416 0068 11       		.uleb128 0x11
 417 0069 01       		.uleb128 0x1
 418 006a 12       		.uleb128 0x12
 419 006b 06       		.uleb128 0x6
 420 006c 40       		.uleb128 0x40
 421 006d 18       		.uleb128 0x18
 422 006e 9742     		.uleb128 0x2117
 423 0070 19       		.uleb128 0x19
 424 0071 00       		.byte	0
 425 0072 00       		.byte	0
 426 0073 09       		.uleb128 0x9
 427 0074 2E       		.uleb128 0x2e
 428 0075 01       		.byte	0x1
 429 0076 3F       		.uleb128 0x3f
 430 0077 19       		.uleb128 0x19
 431 0078 03       		.uleb128 0x3
 432 0079 0E       		.uleb128 0xe
 433 007a 3A       		.uleb128 0x3a
 434 007b 0B       		.uleb128 0xb
 435 007c 3B       		.uleb128 0x3b
 436 007d 0B       		.uleb128 0xb
 437 007e 27       		.uleb128 0x27
 438 007f 19       		.uleb128 0x19
 439 0080 11       		.uleb128 0x11
 440 0081 01       		.uleb128 0x1
 441 0082 12       		.uleb128 0x12
 442 0083 06       		.uleb128 0x6
 443 0084 40       		.uleb128 0x40
ARM GAS  C:\Users\Ian\AppData\Local\Temp\cc3Fyape.s 			page 12


 444 0085 18       		.uleb128 0x18
 445 0086 9742     		.uleb128 0x2117
 446 0088 19       		.uleb128 0x19
 447 0089 01       		.uleb128 0x1
 448 008a 13       		.uleb128 0x13
 449 008b 00       		.byte	0
 450 008c 00       		.byte	0
 451 008d 0A       		.uleb128 0xa
 452 008e 898201   		.uleb128 0x4109
 453 0091 00       		.byte	0
 454 0092 11       		.uleb128 0x11
 455 0093 01       		.uleb128 0x1
 456 0094 31       		.uleb128 0x31
 457 0095 13       		.uleb128 0x13
 458 0096 00       		.byte	0
 459 0097 00       		.byte	0
 460 0098 0B       		.uleb128 0xb
 461 0099 34       		.uleb128 0x34
 462 009a 00       		.byte	0
 463 009b 03       		.uleb128 0x3
 464 009c 0E       		.uleb128 0xe
 465 009d 3A       		.uleb128 0x3a
 466 009e 0B       		.uleb128 0xb
 467 009f 3B       		.uleb128 0x3b
 468 00a0 0B       		.uleb128 0xb
 469 00a1 49       		.uleb128 0x49
 470 00a2 13       		.uleb128 0x13
 471 00a3 02       		.uleb128 0x2
 472 00a4 18       		.uleb128 0x18
 473 00a5 00       		.byte	0
 474 00a6 00       		.byte	0
 475 00a7 0C       		.uleb128 0xc
 476 00a8 2E       		.uleb128 0x2e
 477 00a9 00       		.byte	0
 478 00aa 3F       		.uleb128 0x3f
 479 00ab 19       		.uleb128 0x19
 480 00ac 03       		.uleb128 0x3
 481 00ad 0E       		.uleb128 0xe
 482 00ae 3A       		.uleb128 0x3a
 483 00af 0B       		.uleb128 0xb
 484 00b0 3B       		.uleb128 0x3b
 485 00b1 0B       		.uleb128 0xb
 486 00b2 27       		.uleb128 0x27
 487 00b3 19       		.uleb128 0x19
 488 00b4 3C       		.uleb128 0x3c
 489 00b5 19       		.uleb128 0x19
 490 00b6 00       		.byte	0
 491 00b7 00       		.byte	0
 492 00b8 00       		.byte	0
 493              		.section	.debug_aranges,"",%progbits
 494 0000 34000000 		.4byte	0x34
 495 0004 0200     		.2byte	0x2
 496 0006 00000000 		.4byte	.Ldebug_info0
 497 000a 04       		.byte	0x4
 498 000b 00       		.byte	0
 499 000c 0000     		.2byte	0
 500 000e 0000     		.2byte	0
ARM GAS  C:\Users\Ian\AppData\Local\Temp\cc3Fyape.s 			page 13


 501 0010 00000000 		.4byte	.LFB0
 502 0014 02000000 		.4byte	.LFE0-.LFB0
 503 0018 00000000 		.4byte	.LFB1
 504 001c 02000000 		.4byte	.LFE1-.LFB1
 505 0020 00000000 		.4byte	.LFB2
 506 0024 28000000 		.4byte	.LFE2-.LFB2
 507 0028 00000000 		.4byte	.LFB3
 508 002c 18000000 		.4byte	.LFE3-.LFB3
 509 0030 00000000 		.4byte	0
 510 0034 00000000 		.4byte	0
 511              		.section	.debug_ranges,"",%progbits
 512              	.Ldebug_ranges0:
 513 0000 00000000 		.4byte	.LFB0
 514 0004 02000000 		.4byte	.LFE0
 515 0008 00000000 		.4byte	.LFB1
 516 000c 02000000 		.4byte	.LFE1
 517 0010 00000000 		.4byte	.LFB2
 518 0014 28000000 		.4byte	.LFE2
 519 0018 00000000 		.4byte	.LFB3
 520 001c 18000000 		.4byte	.LFE3
 521 0020 00000000 		.4byte	0
 522 0024 00000000 		.4byte	0
 523              		.section	.debug_line,"",%progbits
 524              	.Ldebug_line0:
 525 0000 9F000000 		.section	.debug_str,"MS",%progbits,1
 525      02005000 
 525      00000201 
 525      FB0E0D00 
 525      01010101 
 526              	.LASF6:
 527 0000 6C6F6E67 		.ascii	"long long int\000"
 527      206C6F6E 
 527      6720696E 
 527      7400
 528              	.LASF28:
 529 000e 55415254 		.ascii	"UART_backup\000"
 529      5F626163 
 529      6B757000 
 530              	.LASF8:
 531 001a 756E7369 		.ascii	"unsigned int\000"
 531      676E6564 
 531      20696E74 
 531      00
 532              	.LASF16:
 533 0027 55415254 		.ascii	"UART_SaveConfig\000"
 533      5F536176 
 533      65436F6E 
 533      66696700 
 534              	.LASF20:
 535 0037 55415254 		.ascii	"UART_Stop\000"
 535      5F53746F 
 535      7000
 536              	.LASF18:
 537 0041 55415254 		.ascii	"UART_Sleep\000"
 537      5F536C65 
 537      657000
 538              	.LASF26:
ARM GAS  C:\Users\Ian\AppData\Local\Temp\cc3Fyape.s 			page 14


 539 004c 55415254 		.ascii	"UART_backupStruct_\000"
 539      5F626163 
 539      6B757053 
 539      74727563 
 539      745F00
 540              	.LASF13:
 541 005f 72656738 		.ascii	"reg8\000"
 541      00
 542              	.LASF12:
 543 0064 75696E74 		.ascii	"uint8\000"
 543      3800
 544              	.LASF5:
 545 006a 6C6F6E67 		.ascii	"long unsigned int\000"
 545      20756E73 
 545      69676E65 
 545      6420696E 
 545      7400
 546              	.LASF7:
 547 007c 6C6F6E67 		.ascii	"long long unsigned int\000"
 547      206C6F6E 
 547      6720756E 
 547      7369676E 
 547      65642069 
 548              	.LASF19:
 549 0093 55415254 		.ascii	"UART_Wakeup\000"
 549      5F57616B 
 549      65757000 
 550              	.LASF23:
 551 009f 474E5520 		.ascii	"GNU C 4.9.3 20150303 (release) [ARM/embedded-4_9-br"
 551      4320342E 
 551      392E3320 
 551      32303135 
 551      30333033 
 552 00d2 616E6368 		.ascii	"anch revision 221220] -mcpu=cortex-m3 -mthumb -g -O"
 552      20726576 
 552      6973696F 
 552      6E203232 
 552      31323230 
 553 0105 67202D66 		.ascii	"g -ffunction-sections -ffat-lto-objects\000"
 553      66756E63 
 553      74696F6E 
 553      2D736563 
 553      74696F6E 
 554              	.LASF22:
 555 012d 55415254 		.ascii	"UART_Enable\000"
 555      5F456E61 
 555      626C6500 
 556              	.LASF17:
 557 0139 55415254 		.ascii	"UART_RestoreConfig\000"
 557      5F526573 
 557      746F7265 
 557      436F6E66 
 557      696700
 558              	.LASF1:
 559 014c 756E7369 		.ascii	"unsigned char\000"
 559      676E6564 
 559      20636861 
ARM GAS  C:\Users\Ian\AppData\Local\Temp\cc3Fyape.s 			page 15


 559      7200
 560              	.LASF11:
 561 015a 63686172 		.ascii	"char\000"
 561      00
 562              	.LASF15:
 563 015f 55415254 		.ascii	"UART_BACKUP_STRUCT\000"
 563      5F424143 
 563      4B55505F 
 563      53545255 
 563      435400
 564              	.LASF21:
 565 0172 55415254 		.ascii	"UART_ClearTxBuffer\000"
 565      5F436C65 
 565      61725478 
 565      42756666 
 565      657200
 566              	.LASF25:
 567 0185 433A5C55 		.ascii	"C:\\Users\\Ian\\Documents\\Junior\\Senior Project C"
 567      73657273 
 567      5C49616E 
 567      5C446F63 
 567      756D656E 
 568 01b3 68697020 		.ascii	"hip Design\\Wave Generator\\Wave Generator.cydsn\000"
 568      44657369 
 568      676E5C57 
 568      61766520 
 568      47656E65 
 569              	.LASF27:
 570 01e2 656E6162 		.ascii	"enableState\000"
 570      6C655374 
 570      61746500 
 571              	.LASF10:
 572 01ee 646F7562 		.ascii	"double\000"
 572      6C6500
 573              	.LASF4:
 574 01f5 6C6F6E67 		.ascii	"long int\000"
 574      20696E74 
 574      00
 575              	.LASF3:
 576 01fe 73686F72 		.ascii	"short unsigned int\000"
 576      7420756E 
 576      7369676E 
 576      65642069 
 576      6E7400
 577              	.LASF0:
 578 0211 7369676E 		.ascii	"signed char\000"
 578      65642063 
 578      68617200 
 579              	.LASF9:
 580 021d 666C6F61 		.ascii	"float\000"
 580      7400
 581              	.LASF2:
 582 0223 73686F72 		.ascii	"short int\000"
 582      7420696E 
 582      7400
 583              	.LASF24:
 584 022d 2E5C4765 		.ascii	".\\Generated_Source\\PSoC5\\UART_PM.c\000"
ARM GAS  C:\Users\Ian\AppData\Local\Temp\cc3Fyape.s 			page 16


 584      6E657261 
 584      7465645F 
 584      536F7572 
 584      63655C50 
 585              	.LASF14:
 586 0250 73697A65 		.ascii	"sizetype\000"
 586      74797065 
 586      00
 587              		.ident	"GCC: (GNU Tools for ARM Embedded Processors) 4.9.3 20150303 (release) [ARM/embedded-4_9-br
