ARM GAS  C:\Users\Ian\AppData\Local\Temp\ccP7AxK4.s 			page 1


   1              		.syntax unified
   2              		.cpu cortex-m3
   3              		.fpu softvfp
   4              		.eabi_attribute 20, 1
   5              		.eabi_attribute 21, 1
   6              		.eabi_attribute 23, 3
   7              		.eabi_attribute 24, 1
   8              		.eabi_attribute 25, 1
   9              		.eabi_attribute 26, 1
  10              		.eabi_attribute 30, 1
  11              		.eabi_attribute 34, 1
  12              		.eabi_attribute 18, 4
  13              		.thumb
  14              		.file	"USBFS_1_cls.c"
  15              		.text
  16              	.Ltext0:
  17              		.cfi_sections	.debug_frame
  18              		.section	.text.USBFS_1_DispatchClassRqst,"ax",%progbits
  19              		.align	2
  20              		.global	USBFS_1_DispatchClassRqst
  21              		.thumb
  22              		.thumb_func
  23              		.type	USBFS_1_DispatchClassRqst, %function
  24              	USBFS_1_DispatchClassRqst:
  25              	.LFB0:
  26              		.file 1 ".\\Generated_Source\\PSoC5\\USBFS_1_cls.c"
   1:.\Generated_Source\PSoC5/USBFS_1_cls.c **** /*******************************************************************************
   2:.\Generated_Source\PSoC5/USBFS_1_cls.c **** * File Name: USBFS_1_cls.c
   3:.\Generated_Source\PSoC5/USBFS_1_cls.c **** * Version 2.80
   4:.\Generated_Source\PSoC5/USBFS_1_cls.c **** *
   5:.\Generated_Source\PSoC5/USBFS_1_cls.c **** * Description:
   6:.\Generated_Source\PSoC5/USBFS_1_cls.c **** *  USB Class request handler.
   7:.\Generated_Source\PSoC5/USBFS_1_cls.c **** *
   8:.\Generated_Source\PSoC5/USBFS_1_cls.c **** * Note:
   9:.\Generated_Source\PSoC5/USBFS_1_cls.c **** *
  10:.\Generated_Source\PSoC5/USBFS_1_cls.c **** ********************************************************************************
  11:.\Generated_Source\PSoC5/USBFS_1_cls.c **** * Copyright 2008-2014, Cypress Semiconductor Corporation.  All rights reserved.
  12:.\Generated_Source\PSoC5/USBFS_1_cls.c **** * You may use this file only in accordance with the license, terms, conditions,
  13:.\Generated_Source\PSoC5/USBFS_1_cls.c **** * disclaimers, and limitations in the end user license agreement accompanying
  14:.\Generated_Source\PSoC5/USBFS_1_cls.c **** * the software package with which this file was provided.
  15:.\Generated_Source\PSoC5/USBFS_1_cls.c **** *******************************************************************************/
  16:.\Generated_Source\PSoC5/USBFS_1_cls.c **** 
  17:.\Generated_Source\PSoC5/USBFS_1_cls.c **** #include "USBFS_1.h"
  18:.\Generated_Source\PSoC5/USBFS_1_cls.c **** 
  19:.\Generated_Source\PSoC5/USBFS_1_cls.c **** #if(USBFS_1_EXTERN_CLS == USBFS_1_FALSE)
  20:.\Generated_Source\PSoC5/USBFS_1_cls.c **** 
  21:.\Generated_Source\PSoC5/USBFS_1_cls.c **** #include "USBFS_1_pvt.h"
  22:.\Generated_Source\PSoC5/USBFS_1_cls.c **** 
  23:.\Generated_Source\PSoC5/USBFS_1_cls.c **** 
  24:.\Generated_Source\PSoC5/USBFS_1_cls.c **** 
  25:.\Generated_Source\PSoC5/USBFS_1_cls.c **** /***************************************
  26:.\Generated_Source\PSoC5/USBFS_1_cls.c **** * User Implemented Class Driver Declarations.
  27:.\Generated_Source\PSoC5/USBFS_1_cls.c **** ***************************************/
  28:.\Generated_Source\PSoC5/USBFS_1_cls.c **** /* `#START USER_DEFINED_CLASS_DECLARATIONS` Place your declaration here */
  29:.\Generated_Source\PSoC5/USBFS_1_cls.c **** 
  30:.\Generated_Source\PSoC5/USBFS_1_cls.c **** /* `#END` */
  31:.\Generated_Source\PSoC5/USBFS_1_cls.c **** 
ARM GAS  C:\Users\Ian\AppData\Local\Temp\ccP7AxK4.s 			page 2


  32:.\Generated_Source\PSoC5/USBFS_1_cls.c **** 
  33:.\Generated_Source\PSoC5/USBFS_1_cls.c **** /*******************************************************************************
  34:.\Generated_Source\PSoC5/USBFS_1_cls.c **** * Function Name: USBFS_1_DispatchClassRqst
  35:.\Generated_Source\PSoC5/USBFS_1_cls.c **** ********************************************************************************
  36:.\Generated_Source\PSoC5/USBFS_1_cls.c **** * Summary:
  37:.\Generated_Source\PSoC5/USBFS_1_cls.c **** *  This routine dispatches class specific requests depend on interface class.
  38:.\Generated_Source\PSoC5/USBFS_1_cls.c **** *
  39:.\Generated_Source\PSoC5/USBFS_1_cls.c **** * Parameters:
  40:.\Generated_Source\PSoC5/USBFS_1_cls.c **** *  None.
  41:.\Generated_Source\PSoC5/USBFS_1_cls.c **** *
  42:.\Generated_Source\PSoC5/USBFS_1_cls.c **** * Return:
  43:.\Generated_Source\PSoC5/USBFS_1_cls.c **** *  requestHandled.
  44:.\Generated_Source\PSoC5/USBFS_1_cls.c **** *
  45:.\Generated_Source\PSoC5/USBFS_1_cls.c **** * Reentrant:
  46:.\Generated_Source\PSoC5/USBFS_1_cls.c **** *  No.
  47:.\Generated_Source\PSoC5/USBFS_1_cls.c **** *
  48:.\Generated_Source\PSoC5/USBFS_1_cls.c **** *******************************************************************************/
  49:.\Generated_Source\PSoC5/USBFS_1_cls.c **** uint8 USBFS_1_DispatchClassRqst(void) 
  50:.\Generated_Source\PSoC5/USBFS_1_cls.c **** {
  27              		.loc 1 50 0
  28              		.cfi_startproc
  29              		@ args = 0, pretend = 0, frame = 0
  30              		@ frame_needed = 0, uses_anonymous_args = 0
  31              		@ link register save eliminated.
  32              	.LVL0:
  51:.\Generated_Source\PSoC5/USBFS_1_cls.c ****     uint8 requestHandled = USBFS_1_FALSE;
  52:.\Generated_Source\PSoC5/USBFS_1_cls.c ****     uint8 interfaceNumber = 0u;
  53:.\Generated_Source\PSoC5/USBFS_1_cls.c **** 
  54:.\Generated_Source\PSoC5/USBFS_1_cls.c ****     switch(CY_GET_REG8(USBFS_1_bmRequestType) & USBFS_1_RQST_RCPT_MASK)
  33              		.loc 1 54 0
  34 0000 0B4B     		ldr	r3, .L5
  35 0002 1B78     		ldrb	r3, [r3]	@ zero_extendqisi2
  36 0004 03F00303 		and	r3, r3, #3
  37 0008 012B     		cmp	r3, #1
  38 000a 02D0     		beq	.L3
  39 000c 022B     		cmp	r3, #2
  40 000e 03D0     		beq	.L4
  41 0010 0CE0     		b	.L2
  42              	.L3:
  55:.\Generated_Source\PSoC5/USBFS_1_cls.c ****     {
  56:.\Generated_Source\PSoC5/USBFS_1_cls.c ****         case USBFS_1_RQST_RCPT_IFC:        /* Class-specific request directed to an interface */
  57:.\Generated_Source\PSoC5/USBFS_1_cls.c ****             interfaceNumber = CY_GET_REG8(USBFS_1_wIndexLo); /* wIndexLo contain Interface number *
  43              		.loc 1 57 0
  44 0012 084B     		ldr	r3, .L5+4
  45 0014 1B78     		ldrb	r3, [r3]	@ zero_extendqisi2
  46              	.LVL1:
  58:.\Generated_Source\PSoC5/USBFS_1_cls.c ****             break;
  47              		.loc 1 58 0
  48 0016 09E0     		b	.L2
  49              	.LVL2:
  50              	.L4:
  59:.\Generated_Source\PSoC5/USBFS_1_cls.c ****         case USBFS_1_RQST_RCPT_EP:         /* Class-specific request directed to the endpoint */
  60:.\Generated_Source\PSoC5/USBFS_1_cls.c ****             /* Find related interface to the endpoint, wIndexLo contain EP number */
  61:.\Generated_Source\PSoC5/USBFS_1_cls.c ****             interfaceNumber = USBFS_1_EP[CY_GET_REG8(USBFS_1_wIndexLo) &
  51              		.loc 1 61 0
  52 0018 064B     		ldr	r3, .L5+4
  53 001a 1B78     		ldrb	r3, [r3]	@ zero_extendqisi2
ARM GAS  C:\Users\Ian\AppData\Local\Temp\ccP7AxK4.s 			page 3


  54 001c 03F07F03 		and	r3, r3, #127
  55 0020 03EB4303 		add	r3, r3, r3, lsl #1
  56 0024 9B00     		lsls	r3, r3, #2
  57 0026 044A     		ldr	r2, .L5+8
  58 0028 1344     		add	r3, r3, r2
  59 002a 9B78     		ldrb	r3, [r3, #2]	@ zero_extendqisi2
  60              	.LVL3:
  61              	.L2:
  62:.\Generated_Source\PSoC5/USBFS_1_cls.c ****                               USBFS_1_DIR_UNUSED].interface;
  63:.\Generated_Source\PSoC5/USBFS_1_cls.c ****             break;
  64:.\Generated_Source\PSoC5/USBFS_1_cls.c ****         default:    /* RequestHandled is initialized as FALSE by default */
  65:.\Generated_Source\PSoC5/USBFS_1_cls.c ****             break;
  66:.\Generated_Source\PSoC5/USBFS_1_cls.c ****     }
  67:.\Generated_Source\PSoC5/USBFS_1_cls.c ****     /* Handle Class request depend on interface type */
  68:.\Generated_Source\PSoC5/USBFS_1_cls.c ****     switch(USBFS_1_interfaceClass[interfaceNumber])
  69:.\Generated_Source\PSoC5/USBFS_1_cls.c ****     {
  70:.\Generated_Source\PSoC5/USBFS_1_cls.c ****         case USBFS_1_CLASS_HID:
  71:.\Generated_Source\PSoC5/USBFS_1_cls.c ****             #if defined(USBFS_1_ENABLE_HID_CLASS)
  72:.\Generated_Source\PSoC5/USBFS_1_cls.c ****                 requestHandled = USBFS_1_DispatchHIDClassRqst();
  73:.\Generated_Source\PSoC5/USBFS_1_cls.c ****             #endif /* USBFS_1_ENABLE_HID_CLASS */
  74:.\Generated_Source\PSoC5/USBFS_1_cls.c ****             break;
  75:.\Generated_Source\PSoC5/USBFS_1_cls.c ****         case USBFS_1_CLASS_AUDIO:
  76:.\Generated_Source\PSoC5/USBFS_1_cls.c ****             #if defined(USBFS_1_ENABLE_AUDIO_CLASS)
  77:.\Generated_Source\PSoC5/USBFS_1_cls.c ****                 requestHandled = USBFS_1_DispatchAUDIOClassRqst();
  78:.\Generated_Source\PSoC5/USBFS_1_cls.c ****             #endif /* USBFS_1_CLASS_AUDIO */
  79:.\Generated_Source\PSoC5/USBFS_1_cls.c ****             break;
  80:.\Generated_Source\PSoC5/USBFS_1_cls.c ****         case USBFS_1_CLASS_CDC:
  81:.\Generated_Source\PSoC5/USBFS_1_cls.c ****             #if defined(USBFS_1_ENABLE_CDC_CLASS)
  82:.\Generated_Source\PSoC5/USBFS_1_cls.c ****                 requestHandled = USBFS_1_DispatchCDCClassRqst();
  83:.\Generated_Source\PSoC5/USBFS_1_cls.c ****             #endif /* USBFS_1_ENABLE_CDC_CLASS */
  84:.\Generated_Source\PSoC5/USBFS_1_cls.c ****             break;
  85:.\Generated_Source\PSoC5/USBFS_1_cls.c ****         default:    /* requestHandled is initialized as FALSE by default */
  86:.\Generated_Source\PSoC5/USBFS_1_cls.c ****             break;
  87:.\Generated_Source\PSoC5/USBFS_1_cls.c ****     }
  88:.\Generated_Source\PSoC5/USBFS_1_cls.c **** 
  89:.\Generated_Source\PSoC5/USBFS_1_cls.c ****     /* `#START USER_DEFINED_CLASS_CODE` Place your Class request here */
  90:.\Generated_Source\PSoC5/USBFS_1_cls.c **** 
  91:.\Generated_Source\PSoC5/USBFS_1_cls.c ****     /* `#END` */
  92:.\Generated_Source\PSoC5/USBFS_1_cls.c **** 
  93:.\Generated_Source\PSoC5/USBFS_1_cls.c ****     #ifdef USBFS_1_DISPATCH_CLASS_RQST_CALLBACK
  94:.\Generated_Source\PSoC5/USBFS_1_cls.c ****         USBFS_1_DispatchClassRqst_Callback();
  95:.\Generated_Source\PSoC5/USBFS_1_cls.c ****     #endif /* USBFS_1_DISPATCH_CLASS_RQST_CALLBACK */
  96:.\Generated_Source\PSoC5/USBFS_1_cls.c **** 
  97:.\Generated_Source\PSoC5/USBFS_1_cls.c ****     return(requestHandled);
  98:.\Generated_Source\PSoC5/USBFS_1_cls.c **** }
  62              		.loc 1 98 0
  63 002c 0020     		movs	r0, #0
  64 002e 7047     		bx	lr
  65              	.L6:
  66              		.align	2
  67              	.L5:
  68 0030 00600040 		.word	1073766400
  69 0034 04600040 		.word	1073766404
  70 0038 08000000 		.word	USBFS_1_EP+8
  71              		.cfi_endproc
  72              	.LFE0:
  73              		.size	USBFS_1_DispatchClassRqst, .-USBFS_1_DispatchClassRqst
ARM GAS  C:\Users\Ian\AppData\Local\Temp\ccP7AxK4.s 			page 4


  74              		.text
  75              	.Letext0:
  76              		.file 2 ".\\Generated_Source\\PSoC5\\cytypes.h"
  77              		.file 3 ".\\Generated_Source\\PSoC5\\USBFS_1.h"
  78              		.file 4 ".\\Generated_Source\\PSoC5\\USBFS_1_pvt.h"
  79              		.section	.debug_info,"",%progbits
  80              	.Ldebug_info0:
  81 0000 95010000 		.4byte	0x195
  82 0004 0400     		.2byte	0x4
  83 0006 00000000 		.4byte	.Ldebug_abbrev0
  84 000a 04       		.byte	0x4
  85 000b 01       		.uleb128 0x1
  86 000c 2F010000 		.4byte	.LASF30
  87 0010 01       		.byte	0x1
  88 0011 30020000 		.4byte	.LASF31
  89 0015 69000000 		.4byte	.LASF32
  90 0019 00000000 		.4byte	.Ldebug_ranges0+0
  91 001d 00000000 		.4byte	0
  92 0021 00000000 		.4byte	.Ldebug_line0
  93 0025 02       		.uleb128 0x2
  94 0026 01       		.byte	0x1
  95 0027 06       		.byte	0x6
  96 0028 7A020000 		.4byte	.LASF0
  97 002c 02       		.uleb128 0x2
  98 002d 01       		.byte	0x1
  99 002e 08       		.byte	0x8
 100 002f 56000000 		.4byte	.LASF1
 101 0033 02       		.uleb128 0x2
 102 0034 02       		.byte	0x2
 103 0035 05       		.byte	0x5
 104 0036 57020000 		.4byte	.LASF2
 105 003a 02       		.uleb128 0x2
 106 003b 02       		.byte	0x2
 107 003c 07       		.byte	0x7
 108 003d 25000000 		.4byte	.LASF3
 109 0041 02       		.uleb128 0x2
 110 0042 04       		.byte	0x4
 111 0043 05       		.byte	0x5
 112 0044 71020000 		.4byte	.LASF4
 113 0048 02       		.uleb128 0x2
 114 0049 04       		.byte	0x4
 115 004a 07       		.byte	0x7
 116 004b C6000000 		.4byte	.LASF5
 117 004f 02       		.uleb128 0x2
 118 0050 08       		.byte	0x8
 119 0051 05       		.byte	0x5
 120 0052 FB010000 		.4byte	.LASF6
 121 0056 02       		.uleb128 0x2
 122 0057 08       		.byte	0x8
 123 0058 07       		.byte	0x7
 124 0059 CA010000 		.4byte	.LASF7
 125 005d 03       		.uleb128 0x3
 126 005e 04       		.byte	0x4
 127 005f 05       		.byte	0x5
 128 0060 696E7400 		.ascii	"int\000"
 129 0064 02       		.uleb128 0x2
 130 0065 04       		.byte	0x4
ARM GAS  C:\Users\Ian\AppData\Local\Temp\ccP7AxK4.s 			page 5


 131 0066 07       		.byte	0x7
 132 0067 BD010000 		.4byte	.LASF8
 133 006b 04       		.uleb128 0x4
 134 006c 61020000 		.4byte	.LASF9
 135 0070 02       		.byte	0x2
 136 0071 5B       		.byte	0x5b
 137 0072 2C000000 		.4byte	0x2c
 138 0076 04       		.uleb128 0x4
 139 0077 1D010000 		.4byte	.LASF10
 140 007b 02       		.byte	0x2
 141 007c 5C       		.byte	0x5c
 142 007d 3A000000 		.4byte	0x3a
 143 0081 02       		.uleb128 0x2
 144 0082 04       		.byte	0x4
 145 0083 04       		.byte	0x4
 146 0084 47000000 		.4byte	.LASF11
 147 0088 02       		.uleb128 0x2
 148 0089 08       		.byte	0x8
 149 008a 04       		.byte	0x4
 150 008b 04010000 		.4byte	.LASF12
 151 008f 02       		.uleb128 0x2
 152 0090 01       		.byte	0x1
 153 0091 08       		.byte	0x8
 154 0092 20020000 		.4byte	.LASF13
 155 0096 04       		.uleb128 0x4
 156 0097 64000000 		.4byte	.LASF14
 157 009b 02       		.byte	0x2
 158 009c F0       		.byte	0xf0
 159 009d A1000000 		.4byte	0xa1
 160 00a1 05       		.uleb128 0x5
 161 00a2 6B000000 		.4byte	0x6b
 162 00a6 02       		.uleb128 0x2
 163 00a7 04       		.byte	0x4
 164 00a8 07       		.byte	0x7
 165 00a9 EB010000 		.4byte	.LASF15
 166 00ad 06       		.uleb128 0x6
 167 00ae 0C       		.byte	0xc
 168 00af 03       		.byte	0x3
 169 00b0 76       		.byte	0x76
 170 00b1 22010000 		.4byte	0x122
 171 00b5 07       		.uleb128 0x7
 172 00b6 0B010000 		.4byte	.LASF16
 173 00ba 03       		.byte	0x3
 174 00bb 78       		.byte	0x78
 175 00bc 6B000000 		.4byte	0x6b
 176 00c0 00       		.byte	0
 177 00c1 07       		.uleb128 0x7
 178 00c2 24010000 		.4byte	.LASF17
 179 00c6 03       		.byte	0x3
 180 00c7 79       		.byte	0x79
 181 00c8 6B000000 		.4byte	0x6b
 182 00cc 01       		.byte	0x1
 183 00cd 07       		.uleb128 0x7
 184 00ce E1010000 		.4byte	.LASF18
 185 00d2 03       		.byte	0x3
 186 00d3 7A       		.byte	0x7a
 187 00d4 6B000000 		.4byte	0x6b
ARM GAS  C:\Users\Ian\AppData\Local\Temp\ccP7AxK4.s 			page 6


 188 00d8 02       		.byte	0x2
 189 00d9 07       		.uleb128 0x7
 190 00da 4D000000 		.4byte	.LASF19
 191 00de 03       		.byte	0x3
 192 00df 7B       		.byte	0x7b
 193 00e0 6B000000 		.4byte	0x6b
 194 00e4 03       		.byte	0x3
 195 00e5 07       		.uleb128 0x7
 196 00e6 D8000000 		.4byte	.LASF20
 197 00ea 03       		.byte	0x3
 198 00eb 7C       		.byte	0x7c
 199 00ec 6B000000 		.4byte	0x6b
 200 00f0 04       		.byte	0x4
 201 00f1 07       		.uleb128 0x7
 202 00f2 F4010000 		.4byte	.LASF21
 203 00f6 03       		.byte	0x3
 204 00f7 7D       		.byte	0x7d
 205 00f8 6B000000 		.4byte	0x6b
 206 00fc 05       		.byte	0x5
 207 00fd 07       		.uleb128 0x7
 208 00fe 12010000 		.4byte	.LASF22
 209 0102 03       		.byte	0x3
 210 0103 7E       		.byte	0x7e
 211 0104 76000000 		.4byte	0x76
 212 0108 06       		.byte	0x6
 213 0109 07       		.uleb128 0x7
 214 010a 25020000 		.4byte	.LASF23
 215 010e 03       		.byte	0x3
 216 010f 7F       		.byte	0x7f
 217 0110 76000000 		.4byte	0x76
 218 0114 08       		.byte	0x8
 219 0115 07       		.uleb128 0x7
 220 0116 67020000 		.4byte	.LASF24
 221 011a 03       		.byte	0x3
 222 011b 80       		.byte	0x80
 223 011c 6B000000 		.4byte	0x6b
 224 0120 0A       		.byte	0xa
 225 0121 00       		.byte	0
 226 0122 04       		.uleb128 0x4
 227 0123 ED000000 		.4byte	.LASF25
 228 0127 03       		.byte	0x3
 229 0128 81       		.byte	0x81
 230 0129 AD000000 		.4byte	0xad
 231 012d 08       		.uleb128 0x8
 232 012e 0B000000 		.4byte	.LASF33
 233 0132 01       		.byte	0x1
 234 0133 31       		.byte	0x31
 235 0134 6B000000 		.4byte	0x6b
 236 0138 00000000 		.4byte	.LFB0
 237 013c 3C000000 		.4byte	.LFE0-.LFB0
 238 0140 01       		.uleb128 0x1
 239 0141 9C       		.byte	0x9c
 240 0142 62010000 		.4byte	0x162
 241 0146 09       		.uleb128 0x9
 242 0147 38000000 		.4byte	.LASF26
 243 014b 01       		.byte	0x1
 244 014c 33       		.byte	0x33
ARM GAS  C:\Users\Ian\AppData\Local\Temp\ccP7AxK4.s 			page 7


 245 014d 6B000000 		.4byte	0x6b
 246 0151 00       		.byte	0
 247 0152 0A       		.uleb128 0xa
 248 0153 DD000000 		.4byte	.LASF27
 249 0157 01       		.byte	0x1
 250 0158 34       		.byte	0x34
 251 0159 6B000000 		.4byte	0x6b
 252 015d 00000000 		.4byte	.LLST0
 253 0161 00       		.byte	0
 254 0162 0B       		.uleb128 0xb
 255 0163 09020000 		.4byte	.LASF28
 256 0167 04       		.byte	0x4
 257 0168 31       		.byte	0x31
 258 0169 6D010000 		.4byte	0x16d
 259 016d 0C       		.uleb128 0xc
 260 016e 04       		.byte	0x4
 261 016f 73010000 		.4byte	0x173
 262 0173 0D       		.uleb128 0xd
 263 0174 6B000000 		.4byte	0x6b
 264 0178 0E       		.uleb128 0xe
 265 0179 22010000 		.4byte	0x122
 266 017d 88010000 		.4byte	0x188
 267 0181 0F       		.uleb128 0xf
 268 0182 A6000000 		.4byte	0xa6
 269 0186 08       		.byte	0x8
 270 0187 00       		.byte	0
 271 0188 0B       		.uleb128 0xb
 272 0189 00000000 		.4byte	.LASF29
 273 018d 04       		.byte	0x4
 274 018e 33       		.byte	0x33
 275 018f 93010000 		.4byte	0x193
 276 0193 05       		.uleb128 0x5
 277 0194 78010000 		.4byte	0x178
 278 0198 00       		.byte	0
 279              		.section	.debug_abbrev,"",%progbits
 280              	.Ldebug_abbrev0:
 281 0000 01       		.uleb128 0x1
 282 0001 11       		.uleb128 0x11
 283 0002 01       		.byte	0x1
 284 0003 25       		.uleb128 0x25
 285 0004 0E       		.uleb128 0xe
 286 0005 13       		.uleb128 0x13
 287 0006 0B       		.uleb128 0xb
 288 0007 03       		.uleb128 0x3
 289 0008 0E       		.uleb128 0xe
 290 0009 1B       		.uleb128 0x1b
 291 000a 0E       		.uleb128 0xe
 292 000b 55       		.uleb128 0x55
 293 000c 17       		.uleb128 0x17
 294 000d 11       		.uleb128 0x11
 295 000e 01       		.uleb128 0x1
 296 000f 10       		.uleb128 0x10
 297 0010 17       		.uleb128 0x17
 298 0011 00       		.byte	0
 299 0012 00       		.byte	0
 300 0013 02       		.uleb128 0x2
 301 0014 24       		.uleb128 0x24
ARM GAS  C:\Users\Ian\AppData\Local\Temp\ccP7AxK4.s 			page 8


 302 0015 00       		.byte	0
 303 0016 0B       		.uleb128 0xb
 304 0017 0B       		.uleb128 0xb
 305 0018 3E       		.uleb128 0x3e
 306 0019 0B       		.uleb128 0xb
 307 001a 03       		.uleb128 0x3
 308 001b 0E       		.uleb128 0xe
 309 001c 00       		.byte	0
 310 001d 00       		.byte	0
 311 001e 03       		.uleb128 0x3
 312 001f 24       		.uleb128 0x24
 313 0020 00       		.byte	0
 314 0021 0B       		.uleb128 0xb
 315 0022 0B       		.uleb128 0xb
 316 0023 3E       		.uleb128 0x3e
 317 0024 0B       		.uleb128 0xb
 318 0025 03       		.uleb128 0x3
 319 0026 08       		.uleb128 0x8
 320 0027 00       		.byte	0
 321 0028 00       		.byte	0
 322 0029 04       		.uleb128 0x4
 323 002a 16       		.uleb128 0x16
 324 002b 00       		.byte	0
 325 002c 03       		.uleb128 0x3
 326 002d 0E       		.uleb128 0xe
 327 002e 3A       		.uleb128 0x3a
 328 002f 0B       		.uleb128 0xb
 329 0030 3B       		.uleb128 0x3b
 330 0031 0B       		.uleb128 0xb
 331 0032 49       		.uleb128 0x49
 332 0033 13       		.uleb128 0x13
 333 0034 00       		.byte	0
 334 0035 00       		.byte	0
 335 0036 05       		.uleb128 0x5
 336 0037 35       		.uleb128 0x35
 337 0038 00       		.byte	0
 338 0039 49       		.uleb128 0x49
 339 003a 13       		.uleb128 0x13
 340 003b 00       		.byte	0
 341 003c 00       		.byte	0
 342 003d 06       		.uleb128 0x6
 343 003e 13       		.uleb128 0x13
 344 003f 01       		.byte	0x1
 345 0040 0B       		.uleb128 0xb
 346 0041 0B       		.uleb128 0xb
 347 0042 3A       		.uleb128 0x3a
 348 0043 0B       		.uleb128 0xb
 349 0044 3B       		.uleb128 0x3b
 350 0045 0B       		.uleb128 0xb
 351 0046 01       		.uleb128 0x1
 352 0047 13       		.uleb128 0x13
 353 0048 00       		.byte	0
 354 0049 00       		.byte	0
 355 004a 07       		.uleb128 0x7
 356 004b 0D       		.uleb128 0xd
 357 004c 00       		.byte	0
 358 004d 03       		.uleb128 0x3
ARM GAS  C:\Users\Ian\AppData\Local\Temp\ccP7AxK4.s 			page 9


 359 004e 0E       		.uleb128 0xe
 360 004f 3A       		.uleb128 0x3a
 361 0050 0B       		.uleb128 0xb
 362 0051 3B       		.uleb128 0x3b
 363 0052 0B       		.uleb128 0xb
 364 0053 49       		.uleb128 0x49
 365 0054 13       		.uleb128 0x13
 366 0055 38       		.uleb128 0x38
 367 0056 0B       		.uleb128 0xb
 368 0057 00       		.byte	0
 369 0058 00       		.byte	0
 370 0059 08       		.uleb128 0x8
 371 005a 2E       		.uleb128 0x2e
 372 005b 01       		.byte	0x1
 373 005c 3F       		.uleb128 0x3f
 374 005d 19       		.uleb128 0x19
 375 005e 03       		.uleb128 0x3
 376 005f 0E       		.uleb128 0xe
 377 0060 3A       		.uleb128 0x3a
 378 0061 0B       		.uleb128 0xb
 379 0062 3B       		.uleb128 0x3b
 380 0063 0B       		.uleb128 0xb
 381 0064 27       		.uleb128 0x27
 382 0065 19       		.uleb128 0x19
 383 0066 49       		.uleb128 0x49
 384 0067 13       		.uleb128 0x13
 385 0068 11       		.uleb128 0x11
 386 0069 01       		.uleb128 0x1
 387 006a 12       		.uleb128 0x12
 388 006b 06       		.uleb128 0x6
 389 006c 40       		.uleb128 0x40
 390 006d 18       		.uleb128 0x18
 391 006e 9742     		.uleb128 0x2117
 392 0070 19       		.uleb128 0x19
 393 0071 01       		.uleb128 0x1
 394 0072 13       		.uleb128 0x13
 395 0073 00       		.byte	0
 396 0074 00       		.byte	0
 397 0075 09       		.uleb128 0x9
 398 0076 34       		.uleb128 0x34
 399 0077 00       		.byte	0
 400 0078 03       		.uleb128 0x3
 401 0079 0E       		.uleb128 0xe
 402 007a 3A       		.uleb128 0x3a
 403 007b 0B       		.uleb128 0xb
 404 007c 3B       		.uleb128 0x3b
 405 007d 0B       		.uleb128 0xb
 406 007e 49       		.uleb128 0x49
 407 007f 13       		.uleb128 0x13
 408 0080 1C       		.uleb128 0x1c
 409 0081 0B       		.uleb128 0xb
 410 0082 00       		.byte	0
 411 0083 00       		.byte	0
 412 0084 0A       		.uleb128 0xa
 413 0085 34       		.uleb128 0x34
 414 0086 00       		.byte	0
 415 0087 03       		.uleb128 0x3
ARM GAS  C:\Users\Ian\AppData\Local\Temp\ccP7AxK4.s 			page 10


 416 0088 0E       		.uleb128 0xe
 417 0089 3A       		.uleb128 0x3a
 418 008a 0B       		.uleb128 0xb
 419 008b 3B       		.uleb128 0x3b
 420 008c 0B       		.uleb128 0xb
 421 008d 49       		.uleb128 0x49
 422 008e 13       		.uleb128 0x13
 423 008f 02       		.uleb128 0x2
 424 0090 17       		.uleb128 0x17
 425 0091 00       		.byte	0
 426 0092 00       		.byte	0
 427 0093 0B       		.uleb128 0xb
 428 0094 34       		.uleb128 0x34
 429 0095 00       		.byte	0
 430 0096 03       		.uleb128 0x3
 431 0097 0E       		.uleb128 0xe
 432 0098 3A       		.uleb128 0x3a
 433 0099 0B       		.uleb128 0xb
 434 009a 3B       		.uleb128 0x3b
 435 009b 0B       		.uleb128 0xb
 436 009c 49       		.uleb128 0x49
 437 009d 13       		.uleb128 0x13
 438 009e 3F       		.uleb128 0x3f
 439 009f 19       		.uleb128 0x19
 440 00a0 3C       		.uleb128 0x3c
 441 00a1 19       		.uleb128 0x19
 442 00a2 00       		.byte	0
 443 00a3 00       		.byte	0
 444 00a4 0C       		.uleb128 0xc
 445 00a5 0F       		.uleb128 0xf
 446 00a6 00       		.byte	0
 447 00a7 0B       		.uleb128 0xb
 448 00a8 0B       		.uleb128 0xb
 449 00a9 49       		.uleb128 0x49
 450 00aa 13       		.uleb128 0x13
 451 00ab 00       		.byte	0
 452 00ac 00       		.byte	0
 453 00ad 0D       		.uleb128 0xd
 454 00ae 26       		.uleb128 0x26
 455 00af 00       		.byte	0
 456 00b0 49       		.uleb128 0x49
 457 00b1 13       		.uleb128 0x13
 458 00b2 00       		.byte	0
 459 00b3 00       		.byte	0
 460 00b4 0E       		.uleb128 0xe
 461 00b5 01       		.uleb128 0x1
 462 00b6 01       		.byte	0x1
 463 00b7 49       		.uleb128 0x49
 464 00b8 13       		.uleb128 0x13
 465 00b9 01       		.uleb128 0x1
 466 00ba 13       		.uleb128 0x13
 467 00bb 00       		.byte	0
 468 00bc 00       		.byte	0
 469 00bd 0F       		.uleb128 0xf
 470 00be 21       		.uleb128 0x21
 471 00bf 00       		.byte	0
 472 00c0 49       		.uleb128 0x49
ARM GAS  C:\Users\Ian\AppData\Local\Temp\ccP7AxK4.s 			page 11


 473 00c1 13       		.uleb128 0x13
 474 00c2 2F       		.uleb128 0x2f
 475 00c3 0B       		.uleb128 0xb
 476 00c4 00       		.byte	0
 477 00c5 00       		.byte	0
 478 00c6 00       		.byte	0
 479              		.section	.debug_loc,"",%progbits
 480              	.Ldebug_loc0:
 481              	.LLST0:
 482 0000 00000000 		.4byte	.LVL0
 483 0004 16000000 		.4byte	.LVL1
 484 0008 0200     		.2byte	0x2
 485 000a 30       		.byte	0x30
 486 000b 9F       		.byte	0x9f
 487 000c 18000000 		.4byte	.LVL2
 488 0010 2C000000 		.4byte	.LVL3
 489 0014 0200     		.2byte	0x2
 490 0016 30       		.byte	0x30
 491 0017 9F       		.byte	0x9f
 492 0018 00000000 		.4byte	0
 493 001c 00000000 		.4byte	0
 494              		.section	.debug_aranges,"",%progbits
 495 0000 1C000000 		.4byte	0x1c
 496 0004 0200     		.2byte	0x2
 497 0006 00000000 		.4byte	.Ldebug_info0
 498 000a 04       		.byte	0x4
 499 000b 00       		.byte	0
 500 000c 0000     		.2byte	0
 501 000e 0000     		.2byte	0
 502 0010 00000000 		.4byte	.LFB0
 503 0014 3C000000 		.4byte	.LFE0-.LFB0
 504 0018 00000000 		.4byte	0
 505 001c 00000000 		.4byte	0
 506              		.section	.debug_ranges,"",%progbits
 507              	.Ldebug_ranges0:
 508 0000 00000000 		.4byte	.LFB0
 509 0004 3C000000 		.4byte	.LFE0
 510 0008 00000000 		.4byte	0
 511 000c 00000000 		.4byte	0
 512              		.section	.debug_line,"",%progbits
 513              	.Ldebug_line0:
 514 0000 84000000 		.section	.debug_str,"MS",%progbits,1
 514      02006800 
 514      00000201 
 514      FB0E0D00 
 514      01010101 
 515              	.LASF29:
 516 0000 55534246 		.ascii	"USBFS_1_EP\000"
 516      535F315F 
 516      455000
 517              	.LASF33:
 518 000b 55534246 		.ascii	"USBFS_1_DispatchClassRqst\000"
 518      535F315F 
 518      44697370 
 518      61746368 
 518      436C6173 
 519              	.LASF3:
ARM GAS  C:\Users\Ian\AppData\Local\Temp\ccP7AxK4.s 			page 12


 520 0025 73686F72 		.ascii	"short unsigned int\000"
 520      7420756E 
 520      7369676E 
 520      65642069 
 520      6E7400
 521              	.LASF26:
 522 0038 72657175 		.ascii	"requestHandled\000"
 522      65737448 
 522      616E646C 
 522      656400
 523              	.LASF11:
 524 0047 666C6F61 		.ascii	"float\000"
 524      7400
 525              	.LASF19:
 526 004d 6570546F 		.ascii	"epToggle\000"
 526      67676C65 
 526      00
 527              	.LASF1:
 528 0056 756E7369 		.ascii	"unsigned char\000"
 528      676E6564 
 528      20636861 
 528      7200
 529              	.LASF14:
 530 0064 72656738 		.ascii	"reg8\000"
 530      00
 531              	.LASF32:
 532 0069 433A5C55 		.ascii	"C:\\Users\\Ian\\Documents\\Junior\\Senior Project C"
 532      73657273 
 532      5C49616E 
 532      5C446F63 
 532      756D656E 
 533 0097 68697020 		.ascii	"hip Design\\Wave Generator\\Wave Generator.cydsn\000"
 533      44657369 
 533      676E5C57 
 533      61766520 
 533      47656E65 
 534              	.LASF5:
 535 00c6 6C6F6E67 		.ascii	"long unsigned int\000"
 535      20756E73 
 535      69676E65 
 535      6420696E 
 535      7400
 536              	.LASF20:
 537 00d8 61646472 		.ascii	"addr\000"
 537      00
 538              	.LASF27:
 539 00dd 696E7465 		.ascii	"interfaceNumber\000"
 539      72666163 
 539      654E756D 
 539      62657200 
 540              	.LASF25:
 541 00ed 545F5553 		.ascii	"T_USBFS_1_EP_CTL_BLOCK\000"
 541      4246535F 
 541      315F4550 
 541      5F43544C 
 541      5F424C4F 
 542              	.LASF12:
ARM GAS  C:\Users\Ian\AppData\Local\Temp\ccP7AxK4.s 			page 13


 543 0104 646F7562 		.ascii	"double\000"
 543      6C6500
 544              	.LASF16:
 545 010b 61747472 		.ascii	"attrib\000"
 545      696200
 546              	.LASF22:
 547 0112 62756666 		.ascii	"buffOffset\000"
 547      4F666673 
 547      657400
 548              	.LASF10:
 549 011d 75696E74 		.ascii	"uint16\000"
 549      313600
 550              	.LASF17:
 551 0124 61706945 		.ascii	"apiEpState\000"
 551      70537461 
 551      746500
 552              	.LASF30:
 553 012f 474E5520 		.ascii	"GNU C 4.9.3 20150303 (release) [ARM/embedded-4_9-br"
 553      4320342E 
 553      392E3320 
 553      32303135 
 553      30333033 
 554 0162 616E6368 		.ascii	"anch revision 221220] -mcpu=cortex-m3 -mthumb -g -O"
 554      20726576 
 554      6973696F 
 554      6E203232 
 554      31323230 
 555 0195 67202D66 		.ascii	"g -ffunction-sections -ffat-lto-objects\000"
 555      66756E63 
 555      74696F6E 
 555      2D736563 
 555      74696F6E 
 556              	.LASF8:
 557 01bd 756E7369 		.ascii	"unsigned int\000"
 557      676E6564 
 557      20696E74 
 557      00
 558              	.LASF7:
 559 01ca 6C6F6E67 		.ascii	"long long unsigned int\000"
 559      206C6F6E 
 559      6720756E 
 559      7369676E 
 559      65642069 
 560              	.LASF18:
 561 01e1 68774570 		.ascii	"hwEpState\000"
 561      53746174 
 561      6500
 562              	.LASF15:
 563 01eb 73697A65 		.ascii	"sizetype\000"
 563      74797065 
 563      00
 564              	.LASF21:
 565 01f4 65704D6F 		.ascii	"epMode\000"
 565      646500
 566              	.LASF6:
 567 01fb 6C6F6E67 		.ascii	"long long int\000"
 567      206C6F6E 
ARM GAS  C:\Users\Ian\AppData\Local\Temp\ccP7AxK4.s 			page 14


 567      6720696E 
 567      7400
 568              	.LASF28:
 569 0209 55534246 		.ascii	"USBFS_1_interfaceClass\000"
 569      535F315F 
 569      696E7465 
 569      72666163 
 569      65436C61 
 570              	.LASF13:
 571 0220 63686172 		.ascii	"char\000"
 571      00
 572              	.LASF23:
 573 0225 62756666 		.ascii	"bufferSize\000"
 573      65725369 
 573      7A6500
 574              	.LASF31:
 575 0230 2E5C4765 		.ascii	".\\Generated_Source\\PSoC5\\USBFS_1_cls.c\000"
 575      6E657261 
 575      7465645F 
 575      536F7572 
 575      63655C50 
 576              	.LASF2:
 577 0257 73686F72 		.ascii	"short int\000"
 577      7420696E 
 577      7400
 578              	.LASF9:
 579 0261 75696E74 		.ascii	"uint8\000"
 579      3800
 580              	.LASF24:
 581 0267 696E7465 		.ascii	"interface\000"
 581      72666163 
 581      6500
 582              	.LASF4:
 583 0271 6C6F6E67 		.ascii	"long int\000"
 583      20696E74 
 583      00
 584              	.LASF0:
 585 027a 7369676E 		.ascii	"signed char\000"
 585      65642063 
 585      68617200 
 586              		.ident	"GCC: (GNU Tools for ARM Embedded Processors) 4.9.3 20150303 (release) [ARM/embedded-4_9-br
