ARM GAS  C:\Users\Ian\AppData\Local\Temp\cc3XrNyg.s 			page 1


   1              		.syntax unified
   2              		.cpu cortex-m3
   3              		.fpu softvfp
   4              		.eabi_attribute 20, 1
   5              		.eabi_attribute 21, 1
   6              		.eabi_attribute 23, 3
   7              		.eabi_attribute 24, 1
   8              		.eabi_attribute 25, 1
   9              		.eabi_attribute 26, 1
  10              		.eabi_attribute 30, 1
  11              		.eabi_attribute 34, 1
  12              		.eabi_attribute 18, 4
  13              		.thumb
  14              		.file	"WaveDAC8_PM.c"
  15              		.text
  16              	.Ltext0:
  17              		.cfi_sections	.debug_frame
  18              		.section	.text.WaveDAC8_Sleep,"ax",%progbits
  19              		.align	2
  20              		.global	WaveDAC8_Sleep
  21              		.thumb
  22              		.thumb_func
  23              		.type	WaveDAC8_Sleep, %function
  24              	WaveDAC8_Sleep:
  25              	.LFB0:
  26              		.file 1 ".\\Generated_Source\\PSoC5\\WaveDAC8_PM.c"
   1:.\Generated_Source\PSoC5/WaveDAC8_PM.c **** /*******************************************************************************
   2:.\Generated_Source\PSoC5/WaveDAC8_PM.c **** * File Name: WaveDAC8_PM.c  
   3:.\Generated_Source\PSoC5/WaveDAC8_PM.c **** * Version 2.0
   4:.\Generated_Source\PSoC5/WaveDAC8_PM.c **** *
   5:.\Generated_Source\PSoC5/WaveDAC8_PM.c **** * Description:
   6:.\Generated_Source\PSoC5/WaveDAC8_PM.c **** *  This file provides the power manager source code to the API for 
   7:.\Generated_Source\PSoC5/WaveDAC8_PM.c **** *  the WaveDAC8 component.
   8:.\Generated_Source\PSoC5/WaveDAC8_PM.c **** *
   9:.\Generated_Source\PSoC5/WaveDAC8_PM.c **** ********************************************************************************
  10:.\Generated_Source\PSoC5/WaveDAC8_PM.c **** * Copyright 2013, Cypress Semiconductor Corporation.  All rights reserved.
  11:.\Generated_Source\PSoC5/WaveDAC8_PM.c **** * You may use this file only in accordance with the license, terms, conditions, 
  12:.\Generated_Source\PSoC5/WaveDAC8_PM.c **** * disclaimers, and limitations in the end user license agreement accompanying 
  13:.\Generated_Source\PSoC5/WaveDAC8_PM.c **** * the software package with which this file was provided.
  14:.\Generated_Source\PSoC5/WaveDAC8_PM.c **** *******************************************************************************/
  15:.\Generated_Source\PSoC5/WaveDAC8_PM.c **** 
  16:.\Generated_Source\PSoC5/WaveDAC8_PM.c **** #include "WaveDAC8.h"
  17:.\Generated_Source\PSoC5/WaveDAC8_PM.c **** 
  18:.\Generated_Source\PSoC5/WaveDAC8_PM.c **** static WaveDAC8_BACKUP_STRUCT  WaveDAC8_backup;
  19:.\Generated_Source\PSoC5/WaveDAC8_PM.c **** 
  20:.\Generated_Source\PSoC5/WaveDAC8_PM.c **** 
  21:.\Generated_Source\PSoC5/WaveDAC8_PM.c **** /*******************************************************************************
  22:.\Generated_Source\PSoC5/WaveDAC8_PM.c **** * Function Name: WaveDAC8_Sleep
  23:.\Generated_Source\PSoC5/WaveDAC8_PM.c **** ********************************************************************************
  24:.\Generated_Source\PSoC5/WaveDAC8_PM.c **** *
  25:.\Generated_Source\PSoC5/WaveDAC8_PM.c **** * Summary:
  26:.\Generated_Source\PSoC5/WaveDAC8_PM.c **** *  Stops the component and saves its configuration. Should be called 
  27:.\Generated_Source\PSoC5/WaveDAC8_PM.c **** *  just prior to entering sleep.
  28:.\Generated_Source\PSoC5/WaveDAC8_PM.c **** *  
  29:.\Generated_Source\PSoC5/WaveDAC8_PM.c **** * Parameters:  
  30:.\Generated_Source\PSoC5/WaveDAC8_PM.c **** *  None
  31:.\Generated_Source\PSoC5/WaveDAC8_PM.c **** *
ARM GAS  C:\Users\Ian\AppData\Local\Temp\cc3XrNyg.s 			page 2


  32:.\Generated_Source\PSoC5/WaveDAC8_PM.c **** * Return: 
  33:.\Generated_Source\PSoC5/WaveDAC8_PM.c **** *  None
  34:.\Generated_Source\PSoC5/WaveDAC8_PM.c **** *
  35:.\Generated_Source\PSoC5/WaveDAC8_PM.c **** * Global variables:
  36:.\Generated_Source\PSoC5/WaveDAC8_PM.c **** *  WaveDAC8_backup:  The structure field 'enableState' is modified 
  37:.\Generated_Source\PSoC5/WaveDAC8_PM.c **** *  depending on the enable state of the block before entering to sleep mode.
  38:.\Generated_Source\PSoC5/WaveDAC8_PM.c **** *
  39:.\Generated_Source\PSoC5/WaveDAC8_PM.c **** * Reentrant:
  40:.\Generated_Source\PSoC5/WaveDAC8_PM.c **** *  No
  41:.\Generated_Source\PSoC5/WaveDAC8_PM.c **** *
  42:.\Generated_Source\PSoC5/WaveDAC8_PM.c **** *******************************************************************************/
  43:.\Generated_Source\PSoC5/WaveDAC8_PM.c **** void WaveDAC8_Sleep(void) 
  44:.\Generated_Source\PSoC5/WaveDAC8_PM.c **** {
  27              		.loc 1 44 0
  28              		.cfi_startproc
  29              		@ args = 0, pretend = 0, frame = 0
  30              		@ frame_needed = 0, uses_anonymous_args = 0
  31 0000 08B5     		push	{r3, lr}
  32              		.cfi_def_cfa_offset 8
  33              		.cfi_offset 3, -8
  34              		.cfi_offset 14, -4
  45:.\Generated_Source\PSoC5/WaveDAC8_PM.c **** 	/* Save DAC8's enable state */
  46:.\Generated_Source\PSoC5/WaveDAC8_PM.c **** 
  47:.\Generated_Source\PSoC5/WaveDAC8_PM.c **** 	WaveDAC8_backup.enableState = (WaveDAC8_VDAC8_ACT_PWR_EN == 
  48:.\Generated_Source\PSoC5/WaveDAC8_PM.c **** 		(WaveDAC8_VDAC8_PWRMGR_REG & WaveDAC8_VDAC8_ACT_PWR_EN)) ? 1u : 0u ;
  35              		.loc 1 48 0
  36 0002 074B     		ldr	r3, .L4
  37 0004 1B78     		ldrb	r3, [r3]	@ zero_extendqisi2
  38 0006 03F00403 		and	r3, r3, #4
  47:.\Generated_Source\PSoC5/WaveDAC8_PM.c **** 		(WaveDAC8_VDAC8_PWRMGR_REG & WaveDAC8_VDAC8_ACT_PWR_EN)) ? 1u : 0u ;
  39              		.loc 1 47 0
  40 000a 03F0FF02 		and	r2, r3, #255
  41 000e 03B1     		cbz	r3, .L2
  42 0010 0122     		movs	r2, #1
  43              	.L2:
  47:.\Generated_Source\PSoC5/WaveDAC8_PM.c **** 		(WaveDAC8_VDAC8_PWRMGR_REG & WaveDAC8_VDAC8_ACT_PWR_EN)) ? 1u : 0u ;
  44              		.loc 1 47 0 is_stmt 0 discriminator 4
  45 0012 044B     		ldr	r3, .L4+4
  46 0014 1A70     		strb	r2, [r3]
  49:.\Generated_Source\PSoC5/WaveDAC8_PM.c **** 	
  50:.\Generated_Source\PSoC5/WaveDAC8_PM.c **** 	WaveDAC8_Stop();
  47              		.loc 1 50 0 is_stmt 1 discriminator 4
  48 0016 FFF7FEFF 		bl	WaveDAC8_Stop
  49              	.LVL0:
  51:.\Generated_Source\PSoC5/WaveDAC8_PM.c **** 	WaveDAC8_SaveConfig();
  50              		.loc 1 51 0 discriminator 4
  51 001a FFF7FEFF 		bl	WaveDAC8_VDAC8_SaveConfig
  52              	.LVL1:
  53 001e 08BD     		pop	{r3, pc}
  54              	.L5:
  55              		.align	2
  56              	.L4:
  57 0020 A8430040 		.word	1073759144
  58 0024 00000000 		.word	.LANCHOR0
  59              		.cfi_endproc
  60              	.LFE0:
  61              		.size	WaveDAC8_Sleep, .-WaveDAC8_Sleep
ARM GAS  C:\Users\Ian\AppData\Local\Temp\cc3XrNyg.s 			page 3


  62              		.section	.text.WaveDAC8_Wakeup,"ax",%progbits
  63              		.align	2
  64              		.global	WaveDAC8_Wakeup
  65              		.thumb
  66              		.thumb_func
  67              		.type	WaveDAC8_Wakeup, %function
  68              	WaveDAC8_Wakeup:
  69              	.LFB1:
  52:.\Generated_Source\PSoC5/WaveDAC8_PM.c **** }
  53:.\Generated_Source\PSoC5/WaveDAC8_PM.c **** 
  54:.\Generated_Source\PSoC5/WaveDAC8_PM.c **** 
  55:.\Generated_Source\PSoC5/WaveDAC8_PM.c **** /*******************************************************************************
  56:.\Generated_Source\PSoC5/WaveDAC8_PM.c **** * Function Name: WaveDAC8_Wakeup
  57:.\Generated_Source\PSoC5/WaveDAC8_PM.c **** ********************************************************************************
  58:.\Generated_Source\PSoC5/WaveDAC8_PM.c **** *
  59:.\Generated_Source\PSoC5/WaveDAC8_PM.c **** * Summary:
  60:.\Generated_Source\PSoC5/WaveDAC8_PM.c **** *  Restores the component configuration. Should be called
  61:.\Generated_Source\PSoC5/WaveDAC8_PM.c **** *  just after awaking from sleep.
  62:.\Generated_Source\PSoC5/WaveDAC8_PM.c **** *  
  63:.\Generated_Source\PSoC5/WaveDAC8_PM.c **** * Parameters:  
  64:.\Generated_Source\PSoC5/WaveDAC8_PM.c **** *  None
  65:.\Generated_Source\PSoC5/WaveDAC8_PM.c **** *
  66:.\Generated_Source\PSoC5/WaveDAC8_PM.c **** * Return: 
  67:.\Generated_Source\PSoC5/WaveDAC8_PM.c **** *  void
  68:.\Generated_Source\PSoC5/WaveDAC8_PM.c **** *
  69:.\Generated_Source\PSoC5/WaveDAC8_PM.c **** * Global variables:
  70:.\Generated_Source\PSoC5/WaveDAC8_PM.c **** *  WaveDAC8_backup:  The structure field 'enableState' is used to 
  71:.\Generated_Source\PSoC5/WaveDAC8_PM.c **** *  restore the enable state of block after wakeup from sleep mode.
  72:.\Generated_Source\PSoC5/WaveDAC8_PM.c **** *
  73:.\Generated_Source\PSoC5/WaveDAC8_PM.c **** * Reentrant:
  74:.\Generated_Source\PSoC5/WaveDAC8_PM.c **** *  No
  75:.\Generated_Source\PSoC5/WaveDAC8_PM.c **** *
  76:.\Generated_Source\PSoC5/WaveDAC8_PM.c **** *******************************************************************************/
  77:.\Generated_Source\PSoC5/WaveDAC8_PM.c **** void WaveDAC8_Wakeup(void) 
  78:.\Generated_Source\PSoC5/WaveDAC8_PM.c **** {
  70              		.loc 1 78 0
  71              		.cfi_startproc
  72              		@ args = 0, pretend = 0, frame = 0
  73              		@ frame_needed = 0, uses_anonymous_args = 0
  74 0000 08B5     		push	{r3, lr}
  75              		.cfi_def_cfa_offset 8
  76              		.cfi_offset 3, -8
  77              		.cfi_offset 14, -4
  79:.\Generated_Source\PSoC5/WaveDAC8_PM.c **** 	WaveDAC8_RestoreConfig();
  78              		.loc 1 79 0
  79 0002 FFF7FEFF 		bl	WaveDAC8_VDAC8_RestoreConfig
  80              	.LVL2:
  80:.\Generated_Source\PSoC5/WaveDAC8_PM.c **** 
  81:.\Generated_Source\PSoC5/WaveDAC8_PM.c **** 	if(WaveDAC8_backup.enableState == 1u)
  81              		.loc 1 81 0
  82 0006 034B     		ldr	r3, .L9
  83 0008 1B78     		ldrb	r3, [r3]	@ zero_extendqisi2
  84 000a 012B     		cmp	r3, #1
  85 000c 01D1     		bne	.L6
  82:.\Generated_Source\PSoC5/WaveDAC8_PM.c **** 	{
  83:.\Generated_Source\PSoC5/WaveDAC8_PM.c **** 		WaveDAC8_Enable();
  86              		.loc 1 83 0
ARM GAS  C:\Users\Ian\AppData\Local\Temp\cc3XrNyg.s 			page 4


  87 000e FFF7FEFF 		bl	WaveDAC8_Enable
  88              	.LVL3:
  89              	.L6:
  90 0012 08BD     		pop	{r3, pc}
  91              	.L10:
  92              		.align	2
  93              	.L9:
  94 0014 00000000 		.word	.LANCHOR0
  95              		.cfi_endproc
  96              	.LFE1:
  97              		.size	WaveDAC8_Wakeup, .-WaveDAC8_Wakeup
  98              		.bss
  99              		.align	2
 100              		.set	.LANCHOR0,. + 0
 101              		.type	WaveDAC8_backup, %object
 102              		.size	WaveDAC8_backup, 1
 103              	WaveDAC8_backup:
 104 0000 00       		.space	1
 105 0001 000000   		.text
 106              	.Letext0:
 107              		.file 2 ".\\Generated_Source\\PSoC5\\cytypes.h"
 108              		.file 3 ".\\Generated_Source\\PSoC5\\WaveDAC8.h"
 109              		.file 4 "Generated_Source\\PSoC5/WaveDAC8_VDAC8.h"
 110              		.section	.debug_info,"",%progbits
 111              	.Ldebug_info0:
 112 0000 3C010000 		.4byte	0x13c
 113 0004 0400     		.2byte	0x4
 114 0006 00000000 		.4byte	.Ldebug_abbrev0
 115 000a 04       		.byte	0x4
 116 000b 01       		.uleb128 0x1
 117 000c 72000000 		.4byte	.LASF22
 118 0010 01       		.byte	0x1
 119 0011 3C020000 		.4byte	.LASF23
 120 0015 5C010000 		.4byte	.LASF24
 121 0019 00000000 		.4byte	.Ldebug_ranges0+0
 122 001d 00000000 		.4byte	0
 123 0021 00000000 		.4byte	.Ldebug_line0
 124 0025 02       		.uleb128 0x2
 125 0026 01       		.byte	0x1
 126 0027 06       		.byte	0x6
 127 0028 CC010000 		.4byte	.LASF0
 128 002c 02       		.uleb128 0x2
 129 002d 01       		.byte	0x1
 130 002e 08       		.byte	0x8
 131 002f 00010000 		.4byte	.LASF1
 132 0033 02       		.uleb128 0x2
 133 0034 02       		.byte	0x2
 134 0035 05       		.byte	0x5
 135 0036 39010000 		.4byte	.LASF2
 136 003a 02       		.uleb128 0x2
 137 003b 02       		.byte	0x2
 138 003c 07       		.byte	0x7
 139 003d B9010000 		.4byte	.LASF3
 140 0041 02       		.uleb128 0x2
 141 0042 04       		.byte	0x4
 142 0043 05       		.byte	0x5
 143 0044 30010000 		.4byte	.LASF4
ARM GAS  C:\Users\Ian\AppData\Local\Temp\cc3XrNyg.s 			page 5


 144 0048 02       		.uleb128 0x2
 145 0049 04       		.byte	0x4
 146 004a 07       		.byte	0x7
 147 004b 43010000 		.4byte	.LASF5
 148 004f 02       		.uleb128 0x2
 149 0050 08       		.byte	0x8
 150 0051 05       		.byte	0x5
 151 0052 00000000 		.4byte	.LASF6
 152 0056 02       		.uleb128 0x2
 153 0057 08       		.byte	0x8
 154 0058 07       		.byte	0x7
 155 0059 3D000000 		.4byte	.LASF7
 156 005d 03       		.uleb128 0x3
 157 005e 04       		.byte	0x4
 158 005f 05       		.byte	0x5
 159 0060 696E7400 		.ascii	"int\000"
 160 0064 02       		.uleb128 0x2
 161 0065 04       		.byte	0x4
 162 0066 07       		.byte	0x7
 163 0067 1A000000 		.4byte	.LASF8
 164 006b 04       		.uleb128 0x4
 165 006c 27000000 		.4byte	.LASF12
 166 0070 02       		.byte	0x2
 167 0071 5B       		.byte	0x5b
 168 0072 2C000000 		.4byte	0x2c
 169 0076 02       		.uleb128 0x2
 170 0077 04       		.byte	0x4
 171 0078 04       		.byte	0x4
 172 0079 F2010000 		.4byte	.LASF9
 173 007d 02       		.uleb128 0x2
 174 007e 08       		.byte	0x8
 175 007f 04       		.byte	0x4
 176 0080 55010000 		.4byte	.LASF10
 177 0084 02       		.uleb128 0x2
 178 0085 01       		.byte	0x1
 179 0086 08       		.byte	0x8
 180 0087 0E010000 		.4byte	.LASF11
 181 008b 04       		.uleb128 0x4
 182 008c 1E020000 		.4byte	.LASF13
 183 0090 02       		.byte	0x2
 184 0091 F0       		.byte	0xf0
 185 0092 96000000 		.4byte	0x96
 186 0096 05       		.uleb128 0x5
 187 0097 6B000000 		.4byte	0x6b
 188 009b 02       		.uleb128 0x2
 189 009c 04       		.byte	0x4
 190 009d 07       		.byte	0x7
 191 009e 23020000 		.4byte	.LASF14
 192 00a2 06       		.uleb128 0x6
 193 00a3 01       		.byte	0x1
 194 00a4 03       		.byte	0x3
 195 00a5 5D       		.byte	0x5d
 196 00a6 B7000000 		.4byte	0xb7
 197 00aa 07       		.uleb128 0x7
 198 00ab 0E000000 		.4byte	.LASF25
 199 00af 03       		.byte	0x3
 200 00b0 5F       		.byte	0x5f
ARM GAS  C:\Users\Ian\AppData\Local\Temp\cc3XrNyg.s 			page 6


 201 00b1 6B000000 		.4byte	0x6b
 202 00b5 00       		.byte	0
 203 00b6 00       		.byte	0
 204 00b7 04       		.uleb128 0x4
 205 00b8 F8010000 		.4byte	.LASF15
 206 00bc 03       		.byte	0x3
 207 00bd 60       		.byte	0x60
 208 00be A2000000 		.4byte	0xa2
 209 00c2 08       		.uleb128 0x8
 210 00c3 0F020000 		.4byte	.LASF16
 211 00c7 01       		.byte	0x1
 212 00c8 2B       		.byte	0x2b
 213 00c9 00000000 		.4byte	.LFB0
 214 00cd 28000000 		.4byte	.LFE0-.LFB0
 215 00d1 01       		.uleb128 0x1
 216 00d2 9C       		.byte	0x9c
 217 00d3 EA000000 		.4byte	0xea
 218 00d7 09       		.uleb128 0x9
 219 00d8 1A000000 		.4byte	.LVL0
 220 00dc 23010000 		.4byte	0x123
 221 00e0 09       		.uleb128 0x9
 222 00e1 1E000000 		.4byte	.LVL1
 223 00e5 2A010000 		.4byte	0x12a
 224 00e9 00       		.byte	0
 225 00ea 08       		.uleb128 0x8
 226 00eb 2D000000 		.4byte	.LASF17
 227 00ef 01       		.byte	0x1
 228 00f0 4D       		.byte	0x4d
 229 00f1 00000000 		.4byte	.LFB1
 230 00f5 18000000 		.4byte	.LFE1-.LFB1
 231 00f9 01       		.uleb128 0x1
 232 00fa 9C       		.byte	0x9c
 233 00fb 12010000 		.4byte	0x112
 234 00ff 09       		.uleb128 0x9
 235 0100 06000000 		.4byte	.LVL2
 236 0104 31010000 		.4byte	0x131
 237 0108 09       		.uleb128 0x9
 238 0109 12000000 		.4byte	.LVL3
 239 010d 38010000 		.4byte	0x138
 240 0111 00       		.byte	0
 241 0112 0A       		.uleb128 0xa
 242 0113 2C020000 		.4byte	.LASF26
 243 0117 01       		.byte	0x1
 244 0118 12       		.byte	0x12
 245 0119 B7000000 		.4byte	0xb7
 246 011d 05       		.uleb128 0x5
 247 011e 03       		.byte	0x3
 248 011f 00000000 		.4byte	WaveDAC8_backup
 249 0123 0B       		.uleb128 0xb
 250 0124 54000000 		.4byte	.LASF18
 251 0128 03       		.byte	0x3
 252 0129 6C       		.byte	0x6c
 253 012a 0B       		.uleb128 0xb
 254 012b D8010000 		.4byte	.LASF19
 255 012f 04       		.byte	0x4
 256 0130 3B       		.byte	0x3b
 257 0131 0B       		.uleb128 0xb
ARM GAS  C:\Users\Ian\AppData\Local\Temp\cc3XrNyg.s 			page 7


 258 0132 13010000 		.4byte	.LASF20
 259 0136 04       		.byte	0x4
 260 0137 3C       		.byte	0x3c
 261 0138 0B       		.uleb128 0xb
 262 0139 62000000 		.4byte	.LASF21
 263 013d 03       		.byte	0x3
 264 013e 6B       		.byte	0x6b
 265 013f 00       		.byte	0
 266              		.section	.debug_abbrev,"",%progbits
 267              	.Ldebug_abbrev0:
 268 0000 01       		.uleb128 0x1
 269 0001 11       		.uleb128 0x11
 270 0002 01       		.byte	0x1
 271 0003 25       		.uleb128 0x25
 272 0004 0E       		.uleb128 0xe
 273 0005 13       		.uleb128 0x13
 274 0006 0B       		.uleb128 0xb
 275 0007 03       		.uleb128 0x3
 276 0008 0E       		.uleb128 0xe
 277 0009 1B       		.uleb128 0x1b
 278 000a 0E       		.uleb128 0xe
 279 000b 55       		.uleb128 0x55
 280 000c 17       		.uleb128 0x17
 281 000d 11       		.uleb128 0x11
 282 000e 01       		.uleb128 0x1
 283 000f 10       		.uleb128 0x10
 284 0010 17       		.uleb128 0x17
 285 0011 00       		.byte	0
 286 0012 00       		.byte	0
 287 0013 02       		.uleb128 0x2
 288 0014 24       		.uleb128 0x24
 289 0015 00       		.byte	0
 290 0016 0B       		.uleb128 0xb
 291 0017 0B       		.uleb128 0xb
 292 0018 3E       		.uleb128 0x3e
 293 0019 0B       		.uleb128 0xb
 294 001a 03       		.uleb128 0x3
 295 001b 0E       		.uleb128 0xe
 296 001c 00       		.byte	0
 297 001d 00       		.byte	0
 298 001e 03       		.uleb128 0x3
 299 001f 24       		.uleb128 0x24
 300 0020 00       		.byte	0
 301 0021 0B       		.uleb128 0xb
 302 0022 0B       		.uleb128 0xb
 303 0023 3E       		.uleb128 0x3e
 304 0024 0B       		.uleb128 0xb
 305 0025 03       		.uleb128 0x3
 306 0026 08       		.uleb128 0x8
 307 0027 00       		.byte	0
 308 0028 00       		.byte	0
 309 0029 04       		.uleb128 0x4
 310 002a 16       		.uleb128 0x16
 311 002b 00       		.byte	0
 312 002c 03       		.uleb128 0x3
 313 002d 0E       		.uleb128 0xe
 314 002e 3A       		.uleb128 0x3a
ARM GAS  C:\Users\Ian\AppData\Local\Temp\cc3XrNyg.s 			page 8


 315 002f 0B       		.uleb128 0xb
 316 0030 3B       		.uleb128 0x3b
 317 0031 0B       		.uleb128 0xb
 318 0032 49       		.uleb128 0x49
 319 0033 13       		.uleb128 0x13
 320 0034 00       		.byte	0
 321 0035 00       		.byte	0
 322 0036 05       		.uleb128 0x5
 323 0037 35       		.uleb128 0x35
 324 0038 00       		.byte	0
 325 0039 49       		.uleb128 0x49
 326 003a 13       		.uleb128 0x13
 327 003b 00       		.byte	0
 328 003c 00       		.byte	0
 329 003d 06       		.uleb128 0x6
 330 003e 13       		.uleb128 0x13
 331 003f 01       		.byte	0x1
 332 0040 0B       		.uleb128 0xb
 333 0041 0B       		.uleb128 0xb
 334 0042 3A       		.uleb128 0x3a
 335 0043 0B       		.uleb128 0xb
 336 0044 3B       		.uleb128 0x3b
 337 0045 0B       		.uleb128 0xb
 338 0046 01       		.uleb128 0x1
 339 0047 13       		.uleb128 0x13
 340 0048 00       		.byte	0
 341 0049 00       		.byte	0
 342 004a 07       		.uleb128 0x7
 343 004b 0D       		.uleb128 0xd
 344 004c 00       		.byte	0
 345 004d 03       		.uleb128 0x3
 346 004e 0E       		.uleb128 0xe
 347 004f 3A       		.uleb128 0x3a
 348 0050 0B       		.uleb128 0xb
 349 0051 3B       		.uleb128 0x3b
 350 0052 0B       		.uleb128 0xb
 351 0053 49       		.uleb128 0x49
 352 0054 13       		.uleb128 0x13
 353 0055 38       		.uleb128 0x38
 354 0056 0B       		.uleb128 0xb
 355 0057 00       		.byte	0
 356 0058 00       		.byte	0
 357 0059 08       		.uleb128 0x8
 358 005a 2E       		.uleb128 0x2e
 359 005b 01       		.byte	0x1
 360 005c 3F       		.uleb128 0x3f
 361 005d 19       		.uleb128 0x19
 362 005e 03       		.uleb128 0x3
 363 005f 0E       		.uleb128 0xe
 364 0060 3A       		.uleb128 0x3a
 365 0061 0B       		.uleb128 0xb
 366 0062 3B       		.uleb128 0x3b
 367 0063 0B       		.uleb128 0xb
 368 0064 27       		.uleb128 0x27
 369 0065 19       		.uleb128 0x19
 370 0066 11       		.uleb128 0x11
 371 0067 01       		.uleb128 0x1
ARM GAS  C:\Users\Ian\AppData\Local\Temp\cc3XrNyg.s 			page 9


 372 0068 12       		.uleb128 0x12
 373 0069 06       		.uleb128 0x6
 374 006a 40       		.uleb128 0x40
 375 006b 18       		.uleb128 0x18
 376 006c 9742     		.uleb128 0x2117
 377 006e 19       		.uleb128 0x19
 378 006f 01       		.uleb128 0x1
 379 0070 13       		.uleb128 0x13
 380 0071 00       		.byte	0
 381 0072 00       		.byte	0
 382 0073 09       		.uleb128 0x9
 383 0074 898201   		.uleb128 0x4109
 384 0077 00       		.byte	0
 385 0078 11       		.uleb128 0x11
 386 0079 01       		.uleb128 0x1
 387 007a 31       		.uleb128 0x31
 388 007b 13       		.uleb128 0x13
 389 007c 00       		.byte	0
 390 007d 00       		.byte	0
 391 007e 0A       		.uleb128 0xa
 392 007f 34       		.uleb128 0x34
 393 0080 00       		.byte	0
 394 0081 03       		.uleb128 0x3
 395 0082 0E       		.uleb128 0xe
 396 0083 3A       		.uleb128 0x3a
 397 0084 0B       		.uleb128 0xb
 398 0085 3B       		.uleb128 0x3b
 399 0086 0B       		.uleb128 0xb
 400 0087 49       		.uleb128 0x49
 401 0088 13       		.uleb128 0x13
 402 0089 02       		.uleb128 0x2
 403 008a 18       		.uleb128 0x18
 404 008b 00       		.byte	0
 405 008c 00       		.byte	0
 406 008d 0B       		.uleb128 0xb
 407 008e 2E       		.uleb128 0x2e
 408 008f 00       		.byte	0
 409 0090 3F       		.uleb128 0x3f
 410 0091 19       		.uleb128 0x19
 411 0092 03       		.uleb128 0x3
 412 0093 0E       		.uleb128 0xe
 413 0094 3A       		.uleb128 0x3a
 414 0095 0B       		.uleb128 0xb
 415 0096 3B       		.uleb128 0x3b
 416 0097 0B       		.uleb128 0xb
 417 0098 27       		.uleb128 0x27
 418 0099 19       		.uleb128 0x19
 419 009a 3C       		.uleb128 0x3c
 420 009b 19       		.uleb128 0x19
 421 009c 00       		.byte	0
 422 009d 00       		.byte	0
 423 009e 00       		.byte	0
 424              		.section	.debug_aranges,"",%progbits
 425 0000 24000000 		.4byte	0x24
 426 0004 0200     		.2byte	0x2
 427 0006 00000000 		.4byte	.Ldebug_info0
 428 000a 04       		.byte	0x4
ARM GAS  C:\Users\Ian\AppData\Local\Temp\cc3XrNyg.s 			page 10


 429 000b 00       		.byte	0
 430 000c 0000     		.2byte	0
 431 000e 0000     		.2byte	0
 432 0010 00000000 		.4byte	.LFB0
 433 0014 28000000 		.4byte	.LFE0-.LFB0
 434 0018 00000000 		.4byte	.LFB1
 435 001c 18000000 		.4byte	.LFE1-.LFB1
 436 0020 00000000 		.4byte	0
 437 0024 00000000 		.4byte	0
 438              		.section	.debug_ranges,"",%progbits
 439              	.Ldebug_ranges0:
 440 0000 00000000 		.4byte	.LFB0
 441 0004 28000000 		.4byte	.LFE0
 442 0008 00000000 		.4byte	.LFB1
 443 000c 18000000 		.4byte	.LFE1
 444 0010 00000000 		.4byte	0
 445 0014 00000000 		.4byte	0
 446              		.section	.debug_line,"",%progbits
 447              	.Ldebug_line0:
 448 0000 BE000000 		.section	.debug_str,"MS",%progbits,1
 448      02008300 
 448      00000201 
 448      FB0E0D00 
 448      01010101 
 449              	.LASF6:
 450 0000 6C6F6E67 		.ascii	"long long int\000"
 450      206C6F6E 
 450      6720696E 
 450      7400
 451              	.LASF25:
 452 000e 656E6162 		.ascii	"enableState\000"
 452      6C655374 
 452      61746500 
 453              	.LASF8:
 454 001a 756E7369 		.ascii	"unsigned int\000"
 454      676E6564 
 454      20696E74 
 454      00
 455              	.LASF12:
 456 0027 75696E74 		.ascii	"uint8\000"
 456      3800
 457              	.LASF17:
 458 002d 57617665 		.ascii	"WaveDAC8_Wakeup\000"
 458      44414338 
 458      5F57616B 
 458      65757000 
 459              	.LASF7:
 460 003d 6C6F6E67 		.ascii	"long long unsigned int\000"
 460      206C6F6E 
 460      6720756E 
 460      7369676E 
 460      65642069 
 461              	.LASF18:
 462 0054 57617665 		.ascii	"WaveDAC8_Stop\000"
 462      44414338 
 462      5F53746F 
 462      7000
ARM GAS  C:\Users\Ian\AppData\Local\Temp\cc3XrNyg.s 			page 11


 463              	.LASF21:
 464 0062 57617665 		.ascii	"WaveDAC8_Enable\000"
 464      44414338 
 464      5F456E61 
 464      626C6500 
 465              	.LASF22:
 466 0072 474E5520 		.ascii	"GNU C 4.9.3 20150303 (release) [ARM/embedded-4_9-br"
 466      4320342E 
 466      392E3320 
 466      32303135 
 466      30333033 
 467 00a5 616E6368 		.ascii	"anch revision 221220] -mcpu=cortex-m3 -mthumb -g -O"
 467      20726576 
 467      6973696F 
 467      6E203232 
 467      31323230 
 468 00d8 67202D66 		.ascii	"g -ffunction-sections -ffat-lto-objects\000"
 468      66756E63 
 468      74696F6E 
 468      2D736563 
 468      74696F6E 
 469              	.LASF1:
 470 0100 756E7369 		.ascii	"unsigned char\000"
 470      676E6564 
 470      20636861 
 470      7200
 471              	.LASF11:
 472 010e 63686172 		.ascii	"char\000"
 472      00
 473              	.LASF20:
 474 0113 57617665 		.ascii	"WaveDAC8_VDAC8_RestoreConfig\000"
 474      44414338 
 474      5F564441 
 474      43385F52 
 474      6573746F 
 475              	.LASF4:
 476 0130 6C6F6E67 		.ascii	"long int\000"
 476      20696E74 
 476      00
 477              	.LASF2:
 478 0139 73686F72 		.ascii	"short int\000"
 478      7420696E 
 478      7400
 479              	.LASF5:
 480 0143 6C6F6E67 		.ascii	"long unsigned int\000"
 480      20756E73 
 480      69676E65 
 480      6420696E 
 480      7400
 481              	.LASF10:
 482 0155 646F7562 		.ascii	"double\000"
 482      6C6500
 483              	.LASF24:
 484 015c 433A5C55 		.ascii	"C:\\Users\\Ian\\Documents\\Junior\\Chip-Design\\pro"
 484      73657273 
 484      5C49616E 
 484      5C446F63 
ARM GAS  C:\Users\Ian\AppData\Local\Temp\cc3XrNyg.s 			page 12


 484      756D656E 
 485 0189 6A5F6173 		.ascii	"j_asic\\psoc\\Wave Generator\\Wave Generator.cydsn\000"
 485      69635C70 
 485      736F635C 
 485      57617665 
 485      2047656E 
 486              	.LASF3:
 487 01b9 73686F72 		.ascii	"short unsigned int\000"
 487      7420756E 
 487      7369676E 
 487      65642069 
 487      6E7400
 488              	.LASF0:
 489 01cc 7369676E 		.ascii	"signed char\000"
 489      65642063 
 489      68617200 
 490              	.LASF19:
 491 01d8 57617665 		.ascii	"WaveDAC8_VDAC8_SaveConfig\000"
 491      44414338 
 491      5F564441 
 491      43385F53 
 491      61766543 
 492              	.LASF9:
 493 01f2 666C6F61 		.ascii	"float\000"
 493      7400
 494              	.LASF15:
 495 01f8 57617665 		.ascii	"WaveDAC8_BACKUP_STRUCT\000"
 495      44414338 
 495      5F424143 
 495      4B55505F 
 495      53545255 
 496              	.LASF16:
 497 020f 57617665 		.ascii	"WaveDAC8_Sleep\000"
 497      44414338 
 497      5F536C65 
 497      657000
 498              	.LASF13:
 499 021e 72656738 		.ascii	"reg8\000"
 499      00
 500              	.LASF14:
 501 0223 73697A65 		.ascii	"sizetype\000"
 501      74797065 
 501      00
 502              	.LASF26:
 503 022c 57617665 		.ascii	"WaveDAC8_backup\000"
 503      44414338 
 503      5F626163 
 503      6B757000 
 504              	.LASF23:
 505 023c 2E5C4765 		.ascii	".\\Generated_Source\\PSoC5\\WaveDAC8_PM.c\000"
 505      6E657261 
 505      7465645F 
 505      536F7572 
 505      63655C50 
 506              		.ident	"GCC: (GNU Tools for ARM Embedded Processors) 4.9.3 20150303 (release) [ARM/embedded-4_9-br
