ARM GAS  C:\Users\Ian\AppData\Local\Temp\ccyf7Ich.s 			page 1


   1              		.syntax unified
   2              		.cpu cortex-m3
   3              		.fpu softvfp
   4              		.eabi_attribute 20, 1
   5              		.eabi_attribute 21, 1
   6              		.eabi_attribute 23, 3
   7              		.eabi_attribute 24, 1
   8              		.eabi_attribute 25, 1
   9              		.eabi_attribute 26, 1
  10              		.eabi_attribute 30, 1
  11              		.eabi_attribute 34, 1
  12              		.eabi_attribute 18, 4
  13              		.thumb
  14              		.file	"WaveDAC8_VDAC8_PM.c"
  15              		.text
  16              	.Ltext0:
  17              		.cfi_sections	.debug_frame
  18              		.section	.text.WaveDAC8_VDAC8_SaveConfig,"ax",%progbits
  19              		.align	2
  20              		.global	WaveDAC8_VDAC8_SaveConfig
  21              		.thumb
  22              		.thumb_func
  23              		.type	WaveDAC8_VDAC8_SaveConfig, %function
  24              	WaveDAC8_VDAC8_SaveConfig:
  25              	.LFB0:
  26              		.file 1 ".\\Generated_Source\\PSoC5\\WaveDAC8_VDAC8_PM.c"
   1:.\Generated_Source\PSoC5/WaveDAC8_VDAC8_PM.c **** /*******************************************************************************
   2:.\Generated_Source\PSoC5/WaveDAC8_VDAC8_PM.c **** * File Name: WaveDAC8_VDAC8_PM.c  
   3:.\Generated_Source\PSoC5/WaveDAC8_VDAC8_PM.c **** * Version 1.90
   4:.\Generated_Source\PSoC5/WaveDAC8_VDAC8_PM.c **** *
   5:.\Generated_Source\PSoC5/WaveDAC8_VDAC8_PM.c **** * Description:
   6:.\Generated_Source\PSoC5/WaveDAC8_VDAC8_PM.c **** *  This file provides the power management source code to API for the
   7:.\Generated_Source\PSoC5/WaveDAC8_VDAC8_PM.c **** *  VDAC8.  
   8:.\Generated_Source\PSoC5/WaveDAC8_VDAC8_PM.c **** *
   9:.\Generated_Source\PSoC5/WaveDAC8_VDAC8_PM.c **** * Note:
  10:.\Generated_Source\PSoC5/WaveDAC8_VDAC8_PM.c **** *  None
  11:.\Generated_Source\PSoC5/WaveDAC8_VDAC8_PM.c **** *
  12:.\Generated_Source\PSoC5/WaveDAC8_VDAC8_PM.c **** ********************************************************************************
  13:.\Generated_Source\PSoC5/WaveDAC8_VDAC8_PM.c **** * Copyright 2008-2012, Cypress Semiconductor Corporation.  All rights reserved.
  14:.\Generated_Source\PSoC5/WaveDAC8_VDAC8_PM.c **** * You may use this file only in accordance with the license, terms, conditions, 
  15:.\Generated_Source\PSoC5/WaveDAC8_VDAC8_PM.c **** * disclaimers, and limitations in the end user license agreement accompanying 
  16:.\Generated_Source\PSoC5/WaveDAC8_VDAC8_PM.c **** * the software package with which this file was provided.
  17:.\Generated_Source\PSoC5/WaveDAC8_VDAC8_PM.c **** *******************************************************************************/
  18:.\Generated_Source\PSoC5/WaveDAC8_VDAC8_PM.c **** 
  19:.\Generated_Source\PSoC5/WaveDAC8_VDAC8_PM.c **** #include "WaveDAC8_VDAC8.h"
  20:.\Generated_Source\PSoC5/WaveDAC8_VDAC8_PM.c **** 
  21:.\Generated_Source\PSoC5/WaveDAC8_VDAC8_PM.c **** static WaveDAC8_VDAC8_backupStruct WaveDAC8_VDAC8_backup;
  22:.\Generated_Source\PSoC5/WaveDAC8_VDAC8_PM.c **** 
  23:.\Generated_Source\PSoC5/WaveDAC8_VDAC8_PM.c **** 
  24:.\Generated_Source\PSoC5/WaveDAC8_VDAC8_PM.c **** /*******************************************************************************
  25:.\Generated_Source\PSoC5/WaveDAC8_VDAC8_PM.c **** * Function Name: WaveDAC8_VDAC8_SaveConfig
  26:.\Generated_Source\PSoC5/WaveDAC8_VDAC8_PM.c **** ********************************************************************************
  27:.\Generated_Source\PSoC5/WaveDAC8_VDAC8_PM.c **** * Summary:
  28:.\Generated_Source\PSoC5/WaveDAC8_VDAC8_PM.c **** *  Save the current user configuration
  29:.\Generated_Source\PSoC5/WaveDAC8_VDAC8_PM.c **** *
  30:.\Generated_Source\PSoC5/WaveDAC8_VDAC8_PM.c **** * Parameters:  
  31:.\Generated_Source\PSoC5/WaveDAC8_VDAC8_PM.c **** *  void  
ARM GAS  C:\Users\Ian\AppData\Local\Temp\ccyf7Ich.s 			page 2


  32:.\Generated_Source\PSoC5/WaveDAC8_VDAC8_PM.c **** *
  33:.\Generated_Source\PSoC5/WaveDAC8_VDAC8_PM.c **** * Return: 
  34:.\Generated_Source\PSoC5/WaveDAC8_VDAC8_PM.c **** *  void
  35:.\Generated_Source\PSoC5/WaveDAC8_VDAC8_PM.c **** *
  36:.\Generated_Source\PSoC5/WaveDAC8_VDAC8_PM.c **** *******************************************************************************/
  37:.\Generated_Source\PSoC5/WaveDAC8_VDAC8_PM.c **** void WaveDAC8_VDAC8_SaveConfig(void) 
  38:.\Generated_Source\PSoC5/WaveDAC8_VDAC8_PM.c **** {
  27              		.loc 1 38 0
  28              		.cfi_startproc
  29              		@ args = 0, pretend = 0, frame = 0
  30              		@ frame_needed = 0, uses_anonymous_args = 0
  31              		@ link register save eliminated.
  39:.\Generated_Source\PSoC5/WaveDAC8_VDAC8_PM.c ****     if (!((WaveDAC8_VDAC8_CR1 & WaveDAC8_VDAC8_SRC_MASK) == WaveDAC8_VDAC8_SRC_UDB))
  32              		.loc 1 39 0
  33 0000 044B     		ldr	r3, .L3
  34 0002 1B78     		ldrb	r3, [r3]	@ zero_extendqisi2
  35 0004 13F0200F 		tst	r3, #32
  36 0008 03D1     		bne	.L1
  40:.\Generated_Source\PSoC5/WaveDAC8_VDAC8_PM.c ****     {
  41:.\Generated_Source\PSoC5/WaveDAC8_VDAC8_PM.c ****         WaveDAC8_VDAC8_backup.data_value = WaveDAC8_VDAC8_Data;
  37              		.loc 1 41 0
  38 000a 034B     		ldr	r3, .L3+4
  39 000c 1A78     		ldrb	r2, [r3]	@ zero_extendqisi2
  40 000e 034B     		ldr	r3, .L3+8
  41 0010 5A70     		strb	r2, [r3, #1]
  42              	.L1:
  43 0012 7047     		bx	lr
  44              	.L4:
  45              		.align	2
  46              	.L3:
  47 0014 29580040 		.word	1073764393
  48 0018 825B0040 		.word	1073765250
  49 001c 00000000 		.word	.LANCHOR0
  50              		.cfi_endproc
  51              	.LFE0:
  52              		.size	WaveDAC8_VDAC8_SaveConfig, .-WaveDAC8_VDAC8_SaveConfig
  53              		.section	.text.WaveDAC8_VDAC8_RestoreConfig,"ax",%progbits
  54              		.align	2
  55              		.global	WaveDAC8_VDAC8_RestoreConfig
  56              		.thumb
  57              		.thumb_func
  58              		.type	WaveDAC8_VDAC8_RestoreConfig, %function
  59              	WaveDAC8_VDAC8_RestoreConfig:
  60              	.LFB1:
  42:.\Generated_Source\PSoC5/WaveDAC8_VDAC8_PM.c ****     }
  43:.\Generated_Source\PSoC5/WaveDAC8_VDAC8_PM.c **** }
  44:.\Generated_Source\PSoC5/WaveDAC8_VDAC8_PM.c **** 
  45:.\Generated_Source\PSoC5/WaveDAC8_VDAC8_PM.c **** 
  46:.\Generated_Source\PSoC5/WaveDAC8_VDAC8_PM.c **** /*******************************************************************************
  47:.\Generated_Source\PSoC5/WaveDAC8_VDAC8_PM.c **** * Function Name: WaveDAC8_VDAC8_RestoreConfig
  48:.\Generated_Source\PSoC5/WaveDAC8_VDAC8_PM.c **** ********************************************************************************
  49:.\Generated_Source\PSoC5/WaveDAC8_VDAC8_PM.c **** *
  50:.\Generated_Source\PSoC5/WaveDAC8_VDAC8_PM.c **** * Summary:
  51:.\Generated_Source\PSoC5/WaveDAC8_VDAC8_PM.c **** *  Restores the current user configuration.
  52:.\Generated_Source\PSoC5/WaveDAC8_VDAC8_PM.c **** *
  53:.\Generated_Source\PSoC5/WaveDAC8_VDAC8_PM.c **** * Parameters:  
  54:.\Generated_Source\PSoC5/WaveDAC8_VDAC8_PM.c **** *  void
ARM GAS  C:\Users\Ian\AppData\Local\Temp\ccyf7Ich.s 			page 3


  55:.\Generated_Source\PSoC5/WaveDAC8_VDAC8_PM.c **** *
  56:.\Generated_Source\PSoC5/WaveDAC8_VDAC8_PM.c **** * Return: 
  57:.\Generated_Source\PSoC5/WaveDAC8_VDAC8_PM.c **** *  void
  58:.\Generated_Source\PSoC5/WaveDAC8_VDAC8_PM.c **** *
  59:.\Generated_Source\PSoC5/WaveDAC8_VDAC8_PM.c **** *******************************************************************************/
  60:.\Generated_Source\PSoC5/WaveDAC8_VDAC8_PM.c **** void WaveDAC8_VDAC8_RestoreConfig(void) 
  61:.\Generated_Source\PSoC5/WaveDAC8_VDAC8_PM.c **** {
  61              		.loc 1 61 0
  62              		.cfi_startproc
  63              		@ args = 0, pretend = 0, frame = 0
  64              		@ frame_needed = 0, uses_anonymous_args = 0
  65              		@ link register save eliminated.
  62:.\Generated_Source\PSoC5/WaveDAC8_VDAC8_PM.c ****     if (!((WaveDAC8_VDAC8_CR1 & WaveDAC8_VDAC8_SRC_MASK) == WaveDAC8_VDAC8_SRC_UDB))
  66              		.loc 1 62 0
  67 0000 0E4B     		ldr	r3, .L8
  68 0002 1B78     		ldrb	r3, [r3]	@ zero_extendqisi2
  69 0004 13F0200F 		tst	r3, #32
  70 0008 16D1     		bne	.L5
  63:.\Generated_Source\PSoC5/WaveDAC8_VDAC8_PM.c ****     {
  64:.\Generated_Source\PSoC5/WaveDAC8_VDAC8_PM.c ****         if((WaveDAC8_VDAC8_Strobe & WaveDAC8_VDAC8_STRB_MASK) == WaveDAC8_VDAC8_STRB_EN)
  71              		.loc 1 64 0
  72 000a 0D4B     		ldr	r3, .L8+4
  73 000c 1B78     		ldrb	r3, [r3]	@ zero_extendqisi2
  74 000e 13F0080F 		tst	r3, #8
  75 0012 0DD0     		beq	.L7
  65:.\Generated_Source\PSoC5/WaveDAC8_VDAC8_PM.c ****         {
  66:.\Generated_Source\PSoC5/WaveDAC8_VDAC8_PM.c ****             WaveDAC8_VDAC8_Strobe &= (uint8)(~WaveDAC8_VDAC8_STRB_MASK);
  76              		.loc 1 66 0
  77 0014 0A4B     		ldr	r3, .L8+4
  78 0016 1A78     		ldrb	r2, [r3]	@ zero_extendqisi2
  79 0018 02F0F702 		and	r2, r2, #247
  80 001c 1A70     		strb	r2, [r3]
  67:.\Generated_Source\PSoC5/WaveDAC8_VDAC8_PM.c ****             WaveDAC8_VDAC8_Data = WaveDAC8_VDAC8_backup.data_value;
  81              		.loc 1 67 0
  82 001e 094A     		ldr	r2, .L8+8
  83 0020 5178     		ldrb	r1, [r2, #1]	@ zero_extendqisi2
  84 0022 094A     		ldr	r2, .L8+12
  85 0024 1170     		strb	r1, [r2]
  68:.\Generated_Source\PSoC5/WaveDAC8_VDAC8_PM.c ****             WaveDAC8_VDAC8_Strobe |= WaveDAC8_VDAC8_STRB_EN;
  86              		.loc 1 68 0
  87 0026 1A78     		ldrb	r2, [r3]	@ zero_extendqisi2
  88 0028 42F00802 		orr	r2, r2, #8
  89 002c 1A70     		strb	r2, [r3]
  90 002e 7047     		bx	lr
  91              	.L7:
  69:.\Generated_Source\PSoC5/WaveDAC8_VDAC8_PM.c ****         }
  70:.\Generated_Source\PSoC5/WaveDAC8_VDAC8_PM.c ****         else
  71:.\Generated_Source\PSoC5/WaveDAC8_VDAC8_PM.c ****         {
  72:.\Generated_Source\PSoC5/WaveDAC8_VDAC8_PM.c ****             WaveDAC8_VDAC8_Data = WaveDAC8_VDAC8_backup.data_value;
  92              		.loc 1 72 0
  93 0030 044B     		ldr	r3, .L8+8
  94 0032 5A78     		ldrb	r2, [r3, #1]	@ zero_extendqisi2
  95 0034 044B     		ldr	r3, .L8+12
  96 0036 1A70     		strb	r2, [r3]
  97              	.L5:
  98 0038 7047     		bx	lr
  99              	.L9:
ARM GAS  C:\Users\Ian\AppData\Local\Temp\ccyf7Ich.s 			page 4


 100 003a 00BF     		.align	2
 101              	.L8:
 102 003c 29580040 		.word	1073764393
 103 0040 975A0040 		.word	1073765015
 104 0044 00000000 		.word	.LANCHOR0
 105 0048 825B0040 		.word	1073765250
 106              		.cfi_endproc
 107              	.LFE1:
 108              		.size	WaveDAC8_VDAC8_RestoreConfig, .-WaveDAC8_VDAC8_RestoreConfig
 109              		.section	.text.WaveDAC8_VDAC8_Sleep,"ax",%progbits
 110              		.align	2
 111              		.global	WaveDAC8_VDAC8_Sleep
 112              		.thumb
 113              		.thumb_func
 114              		.type	WaveDAC8_VDAC8_Sleep, %function
 115              	WaveDAC8_VDAC8_Sleep:
 116              	.LFB2:
  73:.\Generated_Source\PSoC5/WaveDAC8_VDAC8_PM.c ****         }
  74:.\Generated_Source\PSoC5/WaveDAC8_VDAC8_PM.c ****     }
  75:.\Generated_Source\PSoC5/WaveDAC8_VDAC8_PM.c **** }
  76:.\Generated_Source\PSoC5/WaveDAC8_VDAC8_PM.c **** 
  77:.\Generated_Source\PSoC5/WaveDAC8_VDAC8_PM.c **** 
  78:.\Generated_Source\PSoC5/WaveDAC8_VDAC8_PM.c **** /*******************************************************************************
  79:.\Generated_Source\PSoC5/WaveDAC8_VDAC8_PM.c **** * Function Name: WaveDAC8_VDAC8_Sleep
  80:.\Generated_Source\PSoC5/WaveDAC8_VDAC8_PM.c **** ********************************************************************************
  81:.\Generated_Source\PSoC5/WaveDAC8_VDAC8_PM.c **** * Summary:
  82:.\Generated_Source\PSoC5/WaveDAC8_VDAC8_PM.c **** *  Stop and Save the user configuration
  83:.\Generated_Source\PSoC5/WaveDAC8_VDAC8_PM.c **** *
  84:.\Generated_Source\PSoC5/WaveDAC8_VDAC8_PM.c **** * Parameters:  
  85:.\Generated_Source\PSoC5/WaveDAC8_VDAC8_PM.c **** *  void:  
  86:.\Generated_Source\PSoC5/WaveDAC8_VDAC8_PM.c **** *
  87:.\Generated_Source\PSoC5/WaveDAC8_VDAC8_PM.c **** * Return: 
  88:.\Generated_Source\PSoC5/WaveDAC8_VDAC8_PM.c **** *  void
  89:.\Generated_Source\PSoC5/WaveDAC8_VDAC8_PM.c **** *
  90:.\Generated_Source\PSoC5/WaveDAC8_VDAC8_PM.c **** * Global variables:
  91:.\Generated_Source\PSoC5/WaveDAC8_VDAC8_PM.c **** *  WaveDAC8_VDAC8_backup.enableState:  Is modified depending on the enable 
  92:.\Generated_Source\PSoC5/WaveDAC8_VDAC8_PM.c **** *  state  of the block before entering sleep mode.
  93:.\Generated_Source\PSoC5/WaveDAC8_VDAC8_PM.c **** *
  94:.\Generated_Source\PSoC5/WaveDAC8_VDAC8_PM.c **** *******************************************************************************/
  95:.\Generated_Source\PSoC5/WaveDAC8_VDAC8_PM.c **** void WaveDAC8_VDAC8_Sleep(void) 
  96:.\Generated_Source\PSoC5/WaveDAC8_VDAC8_PM.c **** {
 117              		.loc 1 96 0
 118              		.cfi_startproc
 119              		@ args = 0, pretend = 0, frame = 0
 120              		@ frame_needed = 0, uses_anonymous_args = 0
 121 0000 08B5     		push	{r3, lr}
 122              		.cfi_def_cfa_offset 8
 123              		.cfi_offset 3, -8
 124              		.cfi_offset 14, -4
  97:.\Generated_Source\PSoC5/WaveDAC8_VDAC8_PM.c ****     /* Save VDAC8's enable state */    
  98:.\Generated_Source\PSoC5/WaveDAC8_VDAC8_PM.c ****     if(WaveDAC8_VDAC8_ACT_PWR_EN == (WaveDAC8_VDAC8_PWRMGR & WaveDAC8_VDAC8_ACT_PWR_EN))
 125              		.loc 1 98 0
 126 0002 084B     		ldr	r3, .L14
 127 0004 1B78     		ldrb	r3, [r3]	@ zero_extendqisi2
 128 0006 13F0040F 		tst	r3, #4
 129 000a 03D0     		beq	.L11
  99:.\Generated_Source\PSoC5/WaveDAC8_VDAC8_PM.c ****     {
ARM GAS  C:\Users\Ian\AppData\Local\Temp\ccyf7Ich.s 			page 5


 100:.\Generated_Source\PSoC5/WaveDAC8_VDAC8_PM.c ****         /* VDAC8 is enabled */
 101:.\Generated_Source\PSoC5/WaveDAC8_VDAC8_PM.c ****         WaveDAC8_VDAC8_backup.enableState = 1u;
 130              		.loc 1 101 0
 131 000c 0122     		movs	r2, #1
 132 000e 064B     		ldr	r3, .L14+4
 133 0010 1A70     		strb	r2, [r3]
 134 0012 02E0     		b	.L12
 135              	.L11:
 102:.\Generated_Source\PSoC5/WaveDAC8_VDAC8_PM.c ****     }
 103:.\Generated_Source\PSoC5/WaveDAC8_VDAC8_PM.c ****     else
 104:.\Generated_Source\PSoC5/WaveDAC8_VDAC8_PM.c ****     {
 105:.\Generated_Source\PSoC5/WaveDAC8_VDAC8_PM.c ****         /* VDAC8 is disabled */
 106:.\Generated_Source\PSoC5/WaveDAC8_VDAC8_PM.c ****         WaveDAC8_VDAC8_backup.enableState = 0u;
 136              		.loc 1 106 0
 137 0014 0022     		movs	r2, #0
 138 0016 044B     		ldr	r3, .L14+4
 139 0018 1A70     		strb	r2, [r3]
 140              	.L12:
 107:.\Generated_Source\PSoC5/WaveDAC8_VDAC8_PM.c ****     }
 108:.\Generated_Source\PSoC5/WaveDAC8_VDAC8_PM.c ****     
 109:.\Generated_Source\PSoC5/WaveDAC8_VDAC8_PM.c ****     WaveDAC8_VDAC8_Stop();
 141              		.loc 1 109 0
 142 001a FFF7FEFF 		bl	WaveDAC8_VDAC8_Stop
 143              	.LVL0:
 110:.\Generated_Source\PSoC5/WaveDAC8_VDAC8_PM.c ****     WaveDAC8_VDAC8_SaveConfig();
 144              		.loc 1 110 0
 145 001e FFF7FEFF 		bl	WaveDAC8_VDAC8_SaveConfig
 146              	.LVL1:
 147 0022 08BD     		pop	{r3, pc}
 148              	.L15:
 149              		.align	2
 150              	.L14:
 151 0024 A8430040 		.word	1073759144
 152 0028 00000000 		.word	.LANCHOR0
 153              		.cfi_endproc
 154              	.LFE2:
 155              		.size	WaveDAC8_VDAC8_Sleep, .-WaveDAC8_VDAC8_Sleep
 156              		.section	.text.WaveDAC8_VDAC8_Wakeup,"ax",%progbits
 157              		.align	2
 158              		.global	WaveDAC8_VDAC8_Wakeup
 159              		.thumb
 160              		.thumb_func
 161              		.type	WaveDAC8_VDAC8_Wakeup, %function
 162              	WaveDAC8_VDAC8_Wakeup:
 163              	.LFB3:
 111:.\Generated_Source\PSoC5/WaveDAC8_VDAC8_PM.c **** }
 112:.\Generated_Source\PSoC5/WaveDAC8_VDAC8_PM.c **** 
 113:.\Generated_Source\PSoC5/WaveDAC8_VDAC8_PM.c **** 
 114:.\Generated_Source\PSoC5/WaveDAC8_VDAC8_PM.c **** /*******************************************************************************
 115:.\Generated_Source\PSoC5/WaveDAC8_VDAC8_PM.c **** * Function Name: WaveDAC8_VDAC8_Wakeup
 116:.\Generated_Source\PSoC5/WaveDAC8_VDAC8_PM.c **** ********************************************************************************
 117:.\Generated_Source\PSoC5/WaveDAC8_VDAC8_PM.c **** *
 118:.\Generated_Source\PSoC5/WaveDAC8_VDAC8_PM.c **** * Summary:
 119:.\Generated_Source\PSoC5/WaveDAC8_VDAC8_PM.c **** *  Restores and enables the user configuration
 120:.\Generated_Source\PSoC5/WaveDAC8_VDAC8_PM.c **** *  
 121:.\Generated_Source\PSoC5/WaveDAC8_VDAC8_PM.c **** * Parameters:  
 122:.\Generated_Source\PSoC5/WaveDAC8_VDAC8_PM.c **** *  void
ARM GAS  C:\Users\Ian\AppData\Local\Temp\ccyf7Ich.s 			page 6


 123:.\Generated_Source\PSoC5/WaveDAC8_VDAC8_PM.c **** *
 124:.\Generated_Source\PSoC5/WaveDAC8_VDAC8_PM.c **** * Return: 
 125:.\Generated_Source\PSoC5/WaveDAC8_VDAC8_PM.c **** *  void
 126:.\Generated_Source\PSoC5/WaveDAC8_VDAC8_PM.c **** *
 127:.\Generated_Source\PSoC5/WaveDAC8_VDAC8_PM.c **** * Global variables:
 128:.\Generated_Source\PSoC5/WaveDAC8_VDAC8_PM.c **** *  WaveDAC8_VDAC8_backup.enableState:  Is used to restore the enable state of 
 129:.\Generated_Source\PSoC5/WaveDAC8_VDAC8_PM.c **** *  block on wakeup from sleep mode.
 130:.\Generated_Source\PSoC5/WaveDAC8_VDAC8_PM.c **** *
 131:.\Generated_Source\PSoC5/WaveDAC8_VDAC8_PM.c **** *******************************************************************************/
 132:.\Generated_Source\PSoC5/WaveDAC8_VDAC8_PM.c **** void WaveDAC8_VDAC8_Wakeup(void) 
 133:.\Generated_Source\PSoC5/WaveDAC8_VDAC8_PM.c **** {
 164              		.loc 1 133 0
 165              		.cfi_startproc
 166              		@ args = 0, pretend = 0, frame = 0
 167              		@ frame_needed = 0, uses_anonymous_args = 0
 168 0000 08B5     		push	{r3, lr}
 169              		.cfi_def_cfa_offset 8
 170              		.cfi_offset 3, -8
 171              		.cfi_offset 14, -4
 134:.\Generated_Source\PSoC5/WaveDAC8_VDAC8_PM.c ****     WaveDAC8_VDAC8_RestoreConfig();
 172              		.loc 1 134 0
 173 0002 FFF7FEFF 		bl	WaveDAC8_VDAC8_RestoreConfig
 174              	.LVL2:
 135:.\Generated_Source\PSoC5/WaveDAC8_VDAC8_PM.c ****     
 136:.\Generated_Source\PSoC5/WaveDAC8_VDAC8_PM.c ****     if(WaveDAC8_VDAC8_backup.enableState == 1u)
 175              		.loc 1 136 0
 176 0006 054B     		ldr	r3, .L19
 177 0008 1B78     		ldrb	r3, [r3]	@ zero_extendqisi2
 178 000a 012B     		cmp	r3, #1
 179 000c 05D1     		bne	.L16
 137:.\Generated_Source\PSoC5/WaveDAC8_VDAC8_PM.c ****     {
 138:.\Generated_Source\PSoC5/WaveDAC8_VDAC8_PM.c ****         /* Enable VDAC8's operation */
 139:.\Generated_Source\PSoC5/WaveDAC8_VDAC8_PM.c ****         WaveDAC8_VDAC8_Enable();
 180              		.loc 1 139 0
 181 000e FFF7FEFF 		bl	WaveDAC8_VDAC8_Enable
 182              	.LVL3:
 140:.\Generated_Source\PSoC5/WaveDAC8_VDAC8_PM.c **** 
 141:.\Generated_Source\PSoC5/WaveDAC8_VDAC8_PM.c ****         /* Restore the data register */
 142:.\Generated_Source\PSoC5/WaveDAC8_VDAC8_PM.c ****         WaveDAC8_VDAC8_SetValue(WaveDAC8_VDAC8_Data);
 183              		.loc 1 142 0
 184 0012 034B     		ldr	r3, .L19+4
 185 0014 1878     		ldrb	r0, [r3]	@ zero_extendqisi2
 186 0016 FFF7FEFF 		bl	WaveDAC8_VDAC8_SetValue
 187              	.LVL4:
 188              	.L16:
 189 001a 08BD     		pop	{r3, pc}
 190              	.L20:
 191              		.align	2
 192              	.L19:
 193 001c 00000000 		.word	.LANCHOR0
 194 0020 825B0040 		.word	1073765250
 195              		.cfi_endproc
 196              	.LFE3:
 197              		.size	WaveDAC8_VDAC8_Wakeup, .-WaveDAC8_VDAC8_Wakeup
 198              		.bss
 199              		.align	2
 200              		.set	.LANCHOR0,. + 0
ARM GAS  C:\Users\Ian\AppData\Local\Temp\ccyf7Ich.s 			page 7


 201              		.type	WaveDAC8_VDAC8_backup, %object
 202              		.size	WaveDAC8_VDAC8_backup, 2
 203              	WaveDAC8_VDAC8_backup:
 204 0000 0000     		.space	2
 205 0002 0000     		.text
 206              	.Letext0:
 207              		.file 2 ".\\Generated_Source\\PSoC5\\cytypes.h"
 208              		.file 3 ".\\Generated_Source\\PSoC5\\WaveDAC8_VDAC8.h"
 209              		.section	.debug_info,"",%progbits
 210              	.Ldebug_info0:
 211 0000 6B010000 		.4byte	0x16b
 212 0004 0400     		.2byte	0x4
 213 0006 00000000 		.4byte	.Ldebug_abbrev0
 214 000a 04       		.byte	0x4
 215 000b 01       		.uleb128 0x1
 216 000c 66010000 		.4byte	.LASF23
 217 0010 01       		.byte	0x1
 218 0011 00000000 		.4byte	.LASF24
 219 0015 2D000000 		.4byte	.LASF25
 220 0019 00000000 		.4byte	.Ldebug_ranges0+0
 221 001d 00000000 		.4byte	0
 222 0021 00000000 		.4byte	.Ldebug_line0
 223 0025 02       		.uleb128 0x2
 224 0026 01       		.byte	0x1
 225 0027 06       		.byte	0x6
 226 0028 9A020000 		.4byte	.LASF0
 227 002c 02       		.uleb128 0x2
 228 002d 01       		.byte	0x1
 229 002e 08       		.byte	0x8
 230 002f F6000000 		.4byte	.LASF1
 231 0033 02       		.uleb128 0x2
 232 0034 02       		.byte	0x2
 233 0035 05       		.byte	0x5
 234 0036 75020000 		.4byte	.LASF2
 235 003a 02       		.uleb128 0x2
 236 003b 02       		.byte	0x2
 237 003c 07       		.byte	0x7
 238 003d 2F010000 		.4byte	.LASF3
 239 0041 02       		.uleb128 0x2
 240 0042 04       		.byte	0x4
 241 0043 05       		.byte	0x5
 242 0044 85020000 		.4byte	.LASF4
 243 0048 02       		.uleb128 0x2
 244 0049 04       		.byte	0x4
 245 004a 07       		.byte	0x7
 246 004b 1D010000 		.4byte	.LASF5
 247 004f 02       		.uleb128 0x2
 248 0050 08       		.byte	0x8
 249 0051 05       		.byte	0x5
 250 0052 4C020000 		.4byte	.LASF6
 251 0056 02       		.uleb128 0x2
 252 0057 08       		.byte	0x8
 253 0058 07       		.byte	0x7
 254 0059 01020000 		.4byte	.LASF7
 255 005d 03       		.uleb128 0x3
 256 005e 04       		.byte	0x4
 257 005f 05       		.byte	0x5
ARM GAS  C:\Users\Ian\AppData\Local\Temp\ccyf7Ich.s 			page 8


 258 0060 696E7400 		.ascii	"int\000"
 259 0064 02       		.uleb128 0x2
 260 0065 04       		.byte	0x4
 261 0066 07       		.byte	0x7
 262 0067 F4010000 		.4byte	.LASF8
 263 006b 04       		.uleb128 0x4
 264 006c 7F020000 		.4byte	.LASF12
 265 0070 02       		.byte	0x2
 266 0071 5B       		.byte	0x5b
 267 0072 2C000000 		.4byte	0x2c
 268 0076 02       		.uleb128 0x2
 269 0077 04       		.byte	0x4
 270 0078 04       		.byte	0x4
 271 0079 F0000000 		.4byte	.LASF9
 272 007d 02       		.uleb128 0x2
 273 007e 08       		.byte	0x8
 274 007f 04       		.byte	0x4
 275 0080 5F010000 		.4byte	.LASF10
 276 0084 02       		.uleb128 0x2
 277 0085 01       		.byte	0x1
 278 0086 08       		.byte	0x8
 279 0087 5A020000 		.4byte	.LASF11
 280 008b 04       		.uleb128 0x4
 281 008c 04010000 		.4byte	.LASF13
 282 0090 02       		.byte	0x2
 283 0091 F0       		.byte	0xf0
 284 0092 96000000 		.4byte	0x96
 285 0096 05       		.uleb128 0x5
 286 0097 6B000000 		.4byte	0x6b
 287 009b 06       		.uleb128 0x6
 288 009c 02       		.byte	0x2
 289 009d 03       		.byte	0x3
 290 009e 25       		.byte	0x25
 291 009f BC000000 		.4byte	0xbc
 292 00a3 07       		.uleb128 0x7
 293 00a4 8E020000 		.4byte	.LASF14
 294 00a8 03       		.byte	0x3
 295 00a9 27       		.byte	0x27
 296 00aa 6B000000 		.4byte	0x6b
 297 00ae 00       		.byte	0
 298 00af 07       		.uleb128 0x7
 299 00b0 E5000000 		.4byte	.LASF15
 300 00b4 03       		.byte	0x3
 301 00b5 28       		.byte	0x28
 302 00b6 6B000000 		.4byte	0x6b
 303 00ba 01       		.byte	0x1
 304 00bb 00       		.byte	0
 305 00bc 04       		.uleb128 0x4
 306 00bd 18020000 		.4byte	.LASF16
 307 00c1 03       		.byte	0x3
 308 00c2 29       		.byte	0x29
 309 00c3 9B000000 		.4byte	0x9b
 310 00c7 08       		.uleb128 0x8
 311 00c8 A0000000 		.4byte	.LASF17
 312 00cc 01       		.byte	0x1
 313 00cd 25       		.byte	0x25
 314 00ce 00000000 		.4byte	.LFB0
ARM GAS  C:\Users\Ian\AppData\Local\Temp\ccyf7Ich.s 			page 9


 315 00d2 20000000 		.4byte	.LFE0-.LFB0
 316 00d6 01       		.uleb128 0x1
 317 00d7 9C       		.byte	0x9c
 318 00d8 08       		.uleb128 0x8
 319 00d9 42010000 		.4byte	.LASF18
 320 00dd 01       		.byte	0x1
 321 00de 3C       		.byte	0x3c
 322 00df 00000000 		.4byte	.LFB1
 323 00e3 4C000000 		.4byte	.LFE1-.LFB1
 324 00e7 01       		.uleb128 0x1
 325 00e8 9C       		.byte	0x9c
 326 00e9 09       		.uleb128 0x9
 327 00ea BA000000 		.4byte	.LASF19
 328 00ee 01       		.byte	0x1
 329 00ef 5F       		.byte	0x5f
 330 00f0 00000000 		.4byte	.LFB2
 331 00f4 2C000000 		.4byte	.LFE2-.LFB2
 332 00f8 01       		.uleb128 0x1
 333 00f9 9C       		.byte	0x9c
 334 00fa 11010000 		.4byte	0x111
 335 00fe 0A       		.uleb128 0xa
 336 00ff 1E000000 		.4byte	.LVL0
 337 0103 53010000 		.4byte	0x153
 338 0107 0A       		.uleb128 0xa
 339 0108 22000000 		.4byte	.LVL1
 340 010c C7000000 		.4byte	0xc7
 341 0110 00       		.byte	0
 342 0111 09       		.uleb128 0x9
 343 0112 CF000000 		.4byte	.LASF20
 344 0116 01       		.byte	0x1
 345 0117 84       		.byte	0x84
 346 0118 00000000 		.4byte	.LFB3
 347 011c 24000000 		.4byte	.LFE3-.LFB3
 348 0120 01       		.uleb128 0x1
 349 0121 9C       		.byte	0x9c
 350 0122 42010000 		.4byte	0x142
 351 0126 0A       		.uleb128 0xa
 352 0127 06000000 		.4byte	.LVL2
 353 012b D8000000 		.4byte	0xd8
 354 012f 0A       		.uleb128 0xa
 355 0130 12000000 		.4byte	.LVL3
 356 0134 5A010000 		.4byte	0x15a
 357 0138 0A       		.uleb128 0xa
 358 0139 1A000000 		.4byte	.LVL4
 359 013d 61010000 		.4byte	0x161
 360 0141 00       		.byte	0
 361 0142 0B       		.uleb128 0xb
 362 0143 8A000000 		.4byte	.LASF26
 363 0147 01       		.byte	0x1
 364 0148 15       		.byte	0x15
 365 0149 BC000000 		.4byte	0xbc
 366 014d 05       		.uleb128 0x5
 367 014e 03       		.byte	0x3
 368 014f 00000000 		.4byte	WaveDAC8_VDAC8_backup
 369 0153 0C       		.uleb128 0xc
 370 0154 09010000 		.4byte	.LASF21
 371 0158 03       		.byte	0x3
ARM GAS  C:\Users\Ian\AppData\Local\Temp\ccyf7Ich.s 			page 10


 372 0159 34       		.byte	0x34
 373 015a 0C       		.uleb128 0xc
 374 015b 5F020000 		.4byte	.LASF22
 375 015f 03       		.byte	0x3
 376 0160 3A       		.byte	0x3a
 377 0161 0D       		.uleb128 0xd
 378 0162 34020000 		.4byte	.LASF27
 379 0166 03       		.byte	0x3
 380 0167 37       		.byte	0x37
 381 0168 0E       		.uleb128 0xe
 382 0169 6B000000 		.4byte	0x6b
 383 016d 00       		.byte	0
 384 016e 00       		.byte	0
 385              		.section	.debug_abbrev,"",%progbits
 386              	.Ldebug_abbrev0:
 387 0000 01       		.uleb128 0x1
 388 0001 11       		.uleb128 0x11
 389 0002 01       		.byte	0x1
 390 0003 25       		.uleb128 0x25
 391 0004 0E       		.uleb128 0xe
 392 0005 13       		.uleb128 0x13
 393 0006 0B       		.uleb128 0xb
 394 0007 03       		.uleb128 0x3
 395 0008 0E       		.uleb128 0xe
 396 0009 1B       		.uleb128 0x1b
 397 000a 0E       		.uleb128 0xe
 398 000b 55       		.uleb128 0x55
 399 000c 17       		.uleb128 0x17
 400 000d 11       		.uleb128 0x11
 401 000e 01       		.uleb128 0x1
 402 000f 10       		.uleb128 0x10
 403 0010 17       		.uleb128 0x17
 404 0011 00       		.byte	0
 405 0012 00       		.byte	0
 406 0013 02       		.uleb128 0x2
 407 0014 24       		.uleb128 0x24
 408 0015 00       		.byte	0
 409 0016 0B       		.uleb128 0xb
 410 0017 0B       		.uleb128 0xb
 411 0018 3E       		.uleb128 0x3e
 412 0019 0B       		.uleb128 0xb
 413 001a 03       		.uleb128 0x3
 414 001b 0E       		.uleb128 0xe
 415 001c 00       		.byte	0
 416 001d 00       		.byte	0
 417 001e 03       		.uleb128 0x3
 418 001f 24       		.uleb128 0x24
 419 0020 00       		.byte	0
 420 0021 0B       		.uleb128 0xb
 421 0022 0B       		.uleb128 0xb
 422 0023 3E       		.uleb128 0x3e
 423 0024 0B       		.uleb128 0xb
 424 0025 03       		.uleb128 0x3
 425 0026 08       		.uleb128 0x8
 426 0027 00       		.byte	0
 427 0028 00       		.byte	0
 428 0029 04       		.uleb128 0x4
ARM GAS  C:\Users\Ian\AppData\Local\Temp\ccyf7Ich.s 			page 11


 429 002a 16       		.uleb128 0x16
 430 002b 00       		.byte	0
 431 002c 03       		.uleb128 0x3
 432 002d 0E       		.uleb128 0xe
 433 002e 3A       		.uleb128 0x3a
 434 002f 0B       		.uleb128 0xb
 435 0030 3B       		.uleb128 0x3b
 436 0031 0B       		.uleb128 0xb
 437 0032 49       		.uleb128 0x49
 438 0033 13       		.uleb128 0x13
 439 0034 00       		.byte	0
 440 0035 00       		.byte	0
 441 0036 05       		.uleb128 0x5
 442 0037 35       		.uleb128 0x35
 443 0038 00       		.byte	0
 444 0039 49       		.uleb128 0x49
 445 003a 13       		.uleb128 0x13
 446 003b 00       		.byte	0
 447 003c 00       		.byte	0
 448 003d 06       		.uleb128 0x6
 449 003e 13       		.uleb128 0x13
 450 003f 01       		.byte	0x1
 451 0040 0B       		.uleb128 0xb
 452 0041 0B       		.uleb128 0xb
 453 0042 3A       		.uleb128 0x3a
 454 0043 0B       		.uleb128 0xb
 455 0044 3B       		.uleb128 0x3b
 456 0045 0B       		.uleb128 0xb
 457 0046 01       		.uleb128 0x1
 458 0047 13       		.uleb128 0x13
 459 0048 00       		.byte	0
 460 0049 00       		.byte	0
 461 004a 07       		.uleb128 0x7
 462 004b 0D       		.uleb128 0xd
 463 004c 00       		.byte	0
 464 004d 03       		.uleb128 0x3
 465 004e 0E       		.uleb128 0xe
 466 004f 3A       		.uleb128 0x3a
 467 0050 0B       		.uleb128 0xb
 468 0051 3B       		.uleb128 0x3b
 469 0052 0B       		.uleb128 0xb
 470 0053 49       		.uleb128 0x49
 471 0054 13       		.uleb128 0x13
 472 0055 38       		.uleb128 0x38
 473 0056 0B       		.uleb128 0xb
 474 0057 00       		.byte	0
 475 0058 00       		.byte	0
 476 0059 08       		.uleb128 0x8
 477 005a 2E       		.uleb128 0x2e
 478 005b 00       		.byte	0
 479 005c 3F       		.uleb128 0x3f
 480 005d 19       		.uleb128 0x19
 481 005e 03       		.uleb128 0x3
 482 005f 0E       		.uleb128 0xe
 483 0060 3A       		.uleb128 0x3a
 484 0061 0B       		.uleb128 0xb
 485 0062 3B       		.uleb128 0x3b
ARM GAS  C:\Users\Ian\AppData\Local\Temp\ccyf7Ich.s 			page 12


 486 0063 0B       		.uleb128 0xb
 487 0064 27       		.uleb128 0x27
 488 0065 19       		.uleb128 0x19
 489 0066 11       		.uleb128 0x11
 490 0067 01       		.uleb128 0x1
 491 0068 12       		.uleb128 0x12
 492 0069 06       		.uleb128 0x6
 493 006a 40       		.uleb128 0x40
 494 006b 18       		.uleb128 0x18
 495 006c 9742     		.uleb128 0x2117
 496 006e 19       		.uleb128 0x19
 497 006f 00       		.byte	0
 498 0070 00       		.byte	0
 499 0071 09       		.uleb128 0x9
 500 0072 2E       		.uleb128 0x2e
 501 0073 01       		.byte	0x1
 502 0074 3F       		.uleb128 0x3f
 503 0075 19       		.uleb128 0x19
 504 0076 03       		.uleb128 0x3
 505 0077 0E       		.uleb128 0xe
 506 0078 3A       		.uleb128 0x3a
 507 0079 0B       		.uleb128 0xb
 508 007a 3B       		.uleb128 0x3b
 509 007b 0B       		.uleb128 0xb
 510 007c 27       		.uleb128 0x27
 511 007d 19       		.uleb128 0x19
 512 007e 11       		.uleb128 0x11
 513 007f 01       		.uleb128 0x1
 514 0080 12       		.uleb128 0x12
 515 0081 06       		.uleb128 0x6
 516 0082 40       		.uleb128 0x40
 517 0083 18       		.uleb128 0x18
 518 0084 9742     		.uleb128 0x2117
 519 0086 19       		.uleb128 0x19
 520 0087 01       		.uleb128 0x1
 521 0088 13       		.uleb128 0x13
 522 0089 00       		.byte	0
 523 008a 00       		.byte	0
 524 008b 0A       		.uleb128 0xa
 525 008c 898201   		.uleb128 0x4109
 526 008f 00       		.byte	0
 527 0090 11       		.uleb128 0x11
 528 0091 01       		.uleb128 0x1
 529 0092 31       		.uleb128 0x31
 530 0093 13       		.uleb128 0x13
 531 0094 00       		.byte	0
 532 0095 00       		.byte	0
 533 0096 0B       		.uleb128 0xb
 534 0097 34       		.uleb128 0x34
 535 0098 00       		.byte	0
 536 0099 03       		.uleb128 0x3
 537 009a 0E       		.uleb128 0xe
 538 009b 3A       		.uleb128 0x3a
 539 009c 0B       		.uleb128 0xb
 540 009d 3B       		.uleb128 0x3b
 541 009e 0B       		.uleb128 0xb
 542 009f 49       		.uleb128 0x49
ARM GAS  C:\Users\Ian\AppData\Local\Temp\ccyf7Ich.s 			page 13


 543 00a0 13       		.uleb128 0x13
 544 00a1 02       		.uleb128 0x2
 545 00a2 18       		.uleb128 0x18
 546 00a3 00       		.byte	0
 547 00a4 00       		.byte	0
 548 00a5 0C       		.uleb128 0xc
 549 00a6 2E       		.uleb128 0x2e
 550 00a7 00       		.byte	0
 551 00a8 3F       		.uleb128 0x3f
 552 00a9 19       		.uleb128 0x19
 553 00aa 03       		.uleb128 0x3
 554 00ab 0E       		.uleb128 0xe
 555 00ac 3A       		.uleb128 0x3a
 556 00ad 0B       		.uleb128 0xb
 557 00ae 3B       		.uleb128 0x3b
 558 00af 0B       		.uleb128 0xb
 559 00b0 27       		.uleb128 0x27
 560 00b1 19       		.uleb128 0x19
 561 00b2 3C       		.uleb128 0x3c
 562 00b3 19       		.uleb128 0x19
 563 00b4 00       		.byte	0
 564 00b5 00       		.byte	0
 565 00b6 0D       		.uleb128 0xd
 566 00b7 2E       		.uleb128 0x2e
 567 00b8 01       		.byte	0x1
 568 00b9 3F       		.uleb128 0x3f
 569 00ba 19       		.uleb128 0x19
 570 00bb 03       		.uleb128 0x3
 571 00bc 0E       		.uleb128 0xe
 572 00bd 3A       		.uleb128 0x3a
 573 00be 0B       		.uleb128 0xb
 574 00bf 3B       		.uleb128 0x3b
 575 00c0 0B       		.uleb128 0xb
 576 00c1 27       		.uleb128 0x27
 577 00c2 19       		.uleb128 0x19
 578 00c3 3C       		.uleb128 0x3c
 579 00c4 19       		.uleb128 0x19
 580 00c5 00       		.byte	0
 581 00c6 00       		.byte	0
 582 00c7 0E       		.uleb128 0xe
 583 00c8 05       		.uleb128 0x5
 584 00c9 00       		.byte	0
 585 00ca 49       		.uleb128 0x49
 586 00cb 13       		.uleb128 0x13
 587 00cc 00       		.byte	0
 588 00cd 00       		.byte	0
 589 00ce 00       		.byte	0
 590              		.section	.debug_aranges,"",%progbits
 591 0000 34000000 		.4byte	0x34
 592 0004 0200     		.2byte	0x2
 593 0006 00000000 		.4byte	.Ldebug_info0
 594 000a 04       		.byte	0x4
 595 000b 00       		.byte	0
 596 000c 0000     		.2byte	0
 597 000e 0000     		.2byte	0
 598 0010 00000000 		.4byte	.LFB0
 599 0014 20000000 		.4byte	.LFE0-.LFB0
ARM GAS  C:\Users\Ian\AppData\Local\Temp\ccyf7Ich.s 			page 14


 600 0018 00000000 		.4byte	.LFB1
 601 001c 4C000000 		.4byte	.LFE1-.LFB1
 602 0020 00000000 		.4byte	.LFB2
 603 0024 2C000000 		.4byte	.LFE2-.LFB2
 604 0028 00000000 		.4byte	.LFB3
 605 002c 24000000 		.4byte	.LFE3-.LFB3
 606 0030 00000000 		.4byte	0
 607 0034 00000000 		.4byte	0
 608              		.section	.debug_ranges,"",%progbits
 609              	.Ldebug_ranges0:
 610 0000 00000000 		.4byte	.LFB0
 611 0004 20000000 		.4byte	.LFE0
 612 0008 00000000 		.4byte	.LFB1
 613 000c 4C000000 		.4byte	.LFE1
 614 0010 00000000 		.4byte	.LFB2
 615 0014 2C000000 		.4byte	.LFE2
 616 0018 00000000 		.4byte	.LFB3
 617 001c 24000000 		.4byte	.LFE3
 618 0020 00000000 		.4byte	0
 619 0024 00000000 		.4byte	0
 620              		.section	.debug_line,"",%progbits
 621              	.Ldebug_line0:
 622 0000 B9000000 		.section	.debug_str,"MS",%progbits,1
 622      02006400 
 622      00000201 
 622      FB0E0D00 
 622      01010101 
 623              	.LASF24:
 624 0000 2E5C4765 		.ascii	".\\Generated_Source\\PSoC5\\WaveDAC8_VDAC8_PM.c\000"
 624      6E657261 
 624      7465645F 
 624      536F7572 
 624      63655C50 
 625              	.LASF25:
 626 002d 433A5C55 		.ascii	"C:\\Users\\Ian\\Documents\\Junior\\Chip-Design\\pro"
 626      73657273 
 626      5C49616E 
 626      5C446F63 
 626      756D656E 
 627 005a 6A5F6173 		.ascii	"j_asic\\psoc\\Wave Generator\\Wave Generator.cydsn\000"
 627      69635C70 
 627      736F635C 
 627      57617665 
 627      2047656E 
 628              	.LASF26:
 629 008a 57617665 		.ascii	"WaveDAC8_VDAC8_backup\000"
 629      44414338 
 629      5F564441 
 629      43385F62 
 629      61636B75 
 630              	.LASF17:
 631 00a0 57617665 		.ascii	"WaveDAC8_VDAC8_SaveConfig\000"
 631      44414338 
 631      5F564441 
 631      43385F53 
 631      61766543 
 632              	.LASF19:
ARM GAS  C:\Users\Ian\AppData\Local\Temp\ccyf7Ich.s 			page 15


 633 00ba 57617665 		.ascii	"WaveDAC8_VDAC8_Sleep\000"
 633      44414338 
 633      5F564441 
 633      43385F53 
 633      6C656570 
 634              	.LASF20:
 635 00cf 57617665 		.ascii	"WaveDAC8_VDAC8_Wakeup\000"
 635      44414338 
 635      5F564441 
 635      43385F57 
 635      616B6575 
 636              	.LASF15:
 637 00e5 64617461 		.ascii	"data_value\000"
 637      5F76616C 
 637      756500
 638              	.LASF9:
 639 00f0 666C6F61 		.ascii	"float\000"
 639      7400
 640              	.LASF1:
 641 00f6 756E7369 		.ascii	"unsigned char\000"
 641      676E6564 
 641      20636861 
 641      7200
 642              	.LASF13:
 643 0104 72656738 		.ascii	"reg8\000"
 643      00
 644              	.LASF21:
 645 0109 57617665 		.ascii	"WaveDAC8_VDAC8_Stop\000"
 645      44414338 
 645      5F564441 
 645      43385F53 
 645      746F7000 
 646              	.LASF5:
 647 011d 6C6F6E67 		.ascii	"long unsigned int\000"
 647      20756E73 
 647      69676E65 
 647      6420696E 
 647      7400
 648              	.LASF3:
 649 012f 73686F72 		.ascii	"short unsigned int\000"
 649      7420756E 
 649      7369676E 
 649      65642069 
 649      6E7400
 650              	.LASF18:
 651 0142 57617665 		.ascii	"WaveDAC8_VDAC8_RestoreConfig\000"
 651      44414338 
 651      5F564441 
 651      43385F52 
 651      6573746F 
 652              	.LASF10:
 653 015f 646F7562 		.ascii	"double\000"
 653      6C6500
 654              	.LASF23:
 655 0166 474E5520 		.ascii	"GNU C 4.9.3 20150303 (release) [ARM/embedded-4_9-br"
 655      4320342E 
 655      392E3320 
ARM GAS  C:\Users\Ian\AppData\Local\Temp\ccyf7Ich.s 			page 16


 655      32303135 
 655      30333033 
 656 0199 616E6368 		.ascii	"anch revision 221220] -mcpu=cortex-m3 -mthumb -g -O"
 656      20726576 
 656      6973696F 
 656      6E203232 
 656      31323230 
 657 01cc 67202D66 		.ascii	"g -ffunction-sections -ffat-lto-objects\000"
 657      66756E63 
 657      74696F6E 
 657      2D736563 
 657      74696F6E 
 658              	.LASF8:
 659 01f4 756E7369 		.ascii	"unsigned int\000"
 659      676E6564 
 659      20696E74 
 659      00
 660              	.LASF7:
 661 0201 6C6F6E67 		.ascii	"long long unsigned int\000"
 661      206C6F6E 
 661      6720756E 
 661      7369676E 
 661      65642069 
 662              	.LASF16:
 663 0218 57617665 		.ascii	"WaveDAC8_VDAC8_backupStruct\000"
 663      44414338 
 663      5F564441 
 663      43385F62 
 663      61636B75 
 664              	.LASF27:
 665 0234 57617665 		.ascii	"WaveDAC8_VDAC8_SetValue\000"
 665      44414338 
 665      5F564441 
 665      43385F53 
 665      65745661 
 666              	.LASF6:
 667 024c 6C6F6E67 		.ascii	"long long int\000"
 667      206C6F6E 
 667      6720696E 
 667      7400
 668              	.LASF11:
 669 025a 63686172 		.ascii	"char\000"
 669      00
 670              	.LASF22:
 671 025f 57617665 		.ascii	"WaveDAC8_VDAC8_Enable\000"
 671      44414338 
 671      5F564441 
 671      43385F45 
 671      6E61626C 
 672              	.LASF2:
 673 0275 73686F72 		.ascii	"short int\000"
 673      7420696E 
 673      7400
 674              	.LASF12:
 675 027f 75696E74 		.ascii	"uint8\000"
 675      3800
 676              	.LASF4:
ARM GAS  C:\Users\Ian\AppData\Local\Temp\ccyf7Ich.s 			page 17


 677 0285 6C6F6E67 		.ascii	"long int\000"
 677      20696E74 
 677      00
 678              	.LASF14:
 679 028e 656E6162 		.ascii	"enableState\000"
 679      6C655374 
 679      61746500 
 680              	.LASF0:
 681 029a 7369676E 		.ascii	"signed char\000"
 681      65642063 
 681      68617200 
 682              		.ident	"GCC: (GNU Tools for ARM Embedded Processors) 4.9.3 20150303 (release) [ARM/embedded-4_9-br
