ARM GAS  C:\Users\Ian\AppData\Local\Temp\ccVihvqF.s 			page 1


   1              		.syntax unified
   2              		.cpu cortex-m3
   3              		.fpu softvfp
   4              		.eabi_attribute 20, 1
   5              		.eabi_attribute 21, 1
   6              		.eabi_attribute 23, 3
   7              		.eabi_attribute 24, 1
   8              		.eabi_attribute 25, 1
   9              		.eabi_attribute 26, 1
  10              		.eabi_attribute 30, 1
  11              		.eabi_attribute 34, 1
  12              		.eabi_attribute 18, 4
  13              		.thumb
  14              		.file	"Wave_Output.c"
  15              		.text
  16              	.Ltext0:
  17              		.cfi_sections	.debug_frame
  18              		.section	.text.Wave_Output_Write,"ax",%progbits
  19              		.align	2
  20              		.global	Wave_Output_Write
  21              		.thumb
  22              		.thumb_func
  23              		.type	Wave_Output_Write, %function
  24              	Wave_Output_Write:
  25              	.LFB0:
  26              		.file 1 ".\\Generated_Source\\PSoC5\\Wave_Output.c"
   1:.\Generated_Source\PSoC5/Wave_Output.c **** /*******************************************************************************
   2:.\Generated_Source\PSoC5/Wave_Output.c **** * File Name: Wave_Output.c  
   3:.\Generated_Source\PSoC5/Wave_Output.c **** * Version 2.10
   4:.\Generated_Source\PSoC5/Wave_Output.c **** *
   5:.\Generated_Source\PSoC5/Wave_Output.c **** * Description:
   6:.\Generated_Source\PSoC5/Wave_Output.c **** *  This file contains API to enable firmware control of a Pins component.
   7:.\Generated_Source\PSoC5/Wave_Output.c **** *
   8:.\Generated_Source\PSoC5/Wave_Output.c **** * Note:
   9:.\Generated_Source\PSoC5/Wave_Output.c **** *
  10:.\Generated_Source\PSoC5/Wave_Output.c **** ********************************************************************************
  11:.\Generated_Source\PSoC5/Wave_Output.c **** * Copyright 2008-2014, Cypress Semiconductor Corporation.  All rights reserved.
  12:.\Generated_Source\PSoC5/Wave_Output.c **** * You may use this file only in accordance with the license, terms, conditions, 
  13:.\Generated_Source\PSoC5/Wave_Output.c **** * disclaimers, and limitations in the end user license agreement accompanying 
  14:.\Generated_Source\PSoC5/Wave_Output.c **** * the software package with which this file was provided.
  15:.\Generated_Source\PSoC5/Wave_Output.c **** *******************************************************************************/
  16:.\Generated_Source\PSoC5/Wave_Output.c **** 
  17:.\Generated_Source\PSoC5/Wave_Output.c **** #include "cytypes.h"
  18:.\Generated_Source\PSoC5/Wave_Output.c **** #include "Wave_Output.h"
  19:.\Generated_Source\PSoC5/Wave_Output.c **** 
  20:.\Generated_Source\PSoC5/Wave_Output.c **** /* APIs are not generated for P15[7:6] on PSoC 5 */
  21:.\Generated_Source\PSoC5/Wave_Output.c **** #if !(CY_PSOC5A &&\
  22:.\Generated_Source\PSoC5/Wave_Output.c **** 	 Wave_Output__PORT == 15 && ((Wave_Output__MASK & 0xC0) != 0))
  23:.\Generated_Source\PSoC5/Wave_Output.c **** 
  24:.\Generated_Source\PSoC5/Wave_Output.c **** 
  25:.\Generated_Source\PSoC5/Wave_Output.c **** /*******************************************************************************
  26:.\Generated_Source\PSoC5/Wave_Output.c **** * Function Name: Wave_Output_Write
  27:.\Generated_Source\PSoC5/Wave_Output.c **** ********************************************************************************
  28:.\Generated_Source\PSoC5/Wave_Output.c **** *
  29:.\Generated_Source\PSoC5/Wave_Output.c **** * Summary:
  30:.\Generated_Source\PSoC5/Wave_Output.c **** *  Assign a new value to the digital port's data output register.  
  31:.\Generated_Source\PSoC5/Wave_Output.c **** *
ARM GAS  C:\Users\Ian\AppData\Local\Temp\ccVihvqF.s 			page 2


  32:.\Generated_Source\PSoC5/Wave_Output.c **** * Parameters:  
  33:.\Generated_Source\PSoC5/Wave_Output.c **** *  prtValue:  The value to be assigned to the Digital Port. 
  34:.\Generated_Source\PSoC5/Wave_Output.c **** *
  35:.\Generated_Source\PSoC5/Wave_Output.c **** * Return: 
  36:.\Generated_Source\PSoC5/Wave_Output.c **** *  None
  37:.\Generated_Source\PSoC5/Wave_Output.c **** *  
  38:.\Generated_Source\PSoC5/Wave_Output.c **** *******************************************************************************/
  39:.\Generated_Source\PSoC5/Wave_Output.c **** void Wave_Output_Write(uint8 value) 
  40:.\Generated_Source\PSoC5/Wave_Output.c **** {
  27              		.loc 1 40 0
  28              		.cfi_startproc
  29              		@ args = 0, pretend = 0, frame = 0
  30              		@ frame_needed = 0, uses_anonymous_args = 0
  31              		@ link register save eliminated.
  32              	.LVL0:
  41:.\Generated_Source\PSoC5/Wave_Output.c ****     uint8 staticBits = (Wave_Output_DR & (uint8)(~Wave_Output_MASK));
  33              		.loc 1 41 0
  34 0000 044A     		ldr	r2, .L2
  35 0002 1378     		ldrb	r3, [r2]	@ zero_extendqisi2
  36 0004 03F0BF03 		and	r3, r3, #191
  37              	.LVL1:
  42:.\Generated_Source\PSoC5/Wave_Output.c ****     Wave_Output_DR = staticBits | ((uint8)(value << Wave_Output_SHIFT) & Wave_Output_MASK);
  38              		.loc 1 42 0
  39 0008 8001     		lsls	r0, r0, #6
  40              	.LVL2:
  41 000a 00F04000 		and	r0, r0, #64
  42 000e 1843     		orrs	r0, r0, r3
  43 0010 1070     		strb	r0, [r2]
  44 0012 7047     		bx	lr
  45              	.L3:
  46              		.align	2
  47              	.L2:
  48 0014 10510040 		.word	1073762576
  49              		.cfi_endproc
  50              	.LFE0:
  51              		.size	Wave_Output_Write, .-Wave_Output_Write
  52              		.section	.text.Wave_Output_SetDriveMode,"ax",%progbits
  53              		.align	2
  54              		.global	Wave_Output_SetDriveMode
  55              		.thumb
  56              		.thumb_func
  57              		.type	Wave_Output_SetDriveMode, %function
  58              	Wave_Output_SetDriveMode:
  59              	.LFB1:
  43:.\Generated_Source\PSoC5/Wave_Output.c **** }
  44:.\Generated_Source\PSoC5/Wave_Output.c **** 
  45:.\Generated_Source\PSoC5/Wave_Output.c **** 
  46:.\Generated_Source\PSoC5/Wave_Output.c **** /*******************************************************************************
  47:.\Generated_Source\PSoC5/Wave_Output.c **** * Function Name: Wave_Output_SetDriveMode
  48:.\Generated_Source\PSoC5/Wave_Output.c **** ********************************************************************************
  49:.\Generated_Source\PSoC5/Wave_Output.c **** *
  50:.\Generated_Source\PSoC5/Wave_Output.c **** * Summary:
  51:.\Generated_Source\PSoC5/Wave_Output.c **** *  Change the drive mode on the pins of the port.
  52:.\Generated_Source\PSoC5/Wave_Output.c **** * 
  53:.\Generated_Source\PSoC5/Wave_Output.c **** * Parameters:  
  54:.\Generated_Source\PSoC5/Wave_Output.c **** *  mode:  Change the pins to one of the following drive modes.
  55:.\Generated_Source\PSoC5/Wave_Output.c **** *
ARM GAS  C:\Users\Ian\AppData\Local\Temp\ccVihvqF.s 			page 3


  56:.\Generated_Source\PSoC5/Wave_Output.c **** *  Wave_Output_DM_STRONG     Strong Drive 
  57:.\Generated_Source\PSoC5/Wave_Output.c **** *  Wave_Output_DM_OD_HI      Open Drain, Drives High 
  58:.\Generated_Source\PSoC5/Wave_Output.c **** *  Wave_Output_DM_OD_LO      Open Drain, Drives Low 
  59:.\Generated_Source\PSoC5/Wave_Output.c **** *  Wave_Output_DM_RES_UP     Resistive Pull Up 
  60:.\Generated_Source\PSoC5/Wave_Output.c **** *  Wave_Output_DM_RES_DWN    Resistive Pull Down 
  61:.\Generated_Source\PSoC5/Wave_Output.c **** *  Wave_Output_DM_RES_UPDWN  Resistive Pull Up/Down 
  62:.\Generated_Source\PSoC5/Wave_Output.c **** *  Wave_Output_DM_DIG_HIZ    High Impedance Digital 
  63:.\Generated_Source\PSoC5/Wave_Output.c **** *  Wave_Output_DM_ALG_HIZ    High Impedance Analog 
  64:.\Generated_Source\PSoC5/Wave_Output.c **** *
  65:.\Generated_Source\PSoC5/Wave_Output.c **** * Return: 
  66:.\Generated_Source\PSoC5/Wave_Output.c **** *  None
  67:.\Generated_Source\PSoC5/Wave_Output.c **** *
  68:.\Generated_Source\PSoC5/Wave_Output.c **** *******************************************************************************/
  69:.\Generated_Source\PSoC5/Wave_Output.c **** void Wave_Output_SetDriveMode(uint8 mode) 
  70:.\Generated_Source\PSoC5/Wave_Output.c **** {
  60              		.loc 1 70 0
  61              		.cfi_startproc
  62              		@ args = 0, pretend = 0, frame = 0
  63              		@ frame_needed = 0, uses_anonymous_args = 0
  64              		@ link register save eliminated.
  65              	.LVL3:
  71:.\Generated_Source\PSoC5/Wave_Output.c **** 	CyPins_SetPinDriveMode(Wave_Output_0, mode);
  66              		.loc 1 71 0
  67 0000 044A     		ldr	r2, .L5
  68 0002 1378     		ldrb	r3, [r2]	@ zero_extendqisi2
  69 0004 03F0F103 		and	r3, r3, #241
  70 0008 00F00E00 		and	r0, r0, #14
  71              	.LVL4:
  72 000c 1843     		orrs	r0, r0, r3
  73 000e 1070     		strb	r0, [r2]
  74 0010 7047     		bx	lr
  75              	.L6:
  76 0012 00BF     		.align	2
  77              	.L5:
  78 0014 0E500040 		.word	1073762318
  79              		.cfi_endproc
  80              	.LFE1:
  81              		.size	Wave_Output_SetDriveMode, .-Wave_Output_SetDriveMode
  82              		.section	.text.Wave_Output_Read,"ax",%progbits
  83              		.align	2
  84              		.global	Wave_Output_Read
  85              		.thumb
  86              		.thumb_func
  87              		.type	Wave_Output_Read, %function
  88              	Wave_Output_Read:
  89              	.LFB2:
  72:.\Generated_Source\PSoC5/Wave_Output.c **** }
  73:.\Generated_Source\PSoC5/Wave_Output.c **** 
  74:.\Generated_Source\PSoC5/Wave_Output.c **** 
  75:.\Generated_Source\PSoC5/Wave_Output.c **** /*******************************************************************************
  76:.\Generated_Source\PSoC5/Wave_Output.c **** * Function Name: Wave_Output_Read
  77:.\Generated_Source\PSoC5/Wave_Output.c **** ********************************************************************************
  78:.\Generated_Source\PSoC5/Wave_Output.c **** *
  79:.\Generated_Source\PSoC5/Wave_Output.c **** * Summary:
  80:.\Generated_Source\PSoC5/Wave_Output.c **** *  Read the current value on the pins of the Digital Port in right justified 
  81:.\Generated_Source\PSoC5/Wave_Output.c **** *  form.
  82:.\Generated_Source\PSoC5/Wave_Output.c **** *
ARM GAS  C:\Users\Ian\AppData\Local\Temp\ccVihvqF.s 			page 4


  83:.\Generated_Source\PSoC5/Wave_Output.c **** * Parameters:  
  84:.\Generated_Source\PSoC5/Wave_Output.c **** *  None
  85:.\Generated_Source\PSoC5/Wave_Output.c **** *
  86:.\Generated_Source\PSoC5/Wave_Output.c **** * Return: 
  87:.\Generated_Source\PSoC5/Wave_Output.c **** *  Returns the current value of the Digital Port as a right justified number
  88:.\Generated_Source\PSoC5/Wave_Output.c **** *  
  89:.\Generated_Source\PSoC5/Wave_Output.c **** * Note:
  90:.\Generated_Source\PSoC5/Wave_Output.c **** *  Macro Wave_Output_ReadPS calls this function. 
  91:.\Generated_Source\PSoC5/Wave_Output.c **** *  
  92:.\Generated_Source\PSoC5/Wave_Output.c **** *******************************************************************************/
  93:.\Generated_Source\PSoC5/Wave_Output.c **** uint8 Wave_Output_Read(void) 
  94:.\Generated_Source\PSoC5/Wave_Output.c **** {
  90              		.loc 1 94 0
  91              		.cfi_startproc
  92              		@ args = 0, pretend = 0, frame = 0
  93              		@ frame_needed = 0, uses_anonymous_args = 0
  94              		@ link register save eliminated.
  95:.\Generated_Source\PSoC5/Wave_Output.c ****     return (Wave_Output_PS & Wave_Output_MASK) >> Wave_Output_SHIFT;
  95              		.loc 1 95 0
  96 0000 024B     		ldr	r3, .L8
  97 0002 1878     		ldrb	r0, [r3]	@ zero_extendqisi2
  96:.\Generated_Source\PSoC5/Wave_Output.c **** }
  98              		.loc 1 96 0
  99 0004 C0F38010 		ubfx	r0, r0, #6, #1
 100 0008 7047     		bx	lr
 101              	.L9:
 102 000a 00BF     		.align	2
 103              	.L8:
 104 000c 11510040 		.word	1073762577
 105              		.cfi_endproc
 106              	.LFE2:
 107              		.size	Wave_Output_Read, .-Wave_Output_Read
 108              		.section	.text.Wave_Output_ReadDataReg,"ax",%progbits
 109              		.align	2
 110              		.global	Wave_Output_ReadDataReg
 111              		.thumb
 112              		.thumb_func
 113              		.type	Wave_Output_ReadDataReg, %function
 114              	Wave_Output_ReadDataReg:
 115              	.LFB3:
  97:.\Generated_Source\PSoC5/Wave_Output.c **** 
  98:.\Generated_Source\PSoC5/Wave_Output.c **** 
  99:.\Generated_Source\PSoC5/Wave_Output.c **** /*******************************************************************************
 100:.\Generated_Source\PSoC5/Wave_Output.c **** * Function Name: Wave_Output_ReadDataReg
 101:.\Generated_Source\PSoC5/Wave_Output.c **** ********************************************************************************
 102:.\Generated_Source\PSoC5/Wave_Output.c **** *
 103:.\Generated_Source\PSoC5/Wave_Output.c **** * Summary:
 104:.\Generated_Source\PSoC5/Wave_Output.c **** *  Read the current value assigned to a Digital Port's data output register
 105:.\Generated_Source\PSoC5/Wave_Output.c **** *
 106:.\Generated_Source\PSoC5/Wave_Output.c **** * Parameters:  
 107:.\Generated_Source\PSoC5/Wave_Output.c **** *  None 
 108:.\Generated_Source\PSoC5/Wave_Output.c **** *
 109:.\Generated_Source\PSoC5/Wave_Output.c **** * Return: 
 110:.\Generated_Source\PSoC5/Wave_Output.c **** *  Returns the current value assigned to the Digital Port's data output register
 111:.\Generated_Source\PSoC5/Wave_Output.c **** *  
 112:.\Generated_Source\PSoC5/Wave_Output.c **** *******************************************************************************/
 113:.\Generated_Source\PSoC5/Wave_Output.c **** uint8 Wave_Output_ReadDataReg(void) 
ARM GAS  C:\Users\Ian\AppData\Local\Temp\ccVihvqF.s 			page 5


 114:.\Generated_Source\PSoC5/Wave_Output.c **** {
 116              		.loc 1 114 0
 117              		.cfi_startproc
 118              		@ args = 0, pretend = 0, frame = 0
 119              		@ frame_needed = 0, uses_anonymous_args = 0
 120              		@ link register save eliminated.
 115:.\Generated_Source\PSoC5/Wave_Output.c ****     return (Wave_Output_DR & Wave_Output_MASK) >> Wave_Output_SHIFT;
 121              		.loc 1 115 0
 122 0000 024B     		ldr	r3, .L11
 123 0002 1878     		ldrb	r0, [r3]	@ zero_extendqisi2
 116:.\Generated_Source\PSoC5/Wave_Output.c **** }
 124              		.loc 1 116 0
 125 0004 C0F38010 		ubfx	r0, r0, #6, #1
 126 0008 7047     		bx	lr
 127              	.L12:
 128 000a 00BF     		.align	2
 129              	.L11:
 130 000c 10510040 		.word	1073762576
 131              		.cfi_endproc
 132              	.LFE3:
 133              		.size	Wave_Output_ReadDataReg, .-Wave_Output_ReadDataReg
 134              		.text
 135              	.Letext0:
 136              		.file 2 ".\\Generated_Source\\PSoC5\\cytypes.h"
 137              		.section	.debug_info,"",%progbits
 138              	.Ldebug_info0:
 139 0000 19010000 		.4byte	0x119
 140 0004 0400     		.2byte	0x4
 141 0006 00000000 		.4byte	.Ldebug_abbrev0
 142 000a 04       		.byte	0x4
 143 000b 01       		.uleb128 0x1
 144 000c 87000000 		.4byte	.LASF20
 145 0010 01       		.byte	0x1
 146 0011 4F010000 		.4byte	.LASF21
 147 0015 89010000 		.4byte	.LASF22
 148 0019 00000000 		.4byte	.Ldebug_ranges0+0
 149 001d 00000000 		.4byte	0
 150 0021 00000000 		.4byte	.Ldebug_line0
 151 0025 02       		.uleb128 0x2
 152 0026 01       		.byte	0x1
 153 0027 06       		.byte	0x6
 154 0028 11020000 		.4byte	.LASF0
 155 002c 02       		.uleb128 0x2
 156 002d 01       		.byte	0x1
 157 002e 08       		.byte	0x8
 158 002f 48000000 		.4byte	.LASF1
 159 0033 02       		.uleb128 0x2
 160 0034 02       		.byte	0x2
 161 0035 05       		.byte	0x5
 162 0036 F8010000 		.4byte	.LASF2
 163 003a 02       		.uleb128 0x2
 164 003b 02       		.byte	0x2
 165 003c 07       		.byte	0x7
 166 003d 6D000000 		.4byte	.LASF3
 167 0041 02       		.uleb128 0x2
 168 0042 04       		.byte	0x4
 169 0043 05       		.byte	0x5
ARM GAS  C:\Users\Ian\AppData\Local\Temp\ccVihvqF.s 			page 6


 170 0044 08020000 		.4byte	.LASF4
 171 0048 02       		.uleb128 0x2
 172 0049 04       		.byte	0x4
 173 004a 07       		.byte	0x7
 174 004b 5B000000 		.4byte	.LASF5
 175 004f 02       		.uleb128 0x2
 176 0050 08       		.byte	0x8
 177 0051 05       		.byte	0x5
 178 0052 76010000 		.4byte	.LASF6
 179 0056 02       		.uleb128 0x2
 180 0057 08       		.byte	0x8
 181 0058 07       		.byte	0x7
 182 0059 22010000 		.4byte	.LASF7
 183 005d 03       		.uleb128 0x3
 184 005e 04       		.byte	0x4
 185 005f 05       		.byte	0x5
 186 0060 696E7400 		.ascii	"int\000"
 187 0064 02       		.uleb128 0x2
 188 0065 04       		.byte	0x4
 189 0066 07       		.byte	0x7
 190 0067 15010000 		.4byte	.LASF8
 191 006b 04       		.uleb128 0x4
 192 006c 02020000 		.4byte	.LASF12
 193 0070 02       		.byte	0x2
 194 0071 5B       		.byte	0x5b
 195 0072 2C000000 		.4byte	0x2c
 196 0076 02       		.uleb128 0x2
 197 0077 04       		.byte	0x4
 198 0078 04       		.byte	0x4
 199 0079 42000000 		.4byte	.LASF9
 200 007d 02       		.uleb128 0x2
 201 007e 08       		.byte	0x8
 202 007f 04       		.byte	0x4
 203 0080 80000000 		.4byte	.LASF10
 204 0084 02       		.uleb128 0x2
 205 0085 01       		.byte	0x1
 206 0086 08       		.byte	0x8
 207 0087 84010000 		.4byte	.LASF11
 208 008b 04       		.uleb128 0x4
 209 008c 56000000 		.4byte	.LASF13
 210 0090 02       		.byte	0x2
 211 0091 F0       		.byte	0xf0
 212 0092 96000000 		.4byte	0x96
 213 0096 05       		.uleb128 0x5
 214 0097 6B000000 		.4byte	0x6b
 215 009b 06       		.uleb128 0x6
 216 009c E6010000 		.4byte	.LASF14
 217 00a0 01       		.byte	0x1
 218 00a1 27       		.byte	0x27
 219 00a2 00000000 		.4byte	.LFB0
 220 00a6 18000000 		.4byte	.LFE0-.LFB0
 221 00aa 01       		.uleb128 0x1
 222 00ab 9C       		.byte	0x9c
 223 00ac CD000000 		.4byte	0xcd
 224 00b0 07       		.uleb128 0x7
 225 00b1 19000000 		.4byte	.LASF16
 226 00b5 01       		.byte	0x1
ARM GAS  C:\Users\Ian\AppData\Local\Temp\ccVihvqF.s 			page 7


 227 00b6 27       		.byte	0x27
 228 00b7 6B000000 		.4byte	0x6b
 229 00bb 00000000 		.4byte	.LLST0
 230 00bf 08       		.uleb128 0x8
 231 00c0 1F000000 		.4byte	.LASF23
 232 00c4 01       		.byte	0x1
 233 00c5 29       		.byte	0x29
 234 00c6 6B000000 		.4byte	0x6b
 235 00ca 01       		.uleb128 0x1
 236 00cb 53       		.byte	0x53
 237 00cc 00       		.byte	0
 238 00cd 06       		.uleb128 0x6
 239 00ce 00000000 		.4byte	.LASF15
 240 00d2 01       		.byte	0x1
 241 00d3 45       		.byte	0x45
 242 00d4 00000000 		.4byte	.LFB1
 243 00d8 18000000 		.4byte	.LFE1-.LFB1
 244 00dc 01       		.uleb128 0x1
 245 00dd 9C       		.byte	0x9c
 246 00de F2000000 		.4byte	0xf2
 247 00e2 07       		.uleb128 0x7
 248 00e3 39010000 		.4byte	.LASF17
 249 00e7 01       		.byte	0x1
 250 00e8 45       		.byte	0x45
 251 00e9 6B000000 		.4byte	0x6b
 252 00ed 21000000 		.4byte	.LLST1
 253 00f1 00       		.byte	0
 254 00f2 09       		.uleb128 0x9
 255 00f3 3E010000 		.4byte	.LASF18
 256 00f7 01       		.byte	0x1
 257 00f8 5D       		.byte	0x5d
 258 00f9 6B000000 		.4byte	0x6b
 259 00fd 00000000 		.4byte	.LFB2
 260 0101 10000000 		.4byte	.LFE2-.LFB2
 261 0105 01       		.uleb128 0x1
 262 0106 9C       		.byte	0x9c
 263 0107 09       		.uleb128 0x9
 264 0108 2A000000 		.4byte	.LASF19
 265 010c 01       		.byte	0x1
 266 010d 71       		.byte	0x71
 267 010e 6B000000 		.4byte	0x6b
 268 0112 00000000 		.4byte	.LFB3
 269 0116 10000000 		.4byte	.LFE3-.LFB3
 270 011a 01       		.uleb128 0x1
 271 011b 9C       		.byte	0x9c
 272 011c 00       		.byte	0
 273              		.section	.debug_abbrev,"",%progbits
 274              	.Ldebug_abbrev0:
 275 0000 01       		.uleb128 0x1
 276 0001 11       		.uleb128 0x11
 277 0002 01       		.byte	0x1
 278 0003 25       		.uleb128 0x25
 279 0004 0E       		.uleb128 0xe
 280 0005 13       		.uleb128 0x13
 281 0006 0B       		.uleb128 0xb
 282 0007 03       		.uleb128 0x3
 283 0008 0E       		.uleb128 0xe
ARM GAS  C:\Users\Ian\AppData\Local\Temp\ccVihvqF.s 			page 8


 284 0009 1B       		.uleb128 0x1b
 285 000a 0E       		.uleb128 0xe
 286 000b 55       		.uleb128 0x55
 287 000c 17       		.uleb128 0x17
 288 000d 11       		.uleb128 0x11
 289 000e 01       		.uleb128 0x1
 290 000f 10       		.uleb128 0x10
 291 0010 17       		.uleb128 0x17
 292 0011 00       		.byte	0
 293 0012 00       		.byte	0
 294 0013 02       		.uleb128 0x2
 295 0014 24       		.uleb128 0x24
 296 0015 00       		.byte	0
 297 0016 0B       		.uleb128 0xb
 298 0017 0B       		.uleb128 0xb
 299 0018 3E       		.uleb128 0x3e
 300 0019 0B       		.uleb128 0xb
 301 001a 03       		.uleb128 0x3
 302 001b 0E       		.uleb128 0xe
 303 001c 00       		.byte	0
 304 001d 00       		.byte	0
 305 001e 03       		.uleb128 0x3
 306 001f 24       		.uleb128 0x24
 307 0020 00       		.byte	0
 308 0021 0B       		.uleb128 0xb
 309 0022 0B       		.uleb128 0xb
 310 0023 3E       		.uleb128 0x3e
 311 0024 0B       		.uleb128 0xb
 312 0025 03       		.uleb128 0x3
 313 0026 08       		.uleb128 0x8
 314 0027 00       		.byte	0
 315 0028 00       		.byte	0
 316 0029 04       		.uleb128 0x4
 317 002a 16       		.uleb128 0x16
 318 002b 00       		.byte	0
 319 002c 03       		.uleb128 0x3
 320 002d 0E       		.uleb128 0xe
 321 002e 3A       		.uleb128 0x3a
 322 002f 0B       		.uleb128 0xb
 323 0030 3B       		.uleb128 0x3b
 324 0031 0B       		.uleb128 0xb
 325 0032 49       		.uleb128 0x49
 326 0033 13       		.uleb128 0x13
 327 0034 00       		.byte	0
 328 0035 00       		.byte	0
 329 0036 05       		.uleb128 0x5
 330 0037 35       		.uleb128 0x35
 331 0038 00       		.byte	0
 332 0039 49       		.uleb128 0x49
 333 003a 13       		.uleb128 0x13
 334 003b 00       		.byte	0
 335 003c 00       		.byte	0
 336 003d 06       		.uleb128 0x6
 337 003e 2E       		.uleb128 0x2e
 338 003f 01       		.byte	0x1
 339 0040 3F       		.uleb128 0x3f
 340 0041 19       		.uleb128 0x19
ARM GAS  C:\Users\Ian\AppData\Local\Temp\ccVihvqF.s 			page 9


 341 0042 03       		.uleb128 0x3
 342 0043 0E       		.uleb128 0xe
 343 0044 3A       		.uleb128 0x3a
 344 0045 0B       		.uleb128 0xb
 345 0046 3B       		.uleb128 0x3b
 346 0047 0B       		.uleb128 0xb
 347 0048 27       		.uleb128 0x27
 348 0049 19       		.uleb128 0x19
 349 004a 11       		.uleb128 0x11
 350 004b 01       		.uleb128 0x1
 351 004c 12       		.uleb128 0x12
 352 004d 06       		.uleb128 0x6
 353 004e 40       		.uleb128 0x40
 354 004f 18       		.uleb128 0x18
 355 0050 9742     		.uleb128 0x2117
 356 0052 19       		.uleb128 0x19
 357 0053 01       		.uleb128 0x1
 358 0054 13       		.uleb128 0x13
 359 0055 00       		.byte	0
 360 0056 00       		.byte	0
 361 0057 07       		.uleb128 0x7
 362 0058 05       		.uleb128 0x5
 363 0059 00       		.byte	0
 364 005a 03       		.uleb128 0x3
 365 005b 0E       		.uleb128 0xe
 366 005c 3A       		.uleb128 0x3a
 367 005d 0B       		.uleb128 0xb
 368 005e 3B       		.uleb128 0x3b
 369 005f 0B       		.uleb128 0xb
 370 0060 49       		.uleb128 0x49
 371 0061 13       		.uleb128 0x13
 372 0062 02       		.uleb128 0x2
 373 0063 17       		.uleb128 0x17
 374 0064 00       		.byte	0
 375 0065 00       		.byte	0
 376 0066 08       		.uleb128 0x8
 377 0067 34       		.uleb128 0x34
 378 0068 00       		.byte	0
 379 0069 03       		.uleb128 0x3
 380 006a 0E       		.uleb128 0xe
 381 006b 3A       		.uleb128 0x3a
 382 006c 0B       		.uleb128 0xb
 383 006d 3B       		.uleb128 0x3b
 384 006e 0B       		.uleb128 0xb
 385 006f 49       		.uleb128 0x49
 386 0070 13       		.uleb128 0x13
 387 0071 02       		.uleb128 0x2
 388 0072 18       		.uleb128 0x18
 389 0073 00       		.byte	0
 390 0074 00       		.byte	0
 391 0075 09       		.uleb128 0x9
 392 0076 2E       		.uleb128 0x2e
 393 0077 00       		.byte	0
 394 0078 3F       		.uleb128 0x3f
 395 0079 19       		.uleb128 0x19
 396 007a 03       		.uleb128 0x3
 397 007b 0E       		.uleb128 0xe
ARM GAS  C:\Users\Ian\AppData\Local\Temp\ccVihvqF.s 			page 10


 398 007c 3A       		.uleb128 0x3a
 399 007d 0B       		.uleb128 0xb
 400 007e 3B       		.uleb128 0x3b
 401 007f 0B       		.uleb128 0xb
 402 0080 27       		.uleb128 0x27
 403 0081 19       		.uleb128 0x19
 404 0082 49       		.uleb128 0x49
 405 0083 13       		.uleb128 0x13
 406 0084 11       		.uleb128 0x11
 407 0085 01       		.uleb128 0x1
 408 0086 12       		.uleb128 0x12
 409 0087 06       		.uleb128 0x6
 410 0088 40       		.uleb128 0x40
 411 0089 18       		.uleb128 0x18
 412 008a 9742     		.uleb128 0x2117
 413 008c 19       		.uleb128 0x19
 414 008d 00       		.byte	0
 415 008e 00       		.byte	0
 416 008f 00       		.byte	0
 417              		.section	.debug_loc,"",%progbits
 418              	.Ldebug_loc0:
 419              	.LLST0:
 420 0000 00000000 		.4byte	.LVL0
 421 0004 0A000000 		.4byte	.LVL2
 422 0008 0100     		.2byte	0x1
 423 000a 50       		.byte	0x50
 424 000b 0A000000 		.4byte	.LVL2
 425 000f 18000000 		.4byte	.LFE0
 426 0013 0400     		.2byte	0x4
 427 0015 F3       		.byte	0xf3
 428 0016 01       		.uleb128 0x1
 429 0017 50       		.byte	0x50
 430 0018 9F       		.byte	0x9f
 431 0019 00000000 		.4byte	0
 432 001d 00000000 		.4byte	0
 433              	.LLST1:
 434 0021 00000000 		.4byte	.LVL3
 435 0025 0C000000 		.4byte	.LVL4
 436 0029 0100     		.2byte	0x1
 437 002b 50       		.byte	0x50
 438 002c 0C000000 		.4byte	.LVL4
 439 0030 18000000 		.4byte	.LFE1
 440 0034 0400     		.2byte	0x4
 441 0036 F3       		.byte	0xf3
 442 0037 01       		.uleb128 0x1
 443 0038 50       		.byte	0x50
 444 0039 9F       		.byte	0x9f
 445 003a 00000000 		.4byte	0
 446 003e 00000000 		.4byte	0
 447              		.section	.debug_aranges,"",%progbits
 448 0000 34000000 		.4byte	0x34
 449 0004 0200     		.2byte	0x2
 450 0006 00000000 		.4byte	.Ldebug_info0
 451 000a 04       		.byte	0x4
 452 000b 00       		.byte	0
 453 000c 0000     		.2byte	0
 454 000e 0000     		.2byte	0
ARM GAS  C:\Users\Ian\AppData\Local\Temp\ccVihvqF.s 			page 11


 455 0010 00000000 		.4byte	.LFB0
 456 0014 18000000 		.4byte	.LFE0-.LFB0
 457 0018 00000000 		.4byte	.LFB1
 458 001c 18000000 		.4byte	.LFE1-.LFB1
 459 0020 00000000 		.4byte	.LFB2
 460 0024 10000000 		.4byte	.LFE2-.LFB2
 461 0028 00000000 		.4byte	.LFB3
 462 002c 10000000 		.4byte	.LFE3-.LFB3
 463 0030 00000000 		.4byte	0
 464 0034 00000000 		.4byte	0
 465              		.section	.debug_ranges,"",%progbits
 466              	.Ldebug_ranges0:
 467 0000 00000000 		.4byte	.LFB0
 468 0004 18000000 		.4byte	.LFE0
 469 0008 00000000 		.4byte	.LFB1
 470 000c 18000000 		.4byte	.LFE1
 471 0010 00000000 		.4byte	.LFB2
 472 0014 10000000 		.4byte	.LFE2
 473 0018 00000000 		.4byte	.LFB3
 474 001c 10000000 		.4byte	.LFE3
 475 0020 00000000 		.4byte	0
 476 0024 00000000 		.4byte	0
 477              		.section	.debug_line,"",%progbits
 478              	.Ldebug_line0:
 479 0000 96000000 		.section	.debug_str,"MS",%progbits,1
 479      02004A00 
 479      00000201 
 479      FB0E0D00 
 479      01010101 
 480              	.LASF15:
 481 0000 57617665 		.ascii	"Wave_Output_SetDriveMode\000"
 481      5F4F7574 
 481      7075745F 
 481      53657444 
 481      72697665 
 482              	.LASF16:
 483 0019 76616C75 		.ascii	"value\000"
 483      6500
 484              	.LASF23:
 485 001f 73746174 		.ascii	"staticBits\000"
 485      69634269 
 485      747300
 486              	.LASF19:
 487 002a 57617665 		.ascii	"Wave_Output_ReadDataReg\000"
 487      5F4F7574 
 487      7075745F 
 487      52656164 
 487      44617461 
 488              	.LASF9:
 489 0042 666C6F61 		.ascii	"float\000"
 489      7400
 490              	.LASF1:
 491 0048 756E7369 		.ascii	"unsigned char\000"
 491      676E6564 
 491      20636861 
 491      7200
 492              	.LASF13:
ARM GAS  C:\Users\Ian\AppData\Local\Temp\ccVihvqF.s 			page 12


 493 0056 72656738 		.ascii	"reg8\000"
 493      00
 494              	.LASF5:
 495 005b 6C6F6E67 		.ascii	"long unsigned int\000"
 495      20756E73 
 495      69676E65 
 495      6420696E 
 495      7400
 496              	.LASF3:
 497 006d 73686F72 		.ascii	"short unsigned int\000"
 497      7420756E 
 497      7369676E 
 497      65642069 
 497      6E7400
 498              	.LASF10:
 499 0080 646F7562 		.ascii	"double\000"
 499      6C6500
 500              	.LASF20:
 501 0087 474E5520 		.ascii	"GNU C 4.9.3 20150303 (release) [ARM/embedded-4_9-br"
 501      4320342E 
 501      392E3320 
 501      32303135 
 501      30333033 
 502 00ba 616E6368 		.ascii	"anch revision 221220] -mcpu=cortex-m3 -mthumb -g -O"
 502      20726576 
 502      6973696F 
 502      6E203232 
 502      31323230 
 503 00ed 67202D66 		.ascii	"g -ffunction-sections -ffat-lto-objects\000"
 503      66756E63 
 503      74696F6E 
 503      2D736563 
 503      74696F6E 
 504              	.LASF8:
 505 0115 756E7369 		.ascii	"unsigned int\000"
 505      676E6564 
 505      20696E74 
 505      00
 506              	.LASF7:
 507 0122 6C6F6E67 		.ascii	"long long unsigned int\000"
 507      206C6F6E 
 507      6720756E 
 507      7369676E 
 507      65642069 
 508              	.LASF17:
 509 0139 6D6F6465 		.ascii	"mode\000"
 509      00
 510              	.LASF18:
 511 013e 57617665 		.ascii	"Wave_Output_Read\000"
 511      5F4F7574 
 511      7075745F 
 511      52656164 
 511      00
 512              	.LASF21:
 513 014f 2E5C4765 		.ascii	".\\Generated_Source\\PSoC5\\Wave_Output.c\000"
 513      6E657261 
 513      7465645F 
ARM GAS  C:\Users\Ian\AppData\Local\Temp\ccVihvqF.s 			page 13


 513      536F7572 
 513      63655C50 
 514              	.LASF6:
 515 0176 6C6F6E67 		.ascii	"long long int\000"
 515      206C6F6E 
 515      6720696E 
 515      7400
 516              	.LASF11:
 517 0184 63686172 		.ascii	"char\000"
 517      00
 518              	.LASF22:
 519 0189 433A5C55 		.ascii	"C:\\Users\\Ian\\Documents\\Junior\\Senior Project C"
 519      73657273 
 519      5C49616E 
 519      5C446F63 
 519      756D656E 
 520 01b7 68697020 		.ascii	"hip Design\\Wave Generator\\Wave Generator.cydsn\000"
 520      44657369 
 520      676E5C57 
 520      61766520 
 520      47656E65 
 521              	.LASF14:
 522 01e6 57617665 		.ascii	"Wave_Output_Write\000"
 522      5F4F7574 
 522      7075745F 
 522      57726974 
 522      6500
 523              	.LASF2:
 524 01f8 73686F72 		.ascii	"short int\000"
 524      7420696E 
 524      7400
 525              	.LASF12:
 526 0202 75696E74 		.ascii	"uint8\000"
 526      3800
 527              	.LASF4:
 528 0208 6C6F6E67 		.ascii	"long int\000"
 528      20696E74 
 528      00
 529              	.LASF0:
 530 0211 7369676E 		.ascii	"signed char\000"
 530      65642063 
 530      68617200 
 531              		.ident	"GCC: (GNU Tools for ARM Embedded Processors) 4.9.3 20150303 (release) [ARM/embedded-4_9-br
