Running: C:\Xilinx\14.7\ISE_DS\ISE\bin\nt64\unwrapped\fuse.exe -intstyle ise -incremental -lib unisims_ver -lib unimacro_ver -lib xilinxcorelib_ver -lib secureip -o C:/Users/kevin/Documents/GitHub/Chip-Design/proj_asic/rtl/i2si/i2s_in/i2s_in_test_isim_beh.exe -prj C:/Users/kevin/Documents/GitHub/Chip-Design/proj_asic/rtl/i2si/i2s_in/i2s_in_test_beh.prj work.i2s_in_test work.glbl 
ISim P.20131013 (signature 0x7708f090)
Number of CPUs detected in this system: 6
Turning on mult-threading, number of parallel sub-compilation jobs: 12 
Determining compilation order of HDL files
Analyzing Verilog file "C:/Users/kevin/Documents/GitHub/Chip-Design/proj_asic/rtl/i2si/i2s_in/synchronizer.v" into library work
Analyzing Verilog file "C:/Users/kevin/Documents/GitHub/Chip-Design/proj_asic/rtl/i2si/i2s_in/i2si_mux.v" into library work
Analyzing Verilog file "C:/Users/kevin/Documents/GitHub/Chip-Design/proj_asic/rtl/i2si/i2s_in/i2si_deserializer.v" into library work
Analyzing Verilog file "C:/Users/kevin/Documents/GitHub/Chip-Design/proj_asic/rtl/i2si/i2s_in/i2si_bist_gen.v" into library work
Analyzing Verilog file "C:/Users/kevin/Documents/GitHub/Chip-Design/proj_asic/rtl/i2si/i2s_in/fifo.v" into library work
Analyzing Verilog file "C:/Users/kevin/Documents/GitHub/Chip-Design/proj_asic/rtl/i2si/i2s_in/i2s_in.v" into library work
Analyzing Verilog file "C:/Users/kevin/Documents/GitHub/Chip-Design/proj_asic/rtl/i2si/i2s_in/i2s_in_test.v" into library work
Analyzing Verilog file "C:/Xilinx/14.7/ISE_DS/ISE//verilog/src/glbl.v" into library work
Starting static elaboration
Completed static elaboration
Compiling module synchronizer
Compiling module i2si_deserializer
Compiling module i2si_bist_gen
Compiling module i2si_mux
Compiling module fifo(BUF_WIDTH=1)
Compiling module i2s_in
Compiling module i2s_in_test
Compiling module glbl
Time Resolution for simulation is 1ps.
Compiled 8 Verilog Units
Built simulation executable C:/Users/kevin/Documents/GitHub/Chip-Design/proj_asic/rtl/i2si/i2s_in/i2s_in_test_isim_beh.exe
Fuse Memory Usage: 28628 KB
Fuse CPU Usage: 529 ms
