Release 14.7 - xst P.20131013 (nt64)
Copyright (c) 1995-2013 Xilinx, Inc.  All rights reserved.
--> Parameter TMPDIR set to xst/projnav.tmp


Total REAL time to Xst completion: 1.00 secs
Total CPU time to Xst completion: 0.09 secs
 
--> Parameter xsthdpdir set to xst


Total REAL time to Xst completion: 1.00 secs
Total CPU time to Xst completion: 0.09 secs
 
--> Reading design: i2s_in.prj

TABLE OF CONTENTS
  1) Synthesis Options Summary
  2) HDL Parsing
  3) HDL Elaboration
  4) HDL Synthesis
       4.1) HDL Synthesis Report
  5) Advanced HDL Synthesis
       5.1) Advanced HDL Synthesis Report
  6) Low Level Synthesis
  7) Partition Report
  8) Design Summary
       8.1) Primitive and Black Box Usage
       8.2) Device utilization summary
       8.3) Partition Resource Summary
       8.4) Timing Report
            8.4.1) Clock Information
            8.4.2) Asynchronous Control Signals Information
            8.4.3) Timing Summary
            8.4.4) Timing Details
            8.4.5) Cross Clock Domains Report


=========================================================================
*                      Synthesis Options Summary                        *
=========================================================================
---- Source Parameters
Input File Name                    : "i2s_in.prj"
Ignore Synthesis Constraint File   : NO

---- Target Parameters
Output File Name                   : "i2s_in"
Output Format                      : NGC
Target Device                      : xc7a100t-3-csg324

---- Source Options
Top Module Name                    : i2s_in
Automatic FSM Extraction           : YES
FSM Encoding Algorithm             : Auto
Safe Implementation                : No
FSM Style                          : LUT
RAM Extraction                     : Yes
RAM Style                          : Auto
ROM Extraction                     : Yes
Shift Register Extraction          : YES
ROM Style                          : Auto
Resource Sharing                   : YES
Asynchronous To Synchronous        : NO
Shift Register Minimum Size        : 2
Use DSP Block                      : Auto
Automatic Register Balancing       : No

---- Target Options
LUT Combining                      : Auto
Reduce Control Sets                : Auto
Add IO Buffers                     : YES
Global Maximum Fanout              : 100000
Add Generic Clock Buffer(BUFG)     : 32
Register Duplication               : YES
Optimize Instantiated Primitives   : NO
Use Clock Enable                   : Auto
Use Synchronous Set                : Auto
Use Synchronous Reset              : Auto
Pack IO Registers into IOBs        : Auto
Equivalent register Removal        : YES

---- General Options
Optimization Goal                  : Speed
Optimization Effort                : 1
Power Reduction                    : NO
Keep Hierarchy                     : No
Netlist Hierarchy                  : As_Optimized
RTL Output                         : Yes
Global Optimization                : AllClockNets
Read Cores                         : YES
Write Timing Constraints           : NO
Cross Clock Analysis               : NO
Hierarchy Separator                : /
Bus Delimiter                      : <>
Case Specifier                     : Maintain
Slice Utilization Ratio            : 100
BRAM Utilization Ratio             : 100
DSP48 Utilization Ratio            : 100
Auto BRAM Packing                  : NO
Slice Utilization Ratio Delta      : 5

=========================================================================


=========================================================================
*                          HDL Parsing                                  *
=========================================================================
Analyzing Verilog file "C:\Users\kevin\Documents\GitHub\Chip-Design\proj_asic\rtl\i2si\synchronizer.v" into library work
Parsing module <synchronizer>.
Analyzing Verilog file "C:\Users\kevin\Documents\GitHub\Chip-Design\proj_asic\rtl\i2si\i2si_mux.v" into library work
Parsing module <i2si_mux>.
Analyzing Verilog file "C:\Users\kevin\Documents\GitHub\Chip-Design\proj_asic\rtl\i2si\i2si_deserializer.v" into library work
Parsing module <i2si_deserializer>.
Analyzing Verilog file "C:\Users\kevin\Documents\GitHub\Chip-Design\proj_asic\rtl\i2si\i2si_bist_gen.v" into library work
Parsing module <i2si_bist_gen>.
Analyzing Verilog file "C:\Users\kevin\Documents\GitHub\Chip-Design\proj_asic\rtl\i2si\fifo.v" into library work
Parsing module <fifo>.
Analyzing Verilog file "C:\Users\kevin\Documents\GitHub\Chip-Design\proj_asic\rtl\i2si\i2s_in.v" into library work
Parsing module <i2s_in>.

=========================================================================
*                            HDL Elaboration                            *
=========================================================================

Elaborating module <i2s_in>.

Elaborating module <synchronizer>.

Elaborating module <i2si_deserializer>.

Elaborating module <i2si_bist_gen>.

Elaborating module <i2si_mux>.

Elaborating module <fifo(DATA_SIZE=32,BUF_WIDTH=3)>.

=========================================================================
*                           HDL Synthesis                               *
=========================================================================

Synthesizing Unit <i2s_in>.
    Related source file is "C:\Users\kevin\Documents\GitHub\Chip-Design\proj_asic\rtl\i2si\i2s_in.v".
    Found 1-bit register for signal <ro_fifo_overrun>.
    Summary:
	inferred   1 D-type flip-flop(s).
Unit <i2s_in> synthesized.

Synthesizing Unit <synchronizer>.
    Related source file is "C:\Users\kevin\Documents\GitHub\Chip-Design\proj_asic\rtl\i2si\synchronizer.v".
    Found 4-bit register for signal <ws_vec>.
    Found 4-bit register for signal <sd_vec>.
    Found 3-bit register for signal <sck_vec>.
    Summary:
	inferred  11 D-type flip-flop(s).
Unit <synchronizer> synthesized.

Synthesizing Unit <i2si_deserializer>.
    Related source file is "C:\Users\kevin\Documents\GitHub\Chip-Design\proj_asic\rtl\i2si\i2si_deserializer.v".
    Found 1-bit register for signal <in_left>.
    Found 16-bit register for signal <out_lft>.
    Found 16-bit register for signal <out_rgt>.
    Found 1-bit register for signal <armed1>.
    Found 1-bit register for signal <armed2>.
    Found 1-bit register for signal <active>.
    Found 1-bit register for signal <in_left_delay>.
    Found 1-bit register for signal <out_xfc>.
    Found 1-bit register for signal <ws_d>.
    Found 2-bit register for signal <rst_n_vec>.
    Summary:
	inferred  41 D-type flip-flop(s).
Unit <i2si_deserializer> synthesized.

Synthesizing Unit <i2si_bist_gen>.
    Related source file is "C:\Users\kevin\Documents\GitHub\Chip-Design\proj_asic\rtl\i2si\i2si_bist_gen.v".
    Found 5-bit register for signal <sck_count>.
    Found 32-bit register for signal <i2si_bist_out_data>.
    Found 1-bit register for signal <bist_active>.
    Found 5-bit adder for signal <sck_count[4]_GND_5_o_add_3_OUT> created at line 53.
    Found 16-bit adder for signal <i2si_bist_out_data[15]_GND_5_o_add_12_OUT> created at line 97.
    Found 16-bit comparator lessequal for signal <n0014> created at line 85
    Summary:
	inferred   2 Adder/Subtractor(s).
	inferred  38 D-type flip-flop(s).
	inferred   1 Comparator(s).
	inferred   2 Multiplexer(s).
Unit <i2si_bist_gen> synthesized.

Synthesizing Unit <i2si_mux>.
    Related source file is "C:\Users\kevin\Documents\GitHub\Chip-Design\proj_asic\rtl\i2si\i2si_mux.v".
    Summary:
	inferred   2 Multiplexer(s).
Unit <i2si_mux> synthesized.

Synthesizing Unit <fifo>.
    Related source file is "C:\Users\kevin\Documents\GitHub\Chip-Design\proj_asic\rtl\i2si\fifo.v".
        DATA_SIZE = 32
        BUF_WIDTH = 3
    Found 32-bit register for signal <fifo_out_data>.
    Found 3-bit register for signal <wr_ptr>.
    Found 3-bit register for signal <rd_ptr>.
    Found 4-bit register for signal <fifo_counter>.
    Found 4-bit subtractor for signal <fifo_counter[3]_GND_8_o_sub_4_OUT> created at line 61.
    Found 4-bit adder for signal <fifo_counter[3]_GND_8_o_add_2_OUT> created at line 57.
    Found 3-bit adder for signal <wr_ptr[2]_GND_8_o_add_15_OUT> created at line 105.
    Found 3-bit adder for signal <rd_ptr[2]_GND_8_o_add_17_OUT> created at line 110.
    Found 8x32-bit dual-port RAM <Mram_buf_mem> for signal <buf_mem>.
    Summary:
	inferred   1 RAM(s).
	inferred   3 Adder/Subtractor(s).
	inferred  42 D-type flip-flop(s).
	inferred   1 Multiplexer(s).
Unit <fifo> synthesized.

=========================================================================
HDL Synthesis Report

Macro Statistics
# RAMs                                                 : 1
 8x32-bit dual-port RAM                                : 1
# Adders/Subtractors                                   : 5
 16-bit adder                                          : 1
 3-bit adder                                           : 2
 4-bit addsub                                          : 1
 5-bit adder                                           : 1
# Registers                                            : 21
 1-bit register                                        : 9
 16-bit register                                       : 2
 2-bit register                                        : 1
 3-bit register                                        : 3
 32-bit register                                       : 2
 4-bit register                                        : 3
 5-bit register                                        : 1
# Comparators                                          : 1
 16-bit comparator lessequal                           : 1
# Multiplexers                                         : 5
 1-bit 2-to-1 multiplexer                              : 1
 32-bit 2-to-1 multiplexer                             : 4

=========================================================================

=========================================================================
*                       Advanced HDL Synthesis                          *
=========================================================================


Synthesizing (advanced) Unit <fifo>.
The following registers are absorbed into counter <wr_ptr>: 1 register on signal <wr_ptr>.
The following registers are absorbed into counter <rd_ptr>: 1 register on signal <rd_ptr>.
The following registers are absorbed into counter <fifo_counter>: 1 register on signal <fifo_counter>.
INFO:Xst:3217 - HDL ADVISOR - Register <fifo_out_data> currently described with an asynchronous reset, could be combined with distributed RAM <Mram_buf_mem> for implementation on block RAM resources if you made this reset synchronous instead.
    -----------------------------------------------------------------------
    | ram_type           | Distributed                         |          |
    -----------------------------------------------------------------------
    | Port A                                                              |
    |     aspect ratio   | 8-word x 32-bit                     |          |
    |     clkA           | connected to signal <clk>           | rise     |
    |     weA            | connected to internal node          | high     |
    |     addrA          | connected to signal <wr_ptr>        |          |
    |     diA            | connected to signal <_n0072>        |          |
    |     doA            | connected to internal node          |          |
    -----------------------------------------------------------------------
    | Port B                                                              |
    |     aspect ratio   | 8-word x 32-bit                     |          |
    |     addrB          | connected to signal <rd_ptr>        |          |
    |     doB            | connected to internal node          |          |
    -----------------------------------------------------------------------
Unit <fifo> synthesized (advanced).

Synthesizing (advanced) Unit <i2si_bist_gen>.
The following registers are absorbed into counter <sck_count>: 1 register on signal <sck_count>.
Unit <i2si_bist_gen> synthesized (advanced).

=========================================================================
Advanced HDL Synthesis Report

Macro Statistics
# RAMs                                                 : 1
 8x32-bit dual-port distributed RAM                    : 1
# Adders/Subtractors                                   : 1
 16-bit adder                                          : 1
# Counters                                             : 4
 3-bit up counter                                      : 2
 4-bit updown counter                                  : 1
 5-bit up counter                                      : 1
# Registers                                            : 118
 Flip-Flops                                            : 118
# Comparators                                          : 1
 16-bit comparator lessequal                           : 1
# Multiplexers                                         : 5
 1-bit 2-to-1 multiplexer                              : 1
 32-bit 2-to-1 multiplexer                             : 4

=========================================================================

=========================================================================
*                         Low Level Synthesis                           *
=========================================================================

Optimizing unit <i2s_in> ...

Optimizing unit <i2si_bist_gen> ...

Optimizing unit <synchronizer> ...

Optimizing unit <i2si_deserializer> ...

Optimizing unit <fifo> ...
INFO:Xst:2261 - The FF/Latch <Bist/i2si_bist_out_data_12> in Unit <i2s_in> is equivalent to the following 3 FFs/Latches, which will be removed : <Bist/i2si_bist_out_data_15> <Bist/i2si_bist_out_data_14> <Bist/i2si_bist_out_data_13> 
INFO:Xst:3203 - The FF/Latch <Bist/i2si_bist_out_data_10> in Unit <i2s_in> is the opposite to the following FF/Latch, which will be removed : <Bist/i2si_bist_out_data_26> 
INFO:Xst:3203 - The FF/Latch <Bist/i2si_bist_out_data_11> in Unit <i2s_in> is the opposite to the following FF/Latch, which will be removed : <Bist/i2si_bist_out_data_27> 
INFO:Xst:3203 - The FF/Latch <Bist/i2si_bist_out_data_12> in Unit <i2s_in> is the opposite to the following FF/Latch, which will be removed : <Bist/i2si_bist_out_data_29> 
INFO:Xst:3203 - The FF/Latch <Bist/i2si_bist_out_data_0> in Unit <i2s_in> is the opposite to the following FF/Latch, which will be removed : <Bist/i2si_bist_out_data_16> 
INFO:Xst:3203 - The FF/Latch <Bist/i2si_bist_out_data_1> in Unit <i2s_in> is the opposite to the following FF/Latch, which will be removed : <Bist/i2si_bist_out_data_17> 
INFO:Xst:3203 - The FF/Latch <Bist/i2si_bist_out_data_2> in Unit <i2s_in> is the opposite to the following FF/Latch, which will be removed : <Bist/i2si_bist_out_data_18> 
INFO:Xst:3203 - The FF/Latch <Bist/i2si_bist_out_data_3> in Unit <i2s_in> is the opposite to the following FF/Latch, which will be removed : <Bist/i2si_bist_out_data_19> 
INFO:Xst:3203 - The FF/Latch <Bist/i2si_bist_out_data_4> in Unit <i2s_in> is the opposite to the following FF/Latch, which will be removed : <Bist/i2si_bist_out_data_20> 
INFO:Xst:3203 - The FF/Latch <Bist/i2si_bist_out_data_5> in Unit <i2s_in> is the opposite to the following FF/Latch, which will be removed : <Bist/i2si_bist_out_data_21> 
INFO:Xst:3203 - The FF/Latch <Bist/i2si_bist_out_data_6> in Unit <i2s_in> is the opposite to the following FF/Latch, which will be removed : <Bist/i2si_bist_out_data_22> 
INFO:Xst:3203 - The FF/Latch <Bist/i2si_bist_out_data_7> in Unit <i2s_in> is the opposite to the following FF/Latch, which will be removed : <Bist/i2si_bist_out_data_23> 
INFO:Xst:3203 - The FF/Latch <Bist/i2si_bist_out_data_8> in Unit <i2s_in> is the opposite to the following FF/Latch, which will be removed : <Bist/i2si_bist_out_data_24> 
INFO:Xst:3203 - The FF/Latch <Bist/i2si_bist_out_data_9> in Unit <i2s_in> is the opposite to the following FF/Latch, which will be removed : <Bist/i2si_bist_out_data_25> 

Mapping all equations...
Building and optimizing final netlist ...
Found area constraint ratio of 100 (+ 5) on block i2s_in, actual ratio is 0.

Final Macro Processing ...

Processing Unit <i2s_in> :
	Found 4-bit shift register for signal <Synchronizer/sd_vec_3>.
	Found 4-bit shift register for signal <Synchronizer/ws_vec_3>.
Unit <i2s_in> processed.

=========================================================================
Final Register Report

Macro Statistics
# Registers                                            : 109
 Flip-Flops                                            : 109
# Shift Registers                                      : 2
 4-bit shift register                                  : 2

=========================================================================

=========================================================================
*                           Partition Report                            *
=========================================================================

Partition Implementation Status
-------------------------------

  No Partitions were found in this design.

-------------------------------

=========================================================================
*                            Design Summary                             *
=========================================================================

Top Level Output File Name         : i2s_in.ngc

Primitive and Black Box Usage:
------------------------------
# BELS                             : 157
#      GND                         : 1
#      INV                         : 5
#      LUT1                        : 8
#      LUT2                        : 19
#      LUT3                        : 3
#      LUT4                        : 34
#      LUT5                        : 40
#      LUT6                        : 9
#      MUXCY                       : 22
#      VCC                         : 1
#      XORCY                       : 15
# FlipFlops/Latches                : 116
#      FD                          : 2
#      FDC                         : 10
#      FDCE                        : 93
#      FDE                         : 2
#      FDP                         : 1
#      FDPE                        : 8
# RAMS                             : 32
#      RAM32X1D                    : 32
# Shift Registers                  : 2
#      SRLC16E                     : 2
# Clock Buffers                    : 1
#      BUFGP                       : 1
# IO Buffers                       : 76
#      IBUF                        : 40
#      OBUF                        : 36

Device utilization summary:
---------------------------

Selected Device : 7a100tcsg324-3 


Slice Logic Utilization: 
 Number of Slice Registers:             116  out of  126800     0%  
 Number of Slice LUTs:                  184  out of  63400     0%  
    Number used as Logic:               118  out of  63400     0%  
    Number used as Memory:               66  out of  19000     0%  
       Number used as RAM:               64
       Number used as SRL:                2

Slice Logic Distribution: 
 Number of LUT Flip Flop pairs used:    224
   Number with an unused Flip Flop:     108  out of    224    48%  
   Number with an unused LUT:            40  out of    224    17%  
   Number of fully used LUT-FF pairs:    76  out of    224    33%  
   Number of unique control sets:        11

IO Utilization: 
 Number of IOs:                          77
 Number of bonded IOBs:                  77  out of    210    36%  

Specific Feature Utilization:
 Number of BUFG/BUFGCTRLs:                1  out of     32     3%  

---------------------------
Partition Resource Summary:
---------------------------

  No Partitions were found in this design.

---------------------------


=========================================================================
Timing Report

NOTE: THESE TIMING NUMBERS ARE ONLY A SYNTHESIS ESTIMATE.
      FOR ACCURATE TIMING INFORMATION PLEASE REFER TO THE TRACE REPORT
      GENERATED AFTER PLACE-and-ROUTE.

Clock Information:
------------------
-----------------------------------+------------------------+-------+
Clock Signal                       | Clock buffer(FF name)  | Load  |
-----------------------------------+------------------------+-------+
clk                                | BUFGP                  | 150   |
-----------------------------------+------------------------+-------+

Asynchronous Control Signals Information:
----------------------------------------
No asynchronous control signals found in this design

Timing Summary:
---------------
Speed Grade: -3

   Minimum period: 2.332ns (Maximum Frequency: 428.743MHz)
   Minimum input arrival time before clock: 1.944ns
   Maximum output required time after clock: 1.331ns
   Maximum combinational path delay: No path found

Timing Details:
---------------
All values displayed in nanoseconds (ns)

=========================================================================
Timing constraint: Default period analysis for Clock 'clk'
  Clock period: 2.332ns (frequency: 428.743MHz)
  Total number of paths / destination ports: 2705 / 465
-------------------------------------------------------------------------
Delay:               2.332ns (Levels of Logic = 3)
  Source:            Bist/sck_count_3 (FF)
  Destination:       i2si_Fifo/fifo_counter_3 (FF)
  Source Clock:      clk rising
  Destination Clock: clk rising

  Data Path: Bist/sck_count_3 to i2si_Fifo/fifo_counter_3
                                Gate     Net
    Cell:in->out      fanout   Delay   Delay  Logical Name (Net Name)
    ----------------------------------------  ------------
     FDPE:C->Q             4   0.361   0.697  Bist/sck_count_3 (Bist/sck_count_3)
     LUT5:I0->O            2   0.097   0.299  Bist/_n006211_SW0 (N8)
     LUT6:I5->O            1   0.097   0.295  i2si_Fifo/fifo_inp_rts_fifo_inp_rtr_AND_21_o1_1 (i2si_Fifo/fifo_inp_rts_fifo_inp_rtr_AND_21_o1)
     LUT6:I5->O            4   0.097   0.293  i2si_Fifo/_n0070_inv1 (i2si_Fifo/_n0070_inv)
     FDCE:CE                   0.095          i2si_Fifo/fifo_counter_0
    ----------------------------------------
    Total                      2.332ns (0.747ns logic, 1.585ns route)
                                       (32.0% logic, 68.0% route)

=========================================================================
Timing constraint: Default OFFSET IN BEFORE for Clock 'clk'
  Total number of paths / destination ports: 797 / 243
-------------------------------------------------------------------------
Offset:              1.944ns (Levels of Logic = 5)
  Source:            rf_bist_up_limit<10> (PAD)
  Destination:       Bist/i2si_bist_out_data_31 (FF)
  Destination Clock: clk rising

  Data Path: rf_bist_up_limit<10> to Bist/i2si_bist_out_data_31
                                Gate     Net
    Cell:in->out      fanout   Delay   Delay  Logical Name (Net Name)
    ----------------------------------------  ------------
     IBUF:I->O             2   0.001   0.688  rf_bist_up_limit_10_IBUF (rf_bist_up_limit_10_IBUF)
     LUT5:I0->O            1   0.097   0.000  Bist/Mcompar_i2si_bist_out_data[15]_ext_up_limit[15]_LessThan_10_o_lut<5> (Bist/Mcompar_i2si_bist_out_data[15]_ext_up_limit[15]_LessThan_10_o_lut<5>)
     MUXCY:S->O            1   0.353   0.000  Bist/Mcompar_i2si_bist_out_data[15]_ext_up_limit[15]_LessThan_10_o_cy<5> (Bist/Mcompar_i2si_bist_out_data[15]_ext_up_limit[15]_LessThan_10_o_cy<5>)
     MUXCY:CI->O          16   0.253   0.448  Bist/Mcompar_i2si_bist_out_data[15]_ext_up_limit[15]_LessThan_10_o_cy<6> (Bist/i2si_bist_out_data[15]_ext_up_limit[15]_LessThan_10_o)
     LUT4:I2->O            1   0.097   0.000  Bist/Mmux_i2si_bist_out_data[15]_ext_start_val[15]_mux_15_OUT241 (Bist/i2si_bist_out_data[15]_ext_start_val[15]_mux_15_OUT<30>)
     FDPE:D                    0.008          Bist/i2si_bist_out_data_30
    ----------------------------------------
    Total                      1.944ns (0.809ns logic, 1.135ns route)
                                       (41.6% logic, 58.4% route)

=========================================================================
Timing constraint: Default OFFSET OUT AFTER for Clock 'clk'
  Total number of paths / destination ports: 40 / 36
-------------------------------------------------------------------------
Offset:              1.331ns (Levels of Logic = 2)
  Source:            i2si_Fifo/fifo_counter_0 (FF)
  Destination:       i2si_rts (PAD)
  Source Clock:      clk rising

  Data Path: i2si_Fifo/fifo_counter_0 to i2si_rts
                                Gate     Net
    Cell:in->out      fanout   Delay   Delay  Logical Name (Net Name)
    ----------------------------------------  ------------
     FDCE:C->Q             9   0.361   0.593  i2si_Fifo/fifo_counter_0 (i2si_Fifo/fifo_counter_0)
     LUT4:I0->O            1   0.097   0.279  i2si_Fifo/fifo_out_rts1 (i2si_rts_OBUF)
     OBUF:I->O                 0.000          i2si_rts_OBUF (i2si_rts)
    ----------------------------------------
    Total                      1.331ns (0.458ns logic, 0.873ns route)
                                       (34.4% logic, 65.6% route)

=========================================================================

Cross Clock Domains Report:
--------------------------

Clock to Setup on destination clock clk
---------------+---------+---------+---------+---------+
               | Src:Rise| Src:Fall| Src:Rise| Src:Fall|
Source Clock   |Dest:Rise|Dest:Rise|Dest:Fall|Dest:Fall|
---------------+---------+---------+---------+---------+
clk            |    2.332|         |         |         |
---------------+---------+---------+---------+---------+

=========================================================================


Total REAL time to Xst completion: 10.00 secs
Total CPU time to Xst completion: 10.02 secs
 
--> 

Total memory usage is 448548 kilobytes

Number of errors   :    0 (   0 filtered)
Number of warnings :    0 (   0 filtered)
Number of infos    :   15 (   0 filtered)

