Command line:
   i2c_isim_beh.exe
     -simmode  gui
     -simrunnum  0
     -socket  51046

Thu Jan 14 16:38:19 2016


 Elaboration Time: 0.078125 sec

 Current Memory Usage: 1344.63 Meg

 Total Signals          : 64
 Total Nets             : 92
 Total Signal Drivers   : 27
 Total Blocks           : 5
 Total Primitive Blocks : 4
 Total Processes        : 50
 Total Traceable Variables  : 69
 Total Scalar Nets and Variables : 304
Total Line Count : 420

 Total Simulation Time: 0.078125 sec

 Current Memory Usage: 1344.63 Meg

Thu Jan 14 16:38:25 2016

