Command line:
   Deserializer_isim_beh.exe
     -simmode  gui
     -simrunnum  0
     -socket  64851

Mon Jan 11 15:11:00 2016


 Elaboration Time: 0.0624 sec

 Current Memory Usage: 501.928 Meg

 Total Signals          : 23
 Total Nets             : 55
 Total Signal Drivers   : 17
 Total Blocks           : 2
 Total Primitive Blocks : 2
 Total Processes        : 31
 Total Traceable Variables  : 47
 Total Scalar Nets and Variables : 208
Total Line Count : 292

 Total Simulation Time: 0.140401 sec

 Current Memory Usage: 501.928 Meg

Mon Jan 11 15:11:06 2016

