Command line:
   serializer_isim_beh.exe
     -simmode  gui
     -simrunnum  0
     -socket  49530

Sun Nov 22 22:57:32 2015


 Elaboration Time: 0.0468 sec

 Current Memory Usage: 666.874 Meg

 Total Signals          : 21
 Total Nets             : 53
 Total Signal Drivers   : 9
 Total Blocks           : 2
 Total Primitive Blocks : 2
 Total Processes        : 17
 Total Traceable Variables  : 26
 Total Scalar Nets and Variables : 174
Total Line Count : 69

 Total Simulation Time: 0.0468 sec

 Current Memory Usage: 666.874 Meg

Sun Nov 22 22:57:36 2015

