Command line:
   i2s_out_isim_beh.exe
     -simmode  gui
     -simrunnum  0
     -socket  61597

Tue Jan 12 19:02:23 2016


 Elaboration Time: 0.109375 sec

 Current Memory Usage: 1344.58 Meg

 Total Signals          : 41
 Total Nets             : 92
 Total Signal Drivers   : 14
 Total Blocks           : 4
 Total Primitive Blocks : 3
 Total Processes        : 28
 Total Traceable Variables  : 36
 Total Scalar Nets and Variables : 578
Total Line Count : 119

 Total Simulation Time: 0.125 sec

 Current Memory Usage: 1344.58 Meg

Tue Jan 12 19:02:27 2016

