Release 14.2 - xst P.28xd (nt64)
Copyright (c) 1995-2012 Xilinx, Inc.  All rights reserved.
--> Parameter TMPDIR set to xst/projnav.tmp


Total REAL time to Xst completion: 0.00 secs
Total CPU time to Xst completion: 0.11 secs
 
--> Parameter xsthdpdir set to xst


Total REAL time to Xst completion: 0.00 secs
Total CPU time to Xst completion: 0.11 secs
 
--> Reading design: Sequencer.prj

TABLE OF CONTENTS
  1) Synthesis Options Summary
  2) HDL Parsing
  3) HDL Elaboration
  4) HDL Synthesis
       4.1) HDL Synthesis Report
  5) Advanced HDL Synthesis
       5.1) Advanced HDL Synthesis Report
  6) Low Level Synthesis
  7) Partition Report
  8) Design Summary
       8.1) Primitive and Black Box Usage
       8.2) Device utilization summary
       8.3) Partition Resource Summary
       8.4) Timing Report
            8.4.1) Clock Information
            8.4.2) Asynchronous Control Signals Information
            8.4.3) Timing Summary
            8.4.4) Timing Details
            8.4.5) Cross Clock Domains Report


=========================================================================
*                      Synthesis Options Summary                        *
=========================================================================
---- Source Parameters
Input File Name                    : "Sequencer.prj"
Ignore Synthesis Constraint File   : NO

---- Target Parameters
Output File Name                   : "Sequencer"
Output Format                      : NGC
Target Device                      : xc7a100t-3-csg324

---- Source Options
Top Module Name                    : Sequencer
Automatic FSM Extraction           : YES
FSM Encoding Algorithm             : Auto
Safe Implementation                : No
FSM Style                          : LUT
RAM Extraction                     : Yes
RAM Style                          : Auto
ROM Extraction                     : Yes
Shift Register Extraction          : YES
ROM Style                          : Auto
Resource Sharing                   : YES
Asynchronous To Synchronous        : NO
Shift Register Minimum Size        : 2
Use DSP Block                      : Auto
Automatic Register Balancing       : No

---- Target Options
LUT Combining                      : Auto
Reduce Control Sets                : Auto
Add IO Buffers                     : YES
Global Maximum Fanout              : 100000
Add Generic Clock Buffer(BUFG)     : 32
Register Duplication               : YES
Optimize Instantiated Primitives   : NO
Use Clock Enable                   : Auto
Use Synchronous Set                : Auto
Use Synchronous Reset              : Auto
Pack IO Registers into IOBs        : Auto
Equivalent register Removal        : YES

---- General Options
Optimization Goal                  : Speed
Optimization Effort                : 1
Power Reduction                    : NO
Keep Hierarchy                     : No
Netlist Hierarchy                  : As_Optimized
RTL Output                         : Yes
Global Optimization                : AllClockNets
Read Cores                         : YES
Write Timing Constraints           : NO
Cross Clock Analysis               : NO
Hierarchy Separator                : /
Bus Delimiter                      : <>
Case Specifier                     : Maintain
Slice Utilization Ratio            : 100
BRAM Utilization Ratio             : 100
DSP48 Utilization Ratio            : 100
Auto BRAM Packing                  : NO
Slice Utilization Ratio Delta      : 5

=========================================================================


=========================================================================
*                          HDL Parsing                                  *
=========================================================================
Analyzing Verilog file "\\lions.tcnj.edu\public\homest\formanw2\Senior Project\current 1-11-16\i2c_Top_Blcok_11-11-2015\i2c_Top_Blcok_1-13-2016\Sequencer.v" into library work
Parsing module <Sequencer>.
Analyzing Verilog file "\\lions.tcnj.edu\public\homest\formanw2\Senior Project\current 1-11-16\i2c_Top_Blcok_11-11-2015\i2c_Top_Blcok_1-13-2016\i2c_Top_Block.vf" into library work
Parsing module <i2c_Top_Block>.

=========================================================================
*                            HDL Elaboration                            *
=========================================================================

Elaborating module <Sequencer>.
WARNING:HDLCompiler:413 - "\\lions.tcnj.edu\public\homest\formanw2\Senior Project\current 1-11-16\i2c_Top_Blcok_11-11-2015\i2c_Top_Blcok_1-13-2016\Sequencer.v" Line 128: Result of 12-bit expression is truncated to fit in 11-bit target.

=========================================================================
*                           HDL Synthesis                               *
=========================================================================

Synthesizing Unit <Sequencer>.
    Related source file is "\\lions.tcnj.edu\public\homest\formanw2\Senior Project\current 1-11-16\i2c_Top_Blcok_11-11-2015\i2c_Top_Blcok_1-13-2016\Sequencer.v".
    Found 11-bit register for signal <i2c_addr_out>.
    Found 11-bit register for signal <addr_increment>.
    Found 11-bit register for signal <i2c_addr_write>.
    Found 8-bit register for signal <i2c_data_out>.
    Found 1-bit register for signal <i2c_op>.
    Found 1-bit register for signal <i2c_xfc>.
    Found 1-bit register for signal <stop_read>.
    Found 1-bit register for signal <Q_data>.
    Found 1-bit register for signal <xfc_ready>.
    Found 1-bit register for signal <Q_addr>.
    Found 11-bit adder for signal <i2c_addr_write[10]_addr_increment[10]_add_1_OUT> created at line 115.
    Found 11-bit adder for signal <addr_increment[10]_GND_1_o_add_2_OUT> created at line 128.
    Summary:
	inferred   2 Adder/Subtractor(s).
	inferred  47 D-type flip-flop(s).
	inferred  11 Multiplexer(s).
Unit <Sequencer> synthesized.

=========================================================================
HDL Synthesis Report

Macro Statistics
# Adders/Subtractors                                   : 2
 11-bit adder                                          : 2
# Registers                                            : 10
 1-bit register                                        : 6
 11-bit register                                       : 3
 8-bit register                                        : 1
# Multiplexers                                         : 11
 1-bit 2-to-1 multiplexer                              : 4
 11-bit 2-to-1 multiplexer                             : 5
 8-bit 2-to-1 multiplexer                              : 2

=========================================================================

=========================================================================
*                       Advanced HDL Synthesis                          *
=========================================================================


Synthesizing (advanced) Unit <Sequencer>.
The following registers are absorbed into counter <addr_increment>: 1 register on signal <addr_increment>.
Unit <Sequencer> synthesized (advanced).

=========================================================================
Advanced HDL Synthesis Report

Macro Statistics
# Adders/Subtractors                                   : 1
 11-bit adder                                          : 1
# Counters                                             : 1
 11-bit up counter                                     : 1
# Registers                                            : 36
 Flip-Flops                                            : 36
# Multiplexers                                         : 10
 1-bit 2-to-1 multiplexer                              : 4
 11-bit 2-to-1 multiplexer                             : 4
 8-bit 2-to-1 multiplexer                              : 2

=========================================================================

=========================================================================
*                         Low Level Synthesis                           *
=========================================================================

Optimizing unit <Sequencer> ...

Mapping all equations...
Building and optimizing final netlist ...
Found area constraint ratio of 100 (+ 5) on block Sequencer, actual ratio is 0.
FlipFlop stop_read has been replicated 1 time(s)

Final Macro Processing ...

=========================================================================
Final Register Report

Macro Statistics
# Registers                                            : 48
 Flip-Flops                                            : 48

=========================================================================

=========================================================================
*                           Partition Report                            *
=========================================================================

Partition Implementation Status
-------------------------------

  No Partitions were found in this design.

-------------------------------

=========================================================================
*                            Design Summary                             *
=========================================================================

Top Level Output File Name         : Sequencer.ngc

Primitive and Black Box Usage:
------------------------------
# BELS                             : 118
#      GND                         : 1
#      INV                         : 3
#      LUT2                        : 17
#      LUT3                        : 24
#      LUT4                        : 1
#      LUT5                        : 2
#      LUT6                        : 28
#      MUXCY                       : 20
#      XORCY                       : 22
# FlipFlops/Latches                : 48
#      FD                          : 3
#      FDC                         : 4
#      FDCE                        : 41
# Clock Buffers                    : 1
#      BUFGP                       : 1
# IO Buffers                       : 45
#      IBUF                        : 24
#      OBUF                        : 21

Device utilization summary:
---------------------------

Selected Device : 7a100tcsg324-3 


Slice Logic Utilization: 
 Number of Slice Registers:              48  out of  126800     0%  
 Number of Slice LUTs:                   75  out of  63400     0%  
    Number used as Logic:                75  out of  63400     0%  

Slice Logic Distribution: 
 Number of LUT Flip Flop pairs used:     78
   Number with an unused Flip Flop:      30  out of     78    38%  
   Number with an unused LUT:             3  out of     78     3%  
   Number of fully used LUT-FF pairs:    45  out of     78    57%  
   Number of unique control sets:         6

IO Utilization: 
 Number of IOs:                          46
 Number of bonded IOBs:                  46  out of    210    21%  

Specific Feature Utilization:
 Number of BUFG/BUFGCTRLs:                1  out of     32     3%  

---------------------------
Partition Resource Summary:
---------------------------

  No Partitions were found in this design.

---------------------------


=========================================================================
Timing Report

NOTE: THESE TIMING NUMBERS ARE ONLY A SYNTHESIS ESTIMATE.
      FOR ACCURATE TIMING INFORMATION PLEASE REFER TO THE TRACE REPORT
      GENERATED AFTER PLACE-and-ROUTE.

Clock Information:
------------------
-----------------------------------+------------------------+-------+
Clock Signal                       | Clock buffer(FF name)  | Load  |
-----------------------------------+------------------------+-------+
Clock                              | BUFGP                  | 48    |
-----------------------------------+------------------------+-------+

Asynchronous Control Signals Information:
----------------------------------------
No asynchronous control signals found in this design

Timing Summary:
---------------
Speed Grade: -3

   Minimum period: 2.216ns (Maximum Frequency: 451.325MHz)
   Minimum input arrival time before clock: 2.049ns
   Maximum output required time after clock: 0.659ns
   Maximum combinational path delay: No path found

Timing Details:
---------------
All values displayed in nanoseconds (ns)

=========================================================================
Timing constraint: Default period analysis for Clock 'Clock'
  Clock period: 2.216ns (frequency: 451.325MHz)
  Total number of paths / destination ports: 611 / 87
-------------------------------------------------------------------------
Delay:               2.216ns (Levels of Logic = 3)
  Source:            stop_read_1 (FF)
  Destination:       i2c_addr_out_0 (FF)
  Source Clock:      Clock rising
  Destination Clock: Clock rising

  Data Path: stop_read_1 to i2c_addr_out_0
                                Gate     Net
    Cell:in->out      fanout   Delay   Delay  Logical Name (Net Name)
    ----------------------------------------  ------------
     FDC:C->Q              1   0.361   0.295  stop_read_1 (stop_read_1)
     LUT2:I1->O            2   0.097   0.515  stop_stop_read_OR_1_o1 (stop_stop_read_OR_1_o)
     LUT6:I3->O            9   0.097   0.332  _n0206_inv1 (_n0206_inv)
     LUT4:I3->O           11   0.097   0.326  _n0153_inv1 (_n0153_inv)
     FDCE:CE                   0.095          i2c_addr_out_0
    ----------------------------------------
    Total                      2.216ns (0.747ns logic, 1.469ns route)
                                       (33.7% logic, 66.3% route)

=========================================================================
Timing constraint: Default OFFSET IN BEFORE for Clock 'Clock'
  Total number of paths / destination ports: 477 / 134
-------------------------------------------------------------------------
Offset:              2.049ns (Levels of Logic = 4)
  Source:            stop (PAD)
  Destination:       i2c_addr_out_0 (FF)
  Destination Clock: Clock rising

  Data Path: stop to i2c_addr_out_0
                                Gate     Net
    Cell:in->out      fanout   Delay   Delay  Logical Name (Net Name)
    ----------------------------------------  ------------
     IBUF:I->O            51   0.001   0.489  stop_IBUF (stop_IBUF)
     LUT2:I0->O            2   0.097   0.515  stop_stop_read_OR_1_o1 (stop_stop_read_OR_1_o)
     LUT6:I3->O            9   0.097   0.332  _n0206_inv1 (_n0206_inv)
     LUT4:I3->O           11   0.097   0.326  _n0153_inv1 (_n0153_inv)
     FDCE:CE                   0.095          i2c_addr_out_0
    ----------------------------------------
    Total                      2.049ns (0.387ns logic, 1.662ns route)
                                       (18.9% logic, 81.1% route)

=========================================================================
Timing constraint: Default OFFSET OUT AFTER for Clock 'Clock'
  Total number of paths / destination ports: 21 / 21
-------------------------------------------------------------------------
Offset:              0.659ns (Levels of Logic = 1)
  Source:            i2c_xfc (FF)
  Destination:       i2c_xfc (PAD)
  Source Clock:      Clock rising

  Data Path: i2c_xfc to i2c_xfc
                                Gate     Net
    Cell:in->out      fanout   Delay   Delay  Logical Name (Net Name)
    ----------------------------------------  ------------
     FDC:C->Q              5   0.361   0.298  i2c_xfc (i2c_xfc_OBUF)
     OBUF:I->O                 0.000          i2c_xfc_OBUF (i2c_xfc)
    ----------------------------------------
    Total                      0.659ns (0.361ns logic, 0.298ns route)
                                       (54.8% logic, 45.2% route)

=========================================================================

Cross Clock Domains Report:
--------------------------

Clock to Setup on destination clock Clock
---------------+---------+---------+---------+---------+
               | Src:Rise| Src:Fall| Src:Rise| Src:Fall|
Source Clock   |Dest:Rise|Dest:Rise|Dest:Fall|Dest:Fall|
---------------+---------+---------+---------+---------+
Clock          |    2.216|         |         |         |
---------------+---------+---------+---------+---------+

=========================================================================


Total REAL time to Xst completion: 13.00 secs
Total CPU time to Xst completion: 12.40 secs
 
--> 

Total memory usage is 446076 kilobytes

Number of errors   :    0 (   0 filtered)
Number of warnings :    1 (   0 filtered)
Number of infos    :    0 (   0 filtered)

