Release 14.2 - xst P.28xd (nt64)
Copyright (c) 1995-2012 Xilinx, Inc.  All rights reserved.
--> Parameter TMPDIR set to xst/projnav.tmp


Total REAL time to Xst completion: 0.00 secs
Total CPU time to Xst completion: 0.31 secs
 
--> Parameter xsthdpdir set to xst


Total REAL time to Xst completion: 0.00 secs
Total CPU time to Xst completion: 0.31 secs
 
--> Reading design: Serializer.prj

TABLE OF CONTENTS
  1) Synthesis Options Summary
  2) HDL Parsing
  3) HDL Elaboration
  4) HDL Synthesis
       4.1) HDL Synthesis Report
  5) Advanced HDL Synthesis
       5.1) Advanced HDL Synthesis Report
  6) Low Level Synthesis
  7) Partition Report
  8) Design Summary
       8.1) Primitive and Black Box Usage
       8.2) Device utilization summary
       8.3) Partition Resource Summary
       8.4) Timing Report
            8.4.1) Clock Information
            8.4.2) Asynchronous Control Signals Information
            8.4.3) Timing Summary
            8.4.4) Timing Details
            8.4.5) Cross Clock Domains Report


=========================================================================
*                      Synthesis Options Summary                        *
=========================================================================
---- Source Parameters
Input File Name                    : "Serializer.prj"
Ignore Synthesis Constraint File   : NO

---- Target Parameters
Output File Name                   : "Serializer"
Output Format                      : NGC
Target Device                      : xc7a100t-3-csg324

---- Source Options
Top Module Name                    : Serializer
Automatic FSM Extraction           : YES
FSM Encoding Algorithm             : Auto
Safe Implementation                : No
FSM Style                          : LUT
RAM Extraction                     : Yes
RAM Style                          : Auto
ROM Extraction                     : Yes
Shift Register Extraction          : YES
ROM Style                          : Auto
Resource Sharing                   : YES
Asynchronous To Synchronous        : NO
Shift Register Minimum Size        : 2
Use DSP Block                      : Auto
Automatic Register Balancing       : No

---- Target Options
LUT Combining                      : Auto
Reduce Control Sets                : Auto
Add IO Buffers                     : YES
Global Maximum Fanout              : 100000
Add Generic Clock Buffer(BUFG)     : 32
Register Duplication               : YES
Optimize Instantiated Primitives   : NO
Use Clock Enable                   : Auto
Use Synchronous Set                : Auto
Use Synchronous Reset              : Auto
Pack IO Registers into IOBs        : Auto
Equivalent register Removal        : YES

---- General Options
Optimization Goal                  : Speed
Optimization Effort                : 1
Power Reduction                    : NO
Keep Hierarchy                     : No
Netlist Hierarchy                  : As_Optimized
RTL Output                         : Yes
Global Optimization                : AllClockNets
Read Cores                         : YES
Write Timing Constraints           : NO
Cross Clock Analysis               : NO
Hierarchy Separator                : /
Bus Delimiter                      : <>
Case Specifier                     : Maintain
Slice Utilization Ratio            : 100
BRAM Utilization Ratio             : 100
DSP48 Utilization Ratio            : 100
Auto BRAM Packing                  : NO
Slice Utilization Ratio Delta      : 5

=========================================================================


=========================================================================
*                          HDL Parsing                                  *
=========================================================================
Analyzing Verilog file "C:\Users\Whitley\Downloads\i2c_slave 11_10_15\i2c_slave 11_10_15\i2c_slave 11_4_15\i2c_Top_Blcok\Serializer.v" into library work
Parsing module <Serializer>.

=========================================================================
*                            HDL Elaboration                            *
=========================================================================

Elaborating module <Serializer>.
WARNING:HDLCompiler:1127 - "C:\Users\Whitley\Downloads\i2c_slave 11_10_15\i2c_slave 11_10_15\i2c_slave 11_4_15\i2c_Top_Blcok\Serializer.v" Line 56: Assignment to sda_state ignored, since the identifier is never used

=========================================================================
*                           HDL Synthesis                               *
=========================================================================

Synthesizing Unit <Serializer>.
    Related source file is "C:\Users\Whitley\Downloads\i2c_slave 11_10_15\i2c_slave 11_10_15\i2c_slave 11_4_15\i2c_Top_Blcok\Serializer.v".
    Found 1-bit register for signal <stop>.
    Found 1-bit register for signal <Q_scl>.
    Found 1-bit register for signal <scl_state>.
    Found 8-bit register for signal <data_read>.
    Found 1-bit register for signal <serialize_ready>.
    Found 1-bit register for signal <serialize_ok>.
    Found 5-bit register for signal <serialize_bit_counter>.
    Found 1-bit register for signal <serialize_done>.
    Found 1-bit register for signal <i2c_sda_out>.
    Found 1-bit register for signal <Q_sda>.
INFO:Xst:1799 - State 01000 is never reached in FSM <serialize_bit_counter>.
    Found finite state machine <FSM_0> for signal <serialize_bit_counter>.
    -----------------------------------------------------------------------
    | States             | 9                                              |
    | Transitions        | 40                                             |
    | Inputs             | 5                                              |
    | Outputs            | 7                                              |
    | Clock              | Clock (rising_edge)                            |
    | Reset              | serialize_ok_stop_OR_3_o (positive)            |
    | Reset type         | synchronous                                    |
    | Reset State        | 00000                                          |
    | Encoding           | auto                                           |
    | Implementation     | LUT                                            |
    -----------------------------------------------------------------------
    Summary:
	inferred  16 D-type flip-flop(s).
	inferred   1 Finite State Machine(s).
Unit <Serializer> synthesized.

=========================================================================
HDL Synthesis Report

Macro Statistics
# Registers                                            : 9
 1-bit register                                        : 8
 8-bit register                                        : 1
# FSMs                                                 : 1

=========================================================================

=========================================================================
*                       Advanced HDL Synthesis                          *
=========================================================================

WARNING:Xst:2677 - Node <data_read_0> of sequential type is unconnected in block <Serializer>.
WARNING:Xst:2677 - Node <data_read_0> of sequential type is unconnected in block <Serializer>.

=========================================================================
Advanced HDL Synthesis Report

Macro Statistics
# Registers                                            : 15
 Flip-Flops                                            : 15
# FSMs                                                 : 1

=========================================================================

=========================================================================
*                         Low Level Synthesis                           *
=========================================================================
Analyzing FSM <MFsm> for best encoding.
Optimizing FSM <FSM_0> on signal <serialize_bit_counter[1:3]> with gray encoding.
-------------------
 State | Encoding
-------------------
 00000 | 000
 00001 | 001
 00010 | 011
 00011 | 010
 00100 | 110
 00101 | 111
 00110 | 101
 01000 | unreached
 00111 | 100
-------------------

Optimizing unit <Serializer> ...

Mapping all equations...
Building and optimizing final netlist ...
Found area constraint ratio of 100 (+ 5) on block Serializer, actual ratio is 0.

Final Macro Processing ...

=========================================================================
Final Register Report

Macro Statistics
# Registers                                            : 18
 Flip-Flops                                            : 18

=========================================================================

=========================================================================
*                           Partition Report                            *
=========================================================================

Partition Implementation Status
-------------------------------

  No Partitions were found in this design.

-------------------------------

=========================================================================
*                            Design Summary                             *
=========================================================================

Top Level Output File Name         : Serializer.ngc

Primitive and Black Box Usage:
------------------------------
# BELS                             : 22
#      GND                         : 1
#      INV                         : 3
#      LUT2                        : 6
#      LUT3                        : 1
#      LUT4                        : 4
#      LUT5                        : 2
#      LUT6                        : 5
# FlipFlops/Latches                : 18
#      FD                          : 3
#      FDPE                        : 2
#      FDR                         : 6
#      FDRE                        : 7
# Clock Buffers                    : 1
#      BUFGP                       : 1
# IO Buffers                       : 16
#      IBUF                        : 15
#      OBUF                        : 1

Device utilization summary:
---------------------------

Selected Device : 7a100tcsg324-3 


Slice Logic Utilization: 
 Number of Slice Registers:              18  out of  126800     0%  
 Number of Slice LUTs:                   21  out of  63400     0%  
    Number used as Logic:                21  out of  63400     0%  

Slice Logic Distribution: 
 Number of LUT Flip Flop pairs used:     29
   Number with an unused Flip Flop:      11  out of     29    37%  
   Number with an unused LUT:             8  out of     29    27%  
   Number of fully used LUT-FF pairs:    10  out of     29    34%  
   Number of unique control sets:         6

IO Utilization: 
 Number of IOs:                          18
 Number of bonded IOBs:                  17  out of    210     8%  

Specific Feature Utilization:
 Number of BUFG/BUFGCTRLs:                1  out of     32     3%  

---------------------------
Partition Resource Summary:
---------------------------

  No Partitions were found in this design.

---------------------------


=========================================================================
Timing Report

NOTE: THESE TIMING NUMBERS ARE ONLY A SYNTHESIS ESTIMATE.
      FOR ACCURATE TIMING INFORMATION PLEASE REFER TO THE TRACE REPORT
      GENERATED AFTER PLACE-and-ROUTE.

Clock Information:
------------------
---------------------------------------+------------------------+-------+
Clock Signal                           | Clock buffer(FF name)  | Load  |
---------------------------------------+------------------------+-------+
Clock                                  | BUFGP                  | 17    |
i2c_scl_neg_pulse(i2c_scl_neg_pulse1:O)| NONE(*)(scl_state)     | 1     |
---------------------------------------+------------------------+-------+
(*) This 1 clock signal(s) are generated by combinatorial logic,
and XST is not able to identify which are the primary clock signals.
Please use the CLOCK_SIGNAL constraint to specify the clock signal(s) generated by combinatorial logic.
INFO:Xst:2169 - HDL ADVISOR - Some clock signals were not automatically buffered by XST with BUFG/BUFR resources. Please use the buffer_type constraint in order to insert these buffers to the clock signals to help prevent skew problems.

Asynchronous Control Signals Information:
----------------------------------------
No asynchronous control signals found in this design

Timing Summary:
---------------
Speed Grade: -3

   Minimum period: 1.655ns (Maximum Frequency: 604.412MHz)
   Minimum input arrival time before clock: 1.545ns
   Maximum output required time after clock: 0.650ns
   Maximum combinational path delay: No path found

Timing Details:
---------------
All values displayed in nanoseconds (ns)

=========================================================================
Timing constraint: Default period analysis for Clock 'Clock'
  Clock period: 1.655ns (frequency: 604.412MHz)
  Total number of paths / destination ports: 64 / 22
-------------------------------------------------------------------------
Delay:               1.655ns (Levels of Logic = 2)
  Source:            serialize_bit_counter_FSM_FFd2 (FF)
  Destination:       i2c_sda_out (FF)
  Source Clock:      Clock rising
  Destination Clock: Clock rising

  Data Path: serialize_bit_counter_FSM_FFd2 to i2c_sda_out
                                Gate     Net
    Cell:in->out      fanout   Delay   Delay  Logical Name (Net Name)
    ----------------------------------------  ------------
     FDR:C->Q              5   0.361   0.712  serialize_bit_counter_FSM_FFd2 (serialize_bit_counter_FSM_FFd2)
     LUT6:I0->O            1   0.097   0.379  serialize_bit_counter[4]_data_read[7]_Select_16_o1 (serialize_bit_counter[4]_data_read[7]_Select_16_o1)
     LUT6:I4->O            1   0.097   0.000  i2c_sda_out_rstpot (i2c_sda_out_rstpot)
     FD:D                      0.008          i2c_sda_out
    ----------------------------------------
    Total                      1.655ns (0.563ns logic, 1.092ns route)
                                       (34.0% logic, 66.0% route)

=========================================================================
Timing constraint: Default OFFSET IN BEFORE for Clock 'Clock'
  Total number of paths / destination ports: 39 / 25
-------------------------------------------------------------------------
Offset:              1.545ns (Levels of Logic = 4)
  Source:            data_ack (PAD)
  Destination:       serialize_bit_counter_FSM_FFd1 (FF)
  Destination Clock: Clock rising

  Data Path: data_ack to serialize_bit_counter_FSM_FFd1
                                Gate     Net
    Cell:in->out      fanout   Delay   Delay  Logical Name (Net Name)
    ----------------------------------------  ------------
     IBUF:I->O             2   0.001   0.383  data_ack_IBUF (data_ack_IBUF)
     LUT2:I0->O            1   0.097   0.556  data_ack_stop_OR_6_o1_SW0_SW0 (N6)
     LUT6:I2->O            3   0.097   0.305  serialize_bit_counter_FSM_FFd3-In21 (serialize_bit_counter_FSM_FFd3-In2)
     LUT4:I3->O            1   0.097   0.000  serialize_bit_counter_FSM_FFd1-In1 (serialize_bit_counter_FSM_FFd1-In)
     FDR:D                     0.008          serialize_bit_counter_FSM_FFd1
    ----------------------------------------
    Total                      1.545ns (0.300ns logic, 1.245ns route)
                                       (19.4% logic, 80.6% route)

=========================================================================
Timing constraint: Default OFFSET IN BEFORE for Clock 'i2c_scl_neg_pulse'
  Total number of paths / destination ports: 2 / 2
-------------------------------------------------------------------------
Offset:              1.050ns (Levels of Logic = 2)
  Source:            i2c_sda (PAD)
  Destination:       scl_state (FF)
  Destination Clock: i2c_scl_neg_pulse rising

  Data Path: i2c_sda to scl_state
                                Gate     Net
    Cell:in->out      fanout   Delay   Delay  Logical Name (Net Name)
    ----------------------------------------  ------------
     IBUF:I->O             7   0.001   0.323  i2c_sda_IBUF (i2c_sda_IBUF)
     LUT2:I1->O            1   0.097   0.279  i2c_scl_pos_pulse1 (i2c_scl_pos_pulse)
     FDPE:PRE                  0.349          scl_state
    ----------------------------------------
    Total                      1.050ns (0.447ns logic, 0.603ns route)
                                       (42.6% logic, 57.4% route)

=========================================================================
Timing constraint: Default OFFSET OUT AFTER for Clock 'Clock'
  Total number of paths / destination ports: 1 / 1
-------------------------------------------------------------------------
Offset:              0.650ns (Levels of Logic = 1)
  Source:            i2c_sda_out (FF)
  Destination:       i2c_sda_out (PAD)
  Source Clock:      Clock rising

  Data Path: i2c_sda_out to i2c_sda_out
                                Gate     Net
    Cell:in->out      fanout   Delay   Delay  Logical Name (Net Name)
    ----------------------------------------  ------------
     FD:C->Q               3   0.361   0.289  i2c_sda_out (i2c_sda_out_OBUF)
     OBUF:I->O                 0.000          i2c_sda_out_OBUF (i2c_sda_out)
    ----------------------------------------
    Total                      0.650ns (0.361ns logic, 0.289ns route)
                                       (55.5% logic, 44.5% route)

=========================================================================

Cross Clock Domains Report:
--------------------------

Clock to Setup on destination clock Clock
-----------------+---------+---------+---------+---------+
                 | Src:Rise| Src:Fall| Src:Rise| Src:Fall|
Source Clock     |Dest:Rise|Dest:Rise|Dest:Fall|Dest:Fall|
-----------------+---------+---------+---------+---------+
Clock            |    1.655|         |         |         |
i2c_scl_neg_pulse|    1.520|         |         |         |
-----------------+---------+---------+---------+---------+

Clock to Setup on destination clock i2c_scl_neg_pulse
---------------+---------+---------+---------+---------+
               | Src:Rise| Src:Fall| Src:Rise| Src:Fall|
Source Clock   |Dest:Rise|Dest:Rise|Dest:Fall|Dest:Fall|
---------------+---------+---------+---------+---------+
Clock          |    1.480|         |         |         |
---------------+---------+---------+---------+---------+

=========================================================================


Total REAL time to Xst completion: 41.00 secs
Total CPU time to Xst completion: 40.74 secs
 
--> 

Total memory usage is 459656 kilobytes

Number of errors   :    0 (   0 filtered)
Number of warnings :    3 (   0 filtered)
Number of infos    :    2 (   0 filtered)

