Command line:
   i2si_bist_gen_isim_beh.exe
     -simmode  gui
     -simrunnum  0
     -socket  49357

Tue Oct 20 20:01:02 2015


 Elaboration Time: 0.078125 sec

 Current Memory Usage: 1335.54 Meg

 Total Signals          : 18
 Total Nets             : 79
 Total Signal Drivers   : 6
 Total Blocks           : 2
 Total Primitive Blocks : 2
 Total Processes        : 8
 Total Traceable Variables  : 20
 Total Scalar Nets and Variables : 192
Total Line Count : 21

 Total Simulation Time: 0.078125 sec

 Current Memory Usage: 1335.54 Meg

Tue Oct 20 20:01:08 2015

