Release 14.2 - xst P.28xd (nt64)
Copyright (c) 1995-2012 Xilinx, Inc.  All rights reserved.
--> Parameter TMPDIR set to xst/projnav.tmp


Total REAL time to Xst completion: 0.00 secs
Total CPU time to Xst completion: 0.14 secs
 
--> Parameter xsthdpdir set to xst


Total REAL time to Xst completion: 0.00 secs
Total CPU time to Xst completion: 0.14 secs
 
--> Reading design: Deserializer.prj

TABLE OF CONTENTS
  1) Synthesis Options Summary
  2) HDL Parsing
  3) HDL Elaboration
  4) HDL Synthesis
       4.1) HDL Synthesis Report
  5) Advanced HDL Synthesis
       5.1) Advanced HDL Synthesis Report
  6) Low Level Synthesis
  7) Partition Report
  8) Design Summary
       8.1) Primitive and Black Box Usage
       8.2) Device utilization summary
       8.3) Partition Resource Summary
       8.4) Timing Report
            8.4.1) Clock Information
            8.4.2) Asynchronous Control Signals Information
            8.4.3) Timing Summary
            8.4.4) Timing Details
            8.4.5) Cross Clock Domains Report


=========================================================================
*                      Synthesis Options Summary                        *
=========================================================================
---- Source Parameters
Input File Name                    : "Deserializer.prj"
Ignore Synthesis Constraint File   : NO

---- Target Parameters
Output File Name                   : "Deserializer"
Output Format                      : NGC
Target Device                      : xc7a100t-3-csg324

---- Source Options
Top Module Name                    : Deserializer
Automatic FSM Extraction           : YES
FSM Encoding Algorithm             : Auto
Safe Implementation                : No
FSM Style                          : LUT
RAM Extraction                     : Yes
RAM Style                          : Auto
ROM Extraction                     : Yes
Shift Register Extraction          : YES
ROM Style                          : Auto
Resource Sharing                   : YES
Asynchronous To Synchronous        : NO
Shift Register Minimum Size        : 2
Use DSP Block                      : Auto
Automatic Register Balancing       : No

---- Target Options
LUT Combining                      : Auto
Reduce Control Sets                : Auto
Add IO Buffers                     : YES
Global Maximum Fanout              : 100000
Add Generic Clock Buffer(BUFG)     : 32
Register Duplication               : YES
Optimize Instantiated Primitives   : NO
Use Clock Enable                   : Auto
Use Synchronous Set                : Auto
Use Synchronous Reset              : Auto
Pack IO Registers into IOBs        : Auto
Equivalent register Removal        : YES

---- General Options
Optimization Goal                  : Speed
Optimization Effort                : 1
Power Reduction                    : NO
Keep Hierarchy                     : No
Netlist Hierarchy                  : As_Optimized
RTL Output                         : Yes
Global Optimization                : AllClockNets
Read Cores                         : YES
Write Timing Constraints           : NO
Cross Clock Analysis               : NO
Hierarchy Separator                : /
Bus Delimiter                      : <>
Case Specifier                     : Maintain
Slice Utilization Ratio            : 100
BRAM Utilization Ratio             : 100
DSP48 Utilization Ratio            : 100
Auto BRAM Packing                  : NO
Slice Utilization Ratio Delta      : 5

=========================================================================


=========================================================================
*                          HDL Parsing                                  *
=========================================================================
Analyzing Verilog file "\\lions.tcnj.edu\public\homest\formanw2\Senior Project\current 1-11-16\i2c_Top_Blcok_11-11-2015\i2c_Top_Blcok_1-13-2016\Deserializer.v" into library work
Parsing module <Deserializer>.
Analyzing Verilog file "\\lions.tcnj.edu\public\homest\formanw2\Senior Project\current 1-11-16\i2c_Top_Blcok_11-11-2015\i2c_Top_Blcok_1-13-2016\i2c_Top_Block.vf" into library work
Parsing module <i2c_Top_Block>.

=========================================================================
*                            HDL Elaboration                            *
=========================================================================

Elaborating module <Deserializer>.

=========================================================================
*                           HDL Synthesis                               *
=========================================================================

Synthesizing Unit <Deserializer>.
    Related source file is "\\lions.tcnj.edu\public\homest\formanw2\Senior Project\current 1-11-16\i2c_Top_Blcok_11-11-2015\i2c_Top_Blcok_1-13-2016\Deserializer.v".
    Found 1-bit register for signal <stop>.
    Found 1-bit register for signal <stop_out>.
    Found 1-bit register for signal <i2c_scl>.
    Found 1-bit register for signal <sda_p1>.
    Found 1-bit register for signal <sda_p2>.
    Found 1-bit register for signal <i2c_sda>.
    Found 1-bit register for signal <Q_sda>.
    Found 1-bit register for signal <Q_scl>.
    Found 1-bit register for signal <scl_state>.
    Found 2-bit register for signal <deserial_state>.
    Found 1-bit register for signal <got_slave_addr>.
    Found 8-bit register for signal <incoming_slave_addr>.
    Found 4-bit register for signal <bit_counter_slave_addr>.
    Found 1-bit register for signal <slave_ack>.
    Found 1-bit register for signal <i2c_RW>.
    Found 1-bit register for signal <slave_addr_stop>.
    Found 1-bit register for signal <i2c_ack>.
    Found 4-bit register for signal <bit_counter_burst_addr>.
    Found 1-bit register for signal <i2c_addr<10>>.
    Found 1-bit register for signal <i2c_addr<9>>.
    Found 1-bit register for signal <i2c_addr<8>>.
    Found 1-bit register for signal <i2c_addr<7>>.
    Found 1-bit register for signal <i2c_addr<6>>.
    Found 1-bit register for signal <i2c_addr<5>>.
    Found 1-bit register for signal <i2c_addr<4>>.
    Found 1-bit register for signal <i2c_addr<3>>.
    Found 1-bit register for signal <i2c_addr<2>>.
    Found 1-bit register for signal <i2c_addr<1>>.
    Found 1-bit register for signal <i2c_addr<0>>.
    Found 1-bit register for signal <got_addr>.
    Found 1-bit register for signal <got_addr2>.
    Found 1-bit register for signal <addr_ack>.
    Found 1-bit register for signal <addr_xfc>.
    Found 1-bit register for signal <addr_ack2>.
    Found 8-bit register for signal <serial_data>.
    Found 4-bit register for signal <bit_counter_data>.
    Found 1-bit register for signal <got_data>.
    Found 1-bit register for signal <data_ack>.
    Found 1-bit register for signal <scl_p1>.
    Found 1-bit register for signal <sda_state>.
    Found finite state machine <FSM_0> for signal <bit_counter_slave_addr>.
    -----------------------------------------------------------------------
    | States             | 9                                              |
    | Transitions        | 54                                             |
    | Inputs             | 5                                              |
    | Outputs            | 4                                              |
    | Clock              | Clock (rising_edge)                            |
    | Reset              | stop (positive)                                |
    | Reset type         | synchronous                                    |
    | Reset State        | 0000                                           |
    | Power Up State     | 0000                                           |
    | Encoding           | auto                                           |
    | Implementation     | LUT                                            |
    -----------------------------------------------------------------------
    Found finite state machine <FSM_1> for signal <bit_counter_burst_addr>.
    -----------------------------------------------------------------------
    | States             | 9                                              |
    | Transitions        | 67                                             |
    | Inputs             | 7                                              |
    | Outputs            | 8                                              |
    | Clock              | Clock (rising_edge)                            |
    | Reset              | stop (positive)                                |
    | Reset type         | synchronous                                    |
    | Reset State        | 0000                                           |
    | Encoding           | auto                                           |
    | Implementation     | LUT                                            |
    -----------------------------------------------------------------------
    Found finite state machine <FSM_3> for signal <deserial_state>.
    -----------------------------------------------------------------------
    | States             | 4                                              |
    | Transitions        | 10                                             |
    | Inputs             | 4                                              |
    | Outputs            | 4                                              |
    | Clock              | Clock (rising_edge)                            |
    | Reset              | stop (positive)                                |
    | Reset type         | synchronous                                    |
    | Reset State        | 00                                             |
    | Encoding           | auto                                           |
    | Implementation     | LUT                                            |
    -----------------------------------------------------------------------
    Found finite state machine <FSM_2> for signal <bit_counter_data>.
    -----------------------------------------------------------------------
    | States             | 8                                              |
    | Transitions        | 58                                             |
    | Inputs             | 7                                              |
    | Outputs            | 4                                              |
    | Clock              | Clock (rising_edge)                            |
    | Reset              | stop (positive)                                |
    | Reset type         | synchronous                                    |
    | Reset State        | 0000                                           |
    | Encoding           | auto                                           |
    | Implementation     | LUT                                            |
    -----------------------------------------------------------------------
    Found 8-bit 9-to-1 multiplexer for signal <bit_counter_slave_addr[3]_incoming_slave_addr[7]_wide_mux_20_OUT> created at line 201.
    Found 8-bit 8-to-1 multiplexer for signal <_n0408> created at line 487.
    Found 7-bit comparator equal for signal <incoming_slave_addr[7]_slave_addr[6]_equal_28_o> created at line 263
    Summary:
	inferred  50 D-type flip-flop(s).
	inferred   1 Comparator(s).
	inferred  12 Multiplexer(s).
	inferred   4 Finite State Machine(s).
Unit <Deserializer> synthesized.

=========================================================================
HDL Synthesis Report

Macro Statistics
# Registers                                            : 36
 1-bit register                                        : 34
 8-bit register                                        : 2
# Comparators                                          : 1
 7-bit comparator equal                                : 1
# Multiplexers                                         : 12
 1-bit 2-to-1 multiplexer                              : 7
 8-bit 2-to-1 multiplexer                              : 3
 8-bit 8-to-1 multiplexer                              : 1
 8-bit 9-to-1 multiplexer                              : 1
# FSMs                                                 : 4

=========================================================================

=========================================================================
*                       Advanced HDL Synthesis                          *
=========================================================================


=========================================================================
Advanced HDL Synthesis Report

Macro Statistics
# Registers                                            : 50
 Flip-Flops                                            : 50
# Comparators                                          : 1
 7-bit comparator equal                                : 1
# Multiplexers                                         : 12
 1-bit 2-to-1 multiplexer                              : 7
 8-bit 2-to-1 multiplexer                              : 3
 8-bit 8-to-1 multiplexer                              : 1
 8-bit 9-to-1 multiplexer                              : 1
# FSMs                                                 : 4

=========================================================================

=========================================================================
*                         Low Level Synthesis                           *
=========================================================================
INFO:Xst:2261 - The FF/Latch <stop> in Unit <Deserializer> is equivalent to the following FF/Latch, which will be removed : <stop_out> 
Analyzing FSM <MFsm> for best encoding.
Optimizing FSM <FSM_3> on signal <deserial_state[1:2]> with gray encoding.
-------------------
 State | Encoding
-------------------
 00    | 00
 11    | 01
 10    | 11
 01    | 10
-------------------
Analyzing FSM <MFsm> for best encoding.
Optimizing FSM <FSM_0> on signal <bit_counter_slave_addr[1:4]> with user encoding.
-------------------
 State | Encoding
-------------------
 0000  | 0000
 0001  | 0001
 0010  | 0010
 0011  | 0011
 0100  | 0100
 0101  | 0101
 0110  | 0110
 0111  | 0111
 1000  | 1000
-------------------
Analyzing FSM <MFsm> for best encoding.
Optimizing FSM <FSM_1> on signal <bit_counter_burst_addr[1:4]> with user encoding.
-------------------
 State | Encoding
-------------------
 0000  | 0000
 0001  | 0001
 0010  | 0010
 0011  | 0011
 0100  | 0100
 0101  | 0101
 0110  | 0110
 0111  | 0111
 1000  | 1000
-------------------
Analyzing FSM <MFsm> for best encoding.
Optimizing FSM <FSM_2> on signal <bit_counter_data[1:3]> with sequential encoding.
-------------------
 State | Encoding
-------------------
 0000  | 000
 0001  | 001
 0010  | 010
 0011  | 011
 0100  | 100
 0101  | 101
 0110  | 110
 0111  | 111
-------------------

Optimizing unit <Deserializer> ...
INFO:Xst:2261 - The FF/Latch <got_slave_addr> in Unit <Deserializer> is equivalent to the following FF/Latch, which will be removed : <bit_counter_slave_addr_FSM_FFd1> 

Mapping all equations...
Building and optimizing final netlist ...
Found area constraint ratio of 100 (+ 5) on block Deserializer, actual ratio is 0.

Final Macro Processing ...

Processing Unit <Deserializer> :
	Found 2-bit shift register for signal <i2c_scl>.
	Found 3-bit shift register for signal <i2c_sda>.
Unit <Deserializer> processed.

=========================================================================
Final Register Report

Macro Statistics
# Registers                                            : 56
 Flip-Flops                                            : 56
# Shift Registers                                      : 2
 2-bit shift register                                  : 1
 3-bit shift register                                  : 1

=========================================================================

=========================================================================
*                           Partition Report                            *
=========================================================================

Partition Implementation Status
-------------------------------

  No Partitions were found in this design.

-------------------------------

=========================================================================
*                            Design Summary                             *
=========================================================================

Top Level Output File Name         : Deserializer.ngc

Primitive and Black Box Usage:
------------------------------
# BELS                             : 115
#      GND                         : 1
#      INV                         : 3
#      LUT2                        : 10
#      LUT3                        : 23
#      LUT4                        : 11
#      LUT5                        : 4
#      LUT6                        : 62
#      VCC                         : 1
# FlipFlops/Latches                : 58
#      FD                          : 11
#      FDE                         : 2
#      FDPE                        : 3
#      FDR                         : 34
#      FDRE                        : 8
# Shift Registers                  : 2
#      SRLC16E                     : 2
# Clock Buffers                    : 1
#      BUFGP                       : 1
# IO Buffers                       : 30
#      IBUF                        : 6
#      OBUF                        : 24

Device utilization summary:
---------------------------

Selected Device : 7a100tcsg324-3 


Slice Logic Utilization: 
 Number of Slice Registers:              58  out of  126800     0%  
 Number of Slice LUTs:                  115  out of  63400     0%  
    Number used as Logic:               113  out of  63400     0%  
    Number used as Memory:                2  out of  19000     0%  
       Number used as SRL:                2

Slice Logic Distribution: 
 Number of LUT Flip Flop pairs used:    117
   Number with an unused Flip Flop:      59  out of    117    50%  
   Number with an unused LUT:             2  out of    117     1%  
   Number of fully used LUT-FF pairs:    56  out of    117    47%  
   Number of unique control sets:         8

IO Utilization: 
 Number of IOs:                          31
 Number of bonded IOBs:                  31  out of    210    14%  

Specific Feature Utilization:
 Number of BUFG/BUFGCTRLs:                1  out of     32     3%  

---------------------------
Partition Resource Summary:
---------------------------

  No Partitions were found in this design.

---------------------------


=========================================================================
Timing Report

NOTE: THESE TIMING NUMBERS ARE ONLY A SYNTHESIS ESTIMATE.
      FOR ACCURATE TIMING INFORMATION PLEASE REFER TO THE TRACE REPORT
      GENERATED AFTER PLACE-and-ROUTE.

Clock Information:
------------------
---------------------------------------+------------------------+-------+
Clock Signal                           | Clock buffer(FF name)  | Load  |
---------------------------------------+------------------------+-------+
Clock                                  | BUFGP                  | 58    |
i2c_sda_neg_pulse(i2c_sda_neg_pulse1:O)| NONE(*)(sda_state)     | 1     |
i2c_scl_neg_pulse(i2c_scl_neg_pulse1:O)| NONE(*)(scl_state)     | 1     |
---------------------------------------+------------------------+-------+
(*) These 2 clock signal(s) are generated by combinatorial logic,
and XST is not able to identify which are the primary clock signals.
Please use the CLOCK_SIGNAL constraint to specify the clock signal(s) generated by combinatorial logic.
INFO:Xst:2169 - HDL ADVISOR - Some clock signals were not automatically buffered by XST with BUFG/BUFR resources. Please use the buffer_type constraint in order to insert these buffers to the clock signals to help prevent skew problems.

Asynchronous Control Signals Information:
----------------------------------------
No asynchronous control signals found in this design

Timing Summary:
---------------
Speed Grade: -3

   Minimum period: 1.948ns (Maximum Frequency: 513.373MHz)
   Minimum input arrival time before clock: 1.280ns
   Maximum output required time after clock: 0.750ns
   Maximum combinational path delay: No path found

Timing Details:
---------------
All values displayed in nanoseconds (ns)

=========================================================================
Timing constraint: Default period analysis for Clock 'Clock'
  Clock period: 1.948ns (frequency: 513.373MHz)
  Total number of paths / destination ports: 611 / 107
-------------------------------------------------------------------------
Delay:               1.948ns (Levels of Logic = 3)
  Source:            i2c_addr_9 (FF)
  Destination:       i2c_addr_9 (FF)
  Source Clock:      Clock rising
  Destination Clock: Clock rising

  Data Path: i2c_addr_9 to i2c_addr_9
                                Gate     Net
    Cell:in->out      fanout   Delay   Delay  Logical Name (Net Name)
    ----------------------------------------  ------------
     FDR:C->Q              4   0.361   0.697  i2c_addr_9 (i2c_addr_9)
     LUT6:I1->O            1   0.097   0.295  _n044611_SW1_G (N101)
     LUT3:I2->O            1   0.097   0.295  _n044611_SW11 (N62)
     LUT6:I5->O            1   0.097   0.000  i2c_addr_9_rstpot (i2c_addr_9_rstpot)
     FDR:D                     0.008          i2c_addr_9
    ----------------------------------------
    Total                      1.948ns (0.660ns logic, 1.288ns route)
                                       (33.9% logic, 66.1% route)

=========================================================================
Timing constraint: Default OFFSET IN BEFORE for Clock 'Clock'
  Total number of paths / destination ports: 12 / 6
-------------------------------------------------------------------------
Offset:              1.280ns (Levels of Logic = 3)
  Source:            i2c_addr_bits<1> (PAD)
  Destination:       slave_addr_stop (FF)
  Destination Clock: Clock rising

  Data Path: i2c_addr_bits<1> to slave_addr_stop
                                Gate     Net
    Cell:in->out      fanout   Delay   Delay  Logical Name (Net Name)
    ----------------------------------------  ------------
     IBUF:I->O             3   0.001   0.566  i2c_addr_bits_1_IBUF (i2c_addr_bits_1_IBUF)
     LUT4:I0->O            1   0.097   0.511  incoming_slave_addr[7]_slave_addr[6]_equal_28_o7_SW3 (N80)
     LUT6:I3->O            1   0.097   0.000  slave_addr_stop_glue_set (slave_addr_stop_glue_set)
     FDR:D                     0.008          slave_addr_stop
    ----------------------------------------
    Total                      1.280ns (0.203ns logic, 1.077ns route)
                                       (15.9% logic, 84.1% route)

=========================================================================
Timing constraint: Default OFFSET OUT AFTER for Clock 'Clock'
  Total number of paths / destination ports: 24 / 24
-------------------------------------------------------------------------
Offset:              0.750ns (Levels of Logic = 1)
  Source:            stop (FF)
  Destination:       stop_out (PAD)
  Source Clock:      Clock rising

  Data Path: stop to stop_out
                                Gate     Net
    Cell:in->out      fanout   Delay   Delay  Logical Name (Net Name)
    ----------------------------------------  ------------
     FDPE:C->Q            53   0.361   0.389  stop (stop)
     OBUF:I->O                 0.000          stop_out_OBUF (stop_out)
    ----------------------------------------
    Total                      0.750ns (0.361ns logic, 0.389ns route)
                                       (48.1% logic, 51.9% route)

=========================================================================

Cross Clock Domains Report:
--------------------------

Clock to Setup on destination clock Clock
-----------------+---------+---------+---------+---------+
                 | Src:Rise| Src:Fall| Src:Rise| Src:Fall|
Source Clock     |Dest:Rise|Dest:Rise|Dest:Fall|Dest:Fall|
-----------------+---------+---------+---------+---------+
Clock            |    1.948|         |         |         |
i2c_scl_neg_pulse|    1.393|         |         |         |
i2c_sda_neg_pulse|    2.050|         |         |         |
-----------------+---------+---------+---------+---------+

Clock to Setup on destination clock i2c_scl_neg_pulse
---------------+---------+---------+---------+---------+
               | Src:Rise| Src:Fall| Src:Rise| Src:Fall|
Source Clock   |Dest:Rise|Dest:Rise|Dest:Fall|Dest:Fall|
---------------+---------+---------+---------+---------+
Clock          |    1.609|         |         |         |
---------------+---------+---------+---------+---------+

Clock to Setup on destination clock i2c_sda_neg_pulse
---------------+---------+---------+---------+---------+
               | Src:Rise| Src:Fall| Src:Rise| Src:Fall|
Source Clock   |Dest:Rise|Dest:Rise|Dest:Fall|Dest:Fall|
---------------+---------+---------+---------+---------+
Clock          |    1.489|         |         |         |
---------------+---------+---------+---------+---------+

=========================================================================


Total REAL time to Xst completion: 12.00 secs
Total CPU time to Xst completion: 11.96 secs
 
--> 

Total memory usage is 429308 kilobytes

Number of errors   :    0 (   0 filtered)
Number of warnings :    0 (   0 filtered)
Number of infos    :    3 (   0 filtered)

