Running: C:\Xilinx\14.7\ISE_DS\ISE\bin\nt64\unwrapped\fuse.exe -intstyle ise -incremental -lib unisims_ver -lib unimacro_ver -lib xilinxcorelib_ver -lib secureip -o C:/Users/kevin/Documents/GitHub/Chip-Design/proj_asic/rtl/i2so/i2s_out/i2s_out_test_isim_beh.exe -prj C:/Users/kevin/Documents/GitHub/Chip-Design/proj_asic/rtl/i2so/i2s_out/i2s_out_test_beh.prj work.i2s_out_test work.glbl 
ISim P.20131013 (signature 0x7708f090)
Number of CPUs detected in this system: 6
Turning on mult-threading, number of parallel sub-compilation jobs: 12 
Determining compilation order of HDL files
Analyzing Verilog file "C:/Users/kevin/Documents/GitHub/Chip-Design/proj_asic/rtl/i2so/i2s_out/serializer.v" into library work
Analyzing Verilog file "C:/Users/kevin/Documents/GitHub/Chip-Design/proj_asic/rtl/i2so/i2s_out/fifo.v" into library work
Analyzing Verilog file "C:/Users/kevin/Documents/GitHub/Chip-Design/proj_asic/rtl/i2so/i2s_out/i2s_out.v" into library work
Analyzing Verilog file "C:/Users/kevin/Documents/GitHub/Chip-Design/proj_asic/rtl/i2so/i2s_out/i2s_out_test.v" into library work
WARNING:HDLCompiler:568 - "C:/Users/kevin/Documents/GitHub/Chip-Design/proj_asic/rtl/i2so/i2s_out/i2s_out_test.v" Line 92: Constant value is truncated to fit in <16> bits.
WARNING:HDLCompiler:568 - "C:/Users/kevin/Documents/GitHub/Chip-Design/proj_asic/rtl/i2so/i2s_out/i2s_out_test.v" Line 93: Constant value is truncated to fit in <16> bits.
WARNING:HDLCompiler:568 - "C:/Users/kevin/Documents/GitHub/Chip-Design/proj_asic/rtl/i2so/i2s_out/i2s_out_test.v" Line 94: Constant value is truncated to fit in <16> bits.
Analyzing Verilog file "C:/Xilinx/14.7/ISE_DS/ISE//verilog/src/glbl.v" into library work
Starting static elaboration
Completed static elaboration
Compiling module serializer
Compiling module fifo
Compiling module i2s_out
Compiling module i2s_out_test
Compiling module glbl
Time Resolution for simulation is 1ps.
Waiting for 1 sub-compilation(s) to finish...
Compiled 5 Verilog Units
Built simulation executable C:/Users/kevin/Documents/GitHub/Chip-Design/proj_asic/rtl/i2so/i2s_out/i2s_out_test_isim_beh.exe
Fuse Memory Usage: 28392 KB
Fuse CPU Usage: 420 ms
