ARM GAS  C:\Users\Zachary\AppData\Local\Temp\ccnxQXdS.s 			page 1


   1              		.syntax unified
   2              		.cpu cortex-m3
   3              		.fpu softvfp
   4              		.eabi_attribute 20, 1
   5              		.eabi_attribute 21, 1
   6              		.eabi_attribute 23, 3
   7              		.eabi_attribute 24, 1
   8              		.eabi_attribute 25, 1
   9              		.eabi_attribute 26, 1
  10              		.eabi_attribute 30, 1
  11              		.eabi_attribute 34, 1
  12              		.eabi_attribute 18, 4
  13              		.thumb
  14              		.file	"cymetadata.c"
  15              		.text
  16              	.Ltext0:
  17              		.cfi_sections	.debug_frame
  18              		.global	cy_metadata
  19              		.global	cy_meta_flashprotect
  20              		.global	cy_meta_wonvl
  21              		.global	cy_meta_custnvl
  22              		.global	cy_meta_configecc
  23              		.section	.cyconfigecc,"a",%progbits
  24              		.align	2
  25              		.type	cy_meta_configecc, %object
  26              		.size	cy_meta_configecc, 1184
  27              	cy_meta_configecc:
  28 0000 03       		.byte	3
  29 0001 52       		.byte	82
  30 0002 00       		.byte	0
  31 0003 40       		.byte	64
  32 0004 03       		.byte	3
  33 0005 64       		.byte	100
  34 0006 00       		.byte	0
  35 0007 40       		.byte	64
  36 0008 18       		.byte	24
  37 0009 00       		.byte	0
  38 000a 01       		.byte	1
  39 000b 40       		.byte	64
  40 000c 3E       		.byte	62
  41 000d 01       		.byte	1
  42 000e 01       		.byte	1
  43 000f 40       		.byte	64
  44 0010 64       		.byte	100
  45 0011 02       		.byte	2
  46 0012 01       		.byte	1
  47 0013 40       		.byte	64
  48 0014 45       		.byte	69
  49 0015 03       		.byte	3
  50 0016 01       		.byte	1
  51 0017 40       		.byte	64
  52 0018 67       		.byte	103
  53 0019 04       		.byte	4
  54 001a 01       		.byte	1
  55 001b 40       		.byte	64
  56 001c 45       		.byte	69
  57 001d 05       		.byte	5
ARM GAS  C:\Users\Zachary\AppData\Local\Temp\ccnxQXdS.s 			page 2


  58 001e 01       		.byte	1
  59 001f 40       		.byte	64
  60 0020 05       		.byte	5
  61 0021 07       		.byte	7
  62 0022 01       		.byte	1
  63 0023 40       		.byte	64
  64 0024 01       		.byte	1
  65 0025 09       		.byte	9
  66 0026 01       		.byte	1
  67 0027 40       		.byte	64
  68 0028 10       		.byte	16
  69 0029 40       		.byte	64
  70 002a 01       		.byte	1
  71 002b 40       		.byte	64
  72 002c 13       		.byte	19
  73 002d 41       		.byte	65
  74 002e 01       		.byte	1
  75 002f 40       		.byte	64
  76 0030 01       		.byte	1
  77 0031 47       		.byte	71
  78 0032 01       		.byte	1
  79 0033 40       		.byte	64
  80 0034 01       		.byte	1
  81 0035 4C       		.byte	76
  82 0036 01       		.byte	1
  83 0037 40       		.byte	64
  84 0038 03       		.byte	3
  85 0039 4D       		.byte	77
  86 003a 01       		.byte	1
  87 003b 40       		.byte	64
  88 003c 03       		.byte	3
  89 003d 50       		.byte	80
  90 003e 01       		.byte	1
  91 003f 40       		.byte	64
  92 0040 01       		.byte	1
  93 0041 51       		.byte	81
  94 0042 01       		.byte	1
  95 0043 40       		.byte	64
  96 0044 20       		.byte	32
  97 0045 13       		.byte	19
  98 0046 21       		.byte	33
  99 0047 19       		.byte	25
 100 0048 29       		.byte	41
 101 0049 01       		.byte	1
 102 004a 80       		.byte	-128
 103 004b 3F       		.byte	63
 104 004c 82       		.byte	-126
 105 004d 3F       		.byte	63
 106 004e 85       		.byte	-123
 107 004f 0F       		.byte	15
 108 0050 00       		.byte	0
 109 0051 01       		.byte	1
 110 0052 02       		.byte	2
 111 0053 20       		.byte	32
 112 0054 06       		.byte	6
 113 0055 FE       		.byte	-2
 114 0056 08       		.byte	8
ARM GAS  C:\Users\Zachary\AppData\Local\Temp\ccnxQXdS.s 			page 3


 115 0057 01       		.byte	1
 116 0058 0A       		.byte	10
 117 0059 80       		.byte	-128
 118 005a 0E       		.byte	14
 119 005b FE       		.byte	-2
 120 005c 12       		.byte	18
 121 005d 01       		.byte	1
 122 005e 18       		.byte	24
 123 005f 01       		.byte	1
 124 0060 1A       		.byte	26
 125 0061 40       		.byte	64
 126 0062 1C       		.byte	28
 127 0063 FF       		.byte	-1
 128 0064 20       		.byte	32
 129 0065 01       		.byte	1
 130 0066 22       		.byte	34
 131 0067 10       		.byte	16
 132 0068 24       		.byte	36
 133 0069 01       		.byte	1
 134 006a 26       		.byte	38
 135 006b 08       		.byte	8
 136 006c 28       		.byte	40
 137 006d 01       		.byte	1
 138 006e 2A       		.byte	42
 139 006f 04       		.byte	4
 140 0070 2C       		.byte	44
 141 0071 01       		.byte	1
 142 0072 2E       		.byte	46
 143 0073 02       		.byte	2
 144 0074 36       		.byte	54
 145 0075 FF       		.byte	-1
 146 0076 56       		.byte	86
 147 0077 02       		.byte	2
 148 0078 57       		.byte	87
 149 0079 24       		.byte	36
 150 007a 58       		.byte	88
 151 007b 04       		.byte	4
 152 007c 5B       		.byte	91
 153 007d 04       		.byte	4
 154 007e 5F       		.byte	95
 155 007f 01       		.byte	1
 156 0080 01       		.byte	1
 157 0081 95       		.byte	-107
 158 0082 04       		.byte	4
 159 0083 02       		.byte	2
 160 0084 05       		.byte	5
 161 0085 10       		.byte	16
 162 0086 06       		.byte	6
 163 0087 02       		.byte	2
 164 0088 07       		.byte	7
 165 0089 10       		.byte	16
 166 008a 09       		.byte	9
 167 008b 40       		.byte	64
 168 008c 0A       		.byte	10
 169 008d 48       		.byte	72
 170 008e 0D       		.byte	13
 171 008f 1A       		.byte	26
ARM GAS  C:\Users\Zachary\AppData\Local\Temp\ccnxQXdS.s 			page 4


 172 0090 10       		.byte	16
 173 0091 88       		.byte	-120
 174 0092 11       		.byte	17
 175 0093 40       		.byte	64
 176 0094 13       		.byte	19
 177 0095 04       		.byte	4
 178 0096 15       		.byte	21
 179 0097 02       		.byte	2
 180 0098 16       		.byte	22
 181 0099 08       		.byte	8
 182 009a 17       		.byte	23
 183 009b 48       		.byte	72
 184 009c 18       		.byte	24
 185 009d 02       		.byte	2
 186 009e 19       		.byte	25
 187 009f 80       		.byte	-128
 188 00a0 1C       		.byte	28
 189 00a1 50       		.byte	80
 190 00a2 1D       		.byte	29
 191 00a3 78       		.byte	120
 192 00a4 1E       		.byte	30
 193 00a5 08       		.byte	8
 194 00a6 24       		.byte	36
 195 00a7 08       		.byte	8
 196 00a8 25       		.byte	37
 197 00a9 50       		.byte	80
 198 00aa 26       		.byte	38
 199 00ab 80       		.byte	-128
 200 00ac 27       		.byte	39
 201 00ad 40       		.byte	64
 202 00ae 28       		.byte	40
 203 00af 20       		.byte	32
 204 00b0 2B       		.byte	43
 205 00b1 10       		.byte	16
 206 00b2 2D       		.byte	45
 207 00b3 85       		.byte	-123
 208 00b4 2F       		.byte	47
 209 00b5 08       		.byte	8
 210 00b6 36       		.byte	54
 211 00b7 84       		.byte	-124
 212 00b8 37       		.byte	55
 213 00b9 12       		.byte	18
 214 00ba 3C       		.byte	60
 215 00bb 18       		.byte	24
 216 00bc 3E       		.byte	62
 217 00bd 42       		.byte	66
 218 00be 45       		.byte	69
 219 00bf 28       		.byte	40
 220 00c0 4C       		.byte	76
 221 00c1 04       		.byte	4
 222 00c2 4D       		.byte	77
 223 00c3 08       		.byte	8
 224 00c4 4F       		.byte	79
 225 00c5 01       		.byte	1
 226 00c6 56       		.byte	86
 227 00c7 0A       		.byte	10
 228 00c8 57       		.byte	87
ARM GAS  C:\Users\Zachary\AppData\Local\Temp\ccnxQXdS.s 			page 5


 229 00c9 18       		.byte	24
 230 00ca 5C       		.byte	92
 231 00cb 60       		.byte	96
 232 00cc 5D       		.byte	93
 233 00cd 08       		.byte	8
 234 00ce 60       		.byte	96
 235 00cf 08       		.byte	8
 236 00d0 68       		.byte	104
 237 00d1 04       		.byte	4
 238 00d2 69       		.byte	105
 239 00d3 73       		.byte	115
 240 00d4 6A       		.byte	106
 241 00d5 08       		.byte	8
 242 00d6 6B       		.byte	107
 243 00d7 11       		.byte	17
 244 00d8 6D       		.byte	109
 245 00d9 04       		.byte	4
 246 00da 6E       		.byte	110
 247 00db 40       		.byte	64
 248 00dc 70       		.byte	112
 249 00dd 88       		.byte	-120
 250 00de 73       		.byte	115
 251 00df 0C       		.byte	12
 252 00e0 78       		.byte	120
 253 00e1 08       		.byte	8
 254 00e2 79       		.byte	121
 255 00e3 04       		.byte	4
 256 00e4 88       		.byte	-120
 257 00e5 20       		.byte	32
 258 00e6 C0       		.byte	-64
 259 00e7 FF       		.byte	-1
 260 00e8 C2       		.byte	-62
 261 00e9 7B       		.byte	123
 262 00ea C4       		.byte	-60
 263 00eb FF       		.byte	-1
 264 00ec CA       		.byte	-54
 265 00ed F0       		.byte	-16
 266 00ee CC       		.byte	-52
 267 00ef F0       		.byte	-16
 268 00f0 CE       		.byte	-50
 269 00f1 F0       		.byte	-16
 270 00f2 D0       		.byte	-48
 271 00f3 60       		.byte	96
 272 00f4 D2       		.byte	-46
 273 00f5 20       		.byte	32
 274 00f6 D6       		.byte	-42
 275 00f7 70       		.byte	112
 276 00f8 D8       		.byte	-40
 277 00f9 04       		.byte	4
 278 00fa E2       		.byte	-30
 279 00fb 80       		.byte	-128
 280 00fc 00       		.byte	0
 281 00fd 08       		.byte	8
 282 00fe 02       		.byte	2
 283 00ff C0       		.byte	-64
 284 0100 03       		.byte	3
 285 0101 02       		.byte	2
ARM GAS  C:\Users\Zachary\AppData\Local\Temp\ccnxQXdS.s 			page 6


 286 0102 04       		.byte	4
 287 0103 10       		.byte	16
 288 0104 06       		.byte	6
 289 0105 C0       		.byte	-64
 290 0106 08       		.byte	8
 291 0107 C0       		.byte	-64
 292 0108 0A       		.byte	10
 293 0109 20       		.byte	32
 294 010a 0B       		.byte	11
 295 010b 08       		.byte	8
 296 010c 0C       		.byte	12
 297 010d 04       		.byte	4
 298 010e 0E       		.byte	14
 299 010f C0       		.byte	-64
 300 0110 11       		.byte	17
 301 0111 01       		.byte	1
 302 0112 12       		.byte	18
 303 0113 BF       		.byte	-65
 304 0114 13       		.byte	19
 305 0115 02       		.byte	2
 306 0116 15       		.byte	21
 307 0117 10       		.byte	16
 308 0118 16       		.byte	22
 309 0119 40       		.byte	64
 310 011a 1A       		.byte	26
 311 011b 3F       		.byte	63
 312 011c 1B       		.byte	27
 313 011d 01       		.byte	1
 314 011e 1D       		.byte	29
 315 011f 10       		.byte	16
 316 0120 20       		.byte	32
 317 0121 FF       		.byte	-1
 318 0122 24       		.byte	36
 319 0123 02       		.byte	2
 320 0124 26       		.byte	38
 321 0125 C0       		.byte	-64
 322 0126 27       		.byte	39
 323 0127 04       		.byte	4
 324 0128 28       		.byte	40
 325 0129 C0       		.byte	-64
 326 012a 29       		.byte	41
 327 012b 20       		.byte	32
 328 012c 2A       		.byte	42
 329 012d 01       		.byte	1
 330 012e 2C       		.byte	44
 331 012f 80       		.byte	-128
 332 0130 2D       		.byte	45
 333 0131 04       		.byte	4
 334 0132 2E       		.byte	46
 335 0133 40       		.byte	64
 336 0134 2F       		.byte	47
 337 0135 08       		.byte	8
 338 0136 30       		.byte	48
 339 0137 FF       		.byte	-1
 340 0138 31       		.byte	49
 341 0139 10       		.byte	16
 342 013a 33       		.byte	51
ARM GAS  C:\Users\Zachary\AppData\Local\Temp\ccnxQXdS.s 			page 7


 343 013b 0C       		.byte	12
 344 013c 35       		.byte	53
 345 013d 03       		.byte	3
 346 013e 37       		.byte	55
 347 013f 20       		.byte	32
 348 0140 56       		.byte	86
 349 0141 02       		.byte	2
 350 0142 57       		.byte	87
 351 0143 24       		.byte	36
 352 0144 58       		.byte	88
 353 0145 04       		.byte	4
 354 0146 59       		.byte	89
 355 0147 04       		.byte	4
 356 0148 5B       		.byte	91
 357 0149 04       		.byte	4
 358 014a 5F       		.byte	95
 359 014b 01       		.byte	1
 360 014c 80       		.byte	-128
 361 014d DB       		.byte	-37
 362 014e 82       		.byte	-126
 363 014f 24       		.byte	36
 364 0150 83       		.byte	-125
 365 0151 01       		.byte	1
 366 0152 84       		.byte	-124
 367 0153 BF       		.byte	-65
 368 0154 86       		.byte	-122
 369 0155 40       		.byte	64
 370 0156 87       		.byte	-121
 371 0157 01       		.byte	1
 372 0158 88       		.byte	-120
 373 0159 1B       		.byte	27
 374 015a 89       		.byte	-119
 375 015b 01       		.byte	1
 376 015c 8A       		.byte	-118
 377 015d A4       		.byte	-92
 378 015e 8C       		.byte	-116
 379 015f 11       		.byte	17
 380 0160 8E       		.byte	-114
 381 0161 0A       		.byte	10
 382 0162 8F       		.byte	-113
 383 0163 08       		.byte	8
 384 0164 92       		.byte	-110
 385 0165 1B       		.byte	27
 386 0166 93       		.byte	-109
 387 0167 0F       		.byte	15
 388 0168 95       		.byte	-107
 389 0169 03       		.byte	3
 390 016a 96       		.byte	-106
 391 016b 1B       		.byte	27
 392 016c 97       		.byte	-105
 393 016d 04       		.byte	4
 394 016e 9E       		.byte	-98
 395 016f 1F       		.byte	31
 396 0170 A4       		.byte	-92
 397 0171 09       		.byte	9
 398 0172 A5       		.byte	-91
 399 0173 04       		.byte	4
ARM GAS  C:\Users\Zachary\AppData\Local\Temp\ccnxQXdS.s 			page 8


 400 0174 A6       		.byte	-90
 401 0175 12       		.byte	18
 402 0176 A7       		.byte	-89
 403 0177 02       		.byte	2
 404 0178 A8       		.byte	-88
 405 0179 1B       		.byte	27
 406 017a B0       		.byte	-80
 407 017b 60       		.byte	96
 408 017c B2       		.byte	-78
 409 017d 07       		.byte	7
 410 017e B4       		.byte	-76
 411 017f 1C       		.byte	28
 412 0180 B6       		.byte	-74
 413 0181 80       		.byte	-128
 414 0182 B7       		.byte	-73
 415 0183 0F       		.byte	15
 416 0184 B9       		.byte	-71
 417 0185 80       		.byte	-128
 418 0186 C0       		.byte	-64
 419 0187 21       		.byte	33
 420 0188 C1       		.byte	-63
 421 0189 03       		.byte	3
 422 018a C2       		.byte	-62
 423 018b 54       		.byte	84
 424 018c C4       		.byte	-60
 425 018d 06       		.byte	6
 426 018e C5       		.byte	-59
 427 018f DF       		.byte	-33
 428 0190 C6       		.byte	-58
 429 0191 0C       		.byte	12
 430 0192 C7       		.byte	-57
 431 0193 0E       		.byte	14
 432 0194 C8       		.byte	-56
 433 0195 17       		.byte	23
 434 0196 C9       		.byte	-55
 435 0197 FF       		.byte	-1
 436 0198 CA       		.byte	-54
 437 0199 FF       		.byte	-1
 438 019a CB       		.byte	-53
 439 019b FF       		.byte	-1
 440 019c CC       		.byte	-52
 441 019d 02       		.byte	2
 442 019e CD       		.byte	-51
 443 019f 20       		.byte	32
 444 01a0 CF       		.byte	-49
 445 01a1 05       		.byte	5
 446 01a2 D0       		.byte	-48
 447 01a3 04       		.byte	4
 448 01a4 D8       		.byte	-40
 449 01a5 04       		.byte	4
 450 01a6 D9       		.byte	-39
 451 01a7 04       		.byte	4
 452 01a8 DA       		.byte	-38
 453 01a9 04       		.byte	4
 454 01aa DF       		.byte	-33
 455 01ab 01       		.byte	1
 456 01ac E2       		.byte	-30
ARM GAS  C:\Users\Zachary\AppData\Local\Temp\ccnxQXdS.s 			page 9


 457 01ad 40       		.byte	64
 458 01ae E3       		.byte	-29
 459 01af 01       		.byte	1
 460 01b0 E4       		.byte	-28
 461 01b1 40       		.byte	64
 462 01b2 E5       		.byte	-27
 463 01b3 01       		.byte	1
 464 01b4 E6       		.byte	-26
 465 01b5 50       		.byte	80
 466 01b6 E7       		.byte	-25
 467 01b7 01       		.byte	1
 468 01b8 E8       		.byte	-24
 469 01b9 40       		.byte	64
 470 01ba E9       		.byte	-23
 471 01bb 01       		.byte	1
 472 01bc EA       		.byte	-22
 473 01bd 70       		.byte	112
 474 01be EB       		.byte	-21
 475 01bf 10       		.byte	16
 476 01c0 EC       		.byte	-20
 477 01c1 40       		.byte	64
 478 01c2 ED       		.byte	-19
 479 01c3 10       		.byte	16
 480 01c4 00       		.byte	0
 481 01c5 86       		.byte	-122
 482 01c6 03       		.byte	3
 483 01c7 08       		.byte	8
 484 01c8 07       		.byte	7
 485 01c9 56       		.byte	86
 486 01ca 09       		.byte	9
 487 01cb 05       		.byte	5
 488 01cc 0B       		.byte	11
 489 01cd 02       		.byte	2
 490 01ce 0D       		.byte	13
 491 01cf 02       		.byte	2
 492 01d0 0E       		.byte	14
 493 01d1 14       		.byte	20
 494 01d2 11       		.byte	17
 495 01d3 10       		.byte	16
 496 01d4 13       		.byte	19
 497 01d5 08       		.byte	8
 498 01d6 15       		.byte	21
 499 01d7 42       		.byte	66
 500 01d8 17       		.byte	23
 501 01d9 28       		.byte	40
 502 01da 18       		.byte	24
 503 01db 04       		.byte	4
 504 01dc 19       		.byte	25
 505 01dd 40       		.byte	64
 506 01de 1B       		.byte	27
 507 01df 1B       		.byte	27
 508 01e0 1D       		.byte	29
 509 01e1 02       		.byte	2
 510 01e2 1F       		.byte	31
 511 01e3 01       		.byte	1
 512 01e4 20       		.byte	32
 513 01e5 02       		.byte	2
ARM GAS  C:\Users\Zachary\AppData\Local\Temp\ccnxQXdS.s 			page 10


 514 01e6 21       		.byte	33
 515 01e7 40       		.byte	64
 516 01e8 24       		.byte	36
 517 01e9 50       		.byte	80
 518 01ea 26       		.byte	38
 519 01eb A4       		.byte	-92
 520 01ec 2B       		.byte	43
 521 01ed 10       		.byte	16
 522 01ee 2D       		.byte	45
 523 01ef 40       		.byte	64
 524 01f0 2F       		.byte	47
 525 01f1 14       		.byte	20
 526 01f2 31       		.byte	49
 527 01f3 02       		.byte	2
 528 01f4 33       		.byte	51
 529 01f5 08       		.byte	8
 530 01f6 36       		.byte	54
 531 01f7 A0       		.byte	-96
 532 01f8 37       		.byte	55
 533 01f9 09       		.byte	9
 534 01fa 39       		.byte	57
 535 01fb 95       		.byte	-107
 536 01fc 3C       		.byte	60
 537 01fd 10       		.byte	16
 538 01fe 3F       		.byte	63
 539 01ff 01       		.byte	1
 540 0200 40       		.byte	64
 541 0201 04       		.byte	4
 542 0202 41       		.byte	65
 543 0203 40       		.byte	64
 544 0204 43       		.byte	67
 545 0205 0A       		.byte	10
 546 0206 49       		.byte	73
 547 0207 45       		.byte	69
 548 0208 4A       		.byte	74
 549 0209 04       		.byte	4
 550 020a 50       		.byte	80
 551 020b 40       		.byte	64
 552 020c 52       		.byte	82
 553 020d 04       		.byte	4
 554 020e 60       		.byte	96
 555 020f 20       		.byte	32
 556 0210 62       		.byte	98
 557 0211 04       		.byte	4
 558 0212 67       		.byte	103
 559 0213 08       		.byte	8
 560 0214 6D       		.byte	109
 561 0215 5F       		.byte	95
 562 0216 6F       		.byte	111
 563 0217 54       		.byte	84
 564 0218 74       		.byte	116
 565 0219 40       		.byte	64
 566 021a 77       		.byte	119
 567 021b 2A       		.byte	42
 568 021c 81       		.byte	-127
 569 021d 40       		.byte	64
 570 021e 82       		.byte	-126
ARM GAS  C:\Users\Zachary\AppData\Local\Temp\ccnxQXdS.s 			page 11


 571 021f 04       		.byte	4
 572 0220 87       		.byte	-121
 573 0221 10       		.byte	16
 574 0222 8C       		.byte	-116
 575 0223 40       		.byte	64
 576 0224 8D       		.byte	-115
 577 0225 04       		.byte	4
 578 0226 93       		.byte	-109
 579 0227 01       		.byte	1
 580 0228 9B       		.byte	-101
 581 0229 01       		.byte	1
 582 022a A6       		.byte	-90
 583 022b 20       		.byte	32
 584 022c A8       		.byte	-88
 585 022d 04       		.byte	4
 586 022e A9       		.byte	-87
 587 022f 1A       		.byte	26
 588 0230 AB       		.byte	-85
 589 0231 02       		.byte	2
 590 0232 AD       		.byte	-83
 591 0233 40       		.byte	64
 592 0234 AF       		.byte	-81
 593 0235 01       		.byte	1
 594 0236 B2       		.byte	-78
 595 0237 20       		.byte	32
 596 0238 C0       		.byte	-64
 597 0239 FF       		.byte	-1
 598 023a C2       		.byte	-62
 599 023b 7D       		.byte	125
 600 023c C4       		.byte	-60
 601 023d F6       		.byte	-10
 602 023e CA       		.byte	-54
 603 023f 72       		.byte	114
 604 0240 CC       		.byte	-52
 605 0241 F3       		.byte	-13
 606 0242 CE       		.byte	-50
 607 0243 AF       		.byte	-81
 608 0244 D0       		.byte	-48
 609 0245 0F       		.byte	15
 610 0246 D2       		.byte	-46
 611 0247 0C       		.byte	12
 612 0248 D8       		.byte	-40
 613 0249 20       		.byte	32
 614 024a E2       		.byte	-30
 615 024b 50       		.byte	80
 616 024c EA       		.byte	-22
 617 024d 20       		.byte	32
 618 024e 04       		.byte	4
 619 024f 4C       		.byte	76
 620 0250 06       		.byte	6
 621 0251 13       		.byte	19
 622 0252 0A       		.byte	10
 623 0253 4C       		.byte	76
 624 0254 0B       		.byte	11
 625 0255 07       		.byte	7
 626 0256 0C       		.byte	12
 627 0257 11       		.byte	17
ARM GAS  C:\Users\Zachary\AppData\Local\Temp\ccnxQXdS.s 			page 12


 628 0258 0E       		.byte	14
 629 0259 0E       		.byte	14
 630 025a 0F       		.byte	15
 631 025b 09       		.byte	9
 632 025c 13       		.byte	19
 633 025d 04       		.byte	4
 634 025e 18       		.byte	24
 635 025f 11       		.byte	17
 636 0260 1A       		.byte	26
 637 0261 46       		.byte	70
 638 0262 1F       		.byte	31
 639 0263 12       		.byte	18
 640 0264 23       		.byte	35
 641 0265 12       		.byte	18
 642 0266 24       		.byte	36
 643 0267 20       		.byte	32
 644 0268 26       		.byte	38
 645 0269 03       		.byte	3
 646 026a 2A       		.byte	42
 647 026b 08       		.byte	8
 648 026c 2F       		.byte	47
 649 026d 09       		.byte	9
 650 026e 31       		.byte	49
 651 026f 07       		.byte	7
 652 0270 32       		.byte	50
 653 0271 30       		.byte	48
 654 0272 34       		.byte	52
 655 0273 0F       		.byte	15
 656 0274 36       		.byte	54
 657 0275 4A       		.byte	74
 658 0276 37       		.byte	55
 659 0277 18       		.byte	24
 660 0278 38       		.byte	56
 661 0279 08       		.byte	8
 662 027a 3A       		.byte	58
 663 027b A0       		.byte	-96
 664 027c 3F       		.byte	63
 665 027d 40       		.byte	64
 666 027e 40       		.byte	64
 667 027f 04       		.byte	4
 668 0280 47       		.byte	71
 669 0281 04       		.byte	4
 670 0282 49       		.byte	73
 671 0283 FF       		.byte	-1
 672 0284 4A       		.byte	74
 673 0285 07       		.byte	7
 674 0286 4B       		.byte	75
 675 0287 FF       		.byte	-1
 676 0288 4C       		.byte	76
 677 0289 40       		.byte	64
 678 028a 4D       		.byte	77
 679 028b 20       		.byte	32
 680 028c 4E       		.byte	78
 681 028d F0       		.byte	-16
 682 028e 4F       		.byte	79
 683 028f 05       		.byte	5
 684 0290 50       		.byte	80
ARM GAS  C:\Users\Zachary\AppData\Local\Temp\ccnxQXdS.s 			page 13


 685 0291 08       		.byte	8
 686 0292 52       		.byte	82
 687 0293 06       		.byte	6
 688 0294 54       		.byte	84
 689 0295 01       		.byte	1
 690 0296 58       		.byte	88
 691 0297 04       		.byte	4
 692 0298 59       		.byte	89
 693 0299 04       		.byte	4
 694 029a 5A       		.byte	90
 695 029b 04       		.byte	4
 696 029c 5B       		.byte	91
 697 029d 04       		.byte	4
 698 029e 5C       		.byte	92
 699 029f 01       		.byte	1
 700 02a0 5D       		.byte	93
 701 02a1 01       		.byte	1
 702 02a2 5F       		.byte	95
 703 02a3 01       		.byte	1
 704 02a4 60       		.byte	96
 705 02a5 40       		.byte	64
 706 02a6 61       		.byte	97
 707 02a7 A8       		.byte	-88
 708 02a8 62       		.byte	98
 709 02a9 40       		.byte	64
 710 02aa 63       		.byte	99
 711 02ab 20       		.byte	32
 712 02ac 80       		.byte	-128
 713 02ad 0C       		.byte	12
 714 02ae 82       		.byte	-126
 715 02af 11       		.byte	17
 716 02b0 84       		.byte	-124
 717 02b1 09       		.byte	9
 718 02b2 86       		.byte	-122
 719 02b3 10       		.byte	16
 720 02b4 87       		.byte	-121
 721 02b5 55       		.byte	85
 722 02b6 88       		.byte	-120
 723 02b7 1C       		.byte	28
 724 02b8 8A       		.byte	-118
 725 02b9 02       		.byte	2
 726 02ba 8D       		.byte	-115
 727 02bb 03       		.byte	3
 728 02bc 8F       		.byte	-113
 729 02bd 44       		.byte	68
 730 02be 91       		.byte	-111
 731 02bf 80       		.byte	-128
 732 02c0 92       		.byte	-110
 733 02c1 03       		.byte	3
 734 02c2 98       		.byte	-104
 735 02c3 10       		.byte	16
 736 02c4 99       		.byte	-103
 737 02c5 73       		.byte	115
 738 02c6 9A       		.byte	-102
 739 02c7 0C       		.byte	12
 740 02c8 9B       		.byte	-101
 741 02c9 0C       		.byte	12
ARM GAS  C:\Users\Zachary\AppData\Local\Temp\ccnxQXdS.s 			page 14


 742 02ca A0       		.byte	-96
 743 02cb 20       		.byte	32
 744 02cc A4       		.byte	-92
 745 02cd 10       		.byte	16
 746 02ce A5       		.byte	-91
 747 02cf 2A       		.byte	42
 748 02d0 A7       		.byte	-89
 749 02d1 44       		.byte	68
 750 02d2 A8       		.byte	-88
 751 02d3 14       		.byte	20
 752 02d4 AB       		.byte	-85
 753 02d5 08       		.byte	8
 754 02d6 AD       		.byte	-83
 755 02d7 73       		.byte	115
 756 02d8 AF       		.byte	-81
 757 02d9 04       		.byte	4
 758 02da B0       		.byte	-80
 759 02db 1F       		.byte	31
 760 02dc B1       		.byte	-79
 761 02dd 30       		.byte	48
 762 02de B3       		.byte	-77
 763 02df 80       		.byte	-128
 764 02e0 B4       		.byte	-76
 765 02e1 20       		.byte	32
 766 02e2 B5       		.byte	-75
 767 02e3 0F       		.byte	15
 768 02e4 B7       		.byte	-73
 769 02e5 40       		.byte	64
 770 02e6 B9       		.byte	-71
 771 02e7 02       		.byte	2
 772 02e8 BB       		.byte	-69
 773 02e9 20       		.byte	32
 774 02ea BE       		.byte	-66
 775 02eb 10       		.byte	16
 776 02ec BF       		.byte	-65
 777 02ed 45       		.byte	69
 778 02ee C0       		.byte	-64
 779 02ef 23       		.byte	35
 780 02f0 C1       		.byte	-63
 781 02f1 05       		.byte	5
 782 02f2 C5       		.byte	-59
 783 02f3 E0       		.byte	-32
 784 02f4 C6       		.byte	-58
 785 02f5 0C       		.byte	12
 786 02f6 C7       		.byte	-57
 787 02f7 0B       		.byte	11
 788 02f8 C8       		.byte	-56
 789 02f9 16       		.byte	22
 790 02fa C9       		.byte	-55
 791 02fb FF       		.byte	-1
 792 02fc CA       		.byte	-54
 793 02fd FF       		.byte	-1
 794 02fe CB       		.byte	-53
 795 02ff FF       		.byte	-1
 796 0300 CE       		.byte	-50
 797 0301 F0       		.byte	-16
 798 0302 CF       		.byte	-49
ARM GAS  C:\Users\Zachary\AppData\Local\Temp\ccnxQXdS.s 			page 15


 799 0303 44       		.byte	68
 800 0304 D0       		.byte	-48
 801 0305 0C       		.byte	12
 802 0306 D4       		.byte	-44
 803 0307 01       		.byte	1
 804 0308 D8       		.byte	-40
 805 0309 04       		.byte	4
 806 030a D9       		.byte	-39
 807 030b 04       		.byte	4
 808 030c DA       		.byte	-38
 809 030d 04       		.byte	4
 810 030e DB       		.byte	-37
 811 030f 04       		.byte	4
 812 0310 DC       		.byte	-36
 813 0311 11       		.byte	17
 814 0312 DD       		.byte	-35
 815 0313 11       		.byte	17
 816 0314 DF       		.byte	-33
 817 0315 01       		.byte	1
 818 0316 E6       		.byte	-26
 819 0317 C0       		.byte	-64
 820 0318 EA       		.byte	-22
 821 0319 40       		.byte	64
 822 031a EB       		.byte	-21
 823 031b 02       		.byte	2
 824 031c 01       		.byte	1
 825 031d 80       		.byte	-128
 826 031e 03       		.byte	3
 827 031f 28       		.byte	40
 828 0320 04       		.byte	4
 829 0321 02       		.byte	2
 830 0322 05       		.byte	5
 831 0323 18       		.byte	24
 832 0324 09       		.byte	9
 833 0325 20       		.byte	32
 834 0326 0C       		.byte	12
 835 0327 01       		.byte	1
 836 0328 0D       		.byte	13
 837 0329 20       		.byte	32
 838 032a 0E       		.byte	14
 839 032b 40       		.byte	64
 840 032c 10       		.byte	16
 841 032d 08       		.byte	8
 842 032e 12       		.byte	18
 843 032f 10       		.byte	16
 844 0330 15       		.byte	21
 845 0331 09       		.byte	9
 846 0332 16       		.byte	22
 847 0333 08       		.byte	8
 848 0334 18       		.byte	24
 849 0335 02       		.byte	2
 850 0336 19       		.byte	25
 851 0337 98       		.byte	-104
 852 0338 1B       		.byte	27
 853 0339 28       		.byte	40
 854 033a 1E       		.byte	30
 855 033b 48       		.byte	72
ARM GAS  C:\Users\Zachary\AppData\Local\Temp\ccnxQXdS.s 			page 16


 856 033c 21       		.byte	33
 857 033d 03       		.byte	3
 858 033e 22       		.byte	34
 859 033f 40       		.byte	64
 860 0340 24       		.byte	36
 861 0341 40       		.byte	64
 862 0342 25       		.byte	37
 863 0343 20       		.byte	32
 864 0344 26       		.byte	38
 865 0345 60       		.byte	96
 866 0346 27       		.byte	39
 867 0347 20       		.byte	32
 868 0348 29       		.byte	41
 869 0349 01       		.byte	1
 870 034a 2B       		.byte	43
 871 034b 01       		.byte	1
 872 034c 2D       		.byte	45
 873 034d 80       		.byte	-128
 874 034e 2F       		.byte	47
 875 034f 28       		.byte	40
 876 0350 31       		.byte	49
 877 0351 42       		.byte	66
 878 0352 34       		.byte	52
 879 0353 01       		.byte	1
 880 0354 36       		.byte	54
 881 0355 20       		.byte	32
 882 0356 38       		.byte	56
 883 0357 80       		.byte	-128
 884 0358 39       		.byte	57
 885 0359 10       		.byte	16
 886 035a 3F       		.byte	63
 887 035b 84       		.byte	-124
 888 035c 40       		.byte	64
 889 035d 40       		.byte	64
 890 035e 45       		.byte	69
 891 035f 20       		.byte	32
 892 0360 46       		.byte	70
 893 0361 10       		.byte	16
 894 0362 4B       		.byte	75
 895 0363 04       		.byte	4
 896 0364 4D       		.byte	77
 897 0365 81       		.byte	-127
 898 0366 50       		.byte	80
 899 0367 08       		.byte	8
 900 0368 51       		.byte	81
 901 0369 04       		.byte	4
 902 036a 52       		.byte	82
 903 036b 10       		.byte	16
 904 036c 54       		.byte	84
 905 036d 80       		.byte	-128
 906 036e 56       		.byte	86
 907 036f 08       		.byte	8
 908 0370 57       		.byte	87
 909 0371 40       		.byte	64
 910 0372 58       		.byte	88
 911 0373 20       		.byte	32
 912 0374 59       		.byte	89
ARM GAS  C:\Users\Zachary\AppData\Local\Temp\ccnxQXdS.s 			page 17


 913 0375 04       		.byte	4
 914 0376 5A       		.byte	90
 915 0377 80       		.byte	-128
 916 0378 5D       		.byte	93
 917 0379 01       		.byte	1
 918 037a 5E       		.byte	94
 919 037b 88       		.byte	-120
 920 037c 5F       		.byte	95
 921 037d 10       		.byte	16
 922 037e 69       		.byte	105
 923 037f 10       		.byte	16
 924 0380 6A       		.byte	106
 925 0381 1C       		.byte	28
 926 0382 7E       		.byte	126
 927 0383 04       		.byte	4
 928 0384 7F       		.byte	127
 929 0385 04       		.byte	4
 930 0386 90       		.byte	-112
 931 0387 80       		.byte	-128
 932 0388 95       		.byte	-107
 933 0389 02       		.byte	2
 934 038a 96       		.byte	-106
 935 038b 14       		.byte	20
 936 038c 97       		.byte	-105
 937 038d 08       		.byte	8
 938 038e 98       		.byte	-104
 939 038f 20       		.byte	32
 940 0390 99       		.byte	-103
 941 0391 45       		.byte	69
 942 0392 A3       		.byte	-93
 943 0393 01       		.byte	1
 944 0394 C0       		.byte	-64
 945 0395 77       		.byte	119
 946 0396 C2       		.byte	-62
 947 0397 52       		.byte	82
 948 0398 C4       		.byte	-60
 949 0399 76       		.byte	118
 950 039a CA       		.byte	-54
 951 039b 79       		.byte	121
 952 039c CC       		.byte	-52
 953 039d A9       		.byte	-87
 954 039e CE       		.byte	-50
 955 039f 5C       		.byte	92
 956 03a0 D0       		.byte	-48
 957 03a1 61       		.byte	97
 958 03a2 D2       		.byte	-46
 959 03a3 10       		.byte	16
 960 03a4 D6       		.byte	-42
 961 03a5 FE       		.byte	-2
 962 03a6 83       		.byte	-125
 963 03a7 20       		.byte	32
 964 03a8 9B       		.byte	-101
 965 03a9 20       		.byte	32
 966 03aa B0       		.byte	-80
 967 03ab 80       		.byte	-128
 968 03ac B3       		.byte	-77
 969 03ad 10       		.byte	16
ARM GAS  C:\Users\Zachary\AppData\Local\Temp\ccnxQXdS.s 			page 18


 970 03ae E0       		.byte	-32
 971 03af 01       		.byte	1
 972 03b0 E0       		.byte	-32
 973 03b1 01       		.byte	1
 974 03b2 0F       		.byte	15
 975 03b3 40       		.byte	64
 976 03b4 38       		.byte	56
 977 03b5 01       		.byte	1
 978 03b6 3F       		.byte	63
 979 03b7 22       		.byte	34
 980 03b8 40       		.byte	64
 981 03b9 08       		.byte	8
 982 03ba 52       		.byte	82
 983 03bb 80       		.byte	-128
 984 03bc 53       		.byte	83
 985 03bd 01       		.byte	1
 986 03be 56       		.byte	86
 987 03bf 08       		.byte	8
 988 03c0 5F       		.byte	95
 989 03c1 80       		.byte	-128
 990 03c2 66       		.byte	102
 991 03c3 02       		.byte	2
 992 03c4 8B       		.byte	-117
 993 03c5 01       		.byte	1
 994 03c6 C2       		.byte	-62
 995 03c7 20       		.byte	32
 996 03c8 CE       		.byte	-50
 997 03c9 E0       		.byte	-32
 998 03ca D0       		.byte	-48
 999 03cb 10       		.byte	16
 1000 03cc D4       		.byte	-44
 1001 03cd E0       		.byte	-32
 1002 03ce D6       		.byte	-42
 1003 03cf 20       		.byte	32
 1004 03d0 D8       		.byte	-40
 1005 03d1 80       		.byte	-128
 1006 03d2 80       		.byte	-128
 1007 03d3 01       		.byte	1
 1008 03d4 83       		.byte	-125
 1009 03d5 01       		.byte	1
 1010 03d6 87       		.byte	-121
 1011 03d7 40       		.byte	64
 1012 03d8 8E       		.byte	-114
 1013 03d9 02       		.byte	2
 1014 03da 8F       		.byte	-113
 1015 03db 10       		.byte	16
 1016 03dc 93       		.byte	-109
 1017 03dd 40       		.byte	64
 1018 03de 94       		.byte	-108
 1019 03df 01       		.byte	1
 1020 03e0 97       		.byte	-105
 1021 03e1 02       		.byte	2
 1022 03e2 9E       		.byte	-98
 1023 03e3 02       		.byte	2
 1024 03e4 A7       		.byte	-89
 1025 03e5 10       		.byte	16
 1026 03e6 A8       		.byte	-88
ARM GAS  C:\Users\Zachary\AppData\Local\Temp\ccnxQXdS.s 			page 19


 1027 03e7 08       		.byte	8
 1028 03e8 AE       		.byte	-82
 1029 03e9 80       		.byte	-128
 1030 03ea AF       		.byte	-81
 1031 03eb 80       		.byte	-128
 1032 03ec B2       		.byte	-78
 1033 03ed 08       		.byte	8
 1034 03ee E2       		.byte	-30
 1035 03ef 80       		.byte	-128
 1036 03f0 E4       		.byte	-28
 1037 03f1 40       		.byte	64
 1038 03f2 E6       		.byte	-26
 1039 03f3 20       		.byte	32
 1040 03f4 EA       		.byte	-22
 1041 03f5 40       		.byte	64
 1042 03f6 EE       		.byte	-18
 1043 03f7 30       		.byte	48
 1044 03f8 83       		.byte	-125
 1045 03f9 20       		.byte	32
 1046 03fa 9B       		.byte	-101
 1047 03fb 20       		.byte	32
 1048 03fc 5B       		.byte	91
 1049 03fd 20       		.byte	32
 1050 03fe 9B       		.byte	-101
 1051 03ff 20       		.byte	32
 1052 0400 D4       		.byte	-44
 1053 0401 01       		.byte	1
 1054 0402 00       		.byte	0
 1055 0403 03       		.byte	3
 1056 0404 08       		.byte	8
 1057 0405 01       		.byte	1
 1058 0406 0A       		.byte	10
 1059 0407 03       		.byte	3
 1060 0408 10       		.byte	16
 1061 0409 55       		.byte	85
 1062 040a 00       		.byte	0
 1063 040b 00       		.byte	0
 1064 040c 02       		.byte	2
 1065 040d 00       		.byte	0
 1066 040e 00       		.byte	0
 1067 040f 20       		.byte	32
 1068 0410 00       		.byte	0
 1069 0411 00       		.byte	0
 1070 0412 21       		.byte	33
 1071 0413 01       		.byte	1
 1072 0414 35       		.byte	53
 1073 0415 23       		.byte	35
 1074 0416 48       		.byte	72
 1075 0417 44       		.byte	68
 1076 0418 00       		.byte	0
 1077 0419 00       		.byte	0
 1078 041a 08       		.byte	8
 1079 041b 70       		.byte	112
 1080 041c 3D       		.byte	61
 1081 041d 60       		.byte	96
 1082 041e 40       		.byte	64
 1083 041f 08       		.byte	8
ARM GAS  C:\Users\Zachary\AppData\Local\Temp\ccnxQXdS.s 			page 20


 1084 0420 08       		.byte	8
 1085 0421 44       		.byte	68
 1086 0422 54       		.byte	84
 1087 0423 22       		.byte	34
 1088 0424 00       		.byte	0
 1089 0425 00       		.byte	0
 1090 0426 21       		.byte	33
 1091 0427 01       		.byte	1
 1092 0428 00       		.byte	0
 1093 0429 00       		.byte	0
 1094 042a 00       		.byte	0
 1095 042b 10       		.byte	16
 1096 042c 00       		.byte	0
 1097 042d 00       		.byte	0
 1098 042e 21       		.byte	33
 1099 042f 01       		.byte	1
 1100 0430 81       		.byte	-127
 1101 0431 80       		.byte	-128
 1102 0432 20       		.byte	32
 1103 0433 00       		.byte	0
 1104 0434 00       		.byte	0
 1105 0435 00       		.byte	0
 1106 0436 10       		.byte	16
 1107 0437 40       		.byte	64
 1108 0438 80       		.byte	-128
 1109 0439 00       		.byte	0
 1110 043a 00       		.byte	0
 1111 043b 0F       		.byte	15
 1112 043c 18       		.byte	24
 1113 043d 80       		.byte	-128
 1114 043e 07       		.byte	7
 1115 043f 00       		.byte	0
 1116 0440 66       		.byte	102
 1117 0441 0F       		.byte	15
 1118 0442 80       		.byte	-128
 1119 0443 70       		.byte	112
 1120 0444 00       		.byte	0
 1121 0445 20       		.byte	32
 1122 0446 00       		.byte	0
 1123 0447 00       		.byte	0
 1124 0448 00       		.byte	0
 1125 0449 00       		.byte	0
 1126 044a 01       		.byte	1
 1127 044b 00       		.byte	0
 1128 044c 62       		.byte	98
 1129 044d 03       		.byte	3
 1130 044e 00       		.byte	0
 1131 044f 00       		.byte	0
 1132 0450 00       		.byte	0
 1133 0451 BF       		.byte	-65
 1134 0452 E0       		.byte	-32
 1135 0453 CD       		.byte	-51
 1136 0454 3B       		.byte	59
 1137 0455 FF       		.byte	-1
 1138 0456 FF       		.byte	-1
 1139 0457 FF       		.byte	-1
 1140 0458 00       		.byte	0
ARM GAS  C:\Users\Zachary\AppData\Local\Temp\ccnxQXdS.s 			page 21


 1141 0459 00       		.byte	0
 1142 045a 00       		.byte	0
 1143 045b 00       		.byte	0
 1144 045c 04       		.byte	4
 1145 045d 00       		.byte	0
 1146 045e 05       		.byte	5
 1147 045f 00       		.byte	0
 1148 0460 01       		.byte	1
 1149 0461 00       		.byte	0
 1150 0462 00       		.byte	0
 1151 0463 00       		.byte	0
 1152 0464 04       		.byte	4
 1153 0465 04       		.byte	4
 1154 0466 04       		.byte	4
 1155 0467 04       		.byte	4
 1156 0468 00       		.byte	0
 1157 0469 00       		.byte	0
 1158 046a 00       		.byte	0
 1159 046b 01       		.byte	1
 1160 046c 00       		.byte	0
 1161 046d 00       		.byte	0
 1162 046e C0       		.byte	-64
 1163 046f 00       		.byte	0
 1164 0470 40       		.byte	64
 1165 0471 01       		.byte	1
 1166 0472 80       		.byte	-128
 1167 0473 00       		.byte	0
 1168 0474 30       		.byte	48
 1169 0475 00       		.byte	0
 1170 0476 40       		.byte	64
 1171 0477 10       		.byte	16
 1172 0478 10       		.byte	16
 1173 0479 00       		.byte	0
 1174 047a 40       		.byte	64
 1175 047b A8       		.byte	-88
 1176 047c 00       		.byte	0
 1177 047d 00       		.byte	0
 1178 047e 00       		.byte	0
 1179 047f 00       		.byte	0
 1180 0480 00       		.byte	0
 1181 0481 00       		.byte	0
 1182 0482 00       		.byte	0
 1183 0483 00       		.byte	0
 1184 0484 00       		.byte	0
 1185 0485 00       		.byte	0
 1186 0486 00       		.byte	0
 1187 0487 00       		.byte	0
 1188 0488 00       		.byte	0
 1189 0489 00       		.byte	0
 1190 048a 00       		.byte	0
 1191 048b 00       		.byte	0
 1192 048c 20       		.byte	32
 1193 048d 1F       		.byte	31
 1194 048e 1F       		.byte	31
 1195 048f 00       		.byte	0
 1196 0490 1F       		.byte	31
 1197 0491 00       		.byte	0
ARM GAS  C:\Users\Zachary\AppData\Local\Temp\ccnxQXdS.s 			page 22


 1198 0492 00       		.byte	0
 1199 0493 00       		.byte	0
 1200 0494 01       		.byte	1
 1201 0495 00       		.byte	0
 1202 0496 00       		.byte	0
 1203 0497 01       		.byte	1
 1204 0498 01       		.byte	1
 1205 0499 00       		.byte	0
 1206 049a 01       		.byte	1
 1207 049b 00       		.byte	0
 1208 049c 00       		.byte	0
 1209 049d 00       		.byte	0
 1210 049e 00       		.byte	0
 1211 049f 00       		.byte	0
 1212              		.section	.cywolatch,"a",%progbits
 1213              		.align	2
 1214              		.type	cy_meta_wonvl, %object
 1215              		.size	cy_meta_wonvl, 4
 1216              	cy_meta_wonvl:
 1217 0000 BC       		.byte	-68
 1218 0001 90       		.byte	-112
 1219 0002 AC       		.byte	-84
 1220 0003 AF       		.byte	-81
 1221              		.section	.cycustnvl,"a",%progbits
 1222              		.align	2
 1223              		.type	cy_meta_custnvl, %object
 1224              		.size	cy_meta_custnvl, 4
 1225              	cy_meta_custnvl:
 1226 0000 00       		.byte	0
 1227 0001 00       		.byte	0
 1228 0002 40       		.byte	64
 1229 0003 05       		.byte	5
 1230              		.section	.cymeta,"a",%progbits
 1231              		.align	2
 1232              		.type	cy_metadata, %object
 1233              		.size	cy_metadata, 12
 1234              	cy_metadata:
 1235 0000 00       		.byte	0
 1236 0001 01       		.byte	1
 1237 0002 2E       		.byte	46
 1238 0003 12       		.byte	18
 1239 0004 30       		.byte	48
 1240 0005 69       		.byte	105
 1241 0006 00       		.byte	0
 1242 0007 01       		.byte	1
 1243 0008 00       		.byte	0
 1244 0009 00       		.byte	0
 1245 000a 00       		.byte	0
 1246 000b 00       		.byte	0
 1247              		.section	.cyflashprotect,"a",%progbits
 1248              		.align	2
 1249              		.type	cy_meta_flashprotect, %object
 1250              		.size	cy_meta_flashprotect, 256
 1251              	cy_meta_flashprotect:
 1252 0000 00000000 		.space	256
 1252      00000000 
 1252      00000000 
ARM GAS  C:\Users\Zachary\AppData\Local\Temp\ccnxQXdS.s 			page 23


 1252      00000000 
 1252      00000000 
 1253              		.text
 1254              	.Letext0:
 1255              		.file 1 ".\\Generated_Source\\PSoC5\\cymetadata.c"
 1256              		.file 2 ".\\Generated_Source\\PSoC5\\cytypes.h"
 1257              		.section	.debug_info,"",%progbits
 1258              	.Ldebug_info0:
 1259 0000 37010000 		.4byte	0x137
 1260 0004 0400     		.2byte	0x4
 1261 0006 00000000 		.4byte	.Ldebug_abbrev0
 1262 000a 04       		.byte	0x4
 1263 000b 01       		.uleb128 0x1
 1264 000c C6000000 		.4byte	.LASF18
 1265 0010 01       		.byte	0x1
 1266 0011 00000000 		.4byte	.LASF19
 1267 0015 6B000000 		.4byte	.LASF20
 1268 0019 00000000 		.4byte	.Ldebug_line0
 1269 001d 02       		.uleb128 0x2
 1270 001e 01       		.byte	0x1
 1271 001f 06       		.byte	0x6
 1272 0020 D0010000 		.4byte	.LASF0
 1273 0024 02       		.uleb128 0x2
 1274 0025 01       		.byte	0x1
 1275 0026 08       		.byte	0x8
 1276 0027 38000000 		.4byte	.LASF1
 1277 002b 02       		.uleb128 0x2
 1278 002c 02       		.byte	0x2
 1279 002d 05       		.byte	0x5
 1280 002e B7010000 		.4byte	.LASF2
 1281 0032 02       		.uleb128 0x2
 1282 0033 02       		.byte	0x2
 1283 0034 07       		.byte	0x7
 1284 0035 58000000 		.4byte	.LASF3
 1285 0039 02       		.uleb128 0x2
 1286 003a 04       		.byte	0x4
 1287 003b 05       		.byte	0x5
 1288 003c C7010000 		.4byte	.LASF4
 1289 0040 02       		.uleb128 0x2
 1290 0041 04       		.byte	0x4
 1291 0042 07       		.byte	0x7
 1292 0043 46000000 		.4byte	.LASF5
 1293 0047 02       		.uleb128 0x2
 1294 0048 08       		.byte	0x8
 1295 0049 05       		.byte	0x5
 1296 004a A4010000 		.4byte	.LASF6
 1297 004e 02       		.uleb128 0x2
 1298 004f 08       		.byte	0x8
 1299 0050 07       		.byte	0x7
 1300 0051 61010000 		.4byte	.LASF7
 1301 0055 03       		.uleb128 0x3
 1302 0056 04       		.byte	0x4
 1303 0057 05       		.byte	0x5
 1304 0058 696E7400 		.ascii	"int\000"
 1305 005c 02       		.uleb128 0x2
 1306 005d 04       		.byte	0x4
 1307 005e 07       		.byte	0x7
ARM GAS  C:\Users\Zachary\AppData\Local\Temp\ccnxQXdS.s 			page 24


 1308 005f 54010000 		.4byte	.LASF8
 1309 0063 04       		.uleb128 0x4
 1310 0064 C1010000 		.4byte	.LASF21
 1311 0068 02       		.byte	0x2
 1312 0069 5B       		.byte	0x5b
 1313 006a 24000000 		.4byte	0x24
 1314 006e 02       		.uleb128 0x2
 1315 006f 04       		.byte	0x4
 1316 0070 04       		.byte	0x4
 1317 0071 32000000 		.4byte	.LASF9
 1318 0075 02       		.uleb128 0x2
 1319 0076 08       		.byte	0x8
 1320 0077 04       		.byte	0x4
 1321 0078 9D000000 		.4byte	.LASF10
 1322 007c 02       		.uleb128 0x2
 1323 007d 01       		.byte	0x1
 1324 007e 08       		.byte	0x8
 1325 007f B2010000 		.4byte	.LASF11
 1326 0083 05       		.uleb128 0x5
 1327 0084 63000000 		.4byte	0x63
 1328 0088 94000000 		.4byte	0x94
 1329 008c 06       		.uleb128 0x6
 1330 008d 94000000 		.4byte	0x94
 1331 0091 9F04     		.2byte	0x49f
 1332 0093 00       		.byte	0
 1333 0094 02       		.uleb128 0x2
 1334 0095 04       		.byte	0x4
 1335 0096 07       		.byte	0x7
 1336 0097 9B010000 		.4byte	.LASF12
 1337 009b 07       		.uleb128 0x7
 1338 009c B4000000 		.4byte	.LASF13
 1339 00a0 01       		.byte	0x1
 1340 00a1 1F       		.byte	0x1f
 1341 00a2 AC000000 		.4byte	0xac
 1342 00a6 05       		.uleb128 0x5
 1343 00a7 03       		.byte	0x3
 1344 00a8 00000000 		.4byte	cy_meta_configecc
 1345 00ac 08       		.uleb128 0x8
 1346 00ad 83000000 		.4byte	0x83
 1347 00b1 05       		.uleb128 0x5
 1348 00b2 63000000 		.4byte	0x63
 1349 00b6 C1000000 		.4byte	0xc1
 1350 00ba 09       		.uleb128 0x9
 1351 00bb 94000000 		.4byte	0x94
 1352 00bf 03       		.byte	0x3
 1353 00c0 00       		.byte	0
 1354 00c1 07       		.uleb128 0x7
 1355 00c2 A4000000 		.4byte	.LASF14
 1356 00c6 01       		.byte	0x1
 1357 00c7 C0       		.byte	0xc0
 1358 00c8 D2000000 		.4byte	0xd2
 1359 00cc 05       		.uleb128 0x5
 1360 00cd 03       		.byte	0x3
 1361 00ce 00000000 		.4byte	cy_meta_custnvl
 1362 00d2 08       		.uleb128 0x8
 1363 00d3 B1000000 		.4byte	0xb1
 1364 00d7 07       		.uleb128 0x7
ARM GAS  C:\Users\Zachary\AppData\Local\Temp\ccnxQXdS.s 			page 25


 1365 00d8 8D010000 		.4byte	.LASF15
 1366 00dc 01       		.byte	0x1
 1367 00dd CE       		.byte	0xce
 1368 00de E8000000 		.4byte	0xe8
 1369 00e2 05       		.uleb128 0x5
 1370 00e3 03       		.byte	0x3
 1371 00e4 00000000 		.4byte	cy_meta_wonvl
 1372 00e8 08       		.uleb128 0x8
 1373 00e9 B1000000 		.4byte	0xb1
 1374 00ed 05       		.uleb128 0x5
 1375 00ee 63000000 		.4byte	0x63
 1376 00f2 FD000000 		.4byte	0xfd
 1377 00f6 09       		.uleb128 0x9
 1378 00f7 94000000 		.4byte	0x94
 1379 00fb FF       		.byte	0xff
 1380 00fc 00       		.byte	0
 1381 00fd 07       		.uleb128 0x7
 1382 00fe 78010000 		.4byte	.LASF16
 1383 0102 01       		.byte	0x1
 1384 0103 DC       		.byte	0xdc
 1385 0104 0E010000 		.4byte	0x10e
 1386 0108 05       		.uleb128 0x5
 1387 0109 03       		.byte	0x3
 1388 010a 00000000 		.4byte	cy_meta_flashprotect
 1389 010e 08       		.uleb128 0x8
 1390 010f ED000000 		.4byte	0xed
 1391 0113 05       		.uleb128 0x5
 1392 0114 63000000 		.4byte	0x63
 1393 0118 23010000 		.4byte	0x123
 1394 011c 09       		.uleb128 0x9
 1395 011d 94000000 		.4byte	0x94
 1396 0121 0B       		.byte	0xb
 1397 0122 00       		.byte	0
 1398 0123 0A       		.uleb128 0xa
 1399 0124 26000000 		.4byte	.LASF17
 1400 0128 01       		.byte	0x1
 1401 0129 0901     		.2byte	0x109
 1402 012b 35010000 		.4byte	0x135
 1403 012f 05       		.uleb128 0x5
 1404 0130 03       		.byte	0x3
 1405 0131 00000000 		.4byte	cy_metadata
 1406 0135 08       		.uleb128 0x8
 1407 0136 13010000 		.4byte	0x113
 1408 013a 00       		.byte	0
 1409              		.section	.debug_abbrev,"",%progbits
 1410              	.Ldebug_abbrev0:
 1411 0000 01       		.uleb128 0x1
 1412 0001 11       		.uleb128 0x11
 1413 0002 01       		.byte	0x1
 1414 0003 25       		.uleb128 0x25
 1415 0004 0E       		.uleb128 0xe
 1416 0005 13       		.uleb128 0x13
 1417 0006 0B       		.uleb128 0xb
 1418 0007 03       		.uleb128 0x3
 1419 0008 0E       		.uleb128 0xe
 1420 0009 1B       		.uleb128 0x1b
 1421 000a 0E       		.uleb128 0xe
ARM GAS  C:\Users\Zachary\AppData\Local\Temp\ccnxQXdS.s 			page 26


 1422 000b 10       		.uleb128 0x10
 1423 000c 17       		.uleb128 0x17
 1424 000d 00       		.byte	0
 1425 000e 00       		.byte	0
 1426 000f 02       		.uleb128 0x2
 1427 0010 24       		.uleb128 0x24
 1428 0011 00       		.byte	0
 1429 0012 0B       		.uleb128 0xb
 1430 0013 0B       		.uleb128 0xb
 1431 0014 3E       		.uleb128 0x3e
 1432 0015 0B       		.uleb128 0xb
 1433 0016 03       		.uleb128 0x3
 1434 0017 0E       		.uleb128 0xe
 1435 0018 00       		.byte	0
 1436 0019 00       		.byte	0
 1437 001a 03       		.uleb128 0x3
 1438 001b 24       		.uleb128 0x24
 1439 001c 00       		.byte	0
 1440 001d 0B       		.uleb128 0xb
 1441 001e 0B       		.uleb128 0xb
 1442 001f 3E       		.uleb128 0x3e
 1443 0020 0B       		.uleb128 0xb
 1444 0021 03       		.uleb128 0x3
 1445 0022 08       		.uleb128 0x8
 1446 0023 00       		.byte	0
 1447 0024 00       		.byte	0
 1448 0025 04       		.uleb128 0x4
 1449 0026 16       		.uleb128 0x16
 1450 0027 00       		.byte	0
 1451 0028 03       		.uleb128 0x3
 1452 0029 0E       		.uleb128 0xe
 1453 002a 3A       		.uleb128 0x3a
 1454 002b 0B       		.uleb128 0xb
 1455 002c 3B       		.uleb128 0x3b
 1456 002d 0B       		.uleb128 0xb
 1457 002e 49       		.uleb128 0x49
 1458 002f 13       		.uleb128 0x13
 1459 0030 00       		.byte	0
 1460 0031 00       		.byte	0
 1461 0032 05       		.uleb128 0x5
 1462 0033 01       		.uleb128 0x1
 1463 0034 01       		.byte	0x1
 1464 0035 49       		.uleb128 0x49
 1465 0036 13       		.uleb128 0x13
 1466 0037 01       		.uleb128 0x1
 1467 0038 13       		.uleb128 0x13
 1468 0039 00       		.byte	0
 1469 003a 00       		.byte	0
 1470 003b 06       		.uleb128 0x6
 1471 003c 21       		.uleb128 0x21
 1472 003d 00       		.byte	0
 1473 003e 49       		.uleb128 0x49
 1474 003f 13       		.uleb128 0x13
 1475 0040 2F       		.uleb128 0x2f
 1476 0041 05       		.uleb128 0x5
 1477 0042 00       		.byte	0
 1478 0043 00       		.byte	0
ARM GAS  C:\Users\Zachary\AppData\Local\Temp\ccnxQXdS.s 			page 27


 1479 0044 07       		.uleb128 0x7
 1480 0045 34       		.uleb128 0x34
 1481 0046 00       		.byte	0
 1482 0047 03       		.uleb128 0x3
 1483 0048 0E       		.uleb128 0xe
 1484 0049 3A       		.uleb128 0x3a
 1485 004a 0B       		.uleb128 0xb
 1486 004b 3B       		.uleb128 0x3b
 1487 004c 0B       		.uleb128 0xb
 1488 004d 49       		.uleb128 0x49
 1489 004e 13       		.uleb128 0x13
 1490 004f 3F       		.uleb128 0x3f
 1491 0050 19       		.uleb128 0x19
 1492 0051 02       		.uleb128 0x2
 1493 0052 18       		.uleb128 0x18
 1494 0053 00       		.byte	0
 1495 0054 00       		.byte	0
 1496 0055 08       		.uleb128 0x8
 1497 0056 26       		.uleb128 0x26
 1498 0057 00       		.byte	0
 1499 0058 49       		.uleb128 0x49
 1500 0059 13       		.uleb128 0x13
 1501 005a 00       		.byte	0
 1502 005b 00       		.byte	0
 1503 005c 09       		.uleb128 0x9
 1504 005d 21       		.uleb128 0x21
 1505 005e 00       		.byte	0
 1506 005f 49       		.uleb128 0x49
 1507 0060 13       		.uleb128 0x13
 1508 0061 2F       		.uleb128 0x2f
 1509 0062 0B       		.uleb128 0xb
 1510 0063 00       		.byte	0
 1511 0064 00       		.byte	0
 1512 0065 0A       		.uleb128 0xa
 1513 0066 34       		.uleb128 0x34
 1514 0067 00       		.byte	0
 1515 0068 03       		.uleb128 0x3
 1516 0069 0E       		.uleb128 0xe
 1517 006a 3A       		.uleb128 0x3a
 1518 006b 0B       		.uleb128 0xb
 1519 006c 3B       		.uleb128 0x3b
 1520 006d 05       		.uleb128 0x5
 1521 006e 49       		.uleb128 0x49
 1522 006f 13       		.uleb128 0x13
 1523 0070 3F       		.uleb128 0x3f
 1524 0071 19       		.uleb128 0x19
 1525 0072 02       		.uleb128 0x2
 1526 0073 18       		.uleb128 0x18
 1527 0074 00       		.byte	0
 1528 0075 00       		.byte	0
 1529 0076 00       		.byte	0
 1530              		.section	.debug_aranges,"",%progbits
 1531 0000 14000000 		.4byte	0x14
 1532 0004 0200     		.2byte	0x2
 1533 0006 00000000 		.4byte	.Ldebug_info0
 1534 000a 04       		.byte	0x4
 1535 000b 00       		.byte	0
ARM GAS  C:\Users\Zachary\AppData\Local\Temp\ccnxQXdS.s 			page 28


 1536 000c 0000     		.2byte	0
 1537 000e 0000     		.2byte	0
 1538 0010 00000000 		.4byte	0
 1539 0014 00000000 		.4byte	0
 1540              		.section	.debug_line,"",%progbits
 1541              	.Ldebug_line0:
 1542 0000 4F000000 		.section	.debug_str,"MS",%progbits,1
 1542      02004900 
 1542      00000201 
 1542      FB0E0D00 
 1542      01010101 
 1543              	.LASF19:
 1544 0000 2E5C4765 		.ascii	".\\Generated_Source\\PSoC5\\cymetadata.c\000"
 1544      6E657261 
 1544      7465645F 
 1544      536F7572 
 1544      63655C50 
 1545              	.LASF17:
 1546 0026 63795F6D 		.ascii	"cy_metadata\000"
 1546      65746164 
 1546      61746100 
 1547              	.LASF9:
 1548 0032 666C6F61 		.ascii	"float\000"
 1548      7400
 1549              	.LASF1:
 1550 0038 756E7369 		.ascii	"unsigned char\000"
 1550      676E6564 
 1550      20636861 
 1550      7200
 1551              	.LASF5:
 1552 0046 6C6F6E67 		.ascii	"long unsigned int\000"
 1552      20756E73 
 1552      69676E65 
 1552      6420696E 
 1552      7400
 1553              	.LASF3:
 1554 0058 73686F72 		.ascii	"short unsigned int\000"
 1554      7420756E 
 1554      7369676E 
 1554      65642069 
 1554      6E7400
 1555              	.LASF20:
 1556 006b 433A5C55 		.ascii	"C:\\Users\\Zachary\\Desktop\\I2S\\Wave Generator.cy"
 1556      73657273 
 1556      5C5A6163 
 1556      68617279 
 1556      5C446573 
 1557 0099 64736E00 		.ascii	"dsn\000"
 1558              	.LASF10:
 1559 009d 646F7562 		.ascii	"double\000"
 1559      6C6500
 1560              	.LASF14:
 1561 00a4 63795F6D 		.ascii	"cy_meta_custnvl\000"
 1561      6574615F 
 1561      63757374 
 1561      6E766C00 
 1562              	.LASF13:
ARM GAS  C:\Users\Zachary\AppData\Local\Temp\ccnxQXdS.s 			page 29


 1563 00b4 63795F6D 		.ascii	"cy_meta_configecc\000"
 1563      6574615F 
 1563      636F6E66 
 1563      69676563 
 1563      6300
 1564              	.LASF18:
 1565 00c6 474E5520 		.ascii	"GNU C 4.9.3 20150303 (release) [ARM/embedded-4_9-br"
 1565      4320342E 
 1565      392E3320 
 1565      32303135 
 1565      30333033 
 1566 00f9 616E6368 		.ascii	"anch revision 221220] -mcpu=cortex-m3 -mthumb -g -O"
 1566      20726576 
 1566      6973696F 
 1566      6E203232 
 1566      31323230 
 1567 012c 67202D66 		.ascii	"g -ffunction-sections -ffat-lto-objects\000"
 1567      66756E63 
 1567      74696F6E 
 1567      2D736563 
 1567      74696F6E 
 1568              	.LASF8:
 1569 0154 756E7369 		.ascii	"unsigned int\000"
 1569      676E6564 
 1569      20696E74 
 1569      00
 1570              	.LASF7:
 1571 0161 6C6F6E67 		.ascii	"long long unsigned int\000"
 1571      206C6F6E 
 1571      6720756E 
 1571      7369676E 
 1571      65642069 
 1572              	.LASF16:
 1573 0178 63795F6D 		.ascii	"cy_meta_flashprotect\000"
 1573      6574615F 
 1573      666C6173 
 1573      6870726F 
 1573      74656374 
 1574              	.LASF15:
 1575 018d 63795F6D 		.ascii	"cy_meta_wonvl\000"
 1575      6574615F 
 1575      776F6E76 
 1575      6C00
 1576              	.LASF12:
 1577 019b 73697A65 		.ascii	"sizetype\000"
 1577      74797065 
 1577      00
 1578              	.LASF6:
 1579 01a4 6C6F6E67 		.ascii	"long long int\000"
 1579      206C6F6E 
 1579      6720696E 
 1579      7400
 1580              	.LASF11:
 1581 01b2 63686172 		.ascii	"char\000"
 1581      00
 1582              	.LASF2:
 1583 01b7 73686F72 		.ascii	"short int\000"
ARM GAS  C:\Users\Zachary\AppData\Local\Temp\ccnxQXdS.s 			page 30


 1583      7420696E 
 1583      7400
 1584              	.LASF21:
 1585 01c1 75696E74 		.ascii	"uint8\000"
 1585      3800
 1586              	.LASF4:
 1587 01c7 6C6F6E67 		.ascii	"long int\000"
 1587      20696E74 
 1587      00
 1588              	.LASF0:
 1589 01d0 7369676E 		.ascii	"signed char\000"
 1589      65642063 
 1589      68617200 
 1590              		.ident	"GCC: (GNU Tools for ARM Embedded Processors) 4.9.3 20150303 (release) [ARM/embedded-4_9-br
