ARM GAS  C:\Users\Zachary\AppData\Local\Temp\ccUa6L5y.s 			page 1


   1              		.syntax unified
   2              		.cpu cortex-m3
   3              		.fpu softvfp
   4              		.eabi_attribute 20, 1
   5              		.eabi_attribute 21, 1
   6              		.eabi_attribute 23, 3
   7              		.eabi_attribute 24, 1
   8              		.eabi_attribute 25, 1
   9              		.eabi_attribute 26, 1
  10              		.eabi_attribute 30, 1
  11              		.eabi_attribute 34, 1
  12              		.eabi_attribute 18, 4
  13              		.thumb
  14              		.file	"I2S_PM.c"
  15              		.text
  16              	.Ltext0:
  17              		.cfi_sections	.debug_frame
  18              		.section	.text.I2S_SaveConfig,"ax",%progbits
  19              		.align	2
  20              		.global	I2S_SaveConfig
  21              		.thumb
  22              		.thumb_func
  23              		.type	I2S_SaveConfig, %function
  24              	I2S_SaveConfig:
  25              	.LFB0:
  26              		.file 1 ".\\Generated_Source\\PSoC5\\I2S_PM.c"
   1:.\Generated_Source\PSoC5/I2S_PM.c **** /*******************************************************************************
   2:.\Generated_Source\PSoC5/I2S_PM.c **** * File Name: I2S_PM.c
   3:.\Generated_Source\PSoC5/I2S_PM.c **** * Version 2.60
   4:.\Generated_Source\PSoC5/I2S_PM.c **** *
   5:.\Generated_Source\PSoC5/I2S_PM.c **** * Description:
   6:.\Generated_Source\PSoC5/I2S_PM.c **** *  This file contains the setup, control and status commands to support
   7:.\Generated_Source\PSoC5/I2S_PM.c **** *  component operations in low power mode.
   8:.\Generated_Source\PSoC5/I2S_PM.c **** *
   9:.\Generated_Source\PSoC5/I2S_PM.c **** * Note:
  10:.\Generated_Source\PSoC5/I2S_PM.c **** *
  11:.\Generated_Source\PSoC5/I2S_PM.c **** ********************************************************************************
  12:.\Generated_Source\PSoC5/I2S_PM.c **** * Copyright 2008-2014, Cypress Semiconductor Corporation.  All rights reserved.
  13:.\Generated_Source\PSoC5/I2S_PM.c **** * You may use this file only in accordance with the license, terms, conditions,
  14:.\Generated_Source\PSoC5/I2S_PM.c **** * disclaimers, and limitations in the end user license agreement accompanying
  15:.\Generated_Source\PSoC5/I2S_PM.c **** * the software package with which this file was provided.
  16:.\Generated_Source\PSoC5/I2S_PM.c **** *******************************************************************************/
  17:.\Generated_Source\PSoC5/I2S_PM.c **** 
  18:.\Generated_Source\PSoC5/I2S_PM.c **** #include "I2S.h"
  19:.\Generated_Source\PSoC5/I2S_PM.c **** 
  20:.\Generated_Source\PSoC5/I2S_PM.c **** static I2S_BACKUP_STRUCT  I2S_backup = {0u};
  21:.\Generated_Source\PSoC5/I2S_PM.c **** 
  22:.\Generated_Source\PSoC5/I2S_PM.c **** 
  23:.\Generated_Source\PSoC5/I2S_PM.c **** /*******************************************************************************
  24:.\Generated_Source\PSoC5/I2S_PM.c **** * Function Name: I2S_SaveConfig
  25:.\Generated_Source\PSoC5/I2S_PM.c **** ********************************************************************************
  26:.\Generated_Source\PSoC5/I2S_PM.c **** *
  27:.\Generated_Source\PSoC5/I2S_PM.c **** * Summary:
  28:.\Generated_Source\PSoC5/I2S_PM.c **** *  Empty function. Left to preserve backward compatibility.
  29:.\Generated_Source\PSoC5/I2S_PM.c **** *
  30:.\Generated_Source\PSoC5/I2S_PM.c **** * Parameters:
  31:.\Generated_Source\PSoC5/I2S_PM.c **** *  None.
ARM GAS  C:\Users\Zachary\AppData\Local\Temp\ccUa6L5y.s 			page 2


  32:.\Generated_Source\PSoC5/I2S_PM.c **** *
  33:.\Generated_Source\PSoC5/I2S_PM.c **** * Return:
  34:.\Generated_Source\PSoC5/I2S_PM.c **** *  None.
  35:.\Generated_Source\PSoC5/I2S_PM.c **** *
  36:.\Generated_Source\PSoC5/I2S_PM.c **** *******************************************************************************/
  37:.\Generated_Source\PSoC5/I2S_PM.c **** void I2S_SaveConfig(void) 
  38:.\Generated_Source\PSoC5/I2S_PM.c **** {
  27              		.loc 1 38 0
  28              		.cfi_startproc
  29              		@ args = 0, pretend = 0, frame = 0
  30              		@ frame_needed = 0, uses_anonymous_args = 0
  31              		@ link register save eliminated.
  32 0000 7047     		bx	lr
  33              		.cfi_endproc
  34              	.LFE0:
  35              		.size	I2S_SaveConfig, .-I2S_SaveConfig
  36 0002 00BF     		.section	.text.I2S_RestoreConfig,"ax",%progbits
  37              		.align	2
  38              		.global	I2S_RestoreConfig
  39              		.thumb
  40              		.thumb_func
  41              		.type	I2S_RestoreConfig, %function
  42              	I2S_RestoreConfig:
  43              	.LFB1:
  39:.\Generated_Source\PSoC5/I2S_PM.c ****     /* Nothing to save. All registers are retention. */
  40:.\Generated_Source\PSoC5/I2S_PM.c **** }
  41:.\Generated_Source\PSoC5/I2S_PM.c **** 
  42:.\Generated_Source\PSoC5/I2S_PM.c **** 
  43:.\Generated_Source\PSoC5/I2S_PM.c **** /*******************************************************************************
  44:.\Generated_Source\PSoC5/I2S_PM.c **** * Function Name: I2S_RestoreConfig
  45:.\Generated_Source\PSoC5/I2S_PM.c **** ********************************************************************************
  46:.\Generated_Source\PSoC5/I2S_PM.c **** *
  47:.\Generated_Source\PSoC5/I2S_PM.c **** * Summary:
  48:.\Generated_Source\PSoC5/I2S_PM.c **** *  Empty function. Left to preserve backward compatibility.
  49:.\Generated_Source\PSoC5/I2S_PM.c **** *
  50:.\Generated_Source\PSoC5/I2S_PM.c **** * Parameters:
  51:.\Generated_Source\PSoC5/I2S_PM.c **** *  None.
  52:.\Generated_Source\PSoC5/I2S_PM.c **** *
  53:.\Generated_Source\PSoC5/I2S_PM.c **** * Return:
  54:.\Generated_Source\PSoC5/I2S_PM.c **** *  None.
  55:.\Generated_Source\PSoC5/I2S_PM.c **** *
  56:.\Generated_Source\PSoC5/I2S_PM.c **** *******************************************************************************/
  57:.\Generated_Source\PSoC5/I2S_PM.c **** void I2S_RestoreConfig(void) 
  58:.\Generated_Source\PSoC5/I2S_PM.c **** {
  44              		.loc 1 58 0
  45              		.cfi_startproc
  46              		@ args = 0, pretend = 0, frame = 0
  47              		@ frame_needed = 0, uses_anonymous_args = 0
  48              		@ link register save eliminated.
  49 0000 7047     		bx	lr
  50              		.cfi_endproc
  51              	.LFE1:
  52              		.size	I2S_RestoreConfig, .-I2S_RestoreConfig
  53 0002 00BF     		.section	.text.I2S_Sleep,"ax",%progbits
  54              		.align	2
  55              		.global	I2S_Sleep
  56              		.thumb
ARM GAS  C:\Users\Zachary\AppData\Local\Temp\ccUa6L5y.s 			page 3


  57              		.thumb_func
  58              		.type	I2S_Sleep, %function
  59              	I2S_Sleep:
  60              	.LFB2:
  59:.\Generated_Source\PSoC5/I2S_PM.c ****     /* Nothing to restore. All registers are retention. */
  60:.\Generated_Source\PSoC5/I2S_PM.c **** }
  61:.\Generated_Source\PSoC5/I2S_PM.c **** 
  62:.\Generated_Source\PSoC5/I2S_PM.c **** 
  63:.\Generated_Source\PSoC5/I2S_PM.c **** /*******************************************************************************
  64:.\Generated_Source\PSoC5/I2S_PM.c **** * Function Name: I2S_Sleep
  65:.\Generated_Source\PSoC5/I2S_PM.c **** ********************************************************************************
  66:.\Generated_Source\PSoC5/I2S_PM.c **** *
  67:.\Generated_Source\PSoC5/I2S_PM.c **** * Summary:
  68:.\Generated_Source\PSoC5/I2S_PM.c **** *  Prepares I2S for entering sleep mode.
  69:.\Generated_Source\PSoC5/I2S_PM.c **** *
  70:.\Generated_Source\PSoC5/I2S_PM.c **** * Parameters:
  71:.\Generated_Source\PSoC5/I2S_PM.c **** *  None.
  72:.\Generated_Source\PSoC5/I2S_PM.c **** *
  73:.\Generated_Source\PSoC5/I2S_PM.c **** * Return:
  74:.\Generated_Source\PSoC5/I2S_PM.c **** *  None.
  75:.\Generated_Source\PSoC5/I2S_PM.c **** *
  76:.\Generated_Source\PSoC5/I2S_PM.c **** * Global Variables:
  77:.\Generated_Source\PSoC5/I2S_PM.c **** *  I2S_backup - used to store component state prior entering 
  78:.\Generated_Source\PSoC5/I2S_PM.c **** *    sleep mode.
  79:.\Generated_Source\PSoC5/I2S_PM.c **** *
  80:.\Generated_Source\PSoC5/I2S_PM.c **** * Reentrant:
  81:.\Generated_Source\PSoC5/I2S_PM.c **** *  No.
  82:.\Generated_Source\PSoC5/I2S_PM.c **** *
  83:.\Generated_Source\PSoC5/I2S_PM.c **** *******************************************************************************/
  84:.\Generated_Source\PSoC5/I2S_PM.c **** void I2S_Sleep(void) 
  85:.\Generated_Source\PSoC5/I2S_PM.c **** {
  61              		.loc 1 85 0
  62              		.cfi_startproc
  63              		@ args = 0, pretend = 0, frame = 0
  64              		@ frame_needed = 0, uses_anonymous_args = 0
  65              		.loc 1 85 0
  66 0000 08B5     		push	{r3, lr}
  67              		.cfi_def_cfa_offset 8
  68              		.cfi_offset 3, -8
  69              		.cfi_offset 14, -4
  86:.\Generated_Source\PSoC5/I2S_PM.c ****     /* Get component state */
  87:.\Generated_Source\PSoC5/I2S_PM.c ****     I2S_backup.enableState = I2S_CONTROL_REG;
  70              		.loc 1 87 0
  71 0002 034B     		ldr	r3, .L5
  72 0004 1A78     		ldrb	r2, [r3]	@ zero_extendqisi2
  73 0006 034B     		ldr	r3, .L5+4
  74 0008 1A70     		strb	r2, [r3]
  88:.\Generated_Source\PSoC5/I2S_PM.c **** 
  89:.\Generated_Source\PSoC5/I2S_PM.c ****     /* Stop component */
  90:.\Generated_Source\PSoC5/I2S_PM.c ****     I2S_Stop();
  75              		.loc 1 90 0
  76 000a FFF7FEFF 		bl	I2S_Stop
  77              	.LVL0:
  78 000e 08BD     		pop	{r3, pc}
  79              	.L6:
  80              		.align	2
  81              	.L5:
ARM GAS  C:\Users\Zachary\AppData\Local\Temp\ccUa6L5y.s 			page 4


  82 0010 71640040 		.word	1073767537
  83 0014 00000000 		.word	.LANCHOR0
  84              		.cfi_endproc
  85              	.LFE2:
  86              		.size	I2S_Sleep, .-I2S_Sleep
  87              		.section	.text.I2S_Wakeup,"ax",%progbits
  88              		.align	2
  89              		.global	I2S_Wakeup
  90              		.thumb
  91              		.thumb_func
  92              		.type	I2S_Wakeup, %function
  93              	I2S_Wakeup:
  94              	.LFB3:
  91:.\Generated_Source\PSoC5/I2S_PM.c **** }
  92:.\Generated_Source\PSoC5/I2S_PM.c **** 
  93:.\Generated_Source\PSoC5/I2S_PM.c **** 
  94:.\Generated_Source\PSoC5/I2S_PM.c **** /*******************************************************************************
  95:.\Generated_Source\PSoC5/I2S_PM.c **** * Function Name: I2S_Wakeup
  96:.\Generated_Source\PSoC5/I2S_PM.c **** ********************************************************************************
  97:.\Generated_Source\PSoC5/I2S_PM.c **** *
  98:.\Generated_Source\PSoC5/I2S_PM.c **** * Summary:
  99:.\Generated_Source\PSoC5/I2S_PM.c **** *  Prepares I2S for exit from sleep mode.
 100:.\Generated_Source\PSoC5/I2S_PM.c **** *
 101:.\Generated_Source\PSoC5/I2S_PM.c **** * Parameters:
 102:.\Generated_Source\PSoC5/I2S_PM.c **** *  None.
 103:.\Generated_Source\PSoC5/I2S_PM.c **** *
 104:.\Generated_Source\PSoC5/I2S_PM.c **** * Return:
 105:.\Generated_Source\PSoC5/I2S_PM.c **** *  None.
 106:.\Generated_Source\PSoC5/I2S_PM.c **** *
 107:.\Generated_Source\PSoC5/I2S_PM.c **** * Global Variables:
 108:.\Generated_Source\PSoC5/I2S_PM.c **** *  I2S_backup - used to restore component state after exit from
 109:.\Generated_Source\PSoC5/I2S_PM.c **** *    sleep mode.
 110:.\Generated_Source\PSoC5/I2S_PM.c **** *
 111:.\Generated_Source\PSoC5/I2S_PM.c **** *******************************************************************************/
 112:.\Generated_Source\PSoC5/I2S_PM.c **** void I2S_Wakeup(void) 
 113:.\Generated_Source\PSoC5/I2S_PM.c **** {
  95              		.loc 1 113 0
  96              		.cfi_startproc
  97              		@ args = 0, pretend = 0, frame = 0
  98              		@ frame_needed = 0, uses_anonymous_args = 0
  99 0000 08B5     		push	{r3, lr}
 100              		.cfi_def_cfa_offset 8
 101              		.cfi_offset 3, -8
 102              		.cfi_offset 14, -4
 114:.\Generated_Source\PSoC5/I2S_PM.c ****     #if (I2S_DYNAMIC_BIT_RESOLUTION)
 115:.\Generated_Source\PSoC5/I2S_PM.c ****         I2S_CONTROL_REG = I2S_backup.enableState & I2S_BIT_RESOLUTION_MODE_MASK;
 116:.\Generated_Source\PSoC5/I2S_PM.c ****     #endif /* I2S_DYNAMIC_BIT_RESOLUTION */
 117:.\Generated_Source\PSoC5/I2S_PM.c **** 
 118:.\Generated_Source\PSoC5/I2S_PM.c ****     if(0u != (I2S_backup.enableState & I2S_EN))
 103              		.loc 1 118 0
 104 0002 074B     		ldr	r3, .L10
 105 0004 1B78     		ldrb	r3, [r3]	@ zero_extendqisi2
 106 0006 13F0040F 		tst	r3, #4
 107 000a 08D0     		beq	.L7
 119:.\Generated_Source\PSoC5/I2S_PM.c ****     {
 120:.\Generated_Source\PSoC5/I2S_PM.c ****         /* Enable component's operation */
 121:.\Generated_Source\PSoC5/I2S_PM.c ****         I2S_Enable();
ARM GAS  C:\Users\Zachary\AppData\Local\Temp\ccUa6L5y.s 			page 5


 108              		.loc 1 121 0
 109 000c FFF7FEFF 		bl	I2S_Enable
 110              	.LVL1:
 122:.\Generated_Source\PSoC5/I2S_PM.c **** 
 123:.\Generated_Source\PSoC5/I2S_PM.c ****         /* Enable Tx/Rx direction if they were enabled before sleep */
 124:.\Generated_Source\PSoC5/I2S_PM.c ****         #if(I2S_TX_DIRECTION_ENABLE)
 125:.\Generated_Source\PSoC5/I2S_PM.c ****             if(0u != (I2S_backup.enableState & I2S_TX_EN))
 111              		.loc 1 125 0
 112 0010 034B     		ldr	r3, .L10
 113 0012 1B78     		ldrb	r3, [r3]	@ zero_extendqisi2
 114 0014 13F0010F 		tst	r3, #1
 115 0018 01D0     		beq	.L7
 126:.\Generated_Source\PSoC5/I2S_PM.c ****             {
 127:.\Generated_Source\PSoC5/I2S_PM.c ****                 I2S_EnableTx();
 116              		.loc 1 127 0
 117 001a FFF7FEFF 		bl	I2S_EnableTx
 118              	.LVL2:
 119              	.L7:
 120 001e 08BD     		pop	{r3, pc}
 121              	.L11:
 122              		.align	2
 123              	.L10:
 124 0020 00000000 		.word	.LANCHOR0
 125              		.cfi_endproc
 126              	.LFE3:
 127              		.size	I2S_Wakeup, .-I2S_Wakeup
 128              		.bss
 129              		.align	2
 130              		.set	.LANCHOR0,. + 0
 131              		.type	I2S_backup, %object
 132              		.size	I2S_backup, 1
 133              	I2S_backup:
 134 0000 00       		.space	1
 135 0001 000000   		.text
 136              	.Letext0:
 137              		.file 2 ".\\Generated_Source\\PSoC5\\cytypes.h"
 138              		.file 3 ".\\Generated_Source\\PSoC5\\I2S.h"
 139              		.section	.debug_info,"",%progbits
 140              	.Ldebug_info0:
 141 0000 47010000 		.4byte	0x147
 142 0004 0400     		.2byte	0x4
 143 0006 00000000 		.4byte	.Ldebug_abbrev0
 144 000a 04       		.byte	0x4
 145 000b 01       		.uleb128 0x1
 146 000c 08010000 		.4byte	.LASF22
 147 0010 01       		.byte	0x1
 148 0011 70000000 		.4byte	.LASF23
 149 0015 0B000000 		.4byte	.LASF24
 150 0019 00000000 		.4byte	.Ldebug_ranges0+0
 151 001d 00000000 		.4byte	0
 152 0021 00000000 		.4byte	.Ldebug_line0
 153 0025 02       		.uleb128 0x2
 154 0026 01       		.byte	0x1
 155 0027 06       		.byte	0x6
 156 0028 0D020000 		.4byte	.LASF0
 157 002c 02       		.uleb128 0x2
 158 002d 01       		.byte	0x1
ARM GAS  C:\Users\Zachary\AppData\Local\Temp\ccUa6L5y.s 			page 6


 159 002e 08       		.byte	0x8
 160 002f B4000000 		.4byte	.LASF1
 161 0033 02       		.uleb128 0x2
 162 0034 02       		.byte	0x2
 163 0035 05       		.byte	0x5
 164 0036 E8010000 		.4byte	.LASF2
 165 003a 02       		.uleb128 0x2
 166 003b 02       		.byte	0x2
 167 003c 07       		.byte	0x7
 168 003d D9000000 		.4byte	.LASF3
 169 0041 02       		.uleb128 0x2
 170 0042 04       		.byte	0x4
 171 0043 05       		.byte	0x5
 172 0044 F8010000 		.4byte	.LASF4
 173 0048 02       		.uleb128 0x2
 174 0049 04       		.byte	0x4
 175 004a 07       		.byte	0x7
 176 004b C7000000 		.4byte	.LASF5
 177 004f 02       		.uleb128 0x2
 178 0050 08       		.byte	0x8
 179 0051 05       		.byte	0x5
 180 0052 C3010000 		.4byte	.LASF6
 181 0056 02       		.uleb128 0x2
 182 0057 08       		.byte	0x8
 183 0058 07       		.byte	0x7
 184 0059 A3010000 		.4byte	.LASF7
 185 005d 03       		.uleb128 0x3
 186 005e 04       		.byte	0x4
 187 005f 05       		.byte	0x5
 188 0060 696E7400 		.ascii	"int\000"
 189 0064 02       		.uleb128 0x2
 190 0065 04       		.byte	0x4
 191 0066 07       		.byte	0x7
 192 0067 96010000 		.4byte	.LASF8
 193 006b 04       		.uleb128 0x4
 194 006c F2010000 		.4byte	.LASF12
 195 0070 02       		.byte	0x2
 196 0071 5B       		.byte	0x5b
 197 0072 2C000000 		.4byte	0x2c
 198 0076 02       		.uleb128 0x2
 199 0077 04       		.byte	0x4
 200 0078 04       		.byte	0x4
 201 0079 AE000000 		.4byte	.LASF9
 202 007d 02       		.uleb128 0x2
 203 007e 08       		.byte	0x8
 204 007f 04       		.byte	0x4
 205 0080 F6000000 		.4byte	.LASF10
 206 0084 02       		.uleb128 0x2
 207 0085 01       		.byte	0x1
 208 0086 08       		.byte	0x8
 209 0087 D1010000 		.4byte	.LASF11
 210 008b 04       		.uleb128 0x4
 211 008c C2000000 		.4byte	.LASF13
 212 0090 02       		.byte	0x2
 213 0091 F0       		.byte	0xf0
 214 0092 96000000 		.4byte	0x96
 215 0096 05       		.uleb128 0x5
ARM GAS  C:\Users\Zachary\AppData\Local\Temp\ccUa6L5y.s 			page 7


 216 0097 6B000000 		.4byte	0x6b
 217 009b 06       		.uleb128 0x6
 218 009c 01       		.byte	0x1
 219 009d 03       		.byte	0x3
 220 009e 1D       		.byte	0x1d
 221 009f B0000000 		.4byte	0xb0
 222 00a3 07       		.uleb128 0x7
 223 00a4 01020000 		.4byte	.LASF25
 224 00a8 03       		.byte	0x3
 225 00a9 1F       		.byte	0x1f
 226 00aa 6B000000 		.4byte	0x6b
 227 00ae 00       		.byte	0
 228 00af 00       		.byte	0
 229 00b0 04       		.uleb128 0x4
 230 00b1 D6010000 		.4byte	.LASF14
 231 00b5 03       		.byte	0x3
 232 00b6 21       		.byte	0x21
 233 00b7 9B000000 		.4byte	0x9b
 234 00bb 08       		.uleb128 0x8
 235 00bc 92000000 		.4byte	.LASF15
 236 00c0 01       		.byte	0x1
 237 00c1 25       		.byte	0x25
 238 00c2 00000000 		.4byte	.LFB0
 239 00c6 02000000 		.4byte	.LFE0-.LFB0
 240 00ca 01       		.uleb128 0x1
 241 00cb 9C       		.byte	0x9c
 242 00cc 08       		.uleb128 0x8
 243 00cd 19020000 		.4byte	.LASF16
 244 00d1 01       		.byte	0x1
 245 00d2 39       		.byte	0x39
 246 00d3 00000000 		.4byte	.LFB1
 247 00d7 02000000 		.4byte	.LFE1-.LFB1
 248 00db 01       		.uleb128 0x1
 249 00dc 9C       		.byte	0x9c
 250 00dd 09       		.uleb128 0x9
 251 00de EC000000 		.4byte	.LASF17
 252 00e2 01       		.byte	0x1
 253 00e3 54       		.byte	0x54
 254 00e4 00000000 		.4byte	.LFB2
 255 00e8 18000000 		.4byte	.LFE2-.LFB2
 256 00ec 01       		.uleb128 0x1
 257 00ed 9C       		.byte	0x9c
 258 00ee FC000000 		.4byte	0xfc
 259 00f2 0A       		.uleb128 0xa
 260 00f3 0E000000 		.4byte	.LVL0
 261 00f7 35010000 		.4byte	0x135
 262 00fb 00       		.byte	0
 263 00fc 09       		.uleb128 0x9
 264 00fd 2B020000 		.4byte	.LASF18
 265 0101 01       		.byte	0x1
 266 0102 70       		.byte	0x70
 267 0103 00000000 		.4byte	.LFB3
 268 0107 24000000 		.4byte	.LFE3-.LFB3
 269 010b 01       		.uleb128 0x1
 270 010c 9C       		.byte	0x9c
 271 010d 24010000 		.4byte	0x124
 272 0111 0A       		.uleb128 0xa
ARM GAS  C:\Users\Zachary\AppData\Local\Temp\ccUa6L5y.s 			page 8


 273 0112 10000000 		.4byte	.LVL1
 274 0116 3C010000 		.4byte	0x13c
 275 011a 0A       		.uleb128 0xa
 276 011b 1E000000 		.4byte	.LVL2
 277 011f 43010000 		.4byte	0x143
 278 0123 00       		.byte	0
 279 0124 0B       		.uleb128 0xb
 280 0125 00000000 		.4byte	.LASF26
 281 0129 01       		.byte	0x1
 282 012a 14       		.byte	0x14
 283 012b B0000000 		.4byte	0xb0
 284 012f 05       		.uleb128 0x5
 285 0130 03       		.byte	0x3
 286 0131 00000000 		.4byte	I2S_backup
 287 0135 0C       		.uleb128 0xc
 288 0136 BA010000 		.4byte	.LASF19
 289 013a 03       		.byte	0x3
 290 013b 29       		.byte	0x29
 291 013c 0C       		.uleb128 0xc
 292 013d FD000000 		.4byte	.LASF20
 293 0141 03       		.byte	0x3
 294 0142 2B       		.byte	0x2b
 295 0143 0C       		.uleb128 0xc
 296 0144 A1000000 		.4byte	.LASF21
 297 0148 03       		.byte	0x3
 298 0149 34       		.byte	0x34
 299 014a 00       		.byte	0
 300              		.section	.debug_abbrev,"",%progbits
 301              	.Ldebug_abbrev0:
 302 0000 01       		.uleb128 0x1
 303 0001 11       		.uleb128 0x11
 304 0002 01       		.byte	0x1
 305 0003 25       		.uleb128 0x25
 306 0004 0E       		.uleb128 0xe
 307 0005 13       		.uleb128 0x13
 308 0006 0B       		.uleb128 0xb
 309 0007 03       		.uleb128 0x3
 310 0008 0E       		.uleb128 0xe
 311 0009 1B       		.uleb128 0x1b
 312 000a 0E       		.uleb128 0xe
 313 000b 55       		.uleb128 0x55
 314 000c 17       		.uleb128 0x17
 315 000d 11       		.uleb128 0x11
 316 000e 01       		.uleb128 0x1
 317 000f 10       		.uleb128 0x10
 318 0010 17       		.uleb128 0x17
 319 0011 00       		.byte	0
 320 0012 00       		.byte	0
 321 0013 02       		.uleb128 0x2
 322 0014 24       		.uleb128 0x24
 323 0015 00       		.byte	0
 324 0016 0B       		.uleb128 0xb
 325 0017 0B       		.uleb128 0xb
 326 0018 3E       		.uleb128 0x3e
 327 0019 0B       		.uleb128 0xb
 328 001a 03       		.uleb128 0x3
 329 001b 0E       		.uleb128 0xe
ARM GAS  C:\Users\Zachary\AppData\Local\Temp\ccUa6L5y.s 			page 9


 330 001c 00       		.byte	0
 331 001d 00       		.byte	0
 332 001e 03       		.uleb128 0x3
 333 001f 24       		.uleb128 0x24
 334 0020 00       		.byte	0
 335 0021 0B       		.uleb128 0xb
 336 0022 0B       		.uleb128 0xb
 337 0023 3E       		.uleb128 0x3e
 338 0024 0B       		.uleb128 0xb
 339 0025 03       		.uleb128 0x3
 340 0026 08       		.uleb128 0x8
 341 0027 00       		.byte	0
 342 0028 00       		.byte	0
 343 0029 04       		.uleb128 0x4
 344 002a 16       		.uleb128 0x16
 345 002b 00       		.byte	0
 346 002c 03       		.uleb128 0x3
 347 002d 0E       		.uleb128 0xe
 348 002e 3A       		.uleb128 0x3a
 349 002f 0B       		.uleb128 0xb
 350 0030 3B       		.uleb128 0x3b
 351 0031 0B       		.uleb128 0xb
 352 0032 49       		.uleb128 0x49
 353 0033 13       		.uleb128 0x13
 354 0034 00       		.byte	0
 355 0035 00       		.byte	0
 356 0036 05       		.uleb128 0x5
 357 0037 35       		.uleb128 0x35
 358 0038 00       		.byte	0
 359 0039 49       		.uleb128 0x49
 360 003a 13       		.uleb128 0x13
 361 003b 00       		.byte	0
 362 003c 00       		.byte	0
 363 003d 06       		.uleb128 0x6
 364 003e 13       		.uleb128 0x13
 365 003f 01       		.byte	0x1
 366 0040 0B       		.uleb128 0xb
 367 0041 0B       		.uleb128 0xb
 368 0042 3A       		.uleb128 0x3a
 369 0043 0B       		.uleb128 0xb
 370 0044 3B       		.uleb128 0x3b
 371 0045 0B       		.uleb128 0xb
 372 0046 01       		.uleb128 0x1
 373 0047 13       		.uleb128 0x13
 374 0048 00       		.byte	0
 375 0049 00       		.byte	0
 376 004a 07       		.uleb128 0x7
 377 004b 0D       		.uleb128 0xd
 378 004c 00       		.byte	0
 379 004d 03       		.uleb128 0x3
 380 004e 0E       		.uleb128 0xe
 381 004f 3A       		.uleb128 0x3a
 382 0050 0B       		.uleb128 0xb
 383 0051 3B       		.uleb128 0x3b
 384 0052 0B       		.uleb128 0xb
 385 0053 49       		.uleb128 0x49
 386 0054 13       		.uleb128 0x13
ARM GAS  C:\Users\Zachary\AppData\Local\Temp\ccUa6L5y.s 			page 10


 387 0055 38       		.uleb128 0x38
 388 0056 0B       		.uleb128 0xb
 389 0057 00       		.byte	0
 390 0058 00       		.byte	0
 391 0059 08       		.uleb128 0x8
 392 005a 2E       		.uleb128 0x2e
 393 005b 00       		.byte	0
 394 005c 3F       		.uleb128 0x3f
 395 005d 19       		.uleb128 0x19
 396 005e 03       		.uleb128 0x3
 397 005f 0E       		.uleb128 0xe
 398 0060 3A       		.uleb128 0x3a
 399 0061 0B       		.uleb128 0xb
 400 0062 3B       		.uleb128 0x3b
 401 0063 0B       		.uleb128 0xb
 402 0064 27       		.uleb128 0x27
 403 0065 19       		.uleb128 0x19
 404 0066 11       		.uleb128 0x11
 405 0067 01       		.uleb128 0x1
 406 0068 12       		.uleb128 0x12
 407 0069 06       		.uleb128 0x6
 408 006a 40       		.uleb128 0x40
 409 006b 18       		.uleb128 0x18
 410 006c 9742     		.uleb128 0x2117
 411 006e 19       		.uleb128 0x19
 412 006f 00       		.byte	0
 413 0070 00       		.byte	0
 414 0071 09       		.uleb128 0x9
 415 0072 2E       		.uleb128 0x2e
 416 0073 01       		.byte	0x1
 417 0074 3F       		.uleb128 0x3f
 418 0075 19       		.uleb128 0x19
 419 0076 03       		.uleb128 0x3
 420 0077 0E       		.uleb128 0xe
 421 0078 3A       		.uleb128 0x3a
 422 0079 0B       		.uleb128 0xb
 423 007a 3B       		.uleb128 0x3b
 424 007b 0B       		.uleb128 0xb
 425 007c 27       		.uleb128 0x27
 426 007d 19       		.uleb128 0x19
 427 007e 11       		.uleb128 0x11
 428 007f 01       		.uleb128 0x1
 429 0080 12       		.uleb128 0x12
 430 0081 06       		.uleb128 0x6
 431 0082 40       		.uleb128 0x40
 432 0083 18       		.uleb128 0x18
 433 0084 9742     		.uleb128 0x2117
 434 0086 19       		.uleb128 0x19
 435 0087 01       		.uleb128 0x1
 436 0088 13       		.uleb128 0x13
 437 0089 00       		.byte	0
 438 008a 00       		.byte	0
 439 008b 0A       		.uleb128 0xa
 440 008c 898201   		.uleb128 0x4109
 441 008f 00       		.byte	0
 442 0090 11       		.uleb128 0x11
 443 0091 01       		.uleb128 0x1
ARM GAS  C:\Users\Zachary\AppData\Local\Temp\ccUa6L5y.s 			page 11


 444 0092 31       		.uleb128 0x31
 445 0093 13       		.uleb128 0x13
 446 0094 00       		.byte	0
 447 0095 00       		.byte	0
 448 0096 0B       		.uleb128 0xb
 449 0097 34       		.uleb128 0x34
 450 0098 00       		.byte	0
 451 0099 03       		.uleb128 0x3
 452 009a 0E       		.uleb128 0xe
 453 009b 3A       		.uleb128 0x3a
 454 009c 0B       		.uleb128 0xb
 455 009d 3B       		.uleb128 0x3b
 456 009e 0B       		.uleb128 0xb
 457 009f 49       		.uleb128 0x49
 458 00a0 13       		.uleb128 0x13
 459 00a1 02       		.uleb128 0x2
 460 00a2 18       		.uleb128 0x18
 461 00a3 00       		.byte	0
 462 00a4 00       		.byte	0
 463 00a5 0C       		.uleb128 0xc
 464 00a6 2E       		.uleb128 0x2e
 465 00a7 00       		.byte	0
 466 00a8 3F       		.uleb128 0x3f
 467 00a9 19       		.uleb128 0x19
 468 00aa 03       		.uleb128 0x3
 469 00ab 0E       		.uleb128 0xe
 470 00ac 3A       		.uleb128 0x3a
 471 00ad 0B       		.uleb128 0xb
 472 00ae 3B       		.uleb128 0x3b
 473 00af 0B       		.uleb128 0xb
 474 00b0 27       		.uleb128 0x27
 475 00b1 19       		.uleb128 0x19
 476 00b2 3C       		.uleb128 0x3c
 477 00b3 19       		.uleb128 0x19
 478 00b4 00       		.byte	0
 479 00b5 00       		.byte	0
 480 00b6 00       		.byte	0
 481              		.section	.debug_aranges,"",%progbits
 482 0000 34000000 		.4byte	0x34
 483 0004 0200     		.2byte	0x2
 484 0006 00000000 		.4byte	.Ldebug_info0
 485 000a 04       		.byte	0x4
 486 000b 00       		.byte	0
 487 000c 0000     		.2byte	0
 488 000e 0000     		.2byte	0
 489 0010 00000000 		.4byte	.LFB0
 490 0014 02000000 		.4byte	.LFE0-.LFB0
 491 0018 00000000 		.4byte	.LFB1
 492 001c 02000000 		.4byte	.LFE1-.LFB1
 493 0020 00000000 		.4byte	.LFB2
 494 0024 18000000 		.4byte	.LFE2-.LFB2
 495 0028 00000000 		.4byte	.LFB3
 496 002c 24000000 		.4byte	.LFE3-.LFB3
 497 0030 00000000 		.4byte	0
 498 0034 00000000 		.4byte	0
 499              		.section	.debug_ranges,"",%progbits
 500              	.Ldebug_ranges0:
ARM GAS  C:\Users\Zachary\AppData\Local\Temp\ccUa6L5y.s 			page 12


 501 0000 00000000 		.4byte	.LFB0
 502 0004 02000000 		.4byte	.LFE0
 503 0008 00000000 		.4byte	.LFB1
 504 000c 02000000 		.4byte	.LFE1
 505 0010 00000000 		.4byte	.LFB2
 506 0014 18000000 		.4byte	.LFE2
 507 0018 00000000 		.4byte	.LFB3
 508 001c 24000000 		.4byte	.LFE3
 509 0020 00000000 		.4byte	0
 510 0024 00000000 		.4byte	0
 511              		.section	.debug_line,"",%progbits
 512              	.Ldebug_line0:
 513 0000 99000000 		.section	.debug_str,"MS",%progbits,1
 513      02004E00 
 513      00000201 
 513      FB0E0D00 
 513      01010101 
 514              	.LASF26:
 515 0000 4932535F 		.ascii	"I2S_backup\000"
 515      6261636B 
 515      757000
 516              	.LASF24:
 517 000b 433A5C55 		.ascii	"C:\\Users\\Zachary\\Documents\\GitHub\\Chip-Design\\"
 517      73657273 
 517      5C5A6163 
 517      68617279 
 517      5C446F63 
 518 0039 70726F6A 		.ascii	"proj_asic\\psoc\\Zach I2S Debugging\\Wave Generator"
 518      5F617369 
 518      635C7073 
 518      6F635C5A 
 518      61636820 
 519 0069 2E637964 		.ascii	".cydsn\000"
 519      736E00
 520              	.LASF23:
 521 0070 2E5C4765 		.ascii	".\\Generated_Source\\PSoC5\\I2S_PM.c\000"
 521      6E657261 
 521      7465645F 
 521      536F7572 
 521      63655C50 
 522              	.LASF15:
 523 0092 4932535F 		.ascii	"I2S_SaveConfig\000"
 523      53617665 
 523      436F6E66 
 523      696700
 524              	.LASF21:
 525 00a1 4932535F 		.ascii	"I2S_EnableTx\000"
 525      456E6162 
 525      6C655478 
 525      00
 526              	.LASF9:
 527 00ae 666C6F61 		.ascii	"float\000"
 527      7400
 528              	.LASF1:
 529 00b4 756E7369 		.ascii	"unsigned char\000"
 529      676E6564 
 529      20636861 
ARM GAS  C:\Users\Zachary\AppData\Local\Temp\ccUa6L5y.s 			page 13


 529      7200
 530              	.LASF13:
 531 00c2 72656738 		.ascii	"reg8\000"
 531      00
 532              	.LASF5:
 533 00c7 6C6F6E67 		.ascii	"long unsigned int\000"
 533      20756E73 
 533      69676E65 
 533      6420696E 
 533      7400
 534              	.LASF3:
 535 00d9 73686F72 		.ascii	"short unsigned int\000"
 535      7420756E 
 535      7369676E 
 535      65642069 
 535      6E7400
 536              	.LASF17:
 537 00ec 4932535F 		.ascii	"I2S_Sleep\000"
 537      536C6565 
 537      7000
 538              	.LASF10:
 539 00f6 646F7562 		.ascii	"double\000"
 539      6C6500
 540              	.LASF20:
 541 00fd 4932535F 		.ascii	"I2S_Enable\000"
 541      456E6162 
 541      6C6500
 542              	.LASF22:
 543 0108 474E5520 		.ascii	"GNU C 4.9.3 20150303 (release) [ARM/embedded-4_9-br"
 543      4320342E 
 543      392E3320 
 543      32303135 
 543      30333033 
 544 013b 616E6368 		.ascii	"anch revision 221220] -mcpu=cortex-m3 -mthumb -g -O"
 544      20726576 
 544      6973696F 
 544      6E203232 
 544      31323230 
 545 016e 67202D66 		.ascii	"g -ffunction-sections -ffat-lto-objects\000"
 545      66756E63 
 545      74696F6E 
 545      2D736563 
 545      74696F6E 
 546              	.LASF8:
 547 0196 756E7369 		.ascii	"unsigned int\000"
 547      676E6564 
 547      20696E74 
 547      00
 548              	.LASF7:
 549 01a3 6C6F6E67 		.ascii	"long long unsigned int\000"
 549      206C6F6E 
 549      6720756E 
 549      7369676E 
 549      65642069 
 550              	.LASF19:
 551 01ba 4932535F 		.ascii	"I2S_Stop\000"
 551      53746F70 
ARM GAS  C:\Users\Zachary\AppData\Local\Temp\ccUa6L5y.s 			page 14


 551      00
 552              	.LASF6:
 553 01c3 6C6F6E67 		.ascii	"long long int\000"
 553      206C6F6E 
 553      6720696E 
 553      7400
 554              	.LASF11:
 555 01d1 63686172 		.ascii	"char\000"
 555      00
 556              	.LASF14:
 557 01d6 4932535F 		.ascii	"I2S_BACKUP_STRUCT\000"
 557      4241434B 
 557      55505F53 
 557      54525543 
 557      5400
 558              	.LASF2:
 559 01e8 73686F72 		.ascii	"short int\000"
 559      7420696E 
 559      7400
 560              	.LASF12:
 561 01f2 75696E74 		.ascii	"uint8\000"
 561      3800
 562              	.LASF4:
 563 01f8 6C6F6E67 		.ascii	"long int\000"
 563      20696E74 
 563      00
 564              	.LASF25:
 565 0201 656E6162 		.ascii	"enableState\000"
 565      6C655374 
 565      61746500 
 566              	.LASF0:
 567 020d 7369676E 		.ascii	"signed char\000"
 567      65642063 
 567      68617200 
 568              	.LASF16:
 569 0219 4932535F 		.ascii	"I2S_RestoreConfig\000"
 569      52657374 
 569      6F726543 
 569      6F6E6669 
 569      6700
 570              	.LASF18:
 571 022b 4932535F 		.ascii	"I2S_Wakeup\000"
 571      57616B65 
 571      757000
 572              		.ident	"GCC: (GNU Tools for ARM Embedded Processors) 4.9.3 20150303 (release) [ARM/embedded-4_9-br
