ARM GAS  C:\Users\Zachary\AppData\Local\Temp\cc5yUBjI.s 			page 1


   1              		.syntax unified
   2              		.cpu cortex-m3
   3              		.fpu softvfp
   4              		.eabi_attribute 20, 1
   5              		.eabi_attribute 21, 1
   6              		.eabi_attribute 23, 3
   7              		.eabi_attribute 24, 1
   8              		.eabi_attribute 25, 1
   9              		.eabi_attribute 26, 1
  10              		.eabi_attribute 30, 1
  11              		.eabi_attribute 34, 1
  12              		.eabi_attribute 18, 4
  13              		.thumb
  14              		.file	"isr_1.c"
  15              		.text
  16              	.Ltext0:
  17              		.cfi_sections	.debug_frame
  18              		.section	.text.isr_1_Interrupt,"ax",%progbits
  19              		.align	2
  20              		.global	isr_1_Interrupt
  21              		.thumb
  22              		.thumb_func
  23              		.type	isr_1_Interrupt, %function
  24              	isr_1_Interrupt:
  25              	.LFB3:
  26              		.file 1 ".\\Generated_Source\\PSoC5\\isr_1.c"
   1:.\Generated_Source\PSoC5/isr_1.c **** /*******************************************************************************
   2:.\Generated_Source\PSoC5/isr_1.c **** * File Name: isr_1.c  
   3:.\Generated_Source\PSoC5/isr_1.c **** * Version 1.70
   4:.\Generated_Source\PSoC5/isr_1.c **** *
   5:.\Generated_Source\PSoC5/isr_1.c **** *  Description:
   6:.\Generated_Source\PSoC5/isr_1.c **** *   API for controlling the state of an interrupt.
   7:.\Generated_Source\PSoC5/isr_1.c **** *
   8:.\Generated_Source\PSoC5/isr_1.c **** *
   9:.\Generated_Source\PSoC5/isr_1.c **** *  Note:
  10:.\Generated_Source\PSoC5/isr_1.c **** *
  11:.\Generated_Source\PSoC5/isr_1.c **** ********************************************************************************
  12:.\Generated_Source\PSoC5/isr_1.c **** * Copyright 2008-2015, Cypress Semiconductor Corporation.  All rights reserved.
  13:.\Generated_Source\PSoC5/isr_1.c **** * You may use this file only in accordance with the license, terms, conditions, 
  14:.\Generated_Source\PSoC5/isr_1.c **** * disclaimers, and limitations in the end user license agreement accompanying 
  15:.\Generated_Source\PSoC5/isr_1.c **** * the software package with which this file was provided.
  16:.\Generated_Source\PSoC5/isr_1.c **** *******************************************************************************/
  17:.\Generated_Source\PSoC5/isr_1.c **** 
  18:.\Generated_Source\PSoC5/isr_1.c **** 
  19:.\Generated_Source\PSoC5/isr_1.c **** #include <cydevice_trm.h>
  20:.\Generated_Source\PSoC5/isr_1.c **** #include <CyLib.h>
  21:.\Generated_Source\PSoC5/isr_1.c **** #include <isr_1.h>
  22:.\Generated_Source\PSoC5/isr_1.c **** 
  23:.\Generated_Source\PSoC5/isr_1.c **** 
  24:.\Generated_Source\PSoC5/isr_1.c **** #if !defined(isr_1__REMOVED) /* Check for removal by optimization */
  25:.\Generated_Source\PSoC5/isr_1.c **** 
  26:.\Generated_Source\PSoC5/isr_1.c **** /*******************************************************************************
  27:.\Generated_Source\PSoC5/isr_1.c **** *  Place your includes, defines and code here 
  28:.\Generated_Source\PSoC5/isr_1.c **** ********************************************************************************/
  29:.\Generated_Source\PSoC5/isr_1.c **** /* `#START isr_1_intc` */
  30:.\Generated_Source\PSoC5/isr_1.c ****     #include <I2S_1.h>
  31:.\Generated_Source\PSoC5/isr_1.c **** //    #include <main.c>
ARM GAS  C:\Users\Zachary\AppData\Local\Temp\cc5yUBjI.s 			page 2


  32:.\Generated_Source\PSoC5/isr_1.c ****     uint16_t ReceivedData[1024];
  33:.\Generated_Source\PSoC5/isr_1.c ****     int counter = 0;
  34:.\Generated_Source\PSoC5/isr_1.c **** /* `#END` */
  35:.\Generated_Source\PSoC5/isr_1.c **** 
  36:.\Generated_Source\PSoC5/isr_1.c **** #ifndef CYINT_IRQ_BASE
  37:.\Generated_Source\PSoC5/isr_1.c **** #define CYINT_IRQ_BASE      16
  38:.\Generated_Source\PSoC5/isr_1.c **** #endif /* CYINT_IRQ_BASE */
  39:.\Generated_Source\PSoC5/isr_1.c **** #ifndef CYINT_VECT_TABLE
  40:.\Generated_Source\PSoC5/isr_1.c **** #define CYINT_VECT_TABLE    ((cyisraddress **) CYREG_NVIC_VECT_OFFSET)
  41:.\Generated_Source\PSoC5/isr_1.c **** #endif /* CYINT_VECT_TABLE */
  42:.\Generated_Source\PSoC5/isr_1.c **** 
  43:.\Generated_Source\PSoC5/isr_1.c **** /* Declared in startup, used to set unused interrupts to. */
  44:.\Generated_Source\PSoC5/isr_1.c **** CY_ISR_PROTO(IntDefaultHandler);
  45:.\Generated_Source\PSoC5/isr_1.c **** 
  46:.\Generated_Source\PSoC5/isr_1.c **** 
  47:.\Generated_Source\PSoC5/isr_1.c **** /*******************************************************************************
  48:.\Generated_Source\PSoC5/isr_1.c **** * Function Name: isr_1_Start
  49:.\Generated_Source\PSoC5/isr_1.c **** ********************************************************************************
  50:.\Generated_Source\PSoC5/isr_1.c **** *
  51:.\Generated_Source\PSoC5/isr_1.c **** * Summary:
  52:.\Generated_Source\PSoC5/isr_1.c **** *  Set up the interrupt and enable it. This function disables the interrupt, 
  53:.\Generated_Source\PSoC5/isr_1.c **** *  sets the default interrupt vector, sets the priority from the value in the
  54:.\Generated_Source\PSoC5/isr_1.c **** *  Design Wide Resources Interrupt Editor, then enables the interrupt to the 
  55:.\Generated_Source\PSoC5/isr_1.c **** *  interrupt controller.
  56:.\Generated_Source\PSoC5/isr_1.c **** *
  57:.\Generated_Source\PSoC5/isr_1.c **** * Parameters:  
  58:.\Generated_Source\PSoC5/isr_1.c **** *   None
  59:.\Generated_Source\PSoC5/isr_1.c **** *
  60:.\Generated_Source\PSoC5/isr_1.c **** * Return:
  61:.\Generated_Source\PSoC5/isr_1.c **** *   None
  62:.\Generated_Source\PSoC5/isr_1.c **** *
  63:.\Generated_Source\PSoC5/isr_1.c **** *******************************************************************************/
  64:.\Generated_Source\PSoC5/isr_1.c **** void isr_1_Start(void)
  65:.\Generated_Source\PSoC5/isr_1.c **** {
  66:.\Generated_Source\PSoC5/isr_1.c ****     /* For all we know the interrupt is active. */
  67:.\Generated_Source\PSoC5/isr_1.c ****     isr_1_Disable();
  68:.\Generated_Source\PSoC5/isr_1.c **** 
  69:.\Generated_Source\PSoC5/isr_1.c ****     /* Set the ISR to point to the isr_1 Interrupt. */
  70:.\Generated_Source\PSoC5/isr_1.c ****     isr_1_SetVector(&isr_1_Interrupt);
  71:.\Generated_Source\PSoC5/isr_1.c **** 
  72:.\Generated_Source\PSoC5/isr_1.c ****     /* Set the priority. */
  73:.\Generated_Source\PSoC5/isr_1.c ****     isr_1_SetPriority((uint8)isr_1_INTC_PRIOR_NUMBER);
  74:.\Generated_Source\PSoC5/isr_1.c **** 
  75:.\Generated_Source\PSoC5/isr_1.c ****     /* Enable it. */
  76:.\Generated_Source\PSoC5/isr_1.c ****     isr_1_Enable();
  77:.\Generated_Source\PSoC5/isr_1.c **** }
  78:.\Generated_Source\PSoC5/isr_1.c **** 
  79:.\Generated_Source\PSoC5/isr_1.c **** 
  80:.\Generated_Source\PSoC5/isr_1.c **** /*******************************************************************************
  81:.\Generated_Source\PSoC5/isr_1.c **** * Function Name: isr_1_StartEx
  82:.\Generated_Source\PSoC5/isr_1.c **** ********************************************************************************
  83:.\Generated_Source\PSoC5/isr_1.c **** *
  84:.\Generated_Source\PSoC5/isr_1.c **** * Summary:
  85:.\Generated_Source\PSoC5/isr_1.c **** *  Sets up the interrupt and enables it. This function disables the interrupt,
  86:.\Generated_Source\PSoC5/isr_1.c **** *  sets the interrupt vector based on the address passed in, sets the priority 
  87:.\Generated_Source\PSoC5/isr_1.c **** *  from the value in the Design Wide Resources Interrupt Editor, then enables 
  88:.\Generated_Source\PSoC5/isr_1.c **** *  the interrupt to the interrupt controller.
ARM GAS  C:\Users\Zachary\AppData\Local\Temp\cc5yUBjI.s 			page 3


  89:.\Generated_Source\PSoC5/isr_1.c **** *  
  90:.\Generated_Source\PSoC5/isr_1.c **** *  When defining ISR functions, the CY_ISR and CY_ISR_PROTO macros should be 
  91:.\Generated_Source\PSoC5/isr_1.c **** *  used to provide consistent definition across compilers:
  92:.\Generated_Source\PSoC5/isr_1.c **** *  
  93:.\Generated_Source\PSoC5/isr_1.c **** *  Function definition example:
  94:.\Generated_Source\PSoC5/isr_1.c **** *   CY_ISR(MyISR)
  95:.\Generated_Source\PSoC5/isr_1.c **** *   {
  96:.\Generated_Source\PSoC5/isr_1.c **** *   }
  97:.\Generated_Source\PSoC5/isr_1.c **** *   Function prototype example:
  98:.\Generated_Source\PSoC5/isr_1.c **** *   CY_ISR_PROTO(MyISR);
  99:.\Generated_Source\PSoC5/isr_1.c **** *
 100:.\Generated_Source\PSoC5/isr_1.c **** * Parameters:  
 101:.\Generated_Source\PSoC5/isr_1.c **** *   address: Address of the ISR to set in the interrupt vector table.
 102:.\Generated_Source\PSoC5/isr_1.c **** *
 103:.\Generated_Source\PSoC5/isr_1.c **** * Return:
 104:.\Generated_Source\PSoC5/isr_1.c **** *   None
 105:.\Generated_Source\PSoC5/isr_1.c **** *
 106:.\Generated_Source\PSoC5/isr_1.c **** *******************************************************************************/
 107:.\Generated_Source\PSoC5/isr_1.c **** void isr_1_StartEx(cyisraddress address)
 108:.\Generated_Source\PSoC5/isr_1.c **** {
 109:.\Generated_Source\PSoC5/isr_1.c ****     /* For all we know the interrupt is active. */
 110:.\Generated_Source\PSoC5/isr_1.c ****     isr_1_Disable();
 111:.\Generated_Source\PSoC5/isr_1.c **** 
 112:.\Generated_Source\PSoC5/isr_1.c ****     /* Set the ISR to point to the isr_1 Interrupt. */
 113:.\Generated_Source\PSoC5/isr_1.c ****     isr_1_SetVector(address);
 114:.\Generated_Source\PSoC5/isr_1.c **** 
 115:.\Generated_Source\PSoC5/isr_1.c ****     /* Set the priority. */
 116:.\Generated_Source\PSoC5/isr_1.c ****     isr_1_SetPriority((uint8)isr_1_INTC_PRIOR_NUMBER);
 117:.\Generated_Source\PSoC5/isr_1.c **** 
 118:.\Generated_Source\PSoC5/isr_1.c ****     /* Enable it. */
 119:.\Generated_Source\PSoC5/isr_1.c ****     isr_1_Enable();
 120:.\Generated_Source\PSoC5/isr_1.c **** }
 121:.\Generated_Source\PSoC5/isr_1.c **** 
 122:.\Generated_Source\PSoC5/isr_1.c **** 
 123:.\Generated_Source\PSoC5/isr_1.c **** /*******************************************************************************
 124:.\Generated_Source\PSoC5/isr_1.c **** * Function Name: isr_1_Stop
 125:.\Generated_Source\PSoC5/isr_1.c **** ********************************************************************************
 126:.\Generated_Source\PSoC5/isr_1.c **** *
 127:.\Generated_Source\PSoC5/isr_1.c **** * Summary:
 128:.\Generated_Source\PSoC5/isr_1.c **** *   Disables and removes the interrupt.
 129:.\Generated_Source\PSoC5/isr_1.c **** *
 130:.\Generated_Source\PSoC5/isr_1.c **** * Parameters:  
 131:.\Generated_Source\PSoC5/isr_1.c **** *   None
 132:.\Generated_Source\PSoC5/isr_1.c **** *
 133:.\Generated_Source\PSoC5/isr_1.c **** * Return:
 134:.\Generated_Source\PSoC5/isr_1.c **** *   None
 135:.\Generated_Source\PSoC5/isr_1.c **** *
 136:.\Generated_Source\PSoC5/isr_1.c **** *******************************************************************************/
 137:.\Generated_Source\PSoC5/isr_1.c **** void isr_1_Stop(void)
 138:.\Generated_Source\PSoC5/isr_1.c **** {
 139:.\Generated_Source\PSoC5/isr_1.c ****     /* Disable this interrupt. */
 140:.\Generated_Source\PSoC5/isr_1.c ****     isr_1_Disable();
 141:.\Generated_Source\PSoC5/isr_1.c **** 
 142:.\Generated_Source\PSoC5/isr_1.c ****     /* Set the ISR to point to the passive one. */
 143:.\Generated_Source\PSoC5/isr_1.c ****     isr_1_SetVector(&IntDefaultHandler);
 144:.\Generated_Source\PSoC5/isr_1.c **** }
 145:.\Generated_Source\PSoC5/isr_1.c **** 
ARM GAS  C:\Users\Zachary\AppData\Local\Temp\cc5yUBjI.s 			page 4


 146:.\Generated_Source\PSoC5/isr_1.c **** 
 147:.\Generated_Source\PSoC5/isr_1.c **** /*******************************************************************************
 148:.\Generated_Source\PSoC5/isr_1.c **** * Function Name: isr_1_Interrupt
 149:.\Generated_Source\PSoC5/isr_1.c **** ********************************************************************************
 150:.\Generated_Source\PSoC5/isr_1.c **** *
 151:.\Generated_Source\PSoC5/isr_1.c **** * Summary:
 152:.\Generated_Source\PSoC5/isr_1.c **** *   The default Interrupt Service Routine for isr_1.
 153:.\Generated_Source\PSoC5/isr_1.c **** *
 154:.\Generated_Source\PSoC5/isr_1.c **** *   Add custom code between the coments to keep the next version of this file
 155:.\Generated_Source\PSoC5/isr_1.c **** *   from over writting your code.
 156:.\Generated_Source\PSoC5/isr_1.c **** *
 157:.\Generated_Source\PSoC5/isr_1.c **** * Parameters:  
 158:.\Generated_Source\PSoC5/isr_1.c **** *
 159:.\Generated_Source\PSoC5/isr_1.c **** * Return:
 160:.\Generated_Source\PSoC5/isr_1.c **** *   None
 161:.\Generated_Source\PSoC5/isr_1.c **** *
 162:.\Generated_Source\PSoC5/isr_1.c **** *******************************************************************************/
 163:.\Generated_Source\PSoC5/isr_1.c **** CY_ISR(isr_1_Interrupt)
 164:.\Generated_Source\PSoC5/isr_1.c **** {
  27              		.loc 1 164 0
  28              		.cfi_startproc
  29              		@ args = 0, pretend = 0, frame = 0
  30              		@ frame_needed = 0, uses_anonymous_args = 0
  31              		@ link register save eliminated.
 165:.\Generated_Source\PSoC5/isr_1.c ****     #ifdef isr_1_INTERRUPT_INTERRUPT_CALLBACK
 166:.\Generated_Source\PSoC5/isr_1.c ****         isr_1_Interrupt_InterruptCallback();
 167:.\Generated_Source\PSoC5/isr_1.c ****     #endif /* isr_1_INTERRUPT_INTERRUPT_CALLBACK */ 
 168:.\Generated_Source\PSoC5/isr_1.c **** 
 169:.\Generated_Source\PSoC5/isr_1.c ****     /*  Place your Interrupt code here. */
 170:.\Generated_Source\PSoC5/isr_1.c ****     /* `#START isr_1_Interrupt` */
 171:.\Generated_Source\PSoC5/isr_1.c ****     ReceivedData[counter] = counter;//*I2S_1_RX_CH0_F0_PTR;
  32              		.loc 1 171 0
  33 0000 034A     		ldr	r2, .L2
  34 0002 1368     		ldr	r3, [r2]
  35 0004 0349     		ldr	r1, .L2+4
  36 0006 21F81330 		strh	r3, [r1, r3, lsl #1]	@ movhi
 172:.\Generated_Source\PSoC5/isr_1.c ****     counter++;
  37              		.loc 1 172 0
  38 000a 0133     		adds	r3, r3, #1
  39 000c 1360     		str	r3, [r2]
  40 000e 7047     		bx	lr
  41              	.L3:
  42              		.align	2
  43              	.L2:
  44 0010 00000000 		.word	.LANCHOR0
  45 0014 00000000 		.word	ReceivedData
  46              		.cfi_endproc
  47              	.LFE3:
  48              		.size	isr_1_Interrupt, .-isr_1_Interrupt
  49              		.section	.text.isr_1_SetVector,"ax",%progbits
  50              		.align	2
  51              		.global	isr_1_SetVector
  52              		.thumb
  53              		.thumb_func
  54              		.type	isr_1_SetVector, %function
  55              	isr_1_SetVector:
  56              	.LFB4:
ARM GAS  C:\Users\Zachary\AppData\Local\Temp\cc5yUBjI.s 			page 5


 173:.\Generated_Source\PSoC5/isr_1.c ****     
 174:.\Generated_Source\PSoC5/isr_1.c ****     
 175:.\Generated_Source\PSoC5/isr_1.c ****     /* `#END` */
 176:.\Generated_Source\PSoC5/isr_1.c **** }
 177:.\Generated_Source\PSoC5/isr_1.c **** 
 178:.\Generated_Source\PSoC5/isr_1.c **** 
 179:.\Generated_Source\PSoC5/isr_1.c **** /*******************************************************************************
 180:.\Generated_Source\PSoC5/isr_1.c **** * Function Name: isr_1_SetVector
 181:.\Generated_Source\PSoC5/isr_1.c **** ********************************************************************************
 182:.\Generated_Source\PSoC5/isr_1.c **** *
 183:.\Generated_Source\PSoC5/isr_1.c **** * Summary:
 184:.\Generated_Source\PSoC5/isr_1.c **** *   Change the ISR vector for the Interrupt. Note calling isr_1_Start
 185:.\Generated_Source\PSoC5/isr_1.c **** *   will override any effect this method would have had. To set the vector 
 186:.\Generated_Source\PSoC5/isr_1.c **** *   before the component has been started use isr_1_StartEx instead.
 187:.\Generated_Source\PSoC5/isr_1.c **** * 
 188:.\Generated_Source\PSoC5/isr_1.c **** *   When defining ISR functions, the CY_ISR and CY_ISR_PROTO macros should be 
 189:.\Generated_Source\PSoC5/isr_1.c **** *   used to provide consistent definition across compilers:
 190:.\Generated_Source\PSoC5/isr_1.c **** *
 191:.\Generated_Source\PSoC5/isr_1.c **** *   Function definition example:
 192:.\Generated_Source\PSoC5/isr_1.c **** *   CY_ISR(MyISR)
 193:.\Generated_Source\PSoC5/isr_1.c **** *   {
 194:.\Generated_Source\PSoC5/isr_1.c **** *   }
 195:.\Generated_Source\PSoC5/isr_1.c **** *
 196:.\Generated_Source\PSoC5/isr_1.c **** *   Function prototype example:
 197:.\Generated_Source\PSoC5/isr_1.c **** *     CY_ISR_PROTO(MyISR);
 198:.\Generated_Source\PSoC5/isr_1.c **** *
 199:.\Generated_Source\PSoC5/isr_1.c **** * Parameters:
 200:.\Generated_Source\PSoC5/isr_1.c **** *   address: Address of the ISR to set in the interrupt vector table.
 201:.\Generated_Source\PSoC5/isr_1.c **** *
 202:.\Generated_Source\PSoC5/isr_1.c **** * Return:
 203:.\Generated_Source\PSoC5/isr_1.c **** *   None
 204:.\Generated_Source\PSoC5/isr_1.c **** *
 205:.\Generated_Source\PSoC5/isr_1.c **** *******************************************************************************/
 206:.\Generated_Source\PSoC5/isr_1.c **** void isr_1_SetVector(cyisraddress address)
 207:.\Generated_Source\PSoC5/isr_1.c **** {
  57              		.loc 1 207 0
  58              		.cfi_startproc
  59              		@ args = 0, pretend = 0, frame = 0
  60              		@ frame_needed = 0, uses_anonymous_args = 0
  61              		@ link register save eliminated.
  62              	.LVL0:
 208:.\Generated_Source\PSoC5/isr_1.c ****     cyisraddress * ramVectorTable;
 209:.\Generated_Source\PSoC5/isr_1.c **** 
 210:.\Generated_Source\PSoC5/isr_1.c ****     ramVectorTable = (cyisraddress *) *CYINT_VECT_TABLE;
  63              		.loc 1 210 0
  64 0000 014B     		ldr	r3, .L5
  65 0002 1B68     		ldr	r3, [r3]
  66              	.LVL1:
 211:.\Generated_Source\PSoC5/isr_1.c **** 
 212:.\Generated_Source\PSoC5/isr_1.c ****     ramVectorTable[CYINT_IRQ_BASE + (uint32)isr_1__INTC_NUMBER] = address;
  67              		.loc 1 212 0
  68 0004 1864     		str	r0, [r3, #64]
  69 0006 7047     		bx	lr
  70              	.L6:
  71              		.align	2
  72              	.L5:
  73 0008 08ED00E0 		.word	-536810232
ARM GAS  C:\Users\Zachary\AppData\Local\Temp\cc5yUBjI.s 			page 6


  74              		.cfi_endproc
  75              	.LFE4:
  76              		.size	isr_1_SetVector, .-isr_1_SetVector
  77              		.section	.text.isr_1_GetVector,"ax",%progbits
  78              		.align	2
  79              		.global	isr_1_GetVector
  80              		.thumb
  81              		.thumb_func
  82              		.type	isr_1_GetVector, %function
  83              	isr_1_GetVector:
  84              	.LFB5:
 213:.\Generated_Source\PSoC5/isr_1.c **** }
 214:.\Generated_Source\PSoC5/isr_1.c **** 
 215:.\Generated_Source\PSoC5/isr_1.c **** 
 216:.\Generated_Source\PSoC5/isr_1.c **** /*******************************************************************************
 217:.\Generated_Source\PSoC5/isr_1.c **** * Function Name: isr_1_GetVector
 218:.\Generated_Source\PSoC5/isr_1.c **** ********************************************************************************
 219:.\Generated_Source\PSoC5/isr_1.c **** *
 220:.\Generated_Source\PSoC5/isr_1.c **** * Summary:
 221:.\Generated_Source\PSoC5/isr_1.c **** *   Gets the "address" of the current ISR vector for the Interrupt.
 222:.\Generated_Source\PSoC5/isr_1.c **** *
 223:.\Generated_Source\PSoC5/isr_1.c **** * Parameters:
 224:.\Generated_Source\PSoC5/isr_1.c **** *   None
 225:.\Generated_Source\PSoC5/isr_1.c **** *
 226:.\Generated_Source\PSoC5/isr_1.c **** * Return:
 227:.\Generated_Source\PSoC5/isr_1.c **** *   Address of the ISR in the interrupt vector table.
 228:.\Generated_Source\PSoC5/isr_1.c **** *
 229:.\Generated_Source\PSoC5/isr_1.c **** *******************************************************************************/
 230:.\Generated_Source\PSoC5/isr_1.c **** cyisraddress isr_1_GetVector(void)
 231:.\Generated_Source\PSoC5/isr_1.c **** {
  85              		.loc 1 231 0
  86              		.cfi_startproc
  87              		@ args = 0, pretend = 0, frame = 0
  88              		@ frame_needed = 0, uses_anonymous_args = 0
  89              		@ link register save eliminated.
 232:.\Generated_Source\PSoC5/isr_1.c ****     cyisraddress * ramVectorTable;
 233:.\Generated_Source\PSoC5/isr_1.c **** 
 234:.\Generated_Source\PSoC5/isr_1.c ****     ramVectorTable = (cyisraddress *) *CYINT_VECT_TABLE;
  90              		.loc 1 234 0
  91 0000 014B     		ldr	r3, .L8
  92 0002 1B68     		ldr	r3, [r3]
  93              	.LVL2:
 235:.\Generated_Source\PSoC5/isr_1.c **** 
 236:.\Generated_Source\PSoC5/isr_1.c ****     return ramVectorTable[CYINT_IRQ_BASE + (uint32)isr_1__INTC_NUMBER];
 237:.\Generated_Source\PSoC5/isr_1.c **** }
  94              		.loc 1 237 0
  95 0004 186C     		ldr	r0, [r3, #64]
  96 0006 7047     		bx	lr
  97              	.L9:
  98              		.align	2
  99              	.L8:
 100 0008 08ED00E0 		.word	-536810232
 101              		.cfi_endproc
 102              	.LFE5:
 103              		.size	isr_1_GetVector, .-isr_1_GetVector
 104              		.section	.text.isr_1_SetPriority,"ax",%progbits
 105              		.align	2
ARM GAS  C:\Users\Zachary\AppData\Local\Temp\cc5yUBjI.s 			page 7


 106              		.global	isr_1_SetPriority
 107              		.thumb
 108              		.thumb_func
 109              		.type	isr_1_SetPriority, %function
 110              	isr_1_SetPriority:
 111              	.LFB6:
 238:.\Generated_Source\PSoC5/isr_1.c **** 
 239:.\Generated_Source\PSoC5/isr_1.c **** 
 240:.\Generated_Source\PSoC5/isr_1.c **** /*******************************************************************************
 241:.\Generated_Source\PSoC5/isr_1.c **** * Function Name: isr_1_SetPriority
 242:.\Generated_Source\PSoC5/isr_1.c **** ********************************************************************************
 243:.\Generated_Source\PSoC5/isr_1.c **** *
 244:.\Generated_Source\PSoC5/isr_1.c **** * Summary:
 245:.\Generated_Source\PSoC5/isr_1.c **** *   Sets the Priority of the Interrupt. 
 246:.\Generated_Source\PSoC5/isr_1.c **** *
 247:.\Generated_Source\PSoC5/isr_1.c **** *   Note calling isr_1_Start or isr_1_StartEx will 
 248:.\Generated_Source\PSoC5/isr_1.c **** *   override any effect this API would have had. This API should only be called
 249:.\Generated_Source\PSoC5/isr_1.c **** *   after isr_1_Start or isr_1_StartEx has been called. 
 250:.\Generated_Source\PSoC5/isr_1.c **** *   To set the initial priority for the component, use the Design-Wide Resources
 251:.\Generated_Source\PSoC5/isr_1.c **** *   Interrupt Editor.
 252:.\Generated_Source\PSoC5/isr_1.c **** *
 253:.\Generated_Source\PSoC5/isr_1.c **** *   Note This API has no effect on Non-maskable interrupt NMI).
 254:.\Generated_Source\PSoC5/isr_1.c **** *
 255:.\Generated_Source\PSoC5/isr_1.c **** * Parameters:
 256:.\Generated_Source\PSoC5/isr_1.c **** *   priority: Priority of the interrupt, 0 being the highest priority
 257:.\Generated_Source\PSoC5/isr_1.c **** *             PSoC 3 and PSoC 5LP: Priority is from 0 to 7.
 258:.\Generated_Source\PSoC5/isr_1.c **** *             PSoC 4: Priority is from 0 to 3.
 259:.\Generated_Source\PSoC5/isr_1.c **** *
 260:.\Generated_Source\PSoC5/isr_1.c **** * Return:
 261:.\Generated_Source\PSoC5/isr_1.c **** *   None
 262:.\Generated_Source\PSoC5/isr_1.c **** *
 263:.\Generated_Source\PSoC5/isr_1.c **** *******************************************************************************/
 264:.\Generated_Source\PSoC5/isr_1.c **** void isr_1_SetPriority(uint8 priority)
 265:.\Generated_Source\PSoC5/isr_1.c **** {
 112              		.loc 1 265 0
 113              		.cfi_startproc
 114              		@ args = 0, pretend = 0, frame = 0
 115              		@ frame_needed = 0, uses_anonymous_args = 0
 116              		@ link register save eliminated.
 117              	.LVL3:
 266:.\Generated_Source\PSoC5/isr_1.c ****     *isr_1_INTC_PRIOR = priority << 5;
 118              		.loc 1 266 0
 119 0000 4001     		lsls	r0, r0, #5
 120              	.LVL4:
 121 0002 C0B2     		uxtb	r0, r0
 122 0004 014B     		ldr	r3, .L11
 123 0006 1870     		strb	r0, [r3]
 124 0008 7047     		bx	lr
 125              	.L12:
 126 000a 00BF     		.align	2
 127              	.L11:
 128 000c 00E400E0 		.word	-536812544
 129              		.cfi_endproc
 130              	.LFE6:
 131              		.size	isr_1_SetPriority, .-isr_1_SetPriority
 132              		.section	.text.isr_1_GetPriority,"ax",%progbits
 133              		.align	2
ARM GAS  C:\Users\Zachary\AppData\Local\Temp\cc5yUBjI.s 			page 8


 134              		.global	isr_1_GetPriority
 135              		.thumb
 136              		.thumb_func
 137              		.type	isr_1_GetPriority, %function
 138              	isr_1_GetPriority:
 139              	.LFB7:
 267:.\Generated_Source\PSoC5/isr_1.c **** }
 268:.\Generated_Source\PSoC5/isr_1.c **** 
 269:.\Generated_Source\PSoC5/isr_1.c **** 
 270:.\Generated_Source\PSoC5/isr_1.c **** /*******************************************************************************
 271:.\Generated_Source\PSoC5/isr_1.c **** * Function Name: isr_1_GetPriority
 272:.\Generated_Source\PSoC5/isr_1.c **** ********************************************************************************
 273:.\Generated_Source\PSoC5/isr_1.c **** *
 274:.\Generated_Source\PSoC5/isr_1.c **** * Summary:
 275:.\Generated_Source\PSoC5/isr_1.c **** *   Gets the Priority of the Interrupt.
 276:.\Generated_Source\PSoC5/isr_1.c **** *
 277:.\Generated_Source\PSoC5/isr_1.c **** * Parameters:
 278:.\Generated_Source\PSoC5/isr_1.c **** *   None
 279:.\Generated_Source\PSoC5/isr_1.c **** *
 280:.\Generated_Source\PSoC5/isr_1.c **** * Return:
 281:.\Generated_Source\PSoC5/isr_1.c **** *   Priority of the interrupt, 0 being the highest priority
 282:.\Generated_Source\PSoC5/isr_1.c **** *    PSoC 3 and PSoC 5LP: Priority is from 0 to 7.
 283:.\Generated_Source\PSoC5/isr_1.c **** *    PSoC 4: Priority is from 0 to 3.
 284:.\Generated_Source\PSoC5/isr_1.c **** *
 285:.\Generated_Source\PSoC5/isr_1.c **** *******************************************************************************/
 286:.\Generated_Source\PSoC5/isr_1.c **** uint8 isr_1_GetPriority(void)
 287:.\Generated_Source\PSoC5/isr_1.c **** {
 140              		.loc 1 287 0
 141              		.cfi_startproc
 142              		@ args = 0, pretend = 0, frame = 0
 143              		@ frame_needed = 0, uses_anonymous_args = 0
 144              		@ link register save eliminated.
 288:.\Generated_Source\PSoC5/isr_1.c ****     uint8 priority;
 289:.\Generated_Source\PSoC5/isr_1.c **** 
 290:.\Generated_Source\PSoC5/isr_1.c **** 
 291:.\Generated_Source\PSoC5/isr_1.c ****     priority = *isr_1_INTC_PRIOR >> 5;
 145              		.loc 1 291 0
 146 0000 014B     		ldr	r3, .L14
 147 0002 1878     		ldrb	r0, [r3]	@ zero_extendqisi2
 148              	.LVL5:
 292:.\Generated_Source\PSoC5/isr_1.c **** 
 293:.\Generated_Source\PSoC5/isr_1.c ****     return priority;
 294:.\Generated_Source\PSoC5/isr_1.c **** }
 149              		.loc 1 294 0
 150 0004 4009     		lsrs	r0, r0, #5
 151              	.LVL6:
 152 0006 7047     		bx	lr
 153              	.L15:
 154              		.align	2
 155              	.L14:
 156 0008 00E400E0 		.word	-536812544
 157              		.cfi_endproc
 158              	.LFE7:
 159              		.size	isr_1_GetPriority, .-isr_1_GetPriority
 160              		.section	.text.isr_1_Enable,"ax",%progbits
 161              		.align	2
 162              		.global	isr_1_Enable
ARM GAS  C:\Users\Zachary\AppData\Local\Temp\cc5yUBjI.s 			page 9


 163              		.thumb
 164              		.thumb_func
 165              		.type	isr_1_Enable, %function
 166              	isr_1_Enable:
 167              	.LFB8:
 295:.\Generated_Source\PSoC5/isr_1.c **** 
 296:.\Generated_Source\PSoC5/isr_1.c **** 
 297:.\Generated_Source\PSoC5/isr_1.c **** /*******************************************************************************
 298:.\Generated_Source\PSoC5/isr_1.c **** * Function Name: isr_1_Enable
 299:.\Generated_Source\PSoC5/isr_1.c **** ********************************************************************************
 300:.\Generated_Source\PSoC5/isr_1.c **** *
 301:.\Generated_Source\PSoC5/isr_1.c **** * Summary:
 302:.\Generated_Source\PSoC5/isr_1.c **** *   Enables the interrupt to the interrupt controller. Do not call this function
 303:.\Generated_Source\PSoC5/isr_1.c **** *   unless ISR_Start() has been called or the functionality of the ISR_Start() 
 304:.\Generated_Source\PSoC5/isr_1.c **** *   function, which sets the vector and the priority, has been called.
 305:.\Generated_Source\PSoC5/isr_1.c **** *
 306:.\Generated_Source\PSoC5/isr_1.c **** * Parameters:
 307:.\Generated_Source\PSoC5/isr_1.c **** *   None
 308:.\Generated_Source\PSoC5/isr_1.c **** *
 309:.\Generated_Source\PSoC5/isr_1.c **** * Return:
 310:.\Generated_Source\PSoC5/isr_1.c **** *   None
 311:.\Generated_Source\PSoC5/isr_1.c **** *
 312:.\Generated_Source\PSoC5/isr_1.c **** *******************************************************************************/
 313:.\Generated_Source\PSoC5/isr_1.c **** void isr_1_Enable(void)
 314:.\Generated_Source\PSoC5/isr_1.c **** {
 168              		.loc 1 314 0
 169              		.cfi_startproc
 170              		@ args = 0, pretend = 0, frame = 0
 171              		@ frame_needed = 0, uses_anonymous_args = 0
 172              		@ link register save eliminated.
 315:.\Generated_Source\PSoC5/isr_1.c ****     /* Enable the general interrupt. */
 316:.\Generated_Source\PSoC5/isr_1.c ****     *isr_1_INTC_SET_EN = isr_1__INTC_MASK;
 173              		.loc 1 316 0
 174 0000 0122     		movs	r2, #1
 175 0002 014B     		ldr	r3, .L17
 176 0004 1A60     		str	r2, [r3]
 177 0006 7047     		bx	lr
 178              	.L18:
 179              		.align	2
 180              	.L17:
 181 0008 00E100E0 		.word	-536813312
 182              		.cfi_endproc
 183              	.LFE8:
 184              		.size	isr_1_Enable, .-isr_1_Enable
 185              		.section	.text.isr_1_GetState,"ax",%progbits
 186              		.align	2
 187              		.global	isr_1_GetState
 188              		.thumb
 189              		.thumb_func
 190              		.type	isr_1_GetState, %function
 191              	isr_1_GetState:
 192              	.LFB9:
 317:.\Generated_Source\PSoC5/isr_1.c **** }
 318:.\Generated_Source\PSoC5/isr_1.c **** 
 319:.\Generated_Source\PSoC5/isr_1.c **** 
 320:.\Generated_Source\PSoC5/isr_1.c **** /*******************************************************************************
 321:.\Generated_Source\PSoC5/isr_1.c **** * Function Name: isr_1_GetState
ARM GAS  C:\Users\Zachary\AppData\Local\Temp\cc5yUBjI.s 			page 10


 322:.\Generated_Source\PSoC5/isr_1.c **** ********************************************************************************
 323:.\Generated_Source\PSoC5/isr_1.c **** *
 324:.\Generated_Source\PSoC5/isr_1.c **** * Summary:
 325:.\Generated_Source\PSoC5/isr_1.c **** *   Gets the state (enabled, disabled) of the Interrupt.
 326:.\Generated_Source\PSoC5/isr_1.c **** *
 327:.\Generated_Source\PSoC5/isr_1.c **** * Parameters:
 328:.\Generated_Source\PSoC5/isr_1.c **** *   None
 329:.\Generated_Source\PSoC5/isr_1.c **** *
 330:.\Generated_Source\PSoC5/isr_1.c **** * Return:
 331:.\Generated_Source\PSoC5/isr_1.c **** *   1 if enabled, 0 if disabled.
 332:.\Generated_Source\PSoC5/isr_1.c **** *
 333:.\Generated_Source\PSoC5/isr_1.c **** *******************************************************************************/
 334:.\Generated_Source\PSoC5/isr_1.c **** uint8 isr_1_GetState(void)
 335:.\Generated_Source\PSoC5/isr_1.c **** {
 193              		.loc 1 335 0
 194              		.cfi_startproc
 195              		@ args = 0, pretend = 0, frame = 0
 196              		@ frame_needed = 0, uses_anonymous_args = 0
 197              		@ link register save eliminated.
 336:.\Generated_Source\PSoC5/isr_1.c ****     /* Get the state of the general interrupt. */
 337:.\Generated_Source\PSoC5/isr_1.c ****     return ((*isr_1_INTC_SET_EN & (uint32)isr_1__INTC_MASK) != 0u) ? 1u:0u;
 198              		.loc 1 337 0
 199 0000 024B     		ldr	r3, .L20
 200 0002 1868     		ldr	r0, [r3]
 338:.\Generated_Source\PSoC5/isr_1.c **** }
 201              		.loc 1 338 0
 202 0004 00F00100 		and	r0, r0, #1
 203 0008 7047     		bx	lr
 204              	.L21:
 205 000a 00BF     		.align	2
 206              	.L20:
 207 000c 00E100E0 		.word	-536813312
 208              		.cfi_endproc
 209              	.LFE9:
 210              		.size	isr_1_GetState, .-isr_1_GetState
 211              		.section	.text.isr_1_Disable,"ax",%progbits
 212              		.align	2
 213              		.global	isr_1_Disable
 214              		.thumb
 215              		.thumb_func
 216              		.type	isr_1_Disable, %function
 217              	isr_1_Disable:
 218              	.LFB10:
 339:.\Generated_Source\PSoC5/isr_1.c **** 
 340:.\Generated_Source\PSoC5/isr_1.c **** 
 341:.\Generated_Source\PSoC5/isr_1.c **** /*******************************************************************************
 342:.\Generated_Source\PSoC5/isr_1.c **** * Function Name: isr_1_Disable
 343:.\Generated_Source\PSoC5/isr_1.c **** ********************************************************************************
 344:.\Generated_Source\PSoC5/isr_1.c **** *
 345:.\Generated_Source\PSoC5/isr_1.c **** * Summary:
 346:.\Generated_Source\PSoC5/isr_1.c **** *   Disables the Interrupt in the interrupt controller.
 347:.\Generated_Source\PSoC5/isr_1.c **** *
 348:.\Generated_Source\PSoC5/isr_1.c **** * Parameters:
 349:.\Generated_Source\PSoC5/isr_1.c **** *   None
 350:.\Generated_Source\PSoC5/isr_1.c **** *
 351:.\Generated_Source\PSoC5/isr_1.c **** * Return:
 352:.\Generated_Source\PSoC5/isr_1.c **** *   None
ARM GAS  C:\Users\Zachary\AppData\Local\Temp\cc5yUBjI.s 			page 11


 353:.\Generated_Source\PSoC5/isr_1.c **** *
 354:.\Generated_Source\PSoC5/isr_1.c **** *******************************************************************************/
 355:.\Generated_Source\PSoC5/isr_1.c **** void isr_1_Disable(void)
 356:.\Generated_Source\PSoC5/isr_1.c **** {
 219              		.loc 1 356 0
 220              		.cfi_startproc
 221              		@ args = 0, pretend = 0, frame = 0
 222              		@ frame_needed = 0, uses_anonymous_args = 0
 223              		@ link register save eliminated.
 357:.\Generated_Source\PSoC5/isr_1.c ****     /* Disable the general interrupt. */
 358:.\Generated_Source\PSoC5/isr_1.c ****     *isr_1_INTC_CLR_EN = isr_1__INTC_MASK;
 224              		.loc 1 358 0
 225 0000 0122     		movs	r2, #1
 226 0002 014B     		ldr	r3, .L23
 227 0004 1A60     		str	r2, [r3]
 228 0006 7047     		bx	lr
 229              	.L24:
 230              		.align	2
 231              	.L23:
 232 0008 80E100E0 		.word	-536813184
 233              		.cfi_endproc
 234              	.LFE10:
 235              		.size	isr_1_Disable, .-isr_1_Disable
 236              		.section	.text.isr_1_Start,"ax",%progbits
 237              		.align	2
 238              		.global	isr_1_Start
 239              		.thumb
 240              		.thumb_func
 241              		.type	isr_1_Start, %function
 242              	isr_1_Start:
 243              	.LFB0:
  65:.\Generated_Source\PSoC5/isr_1.c ****     /* For all we know the interrupt is active. */
 244              		.loc 1 65 0
 245              		.cfi_startproc
 246              		@ args = 0, pretend = 0, frame = 0
 247              		@ frame_needed = 0, uses_anonymous_args = 0
 248 0000 08B5     		push	{r3, lr}
 249              		.cfi_def_cfa_offset 8
 250              		.cfi_offset 3, -8
 251              		.cfi_offset 14, -4
  67:.\Generated_Source\PSoC5/isr_1.c **** 
 252              		.loc 1 67 0
 253 0002 FFF7FEFF 		bl	isr_1_Disable
 254              	.LVL7:
  70:.\Generated_Source\PSoC5/isr_1.c **** 
 255              		.loc 1 70 0
 256 0006 0448     		ldr	r0, .L27
 257 0008 FFF7FEFF 		bl	isr_1_SetVector
 258              	.LVL8:
  73:.\Generated_Source\PSoC5/isr_1.c **** 
 259              		.loc 1 73 0
 260 000c 0720     		movs	r0, #7
 261 000e FFF7FEFF 		bl	isr_1_SetPriority
 262              	.LVL9:
  76:.\Generated_Source\PSoC5/isr_1.c **** }
 263              		.loc 1 76 0
 264 0012 FFF7FEFF 		bl	isr_1_Enable
ARM GAS  C:\Users\Zachary\AppData\Local\Temp\cc5yUBjI.s 			page 12


 265              	.LVL10:
 266 0016 08BD     		pop	{r3, pc}
 267              	.L28:
 268              		.align	2
 269              	.L27:
 270 0018 00000000 		.word	isr_1_Interrupt
 271              		.cfi_endproc
 272              	.LFE0:
 273              		.size	isr_1_Start, .-isr_1_Start
 274              		.section	.text.isr_1_StartEx,"ax",%progbits
 275              		.align	2
 276              		.global	isr_1_StartEx
 277              		.thumb
 278              		.thumb_func
 279              		.type	isr_1_StartEx, %function
 280              	isr_1_StartEx:
 281              	.LFB1:
 108:.\Generated_Source\PSoC5/isr_1.c ****     /* For all we know the interrupt is active. */
 282              		.loc 1 108 0
 283              		.cfi_startproc
 284              		@ args = 0, pretend = 0, frame = 0
 285              		@ frame_needed = 0, uses_anonymous_args = 0
 286              	.LVL11:
 287 0000 10B5     		push	{r4, lr}
 288              		.cfi_def_cfa_offset 8
 289              		.cfi_offset 4, -8
 290              		.cfi_offset 14, -4
 291 0002 0446     		mov	r4, r0
 110:.\Generated_Source\PSoC5/isr_1.c **** 
 292              		.loc 1 110 0
 293 0004 FFF7FEFF 		bl	isr_1_Disable
 294              	.LVL12:
 113:.\Generated_Source\PSoC5/isr_1.c **** 
 295              		.loc 1 113 0
 296 0008 2046     		mov	r0, r4
 297 000a FFF7FEFF 		bl	isr_1_SetVector
 298              	.LVL13:
 116:.\Generated_Source\PSoC5/isr_1.c **** 
 299              		.loc 1 116 0
 300 000e 0720     		movs	r0, #7
 301 0010 FFF7FEFF 		bl	isr_1_SetPriority
 302              	.LVL14:
 119:.\Generated_Source\PSoC5/isr_1.c **** }
 303              		.loc 1 119 0
 304 0014 FFF7FEFF 		bl	isr_1_Enable
 305              	.LVL15:
 306 0018 10BD     		pop	{r4, pc}
 307              		.cfi_endproc
 308              	.LFE1:
 309              		.size	isr_1_StartEx, .-isr_1_StartEx
 310 001a 00BF     		.section	.text.isr_1_Stop,"ax",%progbits
 311              		.align	2
 312              		.global	isr_1_Stop
 313              		.thumb
 314              		.thumb_func
 315              		.type	isr_1_Stop, %function
 316              	isr_1_Stop:
ARM GAS  C:\Users\Zachary\AppData\Local\Temp\cc5yUBjI.s 			page 13


 317              	.LFB2:
 138:.\Generated_Source\PSoC5/isr_1.c ****     /* Disable this interrupt. */
 318              		.loc 1 138 0
 319              		.cfi_startproc
 320              		@ args = 0, pretend = 0, frame = 0
 321              		@ frame_needed = 0, uses_anonymous_args = 0
 322 0000 08B5     		push	{r3, lr}
 323              		.cfi_def_cfa_offset 8
 324              		.cfi_offset 3, -8
 325              		.cfi_offset 14, -4
 140:.\Generated_Source\PSoC5/isr_1.c **** 
 326              		.loc 1 140 0
 327 0002 FFF7FEFF 		bl	isr_1_Disable
 328              	.LVL16:
 143:.\Generated_Source\PSoC5/isr_1.c **** }
 329              		.loc 1 143 0
 330 0006 0248     		ldr	r0, .L33
 331 0008 FFF7FEFF 		bl	isr_1_SetVector
 332              	.LVL17:
 333 000c 08BD     		pop	{r3, pc}
 334              	.L34:
 335 000e 00BF     		.align	2
 336              	.L33:
 337 0010 00000000 		.word	IntDefaultHandler
 338              		.cfi_endproc
 339              	.LFE2:
 340              		.size	isr_1_Stop, .-isr_1_Stop
 341              		.section	.text.isr_1_SetPending,"ax",%progbits
 342              		.align	2
 343              		.global	isr_1_SetPending
 344              		.thumb
 345              		.thumb_func
 346              		.type	isr_1_SetPending, %function
 347              	isr_1_SetPending:
 348              	.LFB11:
 359:.\Generated_Source\PSoC5/isr_1.c **** }
 360:.\Generated_Source\PSoC5/isr_1.c **** 
 361:.\Generated_Source\PSoC5/isr_1.c **** 
 362:.\Generated_Source\PSoC5/isr_1.c **** /*******************************************************************************
 363:.\Generated_Source\PSoC5/isr_1.c **** * Function Name: isr_1_SetPending
 364:.\Generated_Source\PSoC5/isr_1.c **** ********************************************************************************
 365:.\Generated_Source\PSoC5/isr_1.c **** *
 366:.\Generated_Source\PSoC5/isr_1.c **** * Summary:
 367:.\Generated_Source\PSoC5/isr_1.c **** *   Causes the Interrupt to enter the pending state, a software method of
 368:.\Generated_Source\PSoC5/isr_1.c **** *   generating the interrupt.
 369:.\Generated_Source\PSoC5/isr_1.c **** *
 370:.\Generated_Source\PSoC5/isr_1.c **** * Parameters:
 371:.\Generated_Source\PSoC5/isr_1.c **** *   None
 372:.\Generated_Source\PSoC5/isr_1.c **** *
 373:.\Generated_Source\PSoC5/isr_1.c **** * Return:
 374:.\Generated_Source\PSoC5/isr_1.c **** *   None
 375:.\Generated_Source\PSoC5/isr_1.c **** *
 376:.\Generated_Source\PSoC5/isr_1.c **** * Side Effects:
 377:.\Generated_Source\PSoC5/isr_1.c **** *   If interrupts are enabled and the interrupt is set up properly, the ISR is
 378:.\Generated_Source\PSoC5/isr_1.c **** *   entered (depending on the priority of this interrupt and other pending 
 379:.\Generated_Source\PSoC5/isr_1.c **** *   interrupts).
 380:.\Generated_Source\PSoC5/isr_1.c **** *
ARM GAS  C:\Users\Zachary\AppData\Local\Temp\cc5yUBjI.s 			page 14


 381:.\Generated_Source\PSoC5/isr_1.c **** *******************************************************************************/
 382:.\Generated_Source\PSoC5/isr_1.c **** void isr_1_SetPending(void)
 383:.\Generated_Source\PSoC5/isr_1.c **** {
 349              		.loc 1 383 0
 350              		.cfi_startproc
 351              		@ args = 0, pretend = 0, frame = 0
 352              		@ frame_needed = 0, uses_anonymous_args = 0
 353              		@ link register save eliminated.
 384:.\Generated_Source\PSoC5/isr_1.c ****     *isr_1_INTC_SET_PD = isr_1__INTC_MASK;
 354              		.loc 1 384 0
 355 0000 0122     		movs	r2, #1
 356 0002 014B     		ldr	r3, .L36
 357 0004 1A60     		str	r2, [r3]
 358 0006 7047     		bx	lr
 359              	.L37:
 360              		.align	2
 361              	.L36:
 362 0008 00E200E0 		.word	-536813056
 363              		.cfi_endproc
 364              	.LFE11:
 365              		.size	isr_1_SetPending, .-isr_1_SetPending
 366              		.section	.text.isr_1_ClearPending,"ax",%progbits
 367              		.align	2
 368              		.global	isr_1_ClearPending
 369              		.thumb
 370              		.thumb_func
 371              		.type	isr_1_ClearPending, %function
 372              	isr_1_ClearPending:
 373              	.LFB12:
 385:.\Generated_Source\PSoC5/isr_1.c **** }
 386:.\Generated_Source\PSoC5/isr_1.c **** 
 387:.\Generated_Source\PSoC5/isr_1.c **** 
 388:.\Generated_Source\PSoC5/isr_1.c **** /*******************************************************************************
 389:.\Generated_Source\PSoC5/isr_1.c **** * Function Name: isr_1_ClearPending
 390:.\Generated_Source\PSoC5/isr_1.c **** ********************************************************************************
 391:.\Generated_Source\PSoC5/isr_1.c **** *
 392:.\Generated_Source\PSoC5/isr_1.c **** * Summary:
 393:.\Generated_Source\PSoC5/isr_1.c **** *   Clears a pending interrupt in the interrupt controller.
 394:.\Generated_Source\PSoC5/isr_1.c **** *
 395:.\Generated_Source\PSoC5/isr_1.c **** *   Note Some interrupt sources are clear-on-read and require the block 
 396:.\Generated_Source\PSoC5/isr_1.c **** *   interrupt/status register to be read/cleared with the appropriate block API 
 397:.\Generated_Source\PSoC5/isr_1.c **** *   (GPIO, UART, and so on). Otherwise the ISR will continue to remain in 
 398:.\Generated_Source\PSoC5/isr_1.c **** *   pending state even though the interrupt itself is cleared using this API.
 399:.\Generated_Source\PSoC5/isr_1.c **** *
 400:.\Generated_Source\PSoC5/isr_1.c **** * Parameters:
 401:.\Generated_Source\PSoC5/isr_1.c **** *   None
 402:.\Generated_Source\PSoC5/isr_1.c **** *
 403:.\Generated_Source\PSoC5/isr_1.c **** * Return:
 404:.\Generated_Source\PSoC5/isr_1.c **** *   None
 405:.\Generated_Source\PSoC5/isr_1.c **** *
 406:.\Generated_Source\PSoC5/isr_1.c **** *******************************************************************************/
 407:.\Generated_Source\PSoC5/isr_1.c **** void isr_1_ClearPending(void)
 408:.\Generated_Source\PSoC5/isr_1.c **** {
 374              		.loc 1 408 0
 375              		.cfi_startproc
 376              		@ args = 0, pretend = 0, frame = 0
 377              		@ frame_needed = 0, uses_anonymous_args = 0
ARM GAS  C:\Users\Zachary\AppData\Local\Temp\cc5yUBjI.s 			page 15


 378              		@ link register save eliminated.
 409:.\Generated_Source\PSoC5/isr_1.c ****     *isr_1_INTC_CLR_PD = isr_1__INTC_MASK;
 379              		.loc 1 409 0
 380 0000 0122     		movs	r2, #1
 381 0002 014B     		ldr	r3, .L39
 382 0004 1A60     		str	r2, [r3]
 383 0006 7047     		bx	lr
 384              	.L40:
 385              		.align	2
 386              	.L39:
 387 0008 80E200E0 		.word	-536812928
 388              		.cfi_endproc
 389              	.LFE12:
 390              		.size	isr_1_ClearPending, .-isr_1_ClearPending
 391              		.global	counter
 392              		.comm	ReceivedData,2048,4
 393              		.bss
 394              		.align	2
 395              		.set	.LANCHOR0,. + 0
 396              		.type	counter, %object
 397              		.size	counter, 4
 398              	counter:
 399 0000 00000000 		.space	4
 400              		.text
 401              	.Letext0:
 402              		.file 2 "c:\\program files (x86)\\cypress\\psoc creator\\3.3\\psoc creator\\import\\gnu\\arm\\4.9.
 403              		.file 3 "c:\\program files (x86)\\cypress\\psoc creator\\3.3\\psoc creator\\import\\gnu\\arm\\4.9.
 404              		.file 4 "Generated_Source\\PSoC5/cytypes.h"
 405              		.section	.debug_info,"",%progbits
 406              	.Ldebug_info0:
 407 0000 0C030000 		.4byte	0x30c
 408 0004 0400     		.2byte	0x4
 409 0006 00000000 		.4byte	.Ldebug_abbrev0
 410 000a 04       		.byte	0x4
 411 000b 01       		.uleb128 0x1
 412 000c 62010000 		.4byte	.LASF37
 413 0010 01       		.byte	0x1
 414 0011 39000000 		.4byte	.LASF38
 415 0015 ED000000 		.4byte	.LASF39
 416 0019 00000000 		.4byte	.Ldebug_ranges0+0
 417 001d 00000000 		.4byte	0
 418 0021 00000000 		.4byte	.Ldebug_line0
 419 0025 02       		.uleb128 0x2
 420 0026 04       		.byte	0x4
 421 0027 05       		.byte	0x5
 422 0028 696E7400 		.ascii	"int\000"
 423 002c 03       		.uleb128 0x3
 424 002d 04       		.byte	0x4
 425 002e 07       		.byte	0x7
 426 002f F0010000 		.4byte	.LASF0
 427 0033 03       		.uleb128 0x3
 428 0034 01       		.byte	0x1
 429 0035 06       		.byte	0x6
 430 0036 9A020000 		.4byte	.LASF1
 431 003a 03       		.uleb128 0x3
 432 003b 01       		.byte	0x1
 433 003c 08       		.byte	0x8
ARM GAS  C:\Users\Zachary\AppData\Local\Temp\cc5yUBjI.s 			page 16


 434 003d C2000000 		.4byte	.LASF2
 435 0041 03       		.uleb128 0x3
 436 0042 02       		.byte	0x2
 437 0043 05       		.byte	0x5
 438 0044 6E020000 		.4byte	.LASF3
 439 0048 04       		.uleb128 0x4
 440 0049 37010000 		.4byte	.LASF11
 441 004d 02       		.byte	0x2
 442 004e 2B       		.byte	0x2b
 443 004f 53000000 		.4byte	0x53
 444 0053 03       		.uleb128 0x3
 445 0054 02       		.byte	0x2
 446 0055 07       		.byte	0x7
 447 0056 7F000000 		.4byte	.LASF4
 448 005a 03       		.uleb128 0x3
 449 005b 04       		.byte	0x4
 450 005c 05       		.byte	0x5
 451 005d 91020000 		.4byte	.LASF5
 452 0061 03       		.uleb128 0x3
 453 0062 04       		.byte	0x4
 454 0063 07       		.byte	0x7
 455 0064 D5000000 		.4byte	.LASF6
 456 0068 03       		.uleb128 0x3
 457 0069 08       		.byte	0x8
 458 006a 05       		.byte	0x5
 459 006b 3F020000 		.4byte	.LASF7
 460 006f 03       		.uleb128 0x3
 461 0070 08       		.byte	0x8
 462 0071 07       		.byte	0x7
 463 0072 05020000 		.4byte	.LASF8
 464 0076 03       		.uleb128 0x3
 465 0077 04       		.byte	0x4
 466 0078 07       		.byte	0x7
 467 0079 36020000 		.4byte	.LASF9
 468 007d 05       		.uleb128 0x5
 469 007e 04       		.byte	0x4
 470 007f 83000000 		.4byte	0x83
 471 0083 06       		.uleb128 0x6
 472 0084 03       		.uleb128 0x3
 473 0085 01       		.byte	0x1
 474 0086 08       		.byte	0x8
 475 0087 5A020000 		.4byte	.LASF10
 476 008b 04       		.uleb128 0x4
 477 008c 78020000 		.4byte	.LASF12
 478 0090 03       		.byte	0x3
 479 0091 21       		.byte	0x21
 480 0092 48000000 		.4byte	0x48
 481 0096 04       		.uleb128 0x4
 482 0097 E7000000 		.4byte	.LASF13
 483 009b 04       		.byte	0x4
 484 009c 5B       		.byte	0x5b
 485 009d 3A000000 		.4byte	0x3a
 486 00a1 04       		.uleb128 0x4
 487 00a2 5B010000 		.4byte	.LASF14
 488 00a6 04       		.byte	0x4
 489 00a7 5D       		.byte	0x5d
 490 00a8 61000000 		.4byte	0x61
ARM GAS  C:\Users\Zachary\AppData\Local\Temp\cc5yUBjI.s 			page 17


 491 00ac 03       		.uleb128 0x3
 492 00ad 04       		.byte	0x4
 493 00ae 04       		.byte	0x4
 494 00af B4000000 		.4byte	.LASF15
 495 00b3 03       		.uleb128 0x3
 496 00b4 08       		.byte	0x8
 497 00b5 04       		.byte	0x4
 498 00b6 42010000 		.4byte	.LASF16
 499 00ba 04       		.uleb128 0x4
 500 00bb D0000000 		.4byte	.LASF17
 501 00bf 04       		.byte	0x4
 502 00c0 F0       		.byte	0xf0
 503 00c1 C5000000 		.4byte	0xc5
 504 00c5 07       		.uleb128 0x7
 505 00c6 96000000 		.4byte	0x96
 506 00ca 04       		.uleb128 0x4
 507 00cb 13000000 		.4byte	.LASF18
 508 00cf 04       		.byte	0x4
 509 00d0 F2       		.byte	0xf2
 510 00d1 D5000000 		.4byte	0xd5
 511 00d5 07       		.uleb128 0x7
 512 00d6 A1000000 		.4byte	0xa1
 513 00da 08       		.uleb128 0x8
 514 00db 1C020000 		.4byte	.LASF19
 515 00df 04       		.byte	0x4
 516 00e0 0201     		.2byte	0x102
 517 00e2 7D000000 		.4byte	0x7d
 518 00e6 09       		.uleb128 0x9
 519 00e7 81020000 		.4byte	.LASF27
 520 00eb 01       		.byte	0x1
 521 00ec A3       		.byte	0xa3
 522 00ed 00000000 		.4byte	.LFB3
 523 00f1 18000000 		.4byte	.LFE3-.LFB3
 524 00f5 01       		.uleb128 0x1
 525 00f6 9C       		.byte	0x9c
 526 00f7 0A       		.uleb128 0xa
 527 00f8 B4020000 		.4byte	.LASF21
 528 00fc 01       		.byte	0x1
 529 00fd CE       		.byte	0xce
 530 00fe 00000000 		.4byte	.LFB4
 531 0102 0C000000 		.4byte	.LFE4-.LFB4
 532 0106 01       		.uleb128 0x1
 533 0107 9C       		.byte	0x9c
 534 0108 27010000 		.4byte	0x127
 535 010c 0B       		.uleb128 0xb
 536 010d FD010000 		.4byte	.LASF23
 537 0111 01       		.byte	0x1
 538 0112 CE       		.byte	0xce
 539 0113 DA000000 		.4byte	0xda
 540 0117 01       		.uleb128 0x1
 541 0118 50       		.byte	0x50
 542 0119 0C       		.uleb128 0xc
 543 011a 5F020000 		.4byte	.LASF20
 544 011e 01       		.byte	0x1
 545 011f D0       		.byte	0xd0
 546 0120 27010000 		.4byte	0x127
 547 0124 01       		.uleb128 0x1
ARM GAS  C:\Users\Zachary\AppData\Local\Temp\cc5yUBjI.s 			page 18


 548 0125 53       		.byte	0x53
 549 0126 00       		.byte	0
 550 0127 05       		.uleb128 0x5
 551 0128 04       		.byte	0x4
 552 0129 DA000000 		.4byte	0xda
 553 012d 0D       		.uleb128 0xd
 554 012e A4000000 		.4byte	.LASF25
 555 0132 01       		.byte	0x1
 556 0133 E6       		.byte	0xe6
 557 0134 DA000000 		.4byte	0xda
 558 0138 00000000 		.4byte	.LFB5
 559 013c 0C000000 		.4byte	.LFE5-.LFB5
 560 0140 01       		.uleb128 0x1
 561 0141 9C       		.byte	0x9c
 562 0142 54010000 		.4byte	0x154
 563 0146 0C       		.uleb128 0xc
 564 0147 5F020000 		.4byte	.LASF20
 565 014b 01       		.byte	0x1
 566 014c E8       		.byte	0xe8
 567 014d 27010000 		.4byte	0x127
 568 0151 01       		.uleb128 0x1
 569 0152 53       		.byte	0x53
 570 0153 00       		.byte	0
 571 0154 0E       		.uleb128 0xe
 572 0155 49010000 		.4byte	.LASF22
 573 0159 01       		.byte	0x1
 574 015a 0801     		.2byte	0x108
 575 015c 00000000 		.4byte	.LFB6
 576 0160 10000000 		.4byte	.LFE6-.LFB6
 577 0164 01       		.uleb128 0x1
 578 0165 9C       		.byte	0x9c
 579 0166 7B010000 		.4byte	0x17b
 580 016a 0F       		.uleb128 0xf
 581 016b 2E010000 		.4byte	.LASF24
 582 016f 01       		.byte	0x1
 583 0170 0801     		.2byte	0x108
 584 0172 96000000 		.4byte	0x96
 585 0176 00000000 		.4byte	.LLST0
 586 017a 00       		.byte	0
 587 017b 10       		.uleb128 0x10
 588 017c 92000000 		.4byte	.LASF26
 589 0180 01       		.byte	0x1
 590 0181 1E01     		.2byte	0x11e
 591 0183 96000000 		.4byte	0x96
 592 0187 00000000 		.4byte	.LFB7
 593 018b 0C000000 		.4byte	.LFE7-.LFB7
 594 018f 01       		.uleb128 0x1
 595 0190 9C       		.byte	0x9c
 596 0191 A6010000 		.4byte	0x1a6
 597 0195 11       		.uleb128 0x11
 598 0196 2E010000 		.4byte	.LASF24
 599 019a 01       		.byte	0x1
 600 019b 2001     		.2byte	0x120
 601 019d 96000000 		.4byte	0x96
 602 01a1 21000000 		.4byte	.LLST1
 603 01a5 00       		.byte	0
 604 01a6 12       		.uleb128 0x12
ARM GAS  C:\Users\Zachary\AppData\Local\Temp\cc5yUBjI.s 			page 19


 605 01a7 4D020000 		.4byte	.LASF28
 606 01ab 01       		.byte	0x1
 607 01ac 3901     		.2byte	0x139
 608 01ae 00000000 		.4byte	.LFB8
 609 01b2 0C000000 		.4byte	.LFE8-.LFB8
 610 01b6 01       		.uleb128 0x1
 611 01b7 9C       		.byte	0x9c
 612 01b8 13       		.uleb128 0x13
 613 01b9 2A000000 		.4byte	.LASF40
 614 01bd 01       		.byte	0x1
 615 01be 4E01     		.2byte	0x14e
 616 01c0 96000000 		.4byte	0x96
 617 01c4 00000000 		.4byte	.LFB9
 618 01c8 10000000 		.4byte	.LFE9-.LFB9
 619 01cc 01       		.uleb128 0x1
 620 01cd 9C       		.byte	0x9c
 621 01ce 12       		.uleb128 0x12
 622 01cf 5A000000 		.4byte	.LASF29
 623 01d3 01       		.byte	0x1
 624 01d4 6301     		.2byte	0x163
 625 01d6 00000000 		.4byte	.LFB10
 626 01da 0C000000 		.4byte	.LFE10-.LFB10
 627 01de 01       		.uleb128 0x1
 628 01df 9C       		.byte	0x9c
 629 01e0 0A       		.uleb128 0xa
 630 01e1 73000000 		.4byte	.LASF30
 631 01e5 01       		.byte	0x1
 632 01e6 40       		.byte	0x40
 633 01e7 00000000 		.4byte	.LFB0
 634 01eb 1C000000 		.4byte	.LFE0-.LFB0
 635 01ef 01       		.uleb128 0x1
 636 01f0 9C       		.byte	0x9c
 637 01f1 32020000 		.4byte	0x232
 638 01f5 14       		.uleb128 0x14
 639 01f6 06000000 		.4byte	.LVL7
 640 01fa CE010000 		.4byte	0x1ce
 641 01fe 15       		.uleb128 0x15
 642 01ff 0C000000 		.4byte	.LVL8
 643 0203 F7000000 		.4byte	0xf7
 644 0207 15020000 		.4byte	0x215
 645 020b 16       		.uleb128 0x16
 646 020c 01       		.uleb128 0x1
 647 020d 50       		.byte	0x50
 648 020e 05       		.uleb128 0x5
 649 020f 03       		.byte	0x3
 650 0210 00000000 		.4byte	isr_1_Interrupt
 651 0214 00       		.byte	0
 652 0215 15       		.uleb128 0x15
 653 0216 12000000 		.4byte	.LVL9
 654 021a 54010000 		.4byte	0x154
 655 021e 28020000 		.4byte	0x228
 656 0222 16       		.uleb128 0x16
 657 0223 01       		.uleb128 0x1
 658 0224 50       		.byte	0x50
 659 0225 01       		.uleb128 0x1
 660 0226 37       		.byte	0x37
 661 0227 00       		.byte	0
ARM GAS  C:\Users\Zachary\AppData\Local\Temp\cc5yUBjI.s 			page 20


 662 0228 14       		.uleb128 0x14
 663 0229 16000000 		.4byte	.LVL10
 664 022d A6010000 		.4byte	0x1a6
 665 0231 00       		.byte	0
 666 0232 0A       		.uleb128 0xa
 667 0233 A6020000 		.4byte	.LASF31
 668 0237 01       		.byte	0x1
 669 0238 6B       		.byte	0x6b
 670 0239 00000000 		.4byte	.LFB1
 671 023d 1A000000 		.4byte	.LFE1-.LFB1
 672 0241 01       		.uleb128 0x1
 673 0242 9C       		.byte	0x9c
 674 0243 90020000 		.4byte	0x290
 675 0247 17       		.uleb128 0x17
 676 0248 FD010000 		.4byte	.LASF23
 677 024c 01       		.byte	0x1
 678 024d 6B       		.byte	0x6b
 679 024e DA000000 		.4byte	0xda
 680 0252 38000000 		.4byte	.LLST2
 681 0256 14       		.uleb128 0x14
 682 0257 08000000 		.4byte	.LVL12
 683 025b CE010000 		.4byte	0x1ce
 684 025f 15       		.uleb128 0x15
 685 0260 0E000000 		.4byte	.LVL13
 686 0264 F7000000 		.4byte	0xf7
 687 0268 73020000 		.4byte	0x273
 688 026c 16       		.uleb128 0x16
 689 026d 01       		.uleb128 0x1
 690 026e 50       		.byte	0x50
 691 026f 02       		.uleb128 0x2
 692 0270 74       		.byte	0x74
 693 0271 00       		.sleb128 0
 694 0272 00       		.byte	0
 695 0273 15       		.uleb128 0x15
 696 0274 14000000 		.4byte	.LVL14
 697 0278 54010000 		.4byte	0x154
 698 027c 86020000 		.4byte	0x286
 699 0280 16       		.uleb128 0x16
 700 0281 01       		.uleb128 0x1
 701 0282 50       		.byte	0x50
 702 0283 01       		.uleb128 0x1
 703 0284 37       		.byte	0x37
 704 0285 00       		.byte	0
 705 0286 14       		.uleb128 0x14
 706 0287 18000000 		.4byte	.LVL15
 707 028b A6010000 		.4byte	0x1a6
 708 028f 00       		.byte	0
 709 0290 0A       		.uleb128 0xa
 710 0291 68000000 		.4byte	.LASF32
 711 0295 01       		.byte	0x1
 712 0296 89       		.byte	0x89
 713 0297 00000000 		.4byte	.LFB2
 714 029b 14000000 		.4byte	.LFE2-.LFB2
 715 029f 01       		.uleb128 0x1
 716 02a0 9C       		.byte	0x9c
 717 02a1 B8020000 		.4byte	0x2b8
 718 02a5 14       		.uleb128 0x14
ARM GAS  C:\Users\Zachary\AppData\Local\Temp\cc5yUBjI.s 			page 21


 719 02a6 06000000 		.4byte	.LVL16
 720 02aa CE010000 		.4byte	0x1ce
 721 02ae 14       		.uleb128 0x14
 722 02af 0C000000 		.4byte	.LVL17
 723 02b3 F7000000 		.4byte	0xf7
 724 02b7 00       		.byte	0
 725 02b8 12       		.uleb128 0x12
 726 02b9 19000000 		.4byte	.LASF33
 727 02bd 01       		.byte	0x1
 728 02be 7E01     		.2byte	0x17e
 729 02c0 00000000 		.4byte	.LFB11
 730 02c4 0C000000 		.4byte	.LFE11-.LFB11
 731 02c8 01       		.uleb128 0x1
 732 02c9 9C       		.byte	0x9c
 733 02ca 12       		.uleb128 0x12
 734 02cb 00000000 		.4byte	.LASF34
 735 02cf 01       		.byte	0x1
 736 02d0 9701     		.2byte	0x197
 737 02d2 00000000 		.4byte	.LFB12
 738 02d6 0C000000 		.4byte	.LFE12-.LFB12
 739 02da 01       		.uleb128 0x1
 740 02db 9C       		.byte	0x9c
 741 02dc 18       		.uleb128 0x18
 742 02dd 8B000000 		.4byte	0x8b
 743 02e1 ED020000 		.4byte	0x2ed
 744 02e5 19       		.uleb128 0x19
 745 02e6 76000000 		.4byte	0x76
 746 02ea FF03     		.2byte	0x3ff
 747 02ec 00       		.byte	0
 748 02ed 1A       		.uleb128 0x1a
 749 02ee 29020000 		.4byte	.LASF35
 750 02f2 01       		.byte	0x1
 751 02f3 20       		.byte	0x20
 752 02f4 DC020000 		.4byte	0x2dc
 753 02f8 05       		.uleb128 0x5
 754 02f9 03       		.byte	0x3
 755 02fa 00000000 		.4byte	ReceivedData
 756 02fe 1A       		.uleb128 0x1a
 757 02ff BA000000 		.4byte	.LASF36
 758 0303 01       		.byte	0x1
 759 0304 21       		.byte	0x21
 760 0305 25000000 		.4byte	0x25
 761 0309 05       		.uleb128 0x5
 762 030a 03       		.byte	0x3
 763 030b 00000000 		.4byte	counter
 764 030f 00       		.byte	0
 765              		.section	.debug_abbrev,"",%progbits
 766              	.Ldebug_abbrev0:
 767 0000 01       		.uleb128 0x1
 768 0001 11       		.uleb128 0x11
 769 0002 01       		.byte	0x1
 770 0003 25       		.uleb128 0x25
 771 0004 0E       		.uleb128 0xe
 772 0005 13       		.uleb128 0x13
 773 0006 0B       		.uleb128 0xb
 774 0007 03       		.uleb128 0x3
 775 0008 0E       		.uleb128 0xe
ARM GAS  C:\Users\Zachary\AppData\Local\Temp\cc5yUBjI.s 			page 22


 776 0009 1B       		.uleb128 0x1b
 777 000a 0E       		.uleb128 0xe
 778 000b 55       		.uleb128 0x55
 779 000c 17       		.uleb128 0x17
 780 000d 11       		.uleb128 0x11
 781 000e 01       		.uleb128 0x1
 782 000f 10       		.uleb128 0x10
 783 0010 17       		.uleb128 0x17
 784 0011 00       		.byte	0
 785 0012 00       		.byte	0
 786 0013 02       		.uleb128 0x2
 787 0014 24       		.uleb128 0x24
 788 0015 00       		.byte	0
 789 0016 0B       		.uleb128 0xb
 790 0017 0B       		.uleb128 0xb
 791 0018 3E       		.uleb128 0x3e
 792 0019 0B       		.uleb128 0xb
 793 001a 03       		.uleb128 0x3
 794 001b 08       		.uleb128 0x8
 795 001c 00       		.byte	0
 796 001d 00       		.byte	0
 797 001e 03       		.uleb128 0x3
 798 001f 24       		.uleb128 0x24
 799 0020 00       		.byte	0
 800 0021 0B       		.uleb128 0xb
 801 0022 0B       		.uleb128 0xb
 802 0023 3E       		.uleb128 0x3e
 803 0024 0B       		.uleb128 0xb
 804 0025 03       		.uleb128 0x3
 805 0026 0E       		.uleb128 0xe
 806 0027 00       		.byte	0
 807 0028 00       		.byte	0
 808 0029 04       		.uleb128 0x4
 809 002a 16       		.uleb128 0x16
 810 002b 00       		.byte	0
 811 002c 03       		.uleb128 0x3
 812 002d 0E       		.uleb128 0xe
 813 002e 3A       		.uleb128 0x3a
 814 002f 0B       		.uleb128 0xb
 815 0030 3B       		.uleb128 0x3b
 816 0031 0B       		.uleb128 0xb
 817 0032 49       		.uleb128 0x49
 818 0033 13       		.uleb128 0x13
 819 0034 00       		.byte	0
 820 0035 00       		.byte	0
 821 0036 05       		.uleb128 0x5
 822 0037 0F       		.uleb128 0xf
 823 0038 00       		.byte	0
 824 0039 0B       		.uleb128 0xb
 825 003a 0B       		.uleb128 0xb
 826 003b 49       		.uleb128 0x49
 827 003c 13       		.uleb128 0x13
 828 003d 00       		.byte	0
 829 003e 00       		.byte	0
 830 003f 06       		.uleb128 0x6
 831 0040 15       		.uleb128 0x15
 832 0041 00       		.byte	0
ARM GAS  C:\Users\Zachary\AppData\Local\Temp\cc5yUBjI.s 			page 23


 833 0042 27       		.uleb128 0x27
 834 0043 19       		.uleb128 0x19
 835 0044 00       		.byte	0
 836 0045 00       		.byte	0
 837 0046 07       		.uleb128 0x7
 838 0047 35       		.uleb128 0x35
 839 0048 00       		.byte	0
 840 0049 49       		.uleb128 0x49
 841 004a 13       		.uleb128 0x13
 842 004b 00       		.byte	0
 843 004c 00       		.byte	0
 844 004d 08       		.uleb128 0x8
 845 004e 16       		.uleb128 0x16
 846 004f 00       		.byte	0
 847 0050 03       		.uleb128 0x3
 848 0051 0E       		.uleb128 0xe
 849 0052 3A       		.uleb128 0x3a
 850 0053 0B       		.uleb128 0xb
 851 0054 3B       		.uleb128 0x3b
 852 0055 05       		.uleb128 0x5
 853 0056 49       		.uleb128 0x49
 854 0057 13       		.uleb128 0x13
 855 0058 00       		.byte	0
 856 0059 00       		.byte	0
 857 005a 09       		.uleb128 0x9
 858 005b 2E       		.uleb128 0x2e
 859 005c 00       		.byte	0
 860 005d 3F       		.uleb128 0x3f
 861 005e 19       		.uleb128 0x19
 862 005f 03       		.uleb128 0x3
 863 0060 0E       		.uleb128 0xe
 864 0061 3A       		.uleb128 0x3a
 865 0062 0B       		.uleb128 0xb
 866 0063 3B       		.uleb128 0x3b
 867 0064 0B       		.uleb128 0xb
 868 0065 27       		.uleb128 0x27
 869 0066 19       		.uleb128 0x19
 870 0067 11       		.uleb128 0x11
 871 0068 01       		.uleb128 0x1
 872 0069 12       		.uleb128 0x12
 873 006a 06       		.uleb128 0x6
 874 006b 40       		.uleb128 0x40
 875 006c 18       		.uleb128 0x18
 876 006d 9742     		.uleb128 0x2117
 877 006f 19       		.uleb128 0x19
 878 0070 00       		.byte	0
 879 0071 00       		.byte	0
 880 0072 0A       		.uleb128 0xa
 881 0073 2E       		.uleb128 0x2e
 882 0074 01       		.byte	0x1
 883 0075 3F       		.uleb128 0x3f
 884 0076 19       		.uleb128 0x19
 885 0077 03       		.uleb128 0x3
 886 0078 0E       		.uleb128 0xe
 887 0079 3A       		.uleb128 0x3a
 888 007a 0B       		.uleb128 0xb
 889 007b 3B       		.uleb128 0x3b
ARM GAS  C:\Users\Zachary\AppData\Local\Temp\cc5yUBjI.s 			page 24


 890 007c 0B       		.uleb128 0xb
 891 007d 27       		.uleb128 0x27
 892 007e 19       		.uleb128 0x19
 893 007f 11       		.uleb128 0x11
 894 0080 01       		.uleb128 0x1
 895 0081 12       		.uleb128 0x12
 896 0082 06       		.uleb128 0x6
 897 0083 40       		.uleb128 0x40
 898 0084 18       		.uleb128 0x18
 899 0085 9742     		.uleb128 0x2117
 900 0087 19       		.uleb128 0x19
 901 0088 01       		.uleb128 0x1
 902 0089 13       		.uleb128 0x13
 903 008a 00       		.byte	0
 904 008b 00       		.byte	0
 905 008c 0B       		.uleb128 0xb
 906 008d 05       		.uleb128 0x5
 907 008e 00       		.byte	0
 908 008f 03       		.uleb128 0x3
 909 0090 0E       		.uleb128 0xe
 910 0091 3A       		.uleb128 0x3a
 911 0092 0B       		.uleb128 0xb
 912 0093 3B       		.uleb128 0x3b
 913 0094 0B       		.uleb128 0xb
 914 0095 49       		.uleb128 0x49
 915 0096 13       		.uleb128 0x13
 916 0097 02       		.uleb128 0x2
 917 0098 18       		.uleb128 0x18
 918 0099 00       		.byte	0
 919 009a 00       		.byte	0
 920 009b 0C       		.uleb128 0xc
 921 009c 34       		.uleb128 0x34
 922 009d 00       		.byte	0
 923 009e 03       		.uleb128 0x3
 924 009f 0E       		.uleb128 0xe
 925 00a0 3A       		.uleb128 0x3a
 926 00a1 0B       		.uleb128 0xb
 927 00a2 3B       		.uleb128 0x3b
 928 00a3 0B       		.uleb128 0xb
 929 00a4 49       		.uleb128 0x49
 930 00a5 13       		.uleb128 0x13
 931 00a6 02       		.uleb128 0x2
 932 00a7 18       		.uleb128 0x18
 933 00a8 00       		.byte	0
 934 00a9 00       		.byte	0
 935 00aa 0D       		.uleb128 0xd
 936 00ab 2E       		.uleb128 0x2e
 937 00ac 01       		.byte	0x1
 938 00ad 3F       		.uleb128 0x3f
 939 00ae 19       		.uleb128 0x19
 940 00af 03       		.uleb128 0x3
 941 00b0 0E       		.uleb128 0xe
 942 00b1 3A       		.uleb128 0x3a
 943 00b2 0B       		.uleb128 0xb
 944 00b3 3B       		.uleb128 0x3b
 945 00b4 0B       		.uleb128 0xb
 946 00b5 27       		.uleb128 0x27
ARM GAS  C:\Users\Zachary\AppData\Local\Temp\cc5yUBjI.s 			page 25


 947 00b6 19       		.uleb128 0x19
 948 00b7 49       		.uleb128 0x49
 949 00b8 13       		.uleb128 0x13
 950 00b9 11       		.uleb128 0x11
 951 00ba 01       		.uleb128 0x1
 952 00bb 12       		.uleb128 0x12
 953 00bc 06       		.uleb128 0x6
 954 00bd 40       		.uleb128 0x40
 955 00be 18       		.uleb128 0x18
 956 00bf 9742     		.uleb128 0x2117
 957 00c1 19       		.uleb128 0x19
 958 00c2 01       		.uleb128 0x1
 959 00c3 13       		.uleb128 0x13
 960 00c4 00       		.byte	0
 961 00c5 00       		.byte	0
 962 00c6 0E       		.uleb128 0xe
 963 00c7 2E       		.uleb128 0x2e
 964 00c8 01       		.byte	0x1
 965 00c9 3F       		.uleb128 0x3f
 966 00ca 19       		.uleb128 0x19
 967 00cb 03       		.uleb128 0x3
 968 00cc 0E       		.uleb128 0xe
 969 00cd 3A       		.uleb128 0x3a
 970 00ce 0B       		.uleb128 0xb
 971 00cf 3B       		.uleb128 0x3b
 972 00d0 05       		.uleb128 0x5
 973 00d1 27       		.uleb128 0x27
 974 00d2 19       		.uleb128 0x19
 975 00d3 11       		.uleb128 0x11
 976 00d4 01       		.uleb128 0x1
 977 00d5 12       		.uleb128 0x12
 978 00d6 06       		.uleb128 0x6
 979 00d7 40       		.uleb128 0x40
 980 00d8 18       		.uleb128 0x18
 981 00d9 9742     		.uleb128 0x2117
 982 00db 19       		.uleb128 0x19
 983 00dc 01       		.uleb128 0x1
 984 00dd 13       		.uleb128 0x13
 985 00de 00       		.byte	0
 986 00df 00       		.byte	0
 987 00e0 0F       		.uleb128 0xf
 988 00e1 05       		.uleb128 0x5
 989 00e2 00       		.byte	0
 990 00e3 03       		.uleb128 0x3
 991 00e4 0E       		.uleb128 0xe
 992 00e5 3A       		.uleb128 0x3a
 993 00e6 0B       		.uleb128 0xb
 994 00e7 3B       		.uleb128 0x3b
 995 00e8 05       		.uleb128 0x5
 996 00e9 49       		.uleb128 0x49
 997 00ea 13       		.uleb128 0x13
 998 00eb 02       		.uleb128 0x2
 999 00ec 17       		.uleb128 0x17
 1000 00ed 00       		.byte	0
 1001 00ee 00       		.byte	0
 1002 00ef 10       		.uleb128 0x10
 1003 00f0 2E       		.uleb128 0x2e
ARM GAS  C:\Users\Zachary\AppData\Local\Temp\cc5yUBjI.s 			page 26


 1004 00f1 01       		.byte	0x1
 1005 00f2 3F       		.uleb128 0x3f
 1006 00f3 19       		.uleb128 0x19
 1007 00f4 03       		.uleb128 0x3
 1008 00f5 0E       		.uleb128 0xe
 1009 00f6 3A       		.uleb128 0x3a
 1010 00f7 0B       		.uleb128 0xb
 1011 00f8 3B       		.uleb128 0x3b
 1012 00f9 05       		.uleb128 0x5
 1013 00fa 27       		.uleb128 0x27
 1014 00fb 19       		.uleb128 0x19
 1015 00fc 49       		.uleb128 0x49
 1016 00fd 13       		.uleb128 0x13
 1017 00fe 11       		.uleb128 0x11
 1018 00ff 01       		.uleb128 0x1
 1019 0100 12       		.uleb128 0x12
 1020 0101 06       		.uleb128 0x6
 1021 0102 40       		.uleb128 0x40
 1022 0103 18       		.uleb128 0x18
 1023 0104 9742     		.uleb128 0x2117
 1024 0106 19       		.uleb128 0x19
 1025 0107 01       		.uleb128 0x1
 1026 0108 13       		.uleb128 0x13
 1027 0109 00       		.byte	0
 1028 010a 00       		.byte	0
 1029 010b 11       		.uleb128 0x11
 1030 010c 34       		.uleb128 0x34
 1031 010d 00       		.byte	0
 1032 010e 03       		.uleb128 0x3
 1033 010f 0E       		.uleb128 0xe
 1034 0110 3A       		.uleb128 0x3a
 1035 0111 0B       		.uleb128 0xb
 1036 0112 3B       		.uleb128 0x3b
 1037 0113 05       		.uleb128 0x5
 1038 0114 49       		.uleb128 0x49
 1039 0115 13       		.uleb128 0x13
 1040 0116 02       		.uleb128 0x2
 1041 0117 17       		.uleb128 0x17
 1042 0118 00       		.byte	0
 1043 0119 00       		.byte	0
 1044 011a 12       		.uleb128 0x12
 1045 011b 2E       		.uleb128 0x2e
 1046 011c 00       		.byte	0
 1047 011d 3F       		.uleb128 0x3f
 1048 011e 19       		.uleb128 0x19
 1049 011f 03       		.uleb128 0x3
 1050 0120 0E       		.uleb128 0xe
 1051 0121 3A       		.uleb128 0x3a
 1052 0122 0B       		.uleb128 0xb
 1053 0123 3B       		.uleb128 0x3b
 1054 0124 05       		.uleb128 0x5
 1055 0125 27       		.uleb128 0x27
 1056 0126 19       		.uleb128 0x19
 1057 0127 11       		.uleb128 0x11
 1058 0128 01       		.uleb128 0x1
 1059 0129 12       		.uleb128 0x12
 1060 012a 06       		.uleb128 0x6
ARM GAS  C:\Users\Zachary\AppData\Local\Temp\cc5yUBjI.s 			page 27


 1061 012b 40       		.uleb128 0x40
 1062 012c 18       		.uleb128 0x18
 1063 012d 9742     		.uleb128 0x2117
 1064 012f 19       		.uleb128 0x19
 1065 0130 00       		.byte	0
 1066 0131 00       		.byte	0
 1067 0132 13       		.uleb128 0x13
 1068 0133 2E       		.uleb128 0x2e
 1069 0134 00       		.byte	0
 1070 0135 3F       		.uleb128 0x3f
 1071 0136 19       		.uleb128 0x19
 1072 0137 03       		.uleb128 0x3
 1073 0138 0E       		.uleb128 0xe
 1074 0139 3A       		.uleb128 0x3a
 1075 013a 0B       		.uleb128 0xb
 1076 013b 3B       		.uleb128 0x3b
 1077 013c 05       		.uleb128 0x5
 1078 013d 27       		.uleb128 0x27
 1079 013e 19       		.uleb128 0x19
 1080 013f 49       		.uleb128 0x49
 1081 0140 13       		.uleb128 0x13
 1082 0141 11       		.uleb128 0x11
 1083 0142 01       		.uleb128 0x1
 1084 0143 12       		.uleb128 0x12
 1085 0144 06       		.uleb128 0x6
 1086 0145 40       		.uleb128 0x40
 1087 0146 18       		.uleb128 0x18
 1088 0147 9742     		.uleb128 0x2117
 1089 0149 19       		.uleb128 0x19
 1090 014a 00       		.byte	0
 1091 014b 00       		.byte	0
 1092 014c 14       		.uleb128 0x14
 1093 014d 898201   		.uleb128 0x4109
 1094 0150 00       		.byte	0
 1095 0151 11       		.uleb128 0x11
 1096 0152 01       		.uleb128 0x1
 1097 0153 31       		.uleb128 0x31
 1098 0154 13       		.uleb128 0x13
 1099 0155 00       		.byte	0
 1100 0156 00       		.byte	0
 1101 0157 15       		.uleb128 0x15
 1102 0158 898201   		.uleb128 0x4109
 1103 015b 01       		.byte	0x1
 1104 015c 11       		.uleb128 0x11
 1105 015d 01       		.uleb128 0x1
 1106 015e 31       		.uleb128 0x31
 1107 015f 13       		.uleb128 0x13
 1108 0160 01       		.uleb128 0x1
 1109 0161 13       		.uleb128 0x13
 1110 0162 00       		.byte	0
 1111 0163 00       		.byte	0
 1112 0164 16       		.uleb128 0x16
 1113 0165 8A8201   		.uleb128 0x410a
 1114 0168 00       		.byte	0
 1115 0169 02       		.uleb128 0x2
 1116 016a 18       		.uleb128 0x18
 1117 016b 9142     		.uleb128 0x2111
ARM GAS  C:\Users\Zachary\AppData\Local\Temp\cc5yUBjI.s 			page 28


 1118 016d 18       		.uleb128 0x18
 1119 016e 00       		.byte	0
 1120 016f 00       		.byte	0
 1121 0170 17       		.uleb128 0x17
 1122 0171 05       		.uleb128 0x5
 1123 0172 00       		.byte	0
 1124 0173 03       		.uleb128 0x3
 1125 0174 0E       		.uleb128 0xe
 1126 0175 3A       		.uleb128 0x3a
 1127 0176 0B       		.uleb128 0xb
 1128 0177 3B       		.uleb128 0x3b
 1129 0178 0B       		.uleb128 0xb
 1130 0179 49       		.uleb128 0x49
 1131 017a 13       		.uleb128 0x13
 1132 017b 02       		.uleb128 0x2
 1133 017c 17       		.uleb128 0x17
 1134 017d 00       		.byte	0
 1135 017e 00       		.byte	0
 1136 017f 18       		.uleb128 0x18
 1137 0180 01       		.uleb128 0x1
 1138 0181 01       		.byte	0x1
 1139 0182 49       		.uleb128 0x49
 1140 0183 13       		.uleb128 0x13
 1141 0184 01       		.uleb128 0x1
 1142 0185 13       		.uleb128 0x13
 1143 0186 00       		.byte	0
 1144 0187 00       		.byte	0
 1145 0188 19       		.uleb128 0x19
 1146 0189 21       		.uleb128 0x21
 1147 018a 00       		.byte	0
 1148 018b 49       		.uleb128 0x49
 1149 018c 13       		.uleb128 0x13
 1150 018d 2F       		.uleb128 0x2f
 1151 018e 05       		.uleb128 0x5
 1152 018f 00       		.byte	0
 1153 0190 00       		.byte	0
 1154 0191 1A       		.uleb128 0x1a
 1155 0192 34       		.uleb128 0x34
 1156 0193 00       		.byte	0
 1157 0194 03       		.uleb128 0x3
 1158 0195 0E       		.uleb128 0xe
 1159 0196 3A       		.uleb128 0x3a
 1160 0197 0B       		.uleb128 0xb
 1161 0198 3B       		.uleb128 0x3b
 1162 0199 0B       		.uleb128 0xb
 1163 019a 49       		.uleb128 0x49
 1164 019b 13       		.uleb128 0x13
 1165 019c 3F       		.uleb128 0x3f
 1166 019d 19       		.uleb128 0x19
 1167 019e 02       		.uleb128 0x2
 1168 019f 18       		.uleb128 0x18
 1169 01a0 00       		.byte	0
 1170 01a1 00       		.byte	0
 1171 01a2 00       		.byte	0
 1172              		.section	.debug_loc,"",%progbits
 1173              	.Ldebug_loc0:
 1174              	.LLST0:
ARM GAS  C:\Users\Zachary\AppData\Local\Temp\cc5yUBjI.s 			page 29


 1175 0000 00000000 		.4byte	.LVL3
 1176 0004 02000000 		.4byte	.LVL4
 1177 0008 0100     		.2byte	0x1
 1178 000a 50       		.byte	0x50
 1179 000b 02000000 		.4byte	.LVL4
 1180 000f 10000000 		.4byte	.LFE6
 1181 0013 0400     		.2byte	0x4
 1182 0015 F3       		.byte	0xf3
 1183 0016 01       		.uleb128 0x1
 1184 0017 50       		.byte	0x50
 1185 0018 9F       		.byte	0x9f
 1186 0019 00000000 		.4byte	0
 1187 001d 00000000 		.4byte	0
 1188              	.LLST1:
 1189 0021 04000000 		.4byte	.LVL5
 1190 0025 06000000 		.4byte	.LVL6
 1191 0029 0500     		.2byte	0x5
 1192 002b 70       		.byte	0x70
 1193 002c 00       		.sleb128 0
 1194 002d 35       		.byte	0x35
 1195 002e 25       		.byte	0x25
 1196 002f 9F       		.byte	0x9f
 1197 0030 00000000 		.4byte	0
 1198 0034 00000000 		.4byte	0
 1199              	.LLST2:
 1200 0038 00000000 		.4byte	.LVL11
 1201 003c 07000000 		.4byte	.LVL12-1
 1202 0040 0100     		.2byte	0x1
 1203 0042 50       		.byte	0x50
 1204 0043 07000000 		.4byte	.LVL12-1
 1205 0047 1A000000 		.4byte	.LFE1
 1206 004b 0100     		.2byte	0x1
 1207 004d 54       		.byte	0x54
 1208 004e 00000000 		.4byte	0
 1209 0052 00000000 		.4byte	0
 1210              		.section	.debug_aranges,"",%progbits
 1211 0000 7C000000 		.4byte	0x7c
 1212 0004 0200     		.2byte	0x2
 1213 0006 00000000 		.4byte	.Ldebug_info0
 1214 000a 04       		.byte	0x4
 1215 000b 00       		.byte	0
 1216 000c 0000     		.2byte	0
 1217 000e 0000     		.2byte	0
 1218 0010 00000000 		.4byte	.LFB3
 1219 0014 18000000 		.4byte	.LFE3-.LFB3
 1220 0018 00000000 		.4byte	.LFB4
 1221 001c 0C000000 		.4byte	.LFE4-.LFB4
 1222 0020 00000000 		.4byte	.LFB5
 1223 0024 0C000000 		.4byte	.LFE5-.LFB5
 1224 0028 00000000 		.4byte	.LFB6
 1225 002c 10000000 		.4byte	.LFE6-.LFB6
 1226 0030 00000000 		.4byte	.LFB7
 1227 0034 0C000000 		.4byte	.LFE7-.LFB7
 1228 0038 00000000 		.4byte	.LFB8
 1229 003c 0C000000 		.4byte	.LFE8-.LFB8
 1230 0040 00000000 		.4byte	.LFB9
 1231 0044 10000000 		.4byte	.LFE9-.LFB9
ARM GAS  C:\Users\Zachary\AppData\Local\Temp\cc5yUBjI.s 			page 30


 1232 0048 00000000 		.4byte	.LFB10
 1233 004c 0C000000 		.4byte	.LFE10-.LFB10
 1234 0050 00000000 		.4byte	.LFB0
 1235 0054 1C000000 		.4byte	.LFE0-.LFB0
 1236 0058 00000000 		.4byte	.LFB1
 1237 005c 1A000000 		.4byte	.LFE1-.LFB1
 1238 0060 00000000 		.4byte	.LFB2
 1239 0064 14000000 		.4byte	.LFE2-.LFB2
 1240 0068 00000000 		.4byte	.LFB11
 1241 006c 0C000000 		.4byte	.LFE11-.LFB11
 1242 0070 00000000 		.4byte	.LFB12
 1243 0074 0C000000 		.4byte	.LFE12-.LFB12
 1244 0078 00000000 		.4byte	0
 1245 007c 00000000 		.4byte	0
 1246              		.section	.debug_ranges,"",%progbits
 1247              	.Ldebug_ranges0:
 1248 0000 00000000 		.4byte	.LFB3
 1249 0004 18000000 		.4byte	.LFE3
 1250 0008 00000000 		.4byte	.LFB4
 1251 000c 0C000000 		.4byte	.LFE4
 1252 0010 00000000 		.4byte	.LFB5
 1253 0014 0C000000 		.4byte	.LFE5
 1254 0018 00000000 		.4byte	.LFB6
 1255 001c 10000000 		.4byte	.LFE6
 1256 0020 00000000 		.4byte	.LFB7
 1257 0024 0C000000 		.4byte	.LFE7
 1258 0028 00000000 		.4byte	.LFB8
 1259 002c 0C000000 		.4byte	.LFE8
 1260 0030 00000000 		.4byte	.LFB9
 1261 0034 10000000 		.4byte	.LFE9
 1262 0038 00000000 		.4byte	.LFB10
 1263 003c 0C000000 		.4byte	.LFE10
 1264 0040 00000000 		.4byte	.LFB0
 1265 0044 1C000000 		.4byte	.LFE0
 1266 0048 00000000 		.4byte	.LFB1
 1267 004c 1A000000 		.4byte	.LFE1
 1268 0050 00000000 		.4byte	.LFB2
 1269 0054 14000000 		.4byte	.LFE2
 1270 0058 00000000 		.4byte	.LFB11
 1271 005c 0C000000 		.4byte	.LFE11
 1272 0060 00000000 		.4byte	.LFB12
 1273 0064 0C000000 		.4byte	.LFE12
 1274 0068 00000000 		.4byte	0
 1275 006c 00000000 		.4byte	0
 1276              		.section	.debug_line,"",%progbits
 1277              	.Ldebug_line0:
 1278 0000 42020000 		.section	.debug_str,"MS",%progbits,1
 1278      02005301 
 1278      00000201 
 1278      FB0E0D00 
 1278      01010101 
 1279              	.LASF34:
 1280 0000 6973725F 		.ascii	"isr_1_ClearPending\000"
 1280      315F436C 
 1280      65617250 
 1280      656E6469 
 1280      6E6700
ARM GAS  C:\Users\Zachary\AppData\Local\Temp\cc5yUBjI.s 			page 31


 1281              	.LASF18:
 1282 0013 72656733 		.ascii	"reg32\000"
 1282      3200
 1283              	.LASF33:
 1284 0019 6973725F 		.ascii	"isr_1_SetPending\000"
 1284      315F5365 
 1284      7450656E 
 1284      64696E67 
 1284      00
 1285              	.LASF40:
 1286 002a 6973725F 		.ascii	"isr_1_GetState\000"
 1286      315F4765 
 1286      74537461 
 1286      746500
 1287              	.LASF38:
 1288 0039 2E5C4765 		.ascii	".\\Generated_Source\\PSoC5\\isr_1.c\000"
 1288      6E657261 
 1288      7465645F 
 1288      536F7572 
 1288      63655C50 
 1289              	.LASF29:
 1290 005a 6973725F 		.ascii	"isr_1_Disable\000"
 1290      315F4469 
 1290      7361626C 
 1290      6500
 1291              	.LASF32:
 1292 0068 6973725F 		.ascii	"isr_1_Stop\000"
 1292      315F5374 
 1292      6F7000
 1293              	.LASF30:
 1294 0073 6973725F 		.ascii	"isr_1_Start\000"
 1294      315F5374 
 1294      61727400 
 1295              	.LASF4:
 1296 007f 73686F72 		.ascii	"short unsigned int\000"
 1296      7420756E 
 1296      7369676E 
 1296      65642069 
 1296      6E7400
 1297              	.LASF26:
 1298 0092 6973725F 		.ascii	"isr_1_GetPriority\000"
 1298      315F4765 
 1298      74507269 
 1298      6F726974 
 1298      7900
 1299              	.LASF25:
 1300 00a4 6973725F 		.ascii	"isr_1_GetVector\000"
 1300      315F4765 
 1300      74566563 
 1300      746F7200 
 1301              	.LASF15:
 1302 00b4 666C6F61 		.ascii	"float\000"
 1302      7400
 1303              	.LASF36:
 1304 00ba 636F756E 		.ascii	"counter\000"
 1304      74657200 
 1305              	.LASF2:
ARM GAS  C:\Users\Zachary\AppData\Local\Temp\cc5yUBjI.s 			page 32


 1306 00c2 756E7369 		.ascii	"unsigned char\000"
 1306      676E6564 
 1306      20636861 
 1306      7200
 1307              	.LASF17:
 1308 00d0 72656738 		.ascii	"reg8\000"
 1308      00
 1309              	.LASF6:
 1310 00d5 6C6F6E67 		.ascii	"long unsigned int\000"
 1310      20756E73 
 1310      69676E65 
 1310      6420696E 
 1310      7400
 1311              	.LASF13:
 1312 00e7 75696E74 		.ascii	"uint8\000"
 1312      3800
 1313              	.LASF39:
 1314 00ed 433A5C55 		.ascii	"C:\\Users\\Zachary\\Desktop\\Zach I2S Debugging\\Wa"
 1314      73657273 
 1314      5C5A6163 
 1314      68617279 
 1314      5C446573 
 1315 011b 76652047 		.ascii	"ve Generator.cydsn\000"
 1315      656E6572 
 1315      61746F72 
 1315      2E637964 
 1315      736E00
 1316              	.LASF24:
 1317 012e 7072696F 		.ascii	"priority\000"
 1317      72697479 
 1317      00
 1318              	.LASF11:
 1319 0137 5F5F7569 		.ascii	"__uint16_t\000"
 1319      6E743136 
 1319      5F7400
 1320              	.LASF16:
 1321 0142 646F7562 		.ascii	"double\000"
 1321      6C6500
 1322              	.LASF22:
 1323 0149 6973725F 		.ascii	"isr_1_SetPriority\000"
 1323      315F5365 
 1323      74507269 
 1323      6F726974 
 1323      7900
 1324              	.LASF14:
 1325 015b 75696E74 		.ascii	"uint32\000"
 1325      333200
 1326              	.LASF37:
 1327 0162 474E5520 		.ascii	"GNU C 4.9.3 20150303 (release) [ARM/embedded-4_9-br"
 1327      4320342E 
 1327      392E3320 
 1327      32303135 
 1327      30333033 
 1328 0195 616E6368 		.ascii	"anch revision 221220] -mcpu=cortex-m3 -mthumb -g -O"
 1328      20726576 
 1328      6973696F 
 1328      6E203232 
ARM GAS  C:\Users\Zachary\AppData\Local\Temp\cc5yUBjI.s 			page 33


 1328      31323230 
 1329 01c8 67202D66 		.ascii	"g -ffunction-sections -ffat-lto-objects\000"
 1329      66756E63 
 1329      74696F6E 
 1329      2D736563 
 1329      74696F6E 
 1330              	.LASF0:
 1331 01f0 756E7369 		.ascii	"unsigned int\000"
 1331      676E6564 
 1331      20696E74 
 1331      00
 1332              	.LASF23:
 1333 01fd 61646472 		.ascii	"address\000"
 1333      65737300 
 1334              	.LASF8:
 1335 0205 6C6F6E67 		.ascii	"long long unsigned int\000"
 1335      206C6F6E 
 1335      6720756E 
 1335      7369676E 
 1335      65642069 
 1336              	.LASF19:
 1337 021c 63796973 		.ascii	"cyisraddress\000"
 1337      72616464 
 1337      72657373 
 1337      00
 1338              	.LASF35:
 1339 0229 52656365 		.ascii	"ReceivedData\000"
 1339      69766564 
 1339      44617461 
 1339      00
 1340              	.LASF9:
 1341 0236 73697A65 		.ascii	"sizetype\000"
 1341      74797065 
 1341      00
 1342              	.LASF7:
 1343 023f 6C6F6E67 		.ascii	"long long int\000"
 1343      206C6F6E 
 1343      6720696E 
 1343      7400
 1344              	.LASF28:
 1345 024d 6973725F 		.ascii	"isr_1_Enable\000"
 1345      315F456E 
 1345      61626C65 
 1345      00
 1346              	.LASF10:
 1347 025a 63686172 		.ascii	"char\000"
 1347      00
 1348              	.LASF20:
 1349 025f 72616D56 		.ascii	"ramVectorTable\000"
 1349      6563746F 
 1349      72546162 
 1349      6C6500
 1350              	.LASF3:
 1351 026e 73686F72 		.ascii	"short int\000"
 1351      7420696E 
 1351      7400
 1352              	.LASF12:
ARM GAS  C:\Users\Zachary\AppData\Local\Temp\cc5yUBjI.s 			page 34


 1353 0278 75696E74 		.ascii	"uint16_t\000"
 1353      31365F74 
 1353      00
 1354              	.LASF27:
 1355 0281 6973725F 		.ascii	"isr_1_Interrupt\000"
 1355      315F496E 
 1355      74657272 
 1355      75707400 
 1356              	.LASF5:
 1357 0291 6C6F6E67 		.ascii	"long int\000"
 1357      20696E74 
 1357      00
 1358              	.LASF1:
 1359 029a 7369676E 		.ascii	"signed char\000"
 1359      65642063 
 1359      68617200 
 1360              	.LASF31:
 1361 02a6 6973725F 		.ascii	"isr_1_StartEx\000"
 1361      315F5374 
 1361      61727445 
 1361      7800
 1362              	.LASF21:
 1363 02b4 6973725F 		.ascii	"isr_1_SetVector\000"
 1363      315F5365 
 1363      74566563 
 1363      746F7200 
 1364              		.ident	"GCC: (GNU Tools for ARM Embedded Processors) 4.9.3 20150303 (release) [ARM/embedded-4_9-br
