ARM GAS  C:\Users\Zachary\AppData\Local\Temp\ccLyAhax.s 			page 1


   1              		.syntax unified
   2              		.cpu cortex-m3
   3              		.fpu softvfp
   4              		.eabi_attribute 20, 1
   5              		.eabi_attribute 21, 1
   6              		.eabi_attribute 23, 3
   7              		.eabi_attribute 24, 1
   8              		.eabi_attribute 25, 1
   9              		.eabi_attribute 26, 1
  10              		.eabi_attribute 30, 1
  11              		.eabi_attribute 34, 1
  12              		.eabi_attribute 18, 4
  13              		.thumb
  14              		.file	"UART_INT.c"
  15              		.text
  16              	.Ltext0:
  17              		.cfi_sections	.debug_frame
  18              	.Letext0:
  19              		.section	.debug_info,"",%progbits
  20              	.Ldebug_info0:
  21 0000 7C000000 		.4byte	0x7c
  22 0004 0400     		.2byte	0x4
  23 0006 00000000 		.4byte	.Ldebug_abbrev0
  24 000a 04       		.byte	0x4
  25 000b 01       		.uleb128 0x1
  26 000c A9000000 		.4byte	.LASF13
  27 0010 01       		.byte	0x1
  28 0011 5C000000 		.4byte	.LASF14
  29 0015 0E000000 		.4byte	.LASF15
  30 0019 00000000 		.4byte	.Ldebug_line0
  31 001d 02       		.uleb128 0x2
  32 001e 01       		.byte	0x1
  33 001f 06       		.byte	0x6
  34 0020 6D010000 		.4byte	.LASF0
  35 0024 02       		.uleb128 0x2
  36 0025 01       		.byte	0x1
  37 0026 08       		.byte	0x8
  38 0027 37010000 		.4byte	.LASF1
  39 002b 02       		.uleb128 0x2
  40 002c 02       		.byte	0x2
  41 002d 05       		.byte	0x5
  42 002e 7F010000 		.4byte	.LASF2
  43 0032 02       		.uleb128 0x2
  44 0033 02       		.byte	0x2
  45 0034 07       		.byte	0x7
  46 0035 5A010000 		.4byte	.LASF3
  47 0039 02       		.uleb128 0x2
  48 003a 04       		.byte	0x4
  49 003b 05       		.byte	0x5
  50 003c 4A010000 		.4byte	.LASF4
  51 0040 02       		.uleb128 0x2
  52 0041 04       		.byte	0x4
  53 0042 07       		.byte	0x7
  54 0043 80000000 		.4byte	.LASF5
  55 0047 02       		.uleb128 0x2
  56 0048 08       		.byte	0x8
  57 0049 05       		.byte	0x5
ARM GAS  C:\Users\Zachary\AppData\Local\Temp\ccLyAhax.s 			page 2


  58 004a 00000000 		.4byte	.LASF6
  59 004e 02       		.uleb128 0x2
  60 004f 08       		.byte	0x8
  61 0050 07       		.byte	0x7
  62 0051 92000000 		.4byte	.LASF7
  63 0055 03       		.uleb128 0x3
  64 0056 04       		.byte	0x4
  65 0057 05       		.byte	0x5
  66 0058 696E7400 		.ascii	"int\000"
  67 005c 02       		.uleb128 0x2
  68 005d 04       		.byte	0x4
  69 005e 07       		.byte	0x7
  70 005f 4F000000 		.4byte	.LASF8
  71 0063 02       		.uleb128 0x2
  72 0064 04       		.byte	0x4
  73 0065 04       		.byte	0x4
  74 0066 79010000 		.4byte	.LASF9
  75 006a 02       		.uleb128 0x2
  76 006b 08       		.byte	0x8
  77 006c 04       		.byte	0x4
  78 006d 53010000 		.4byte	.LASF10
  79 0071 02       		.uleb128 0x2
  80 0072 01       		.byte	0x1
  81 0073 08       		.byte	0x8
  82 0074 45010000 		.4byte	.LASF11
  83 0078 02       		.uleb128 0x2
  84 0079 04       		.byte	0x4
  85 007a 07       		.byte	0x7
  86 007b 89010000 		.4byte	.LASF12
  87 007f 00       		.byte	0
  88              		.section	.debug_abbrev,"",%progbits
  89              	.Ldebug_abbrev0:
  90 0000 01       		.uleb128 0x1
  91 0001 11       		.uleb128 0x11
  92 0002 01       		.byte	0x1
  93 0003 25       		.uleb128 0x25
  94 0004 0E       		.uleb128 0xe
  95 0005 13       		.uleb128 0x13
  96 0006 0B       		.uleb128 0xb
  97 0007 03       		.uleb128 0x3
  98 0008 0E       		.uleb128 0xe
  99 0009 1B       		.uleb128 0x1b
 100 000a 0E       		.uleb128 0xe
 101 000b 10       		.uleb128 0x10
 102 000c 17       		.uleb128 0x17
 103 000d 00       		.byte	0
 104 000e 00       		.byte	0
 105 000f 02       		.uleb128 0x2
 106 0010 24       		.uleb128 0x24
 107 0011 00       		.byte	0
 108 0012 0B       		.uleb128 0xb
 109 0013 0B       		.uleb128 0xb
 110 0014 3E       		.uleb128 0x3e
 111 0015 0B       		.uleb128 0xb
 112 0016 03       		.uleb128 0x3
 113 0017 0E       		.uleb128 0xe
 114 0018 00       		.byte	0
ARM GAS  C:\Users\Zachary\AppData\Local\Temp\ccLyAhax.s 			page 3


 115 0019 00       		.byte	0
 116 001a 03       		.uleb128 0x3
 117 001b 24       		.uleb128 0x24
 118 001c 00       		.byte	0
 119 001d 0B       		.uleb128 0xb
 120 001e 0B       		.uleb128 0xb
 121 001f 3E       		.uleb128 0x3e
 122 0020 0B       		.uleb128 0xb
 123 0021 03       		.uleb128 0x3
 124 0022 08       		.uleb128 0x8
 125 0023 00       		.byte	0
 126 0024 00       		.byte	0
 127 0025 00       		.byte	0
 128              		.section	.debug_aranges,"",%progbits
 129 0000 14000000 		.4byte	0x14
 130 0004 0200     		.2byte	0x2
 131 0006 00000000 		.4byte	.Ldebug_info0
 132 000a 04       		.byte	0x4
 133 000b 00       		.byte	0
 134 000c 0000     		.2byte	0
 135 000e 0000     		.2byte	0
 136 0010 00000000 		.4byte	0
 137 0014 00000000 		.4byte	0
 138              		.section	.debug_line,"",%progbits
 139              	.Ldebug_line0:
 140 0000 19000000 		.section	.debug_str,"MS",%progbits,1
 140      02001300 
 140      00000201 
 140      FB0E0D00 
 140      01010101 
 141              	.LASF6:
 142 0000 6C6F6E67 		.ascii	"long long int\000"
 142      206C6F6E 
 142      6720696E 
 142      7400
 143              	.LASF15:
 144 000e 433A5C55 		.ascii	"C:\\Users\\Zachary\\Desktop\\Zach I2S Debugging\\Wa"
 144      73657273 
 144      5C5A6163 
 144      68617279 
 144      5C446573 
 145 003c 76652047 		.ascii	"ve Generator.cydsn\000"
 145      656E6572 
 145      61746F72 
 145      2E637964 
 145      736E00
 146              	.LASF8:
 147 004f 756E7369 		.ascii	"unsigned int\000"
 147      676E6564 
 147      20696E74 
 147      00
 148              	.LASF14:
 149 005c 2E5C4765 		.ascii	".\\Generated_Source\\PSoC5\\UART_INT.c\000"
 149      6E657261 
 149      7465645F 
 149      536F7572 
 149      63655C50 
ARM GAS  C:\Users\Zachary\AppData\Local\Temp\ccLyAhax.s 			page 4


 150              	.LASF5:
 151 0080 6C6F6E67 		.ascii	"long unsigned int\000"
 151      20756E73 
 151      69676E65 
 151      6420696E 
 151      7400
 152              	.LASF7:
 153 0092 6C6F6E67 		.ascii	"long long unsigned int\000"
 153      206C6F6E 
 153      6720756E 
 153      7369676E 
 153      65642069 
 154              	.LASF13:
 155 00a9 474E5520 		.ascii	"GNU C 4.9.3 20150303 (release) [ARM/embedded-4_9-br"
 155      4320342E 
 155      392E3320 
 155      32303135 
 155      30333033 
 156 00dc 616E6368 		.ascii	"anch revision 221220] -mcpu=cortex-m3 -mthumb -g -O"
 156      20726576 
 156      6973696F 
 156      6E203232 
 156      31323230 
 157 010f 67202D66 		.ascii	"g -ffunction-sections -ffat-lto-objects\000"
 157      66756E63 
 157      74696F6E 
 157      2D736563 
 157      74696F6E 
 158              	.LASF1:
 159 0137 756E7369 		.ascii	"unsigned char\000"
 159      676E6564 
 159      20636861 
 159      7200
 160              	.LASF11:
 161 0145 63686172 		.ascii	"char\000"
 161      00
 162              	.LASF4:
 163 014a 6C6F6E67 		.ascii	"long int\000"
 163      20696E74 
 163      00
 164              	.LASF10:
 165 0153 646F7562 		.ascii	"double\000"
 165      6C6500
 166              	.LASF3:
 167 015a 73686F72 		.ascii	"short unsigned int\000"
 167      7420756E 
 167      7369676E 
 167      65642069 
 167      6E7400
 168              	.LASF0:
 169 016d 7369676E 		.ascii	"signed char\000"
 169      65642063 
 169      68617200 
 170              	.LASF9:
 171 0179 666C6F61 		.ascii	"float\000"
 171      7400
 172              	.LASF2:
ARM GAS  C:\Users\Zachary\AppData\Local\Temp\ccLyAhax.s 			page 5


 173 017f 73686F72 		.ascii	"short int\000"
 173      7420696E 
 173      7400
 174              	.LASF12:
 175 0189 73697A65 		.ascii	"sizetype\000"
 175      74797065 
 175      00
 176              		.ident	"GCC: (GNU Tools for ARM Embedded Processors) 4.9.3 20150303 (release) [ARM/embedded-4_9-br
