ARM GAS  C:\Users\Ian\AppData\Local\Temp\ccs4mwCh.s 			page 1


   1              		.syntax unified
   2              		.cpu cortex-m3
   3              		.fpu softvfp
   4              		.eabi_attribute 20, 1
   5              		.eabi_attribute 21, 1
   6              		.eabi_attribute 23, 3
   7              		.eabi_attribute 24, 1
   8              		.eabi_attribute 25, 1
   9              		.eabi_attribute 26, 1
  10              		.eabi_attribute 30, 1
  11              		.eabi_attribute 34, 1
  12              		.eabi_attribute 18, 4
  13              		.thumb
  14              		.file	"UART_1_PM.c"
  15              		.text
  16              	.Ltext0:
  17              		.cfi_sections	.debug_frame
  18              		.section	.text.UART_1_SaveConfig,"ax",%progbits
  19              		.align	2
  20              		.global	UART_1_SaveConfig
  21              		.thumb
  22              		.thumb_func
  23              		.type	UART_1_SaveConfig, %function
  24              	UART_1_SaveConfig:
  25              	.LFB0:
  26              		.file 1 ".\\Generated_Source\\PSoC5\\UART_1_PM.c"
   1:.\Generated_Source\PSoC5/UART_1_PM.c **** /*******************************************************************************
   2:.\Generated_Source\PSoC5/UART_1_PM.c **** * File Name: UART_1_PM.c
   3:.\Generated_Source\PSoC5/UART_1_PM.c **** * Version 2.50
   4:.\Generated_Source\PSoC5/UART_1_PM.c **** *
   5:.\Generated_Source\PSoC5/UART_1_PM.c **** * Description:
   6:.\Generated_Source\PSoC5/UART_1_PM.c **** *  This file provides Sleep/WakeUp APIs functionality.
   7:.\Generated_Source\PSoC5/UART_1_PM.c **** *
   8:.\Generated_Source\PSoC5/UART_1_PM.c **** * Note:
   9:.\Generated_Source\PSoC5/UART_1_PM.c **** *
  10:.\Generated_Source\PSoC5/UART_1_PM.c **** ********************************************************************************
  11:.\Generated_Source\PSoC5/UART_1_PM.c **** * Copyright 2008-2015, Cypress Semiconductor Corporation.  All rights reserved.
  12:.\Generated_Source\PSoC5/UART_1_PM.c **** * You may use this file only in accordance with the license, terms, conditions,
  13:.\Generated_Source\PSoC5/UART_1_PM.c **** * disclaimers, and limitations in the end user license agreement accompanying
  14:.\Generated_Source\PSoC5/UART_1_PM.c **** * the software package with which this file was provided.
  15:.\Generated_Source\PSoC5/UART_1_PM.c **** *******************************************************************************/
  16:.\Generated_Source\PSoC5/UART_1_PM.c **** 
  17:.\Generated_Source\PSoC5/UART_1_PM.c **** #include "UART_1.h"
  18:.\Generated_Source\PSoC5/UART_1_PM.c **** 
  19:.\Generated_Source\PSoC5/UART_1_PM.c **** 
  20:.\Generated_Source\PSoC5/UART_1_PM.c **** /***************************************
  21:.\Generated_Source\PSoC5/UART_1_PM.c **** * Local data allocation
  22:.\Generated_Source\PSoC5/UART_1_PM.c **** ***************************************/
  23:.\Generated_Source\PSoC5/UART_1_PM.c **** 
  24:.\Generated_Source\PSoC5/UART_1_PM.c **** static UART_1_BACKUP_STRUCT  UART_1_backup =
  25:.\Generated_Source\PSoC5/UART_1_PM.c **** {
  26:.\Generated_Source\PSoC5/UART_1_PM.c ****     /* enableState - disabled */
  27:.\Generated_Source\PSoC5/UART_1_PM.c ****     0u,
  28:.\Generated_Source\PSoC5/UART_1_PM.c **** };
  29:.\Generated_Source\PSoC5/UART_1_PM.c **** 
  30:.\Generated_Source\PSoC5/UART_1_PM.c **** 
  31:.\Generated_Source\PSoC5/UART_1_PM.c **** 
ARM GAS  C:\Users\Ian\AppData\Local\Temp\ccs4mwCh.s 			page 2


  32:.\Generated_Source\PSoC5/UART_1_PM.c **** /*******************************************************************************
  33:.\Generated_Source\PSoC5/UART_1_PM.c **** * Function Name: UART_1_SaveConfig
  34:.\Generated_Source\PSoC5/UART_1_PM.c **** ********************************************************************************
  35:.\Generated_Source\PSoC5/UART_1_PM.c **** *
  36:.\Generated_Source\PSoC5/UART_1_PM.c **** * Summary:
  37:.\Generated_Source\PSoC5/UART_1_PM.c **** *  This function saves the component nonretention control register.
  38:.\Generated_Source\PSoC5/UART_1_PM.c **** *  Does not save the FIFO which is a set of nonretention registers.
  39:.\Generated_Source\PSoC5/UART_1_PM.c **** *  This function is called by the UART_1_Sleep() function.
  40:.\Generated_Source\PSoC5/UART_1_PM.c **** *
  41:.\Generated_Source\PSoC5/UART_1_PM.c **** * Parameters:
  42:.\Generated_Source\PSoC5/UART_1_PM.c **** *  None.
  43:.\Generated_Source\PSoC5/UART_1_PM.c **** *
  44:.\Generated_Source\PSoC5/UART_1_PM.c **** * Return:
  45:.\Generated_Source\PSoC5/UART_1_PM.c **** *  None.
  46:.\Generated_Source\PSoC5/UART_1_PM.c **** *
  47:.\Generated_Source\PSoC5/UART_1_PM.c **** * Global Variables:
  48:.\Generated_Source\PSoC5/UART_1_PM.c **** *  UART_1_backup - modified when non-retention registers are saved.
  49:.\Generated_Source\PSoC5/UART_1_PM.c **** *
  50:.\Generated_Source\PSoC5/UART_1_PM.c **** * Reentrant:
  51:.\Generated_Source\PSoC5/UART_1_PM.c **** *  No.
  52:.\Generated_Source\PSoC5/UART_1_PM.c **** *
  53:.\Generated_Source\PSoC5/UART_1_PM.c **** *******************************************************************************/
  54:.\Generated_Source\PSoC5/UART_1_PM.c **** void UART_1_SaveConfig(void)
  55:.\Generated_Source\PSoC5/UART_1_PM.c **** {
  27              		.loc 1 55 0
  28              		.cfi_startproc
  29              		@ args = 0, pretend = 0, frame = 0
  30              		@ frame_needed = 0, uses_anonymous_args = 0
  31              		@ link register save eliminated.
  32 0000 7047     		bx	lr
  33              		.cfi_endproc
  34              	.LFE0:
  35              		.size	UART_1_SaveConfig, .-UART_1_SaveConfig
  36 0002 00BF     		.section	.text.UART_1_RestoreConfig,"ax",%progbits
  37              		.align	2
  38              		.global	UART_1_RestoreConfig
  39              		.thumb
  40              		.thumb_func
  41              		.type	UART_1_RestoreConfig, %function
  42              	UART_1_RestoreConfig:
  43              	.LFB1:
  56:.\Generated_Source\PSoC5/UART_1_PM.c ****     #if(UART_1_CONTROL_REG_REMOVED == 0u)
  57:.\Generated_Source\PSoC5/UART_1_PM.c ****         UART_1_backup.cr = UART_1_CONTROL_REG;
  58:.\Generated_Source\PSoC5/UART_1_PM.c ****     #endif /* End UART_1_CONTROL_REG_REMOVED */
  59:.\Generated_Source\PSoC5/UART_1_PM.c **** }
  60:.\Generated_Source\PSoC5/UART_1_PM.c **** 
  61:.\Generated_Source\PSoC5/UART_1_PM.c **** 
  62:.\Generated_Source\PSoC5/UART_1_PM.c **** /*******************************************************************************
  63:.\Generated_Source\PSoC5/UART_1_PM.c **** * Function Name: UART_1_RestoreConfig
  64:.\Generated_Source\PSoC5/UART_1_PM.c **** ********************************************************************************
  65:.\Generated_Source\PSoC5/UART_1_PM.c **** *
  66:.\Generated_Source\PSoC5/UART_1_PM.c **** * Summary:
  67:.\Generated_Source\PSoC5/UART_1_PM.c **** *  Restores the nonretention control register except FIFO.
  68:.\Generated_Source\PSoC5/UART_1_PM.c **** *  Does not restore the FIFO which is a set of nonretention registers.
  69:.\Generated_Source\PSoC5/UART_1_PM.c **** *
  70:.\Generated_Source\PSoC5/UART_1_PM.c **** * Parameters:
  71:.\Generated_Source\PSoC5/UART_1_PM.c **** *  None.
ARM GAS  C:\Users\Ian\AppData\Local\Temp\ccs4mwCh.s 			page 3


  72:.\Generated_Source\PSoC5/UART_1_PM.c **** *
  73:.\Generated_Source\PSoC5/UART_1_PM.c **** * Return:
  74:.\Generated_Source\PSoC5/UART_1_PM.c **** *  None.
  75:.\Generated_Source\PSoC5/UART_1_PM.c **** *
  76:.\Generated_Source\PSoC5/UART_1_PM.c **** * Global Variables:
  77:.\Generated_Source\PSoC5/UART_1_PM.c **** *  UART_1_backup - used when non-retention registers are restored.
  78:.\Generated_Source\PSoC5/UART_1_PM.c **** *
  79:.\Generated_Source\PSoC5/UART_1_PM.c **** * Reentrant:
  80:.\Generated_Source\PSoC5/UART_1_PM.c **** *  No.
  81:.\Generated_Source\PSoC5/UART_1_PM.c **** *
  82:.\Generated_Source\PSoC5/UART_1_PM.c **** * Notes:
  83:.\Generated_Source\PSoC5/UART_1_PM.c **** *  If this function is called without calling UART_1_SaveConfig() 
  84:.\Generated_Source\PSoC5/UART_1_PM.c **** *  first, the data loaded may be incorrect.
  85:.\Generated_Source\PSoC5/UART_1_PM.c **** *
  86:.\Generated_Source\PSoC5/UART_1_PM.c **** *******************************************************************************/
  87:.\Generated_Source\PSoC5/UART_1_PM.c **** void UART_1_RestoreConfig(void)
  88:.\Generated_Source\PSoC5/UART_1_PM.c **** {
  44              		.loc 1 88 0
  45              		.cfi_startproc
  46              		@ args = 0, pretend = 0, frame = 0
  47              		@ frame_needed = 0, uses_anonymous_args = 0
  48              		@ link register save eliminated.
  49 0000 7047     		bx	lr
  50              		.cfi_endproc
  51              	.LFE1:
  52              		.size	UART_1_RestoreConfig, .-UART_1_RestoreConfig
  53 0002 00BF     		.section	.text.UART_1_Sleep,"ax",%progbits
  54              		.align	2
  55              		.global	UART_1_Sleep
  56              		.thumb
  57              		.thumb_func
  58              		.type	UART_1_Sleep, %function
  59              	UART_1_Sleep:
  60              	.LFB2:
  89:.\Generated_Source\PSoC5/UART_1_PM.c ****     #if(UART_1_CONTROL_REG_REMOVED == 0u)
  90:.\Generated_Source\PSoC5/UART_1_PM.c ****         UART_1_CONTROL_REG = UART_1_backup.cr;
  91:.\Generated_Source\PSoC5/UART_1_PM.c ****     #endif /* End UART_1_CONTROL_REG_REMOVED */
  92:.\Generated_Source\PSoC5/UART_1_PM.c **** }
  93:.\Generated_Source\PSoC5/UART_1_PM.c **** 
  94:.\Generated_Source\PSoC5/UART_1_PM.c **** 
  95:.\Generated_Source\PSoC5/UART_1_PM.c **** /*******************************************************************************
  96:.\Generated_Source\PSoC5/UART_1_PM.c **** * Function Name: UART_1_Sleep
  97:.\Generated_Source\PSoC5/UART_1_PM.c **** ********************************************************************************
  98:.\Generated_Source\PSoC5/UART_1_PM.c **** *
  99:.\Generated_Source\PSoC5/UART_1_PM.c **** * Summary:
 100:.\Generated_Source\PSoC5/UART_1_PM.c **** *  This is the preferred API to prepare the component for sleep. 
 101:.\Generated_Source\PSoC5/UART_1_PM.c **** *  The UART_1_Sleep() API saves the current component state. Then it
 102:.\Generated_Source\PSoC5/UART_1_PM.c **** *  calls the UART_1_Stop() function and calls 
 103:.\Generated_Source\PSoC5/UART_1_PM.c **** *  UART_1_SaveConfig() to save the hardware configuration.
 104:.\Generated_Source\PSoC5/UART_1_PM.c **** *  Call the UART_1_Sleep() function before calling the CyPmSleep() 
 105:.\Generated_Source\PSoC5/UART_1_PM.c **** *  or the CyPmHibernate() function. 
 106:.\Generated_Source\PSoC5/UART_1_PM.c **** *
 107:.\Generated_Source\PSoC5/UART_1_PM.c **** * Parameters:
 108:.\Generated_Source\PSoC5/UART_1_PM.c **** *  None.
 109:.\Generated_Source\PSoC5/UART_1_PM.c **** *
 110:.\Generated_Source\PSoC5/UART_1_PM.c **** * Return:
 111:.\Generated_Source\PSoC5/UART_1_PM.c **** *  None.
ARM GAS  C:\Users\Ian\AppData\Local\Temp\ccs4mwCh.s 			page 4


 112:.\Generated_Source\PSoC5/UART_1_PM.c **** *
 113:.\Generated_Source\PSoC5/UART_1_PM.c **** * Global Variables:
 114:.\Generated_Source\PSoC5/UART_1_PM.c **** *  UART_1_backup - modified when non-retention registers are saved.
 115:.\Generated_Source\PSoC5/UART_1_PM.c **** *
 116:.\Generated_Source\PSoC5/UART_1_PM.c **** * Reentrant:
 117:.\Generated_Source\PSoC5/UART_1_PM.c **** *  No.
 118:.\Generated_Source\PSoC5/UART_1_PM.c **** *
 119:.\Generated_Source\PSoC5/UART_1_PM.c **** *******************************************************************************/
 120:.\Generated_Source\PSoC5/UART_1_PM.c **** void UART_1_Sleep(void)
 121:.\Generated_Source\PSoC5/UART_1_PM.c **** {
  61              		.loc 1 121 0
  62              		.cfi_startproc
  63              		@ args = 0, pretend = 0, frame = 0
  64              		@ frame_needed = 0, uses_anonymous_args = 0
  65              		.loc 1 121 0
  66 0000 08B5     		push	{r3, lr}
  67              		.cfi_def_cfa_offset 8
  68              		.cfi_offset 3, -8
  69              		.cfi_offset 14, -4
 122:.\Generated_Source\PSoC5/UART_1_PM.c ****     #if(UART_1_RX_ENABLED || UART_1_HD_ENABLED)
 123:.\Generated_Source\PSoC5/UART_1_PM.c ****         if((UART_1_RXSTATUS_ACTL_REG  & UART_1_INT_ENABLE) != 0u)
  70              		.loc 1 123 0
  71 0002 074B     		ldr	r3, .L7
  72 0004 1B78     		ldrb	r3, [r3]	@ zero_extendqisi2
  73 0006 13F0100F 		tst	r3, #16
  74 000a 03D0     		beq	.L4
 124:.\Generated_Source\PSoC5/UART_1_PM.c ****         {
 125:.\Generated_Source\PSoC5/UART_1_PM.c ****             UART_1_backup.enableState = 1u;
  75              		.loc 1 125 0
  76 000c 0122     		movs	r2, #1
  77 000e 054B     		ldr	r3, .L7+4
  78 0010 1A70     		strb	r2, [r3]
  79 0012 02E0     		b	.L5
  80              	.L4:
 126:.\Generated_Source\PSoC5/UART_1_PM.c ****         }
 127:.\Generated_Source\PSoC5/UART_1_PM.c ****         else
 128:.\Generated_Source\PSoC5/UART_1_PM.c ****         {
 129:.\Generated_Source\PSoC5/UART_1_PM.c ****             UART_1_backup.enableState = 0u;
  81              		.loc 1 129 0
  82 0014 0022     		movs	r2, #0
  83 0016 034B     		ldr	r3, .L7+4
  84 0018 1A70     		strb	r2, [r3]
  85              	.L5:
 130:.\Generated_Source\PSoC5/UART_1_PM.c ****         }
 131:.\Generated_Source\PSoC5/UART_1_PM.c ****     #else
 132:.\Generated_Source\PSoC5/UART_1_PM.c ****         if((UART_1_TXSTATUS_ACTL_REG  & UART_1_INT_ENABLE) !=0u)
 133:.\Generated_Source\PSoC5/UART_1_PM.c ****         {
 134:.\Generated_Source\PSoC5/UART_1_PM.c ****             UART_1_backup.enableState = 1u;
 135:.\Generated_Source\PSoC5/UART_1_PM.c ****         }
 136:.\Generated_Source\PSoC5/UART_1_PM.c ****         else
 137:.\Generated_Source\PSoC5/UART_1_PM.c ****         {
 138:.\Generated_Source\PSoC5/UART_1_PM.c ****             UART_1_backup.enableState = 0u;
 139:.\Generated_Source\PSoC5/UART_1_PM.c ****         }
 140:.\Generated_Source\PSoC5/UART_1_PM.c ****     #endif /* End UART_1_RX_ENABLED || UART_1_HD_ENABLED*/
 141:.\Generated_Source\PSoC5/UART_1_PM.c **** 
 142:.\Generated_Source\PSoC5/UART_1_PM.c ****     UART_1_Stop();
  86              		.loc 1 142 0
ARM GAS  C:\Users\Ian\AppData\Local\Temp\ccs4mwCh.s 			page 5


  87 001a FFF7FEFF 		bl	UART_1_Stop
  88              	.LVL0:
  89 001e 08BD     		pop	{r3, pc}
  90              	.L8:
  91              		.align	2
  92              	.L7:
  93 0020 92640040 		.word	1073767570
  94 0024 00000000 		.word	.LANCHOR0
  95              		.cfi_endproc
  96              	.LFE2:
  97              		.size	UART_1_Sleep, .-UART_1_Sleep
  98              		.section	.text.UART_1_Wakeup,"ax",%progbits
  99              		.align	2
 100              		.global	UART_1_Wakeup
 101              		.thumb
 102              		.thumb_func
 103              		.type	UART_1_Wakeup, %function
 104              	UART_1_Wakeup:
 105              	.LFB3:
 143:.\Generated_Source\PSoC5/UART_1_PM.c ****     UART_1_SaveConfig();
 144:.\Generated_Source\PSoC5/UART_1_PM.c **** }
 145:.\Generated_Source\PSoC5/UART_1_PM.c **** 
 146:.\Generated_Source\PSoC5/UART_1_PM.c **** 
 147:.\Generated_Source\PSoC5/UART_1_PM.c **** /*******************************************************************************
 148:.\Generated_Source\PSoC5/UART_1_PM.c **** * Function Name: UART_1_Wakeup
 149:.\Generated_Source\PSoC5/UART_1_PM.c **** ********************************************************************************
 150:.\Generated_Source\PSoC5/UART_1_PM.c **** *
 151:.\Generated_Source\PSoC5/UART_1_PM.c **** * Summary:
 152:.\Generated_Source\PSoC5/UART_1_PM.c **** *  This is the preferred API to restore the component to the state when 
 153:.\Generated_Source\PSoC5/UART_1_PM.c **** *  UART_1_Sleep() was called. The UART_1_Wakeup() function
 154:.\Generated_Source\PSoC5/UART_1_PM.c **** *  calls the UART_1_RestoreConfig() function to restore the 
 155:.\Generated_Source\PSoC5/UART_1_PM.c **** *  configuration. If the component was enabled before the 
 156:.\Generated_Source\PSoC5/UART_1_PM.c **** *  UART_1_Sleep() function was called, the UART_1_Wakeup()
 157:.\Generated_Source\PSoC5/UART_1_PM.c **** *  function will also re-enable the component.
 158:.\Generated_Source\PSoC5/UART_1_PM.c **** *
 159:.\Generated_Source\PSoC5/UART_1_PM.c **** * Parameters:
 160:.\Generated_Source\PSoC5/UART_1_PM.c **** *  None.
 161:.\Generated_Source\PSoC5/UART_1_PM.c **** *
 162:.\Generated_Source\PSoC5/UART_1_PM.c **** * Return:
 163:.\Generated_Source\PSoC5/UART_1_PM.c **** *  None.
 164:.\Generated_Source\PSoC5/UART_1_PM.c **** *
 165:.\Generated_Source\PSoC5/UART_1_PM.c **** * Global Variables:
 166:.\Generated_Source\PSoC5/UART_1_PM.c **** *  UART_1_backup - used when non-retention registers are restored.
 167:.\Generated_Source\PSoC5/UART_1_PM.c **** *
 168:.\Generated_Source\PSoC5/UART_1_PM.c **** * Reentrant:
 169:.\Generated_Source\PSoC5/UART_1_PM.c **** *  No.
 170:.\Generated_Source\PSoC5/UART_1_PM.c **** *
 171:.\Generated_Source\PSoC5/UART_1_PM.c **** *******************************************************************************/
 172:.\Generated_Source\PSoC5/UART_1_PM.c **** void UART_1_Wakeup(void)
 173:.\Generated_Source\PSoC5/UART_1_PM.c **** {
 106              		.loc 1 173 0
 107              		.cfi_startproc
 108              		@ args = 0, pretend = 0, frame = 0
 109              		@ frame_needed = 0, uses_anonymous_args = 0
 110 0000 08B5     		push	{r3, lr}
 111              		.cfi_def_cfa_offset 8
 112              		.cfi_offset 3, -8
ARM GAS  C:\Users\Ian\AppData\Local\Temp\ccs4mwCh.s 			page 6


 113              		.cfi_offset 14, -4
 174:.\Generated_Source\PSoC5/UART_1_PM.c ****     UART_1_RestoreConfig();
 175:.\Generated_Source\PSoC5/UART_1_PM.c ****     #if( (UART_1_RX_ENABLED) || (UART_1_HD_ENABLED) )
 176:.\Generated_Source\PSoC5/UART_1_PM.c ****         UART_1_ClearRxBuffer();
 114              		.loc 1 176 0
 115 0002 FFF7FEFF 		bl	UART_1_ClearRxBuffer
 116              	.LVL1:
 177:.\Generated_Source\PSoC5/UART_1_PM.c ****     #endif /* End (UART_1_RX_ENABLED) || (UART_1_HD_ENABLED) */
 178:.\Generated_Source\PSoC5/UART_1_PM.c ****     #if(UART_1_TX_ENABLED || UART_1_HD_ENABLED)
 179:.\Generated_Source\PSoC5/UART_1_PM.c ****         UART_1_ClearTxBuffer();
 117              		.loc 1 179 0
 118 0006 FFF7FEFF 		bl	UART_1_ClearTxBuffer
 119              	.LVL2:
 180:.\Generated_Source\PSoC5/UART_1_PM.c ****     #endif /* End UART_1_TX_ENABLED || UART_1_HD_ENABLED */
 181:.\Generated_Source\PSoC5/UART_1_PM.c **** 
 182:.\Generated_Source\PSoC5/UART_1_PM.c ****     if(UART_1_backup.enableState != 0u)
 120              		.loc 1 182 0
 121 000a 034B     		ldr	r3, .L12
 122 000c 1B78     		ldrb	r3, [r3]	@ zero_extendqisi2
 123 000e 0BB1     		cbz	r3, .L9
 183:.\Generated_Source\PSoC5/UART_1_PM.c ****     {
 184:.\Generated_Source\PSoC5/UART_1_PM.c ****         UART_1_Enable();
 124              		.loc 1 184 0
 125 0010 FFF7FEFF 		bl	UART_1_Enable
 126              	.LVL3:
 127              	.L9:
 128 0014 08BD     		pop	{r3, pc}
 129              	.L13:
 130 0016 00BF     		.align	2
 131              	.L12:
 132 0018 00000000 		.word	.LANCHOR0
 133              		.cfi_endproc
 134              	.LFE3:
 135              		.size	UART_1_Wakeup, .-UART_1_Wakeup
 136              		.bss
 137              		.align	2
 138              		.set	.LANCHOR0,. + 0
 139              		.type	UART_1_backup, %object
 140              		.size	UART_1_backup, 1
 141              	UART_1_backup:
 142 0000 00       		.space	1
 143 0001 000000   		.text
 144              	.Letext0:
 145              		.file 2 ".\\Generated_Source\\PSoC5\\cytypes.h"
 146              		.file 3 ".\\Generated_Source\\PSoC5\\UART_1.h"
 147              		.section	.debug_info,"",%progbits
 148              	.Ldebug_info0:
 149 0000 62010000 		.4byte	0x162
 150 0004 0400     		.2byte	0x4
 151 0006 00000000 		.4byte	.Ldebug_abbrev0
 152 000a 04       		.byte	0x4
 153 000b 01       		.uleb128 0x1
 154 000c C2000000 		.4byte	.LASF24
 155 0010 01       		.byte	0x1
 156 0011 88000000 		.4byte	.LASF25
 157 0015 90010000 		.4byte	.LASF26
 158 0019 00000000 		.4byte	.Ldebug_ranges0+0
ARM GAS  C:\Users\Ian\AppData\Local\Temp\ccs4mwCh.s 			page 7


 159 001d 00000000 		.4byte	0
 160 0021 00000000 		.4byte	.Ldebug_line0
 161 0025 02       		.uleb128 0x2
 162 0026 01       		.byte	0x1
 163 0027 06       		.byte	0x6
 164 0028 63020000 		.4byte	.LASF0
 165 002c 02       		.uleb128 0x2
 166 002d 01       		.byte	0x1
 167 002e 08       		.byte	0x8
 168 002f 51000000 		.4byte	.LASF1
 169 0033 02       		.uleb128 0x2
 170 0034 02       		.byte	0x2
 171 0035 05       		.byte	0x5
 172 0036 02020000 		.4byte	.LASF2
 173 003a 02       		.uleb128 0x2
 174 003b 02       		.byte	0x2
 175 003c 07       		.byte	0x7
 176 003d 15000000 		.4byte	.LASF3
 177 0041 02       		.uleb128 0x2
 178 0042 04       		.byte	0x4
 179 0043 05       		.byte	0x5
 180 0044 2E020000 		.4byte	.LASF4
 181 0048 02       		.uleb128 0x2
 182 0049 04       		.byte	0x4
 183 004a 07       		.byte	0x7
 184 004b 70000000 		.4byte	.LASF5
 185 004f 02       		.uleb128 0x2
 186 0050 08       		.byte	0x8
 187 0051 05       		.byte	0x5
 188 0052 7D010000 		.4byte	.LASF6
 189 0056 02       		.uleb128 0x2
 190 0057 08       		.byte	0x8
 191 0058 07       		.byte	0x7
 192 0059 5D010000 		.4byte	.LASF7
 193 005d 03       		.uleb128 0x3
 194 005e 04       		.byte	0x4
 195 005f 05       		.byte	0x5
 196 0060 696E7400 		.ascii	"int\000"
 197 0064 02       		.uleb128 0x2
 198 0065 04       		.byte	0x4
 199 0066 07       		.byte	0x7
 200 0067 50010000 		.4byte	.LASF8
 201 006b 04       		.uleb128 0x4
 202 006c 82000000 		.4byte	.LASF12
 203 0070 02       		.byte	0x2
 204 0071 5B       		.byte	0x5b
 205 0072 2C000000 		.4byte	0x2c
 206 0076 02       		.uleb128 0x2
 207 0077 04       		.byte	0x4
 208 0078 04       		.byte	0x4
 209 0079 4B000000 		.4byte	.LASF9
 210 007d 02       		.uleb128 0x2
 211 007e 08       		.byte	0x8
 212 007f 04       		.byte	0x4
 213 0080 AD000000 		.4byte	.LASF10
 214 0084 02       		.uleb128 0x2
 215 0085 01       		.byte	0x1
ARM GAS  C:\Users\Ian\AppData\Local\Temp\ccs4mwCh.s 			page 8


 216 0086 08       		.byte	0x8
 217 0087 8B010000 		.4byte	.LASF11
 218 008b 04       		.uleb128 0x4
 219 008c 5F000000 		.4byte	.LASF13
 220 0090 02       		.byte	0x2
 221 0091 F0       		.byte	0xf0
 222 0092 96000000 		.4byte	0x96
 223 0096 05       		.uleb128 0x5
 224 0097 6B000000 		.4byte	0x6b
 225 009b 02       		.uleb128 0x2
 226 009c 04       		.byte	0x4
 227 009d 07       		.byte	0x7
 228 009e 74010000 		.4byte	.LASF14
 229 00a2 06       		.uleb128 0x6
 230 00a3 ED010000 		.4byte	.LASF27
 231 00a7 01       		.byte	0x1
 232 00a8 03       		.byte	0x3
 233 00a9 45       		.byte	0x45
 234 00aa BB000000 		.4byte	0xbb
 235 00ae 07       		.uleb128 0x7
 236 00af 37020000 		.4byte	.LASF28
 237 00b3 03       		.byte	0x3
 238 00b4 47       		.byte	0x47
 239 00b5 6B000000 		.4byte	0x6b
 240 00b9 00       		.byte	0
 241 00ba 00       		.byte	0
 242 00bb 04       		.uleb128 0x4
 243 00bc 6F020000 		.4byte	.LASF15
 244 00c0 03       		.byte	0x3
 245 00c1 4D       		.byte	0x4d
 246 00c2 A2000000 		.4byte	0xa2
 247 00c6 08       		.uleb128 0x8
 248 00c7 51020000 		.4byte	.LASF16
 249 00cb 01       		.byte	0x1
 250 00cc 36       		.byte	0x36
 251 00cd 00000000 		.4byte	.LFB0
 252 00d1 02000000 		.4byte	.LFE0-.LFB0
 253 00d5 01       		.uleb128 0x1
 254 00d6 9C       		.byte	0x9c
 255 00d7 08       		.uleb128 0x8
 256 00d8 00000000 		.4byte	.LASF17
 257 00dc 01       		.byte	0x1
 258 00dd 57       		.byte	0x57
 259 00de 00000000 		.4byte	.LFB1
 260 00e2 02000000 		.4byte	.LFE1-.LFB1
 261 00e6 01       		.uleb128 0x1
 262 00e7 9C       		.byte	0x9c
 263 00e8 09       		.uleb128 0x9
 264 00e9 0C020000 		.4byte	.LASF18
 265 00ed 01       		.byte	0x1
 266 00ee 78       		.byte	0x78
 267 00ef 00000000 		.4byte	.LFB2
 268 00f3 28000000 		.4byte	.LFE2-.LFB2
 269 00f7 01       		.uleb128 0x1
 270 00f8 9C       		.byte	0x9c
 271 00f9 07010000 		.4byte	0x107
 272 00fd 0A       		.uleb128 0xa
ARM GAS  C:\Users\Ian\AppData\Local\Temp\ccs4mwCh.s 			page 9


 273 00fe 1E000000 		.4byte	.LVL0
 274 0102 49010000 		.4byte	0x149
 275 0106 00       		.byte	0
 276 0107 09       		.uleb128 0x9
 277 0108 B4000000 		.4byte	.LASF19
 278 010c 01       		.byte	0x1
 279 010d AC       		.byte	0xac
 280 010e 00000000 		.4byte	.LFB3
 281 0112 1C000000 		.4byte	.LFE3-.LFB3
 282 0116 01       		.uleb128 0x1
 283 0117 9C       		.byte	0x9c
 284 0118 38010000 		.4byte	0x138
 285 011c 0A       		.uleb128 0xa
 286 011d 06000000 		.4byte	.LVL1
 287 0121 50010000 		.4byte	0x150
 288 0125 0A       		.uleb128 0xa
 289 0126 0A000000 		.4byte	.LVL2
 290 012a 57010000 		.4byte	0x157
 291 012e 0A       		.uleb128 0xa
 292 012f 14000000 		.4byte	.LVL3
 293 0133 5E010000 		.4byte	0x15e
 294 0137 00       		.byte	0
 295 0138 0B       		.uleb128 0xb
 296 0139 3D000000 		.4byte	.LASF29
 297 013d 01       		.byte	0x1
 298 013e 18       		.byte	0x18
 299 013f BB000000 		.4byte	0xbb
 300 0143 05       		.uleb128 0x5
 301 0144 03       		.byte	0x3
 302 0145 00000000 		.4byte	UART_1_backup
 303 0149 0C       		.uleb128 0xc
 304 014a 64000000 		.4byte	.LASF20
 305 014e 03       		.byte	0x3
 306 014f 55       		.byte	0x55
 307 0150 0C       		.uleb128 0xc
 308 0151 28000000 		.4byte	.LASF21
 309 0155 03       		.byte	0x3
 310 0156 75       		.byte	0x75
 311 0157 0C       		.uleb128 0xc
 312 0158 19020000 		.4byte	.LASF22
 313 015c 03       		.byte	0x3
 314 015d 8F       		.byte	0x8f
 315 015e 0C       		.uleb128 0xc
 316 015f 43020000 		.4byte	.LASF23
 317 0163 03       		.byte	0x3
 318 0164 5A       		.byte	0x5a
 319 0165 00       		.byte	0
 320              		.section	.debug_abbrev,"",%progbits
 321              	.Ldebug_abbrev0:
 322 0000 01       		.uleb128 0x1
 323 0001 11       		.uleb128 0x11
 324 0002 01       		.byte	0x1
 325 0003 25       		.uleb128 0x25
 326 0004 0E       		.uleb128 0xe
 327 0005 13       		.uleb128 0x13
 328 0006 0B       		.uleb128 0xb
 329 0007 03       		.uleb128 0x3
ARM GAS  C:\Users\Ian\AppData\Local\Temp\ccs4mwCh.s 			page 10


 330 0008 0E       		.uleb128 0xe
 331 0009 1B       		.uleb128 0x1b
 332 000a 0E       		.uleb128 0xe
 333 000b 55       		.uleb128 0x55
 334 000c 17       		.uleb128 0x17
 335 000d 11       		.uleb128 0x11
 336 000e 01       		.uleb128 0x1
 337 000f 10       		.uleb128 0x10
 338 0010 17       		.uleb128 0x17
 339 0011 00       		.byte	0
 340 0012 00       		.byte	0
 341 0013 02       		.uleb128 0x2
 342 0014 24       		.uleb128 0x24
 343 0015 00       		.byte	0
 344 0016 0B       		.uleb128 0xb
 345 0017 0B       		.uleb128 0xb
 346 0018 3E       		.uleb128 0x3e
 347 0019 0B       		.uleb128 0xb
 348 001a 03       		.uleb128 0x3
 349 001b 0E       		.uleb128 0xe
 350 001c 00       		.byte	0
 351 001d 00       		.byte	0
 352 001e 03       		.uleb128 0x3
 353 001f 24       		.uleb128 0x24
 354 0020 00       		.byte	0
 355 0021 0B       		.uleb128 0xb
 356 0022 0B       		.uleb128 0xb
 357 0023 3E       		.uleb128 0x3e
 358 0024 0B       		.uleb128 0xb
 359 0025 03       		.uleb128 0x3
 360 0026 08       		.uleb128 0x8
 361 0027 00       		.byte	0
 362 0028 00       		.byte	0
 363 0029 04       		.uleb128 0x4
 364 002a 16       		.uleb128 0x16
 365 002b 00       		.byte	0
 366 002c 03       		.uleb128 0x3
 367 002d 0E       		.uleb128 0xe
 368 002e 3A       		.uleb128 0x3a
 369 002f 0B       		.uleb128 0xb
 370 0030 3B       		.uleb128 0x3b
 371 0031 0B       		.uleb128 0xb
 372 0032 49       		.uleb128 0x49
 373 0033 13       		.uleb128 0x13
 374 0034 00       		.byte	0
 375 0035 00       		.byte	0
 376 0036 05       		.uleb128 0x5
 377 0037 35       		.uleb128 0x35
 378 0038 00       		.byte	0
 379 0039 49       		.uleb128 0x49
 380 003a 13       		.uleb128 0x13
 381 003b 00       		.byte	0
 382 003c 00       		.byte	0
 383 003d 06       		.uleb128 0x6
 384 003e 13       		.uleb128 0x13
 385 003f 01       		.byte	0x1
 386 0040 03       		.uleb128 0x3
ARM GAS  C:\Users\Ian\AppData\Local\Temp\ccs4mwCh.s 			page 11


 387 0041 0E       		.uleb128 0xe
 388 0042 0B       		.uleb128 0xb
 389 0043 0B       		.uleb128 0xb
 390 0044 3A       		.uleb128 0x3a
 391 0045 0B       		.uleb128 0xb
 392 0046 3B       		.uleb128 0x3b
 393 0047 0B       		.uleb128 0xb
 394 0048 01       		.uleb128 0x1
 395 0049 13       		.uleb128 0x13
 396 004a 00       		.byte	0
 397 004b 00       		.byte	0
 398 004c 07       		.uleb128 0x7
 399 004d 0D       		.uleb128 0xd
 400 004e 00       		.byte	0
 401 004f 03       		.uleb128 0x3
 402 0050 0E       		.uleb128 0xe
 403 0051 3A       		.uleb128 0x3a
 404 0052 0B       		.uleb128 0xb
 405 0053 3B       		.uleb128 0x3b
 406 0054 0B       		.uleb128 0xb
 407 0055 49       		.uleb128 0x49
 408 0056 13       		.uleb128 0x13
 409 0057 38       		.uleb128 0x38
 410 0058 0B       		.uleb128 0xb
 411 0059 00       		.byte	0
 412 005a 00       		.byte	0
 413 005b 08       		.uleb128 0x8
 414 005c 2E       		.uleb128 0x2e
 415 005d 00       		.byte	0
 416 005e 3F       		.uleb128 0x3f
 417 005f 19       		.uleb128 0x19
 418 0060 03       		.uleb128 0x3
 419 0061 0E       		.uleb128 0xe
 420 0062 3A       		.uleb128 0x3a
 421 0063 0B       		.uleb128 0xb
 422 0064 3B       		.uleb128 0x3b
 423 0065 0B       		.uleb128 0xb
 424 0066 27       		.uleb128 0x27
 425 0067 19       		.uleb128 0x19
 426 0068 11       		.uleb128 0x11
 427 0069 01       		.uleb128 0x1
 428 006a 12       		.uleb128 0x12
 429 006b 06       		.uleb128 0x6
 430 006c 40       		.uleb128 0x40
 431 006d 18       		.uleb128 0x18
 432 006e 9742     		.uleb128 0x2117
 433 0070 19       		.uleb128 0x19
 434 0071 00       		.byte	0
 435 0072 00       		.byte	0
 436 0073 09       		.uleb128 0x9
 437 0074 2E       		.uleb128 0x2e
 438 0075 01       		.byte	0x1
 439 0076 3F       		.uleb128 0x3f
 440 0077 19       		.uleb128 0x19
 441 0078 03       		.uleb128 0x3
 442 0079 0E       		.uleb128 0xe
 443 007a 3A       		.uleb128 0x3a
ARM GAS  C:\Users\Ian\AppData\Local\Temp\ccs4mwCh.s 			page 12


 444 007b 0B       		.uleb128 0xb
 445 007c 3B       		.uleb128 0x3b
 446 007d 0B       		.uleb128 0xb
 447 007e 27       		.uleb128 0x27
 448 007f 19       		.uleb128 0x19
 449 0080 11       		.uleb128 0x11
 450 0081 01       		.uleb128 0x1
 451 0082 12       		.uleb128 0x12
 452 0083 06       		.uleb128 0x6
 453 0084 40       		.uleb128 0x40
 454 0085 18       		.uleb128 0x18
 455 0086 9742     		.uleb128 0x2117
 456 0088 19       		.uleb128 0x19
 457 0089 01       		.uleb128 0x1
 458 008a 13       		.uleb128 0x13
 459 008b 00       		.byte	0
 460 008c 00       		.byte	0
 461 008d 0A       		.uleb128 0xa
 462 008e 898201   		.uleb128 0x4109
 463 0091 00       		.byte	0
 464 0092 11       		.uleb128 0x11
 465 0093 01       		.uleb128 0x1
 466 0094 31       		.uleb128 0x31
 467 0095 13       		.uleb128 0x13
 468 0096 00       		.byte	0
 469 0097 00       		.byte	0
 470 0098 0B       		.uleb128 0xb
 471 0099 34       		.uleb128 0x34
 472 009a 00       		.byte	0
 473 009b 03       		.uleb128 0x3
 474 009c 0E       		.uleb128 0xe
 475 009d 3A       		.uleb128 0x3a
 476 009e 0B       		.uleb128 0xb
 477 009f 3B       		.uleb128 0x3b
 478 00a0 0B       		.uleb128 0xb
 479 00a1 49       		.uleb128 0x49
 480 00a2 13       		.uleb128 0x13
 481 00a3 02       		.uleb128 0x2
 482 00a4 18       		.uleb128 0x18
 483 00a5 00       		.byte	0
 484 00a6 00       		.byte	0
 485 00a7 0C       		.uleb128 0xc
 486 00a8 2E       		.uleb128 0x2e
 487 00a9 00       		.byte	0
 488 00aa 3F       		.uleb128 0x3f
 489 00ab 19       		.uleb128 0x19
 490 00ac 03       		.uleb128 0x3
 491 00ad 0E       		.uleb128 0xe
 492 00ae 3A       		.uleb128 0x3a
 493 00af 0B       		.uleb128 0xb
 494 00b0 3B       		.uleb128 0x3b
 495 00b1 0B       		.uleb128 0xb
 496 00b2 27       		.uleb128 0x27
 497 00b3 19       		.uleb128 0x19
 498 00b4 3C       		.uleb128 0x3c
 499 00b5 19       		.uleb128 0x19
 500 00b6 00       		.byte	0
ARM GAS  C:\Users\Ian\AppData\Local\Temp\ccs4mwCh.s 			page 13


 501 00b7 00       		.byte	0
 502 00b8 00       		.byte	0
 503              		.section	.debug_aranges,"",%progbits
 504 0000 34000000 		.4byte	0x34
 505 0004 0200     		.2byte	0x2
 506 0006 00000000 		.4byte	.Ldebug_info0
 507 000a 04       		.byte	0x4
 508 000b 00       		.byte	0
 509 000c 0000     		.2byte	0
 510 000e 0000     		.2byte	0
 511 0010 00000000 		.4byte	.LFB0
 512 0014 02000000 		.4byte	.LFE0-.LFB0
 513 0018 00000000 		.4byte	.LFB1
 514 001c 02000000 		.4byte	.LFE1-.LFB1
 515 0020 00000000 		.4byte	.LFB2
 516 0024 28000000 		.4byte	.LFE2-.LFB2
 517 0028 00000000 		.4byte	.LFB3
 518 002c 1C000000 		.4byte	.LFE3-.LFB3
 519 0030 00000000 		.4byte	0
 520 0034 00000000 		.4byte	0
 521              		.section	.debug_ranges,"",%progbits
 522              	.Ldebug_ranges0:
 523 0000 00000000 		.4byte	.LFB0
 524 0004 02000000 		.4byte	.LFE0
 525 0008 00000000 		.4byte	.LFB1
 526 000c 02000000 		.4byte	.LFE1
 527 0010 00000000 		.4byte	.LFB2
 528 0014 28000000 		.4byte	.LFE2
 529 0018 00000000 		.4byte	.LFB3
 530 001c 1C000000 		.4byte	.LFE3
 531 0020 00000000 		.4byte	0
 532 0024 00000000 		.4byte	0
 533              		.section	.debug_line,"",%progbits
 534              	.Ldebug_line0:
 535 0000 A4000000 		.section	.debug_str,"MS",%progbits,1
 535      02005400 
 535      00000201 
 535      FB0E0D00 
 535      01010101 
 536              	.LASF17:
 537 0000 55415254 		.ascii	"UART_1_RestoreConfig\000"
 537      5F315F52 
 537      6573746F 
 537      7265436F 
 537      6E666967 
 538              	.LASF3:
 539 0015 73686F72 		.ascii	"short unsigned int\000"
 539      7420756E 
 539      7369676E 
 539      65642069 
 539      6E7400
 540              	.LASF21:
 541 0028 55415254 		.ascii	"UART_1_ClearRxBuffer\000"
 541      5F315F43 
 541      6C656172 
 541      52784275 
 541      66666572 
ARM GAS  C:\Users\Ian\AppData\Local\Temp\ccs4mwCh.s 			page 14


 542              	.LASF29:
 543 003d 55415254 		.ascii	"UART_1_backup\000"
 543      5F315F62 
 543      61636B75 
 543      7000
 544              	.LASF9:
 545 004b 666C6F61 		.ascii	"float\000"
 545      7400
 546              	.LASF1:
 547 0051 756E7369 		.ascii	"unsigned char\000"
 547      676E6564 
 547      20636861 
 547      7200
 548              	.LASF13:
 549 005f 72656738 		.ascii	"reg8\000"
 549      00
 550              	.LASF20:
 551 0064 55415254 		.ascii	"UART_1_Stop\000"
 551      5F315F53 
 551      746F7000 
 552              	.LASF5:
 553 0070 6C6F6E67 		.ascii	"long unsigned int\000"
 553      20756E73 
 553      69676E65 
 553      6420696E 
 553      7400
 554              	.LASF12:
 555 0082 75696E74 		.ascii	"uint8\000"
 555      3800
 556              	.LASF25:
 557 0088 2E5C4765 		.ascii	".\\Generated_Source\\PSoC5\\UART_1_PM.c\000"
 557      6E657261 
 557      7465645F 
 557      536F7572 
 557      63655C50 
 558              	.LASF10:
 559 00ad 646F7562 		.ascii	"double\000"
 559      6C6500
 560              	.LASF19:
 561 00b4 55415254 		.ascii	"UART_1_Wakeup\000"
 561      5F315F57 
 561      616B6575 
 561      7000
 562              	.LASF24:
 563 00c2 474E5520 		.ascii	"GNU C 4.9.3 20150303 (release) [ARM/embedded-4_9-br"
 563      4320342E 
 563      392E3320 
 563      32303135 
 563      30333033 
 564 00f5 616E6368 		.ascii	"anch revision 221220] -mcpu=cortex-m3 -mthumb -g -O"
 564      20726576 
 564      6973696F 
 564      6E203232 
 564      31323230 
 565 0128 67202D66 		.ascii	"g -ffunction-sections -ffat-lto-objects\000"
 565      66756E63 
 565      74696F6E 
ARM GAS  C:\Users\Ian\AppData\Local\Temp\ccs4mwCh.s 			page 15


 565      2D736563 
 565      74696F6E 
 566              	.LASF8:
 567 0150 756E7369 		.ascii	"unsigned int\000"
 567      676E6564 
 567      20696E74 
 567      00
 568              	.LASF7:
 569 015d 6C6F6E67 		.ascii	"long long unsigned int\000"
 569      206C6F6E 
 569      6720756E 
 569      7369676E 
 569      65642069 
 570              	.LASF14:
 571 0174 73697A65 		.ascii	"sizetype\000"
 571      74797065 
 571      00
 572              	.LASF6:
 573 017d 6C6F6E67 		.ascii	"long long int\000"
 573      206C6F6E 
 573      6720696E 
 573      7400
 574              	.LASF11:
 575 018b 63686172 		.ascii	"char\000"
 575      00
 576              	.LASF26:
 577 0190 433A5C55 		.ascii	"C:\\Users\\Ian\\Documents\\Junior\\Senior Project C"
 577      73657273 
 577      5C49616E 
 577      5C446F63 
 577      756D656E 
 578 01be 68697020 		.ascii	"hip Design\\Wave Generator\\Wave Generator.cydsn\000"
 578      44657369 
 578      676E5C57 
 578      61766520 
 578      47656E65 
 579              	.LASF27:
 580 01ed 55415254 		.ascii	"UART_1_backupStruct_\000"
 580      5F315F62 
 580      61636B75 
 580      70537472 
 580      7563745F 
 581              	.LASF2:
 582 0202 73686F72 		.ascii	"short int\000"
 582      7420696E 
 582      7400
 583              	.LASF18:
 584 020c 55415254 		.ascii	"UART_1_Sleep\000"
 584      5F315F53 
 584      6C656570 
 584      00
 585              	.LASF22:
 586 0219 55415254 		.ascii	"UART_1_ClearTxBuffer\000"
 586      5F315F43 
 586      6C656172 
 586      54784275 
 586      66666572 
ARM GAS  C:\Users\Ian\AppData\Local\Temp\ccs4mwCh.s 			page 16


 587              	.LASF4:
 588 022e 6C6F6E67 		.ascii	"long int\000"
 588      20696E74 
 588      00
 589              	.LASF28:
 590 0237 656E6162 		.ascii	"enableState\000"
 590      6C655374 
 590      61746500 
 591              	.LASF23:
 592 0243 55415254 		.ascii	"UART_1_Enable\000"
 592      5F315F45 
 592      6E61626C 
 592      6500
 593              	.LASF16:
 594 0251 55415254 		.ascii	"UART_1_SaveConfig\000"
 594      5F315F53 
 594      61766543 
 594      6F6E6669 
 594      6700
 595              	.LASF0:
 596 0263 7369676E 		.ascii	"signed char\000"
 596      65642063 
 596      68617200 
 597              	.LASF15:
 598 026f 55415254 		.ascii	"UART_1_BACKUP_STRUCT\000"
 598      5F315F42 
 598      41434B55 
 598      505F5354 
 598      52554354 
 599              		.ident	"GCC: (GNU Tools for ARM Embedded Processors) 4.9.3 20150303 (release) [ARM/embedded-4_9-br
