ARM GAS  C:\Users\Ian\AppData\Local\Temp\cceQdx7E.s 			page 1


   1              		.syntax unified
   2              		.cpu cortex-m3
   3              		.fpu softvfp
   4              		.eabi_attribute 20, 1
   5              		.eabi_attribute 21, 1
   6              		.eabi_attribute 23, 3
   7              		.eabi_attribute 24, 1
   8              		.eabi_attribute 25, 1
   9              		.eabi_attribute 26, 1
  10              		.eabi_attribute 30, 1
  11              		.eabi_attribute 34, 1
  12              		.eabi_attribute 18, 4
  13              		.thumb
  14              		.file	"WaveDAC8.c"
  15              		.text
  16              	.Ltext0:
  17              		.cfi_sections	.debug_frame
  18              		.section	.text.WaveDAC8_Enable,"ax",%progbits
  19              		.align	2
  20              		.global	WaveDAC8_Enable
  21              		.thumb
  22              		.thumb_func
  23              		.type	WaveDAC8_Enable, %function
  24              	WaveDAC8_Enable:
  25              	.LFB1:
  26              		.file 1 ".\\Generated_Source\\PSoC5\\WaveDAC8.c"
   1:.\Generated_Source\PSoC5/WaveDAC8.c **** /*******************************************************************************
   2:.\Generated_Source\PSoC5/WaveDAC8.c **** * File Name: WaveDAC8.c
   3:.\Generated_Source\PSoC5/WaveDAC8.c **** * Version 2.0
   4:.\Generated_Source\PSoC5/WaveDAC8.c **** *
   5:.\Generated_Source\PSoC5/WaveDAC8.c **** * Description:
   6:.\Generated_Source\PSoC5/WaveDAC8.c **** *  This file provides the source code for the 8-bit Waveform DAC 
   7:.\Generated_Source\PSoC5/WaveDAC8.c **** *  (WaveDAC8) Component.
   8:.\Generated_Source\PSoC5/WaveDAC8.c **** *
   9:.\Generated_Source\PSoC5/WaveDAC8.c **** ********************************************************************************
  10:.\Generated_Source\PSoC5/WaveDAC8.c **** * Copyright 2013, Cypress Semiconductor Corporation.  All rights reserved.
  11:.\Generated_Source\PSoC5/WaveDAC8.c **** * You may use this file only in accordance with the license, terms, conditions,
  12:.\Generated_Source\PSoC5/WaveDAC8.c **** * disclaimers, and limitations in the end user license agreement accompanying
  13:.\Generated_Source\PSoC5/WaveDAC8.c **** * the software package with which this file was provided.
  14:.\Generated_Source\PSoC5/WaveDAC8.c **** *******************************************************************************/
  15:.\Generated_Source\PSoC5/WaveDAC8.c **** 
  16:.\Generated_Source\PSoC5/WaveDAC8.c **** #include "WaveDAC8.h"
  17:.\Generated_Source\PSoC5/WaveDAC8.c **** 
  18:.\Generated_Source\PSoC5/WaveDAC8.c **** uint8  WaveDAC8_initVar = 0u;
  19:.\Generated_Source\PSoC5/WaveDAC8.c **** 
  20:.\Generated_Source\PSoC5/WaveDAC8.c **** const uint8 CYCODE WaveDAC8_wave1[WaveDAC8_WAVE1_LENGTH] = { 94u,94u,94u,94u,94u,94u,94u,94u,94u,94
  21:.\Generated_Source\PSoC5/WaveDAC8.c **** const uint8 CYCODE WaveDAC8_wave2[WaveDAC8_WAVE2_LENGTH] = { 252u,252u,252u,252u,252u,252u,252u,252
  22:.\Generated_Source\PSoC5/WaveDAC8.c **** 
  23:.\Generated_Source\PSoC5/WaveDAC8.c **** static uint8  WaveDAC8_Wave1Chan;
  24:.\Generated_Source\PSoC5/WaveDAC8.c **** static uint8  WaveDAC8_Wave2Chan;
  25:.\Generated_Source\PSoC5/WaveDAC8.c **** static uint8  WaveDAC8_Wave1TD;
  26:.\Generated_Source\PSoC5/WaveDAC8.c **** static uint8  WaveDAC8_Wave2TD;
  27:.\Generated_Source\PSoC5/WaveDAC8.c **** 
  28:.\Generated_Source\PSoC5/WaveDAC8.c **** 
  29:.\Generated_Source\PSoC5/WaveDAC8.c **** /*******************************************************************************
  30:.\Generated_Source\PSoC5/WaveDAC8.c **** * Function Name: WaveDAC8_Init
  31:.\Generated_Source\PSoC5/WaveDAC8.c **** ********************************************************************************
ARM GAS  C:\Users\Ian\AppData\Local\Temp\cceQdx7E.s 			page 2


  32:.\Generated_Source\PSoC5/WaveDAC8.c **** *
  33:.\Generated_Source\PSoC5/WaveDAC8.c **** * Summary:
  34:.\Generated_Source\PSoC5/WaveDAC8.c **** *  Initializes component with parameters set in the customizer.
  35:.\Generated_Source\PSoC5/WaveDAC8.c **** *
  36:.\Generated_Source\PSoC5/WaveDAC8.c **** * Parameters:  
  37:.\Generated_Source\PSoC5/WaveDAC8.c **** *  None
  38:.\Generated_Source\PSoC5/WaveDAC8.c **** *
  39:.\Generated_Source\PSoC5/WaveDAC8.c **** * Return: 
  40:.\Generated_Source\PSoC5/WaveDAC8.c **** *  None
  41:.\Generated_Source\PSoC5/WaveDAC8.c **** *
  42:.\Generated_Source\PSoC5/WaveDAC8.c **** *******************************************************************************/
  43:.\Generated_Source\PSoC5/WaveDAC8.c **** void WaveDAC8_Init(void) 
  44:.\Generated_Source\PSoC5/WaveDAC8.c **** {
  45:.\Generated_Source\PSoC5/WaveDAC8.c **** 	WaveDAC8_VDAC8_Init();
  46:.\Generated_Source\PSoC5/WaveDAC8.c **** 	WaveDAC8_VDAC8_SetSpeed(WaveDAC8_HIGHSPEED);
  47:.\Generated_Source\PSoC5/WaveDAC8.c **** 	WaveDAC8_VDAC8_SetRange(WaveDAC8_DAC_RANGE);
  48:.\Generated_Source\PSoC5/WaveDAC8.c **** 
  49:.\Generated_Source\PSoC5/WaveDAC8.c **** 	#if(WaveDAC8_DAC_MODE == WaveDAC8_CURRENT_MODE)
  50:.\Generated_Source\PSoC5/WaveDAC8.c **** 		WaveDAC8_IDAC8_SetPolarity(WaveDAC8_DAC_POL);
  51:.\Generated_Source\PSoC5/WaveDAC8.c **** 	#endif /* WaveDAC8_DAC_MODE == WaveDAC8_CURRENT_MODE */
  52:.\Generated_Source\PSoC5/WaveDAC8.c **** 
  53:.\Generated_Source\PSoC5/WaveDAC8.c **** 	#if(WaveDAC8_OUT_MODE == WaveDAC8_BUFFER_MODE)
  54:.\Generated_Source\PSoC5/WaveDAC8.c **** 	   WaveDAC8_BuffAmp_Init();
  55:.\Generated_Source\PSoC5/WaveDAC8.c **** 	#endif /* WaveDAC8_OUT_MODE == WaveDAC8_BUFFER_MODE */
  56:.\Generated_Source\PSoC5/WaveDAC8.c **** 
  57:.\Generated_Source\PSoC5/WaveDAC8.c **** 	/* Get the TD Number for the DMA channel 1 and 2   */
  58:.\Generated_Source\PSoC5/WaveDAC8.c **** 	WaveDAC8_Wave1TD = CyDmaTdAllocate();
  59:.\Generated_Source\PSoC5/WaveDAC8.c **** 	WaveDAC8_Wave2TD = CyDmaTdAllocate();
  60:.\Generated_Source\PSoC5/WaveDAC8.c **** 	
  61:.\Generated_Source\PSoC5/WaveDAC8.c **** 	/* Initialize waveform pointers  */
  62:.\Generated_Source\PSoC5/WaveDAC8.c **** 	WaveDAC8_Wave1Setup(WaveDAC8_wave1, WaveDAC8_WAVE1_LENGTH) ;
  63:.\Generated_Source\PSoC5/WaveDAC8.c **** 	WaveDAC8_Wave2Setup(WaveDAC8_wave2, WaveDAC8_WAVE2_LENGTH) ;
  64:.\Generated_Source\PSoC5/WaveDAC8.c **** 	
  65:.\Generated_Source\PSoC5/WaveDAC8.c **** 	/* Initialize the internal clock if one present  */
  66:.\Generated_Source\PSoC5/WaveDAC8.c **** 	#if defined(WaveDAC8_DacClk_PHASE)
  67:.\Generated_Source\PSoC5/WaveDAC8.c **** 	   WaveDAC8_DacClk_SetPhase(WaveDAC8_CLK_PHASE_0nS);
  68:.\Generated_Source\PSoC5/WaveDAC8.c **** 	#endif /* defined(WaveDAC8_DacClk_PHASE) */
  69:.\Generated_Source\PSoC5/WaveDAC8.c **** }
  70:.\Generated_Source\PSoC5/WaveDAC8.c **** 
  71:.\Generated_Source\PSoC5/WaveDAC8.c **** 
  72:.\Generated_Source\PSoC5/WaveDAC8.c **** /*******************************************************************************
  73:.\Generated_Source\PSoC5/WaveDAC8.c **** * Function Name: WaveDAC8_Enable
  74:.\Generated_Source\PSoC5/WaveDAC8.c **** ********************************************************************************
  75:.\Generated_Source\PSoC5/WaveDAC8.c **** *  
  76:.\Generated_Source\PSoC5/WaveDAC8.c **** * Summary: 
  77:.\Generated_Source\PSoC5/WaveDAC8.c **** *  Enables the DAC block and DMA operation.
  78:.\Generated_Source\PSoC5/WaveDAC8.c **** *
  79:.\Generated_Source\PSoC5/WaveDAC8.c **** * Parameters:  
  80:.\Generated_Source\PSoC5/WaveDAC8.c **** *  None
  81:.\Generated_Source\PSoC5/WaveDAC8.c **** *
  82:.\Generated_Source\PSoC5/WaveDAC8.c **** * Return: 
  83:.\Generated_Source\PSoC5/WaveDAC8.c **** *  None
  84:.\Generated_Source\PSoC5/WaveDAC8.c **** *
  85:.\Generated_Source\PSoC5/WaveDAC8.c **** *******************************************************************************/
  86:.\Generated_Source\PSoC5/WaveDAC8.c **** void WaveDAC8_Enable(void) 
  87:.\Generated_Source\PSoC5/WaveDAC8.c **** {
  27              		.loc 1 87 0
ARM GAS  C:\Users\Ian\AppData\Local\Temp\cceQdx7E.s 			page 3


  28              		.cfi_startproc
  29              		@ args = 0, pretend = 0, frame = 0
  30              		@ frame_needed = 0, uses_anonymous_args = 0
  31 0000 10B5     		push	{r4, lr}
  32              		.cfi_def_cfa_offset 8
  33              		.cfi_offset 4, -8
  34              		.cfi_offset 14, -4
  88:.\Generated_Source\PSoC5/WaveDAC8.c **** 	WaveDAC8_VDAC8_Enable();
  35              		.loc 1 88 0
  36 0002 FFF7FEFF 		bl	WaveDAC8_VDAC8_Enable
  37              	.LVL0:
  89:.\Generated_Source\PSoC5/WaveDAC8.c **** 
  90:.\Generated_Source\PSoC5/WaveDAC8.c **** 	#if(WaveDAC8_OUT_MODE == WaveDAC8_BUFFER_MODE)
  91:.\Generated_Source\PSoC5/WaveDAC8.c **** 	   WaveDAC8_BuffAmp_Enable();
  92:.\Generated_Source\PSoC5/WaveDAC8.c **** 	#endif /* WaveDAC8_OUT_MODE == WaveDAC8_BUFFER_MODE */
  93:.\Generated_Source\PSoC5/WaveDAC8.c **** 
  94:.\Generated_Source\PSoC5/WaveDAC8.c **** 	/* 
  95:.\Generated_Source\PSoC5/WaveDAC8.c **** 	* Enable the channel. It is configured to remember the TD value so that
  96:.\Generated_Source\PSoC5/WaveDAC8.c **** 	* it can be restored from the place where it has been stopped.
  97:.\Generated_Source\PSoC5/WaveDAC8.c **** 	*/
  98:.\Generated_Source\PSoC5/WaveDAC8.c **** 	(void)CyDmaChEnable(WaveDAC8_Wave1Chan, 1u);
  38              		.loc 1 98 0
  39 0006 074C     		ldr	r4, .L3
  40 0008 2078     		ldrb	r0, [r4]	@ zero_extendqisi2
  41 000a 0121     		movs	r1, #1
  42 000c FFF7FEFF 		bl	CyDmaChEnable
  43              	.LVL1:
  99:.\Generated_Source\PSoC5/WaveDAC8.c **** 	(void)CyDmaChEnable(WaveDAC8_Wave2Chan, 1u);
  44              		.loc 1 99 0
  45 0010 6078     		ldrb	r0, [r4, #1]	@ zero_extendqisi2
  46 0012 0121     		movs	r1, #1
  47 0014 FFF7FEFF 		bl	CyDmaChEnable
  48              	.LVL2:
 100:.\Generated_Source\PSoC5/WaveDAC8.c **** 	
 101:.\Generated_Source\PSoC5/WaveDAC8.c **** 	/* set the initial value */
 102:.\Generated_Source\PSoC5/WaveDAC8.c **** 	WaveDAC8_SetValue(0u);
  49              		.loc 1 102 0
  50 0018 0020     		movs	r0, #0
  51 001a FFF7FEFF 		bl	WaveDAC8_VDAC8_SetValue
  52              	.LVL3:
 103:.\Generated_Source\PSoC5/WaveDAC8.c **** 	
 104:.\Generated_Source\PSoC5/WaveDAC8.c **** 	#if(WaveDAC8_CLOCK_SRC == WaveDAC8_CLOCK_INT)  	
 105:.\Generated_Source\PSoC5/WaveDAC8.c **** 	   WaveDAC8_DacClk_Start();
  53              		.loc 1 105 0
  54 001e FFF7FEFF 		bl	WaveDAC8_DacClk_Start
  55              	.LVL4:
  56 0022 10BD     		pop	{r4, pc}
  57              	.L4:
  58              		.align	2
  59              	.L3:
  60 0024 00000000 		.word	.LANCHOR0
  61              		.cfi_endproc
  62              	.LFE1:
  63              		.size	WaveDAC8_Enable, .-WaveDAC8_Enable
  64              		.section	.text.WaveDAC8_Stop,"ax",%progbits
  65              		.align	2
  66              		.global	WaveDAC8_Stop
ARM GAS  C:\Users\Ian\AppData\Local\Temp\cceQdx7E.s 			page 4


  67              		.thumb
  68              		.thumb_func
  69              		.type	WaveDAC8_Stop, %function
  70              	WaveDAC8_Stop:
  71              	.LFB4:
 106:.\Generated_Source\PSoC5/WaveDAC8.c **** 	#endif /* WaveDAC8_CLOCK_SRC == WaveDAC8_CLOCK_INT */
 107:.\Generated_Source\PSoC5/WaveDAC8.c **** }
 108:.\Generated_Source\PSoC5/WaveDAC8.c **** 
 109:.\Generated_Source\PSoC5/WaveDAC8.c **** 
 110:.\Generated_Source\PSoC5/WaveDAC8.c **** /*******************************************************************************
 111:.\Generated_Source\PSoC5/WaveDAC8.c **** * Function Name: WaveDAC8_Start
 112:.\Generated_Source\PSoC5/WaveDAC8.c **** ********************************************************************************
 113:.\Generated_Source\PSoC5/WaveDAC8.c **** *
 114:.\Generated_Source\PSoC5/WaveDAC8.c **** * Summary:
 115:.\Generated_Source\PSoC5/WaveDAC8.c **** *  The start function initializes the voltage DAC with the default values, 
 116:.\Generated_Source\PSoC5/WaveDAC8.c **** *  and sets the power to the given level.  A power level of 0, is the same as 
 117:.\Generated_Source\PSoC5/WaveDAC8.c **** *  executing the stop function.
 118:.\Generated_Source\PSoC5/WaveDAC8.c **** *
 119:.\Generated_Source\PSoC5/WaveDAC8.c **** * Parameters:  
 120:.\Generated_Source\PSoC5/WaveDAC8.c **** *  None
 121:.\Generated_Source\PSoC5/WaveDAC8.c **** *
 122:.\Generated_Source\PSoC5/WaveDAC8.c **** * Return: 
 123:.\Generated_Source\PSoC5/WaveDAC8.c **** *  None
 124:.\Generated_Source\PSoC5/WaveDAC8.c **** *
 125:.\Generated_Source\PSoC5/WaveDAC8.c **** * Reentrant:
 126:.\Generated_Source\PSoC5/WaveDAC8.c **** *  No
 127:.\Generated_Source\PSoC5/WaveDAC8.c **** *
 128:.\Generated_Source\PSoC5/WaveDAC8.c **** *******************************************************************************/
 129:.\Generated_Source\PSoC5/WaveDAC8.c **** void WaveDAC8_Start(void) 
 130:.\Generated_Source\PSoC5/WaveDAC8.c **** {
 131:.\Generated_Source\PSoC5/WaveDAC8.c **** 	/* If not Initialized then initialize all required hardware and software */
 132:.\Generated_Source\PSoC5/WaveDAC8.c **** 	if(WaveDAC8_initVar == 0u)
 133:.\Generated_Source\PSoC5/WaveDAC8.c **** 	{
 134:.\Generated_Source\PSoC5/WaveDAC8.c **** 		WaveDAC8_Init();
 135:.\Generated_Source\PSoC5/WaveDAC8.c **** 		WaveDAC8_initVar = 1u;
 136:.\Generated_Source\PSoC5/WaveDAC8.c **** 	}
 137:.\Generated_Source\PSoC5/WaveDAC8.c **** 	
 138:.\Generated_Source\PSoC5/WaveDAC8.c **** 	WaveDAC8_Enable();
 139:.\Generated_Source\PSoC5/WaveDAC8.c **** }
 140:.\Generated_Source\PSoC5/WaveDAC8.c **** 
 141:.\Generated_Source\PSoC5/WaveDAC8.c **** 
 142:.\Generated_Source\PSoC5/WaveDAC8.c **** /*******************************************************************************
 143:.\Generated_Source\PSoC5/WaveDAC8.c **** * Function Name: WaveDAC8_StartEx
 144:.\Generated_Source\PSoC5/WaveDAC8.c **** ********************************************************************************
 145:.\Generated_Source\PSoC5/WaveDAC8.c **** *
 146:.\Generated_Source\PSoC5/WaveDAC8.c **** * Summary:
 147:.\Generated_Source\PSoC5/WaveDAC8.c **** *  The StartEx function sets pointers and sizes for both waveforms
 148:.\Generated_Source\PSoC5/WaveDAC8.c **** *  and then starts the component.
 149:.\Generated_Source\PSoC5/WaveDAC8.c **** *
 150:.\Generated_Source\PSoC5/WaveDAC8.c **** * Parameters:  
 151:.\Generated_Source\PSoC5/WaveDAC8.c **** *   uint8 * wavePtr1:     Pointer to the waveform 1 array.
 152:.\Generated_Source\PSoC5/WaveDAC8.c **** *   uint16  sampleSize1:  The amount of samples in the waveform 1.
 153:.\Generated_Source\PSoC5/WaveDAC8.c **** *   uint8 * wavePtr2:     Pointer to the waveform 2 array.
 154:.\Generated_Source\PSoC5/WaveDAC8.c **** *   uint16  sampleSize2:  The amount of samples in the waveform 2.
 155:.\Generated_Source\PSoC5/WaveDAC8.c **** *
 156:.\Generated_Source\PSoC5/WaveDAC8.c **** * Return: 
 157:.\Generated_Source\PSoC5/WaveDAC8.c **** *  None
ARM GAS  C:\Users\Ian\AppData\Local\Temp\cceQdx7E.s 			page 5


 158:.\Generated_Source\PSoC5/WaveDAC8.c **** *
 159:.\Generated_Source\PSoC5/WaveDAC8.c **** * Reentrant:
 160:.\Generated_Source\PSoC5/WaveDAC8.c **** *  No
 161:.\Generated_Source\PSoC5/WaveDAC8.c **** *
 162:.\Generated_Source\PSoC5/WaveDAC8.c **** *******************************************************************************/
 163:.\Generated_Source\PSoC5/WaveDAC8.c **** void WaveDAC8_StartEx(const uint8 * wavePtr1, uint16 sampleSize1, const uint8 * wavePtr2, uint16 sa
 164:.\Generated_Source\PSoC5/WaveDAC8.c **** 
 165:.\Generated_Source\PSoC5/WaveDAC8.c **** {
 166:.\Generated_Source\PSoC5/WaveDAC8.c **** 	WaveDAC8_Wave1Setup(wavePtr1, sampleSize1);
 167:.\Generated_Source\PSoC5/WaveDAC8.c **** 	WaveDAC8_Wave2Setup(wavePtr2, sampleSize2);
 168:.\Generated_Source\PSoC5/WaveDAC8.c **** 	WaveDAC8_Start();
 169:.\Generated_Source\PSoC5/WaveDAC8.c **** }
 170:.\Generated_Source\PSoC5/WaveDAC8.c **** 
 171:.\Generated_Source\PSoC5/WaveDAC8.c **** 
 172:.\Generated_Source\PSoC5/WaveDAC8.c **** /*******************************************************************************
 173:.\Generated_Source\PSoC5/WaveDAC8.c **** * Function Name: WaveDAC8_Stop
 174:.\Generated_Source\PSoC5/WaveDAC8.c **** ********************************************************************************
 175:.\Generated_Source\PSoC5/WaveDAC8.c **** *
 176:.\Generated_Source\PSoC5/WaveDAC8.c **** * Summary:
 177:.\Generated_Source\PSoC5/WaveDAC8.c **** *  Stops the clock (if internal), disables the DMA channels
 178:.\Generated_Source\PSoC5/WaveDAC8.c **** *  and powers down the DAC.
 179:.\Generated_Source\PSoC5/WaveDAC8.c **** *
 180:.\Generated_Source\PSoC5/WaveDAC8.c **** * Parameters:  
 181:.\Generated_Source\PSoC5/WaveDAC8.c **** *  None  
 182:.\Generated_Source\PSoC5/WaveDAC8.c **** *
 183:.\Generated_Source\PSoC5/WaveDAC8.c **** * Return: 
 184:.\Generated_Source\PSoC5/WaveDAC8.c **** *  None
 185:.\Generated_Source\PSoC5/WaveDAC8.c **** *
 186:.\Generated_Source\PSoC5/WaveDAC8.c **** *******************************************************************************/
 187:.\Generated_Source\PSoC5/WaveDAC8.c **** void WaveDAC8_Stop(void) 
 188:.\Generated_Source\PSoC5/WaveDAC8.c **** {
  72              		.loc 1 188 0
  73              		.cfi_startproc
  74              		@ args = 0, pretend = 0, frame = 0
  75              		@ frame_needed = 0, uses_anonymous_args = 0
  76 0000 10B5     		push	{r4, lr}
  77              		.cfi_def_cfa_offset 8
  78              		.cfi_offset 4, -8
  79              		.cfi_offset 14, -4
 189:.\Generated_Source\PSoC5/WaveDAC8.c **** 	/* Turn off internal clock, if one present */
 190:.\Generated_Source\PSoC5/WaveDAC8.c **** 	#if(WaveDAC8_CLOCK_SRC == WaveDAC8_CLOCK_INT)  	
 191:.\Generated_Source\PSoC5/WaveDAC8.c **** 	   WaveDAC8_DacClk_Stop();
  80              		.loc 1 191 0
  81 0002 FFF7FEFF 		bl	WaveDAC8_DacClk_Stop
  82              	.LVL5:
 192:.\Generated_Source\PSoC5/WaveDAC8.c **** 	#endif /* WaveDAC8_CLOCK_SRC == WaveDAC8_CLOCK_INT */
 193:.\Generated_Source\PSoC5/WaveDAC8.c **** 	
 194:.\Generated_Source\PSoC5/WaveDAC8.c **** 	/* Disble DMA channels */
 195:.\Generated_Source\PSoC5/WaveDAC8.c **** 	(void)CyDmaChDisable(WaveDAC8_Wave1Chan);
  83              		.loc 1 195 0
  84 0006 054C     		ldr	r4, .L7
  85 0008 2078     		ldrb	r0, [r4]	@ zero_extendqisi2
  86 000a FFF7FEFF 		bl	CyDmaChDisable
  87              	.LVL6:
 196:.\Generated_Source\PSoC5/WaveDAC8.c **** 	(void)CyDmaChDisable(WaveDAC8_Wave2Chan);
  88              		.loc 1 196 0
  89 000e 6078     		ldrb	r0, [r4, #1]	@ zero_extendqisi2
ARM GAS  C:\Users\Ian\AppData\Local\Temp\cceQdx7E.s 			page 6


  90 0010 FFF7FEFF 		bl	CyDmaChDisable
  91              	.LVL7:
 197:.\Generated_Source\PSoC5/WaveDAC8.c **** 
 198:.\Generated_Source\PSoC5/WaveDAC8.c **** 	/* Disable power to DAC */
 199:.\Generated_Source\PSoC5/WaveDAC8.c **** 	WaveDAC8_VDAC8_Stop();
  92              		.loc 1 199 0
  93 0014 FFF7FEFF 		bl	WaveDAC8_VDAC8_Stop
  94              	.LVL8:
  95 0018 10BD     		pop	{r4, pc}
  96              	.L8:
  97 001a 00BF     		.align	2
  98              	.L7:
  99 001c 00000000 		.word	.LANCHOR0
 100              		.cfi_endproc
 101              	.LFE4:
 102              		.size	WaveDAC8_Stop, .-WaveDAC8_Stop
 103              		.section	.text.WaveDAC8_Wave1Setup,"ax",%progbits
 104              		.align	2
 105              		.global	WaveDAC8_Wave1Setup
 106              		.thumb
 107              		.thumb_func
 108              		.type	WaveDAC8_Wave1Setup, %function
 109              	WaveDAC8_Wave1Setup:
 110              	.LFB5:
 200:.\Generated_Source\PSoC5/WaveDAC8.c **** }
 201:.\Generated_Source\PSoC5/WaveDAC8.c **** 
 202:.\Generated_Source\PSoC5/WaveDAC8.c **** 
 203:.\Generated_Source\PSoC5/WaveDAC8.c **** /*******************************************************************************
 204:.\Generated_Source\PSoC5/WaveDAC8.c **** * Function Name: WaveDAC8_Wave1Setup
 205:.\Generated_Source\PSoC5/WaveDAC8.c **** ********************************************************************************
 206:.\Generated_Source\PSoC5/WaveDAC8.c **** *
 207:.\Generated_Source\PSoC5/WaveDAC8.c **** * Summary:
 208:.\Generated_Source\PSoC5/WaveDAC8.c **** *  Sets pointer and size for waveform 1.                                    
 209:.\Generated_Source\PSoC5/WaveDAC8.c **** *
 210:.\Generated_Source\PSoC5/WaveDAC8.c **** * Parameters:  
 211:.\Generated_Source\PSoC5/WaveDAC8.c **** *  uint8 * WavePtr:     Pointer to the waveform array.
 212:.\Generated_Source\PSoC5/WaveDAC8.c **** *  uint16  SampleSize:  The amount of samples in the waveform.
 213:.\Generated_Source\PSoC5/WaveDAC8.c **** *
 214:.\Generated_Source\PSoC5/WaveDAC8.c **** * Return: 
 215:.\Generated_Source\PSoC5/WaveDAC8.c **** *  None 
 216:.\Generated_Source\PSoC5/WaveDAC8.c **** *
 217:.\Generated_Source\PSoC5/WaveDAC8.c **** *******************************************************************************/
 218:.\Generated_Source\PSoC5/WaveDAC8.c **** void WaveDAC8_Wave1Setup(const uint8 * wavePtr, uint16 sampleSize)
 219:.\Generated_Source\PSoC5/WaveDAC8.c **** 
 220:.\Generated_Source\PSoC5/WaveDAC8.c **** {
 111              		.loc 1 220 0
 112              		.cfi_startproc
 113              		@ args = 0, pretend = 0, frame = 0
 114              		@ frame_needed = 0, uses_anonymous_args = 0
 115              	.LVL9:
 116 0000 70B5     		push	{r4, r5, r6, lr}
 117              		.cfi_def_cfa_offset 16
 118              		.cfi_offset 4, -16
 119              		.cfi_offset 5, -12
 120              		.cfi_offset 6, -8
 121              		.cfi_offset 14, -4
 122 0002 0546     		mov	r5, r0
ARM GAS  C:\Users\Ian\AppData\Local\Temp\cceQdx7E.s 			page 7


 123 0004 0E46     		mov	r6, r1
 221:.\Generated_Source\PSoC5/WaveDAC8.c **** 	#if (CY_PSOC3)
 222:.\Generated_Source\PSoC5/WaveDAC8.c **** 		uint16 memoryType; /* determining the source memory type */
 223:.\Generated_Source\PSoC5/WaveDAC8.c **** 		memoryType = (WaveDAC8_HI16FLASHPTR == HI16(wavePtr)) ? HI16(CYDEV_FLS_BASE) : HI16(CYDEV_SRAM_BA
 224:.\Generated_Source\PSoC5/WaveDAC8.c **** 		
 225:.\Generated_Source\PSoC5/WaveDAC8.c **** 		WaveDAC8_Wave1Chan = WaveDAC8_Wave1_DMA_DmaInitialize(
 226:.\Generated_Source\PSoC5/WaveDAC8.c **** 		WaveDAC8_Wave1_DMA_BYTES_PER_BURST, WaveDAC8_Wave1_DMA_REQUEST_PER_BURST,
 227:.\Generated_Source\PSoC5/WaveDAC8.c **** 		memoryType, HI16(CYDEV_PERIPH_BASE));
 228:.\Generated_Source\PSoC5/WaveDAC8.c **** 	#else /* PSoC 5 */
 229:.\Generated_Source\PSoC5/WaveDAC8.c **** 		WaveDAC8_Wave1Chan = WaveDAC8_Wave1_DMA_DmaInitialize(
 124              		.loc 1 229 0
 125 0006 0120     		movs	r0, #1
 126              	.LVL10:
 127 0008 0146     		mov	r1, r0
 128              	.LVL11:
 129 000a 2A0C     		lsrs	r2, r5, #16
 130 000c 4FF48043 		mov	r3, #16384
 131 0010 FFF7FEFF 		bl	WaveDAC8_Wave1_DMA_DmaInitialize
 132              	.LVL12:
 133 0014 094C     		ldr	r4, .L11
 134 0016 2070     		strb	r0, [r4]
 230:.\Generated_Source\PSoC5/WaveDAC8.c **** 		WaveDAC8_Wave1_DMA_BYTES_PER_BURST, WaveDAC8_Wave1_DMA_REQUEST_PER_BURST,
 231:.\Generated_Source\PSoC5/WaveDAC8.c **** 		HI16(wavePtr), HI16(WaveDAC8_DAC8__D));
 232:.\Generated_Source\PSoC5/WaveDAC8.c **** 	#endif /* CY_PSOC3 */
 233:.\Generated_Source\PSoC5/WaveDAC8.c **** 	
 234:.\Generated_Source\PSoC5/WaveDAC8.c **** 	/*
 235:.\Generated_Source\PSoC5/WaveDAC8.c **** 	* TD is looping on itself. 
 236:.\Generated_Source\PSoC5/WaveDAC8.c ****     * Increment the source address, but not the destination address. 
 237:.\Generated_Source\PSoC5/WaveDAC8.c **** 	*/
 238:.\Generated_Source\PSoC5/WaveDAC8.c **** 	(void)CyDmaTdSetConfiguration(WaveDAC8_Wave1TD, sampleSize, WaveDAC8_Wave1TD, 
 135              		.loc 1 238 0
 136 0018 A278     		ldrb	r2, [r4, #2]	@ zero_extendqisi2
 137 001a 1046     		mov	r0, r2
 138 001c 3146     		mov	r1, r6
 139 001e 0123     		movs	r3, #1
 140 0020 FFF7FEFF 		bl	CyDmaTdSetConfiguration
 141              	.LVL13:
 239:.\Generated_Source\PSoC5/WaveDAC8.c ****                                     (uint8)CY_DMA_TD_INC_SRC_ADR | (uint8)WaveDAC8_Wave1_DMA__TD_TE
 240:.\Generated_Source\PSoC5/WaveDAC8.c **** 	
 241:.\Generated_Source\PSoC5/WaveDAC8.c **** 	/* Set the TD source and destination address */
 242:.\Generated_Source\PSoC5/WaveDAC8.c **** 	(void)CyDmaTdSetAddress(WaveDAC8_Wave1TD, LO16((uint32)wavePtr), LO16(WaveDAC8_DAC8__D));
 142              		.loc 1 242 0
 143 0024 A078     		ldrb	r0, [r4, #2]	@ zero_extendqisi2
 144 0026 A9B2     		uxth	r1, r5
 145 0028 45F68132 		movw	r2, #23425
 146 002c FFF7FEFF 		bl	CyDmaTdSetAddress
 147              	.LVL14:
 243:.\Generated_Source\PSoC5/WaveDAC8.c **** 	
 244:.\Generated_Source\PSoC5/WaveDAC8.c **** 	/* Associate the TD with the channel */
 245:.\Generated_Source\PSoC5/WaveDAC8.c **** 	(void)CyDmaChSetInitialTd(WaveDAC8_Wave1Chan, WaveDAC8_Wave1TD);
 148              		.loc 1 245 0
 149 0030 2078     		ldrb	r0, [r4]	@ zero_extendqisi2
 150 0032 A178     		ldrb	r1, [r4, #2]	@ zero_extendqisi2
 151 0034 FFF7FEFF 		bl	CyDmaChSetInitialTd
 152              	.LVL15:
 153 0038 70BD     		pop	{r4, r5, r6, pc}
 154              	.LVL16:
ARM GAS  C:\Users\Ian\AppData\Local\Temp\cceQdx7E.s 			page 8


 155              	.L12:
 156 003a 00BF     		.align	2
 157              	.L11:
 158 003c 00000000 		.word	.LANCHOR0
 159              		.cfi_endproc
 160              	.LFE5:
 161              		.size	WaveDAC8_Wave1Setup, .-WaveDAC8_Wave1Setup
 162              		.section	.text.WaveDAC8_Wave2Setup,"ax",%progbits
 163              		.align	2
 164              		.global	WaveDAC8_Wave2Setup
 165              		.thumb
 166              		.thumb_func
 167              		.type	WaveDAC8_Wave2Setup, %function
 168              	WaveDAC8_Wave2Setup:
 169              	.LFB6:
 246:.\Generated_Source\PSoC5/WaveDAC8.c **** }
 247:.\Generated_Source\PSoC5/WaveDAC8.c **** 
 248:.\Generated_Source\PSoC5/WaveDAC8.c **** 
 249:.\Generated_Source\PSoC5/WaveDAC8.c **** /*******************************************************************************
 250:.\Generated_Source\PSoC5/WaveDAC8.c **** * Function Name: WaveDAC8_Wave2Setup
 251:.\Generated_Source\PSoC5/WaveDAC8.c **** ********************************************************************************
 252:.\Generated_Source\PSoC5/WaveDAC8.c **** *
 253:.\Generated_Source\PSoC5/WaveDAC8.c **** * Summary:
 254:.\Generated_Source\PSoC5/WaveDAC8.c **** *  Sets pointer and size for waveform 2.                                    
 255:.\Generated_Source\PSoC5/WaveDAC8.c **** *
 256:.\Generated_Source\PSoC5/WaveDAC8.c **** * Parameters:  
 257:.\Generated_Source\PSoC5/WaveDAC8.c **** *  uint8 * WavePtr:     Pointer to the waveform array.
 258:.\Generated_Source\PSoC5/WaveDAC8.c **** *  uint16  SampleSize:  The amount of samples in the waveform.
 259:.\Generated_Source\PSoC5/WaveDAC8.c **** *
 260:.\Generated_Source\PSoC5/WaveDAC8.c **** * Return: 
 261:.\Generated_Source\PSoC5/WaveDAC8.c **** *  None
 262:.\Generated_Source\PSoC5/WaveDAC8.c **** *
 263:.\Generated_Source\PSoC5/WaveDAC8.c **** *******************************************************************************/
 264:.\Generated_Source\PSoC5/WaveDAC8.c **** void WaveDAC8_Wave2Setup(const uint8 * wavePtr, uint16 sampleSize)
 265:.\Generated_Source\PSoC5/WaveDAC8.c ****  
 266:.\Generated_Source\PSoC5/WaveDAC8.c **** {
 170              		.loc 1 266 0
 171              		.cfi_startproc
 172              		@ args = 0, pretend = 0, frame = 0
 173              		@ frame_needed = 0, uses_anonymous_args = 0
 174              	.LVL17:
 175 0000 70B5     		push	{r4, r5, r6, lr}
 176              		.cfi_def_cfa_offset 16
 177              		.cfi_offset 4, -16
 178              		.cfi_offset 5, -12
 179              		.cfi_offset 6, -8
 180              		.cfi_offset 14, -4
 181 0002 0546     		mov	r5, r0
 182 0004 0E46     		mov	r6, r1
 267:.\Generated_Source\PSoC5/WaveDAC8.c **** 	#if (CY_PSOC3)
 268:.\Generated_Source\PSoC5/WaveDAC8.c **** 		uint16 memoryType; /* determining the source memory type */
 269:.\Generated_Source\PSoC5/WaveDAC8.c **** 		memoryType = (WaveDAC8_HI16FLASHPTR == HI16(wavePtr)) ? HI16(CYDEV_FLS_BASE) : HI16(CYDEV_SRAM_BA
 270:.\Generated_Source\PSoC5/WaveDAC8.c **** 			
 271:.\Generated_Source\PSoC5/WaveDAC8.c **** 		WaveDAC8_Wave2Chan = WaveDAC8_Wave2_DMA_DmaInitialize(
 272:.\Generated_Source\PSoC5/WaveDAC8.c **** 		WaveDAC8_Wave2_DMA_BYTES_PER_BURST, WaveDAC8_Wave2_DMA_REQUEST_PER_BURST,
 273:.\Generated_Source\PSoC5/WaveDAC8.c **** 		memoryType, HI16(CYDEV_PERIPH_BASE));
 274:.\Generated_Source\PSoC5/WaveDAC8.c **** 	#else /* PSoC 5 */
ARM GAS  C:\Users\Ian\AppData\Local\Temp\cceQdx7E.s 			page 9


 275:.\Generated_Source\PSoC5/WaveDAC8.c **** 		WaveDAC8_Wave2Chan = WaveDAC8_Wave2_DMA_DmaInitialize(
 183              		.loc 1 275 0
 184 0006 0120     		movs	r0, #1
 185              	.LVL18:
 186 0008 0146     		mov	r1, r0
 187              	.LVL19:
 188 000a 2A0C     		lsrs	r2, r5, #16
 189 000c 4FF48043 		mov	r3, #16384
 190 0010 FFF7FEFF 		bl	WaveDAC8_Wave2_DMA_DmaInitialize
 191              	.LVL20:
 192 0014 094C     		ldr	r4, .L15
 193 0016 6070     		strb	r0, [r4, #1]
 276:.\Generated_Source\PSoC5/WaveDAC8.c **** 		WaveDAC8_Wave2_DMA_BYTES_PER_BURST, WaveDAC8_Wave2_DMA_REQUEST_PER_BURST,
 277:.\Generated_Source\PSoC5/WaveDAC8.c **** 		HI16(wavePtr), HI16(WaveDAC8_DAC8__D));
 278:.\Generated_Source\PSoC5/WaveDAC8.c **** 	#endif /* CY_PSOC3 */
 279:.\Generated_Source\PSoC5/WaveDAC8.c **** 	
 280:.\Generated_Source\PSoC5/WaveDAC8.c **** 	/*
 281:.\Generated_Source\PSoC5/WaveDAC8.c **** 	* TD is looping on itself. 
 282:.\Generated_Source\PSoC5/WaveDAC8.c **** 	* Increment the source address, but not the destination address. 
 283:.\Generated_Source\PSoC5/WaveDAC8.c **** 	*/
 284:.\Generated_Source\PSoC5/WaveDAC8.c **** 	(void)CyDmaTdSetConfiguration(WaveDAC8_Wave2TD, sampleSize, WaveDAC8_Wave2TD, 
 194              		.loc 1 284 0
 195 0018 E278     		ldrb	r2, [r4, #3]	@ zero_extendqisi2
 196 001a 1046     		mov	r0, r2
 197 001c 3146     		mov	r1, r6
 198 001e 0123     		movs	r3, #1
 199 0020 FFF7FEFF 		bl	CyDmaTdSetConfiguration
 200              	.LVL21:
 285:.\Generated_Source\PSoC5/WaveDAC8.c ****                                     (uint8)CY_DMA_TD_INC_SRC_ADR | (uint8)WaveDAC8_Wave2_DMA__TD_TE
 286:.\Generated_Source\PSoC5/WaveDAC8.c **** 	
 287:.\Generated_Source\PSoC5/WaveDAC8.c **** 	/* Set the TD source and destination address */
 288:.\Generated_Source\PSoC5/WaveDAC8.c **** 	(void)CyDmaTdSetAddress(WaveDAC8_Wave2TD, LO16((uint32)wavePtr), LO16(WaveDAC8_DAC8__D));
 201              		.loc 1 288 0
 202 0024 E078     		ldrb	r0, [r4, #3]	@ zero_extendqisi2
 203 0026 A9B2     		uxth	r1, r5
 204 0028 45F68132 		movw	r2, #23425
 205 002c FFF7FEFF 		bl	CyDmaTdSetAddress
 206              	.LVL22:
 289:.\Generated_Source\PSoC5/WaveDAC8.c **** 	
 290:.\Generated_Source\PSoC5/WaveDAC8.c **** 	/* Associate the TD with the channel */
 291:.\Generated_Source\PSoC5/WaveDAC8.c **** 	(void)CyDmaChSetInitialTd(WaveDAC8_Wave2Chan, WaveDAC8_Wave2TD);
 207              		.loc 1 291 0
 208 0030 6078     		ldrb	r0, [r4, #1]	@ zero_extendqisi2
 209 0032 E178     		ldrb	r1, [r4, #3]	@ zero_extendqisi2
 210 0034 FFF7FEFF 		bl	CyDmaChSetInitialTd
 211              	.LVL23:
 212 0038 70BD     		pop	{r4, r5, r6, pc}
 213              	.LVL24:
 214              	.L16:
 215 003a 00BF     		.align	2
 216              	.L15:
 217 003c 00000000 		.word	.LANCHOR0
 218              		.cfi_endproc
 219              	.LFE6:
 220              		.size	WaveDAC8_Wave2Setup, .-WaveDAC8_Wave2Setup
 221              		.section	.text.WaveDAC8_Init,"ax",%progbits
 222              		.align	2
ARM GAS  C:\Users\Ian\AppData\Local\Temp\cceQdx7E.s 			page 10


 223              		.global	WaveDAC8_Init
 224              		.thumb
 225              		.thumb_func
 226              		.type	WaveDAC8_Init, %function
 227              	WaveDAC8_Init:
 228              	.LFB0:
  44:.\Generated_Source\PSoC5/WaveDAC8.c **** 	WaveDAC8_VDAC8_Init();
 229              		.loc 1 44 0
 230              		.cfi_startproc
 231              		@ args = 0, pretend = 0, frame = 0
 232              		@ frame_needed = 0, uses_anonymous_args = 0
 233 0000 10B5     		push	{r4, lr}
 234              		.cfi_def_cfa_offset 8
 235              		.cfi_offset 4, -8
 236              		.cfi_offset 14, -4
  45:.\Generated_Source\PSoC5/WaveDAC8.c **** 	WaveDAC8_VDAC8_SetSpeed(WaveDAC8_HIGHSPEED);
 237              		.loc 1 45 0
 238 0002 FFF7FEFF 		bl	WaveDAC8_VDAC8_Init
 239              	.LVL25:
  46:.\Generated_Source\PSoC5/WaveDAC8.c **** 	WaveDAC8_VDAC8_SetRange(WaveDAC8_DAC_RANGE);
 240              		.loc 1 46 0
 241 0006 0220     		movs	r0, #2
 242 0008 FFF7FEFF 		bl	WaveDAC8_VDAC8_SetSpeed
 243              	.LVL26:
  47:.\Generated_Source\PSoC5/WaveDAC8.c **** 
 244              		.loc 1 47 0
 245 000c 0420     		movs	r0, #4
 246 000e FFF7FEFF 		bl	WaveDAC8_VDAC8_SetRange
 247              	.LVL27:
  58:.\Generated_Source\PSoC5/WaveDAC8.c **** 	WaveDAC8_Wave2TD = CyDmaTdAllocate();
 248              		.loc 1 58 0
 249 0012 FFF7FEFF 		bl	CyDmaTdAllocate
 250              	.LVL28:
 251 0016 084C     		ldr	r4, .L19
 252 0018 A070     		strb	r0, [r4, #2]
  59:.\Generated_Source\PSoC5/WaveDAC8.c **** 	
 253              		.loc 1 59 0
 254 001a FFF7FEFF 		bl	CyDmaTdAllocate
 255              	.LVL29:
 256 001e E070     		strb	r0, [r4, #3]
  62:.\Generated_Source\PSoC5/WaveDAC8.c **** 	WaveDAC8_Wave2Setup(WaveDAC8_wave2, WaveDAC8_WAVE2_LENGTH) ;
 257              		.loc 1 62 0
 258 0020 064C     		ldr	r4, .L19+4
 259 0022 2046     		mov	r0, r4
 260 0024 6421     		movs	r1, #100
 261 0026 FFF7FEFF 		bl	WaveDAC8_Wave1Setup
 262              	.LVL30:
  63:.\Generated_Source\PSoC5/WaveDAC8.c **** 	
 263              		.loc 1 63 0
 264 002a 04F16400 		add	r0, r4, #100
 265 002e 6421     		movs	r1, #100
 266 0030 FFF7FEFF 		bl	WaveDAC8_Wave2Setup
 267              	.LVL31:
 268 0034 10BD     		pop	{r4, pc}
 269              	.L20:
 270 0036 00BF     		.align	2
 271              	.L19:
ARM GAS  C:\Users\Ian\AppData\Local\Temp\cceQdx7E.s 			page 11


 272 0038 00000000 		.word	.LANCHOR0
 273 003c 00000000 		.word	.LANCHOR1
 274              		.cfi_endproc
 275              	.LFE0:
 276              		.size	WaveDAC8_Init, .-WaveDAC8_Init
 277              		.section	.text.WaveDAC8_Start,"ax",%progbits
 278              		.align	2
 279              		.global	WaveDAC8_Start
 280              		.thumb
 281              		.thumb_func
 282              		.type	WaveDAC8_Start, %function
 283              	WaveDAC8_Start:
 284              	.LFB2:
 130:.\Generated_Source\PSoC5/WaveDAC8.c **** 	/* If not Initialized then initialize all required hardware and software */
 285              		.loc 1 130 0
 286              		.cfi_startproc
 287              		@ args = 0, pretend = 0, frame = 0
 288              		@ frame_needed = 0, uses_anonymous_args = 0
 289 0000 08B5     		push	{r3, lr}
 290              		.cfi_def_cfa_offset 8
 291              		.cfi_offset 3, -8
 292              		.cfi_offset 14, -4
 132:.\Generated_Source\PSoC5/WaveDAC8.c **** 	{
 293              		.loc 1 132 0
 294 0002 054B     		ldr	r3, .L24
 295 0004 1B79     		ldrb	r3, [r3, #4]	@ zero_extendqisi2
 296 0006 23B9     		cbnz	r3, .L22
 134:.\Generated_Source\PSoC5/WaveDAC8.c **** 		WaveDAC8_initVar = 1u;
 297              		.loc 1 134 0
 298 0008 FFF7FEFF 		bl	WaveDAC8_Init
 299              	.LVL32:
 135:.\Generated_Source\PSoC5/WaveDAC8.c **** 	}
 300              		.loc 1 135 0
 301 000c 0122     		movs	r2, #1
 302 000e 024B     		ldr	r3, .L24
 303 0010 1A71     		strb	r2, [r3, #4]
 304              	.L22:
 138:.\Generated_Source\PSoC5/WaveDAC8.c **** }
 305              		.loc 1 138 0
 306 0012 FFF7FEFF 		bl	WaveDAC8_Enable
 307              	.LVL33:
 308 0016 08BD     		pop	{r3, pc}
 309              	.L25:
 310              		.align	2
 311              	.L24:
 312 0018 00000000 		.word	.LANCHOR0
 313              		.cfi_endproc
 314              	.LFE2:
 315              		.size	WaveDAC8_Start, .-WaveDAC8_Start
 316              		.section	.text.WaveDAC8_StartEx,"ax",%progbits
 317              		.align	2
 318              		.global	WaveDAC8_StartEx
 319              		.thumb
 320              		.thumb_func
 321              		.type	WaveDAC8_StartEx, %function
 322              	WaveDAC8_StartEx:
 323              	.LFB3:
ARM GAS  C:\Users\Ian\AppData\Local\Temp\cceQdx7E.s 			page 12


 165:.\Generated_Source\PSoC5/WaveDAC8.c **** 	WaveDAC8_Wave1Setup(wavePtr1, sampleSize1);
 324              		.loc 1 165 0
 325              		.cfi_startproc
 326              		@ args = 0, pretend = 0, frame = 0
 327              		@ frame_needed = 0, uses_anonymous_args = 0
 328              	.LVL34:
 329 0000 38B5     		push	{r3, r4, r5, lr}
 330              		.cfi_def_cfa_offset 16
 331              		.cfi_offset 3, -16
 332              		.cfi_offset 4, -12
 333              		.cfi_offset 5, -8
 334              		.cfi_offset 14, -4
 335 0002 1546     		mov	r5, r2
 336 0004 1C46     		mov	r4, r3
 166:.\Generated_Source\PSoC5/WaveDAC8.c **** 	WaveDAC8_Wave2Setup(wavePtr2, sampleSize2);
 337              		.loc 1 166 0
 338 0006 FFF7FEFF 		bl	WaveDAC8_Wave1Setup
 339              	.LVL35:
 167:.\Generated_Source\PSoC5/WaveDAC8.c **** 	WaveDAC8_Start();
 340              		.loc 1 167 0
 341 000a 2846     		mov	r0, r5
 342 000c 2146     		mov	r1, r4
 343 000e FFF7FEFF 		bl	WaveDAC8_Wave2Setup
 344              	.LVL36:
 168:.\Generated_Source\PSoC5/WaveDAC8.c **** }
 345              		.loc 1 168 0
 346 0012 FFF7FEFF 		bl	WaveDAC8_Start
 347              	.LVL37:
 348 0016 38BD     		pop	{r3, r4, r5, pc}
 349              		.cfi_endproc
 350              	.LFE3:
 351              		.size	WaveDAC8_StartEx, .-WaveDAC8_StartEx
 352              		.global	WaveDAC8_wave2
 353              		.global	WaveDAC8_wave1
 354              		.global	WaveDAC8_initVar
 355              		.section	.rodata
 356              		.align	2
 357              		.set	.LANCHOR1,. + 0
 358              		.type	WaveDAC8_wave1, %object
 359              		.size	WaveDAC8_wave1, 100
 360              	WaveDAC8_wave1:
 361 0000 5E       		.byte	94
 362 0001 5E       		.byte	94
 363 0002 5E       		.byte	94
 364 0003 5E       		.byte	94
 365 0004 5E       		.byte	94
 366 0005 5E       		.byte	94
 367 0006 5E       		.byte	94
 368 0007 5E       		.byte	94
 369 0008 5E       		.byte	94
 370 0009 5E       		.byte	94
 371 000a 5E       		.byte	94
 372 000b 5E       		.byte	94
 373 000c 5E       		.byte	94
 374 000d 5E       		.byte	94
 375 000e 5E       		.byte	94
 376 000f 5E       		.byte	94
ARM GAS  C:\Users\Ian\AppData\Local\Temp\cceQdx7E.s 			page 13


 377 0010 5E       		.byte	94
 378 0011 5E       		.byte	94
 379 0012 5E       		.byte	94
 380 0013 5E       		.byte	94
 381 0014 5E       		.byte	94
 382 0015 5E       		.byte	94
 383 0016 5E       		.byte	94
 384 0017 5E       		.byte	94
 385 0018 5E       		.byte	94
 386 0019 5E       		.byte	94
 387 001a 5E       		.byte	94
 388 001b 5E       		.byte	94
 389 001c 5E       		.byte	94
 390 001d 5E       		.byte	94
 391 001e 5E       		.byte	94
 392 001f 5E       		.byte	94
 393 0020 5E       		.byte	94
 394 0021 5E       		.byte	94
 395 0022 5E       		.byte	94
 396 0023 5E       		.byte	94
 397 0024 5E       		.byte	94
 398 0025 5E       		.byte	94
 399 0026 5E       		.byte	94
 400 0027 5E       		.byte	94
 401 0028 5E       		.byte	94
 402 0029 5E       		.byte	94
 403 002a 5E       		.byte	94
 404 002b 5E       		.byte	94
 405 002c 5E       		.byte	94
 406 002d 5E       		.byte	94
 407 002e 5E       		.byte	94
 408 002f 5E       		.byte	94
 409 0030 5E       		.byte	94
 410 0031 5E       		.byte	94
 411 0032 1F       		.byte	31
 412 0033 1F       		.byte	31
 413 0034 1F       		.byte	31
 414 0035 1F       		.byte	31
 415 0036 1F       		.byte	31
 416 0037 1F       		.byte	31
 417 0038 1F       		.byte	31
 418 0039 1F       		.byte	31
 419 003a 1F       		.byte	31
 420 003b 1F       		.byte	31
 421 003c 1F       		.byte	31
 422 003d 1F       		.byte	31
 423 003e 1F       		.byte	31
 424 003f 1F       		.byte	31
 425 0040 1F       		.byte	31
 426 0041 1F       		.byte	31
 427 0042 1F       		.byte	31
 428 0043 1F       		.byte	31
 429 0044 1F       		.byte	31
 430 0045 1F       		.byte	31
 431 0046 1F       		.byte	31
 432 0047 1F       		.byte	31
 433 0048 1F       		.byte	31
ARM GAS  C:\Users\Ian\AppData\Local\Temp\cceQdx7E.s 			page 14


 434 0049 1F       		.byte	31
 435 004a 1F       		.byte	31
 436 004b 1F       		.byte	31
 437 004c 1F       		.byte	31
 438 004d 1F       		.byte	31
 439 004e 1F       		.byte	31
 440 004f 1F       		.byte	31
 441 0050 1F       		.byte	31
 442 0051 1F       		.byte	31
 443 0052 1F       		.byte	31
 444 0053 1F       		.byte	31
 445 0054 1F       		.byte	31
 446 0055 1F       		.byte	31
 447 0056 1F       		.byte	31
 448 0057 1F       		.byte	31
 449 0058 1F       		.byte	31
 450 0059 1F       		.byte	31
 451 005a 1F       		.byte	31
 452 005b 1F       		.byte	31
 453 005c 1F       		.byte	31
 454 005d 1F       		.byte	31
 455 005e 1F       		.byte	31
 456 005f 1F       		.byte	31
 457 0060 1F       		.byte	31
 458 0061 1F       		.byte	31
 459 0062 1F       		.byte	31
 460 0063 1F       		.byte	31
 461              		.type	WaveDAC8_wave2, %object
 462              		.size	WaveDAC8_wave2, 100
 463              	WaveDAC8_wave2:
 464 0064 FC       		.byte	-4
 465 0065 FC       		.byte	-4
 466 0066 FC       		.byte	-4
 467 0067 FC       		.byte	-4
 468 0068 FC       		.byte	-4
 469 0069 FC       		.byte	-4
 470 006a FC       		.byte	-4
 471 006b FC       		.byte	-4
 472 006c FC       		.byte	-4
 473 006d FC       		.byte	-4
 474 006e FC       		.byte	-4
 475 006f FC       		.byte	-4
 476 0070 FC       		.byte	-4
 477 0071 FC       		.byte	-4
 478 0072 FC       		.byte	-4
 479 0073 FC       		.byte	-4
 480 0074 FC       		.byte	-4
 481 0075 FC       		.byte	-4
 482 0076 FC       		.byte	-4
 483 0077 FC       		.byte	-4
 484 0078 FC       		.byte	-4
 485 0079 FC       		.byte	-4
 486 007a FC       		.byte	-4
 487 007b FC       		.byte	-4
 488 007c FC       		.byte	-4
 489 007d FC       		.byte	-4
 490 007e FC       		.byte	-4
ARM GAS  C:\Users\Ian\AppData\Local\Temp\cceQdx7E.s 			page 15


 491 007f FC       		.byte	-4
 492 0080 FC       		.byte	-4
 493 0081 FC       		.byte	-4
 494 0082 FC       		.byte	-4
 495 0083 FC       		.byte	-4
 496 0084 FC       		.byte	-4
 497 0085 FC       		.byte	-4
 498 0086 FC       		.byte	-4
 499 0087 FC       		.byte	-4
 500 0088 FC       		.byte	-4
 501 0089 FC       		.byte	-4
 502 008a FC       		.byte	-4
 503 008b FC       		.byte	-4
 504 008c FC       		.byte	-4
 505 008d FC       		.byte	-4
 506 008e FC       		.byte	-4
 507 008f FC       		.byte	-4
 508 0090 FC       		.byte	-4
 509 0091 FC       		.byte	-4
 510 0092 FC       		.byte	-4
 511 0093 FC       		.byte	-4
 512 0094 FC       		.byte	-4
 513 0095 FC       		.byte	-4
 514 0096 03       		.byte	3
 515 0097 03       		.byte	3
 516 0098 03       		.byte	3
 517 0099 03       		.byte	3
 518 009a 03       		.byte	3
 519 009b 03       		.byte	3
 520 009c 03       		.byte	3
 521 009d 03       		.byte	3
 522 009e 03       		.byte	3
 523 009f 03       		.byte	3
 524 00a0 03       		.byte	3
 525 00a1 03       		.byte	3
 526 00a2 03       		.byte	3
 527 00a3 03       		.byte	3
 528 00a4 03       		.byte	3
 529 00a5 03       		.byte	3
 530 00a6 03       		.byte	3
 531 00a7 03       		.byte	3
 532 00a8 03       		.byte	3
 533 00a9 03       		.byte	3
 534 00aa 03       		.byte	3
 535 00ab 03       		.byte	3
 536 00ac 03       		.byte	3
 537 00ad 03       		.byte	3
 538 00ae 03       		.byte	3
 539 00af 03       		.byte	3
 540 00b0 03       		.byte	3
 541 00b1 03       		.byte	3
 542 00b2 03       		.byte	3
 543 00b3 03       		.byte	3
 544 00b4 03       		.byte	3
 545 00b5 03       		.byte	3
 546 00b6 03       		.byte	3
 547 00b7 03       		.byte	3
ARM GAS  C:\Users\Ian\AppData\Local\Temp\cceQdx7E.s 			page 16


 548 00b8 03       		.byte	3
 549 00b9 03       		.byte	3
 550 00ba 03       		.byte	3
 551 00bb 03       		.byte	3
 552 00bc 03       		.byte	3
 553 00bd 03       		.byte	3
 554 00be 03       		.byte	3
 555 00bf 03       		.byte	3
 556 00c0 03       		.byte	3
 557 00c1 03       		.byte	3
 558 00c2 03       		.byte	3
 559 00c3 03       		.byte	3
 560 00c4 03       		.byte	3
 561 00c5 03       		.byte	3
 562 00c6 03       		.byte	3
 563 00c7 03       		.byte	3
 564              		.bss
 565              		.set	.LANCHOR0,. + 0
 566              		.type	WaveDAC8_Wave1Chan, %object
 567              		.size	WaveDAC8_Wave1Chan, 1
 568              	WaveDAC8_Wave1Chan:
 569 0000 00       		.space	1
 570              		.type	WaveDAC8_Wave2Chan, %object
 571              		.size	WaveDAC8_Wave2Chan, 1
 572              	WaveDAC8_Wave2Chan:
 573 0001 00       		.space	1
 574              		.type	WaveDAC8_Wave1TD, %object
 575              		.size	WaveDAC8_Wave1TD, 1
 576              	WaveDAC8_Wave1TD:
 577 0002 00       		.space	1
 578              		.type	WaveDAC8_Wave2TD, %object
 579              		.size	WaveDAC8_Wave2TD, 1
 580              	WaveDAC8_Wave2TD:
 581 0003 00       		.space	1
 582              		.type	WaveDAC8_initVar, %object
 583              		.size	WaveDAC8_initVar, 1
 584              	WaveDAC8_initVar:
 585 0004 00       		.space	1
 586              		.text
 587              	.Letext0:
 588              		.file 2 ".\\Generated_Source\\PSoC5\\cytypes.h"
 589              		.file 3 "Generated_Source\\PSoC5/WaveDAC8_VDAC8.h"
 590              		.file 4 "Generated_Source\\PSoC5/WaveDAC8_DacClk.h"
 591              		.file 5 "Generated_Source\\PSoC5/CYDMAC.H"
 592              		.file 6 "Generated_Source\\PSoC5/WaveDAC8_Wave1_DMA_dma.h"
 593              		.file 7 "Generated_Source\\PSoC5/WaveDAC8_Wave2_DMA_dma.h"
 594              		.section	.debug_info,"",%progbits
 595              	.Ldebug_info0:
 596 0000 89050000 		.4byte	0x589
 597 0004 0400     		.2byte	0x4
 598 0006 00000000 		.4byte	.Ldebug_abbrev0
 599 000a 04       		.byte	0x4
 600 000b 01       		.uleb128 0x1
 601 000c 27020000 		.4byte	.LASF52
 602 0010 01       		.byte	0x1
 603 0011 BC030000 		.4byte	.LASF53
 604 0015 3F000000 		.4byte	.LASF54
ARM GAS  C:\Users\Ian\AppData\Local\Temp\cceQdx7E.s 			page 17


 605 0019 00000000 		.4byte	.Ldebug_ranges0+0
 606 001d 00000000 		.4byte	0
 607 0021 00000000 		.4byte	.Ldebug_line0
 608 0025 02       		.uleb128 0x2
 609 0026 01       		.byte	0x1
 610 0027 06       		.byte	0x6
 611 0028 E0030000 		.4byte	.LASF0
 612 002c 02       		.uleb128 0x2
 613 002d 01       		.byte	0x1
 614 002e 08       		.byte	0x8
 615 002f DB010000 		.4byte	.LASF1
 616 0033 02       		.uleb128 0x2
 617 0034 02       		.byte	0x2
 618 0035 05       		.byte	0x5
 619 0036 01020000 		.4byte	.LASF2
 620 003a 02       		.uleb128 0x2
 621 003b 02       		.byte	0x2
 622 003c 07       		.byte	0x7
 623 003d B4000000 		.4byte	.LASF3
 624 0041 02       		.uleb128 0x2
 625 0042 04       		.byte	0x4
 626 0043 05       		.byte	0x5
 627 0044 B3030000 		.4byte	.LASF4
 628 0048 02       		.uleb128 0x2
 629 0049 04       		.byte	0x4
 630 004a 07       		.byte	0x7
 631 004b 9F010000 		.4byte	.LASF5
 632 004f 02       		.uleb128 0x2
 633 0050 08       		.byte	0x8
 634 0051 05       		.byte	0x5
 635 0052 18030000 		.4byte	.LASF6
 636 0056 02       		.uleb128 0x2
 637 0057 08       		.byte	0x8
 638 0058 07       		.byte	0x7
 639 0059 D3020000 		.4byte	.LASF7
 640 005d 03       		.uleb128 0x3
 641 005e 04       		.byte	0x4
 642 005f 05       		.byte	0x5
 643 0060 696E7400 		.ascii	"int\000"
 644 0064 02       		.uleb128 0x2
 645 0065 04       		.byte	0x4
 646 0066 07       		.byte	0x7
 647 0067 C6020000 		.4byte	.LASF8
 648 006b 04       		.uleb128 0x4
 649 006c B9010000 		.4byte	.LASF9
 650 0070 02       		.byte	0x2
 651 0071 5B       		.byte	0x5b
 652 0072 2C000000 		.4byte	0x2c
 653 0076 04       		.uleb128 0x4
 654 0077 19020000 		.4byte	.LASF10
 655 007b 02       		.byte	0x2
 656 007c 5C       		.byte	0x5c
 657 007d 3A000000 		.4byte	0x3a
 658 0081 04       		.uleb128 0x4
 659 0082 20020000 		.4byte	.LASF11
 660 0086 02       		.byte	0x2
 661 0087 5D       		.byte	0x5d
ARM GAS  C:\Users\Ian\AppData\Local\Temp\cceQdx7E.s 			page 18


 662 0088 48000000 		.4byte	0x48
 663 008c 02       		.uleb128 0x2
 664 008d 04       		.byte	0x4
 665 008e 04       		.byte	0x4
 666 008f 9C000000 		.4byte	.LASF12
 667 0093 02       		.uleb128 0x2
 668 0094 08       		.byte	0x8
 669 0095 04       		.byte	0x4
 670 0096 E9010000 		.4byte	.LASF13
 671 009a 02       		.uleb128 0x2
 672 009b 01       		.byte	0x1
 673 009c 08       		.byte	0x8
 674 009d 26030000 		.4byte	.LASF14
 675 00a1 04       		.uleb128 0x4
 676 00a2 22000000 		.4byte	.LASF15
 677 00a6 02       		.byte	0x2
 678 00a7 E8       		.byte	0xe8
 679 00a8 48000000 		.4byte	0x48
 680 00ac 02       		.uleb128 0x2
 681 00ad 04       		.byte	0x4
 682 00ae 07       		.byte	0x7
 683 00af 0F030000 		.4byte	.LASF16
 684 00b3 05       		.uleb128 0x5
 685 00b4 BF010000 		.4byte	.LASF17
 686 00b8 01       		.byte	0x1
 687 00b9 56       		.byte	0x56
 688 00ba 00000000 		.4byte	.LFB1
 689 00be 28000000 		.4byte	.LFE1-.LFB1
 690 00c2 01       		.uleb128 0x1
 691 00c3 9C       		.byte	0x9c
 692 00c4 14010000 		.4byte	0x114
 693 00c8 06       		.uleb128 0x6
 694 00c9 06000000 		.4byte	.LVL0
 695 00cd 57040000 		.4byte	0x457
 696 00d1 07       		.uleb128 0x7
 697 00d2 10000000 		.4byte	.LVL1
 698 00d6 5E040000 		.4byte	0x45e
 699 00da E4000000 		.4byte	0xe4
 700 00de 08       		.uleb128 0x8
 701 00df 01       		.uleb128 0x1
 702 00e0 51       		.byte	0x51
 703 00e1 01       		.uleb128 0x1
 704 00e2 31       		.byte	0x31
 705 00e3 00       		.byte	0
 706 00e4 07       		.uleb128 0x7
 707 00e5 18000000 		.4byte	.LVL2
 708 00e9 5E040000 		.4byte	0x45e
 709 00ed F7000000 		.4byte	0xf7
 710 00f1 08       		.uleb128 0x8
 711 00f2 01       		.uleb128 0x1
 712 00f3 51       		.byte	0x51
 713 00f4 01       		.uleb128 0x1
 714 00f5 31       		.byte	0x31
 715 00f6 00       		.byte	0
 716 00f7 07       		.uleb128 0x7
 717 00f8 1E000000 		.4byte	.LVL3
 718 00fc 78040000 		.4byte	0x478
ARM GAS  C:\Users\Ian\AppData\Local\Temp\cceQdx7E.s 			page 19


 719 0100 0A010000 		.4byte	0x10a
 720 0104 08       		.uleb128 0x8
 721 0105 01       		.uleb128 0x1
 722 0106 50       		.byte	0x50
 723 0107 01       		.uleb128 0x1
 724 0108 30       		.byte	0x30
 725 0109 00       		.byte	0
 726 010a 06       		.uleb128 0x6
 727 010b 22000000 		.4byte	.LVL4
 728 010f 89040000 		.4byte	0x489
 729 0113 00       		.byte	0
 730 0114 05       		.uleb128 0x5
 731 0115 79010000 		.4byte	.LASF18
 732 0119 01       		.byte	0x1
 733 011a BB       		.byte	0xbb
 734 011b 00000000 		.4byte	.LFB4
 735 011f 20000000 		.4byte	.LFE4-.LFB4
 736 0123 01       		.uleb128 0x1
 737 0124 9C       		.byte	0x9c
 738 0125 4E010000 		.4byte	0x14e
 739 0129 06       		.uleb128 0x6
 740 012a 06000000 		.4byte	.LVL5
 741 012e 90040000 		.4byte	0x490
 742 0132 06       		.uleb128 0x6
 743 0133 0E000000 		.4byte	.LVL6
 744 0137 97040000 		.4byte	0x497
 745 013b 06       		.uleb128 0x6
 746 013c 14000000 		.4byte	.LVL7
 747 0140 97040000 		.4byte	0x497
 748 0144 06       		.uleb128 0x6
 749 0145 18000000 		.4byte	.LVL8
 750 0149 AC040000 		.4byte	0x4ac
 751 014d 00       		.byte	0
 752 014e 05       		.uleb128 0x5
 753 014f 5A010000 		.4byte	.LASF19
 754 0153 01       		.byte	0x1
 755 0154 DA       		.byte	0xda
 756 0155 00000000 		.4byte	.LFB5
 757 0159 40000000 		.4byte	.LFE5-.LFB5
 758 015d 01       		.uleb128 0x1
 759 015e 9C       		.byte	0x9c
 760 015f E6010000 		.4byte	0x1e6
 761 0163 09       		.uleb128 0x9
 762 0164 B1010000 		.4byte	.LASF20
 763 0168 01       		.byte	0x1
 764 0169 DA       		.byte	0xda
 765 016a E6010000 		.4byte	0x1e6
 766 016e 00000000 		.4byte	.LLST0
 767 0172 09       		.uleb128 0x9
 768 0173 6E010000 		.4byte	.LASF21
 769 0177 01       		.byte	0x1
 770 0178 DA       		.byte	0xda
 771 0179 76000000 		.4byte	0x76
 772 017d 2C000000 		.4byte	.LLST1
 773 0181 07       		.uleb128 0x7
 774 0182 14000000 		.4byte	.LVL12
 775 0186 B3040000 		.4byte	0x4b3
ARM GAS  C:\Users\Ian\AppData\Local\Temp\cceQdx7E.s 			page 20


 776 018a A8010000 		.4byte	0x1a8
 777 018e 08       		.uleb128 0x8
 778 018f 01       		.uleb128 0x1
 779 0190 53       		.byte	0x53
 780 0191 03       		.uleb128 0x3
 781 0192 0A       		.byte	0xa
 782 0193 0040     		.2byte	0x4000
 783 0195 08       		.uleb128 0x8
 784 0196 01       		.uleb128 0x1
 785 0197 52       		.byte	0x52
 786 0198 04       		.uleb128 0x4
 787 0199 75       		.byte	0x75
 788 019a 00       		.sleb128 0
 789 019b 40       		.byte	0x40
 790 019c 25       		.byte	0x25
 791 019d 08       		.uleb128 0x8
 792 019e 01       		.uleb128 0x1
 793 019f 51       		.byte	0x51
 794 01a0 01       		.uleb128 0x1
 795 01a1 31       		.byte	0x31
 796 01a2 08       		.uleb128 0x8
 797 01a3 01       		.uleb128 0x1
 798 01a4 50       		.byte	0x50
 799 01a5 01       		.uleb128 0x1
 800 01a6 31       		.byte	0x31
 801 01a7 00       		.byte	0
 802 01a8 07       		.uleb128 0x7
 803 01a9 24000000 		.4byte	.LVL13
 804 01ad D7040000 		.4byte	0x4d7
 805 01b1 C1010000 		.4byte	0x1c1
 806 01b5 08       		.uleb128 0x8
 807 01b6 01       		.uleb128 0x1
 808 01b7 53       		.byte	0x53
 809 01b8 01       		.uleb128 0x1
 810 01b9 31       		.byte	0x31
 811 01ba 08       		.uleb128 0x8
 812 01bb 01       		.uleb128 0x1
 813 01bc 51       		.byte	0x51
 814 01bd 02       		.uleb128 0x2
 815 01be 76       		.byte	0x76
 816 01bf 00       		.sleb128 0
 817 01c0 00       		.byte	0
 818 01c1 07       		.uleb128 0x7
 819 01c2 30000000 		.4byte	.LVL14
 820 01c6 FB040000 		.4byte	0x4fb
 821 01ca DC010000 		.4byte	0x1dc
 822 01ce 08       		.uleb128 0x8
 823 01cf 01       		.uleb128 0x1
 824 01d0 52       		.byte	0x52
 825 01d1 03       		.uleb128 0x3
 826 01d2 0A       		.byte	0xa
 827 01d3 815B     		.2byte	0x5b81
 828 01d5 08       		.uleb128 0x8
 829 01d6 01       		.uleb128 0x1
 830 01d7 51       		.byte	0x51
 831 01d8 02       		.uleb128 0x2
 832 01d9 75       		.byte	0x75
ARM GAS  C:\Users\Ian\AppData\Local\Temp\cceQdx7E.s 			page 21


 833 01da 00       		.sleb128 0
 834 01db 00       		.byte	0
 835 01dc 06       		.uleb128 0x6
 836 01dd 38000000 		.4byte	.LVL15
 837 01e1 1A050000 		.4byte	0x51a
 838 01e5 00       		.byte	0
 839 01e6 0A       		.uleb128 0xa
 840 01e7 04       		.byte	0x4
 841 01e8 EC010000 		.4byte	0x1ec
 842 01ec 0B       		.uleb128 0xb
 843 01ed 6B000000 		.4byte	0x6b
 844 01f1 0C       		.uleb128 0xc
 845 01f2 FB020000 		.4byte	.LASF22
 846 01f6 01       		.byte	0x1
 847 01f7 0801     		.2byte	0x108
 848 01f9 00000000 		.4byte	.LFB6
 849 01fd 40000000 		.4byte	.LFE6-.LFB6
 850 0201 01       		.uleb128 0x1
 851 0202 9C       		.byte	0x9c
 852 0203 8C020000 		.4byte	0x28c
 853 0207 0D       		.uleb128 0xd
 854 0208 B1010000 		.4byte	.LASF20
 855 020c 01       		.byte	0x1
 856 020d 0801     		.2byte	0x108
 857 020f E6010000 		.4byte	0x1e6
 858 0213 4D000000 		.4byte	.LLST2
 859 0217 0D       		.uleb128 0xd
 860 0218 6E010000 		.4byte	.LASF21
 861 021c 01       		.byte	0x1
 862 021d 0801     		.2byte	0x108
 863 021f 76000000 		.4byte	0x76
 864 0223 79000000 		.4byte	.LLST3
 865 0227 07       		.uleb128 0x7
 866 0228 14000000 		.4byte	.LVL20
 867 022c 34050000 		.4byte	0x534
 868 0230 4E020000 		.4byte	0x24e
 869 0234 08       		.uleb128 0x8
 870 0235 01       		.uleb128 0x1
 871 0236 53       		.byte	0x53
 872 0237 03       		.uleb128 0x3
 873 0238 0A       		.byte	0xa
 874 0239 0040     		.2byte	0x4000
 875 023b 08       		.uleb128 0x8
 876 023c 01       		.uleb128 0x1
 877 023d 52       		.byte	0x52
 878 023e 04       		.uleb128 0x4
 879 023f 75       		.byte	0x75
 880 0240 00       		.sleb128 0
 881 0241 40       		.byte	0x40
 882 0242 25       		.byte	0x25
 883 0243 08       		.uleb128 0x8
 884 0244 01       		.uleb128 0x1
 885 0245 51       		.byte	0x51
 886 0246 01       		.uleb128 0x1
 887 0247 31       		.byte	0x31
 888 0248 08       		.uleb128 0x8
 889 0249 01       		.uleb128 0x1
ARM GAS  C:\Users\Ian\AppData\Local\Temp\cceQdx7E.s 			page 22


 890 024a 50       		.byte	0x50
 891 024b 01       		.uleb128 0x1
 892 024c 31       		.byte	0x31
 893 024d 00       		.byte	0
 894 024e 07       		.uleb128 0x7
 895 024f 24000000 		.4byte	.LVL21
 896 0253 D7040000 		.4byte	0x4d7
 897 0257 67020000 		.4byte	0x267
 898 025b 08       		.uleb128 0x8
 899 025c 01       		.uleb128 0x1
 900 025d 53       		.byte	0x53
 901 025e 01       		.uleb128 0x1
 902 025f 31       		.byte	0x31
 903 0260 08       		.uleb128 0x8
 904 0261 01       		.uleb128 0x1
 905 0262 51       		.byte	0x51
 906 0263 02       		.uleb128 0x2
 907 0264 76       		.byte	0x76
 908 0265 00       		.sleb128 0
 909 0266 00       		.byte	0
 910 0267 07       		.uleb128 0x7
 911 0268 30000000 		.4byte	.LVL22
 912 026c FB040000 		.4byte	0x4fb
 913 0270 82020000 		.4byte	0x282
 914 0274 08       		.uleb128 0x8
 915 0275 01       		.uleb128 0x1
 916 0276 52       		.byte	0x52
 917 0277 03       		.uleb128 0x3
 918 0278 0A       		.byte	0xa
 919 0279 815B     		.2byte	0x5b81
 920 027b 08       		.uleb128 0x8
 921 027c 01       		.uleb128 0x1
 922 027d 51       		.byte	0x51
 923 027e 02       		.uleb128 0x2
 924 027f 75       		.byte	0x75
 925 0280 00       		.sleb128 0
 926 0281 00       		.byte	0
 927 0282 06       		.uleb128 0x6
 928 0283 38000000 		.4byte	.LVL23
 929 0287 1A050000 		.4byte	0x51a
 930 028b 00       		.byte	0
 931 028c 05       		.uleb128 0x5
 932 028d 00000000 		.4byte	.LASF23
 933 0291 01       		.byte	0x1
 934 0292 2B       		.byte	0x2b
 935 0293 00000000 		.4byte	.LFB0
 936 0297 40000000 		.4byte	.LFE0-.LFB0
 937 029b 01       		.uleb128 0x1
 938 029c 9C       		.byte	0x9c
 939 029d 14030000 		.4byte	0x314
 940 02a1 06       		.uleb128 0x6
 941 02a2 06000000 		.4byte	.LVL25
 942 02a6 58050000 		.4byte	0x558
 943 02aa 07       		.uleb128 0x7
 944 02ab 0C000000 		.4byte	.LVL26
 945 02af 5F050000 		.4byte	0x55f
 946 02b3 BD020000 		.4byte	0x2bd
ARM GAS  C:\Users\Ian\AppData\Local\Temp\cceQdx7E.s 			page 23


 947 02b7 08       		.uleb128 0x8
 948 02b8 01       		.uleb128 0x1
 949 02b9 50       		.byte	0x50
 950 02ba 01       		.uleb128 0x1
 951 02bb 32       		.byte	0x32
 952 02bc 00       		.byte	0
 953 02bd 07       		.uleb128 0x7
 954 02be 12000000 		.4byte	.LVL27
 955 02c2 70050000 		.4byte	0x570
 956 02c6 D0020000 		.4byte	0x2d0
 957 02ca 08       		.uleb128 0x8
 958 02cb 01       		.uleb128 0x1
 959 02cc 50       		.byte	0x50
 960 02cd 01       		.uleb128 0x1
 961 02ce 34       		.byte	0x34
 962 02cf 00       		.byte	0
 963 02d0 06       		.uleb128 0x6
 964 02d1 16000000 		.4byte	.LVL28
 965 02d5 81050000 		.4byte	0x581
 966 02d9 06       		.uleb128 0x6
 967 02da 1E000000 		.4byte	.LVL29
 968 02de 81050000 		.4byte	0x581
 969 02e2 07       		.uleb128 0x7
 970 02e3 2A000000 		.4byte	.LVL30
 971 02e7 4E010000 		.4byte	0x14e
 972 02eb FC020000 		.4byte	0x2fc
 973 02ef 08       		.uleb128 0x8
 974 02f0 01       		.uleb128 0x1
 975 02f1 51       		.byte	0x51
 976 02f2 02       		.uleb128 0x2
 977 02f3 08       		.byte	0x8
 978 02f4 64       		.byte	0x64
 979 02f5 08       		.uleb128 0x8
 980 02f6 01       		.uleb128 0x1
 981 02f7 50       		.byte	0x50
 982 02f8 02       		.uleb128 0x2
 983 02f9 74       		.byte	0x74
 984 02fa 00       		.sleb128 0
 985 02fb 00       		.byte	0
 986 02fc 0E       		.uleb128 0xe
 987 02fd 34000000 		.4byte	.LVL31
 988 0301 F1010000 		.4byte	0x1f1
 989 0305 08       		.uleb128 0x8
 990 0306 01       		.uleb128 0x1
 991 0307 51       		.byte	0x51
 992 0308 02       		.uleb128 0x2
 993 0309 08       		.byte	0x8
 994 030a 64       		.byte	0x64
 995 030b 08       		.uleb128 0x8
 996 030c 01       		.uleb128 0x1
 997 030d 50       		.byte	0x50
 998 030e 03       		.uleb128 0x3
 999 030f 74       		.byte	0x74
 1000 0310 E400     		.sleb128 100
 1001 0312 00       		.byte	0
 1002 0313 00       		.byte	0
 1003 0314 05       		.uleb128 0x5
ARM GAS  C:\Users\Ian\AppData\Local\Temp\cceQdx7E.s 			page 24


 1004 0315 4B010000 		.4byte	.LASF24
 1005 0319 01       		.byte	0x1
 1006 031a 81       		.byte	0x81
 1007 031b 00000000 		.4byte	.LFB2
 1008 031f 1C000000 		.4byte	.LFE2-.LFB2
 1009 0323 01       		.uleb128 0x1
 1010 0324 9C       		.byte	0x9c
 1011 0325 3C030000 		.4byte	0x33c
 1012 0329 06       		.uleb128 0x6
 1013 032a 0C000000 		.4byte	.LVL32
 1014 032e 8C020000 		.4byte	0x28c
 1015 0332 06       		.uleb128 0x6
 1016 0333 16000000 		.4byte	.LVL33
 1017 0337 B3000000 		.4byte	0xb3
 1018 033b 00       		.byte	0
 1019 033c 05       		.uleb128 0x5
 1020 033d B5020000 		.4byte	.LASF25
 1021 0341 01       		.byte	0x1
 1022 0342 A3       		.byte	0xa3
 1023 0343 00000000 		.4byte	.LFB3
 1024 0347 18000000 		.4byte	.LFE3-.LFB3
 1025 034b 01       		.uleb128 0x1
 1026 034c 9C       		.byte	0x9c
 1027 034d C6030000 		.4byte	0x3c6
 1028 0351 09       		.uleb128 0x9
 1029 0352 FC000000 		.4byte	.LASF26
 1030 0356 01       		.byte	0x1
 1031 0357 A3       		.byte	0xa3
 1032 0358 E6010000 		.4byte	0x1e6
 1033 035c 9A000000 		.4byte	.LLST4
 1034 0360 09       		.uleb128 0x9
 1035 0361 EC030000 		.4byte	.LASF27
 1036 0365 01       		.byte	0x1
 1037 0366 A3       		.byte	0xa3
 1038 0367 76000000 		.4byte	0x76
 1039 036b BB000000 		.4byte	.LLST5
 1040 036f 09       		.uleb128 0x9
 1041 0370 05010000 		.4byte	.LASF28
 1042 0374 01       		.byte	0x1
 1043 0375 A3       		.byte	0xa3
 1044 0376 E6010000 		.4byte	0x1e6
 1045 037a DC000000 		.4byte	.LLST6
 1046 037e 09       		.uleb128 0x9
 1047 037f CF010000 		.4byte	.LASF29
 1048 0383 01       		.byte	0x1
 1049 0384 A3       		.byte	0xa3
 1050 0385 76000000 		.4byte	0x76
 1051 0389 FA000000 		.4byte	.LLST7
 1052 038d 07       		.uleb128 0x7
 1053 038e 0A000000 		.4byte	.LVL35
 1054 0392 4E010000 		.4byte	0x14e
 1055 0396 A2030000 		.4byte	0x3a2
 1056 039a 08       		.uleb128 0x8
 1057 039b 01       		.uleb128 0x1
 1058 039c 50       		.byte	0x50
 1059 039d 03       		.uleb128 0x3
 1060 039e F3       		.byte	0xf3
ARM GAS  C:\Users\Ian\AppData\Local\Temp\cceQdx7E.s 			page 25


 1061 039f 01       		.uleb128 0x1
 1062 03a0 50       		.byte	0x50
 1063 03a1 00       		.byte	0
 1064 03a2 07       		.uleb128 0x7
 1065 03a3 12000000 		.4byte	.LVL36
 1066 03a7 F1010000 		.4byte	0x1f1
 1067 03ab BC030000 		.4byte	0x3bc
 1068 03af 08       		.uleb128 0x8
 1069 03b0 01       		.uleb128 0x1
 1070 03b1 51       		.byte	0x51
 1071 03b2 02       		.uleb128 0x2
 1072 03b3 74       		.byte	0x74
 1073 03b4 00       		.sleb128 0
 1074 03b5 08       		.uleb128 0x8
 1075 03b6 01       		.uleb128 0x1
 1076 03b7 50       		.byte	0x50
 1077 03b8 02       		.uleb128 0x2
 1078 03b9 75       		.byte	0x75
 1079 03ba 00       		.sleb128 0
 1080 03bb 00       		.byte	0
 1081 03bc 06       		.uleb128 0x6
 1082 03bd 16000000 		.4byte	.LVL37
 1083 03c1 14030000 		.4byte	0x314
 1084 03c5 00       		.byte	0
 1085 03c6 0F       		.uleb128 0xf
 1086 03c7 2B030000 		.4byte	.LASF30
 1087 03cb 01       		.byte	0x1
 1088 03cc 17       		.byte	0x17
 1089 03cd 6B000000 		.4byte	0x6b
 1090 03d1 05       		.uleb128 0x5
 1091 03d2 03       		.byte	0x3
 1092 03d3 00000000 		.4byte	WaveDAC8_Wave1Chan
 1093 03d7 0F       		.uleb128 0xf
 1094 03d8 3E040000 		.4byte	.LASF31
 1095 03dc 01       		.byte	0x1
 1096 03dd 18       		.byte	0x18
 1097 03de 6B000000 		.4byte	0x6b
 1098 03e2 05       		.uleb128 0x5
 1099 03e3 03       		.byte	0x3
 1100 03e4 01000000 		.4byte	WaveDAC8_Wave2Chan
 1101 03e8 0F       		.uleb128 0xf
 1102 03e9 EA020000 		.4byte	.LASF32
 1103 03ed 01       		.byte	0x1
 1104 03ee 19       		.byte	0x19
 1105 03ef 6B000000 		.4byte	0x6b
 1106 03f3 05       		.uleb128 0x5
 1107 03f4 03       		.byte	0x3
 1108 03f5 02000000 		.4byte	WaveDAC8_Wave1TD
 1109 03f9 0F       		.uleb128 0xf
 1110 03fa F0010000 		.4byte	.LASF33
 1111 03fe 01       		.byte	0x1
 1112 03ff 1A       		.byte	0x1a
 1113 0400 6B000000 		.4byte	0x6b
 1114 0404 05       		.uleb128 0x5
 1115 0405 03       		.byte	0x3
 1116 0406 03000000 		.4byte	WaveDAC8_Wave2TD
 1117 040a 10       		.uleb128 0x10
ARM GAS  C:\Users\Ian\AppData\Local\Temp\cceQdx7E.s 			page 26


 1118 040b 54030000 		.4byte	.LASF34
 1119 040f 01       		.byte	0x1
 1120 0410 12       		.byte	0x12
 1121 0411 6B000000 		.4byte	0x6b
 1122 0415 05       		.uleb128 0x5
 1123 0416 03       		.byte	0x3
 1124 0417 00000000 		.4byte	WaveDAC8_initVar
 1125 041b 11       		.uleb128 0x11
 1126 041c 6B000000 		.4byte	0x6b
 1127 0420 2B040000 		.4byte	0x42b
 1128 0424 12       		.uleb128 0x12
 1129 0425 AC000000 		.4byte	0xac
 1130 0429 63       		.byte	0x63
 1131 042a 00       		.byte	0
 1132 042b 10       		.uleb128 0x10
 1133 042c 65030000 		.4byte	.LASF35
 1134 0430 01       		.byte	0x1
 1135 0431 14       		.byte	0x14
 1136 0432 3C040000 		.4byte	0x43c
 1137 0436 05       		.uleb128 0x5
 1138 0437 03       		.byte	0x3
 1139 0438 00000000 		.4byte	WaveDAC8_wave1
 1140 043c 0B       		.uleb128 0xb
 1141 043d 1B040000 		.4byte	0x41b
 1142 0441 10       		.uleb128 0x10
 1143 0442 74030000 		.4byte	.LASF36
 1144 0446 01       		.byte	0x1
 1145 0447 15       		.byte	0x15
 1146 0448 52040000 		.4byte	0x452
 1147 044c 05       		.uleb128 0x5
 1148 044d 03       		.byte	0x3
 1149 044e 00000000 		.4byte	WaveDAC8_wave2
 1150 0452 0B       		.uleb128 0xb
 1151 0453 1B040000 		.4byte	0x41b
 1152 0457 13       		.uleb128 0x13
 1153 0458 3E030000 		.4byte	.LASF37
 1154 045c 03       		.byte	0x3
 1155 045d 3A       		.byte	0x3a
 1156 045e 14       		.uleb128 0x14
 1157 045f 0B020000 		.4byte	.LASF40
 1158 0463 05       		.byte	0x5
 1159 0464 2A       		.byte	0x2a
 1160 0465 A1000000 		.4byte	0xa1
 1161 0469 78040000 		.4byte	0x478
 1162 046d 15       		.uleb128 0x15
 1163 046e 6B000000 		.4byte	0x6b
 1164 0472 15       		.uleb128 0x15
 1165 0473 6B000000 		.4byte	0x6b
 1166 0477 00       		.byte	0
 1167 0478 16       		.uleb128 0x16
 1168 0479 33010000 		.4byte	.LASF49
 1169 047d 03       		.byte	0x3
 1170 047e 37       		.byte	0x37
 1171 047f 89040000 		.4byte	0x489
 1172 0483 15       		.uleb128 0x15
 1173 0484 6B000000 		.4byte	0x6b
 1174 0488 00       		.byte	0
ARM GAS  C:\Users\Ian\AppData\Local\Temp\cceQdx7E.s 			page 27


 1175 0489 13       		.uleb128 0x13
 1176 048a 28040000 		.4byte	.LASF38
 1177 048e 04       		.byte	0x4
 1178 048f 27       		.byte	0x27
 1179 0490 13       		.uleb128 0x13
 1180 0491 1E010000 		.4byte	.LASF39
 1181 0495 04       		.byte	0x4
 1182 0496 28       		.byte	0x28
 1183 0497 14       		.uleb128 0x14
 1184 0498 F8030000 		.4byte	.LASF41
 1185 049c 05       		.byte	0x5
 1186 049d 2B       		.byte	0x2b
 1187 049e A1000000 		.4byte	0xa1
 1188 04a2 AC040000 		.4byte	0x4ac
 1189 04a6 15       		.uleb128 0x15
 1190 04a7 6B000000 		.4byte	0x6b
 1191 04ab 00       		.byte	0
 1192 04ac 13       		.uleb128 0x13
 1193 04ad 2B000000 		.4byte	.LASF42
 1194 04b1 03       		.byte	0x3
 1195 04b2 34       		.byte	0x34
 1196 04b3 14       		.uleb128 0x14
 1197 04b4 07040000 		.4byte	.LASF43
 1198 04b8 06       		.byte	0x6
 1199 04b9 1E       		.byte	0x1e
 1200 04ba 6B000000 		.4byte	0x6b
 1201 04be D7040000 		.4byte	0x4d7
 1202 04c2 15       		.uleb128 0x15
 1203 04c3 6B000000 		.4byte	0x6b
 1204 04c7 15       		.uleb128 0x15
 1205 04c8 6B000000 		.4byte	0x6b
 1206 04cc 15       		.uleb128 0x15
 1207 04cd 76000000 		.4byte	0x76
 1208 04d1 15       		.uleb128 0x15
 1209 04d2 76000000 		.4byte	0x76
 1210 04d6 00       		.byte	0
 1211 04d7 14       		.uleb128 0x14
 1212 04d8 87010000 		.4byte	.LASF44
 1213 04dc 05       		.byte	0x5
 1214 04dd 3C       		.byte	0x3c
 1215 04de A1000000 		.4byte	0xa1
 1216 04e2 FB040000 		.4byte	0x4fb
 1217 04e6 15       		.uleb128 0x15
 1218 04e7 6B000000 		.4byte	0x6b
 1219 04eb 15       		.uleb128 0x15
 1220 04ec 76000000 		.4byte	0x76
 1221 04f0 15       		.uleb128 0x15
 1222 04f1 6B000000 		.4byte	0x6b
 1223 04f5 15       		.uleb128 0x15
 1224 04f6 6B000000 		.4byte	0x6b
 1225 04fa 00       		.byte	0
 1226 04fb 14       		.uleb128 0x14
 1227 04fc A2000000 		.4byte	.LASF45
 1228 0500 05       		.byte	0x5
 1229 0501 40       		.byte	0x40
 1230 0502 A1000000 		.4byte	0xa1
 1231 0506 1A050000 		.4byte	0x51a
ARM GAS  C:\Users\Ian\AppData\Local\Temp\cceQdx7E.s 			page 28


 1232 050a 15       		.uleb128 0x15
 1233 050b 6B000000 		.4byte	0x6b
 1234 050f 15       		.uleb128 0x15
 1235 0510 76000000 		.4byte	0x76
 1236 0514 15       		.uleb128 0x15
 1237 0515 76000000 		.4byte	0x76
 1238 0519 00       		.byte	0
 1239 051a 14       		.uleb128 0x14
 1240 051b C7000000 		.4byte	.LASF46
 1241 051f 05       		.byte	0x5
 1242 0520 30       		.byte	0x30
 1243 0521 A1000000 		.4byte	0xa1
 1244 0525 34050000 		.4byte	0x534
 1245 0529 15       		.uleb128 0x15
 1246 052a 6B000000 		.4byte	0x6b
 1247 052e 15       		.uleb128 0x15
 1248 052f 6B000000 		.4byte	0x6b
 1249 0533 00       		.byte	0
 1250 0534 14       		.uleb128 0x14
 1251 0535 DB000000 		.4byte	.LASF47
 1252 0539 07       		.byte	0x7
 1253 053a 1E       		.byte	0x1e
 1254 053b 6B000000 		.4byte	0x6b
 1255 053f 58050000 		.4byte	0x558
 1256 0543 15       		.uleb128 0x15
 1257 0544 6B000000 		.4byte	0x6b
 1258 0548 15       		.uleb128 0x15
 1259 0549 6B000000 		.4byte	0x6b
 1260 054d 15       		.uleb128 0x15
 1261 054e 76000000 		.4byte	0x76
 1262 0552 15       		.uleb128 0x15
 1263 0553 76000000 		.4byte	0x76
 1264 0557 00       		.byte	0
 1265 0558 13       		.uleb128 0x13
 1266 0559 0E000000 		.4byte	.LASF48
 1267 055d 03       		.byte	0x3
 1268 055e 39       		.byte	0x39
 1269 055f 16       		.uleb128 0x16
 1270 0560 83030000 		.4byte	.LASF50
 1271 0564 03       		.byte	0x3
 1272 0565 35       		.byte	0x35
 1273 0566 70050000 		.4byte	0x570
 1274 056a 15       		.uleb128 0x15
 1275 056b 6B000000 		.4byte	0x6b
 1276 056f 00       		.byte	0
 1277 0570 16       		.uleb128 0x16
 1278 0571 9B030000 		.4byte	.LASF51
 1279 0575 03       		.byte	0x3
 1280 0576 36       		.byte	0x36
 1281 0577 81050000 		.4byte	0x581
 1282 057b 15       		.uleb128 0x15
 1283 057c 6B000000 		.4byte	0x6b
 1284 0580 00       		.byte	0
 1285 0581 17       		.uleb128 0x17
 1286 0582 0E010000 		.4byte	.LASF55
 1287 0586 05       		.byte	0x5
 1288 0587 39       		.byte	0x39
ARM GAS  C:\Users\Ian\AppData\Local\Temp\cceQdx7E.s 			page 29


 1289 0588 6B000000 		.4byte	0x6b
 1290 058c 00       		.byte	0
 1291              		.section	.debug_abbrev,"",%progbits
 1292              	.Ldebug_abbrev0:
 1293 0000 01       		.uleb128 0x1
 1294 0001 11       		.uleb128 0x11
 1295 0002 01       		.byte	0x1
 1296 0003 25       		.uleb128 0x25
 1297 0004 0E       		.uleb128 0xe
 1298 0005 13       		.uleb128 0x13
 1299 0006 0B       		.uleb128 0xb
 1300 0007 03       		.uleb128 0x3
 1301 0008 0E       		.uleb128 0xe
 1302 0009 1B       		.uleb128 0x1b
 1303 000a 0E       		.uleb128 0xe
 1304 000b 55       		.uleb128 0x55
 1305 000c 17       		.uleb128 0x17
 1306 000d 11       		.uleb128 0x11
 1307 000e 01       		.uleb128 0x1
 1308 000f 10       		.uleb128 0x10
 1309 0010 17       		.uleb128 0x17
 1310 0011 00       		.byte	0
 1311 0012 00       		.byte	0
 1312 0013 02       		.uleb128 0x2
 1313 0014 24       		.uleb128 0x24
 1314 0015 00       		.byte	0
 1315 0016 0B       		.uleb128 0xb
 1316 0017 0B       		.uleb128 0xb
 1317 0018 3E       		.uleb128 0x3e
 1318 0019 0B       		.uleb128 0xb
 1319 001a 03       		.uleb128 0x3
 1320 001b 0E       		.uleb128 0xe
 1321 001c 00       		.byte	0
 1322 001d 00       		.byte	0
 1323 001e 03       		.uleb128 0x3
 1324 001f 24       		.uleb128 0x24
 1325 0020 00       		.byte	0
 1326 0021 0B       		.uleb128 0xb
 1327 0022 0B       		.uleb128 0xb
 1328 0023 3E       		.uleb128 0x3e
 1329 0024 0B       		.uleb128 0xb
 1330 0025 03       		.uleb128 0x3
 1331 0026 08       		.uleb128 0x8
 1332 0027 00       		.byte	0
 1333 0028 00       		.byte	0
 1334 0029 04       		.uleb128 0x4
 1335 002a 16       		.uleb128 0x16
 1336 002b 00       		.byte	0
 1337 002c 03       		.uleb128 0x3
 1338 002d 0E       		.uleb128 0xe
 1339 002e 3A       		.uleb128 0x3a
 1340 002f 0B       		.uleb128 0xb
 1341 0030 3B       		.uleb128 0x3b
 1342 0031 0B       		.uleb128 0xb
 1343 0032 49       		.uleb128 0x49
 1344 0033 13       		.uleb128 0x13
 1345 0034 00       		.byte	0
ARM GAS  C:\Users\Ian\AppData\Local\Temp\cceQdx7E.s 			page 30


 1346 0035 00       		.byte	0
 1347 0036 05       		.uleb128 0x5
 1348 0037 2E       		.uleb128 0x2e
 1349 0038 01       		.byte	0x1
 1350 0039 3F       		.uleb128 0x3f
 1351 003a 19       		.uleb128 0x19
 1352 003b 03       		.uleb128 0x3
 1353 003c 0E       		.uleb128 0xe
 1354 003d 3A       		.uleb128 0x3a
 1355 003e 0B       		.uleb128 0xb
 1356 003f 3B       		.uleb128 0x3b
 1357 0040 0B       		.uleb128 0xb
 1358 0041 27       		.uleb128 0x27
 1359 0042 19       		.uleb128 0x19
 1360 0043 11       		.uleb128 0x11
 1361 0044 01       		.uleb128 0x1
 1362 0045 12       		.uleb128 0x12
 1363 0046 06       		.uleb128 0x6
 1364 0047 40       		.uleb128 0x40
 1365 0048 18       		.uleb128 0x18
 1366 0049 9742     		.uleb128 0x2117
 1367 004b 19       		.uleb128 0x19
 1368 004c 01       		.uleb128 0x1
 1369 004d 13       		.uleb128 0x13
 1370 004e 00       		.byte	0
 1371 004f 00       		.byte	0
 1372 0050 06       		.uleb128 0x6
 1373 0051 898201   		.uleb128 0x4109
 1374 0054 00       		.byte	0
 1375 0055 11       		.uleb128 0x11
 1376 0056 01       		.uleb128 0x1
 1377 0057 31       		.uleb128 0x31
 1378 0058 13       		.uleb128 0x13
 1379 0059 00       		.byte	0
 1380 005a 00       		.byte	0
 1381 005b 07       		.uleb128 0x7
 1382 005c 898201   		.uleb128 0x4109
 1383 005f 01       		.byte	0x1
 1384 0060 11       		.uleb128 0x11
 1385 0061 01       		.uleb128 0x1
 1386 0062 31       		.uleb128 0x31
 1387 0063 13       		.uleb128 0x13
 1388 0064 01       		.uleb128 0x1
 1389 0065 13       		.uleb128 0x13
 1390 0066 00       		.byte	0
 1391 0067 00       		.byte	0
 1392 0068 08       		.uleb128 0x8
 1393 0069 8A8201   		.uleb128 0x410a
 1394 006c 00       		.byte	0
 1395 006d 02       		.uleb128 0x2
 1396 006e 18       		.uleb128 0x18
 1397 006f 9142     		.uleb128 0x2111
 1398 0071 18       		.uleb128 0x18
 1399 0072 00       		.byte	0
 1400 0073 00       		.byte	0
 1401 0074 09       		.uleb128 0x9
 1402 0075 05       		.uleb128 0x5
ARM GAS  C:\Users\Ian\AppData\Local\Temp\cceQdx7E.s 			page 31


 1403 0076 00       		.byte	0
 1404 0077 03       		.uleb128 0x3
 1405 0078 0E       		.uleb128 0xe
 1406 0079 3A       		.uleb128 0x3a
 1407 007a 0B       		.uleb128 0xb
 1408 007b 3B       		.uleb128 0x3b
 1409 007c 0B       		.uleb128 0xb
 1410 007d 49       		.uleb128 0x49
 1411 007e 13       		.uleb128 0x13
 1412 007f 02       		.uleb128 0x2
 1413 0080 17       		.uleb128 0x17
 1414 0081 00       		.byte	0
 1415 0082 00       		.byte	0
 1416 0083 0A       		.uleb128 0xa
 1417 0084 0F       		.uleb128 0xf
 1418 0085 00       		.byte	0
 1419 0086 0B       		.uleb128 0xb
 1420 0087 0B       		.uleb128 0xb
 1421 0088 49       		.uleb128 0x49
 1422 0089 13       		.uleb128 0x13
 1423 008a 00       		.byte	0
 1424 008b 00       		.byte	0
 1425 008c 0B       		.uleb128 0xb
 1426 008d 26       		.uleb128 0x26
 1427 008e 00       		.byte	0
 1428 008f 49       		.uleb128 0x49
 1429 0090 13       		.uleb128 0x13
 1430 0091 00       		.byte	0
 1431 0092 00       		.byte	0
 1432 0093 0C       		.uleb128 0xc
 1433 0094 2E       		.uleb128 0x2e
 1434 0095 01       		.byte	0x1
 1435 0096 3F       		.uleb128 0x3f
 1436 0097 19       		.uleb128 0x19
 1437 0098 03       		.uleb128 0x3
 1438 0099 0E       		.uleb128 0xe
 1439 009a 3A       		.uleb128 0x3a
 1440 009b 0B       		.uleb128 0xb
 1441 009c 3B       		.uleb128 0x3b
 1442 009d 05       		.uleb128 0x5
 1443 009e 27       		.uleb128 0x27
 1444 009f 19       		.uleb128 0x19
 1445 00a0 11       		.uleb128 0x11
 1446 00a1 01       		.uleb128 0x1
 1447 00a2 12       		.uleb128 0x12
 1448 00a3 06       		.uleb128 0x6
 1449 00a4 40       		.uleb128 0x40
 1450 00a5 18       		.uleb128 0x18
 1451 00a6 9742     		.uleb128 0x2117
 1452 00a8 19       		.uleb128 0x19
 1453 00a9 01       		.uleb128 0x1
 1454 00aa 13       		.uleb128 0x13
 1455 00ab 00       		.byte	0
 1456 00ac 00       		.byte	0
 1457 00ad 0D       		.uleb128 0xd
 1458 00ae 05       		.uleb128 0x5
 1459 00af 00       		.byte	0
ARM GAS  C:\Users\Ian\AppData\Local\Temp\cceQdx7E.s 			page 32


 1460 00b0 03       		.uleb128 0x3
 1461 00b1 0E       		.uleb128 0xe
 1462 00b2 3A       		.uleb128 0x3a
 1463 00b3 0B       		.uleb128 0xb
 1464 00b4 3B       		.uleb128 0x3b
 1465 00b5 05       		.uleb128 0x5
 1466 00b6 49       		.uleb128 0x49
 1467 00b7 13       		.uleb128 0x13
 1468 00b8 02       		.uleb128 0x2
 1469 00b9 17       		.uleb128 0x17
 1470 00ba 00       		.byte	0
 1471 00bb 00       		.byte	0
 1472 00bc 0E       		.uleb128 0xe
 1473 00bd 898201   		.uleb128 0x4109
 1474 00c0 01       		.byte	0x1
 1475 00c1 11       		.uleb128 0x11
 1476 00c2 01       		.uleb128 0x1
 1477 00c3 31       		.uleb128 0x31
 1478 00c4 13       		.uleb128 0x13
 1479 00c5 00       		.byte	0
 1480 00c6 00       		.byte	0
 1481 00c7 0F       		.uleb128 0xf
 1482 00c8 34       		.uleb128 0x34
 1483 00c9 00       		.byte	0
 1484 00ca 03       		.uleb128 0x3
 1485 00cb 0E       		.uleb128 0xe
 1486 00cc 3A       		.uleb128 0x3a
 1487 00cd 0B       		.uleb128 0xb
 1488 00ce 3B       		.uleb128 0x3b
 1489 00cf 0B       		.uleb128 0xb
 1490 00d0 49       		.uleb128 0x49
 1491 00d1 13       		.uleb128 0x13
 1492 00d2 02       		.uleb128 0x2
 1493 00d3 18       		.uleb128 0x18
 1494 00d4 00       		.byte	0
 1495 00d5 00       		.byte	0
 1496 00d6 10       		.uleb128 0x10
 1497 00d7 34       		.uleb128 0x34
 1498 00d8 00       		.byte	0
 1499 00d9 03       		.uleb128 0x3
 1500 00da 0E       		.uleb128 0xe
 1501 00db 3A       		.uleb128 0x3a
 1502 00dc 0B       		.uleb128 0xb
 1503 00dd 3B       		.uleb128 0x3b
 1504 00de 0B       		.uleb128 0xb
 1505 00df 49       		.uleb128 0x49
 1506 00e0 13       		.uleb128 0x13
 1507 00e1 3F       		.uleb128 0x3f
 1508 00e2 19       		.uleb128 0x19
 1509 00e3 02       		.uleb128 0x2
 1510 00e4 18       		.uleb128 0x18
 1511 00e5 00       		.byte	0
 1512 00e6 00       		.byte	0
 1513 00e7 11       		.uleb128 0x11
 1514 00e8 01       		.uleb128 0x1
 1515 00e9 01       		.byte	0x1
 1516 00ea 49       		.uleb128 0x49
ARM GAS  C:\Users\Ian\AppData\Local\Temp\cceQdx7E.s 			page 33


 1517 00eb 13       		.uleb128 0x13
 1518 00ec 01       		.uleb128 0x1
 1519 00ed 13       		.uleb128 0x13
 1520 00ee 00       		.byte	0
 1521 00ef 00       		.byte	0
 1522 00f0 12       		.uleb128 0x12
 1523 00f1 21       		.uleb128 0x21
 1524 00f2 00       		.byte	0
 1525 00f3 49       		.uleb128 0x49
 1526 00f4 13       		.uleb128 0x13
 1527 00f5 2F       		.uleb128 0x2f
 1528 00f6 0B       		.uleb128 0xb
 1529 00f7 00       		.byte	0
 1530 00f8 00       		.byte	0
 1531 00f9 13       		.uleb128 0x13
 1532 00fa 2E       		.uleb128 0x2e
 1533 00fb 00       		.byte	0
 1534 00fc 3F       		.uleb128 0x3f
 1535 00fd 19       		.uleb128 0x19
 1536 00fe 03       		.uleb128 0x3
 1537 00ff 0E       		.uleb128 0xe
 1538 0100 3A       		.uleb128 0x3a
 1539 0101 0B       		.uleb128 0xb
 1540 0102 3B       		.uleb128 0x3b
 1541 0103 0B       		.uleb128 0xb
 1542 0104 27       		.uleb128 0x27
 1543 0105 19       		.uleb128 0x19
 1544 0106 3C       		.uleb128 0x3c
 1545 0107 19       		.uleb128 0x19
 1546 0108 00       		.byte	0
 1547 0109 00       		.byte	0
 1548 010a 14       		.uleb128 0x14
 1549 010b 2E       		.uleb128 0x2e
 1550 010c 01       		.byte	0x1
 1551 010d 3F       		.uleb128 0x3f
 1552 010e 19       		.uleb128 0x19
 1553 010f 03       		.uleb128 0x3
 1554 0110 0E       		.uleb128 0xe
 1555 0111 3A       		.uleb128 0x3a
 1556 0112 0B       		.uleb128 0xb
 1557 0113 3B       		.uleb128 0x3b
 1558 0114 0B       		.uleb128 0xb
 1559 0115 27       		.uleb128 0x27
 1560 0116 19       		.uleb128 0x19
 1561 0117 49       		.uleb128 0x49
 1562 0118 13       		.uleb128 0x13
 1563 0119 3C       		.uleb128 0x3c
 1564 011a 19       		.uleb128 0x19
 1565 011b 01       		.uleb128 0x1
 1566 011c 13       		.uleb128 0x13
 1567 011d 00       		.byte	0
 1568 011e 00       		.byte	0
 1569 011f 15       		.uleb128 0x15
 1570 0120 05       		.uleb128 0x5
 1571 0121 00       		.byte	0
 1572 0122 49       		.uleb128 0x49
 1573 0123 13       		.uleb128 0x13
ARM GAS  C:\Users\Ian\AppData\Local\Temp\cceQdx7E.s 			page 34


 1574 0124 00       		.byte	0
 1575 0125 00       		.byte	0
 1576 0126 16       		.uleb128 0x16
 1577 0127 2E       		.uleb128 0x2e
 1578 0128 01       		.byte	0x1
 1579 0129 3F       		.uleb128 0x3f
 1580 012a 19       		.uleb128 0x19
 1581 012b 03       		.uleb128 0x3
 1582 012c 0E       		.uleb128 0xe
 1583 012d 3A       		.uleb128 0x3a
 1584 012e 0B       		.uleb128 0xb
 1585 012f 3B       		.uleb128 0x3b
 1586 0130 0B       		.uleb128 0xb
 1587 0131 27       		.uleb128 0x27
 1588 0132 19       		.uleb128 0x19
 1589 0133 3C       		.uleb128 0x3c
 1590 0134 19       		.uleb128 0x19
 1591 0135 01       		.uleb128 0x1
 1592 0136 13       		.uleb128 0x13
 1593 0137 00       		.byte	0
 1594 0138 00       		.byte	0
 1595 0139 17       		.uleb128 0x17
 1596 013a 2E       		.uleb128 0x2e
 1597 013b 00       		.byte	0
 1598 013c 3F       		.uleb128 0x3f
 1599 013d 19       		.uleb128 0x19
 1600 013e 03       		.uleb128 0x3
 1601 013f 0E       		.uleb128 0xe
 1602 0140 3A       		.uleb128 0x3a
 1603 0141 0B       		.uleb128 0xb
 1604 0142 3B       		.uleb128 0x3b
 1605 0143 0B       		.uleb128 0xb
 1606 0144 27       		.uleb128 0x27
 1607 0145 19       		.uleb128 0x19
 1608 0146 49       		.uleb128 0x49
 1609 0147 13       		.uleb128 0x13
 1610 0148 3C       		.uleb128 0x3c
 1611 0149 19       		.uleb128 0x19
 1612 014a 00       		.byte	0
 1613 014b 00       		.byte	0
 1614 014c 00       		.byte	0
 1615              		.section	.debug_loc,"",%progbits
 1616              	.Ldebug_loc0:
 1617              	.LLST0:
 1618 0000 00000000 		.4byte	.LVL9
 1619 0004 08000000 		.4byte	.LVL10
 1620 0008 0100     		.2byte	0x1
 1621 000a 50       		.byte	0x50
 1622 000b 08000000 		.4byte	.LVL10
 1623 000f 3A000000 		.4byte	.LVL16
 1624 0013 0100     		.2byte	0x1
 1625 0015 55       		.byte	0x55
 1626 0016 3A000000 		.4byte	.LVL16
 1627 001a 40000000 		.4byte	.LFE5
 1628 001e 0400     		.2byte	0x4
 1629 0020 F3       		.byte	0xf3
 1630 0021 01       		.uleb128 0x1
ARM GAS  C:\Users\Ian\AppData\Local\Temp\cceQdx7E.s 			page 35


 1631 0022 50       		.byte	0x50
 1632 0023 9F       		.byte	0x9f
 1633 0024 00000000 		.4byte	0
 1634 0028 00000000 		.4byte	0
 1635              	.LLST1:
 1636 002c 00000000 		.4byte	.LVL9
 1637 0030 0A000000 		.4byte	.LVL11
 1638 0034 0100     		.2byte	0x1
 1639 0036 51       		.byte	0x51
 1640 0037 0A000000 		.4byte	.LVL11
 1641 003b 40000000 		.4byte	.LFE5
 1642 003f 0400     		.2byte	0x4
 1643 0041 F3       		.byte	0xf3
 1644 0042 01       		.uleb128 0x1
 1645 0043 51       		.byte	0x51
 1646 0044 9F       		.byte	0x9f
 1647 0045 00000000 		.4byte	0
 1648 0049 00000000 		.4byte	0
 1649              	.LLST2:
 1650 004d 00000000 		.4byte	.LVL17
 1651 0051 08000000 		.4byte	.LVL18
 1652 0055 0100     		.2byte	0x1
 1653 0057 50       		.byte	0x50
 1654 0058 08000000 		.4byte	.LVL18
 1655 005c 3A000000 		.4byte	.LVL24
 1656 0060 0100     		.2byte	0x1
 1657 0062 55       		.byte	0x55
 1658 0063 3A000000 		.4byte	.LVL24
 1659 0067 40000000 		.4byte	.LFE6
 1660 006b 0400     		.2byte	0x4
 1661 006d F3       		.byte	0xf3
 1662 006e 01       		.uleb128 0x1
 1663 006f 50       		.byte	0x50
 1664 0070 9F       		.byte	0x9f
 1665 0071 00000000 		.4byte	0
 1666 0075 00000000 		.4byte	0
 1667              	.LLST3:
 1668 0079 00000000 		.4byte	.LVL17
 1669 007d 0A000000 		.4byte	.LVL19
 1670 0081 0100     		.2byte	0x1
 1671 0083 51       		.byte	0x51
 1672 0084 0A000000 		.4byte	.LVL19
 1673 0088 40000000 		.4byte	.LFE6
 1674 008c 0400     		.2byte	0x4
 1675 008e F3       		.byte	0xf3
 1676 008f 01       		.uleb128 0x1
 1677 0090 51       		.byte	0x51
 1678 0091 9F       		.byte	0x9f
 1679 0092 00000000 		.4byte	0
 1680 0096 00000000 		.4byte	0
 1681              	.LLST4:
 1682 009a 00000000 		.4byte	.LVL34
 1683 009e 09000000 		.4byte	.LVL35-1
 1684 00a2 0100     		.2byte	0x1
 1685 00a4 50       		.byte	0x50
 1686 00a5 09000000 		.4byte	.LVL35-1
 1687 00a9 18000000 		.4byte	.LFE3
ARM GAS  C:\Users\Ian\AppData\Local\Temp\cceQdx7E.s 			page 36


 1688 00ad 0400     		.2byte	0x4
 1689 00af F3       		.byte	0xf3
 1690 00b0 01       		.uleb128 0x1
 1691 00b1 50       		.byte	0x50
 1692 00b2 9F       		.byte	0x9f
 1693 00b3 00000000 		.4byte	0
 1694 00b7 00000000 		.4byte	0
 1695              	.LLST5:
 1696 00bb 00000000 		.4byte	.LVL34
 1697 00bf 09000000 		.4byte	.LVL35-1
 1698 00c3 0100     		.2byte	0x1
 1699 00c5 51       		.byte	0x51
 1700 00c6 09000000 		.4byte	.LVL35-1
 1701 00ca 18000000 		.4byte	.LFE3
 1702 00ce 0400     		.2byte	0x4
 1703 00d0 F3       		.byte	0xf3
 1704 00d1 01       		.uleb128 0x1
 1705 00d2 51       		.byte	0x51
 1706 00d3 9F       		.byte	0x9f
 1707 00d4 00000000 		.4byte	0
 1708 00d8 00000000 		.4byte	0
 1709              	.LLST6:
 1710 00dc 00000000 		.4byte	.LVL34
 1711 00e0 09000000 		.4byte	.LVL35-1
 1712 00e4 0100     		.2byte	0x1
 1713 00e6 52       		.byte	0x52
 1714 00e7 09000000 		.4byte	.LVL35-1
 1715 00eb 18000000 		.4byte	.LFE3
 1716 00ef 0100     		.2byte	0x1
 1717 00f1 55       		.byte	0x55
 1718 00f2 00000000 		.4byte	0
 1719 00f6 00000000 		.4byte	0
 1720              	.LLST7:
 1721 00fa 00000000 		.4byte	.LVL34
 1722 00fe 09000000 		.4byte	.LVL35-1
 1723 0102 0100     		.2byte	0x1
 1724 0104 53       		.byte	0x53
 1725 0105 09000000 		.4byte	.LVL35-1
 1726 0109 18000000 		.4byte	.LFE3
 1727 010d 0400     		.2byte	0x4
 1728 010f F3       		.byte	0xf3
 1729 0110 01       		.uleb128 0x1
 1730 0111 53       		.byte	0x53
 1731 0112 9F       		.byte	0x9f
 1732 0113 00000000 		.4byte	0
 1733 0117 00000000 		.4byte	0
 1734              		.section	.debug_aranges,"",%progbits
 1735 0000 4C000000 		.4byte	0x4c
 1736 0004 0200     		.2byte	0x2
 1737 0006 00000000 		.4byte	.Ldebug_info0
 1738 000a 04       		.byte	0x4
 1739 000b 00       		.byte	0
 1740 000c 0000     		.2byte	0
 1741 000e 0000     		.2byte	0
 1742 0010 00000000 		.4byte	.LFB1
 1743 0014 28000000 		.4byte	.LFE1-.LFB1
 1744 0018 00000000 		.4byte	.LFB4
ARM GAS  C:\Users\Ian\AppData\Local\Temp\cceQdx7E.s 			page 37


 1745 001c 20000000 		.4byte	.LFE4-.LFB4
 1746 0020 00000000 		.4byte	.LFB5
 1747 0024 40000000 		.4byte	.LFE5-.LFB5
 1748 0028 00000000 		.4byte	.LFB6
 1749 002c 40000000 		.4byte	.LFE6-.LFB6
 1750 0030 00000000 		.4byte	.LFB0
 1751 0034 40000000 		.4byte	.LFE0-.LFB0
 1752 0038 00000000 		.4byte	.LFB2
 1753 003c 1C000000 		.4byte	.LFE2-.LFB2
 1754 0040 00000000 		.4byte	.LFB3
 1755 0044 18000000 		.4byte	.LFE3-.LFB3
 1756 0048 00000000 		.4byte	0
 1757 004c 00000000 		.4byte	0
 1758              		.section	.debug_ranges,"",%progbits
 1759              	.Ldebug_ranges0:
 1760 0000 00000000 		.4byte	.LFB1
 1761 0004 28000000 		.4byte	.LFE1
 1762 0008 00000000 		.4byte	.LFB4
 1763 000c 20000000 		.4byte	.LFE4
 1764 0010 00000000 		.4byte	.LFB5
 1765 0014 40000000 		.4byte	.LFE5
 1766 0018 00000000 		.4byte	.LFB6
 1767 001c 40000000 		.4byte	.LFE6
 1768 0020 00000000 		.4byte	.LFB0
 1769 0024 40000000 		.4byte	.LFE0
 1770 0028 00000000 		.4byte	.LFB2
 1771 002c 1C000000 		.4byte	.LFE2
 1772 0030 00000000 		.4byte	.LFB3
 1773 0034 18000000 		.4byte	.LFE3
 1774 0038 00000000 		.4byte	0
 1775 003c 00000000 		.4byte	0
 1776              		.section	.debug_line,"",%progbits
 1777              	.Ldebug_line0:
 1778 0000 6B010000 		.section	.debug_str,"MS",%progbits,1
 1778      0200CB00 
 1778      00000201 
 1778      FB0E0D00 
 1778      01010101 
 1779              	.LASF23:
 1780 0000 57617665 		.ascii	"WaveDAC8_Init\000"
 1780      44414338 
 1780      5F496E69 
 1780      7400
 1781              	.LASF48:
 1782 000e 57617665 		.ascii	"WaveDAC8_VDAC8_Init\000"
 1782      44414338 
 1782      5F564441 
 1782      43385F49 
 1782      6E697400 
 1783              	.LASF15:
 1784 0022 63797374 		.ascii	"cystatus\000"
 1784      61747573 
 1784      00
 1785              	.LASF42:
 1786 002b 57617665 		.ascii	"WaveDAC8_VDAC8_Stop\000"
 1786      44414338 
 1786      5F564441 
ARM GAS  C:\Users\Ian\AppData\Local\Temp\cceQdx7E.s 			page 38


 1786      43385F53 
 1786      746F7000 
 1787              	.LASF54:
 1788 003f 433A5C55 		.ascii	"C:\\Users\\Ian\\Documents\\Junior\\Chip-Design\\pro"
 1788      73657273 
 1788      5C49616E 
 1788      5C446F63 
 1788      756D656E 
 1789 006c 6A5F6173 		.ascii	"j_asic\\psoc\\Wave Generator\\Wave Generator.cydsn\000"
 1789      69635C70 
 1789      736F635C 
 1789      57617665 
 1789      2047656E 
 1790              	.LASF12:
 1791 009c 666C6F61 		.ascii	"float\000"
 1791      7400
 1792              	.LASF45:
 1793 00a2 4379446D 		.ascii	"CyDmaTdSetAddress\000"
 1793      61546453 
 1793      65744164 
 1793      64726573 
 1793      7300
 1794              	.LASF3:
 1795 00b4 73686F72 		.ascii	"short unsigned int\000"
 1795      7420756E 
 1795      7369676E 
 1795      65642069 
 1795      6E7400
 1796              	.LASF46:
 1797 00c7 4379446D 		.ascii	"CyDmaChSetInitialTd\000"
 1797      61436853 
 1797      6574496E 
 1797      69746961 
 1797      6C546400 
 1798              	.LASF47:
 1799 00db 57617665 		.ascii	"WaveDAC8_Wave2_DMA_DmaInitialize\000"
 1799      44414338 
 1799      5F576176 
 1799      65325F44 
 1799      4D415F44 
 1800              	.LASF26:
 1801 00fc 77617665 		.ascii	"wavePtr1\000"
 1801      50747231 
 1801      00
 1802              	.LASF28:
 1803 0105 77617665 		.ascii	"wavePtr2\000"
 1803      50747232 
 1803      00
 1804              	.LASF55:
 1805 010e 4379446D 		.ascii	"CyDmaTdAllocate\000"
 1805      61546441 
 1805      6C6C6F63 
 1805      61746500 
 1806              	.LASF39:
 1807 011e 57617665 		.ascii	"WaveDAC8_DacClk_Stop\000"
 1807      44414338 
 1807      5F446163 
ARM GAS  C:\Users\Ian\AppData\Local\Temp\cceQdx7E.s 			page 39


 1807      436C6B5F 
 1807      53746F70 
 1808              	.LASF49:
 1809 0133 57617665 		.ascii	"WaveDAC8_VDAC8_SetValue\000"
 1809      44414338 
 1809      5F564441 
 1809      43385F53 
 1809      65745661 
 1810              	.LASF24:
 1811 014b 57617665 		.ascii	"WaveDAC8_Start\000"
 1811      44414338 
 1811      5F537461 
 1811      727400
 1812              	.LASF19:
 1813 015a 57617665 		.ascii	"WaveDAC8_Wave1Setup\000"
 1813      44414338 
 1813      5F576176 
 1813      65315365 
 1813      74757000 
 1814              	.LASF21:
 1815 016e 73616D70 		.ascii	"sampleSize\000"
 1815      6C655369 
 1815      7A6500
 1816              	.LASF18:
 1817 0179 57617665 		.ascii	"WaveDAC8_Stop\000"
 1817      44414338 
 1817      5F53746F 
 1817      7000
 1818              	.LASF44:
 1819 0187 4379446D 		.ascii	"CyDmaTdSetConfiguration\000"
 1819      61546453 
 1819      6574436F 
 1819      6E666967 
 1819      75726174 
 1820              	.LASF5:
 1821 019f 6C6F6E67 		.ascii	"long unsigned int\000"
 1821      20756E73 
 1821      69676E65 
 1821      6420696E 
 1821      7400
 1822              	.LASF20:
 1823 01b1 77617665 		.ascii	"wavePtr\000"
 1823      50747200 
 1824              	.LASF9:
 1825 01b9 75696E74 		.ascii	"uint8\000"
 1825      3800
 1826              	.LASF17:
 1827 01bf 57617665 		.ascii	"WaveDAC8_Enable\000"
 1827      44414338 
 1827      5F456E61 
 1827      626C6500 
 1828              	.LASF29:
 1829 01cf 73616D70 		.ascii	"sampleSize2\000"
 1829      6C655369 
 1829      7A653200 
 1830              	.LASF1:
 1831 01db 756E7369 		.ascii	"unsigned char\000"
ARM GAS  C:\Users\Ian\AppData\Local\Temp\cceQdx7E.s 			page 40


 1831      676E6564 
 1831      20636861 
 1831      7200
 1832              	.LASF13:
 1833 01e9 646F7562 		.ascii	"double\000"
 1833      6C6500
 1834              	.LASF33:
 1835 01f0 57617665 		.ascii	"WaveDAC8_Wave2TD\000"
 1835      44414338 
 1835      5F576176 
 1835      65325444 
 1835      00
 1836              	.LASF2:
 1837 0201 73686F72 		.ascii	"short int\000"
 1837      7420696E 
 1837      7400
 1838              	.LASF40:
 1839 020b 4379446D 		.ascii	"CyDmaChEnable\000"
 1839      61436845 
 1839      6E61626C 
 1839      6500
 1840              	.LASF10:
 1841 0219 75696E74 		.ascii	"uint16\000"
 1841      313600
 1842              	.LASF11:
 1843 0220 75696E74 		.ascii	"uint32\000"
 1843      333200
 1844              	.LASF52:
 1845 0227 474E5520 		.ascii	"GNU C 4.9.3 20150303 (release) [ARM/embedded-4_9-br"
 1845      4320342E 
 1845      392E3320 
 1845      32303135 
 1845      30333033 
 1846 025a 616E6368 		.ascii	"anch revision 221220] -mcpu=cortex-m3 -mthumb -g -O"
 1846      20726576 
 1846      6973696F 
 1846      6E203232 
 1846      31323230 
 1847 028d 67202D66 		.ascii	"g -ffunction-sections -ffat-lto-objects\000"
 1847      66756E63 
 1847      74696F6E 
 1847      2D736563 
 1847      74696F6E 
 1848              	.LASF25:
 1849 02b5 57617665 		.ascii	"WaveDAC8_StartEx\000"
 1849      44414338 
 1849      5F537461 
 1849      72744578 
 1849      00
 1850              	.LASF8:
 1851 02c6 756E7369 		.ascii	"unsigned int\000"
 1851      676E6564 
 1851      20696E74 
 1851      00
 1852              	.LASF7:
 1853 02d3 6C6F6E67 		.ascii	"long long unsigned int\000"
 1853      206C6F6E 
ARM GAS  C:\Users\Ian\AppData\Local\Temp\cceQdx7E.s 			page 41


 1853      6720756E 
 1853      7369676E 
 1853      65642069 
 1854              	.LASF32:
 1855 02ea 57617665 		.ascii	"WaveDAC8_Wave1TD\000"
 1855      44414338 
 1855      5F576176 
 1855      65315444 
 1855      00
 1856              	.LASF22:
 1857 02fb 57617665 		.ascii	"WaveDAC8_Wave2Setup\000"
 1857      44414338 
 1857      5F576176 
 1857      65325365 
 1857      74757000 
 1858              	.LASF16:
 1859 030f 73697A65 		.ascii	"sizetype\000"
 1859      74797065 
 1859      00
 1860              	.LASF6:
 1861 0318 6C6F6E67 		.ascii	"long long int\000"
 1861      206C6F6E 
 1861      6720696E 
 1861      7400
 1862              	.LASF14:
 1863 0326 63686172 		.ascii	"char\000"
 1863      00
 1864              	.LASF30:
 1865 032b 57617665 		.ascii	"WaveDAC8_Wave1Chan\000"
 1865      44414338 
 1865      5F576176 
 1865      65314368 
 1865      616E00
 1866              	.LASF37:
 1867 033e 57617665 		.ascii	"WaveDAC8_VDAC8_Enable\000"
 1867      44414338 
 1867      5F564441 
 1867      43385F45 
 1867      6E61626C 
 1868              	.LASF34:
 1869 0354 57617665 		.ascii	"WaveDAC8_initVar\000"
 1869      44414338 
 1869      5F696E69 
 1869      74566172 
 1869      00
 1870              	.LASF35:
 1871 0365 57617665 		.ascii	"WaveDAC8_wave1\000"
 1871      44414338 
 1871      5F776176 
 1871      653100
 1872              	.LASF36:
 1873 0374 57617665 		.ascii	"WaveDAC8_wave2\000"
 1873      44414338 
 1873      5F776176 
 1873      653200
 1874              	.LASF50:
 1875 0383 57617665 		.ascii	"WaveDAC8_VDAC8_SetSpeed\000"
ARM GAS  C:\Users\Ian\AppData\Local\Temp\cceQdx7E.s 			page 42


 1875      44414338 
 1875      5F564441 
 1875      43385F53 
 1875      65745370 
 1876              	.LASF51:
 1877 039b 57617665 		.ascii	"WaveDAC8_VDAC8_SetRange\000"
 1877      44414338 
 1877      5F564441 
 1877      43385F53 
 1877      65745261 
 1878              	.LASF4:
 1879 03b3 6C6F6E67 		.ascii	"long int\000"
 1879      20696E74 
 1879      00
 1880              	.LASF53:
 1881 03bc 2E5C4765 		.ascii	".\\Generated_Source\\PSoC5\\WaveDAC8.c\000"
 1881      6E657261 
 1881      7465645F 
 1881      536F7572 
 1881      63655C50 
 1882              	.LASF0:
 1883 03e0 7369676E 		.ascii	"signed char\000"
 1883      65642063 
 1883      68617200 
 1884              	.LASF27:
 1885 03ec 73616D70 		.ascii	"sampleSize1\000"
 1885      6C655369 
 1885      7A653100 
 1886              	.LASF41:
 1887 03f8 4379446D 		.ascii	"CyDmaChDisable\000"
 1887      61436844 
 1887      69736162 
 1887      6C6500
 1888              	.LASF43:
 1889 0407 57617665 		.ascii	"WaveDAC8_Wave1_DMA_DmaInitialize\000"
 1889      44414338 
 1889      5F576176 
 1889      65315F44 
 1889      4D415F44 
 1890              	.LASF38:
 1891 0428 57617665 		.ascii	"WaveDAC8_DacClk_Start\000"
 1891      44414338 
 1891      5F446163 
 1891      436C6B5F 
 1891      53746172 
 1892              	.LASF31:
 1893 043e 57617665 		.ascii	"WaveDAC8_Wave2Chan\000"
 1893      44414338 
 1893      5F576176 
 1893      65324368 
 1893      616E00
 1894              		.ident	"GCC: (GNU Tools for ARM Embedded Processors) 4.9.3 20150303 (release) [ARM/embedded-4_9-br
