Release 14.7 - xst P.20131013 (nt64)
Copyright (c) 1995-2013 Xilinx, Inc.  All rights reserved.
--> Parameter TMPDIR set to xst/projnav.tmp


Total REAL time to Xst completion: 0.00 secs
Total CPU time to Xst completion: 0.09 secs
 
--> Parameter xsthdpdir set to xst


Total REAL time to Xst completion: 0.00 secs
Total CPU time to Xst completion: 0.09 secs
 
--> Reading design: i2si_deserializer.prj

TABLE OF CONTENTS
  1) Synthesis Options Summary
  2) HDL Parsing
  3) HDL Elaboration
  4) HDL Synthesis
       4.1) HDL Synthesis Report
  5) Advanced HDL Synthesis
       5.1) Advanced HDL Synthesis Report
  6) Low Level Synthesis
  7) Partition Report
  8) Design Summary
       8.1) Primitive and Black Box Usage
       8.2) Device utilization summary
       8.3) Partition Resource Summary
       8.4) Timing Report
            8.4.1) Clock Information
            8.4.2) Asynchronous Control Signals Information
            8.4.3) Timing Summary
            8.4.4) Timing Details
            8.4.5) Cross Clock Domains Report


=========================================================================
*                      Synthesis Options Summary                        *
=========================================================================
---- Source Parameters
Input File Name                    : "i2si_deserializer.prj"
Ignore Synthesis Constraint File   : NO

---- Target Parameters
Output File Name                   : "i2si_deserializer"
Output Format                      : NGC
Target Device                      : xc7a100t-3-csg324

---- Source Options
Top Module Name                    : i2si_deserializer
Automatic FSM Extraction           : YES
FSM Encoding Algorithm             : Auto
Safe Implementation                : No
FSM Style                          : LUT
RAM Extraction                     : Yes
RAM Style                          : Auto
ROM Extraction                     : Yes
Shift Register Extraction          : YES
ROM Style                          : Auto
Resource Sharing                   : YES
Asynchronous To Synchronous        : NO
Shift Register Minimum Size        : 2
Use DSP Block                      : Auto
Automatic Register Balancing       : No

---- Target Options
LUT Combining                      : Auto
Reduce Control Sets                : Auto
Add IO Buffers                     : YES
Global Maximum Fanout              : 100000
Add Generic Clock Buffer(BUFG)     : 32
Register Duplication               : YES
Optimize Instantiated Primitives   : NO
Use Clock Enable                   : Auto
Use Synchronous Set                : Auto
Use Synchronous Reset              : Auto
Pack IO Registers into IOBs        : Auto
Equivalent register Removal        : YES

---- General Options
Optimization Goal                  : Speed
Optimization Effort                : 1
Power Reduction                    : NO
Keep Hierarchy                     : No
Netlist Hierarchy                  : As_Optimized
RTL Output                         : Yes
Global Optimization                : AllClockNets
Read Cores                         : YES
Write Timing Constraints           : NO
Cross Clock Analysis               : NO
Hierarchy Separator                : /
Bus Delimiter                      : <>
Case Specifier                     : Maintain
Slice Utilization Ratio            : 100
BRAM Utilization Ratio             : 100
DSP48 Utilization Ratio            : 100
Auto BRAM Packing                  : NO
Slice Utilization Ratio Delta      : 5

=========================================================================


=========================================================================
*                          HDL Parsing                                  *
=========================================================================
Analyzing Verilog file "C:\Users\kevin\Documents\GitHub\Chip-Design\proj_asic\rtl\i2si\deserializer\i2si_deserializer\i2si_deserializer.v" into library work
Parsing module <i2si_deserializer>.

=========================================================================
*                            HDL Elaboration                            *
=========================================================================

Elaborating module <i2si_deserializer>.

=========================================================================
*                           HDL Synthesis                               *
=========================================================================

Synthesizing Unit <i2si_deserializer>.
    Related source file is "C:\Users\kevin\Documents\GitHub\Chip-Design\proj_asic\rtl\i2si\deserializer\i2si_deserializer\i2si_deserializer.v".
        S0 = 1'b0
        S1 = 1'b1
    Found 4-bit register for signal <ws<3:0>>.
    Found 4-bit register for signal <sd>.
    Found 16-bit register for signal <i2si_lft>.
    Found 16-bit register for signal <i2si_rgt>.
    Found 2-bit register for signal <sck<1:0>>.
    Found 1-bit register for signal <i2si_sck_transition>.
    Found 1-bit register for signal <i2si_ws_transition>.
    Found 1-bit register for signal <state>.
    Found 1-bit register for signal <in_left>.
    Summary:
	inferred  46 D-type flip-flop(s).
Unit <i2si_deserializer> synthesized.

=========================================================================
HDL Synthesis Report

Macro Statistics
# Registers                                            : 9
 1-bit register                                        : 4
 16-bit register                                       : 2
 2-bit register                                        : 1
 4-bit register                                        : 2

=========================================================================

=========================================================================
*                       Advanced HDL Synthesis                          *
=========================================================================


=========================================================================
Advanced HDL Synthesis Report

Macro Statistics
# Registers                                            : 46
 Flip-Flops                                            : 46

=========================================================================

=========================================================================
*                         Low Level Synthesis                           *
=========================================================================

Optimizing unit <i2si_deserializer> ...

Mapping all equations...
Building and optimizing final netlist ...
Found area constraint ratio of 100 (+ 5) on block i2si_deserializer, actual ratio is 0.

Final Macro Processing ...

Processing Unit <i2si_deserializer> :
	Found 4-bit shift register for signal <sd_3>.
Unit <i2si_deserializer> processed.

=========================================================================
Final Register Report

Macro Statistics
# Registers                                            : 42
 Flip-Flops                                            : 42
# Shift Registers                                      : 1
 4-bit shift register                                  : 1

=========================================================================

=========================================================================
*                           Partition Report                            *
=========================================================================

Partition Implementation Status
-------------------------------

  No Partitions were found in this design.

-------------------------------

=========================================================================
*                            Design Summary                             *
=========================================================================

Top Level Output File Name         : i2si_deserializer.ngc

Primitive and Black Box Usage:
------------------------------
# BELS                             : 11
#      GND                         : 1
#      INV                         : 1
#      LUT2                        : 3
#      LUT3                        : 5
#      VCC                         : 1
# FlipFlops/Latches                : 47
#      FDC                         : 10
#      FDCE                        : 36
#      FDE                         : 1
# Shift Registers                  : 1
#      SRLC16E                     : 1
# Clock Buffers                    : 1
#      BUFGP                       : 1
# IO Buffers                       : 37
#      IBUF                        : 5
#      OBUF                        : 32

Device utilization summary:
---------------------------

Selected Device : 7a100tcsg324-3 


Slice Logic Utilization: 
 Number of Slice Registers:              47  out of  126800     0%  
 Number of Slice LUTs:                   10  out of  63400     0%  
    Number used as Logic:                 9  out of  63400     0%  
    Number used as Memory:                1  out of  19000     0%  
       Number used as SRL:                1

Slice Logic Distribution: 
 Number of LUT Flip Flop pairs used:     50
   Number with an unused Flip Flop:       3  out of     50     6%  
   Number with an unused LUT:            40  out of     50    80%  
   Number of fully used LUT-FF pairs:     7  out of     50    14%  
   Number of unique control sets:         5

IO Utilization: 
 Number of IOs:                          39
 Number of bonded IOBs:                  38  out of    210    18%  

Specific Feature Utilization:
 Number of BUFG/BUFGCTRLs:                1  out of     32     3%  

---------------------------
Partition Resource Summary:
---------------------------

  No Partitions were found in this design.

---------------------------


=========================================================================
Timing Report

NOTE: THESE TIMING NUMBERS ARE ONLY A SYNTHESIS ESTIMATE.
      FOR ACCURATE TIMING INFORMATION PLEASE REFER TO THE TRACE REPORT
      GENERATED AFTER PLACE-and-ROUTE.

Clock Information:
------------------
-----------------------------------+------------------------+-------+
Clock Signal                       | Clock buffer(FF name)  | Load  |
-----------------------------------+------------------------+-------+
clk                                | BUFGP                  | 48    |
-----------------------------------+------------------------+-------+

Asynchronous Control Signals Information:
----------------------------------------
No asynchronous control signals found in this design

Timing Summary:
---------------
Speed Grade: -3

   Minimum period: 1.422ns (Maximum Frequency: 703.235MHz)
   Minimum input arrival time before clock: 1.131ns
   Maximum output required time after clock: 0.645ns
   Maximum combinational path delay: No path found

Timing Details:
---------------
All values displayed in nanoseconds (ns)

=========================================================================
Timing constraint: Default period analysis for Clock 'clk'
  Clock period: 1.422ns (frequency: 703.235MHz)
  Total number of paths / destination ports: 148 / 76
-------------------------------------------------------------------------
Delay:               1.422ns (Levels of Logic = 1)
  Source:            state (FF)
  Destination:       i2si_lft_0 (FF)
  Source Clock:      clk rising
  Destination Clock: clk rising

  Data Path: state to i2si_lft_0
                                Gate     Net
    Cell:in->out      fanout   Delay   Delay  Logical Name (Net Name)
    ----------------------------------------  ------------
     FDC:C->Q              3   0.361   0.521  state (state)
     LUT3:I0->O           16   0.097   0.348  _n0056_inv1 (_n0056_inv)
     FDCE:CE                   0.095          i2si_lft_0
    ----------------------------------------
    Total                      1.422ns (0.553ns logic, 0.869ns route)
                                       (38.9% logic, 61.1% route)

=========================================================================
Timing constraint: Default OFFSET IN BEFORE for Clock 'clk'
  Total number of paths / destination ports: 50 / 50
-------------------------------------------------------------------------
Offset:              1.131ns (Levels of Logic = 2)
  Source:            rst (PAD)
  Destination:       sck_0 (FF)
  Destination Clock: clk rising

  Data Path: rst to sck_0
                                Gate     Net
    Cell:in->out      fanout   Delay   Delay  Logical Name (Net Name)
    ----------------------------------------  ------------
     IBUF:I->O             1   0.001   0.279  rst_IBUF (rst_IBUF)
     INV:I->O             46   0.113   0.388  rst_inv1_INV_0 (rst_inv)
     FDC:CLR                   0.349          sck_0
    ----------------------------------------
    Total                      1.131ns (0.463ns logic, 0.668ns route)
                                       (41.0% logic, 59.0% route)

=========================================================================
Timing constraint: Default OFFSET OUT AFTER for Clock 'clk'
  Total number of paths / destination ports: 32 / 32
-------------------------------------------------------------------------
Offset:              0.645ns (Levels of Logic = 1)
  Source:            i2si_lft_14 (FF)
  Destination:       i2si_lft<14> (PAD)
  Source Clock:      clk rising

  Data Path: i2si_lft_14 to i2si_lft<14>
                                Gate     Net
    Cell:in->out      fanout   Delay   Delay  Logical Name (Net Name)
    ----------------------------------------  ------------
     FDCE:C->Q             2   0.361   0.283  i2si_lft_14 (i2si_lft_14)
     OBUF:I->O                 0.000          i2si_lft_14_OBUF (i2si_lft<14>)
    ----------------------------------------
    Total                      0.645ns (0.361ns logic, 0.283ns route)
                                       (56.0% logic, 44.0% route)

=========================================================================

Cross Clock Domains Report:
--------------------------

Clock to Setup on destination clock clk
---------------+---------+---------+---------+---------+
               | Src:Rise| Src:Fall| Src:Rise| Src:Fall|
Source Clock   |Dest:Rise|Dest:Rise|Dest:Fall|Dest:Fall|
---------------+---------+---------+---------+---------+
clk            |    1.422|         |         |         |
---------------+---------+---------+---------+---------+

=========================================================================


Total REAL time to Xst completion: 9.00 secs
Total CPU time to Xst completion: 8.56 secs
 
--> 

Total memory usage is 446564 kilobytes

Number of errors   :    0 (   0 filtered)
Number of warnings :    0 (   0 filtered)
Number of infos    :    0 (   0 filtered)

