Release 14.7 Map P.20131013 (nt64)
Xilinx Mapping Report File for Design 'filter'

Design Information
------------------
Command Line   : map -intstyle ise -p xc3s500e-fg320-4 -cm area -ir off -pr off
-c 100 -o filter_map.ncd filter.ngd filter.pcf 
Target Device  : xc3s500e
Target Package : fg320
Target Speed   : -4
Mapper Version : spartan3e -- $Revision: 1.55 $
Mapped Date    : Thu Dec 03 08:56:17 2015

Design Summary
--------------
Number of errors:      0
Number of warnings:    0
Logic Utilization:
  Number of Slice Flip Flops:           167 out of   9,312    1%
  Number of 4 input LUTs:               195 out of   9,312    2%
Logic Distribution:
  Number of occupied Slices:            162 out of   4,656    3%
    Number of Slices containing only related logic:     162 out of     162 100%
    Number of Slices containing unrelated logic:          0 out of     162   0%
      *See NOTES below for an explanation of the effects of unrelated logic.
  Total Number of 4 input LUTs:         195 out of   9,312    2%
  Number of bonded IOBs:                164 out of     232   70%
  Number of BUFGMUXs:                     1 out of      24    4%
  Number of MULT18X18SIOs:                1 out of      20    5%

Average Fanout of Non-Clock Nets:                2.83

Peak Memory Usage:  266 MB
Total REAL time to MAP completion:  2 secs 
Total CPU time to MAP completion:   1 secs 

NOTES:

   Related logic is defined as being logic that shares connectivity - e.g. two
   LUTs are "related" if they share common inputs.  When assembling slices,
   Map gives priority to combine logic that is related.  Doing so results in
   the best timing performance.

   Unrelated logic shares no connectivity.  Map will only begin packing
   unrelated logic into a slice once 99% of the slices are occupied through
   related logic packing.

   Note that once logic distribution reaches the 99% level through related
   logic packing, this does not mean the device is completely utilized.
   Unrelated logic packing will then begin, continuing until all usable LUTs
   and FFs are occupied.  Depending on your timing budget, increased levels of
   unrelated logic packing may adversely affect the overall timing performance
   of your design.

Table of Contents
-----------------
Section 1 - Errors
Section 2 - Warnings
Section 3 - Informational
Section 4 - Removed Logic Summary
Section 5 - Removed Logic
Section 6 - IOB Properties
Section 7 - RPMs
Section 8 - Guide Report
Section 9 - Area Group and Partition Summary
Section 10 - Timing Report
Section 11 - Configuration String Information
Section 12 - Control Set Information
Section 13 - Utilization by Hierarchy

Section 1 - Errors
------------------

Section 2 - Warnings
--------------------

Section 3 - Informational
-------------------------
INFO:LIT:243 - Logical network aud_out_rtr has no load.
INFO:LIT:395 - The above info message is repeated 8067 more times for the
   following (max. 5 shown):
   aud_out_rts,
   rf_filter_clip_en,
   rf_filter_shift,
   rf_filter_coeff96_a<7>,
   rf_filter_coeff96_a<6>
   To see the details of these info messages, please use the -detail switch.
INFO:MapLib:562 - No environment variables are currently set.
INFO:LIT:244 - All of the single ended outputs in this design are using slew
   rate limited output drivers. The delay on speed critical single ended outputs
   can be dramatically reduced by designating them as fast outputs.

Section 4 - Removed Logic Summary
---------------------------------
   1 block(s) optimized away

Section 5 - Removed Logic
-------------------------

Optimized Block(s):
TYPE 		BLOCK
GND 		XST_GND

To enable printing of redundant blocks removed and signals merged, set the
detailed map report option and rerun map.

Section 6 - IOB Properties
--------------------------

+---------------------------------------------------------------------------------------------------------------------------------------------------------+
| IOB Name                           | Type             | Direction | IO Standard          | Diff  | Drive    | Slew | Reg (s)      | Resistor | IOB      |
|                                    |                  |           |                      | Term  | Strength | Rate |              |          | Delay    |
+---------------------------------------------------------------------------------------------------------------------------------------------------------+
| aud_in<0>                          | IBUF             | INPUT     | LVCMOS25             |       |          |      |              |          | 0 / 0    |
| aud_in<1>                          | IBUF             | INPUT     | LVCMOS25             |       |          |      |              |          | 0 / 0    |
| aud_in<2>                          | IBUF             | INPUT     | LVCMOS25             |       |          |      |              |          | 0 / 0    |
| aud_in<3>                          | IBUF             | INPUT     | LVCMOS25             |       |          |      |              |          | 0 / 0    |
| aud_in<4>                          | IBUF             | INPUT     | LVCMOS25             |       |          |      |              |          | 0 / 0    |
| aud_in<5>                          | IBUF             | INPUT     | LVCMOS25             |       |          |      |              |          | 0 / 0    |
| aud_in<6>                          | IBUF             | INPUT     | LVCMOS25             |       |          |      |              |          | 0 / 0    |
| aud_in<7>                          | IBUF             | INPUT     | LVCMOS25             |       |          |      |              |          | 0 / 0    |
| aud_in<8>                          | IBUF             | INPUT     | LVCMOS25             |       |          |      |              |          | 0 / 0    |
| aud_in<9>                          | IBUF             | INPUT     | LVCMOS25             |       |          |      |              |          | 0 / 0    |
| aud_in<10>                         | IBUF             | INPUT     | LVCMOS25             |       |          |      |              |          | 0 / 0    |
| aud_in<11>                         | IBUF             | INPUT     | LVCMOS25             |       |          |      |              |          | 0 / 0    |
| aud_in<12>                         | IBUF             | INPUT     | LVCMOS25             |       |          |      |              |          | 0 / 0    |
| aud_in<13>                         | IBUF             | INPUT     | LVCMOS25             |       |          |      |              |          | 0 / 0    |
| aud_in<14>                         | IBUF             | INPUT     | LVCMOS25             |       |          |      |              |          | 0 / 0    |
| aud_in<15>                         | IBUF             | INPUT     | LVCMOS25             |       |          |      |              |          | 0 / 0    |
| aud_in_rtr                         | IOB              | OUTPUT    | LVCMOS25             |       | 12       | SLOW |              |          | 0 / 0    |
| aud_in_rts                         | IBUF             | INPUT     | LVCMOS25             |       |          |      |              |          | 0 / 0    |
| aud_out<0>                         | IOB              | OUTPUT    | LVCMOS25             |       | 12       | SLOW |              |          | 0 / 0    |
| aud_out<1>                         | IOB              | OUTPUT    | LVCMOS25             |       | 12       | SLOW |              |          | 0 / 0    |
| aud_out<2>                         | IOB              | OUTPUT    | LVCMOS25             |       | 12       | SLOW |              |          | 0 / 0    |
| aud_out<3>                         | IOB              | OUTPUT    | LVCMOS25             |       | 12       | SLOW |              |          | 0 / 0    |
| aud_out<4>                         | IOB              | OUTPUT    | LVCMOS25             |       | 12       | SLOW |              |          | 0 / 0    |
| aud_out<5>                         | IOB              | OUTPUT    | LVCMOS25             |       | 12       | SLOW |              |          | 0 / 0    |
| aud_out<6>                         | IOB              | OUTPUT    | LVCMOS25             |       | 12       | SLOW |              |          | 0 / 0    |
| aud_out<7>                         | IOB              | OUTPUT    | LVCMOS25             |       | 12       | SLOW |              |          | 0 / 0    |
| aud_out<8>                         | IOB              | OUTPUT    | LVCMOS25             |       | 12       | SLOW |              |          | 0 / 0    |
| aud_out<9>                         | IOB              | OUTPUT    | LVCMOS25             |       | 12       | SLOW |              |          | 0 / 0    |
| aud_out<10>                        | IOB              | OUTPUT    | LVCMOS25             |       | 12       | SLOW |              |          | 0 / 0    |
| aud_out<11>                        | IOB              | OUTPUT    | LVCMOS25             |       | 12       | SLOW |              |          | 0 / 0    |
| aud_out<12>                        | IOB              | OUTPUT    | LVCMOS25             |       | 12       | SLOW |              |          | 0 / 0    |
| aud_out<13>                        | IOB              | OUTPUT    | LVCMOS25             |       | 12       | SLOW |              |          | 0 / 0    |
| aud_out<14>                        | IOB              | OUTPUT    | LVCMOS25             |       | 12       | SLOW |              |          | 0 / 0    |
| aud_out<15>                        | IOB              | OUTPUT    | LVCMOS25             |       | 12       | SLOW |              |          | 0 / 0    |
| clk                                | IBUF             | INPUT     | LVCMOS25             |       |          |      |              |          | 0 / 0    |
| rf_filter_coeff0_a<0>              | IBUF             | INPUT     | LVCMOS25             |       |          |      |              |          | 0 / 0    |
| rf_filter_coeff0_a<1>              | IBUF             | INPUT     | LVCMOS25             |       |          |      |              |          | 0 / 0    |
| rf_filter_coeff0_a<2>              | IBUF             | INPUT     | LVCMOS25             |       |          |      |              |          | 0 / 0    |
| rf_filter_coeff0_a<3>              | IBUF             | INPUT     | LVCMOS25             |       |          |      |              |          | 0 / 0    |
| rf_filter_coeff0_a<4>              | IBUF             | INPUT     | LVCMOS25             |       |          |      |              |          | 0 / 0    |
| rf_filter_coeff0_a<5>              | IBUF             | INPUT     | LVCMOS25             |       |          |      |              |          | 0 / 0    |
| rf_filter_coeff0_a<6>              | IBUF             | INPUT     | LVCMOS25             |       |          |      |              |          | 0 / 0    |
| rf_filter_coeff0_a<7>              | IBUF             | INPUT     | LVCMOS25             |       |          |      |              |          | 0 / 0    |
| rf_filter_coeff0_b<0>              | IBUF             | INPUT     | LVCMOS25             |       |          |      |              |          | 0 / 0    |
| rf_filter_coeff0_b<1>              | IBUF             | INPUT     | LVCMOS25             |       |          |      |              |          | 0 / 0    |
| rf_filter_coeff0_b<2>              | IBUF             | INPUT     | LVCMOS25             |       |          |      |              |          | 0 / 0    |
| rf_filter_coeff0_b<3>              | IBUF             | INPUT     | LVCMOS25             |       |          |      |              |          | 0 / 0    |
| rf_filter_coeff0_b<4>              | IBUF             | INPUT     | LVCMOS25             |       |          |      |              |          | 0 / 0    |
| rf_filter_coeff0_b<5>              | IBUF             | INPUT     | LVCMOS25             |       |          |      |              |          | 0 / 0    |
| rf_filter_coeff0_b<6>              | IBUF             | INPUT     | LVCMOS25             |       |          |      |              |          | 0 / 0    |
| rf_filter_coeff0_b<7>              | IBUF             | INPUT     | LVCMOS25             |       |          |      |              |          | 0 / 0    |
| rf_filter_coeff1_a<0>              | IBUF             | INPUT     | LVCMOS25             |       |          |      |              |          | 0 / 0    |
| rf_filter_coeff1_a<1>              | IBUF             | INPUT     | LVCMOS25             |       |          |      |              |          | 0 / 0    |
| rf_filter_coeff1_a<2>              | IBUF             | INPUT     | LVCMOS25             |       |          |      |              |          | 0 / 0    |
| rf_filter_coeff1_a<3>              | IBUF             | INPUT     | LVCMOS25             |       |          |      |              |          | 0 / 0    |
| rf_filter_coeff1_a<4>              | IBUF             | INPUT     | LVCMOS25             |       |          |      |              |          | 0 / 0    |
| rf_filter_coeff1_a<5>              | IBUF             | INPUT     | LVCMOS25             |       |          |      |              |          | 0 / 0    |
| rf_filter_coeff1_a<6>              | IBUF             | INPUT     | LVCMOS25             |       |          |      |              |          | 0 / 0    |
| rf_filter_coeff1_a<7>              | IBUF             | INPUT     | LVCMOS25             |       |          |      |              |          | 0 / 0    |
| rf_filter_coeff1_b<0>              | IBUF             | INPUT     | LVCMOS25             |       |          |      |              |          | 0 / 0    |
| rf_filter_coeff1_b<1>              | IBUF             | INPUT     | LVCMOS25             |       |          |      |              |          | 0 / 0    |
| rf_filter_coeff1_b<2>              | IBUF             | INPUT     | LVCMOS25             |       |          |      |              |          | 0 / 0    |
| rf_filter_coeff1_b<3>              | IBUF             | INPUT     | LVCMOS25             |       |          |      |              |          | 0 / 0    |
| rf_filter_coeff1_b<4>              | IBUF             | INPUT     | LVCMOS25             |       |          |      |              |          | 0 / 0    |
| rf_filter_coeff1_b<5>              | IBUF             | INPUT     | LVCMOS25             |       |          |      |              |          | 0 / 0    |
| rf_filter_coeff1_b<6>              | IBUF             | INPUT     | LVCMOS25             |       |          |      |              |          | 0 / 0    |
| rf_filter_coeff1_b<7>              | IBUF             | INPUT     | LVCMOS25             |       |          |      |              |          | 0 / 0    |
| rf_filter_coeff2_a<0>              | IBUF             | INPUT     | LVCMOS25             |       |          |      |              |          | 0 / 0    |
| rf_filter_coeff2_a<1>              | IBUF             | INPUT     | LVCMOS25             |       |          |      |              |          | 0 / 0    |
| rf_filter_coeff2_a<2>              | IBUF             | INPUT     | LVCMOS25             |       |          |      |              |          | 0 / 0    |
| rf_filter_coeff2_a<3>              | IBUF             | INPUT     | LVCMOS25             |       |          |      |              |          | 0 / 0    |
| rf_filter_coeff2_a<4>              | IBUF             | INPUT     | LVCMOS25             |       |          |      |              |          | 0 / 0    |
| rf_filter_coeff2_a<5>              | IBUF             | INPUT     | LVCMOS25             |       |          |      |              |          | 0 / 0    |
| rf_filter_coeff2_a<6>              | IBUF             | INPUT     | LVCMOS25             |       |          |      |              |          | 0 / 0    |
| rf_filter_coeff2_a<7>              | IBUF             | INPUT     | LVCMOS25             |       |          |      |              |          | 0 / 0    |
| rf_filter_coeff2_b<0>              | IBUF             | INPUT     | LVCMOS25             |       |          |      |              |          | 0 / 0    |
| rf_filter_coeff2_b<1>              | IBUF             | INPUT     | LVCMOS25             |       |          |      |              |          | 0 / 0    |
| rf_filter_coeff2_b<2>              | IBUF             | INPUT     | LVCMOS25             |       |          |      |              |          | 0 / 0    |
| rf_filter_coeff2_b<3>              | IBUF             | INPUT     | LVCMOS25             |       |          |      |              |          | 0 / 0    |
| rf_filter_coeff2_b<4>              | IBUF             | INPUT     | LVCMOS25             |       |          |      |              |          | 0 / 0    |
| rf_filter_coeff2_b<5>              | IBUF             | INPUT     | LVCMOS25             |       |          |      |              |          | 0 / 0    |
| rf_filter_coeff2_b<6>              | IBUF             | INPUT     | LVCMOS25             |       |          |      |              |          | 0 / 0    |
| rf_filter_coeff2_b<7>              | IBUF             | INPUT     | LVCMOS25             |       |          |      |              |          | 0 / 0    |
| rf_filter_coeff3_a<0>              | IBUF             | INPUT     | LVCMOS25             |       |          |      |              |          | 0 / 0    |
| rf_filter_coeff3_a<1>              | IBUF             | INPUT     | LVCMOS25             |       |          |      |              |          | 0 / 0    |
| rf_filter_coeff3_a<2>              | IBUF             | INPUT     | LVCMOS25             |       |          |      |              |          | 0 / 0    |
| rf_filter_coeff3_a<3>              | IBUF             | INPUT     | LVCMOS25             |       |          |      |              |          | 0 / 0    |
| rf_filter_coeff3_a<4>              | IBUF             | INPUT     | LVCMOS25             |       |          |      |              |          | 0 / 0    |
| rf_filter_coeff3_a<5>              | IBUF             | INPUT     | LVCMOS25             |       |          |      |              |          | 0 / 0    |
| rf_filter_coeff3_a<6>              | IBUF             | INPUT     | LVCMOS25             |       |          |      |              |          | 0 / 0    |
| rf_filter_coeff3_a<7>              | IBUF             | INPUT     | LVCMOS25             |       |          |      |              |          | 0 / 0    |
| rf_filter_coeff3_b<0>              | IBUF             | INPUT     | LVCMOS25             |       |          |      |              |          | 0 / 0    |
| rf_filter_coeff3_b<1>              | IBUF             | INPUT     | LVCMOS25             |       |          |      |              |          | 0 / 0    |
| rf_filter_coeff3_b<2>              | IBUF             | INPUT     | LVCMOS25             |       |          |      |              |          | 0 / 0    |
| rf_filter_coeff3_b<3>              | IBUF             | INPUT     | LVCMOS25             |       |          |      |              |          | 0 / 0    |
| rf_filter_coeff3_b<4>              | IBUF             | INPUT     | LVCMOS25             |       |          |      |              |          | 0 / 0    |
| rf_filter_coeff3_b<5>              | IBUF             | INPUT     | LVCMOS25             |       |          |      |              |          | 0 / 0    |
| rf_filter_coeff3_b<6>              | IBUF             | INPUT     | LVCMOS25             |       |          |      |              |          | 0 / 0    |
| rf_filter_coeff3_b<7>              | IBUF             | INPUT     | LVCMOS25             |       |          |      |              |          | 0 / 0    |
| rf_filter_coeff4_a<0>              | IBUF             | INPUT     | LVCMOS25             |       |          |      |              |          | 0 / 0    |
| rf_filter_coeff4_a<1>              | IBUF             | INPUT     | LVCMOS25             |       |          |      |              |          | 0 / 0    |
| rf_filter_coeff4_a<2>              | IBUF             | INPUT     | LVCMOS25             |       |          |      |              |          | 0 / 0    |
| rf_filter_coeff4_a<3>              | IBUF             | INPUT     | LVCMOS25             |       |          |      |              |          | 0 / 0    |
| rf_filter_coeff4_a<4>              | IBUF             | INPUT     | LVCMOS25             |       |          |      |              |          | 0 / 0    |
| rf_filter_coeff4_a<5>              | IBUF             | INPUT     | LVCMOS25             |       |          |      |              |          | 0 / 0    |
| rf_filter_coeff4_a<6>              | IBUF             | INPUT     | LVCMOS25             |       |          |      |              |          | 0 / 0    |
| rf_filter_coeff4_a<7>              | IBUF             | INPUT     | LVCMOS25             |       |          |      |              |          | 0 / 0    |
| rf_filter_coeff4_b<0>              | IBUF             | INPUT     | LVCMOS25             |       |          |      |              |          | 0 / 0    |
| rf_filter_coeff4_b<1>              | IBUF             | INPUT     | LVCMOS25             |       |          |      |              |          | 0 / 0    |
| rf_filter_coeff4_b<2>              | IBUF             | INPUT     | LVCMOS25             |       |          |      |              |          | 0 / 0    |
| rf_filter_coeff4_b<3>              | IBUF             | INPUT     | LVCMOS25             |       |          |      |              |          | 0 / 0    |
| rf_filter_coeff4_b<4>              | IBUF             | INPUT     | LVCMOS25             |       |          |      |              |          | 0 / 0    |
| rf_filter_coeff4_b<5>              | IBUF             | INPUT     | LVCMOS25             |       |          |      |              |          | 0 / 0    |
| rf_filter_coeff4_b<6>              | IBUF             | INPUT     | LVCMOS25             |       |          |      |              |          | 0 / 0    |
| rf_filter_coeff4_b<7>              | IBUF             | INPUT     | LVCMOS25             |       |          |      |              |          | 0 / 0    |
| rf_filter_coeff5_a<0>              | IBUF             | INPUT     | LVCMOS25             |       |          |      |              |          | 0 / 0    |
| rf_filter_coeff5_a<1>              | IBUF             | INPUT     | LVCMOS25             |       |          |      |              |          | 0 / 0    |
| rf_filter_coeff5_a<2>              | IBUF             | INPUT     | LVCMOS25             |       |          |      |              |          | 0 / 0    |
| rf_filter_coeff5_a<3>              | IBUF             | INPUT     | LVCMOS25             |       |          |      |              |          | 0 / 0    |
| rf_filter_coeff5_a<4>              | IBUF             | INPUT     | LVCMOS25             |       |          |      |              |          | 0 / 0    |
| rf_filter_coeff5_a<5>              | IBUF             | INPUT     | LVCMOS25             |       |          |      |              |          | 0 / 0    |
| rf_filter_coeff5_a<6>              | IBUF             | INPUT     | LVCMOS25             |       |          |      |              |          | 0 / 0    |
| rf_filter_coeff5_a<7>              | IBUF             | INPUT     | LVCMOS25             |       |          |      |              |          | 0 / 0    |
| rf_filter_coeff5_b<0>              | IBUF             | INPUT     | LVCMOS25             |       |          |      |              |          | 0 / 0    |
| rf_filter_coeff5_b<1>              | IBUF             | INPUT     | LVCMOS25             |       |          |      |              |          | 0 / 0    |
| rf_filter_coeff5_b<2>              | IBUF             | INPUT     | LVCMOS25             |       |          |      |              |          | 0 / 0    |
| rf_filter_coeff5_b<3>              | IBUF             | INPUT     | LVCMOS25             |       |          |      |              |          | 0 / 0    |
| rf_filter_coeff5_b<4>              | IBUF             | INPUT     | LVCMOS25             |       |          |      |              |          | 0 / 0    |
| rf_filter_coeff5_b<5>              | IBUF             | INPUT     | LVCMOS25             |       |          |      |              |          | 0 / 0    |
| rf_filter_coeff5_b<6>              | IBUF             | INPUT     | LVCMOS25             |       |          |      |              |          | 0 / 0    |
| rf_filter_coeff5_b<7>              | IBUF             | INPUT     | LVCMOS25             |       |          |      |              |          | 0 / 0    |
| rf_filter_coeff6_a<0>              | IBUF             | INPUT     | LVCMOS25             |       |          |      |              |          | 0 / 0    |
| rf_filter_coeff6_a<1>              | IBUF             | INPUT     | LVCMOS25             |       |          |      |              |          | 0 / 0    |
| rf_filter_coeff6_a<2>              | IBUF             | INPUT     | LVCMOS25             |       |          |      |              |          | 0 / 0    |
| rf_filter_coeff6_a<3>              | IBUF             | INPUT     | LVCMOS25             |       |          |      |              |          | 0 / 0    |
| rf_filter_coeff6_a<4>              | IBUF             | INPUT     | LVCMOS25             |       |          |      |              |          | 0 / 0    |
| rf_filter_coeff6_a<5>              | IBUF             | INPUT     | LVCMOS25             |       |          |      |              |          | 0 / 0    |
| rf_filter_coeff6_a<6>              | IBUF             | INPUT     | LVCMOS25             |       |          |      |              |          | 0 / 0    |
| rf_filter_coeff6_a<7>              | IBUF             | INPUT     | LVCMOS25             |       |          |      |              |          | 0 / 0    |
| rf_filter_coeff6_b<0>              | IBUF             | INPUT     | LVCMOS25             |       |          |      |              |          | 0 / 0    |
| rf_filter_coeff6_b<1>              | IBUF             | INPUT     | LVCMOS25             |       |          |      |              |          | 0 / 0    |
| rf_filter_coeff6_b<2>              | IBUF             | INPUT     | LVCMOS25             |       |          |      |              |          | 0 / 0    |
| rf_filter_coeff6_b<3>              | IBUF             | INPUT     | LVCMOS25             |       |          |      |              |          | 0 / 0    |
| rf_filter_coeff6_b<4>              | IBUF             | INPUT     | LVCMOS25             |       |          |      |              |          | 0 / 0    |
| rf_filter_coeff6_b<5>              | IBUF             | INPUT     | LVCMOS25             |       |          |      |              |          | 0 / 0    |
| rf_filter_coeff6_b<6>              | IBUF             | INPUT     | LVCMOS25             |       |          |      |              |          | 0 / 0    |
| rf_filter_coeff6_b<7>              | IBUF             | INPUT     | LVCMOS25             |       |          |      |              |          | 0 / 0    |
| rf_filter_coeff7_a<0>              | IBUF             | INPUT     | LVCMOS25             |       |          |      |              |          | 0 / 0    |
| rf_filter_coeff7_a<1>              | IBUF             | INPUT     | LVCMOS25             |       |          |      |              |          | 0 / 0    |
| rf_filter_coeff7_a<2>              | IBUF             | INPUT     | LVCMOS25             |       |          |      |              |          | 0 / 0    |
| rf_filter_coeff7_a<3>              | IBUF             | INPUT     | LVCMOS25             |       |          |      |              |          | 0 / 0    |
| rf_filter_coeff7_a<4>              | IBUF             | INPUT     | LVCMOS25             |       |          |      |              |          | 0 / 0    |
| rf_filter_coeff7_a<5>              | IBUF             | INPUT     | LVCMOS25             |       |          |      |              |          | 0 / 0    |
| rf_filter_coeff7_a<6>              | IBUF             | INPUT     | LVCMOS25             |       |          |      |              |          | 0 / 0    |
| rf_filter_coeff7_a<7>              | IBUF             | INPUT     | LVCMOS25             |       |          |      |              |          | 0 / 0    |
| rf_filter_coeff7_b<0>              | IBUF             | INPUT     | LVCMOS25             |       |          |      |              |          | 0 / 0    |
| rf_filter_coeff7_b<1>              | IBUF             | INPUT     | LVCMOS25             |       |          |      |              |          | 0 / 0    |
| rf_filter_coeff7_b<2>              | IBUF             | INPUT     | LVCMOS25             |       |          |      |              |          | 0 / 0    |
| rf_filter_coeff7_b<3>              | IBUF             | INPUT     | LVCMOS25             |       |          |      |              |          | 0 / 0    |
| rf_filter_coeff7_b<4>              | IBUF             | INPUT     | LVCMOS25             |       |          |      |              |          | 0 / 0    |
| rf_filter_coeff7_b<5>              | IBUF             | INPUT     | LVCMOS25             |       |          |      |              |          | 0 / 0    |
| rf_filter_coeff7_b<6>              | IBUF             | INPUT     | LVCMOS25             |       |          |      |              |          | 0 / 0    |
| rf_filter_coeff7_b<7>              | IBUF             | INPUT     | LVCMOS25             |       |          |      |              |          | 0 / 0    |
| rstb                               | IBUF             | INPUT     | LVCMOS25             |       |          |      |              |          | 0 / 0    |
+---------------------------------------------------------------------------------------------------------------------------------------------------------+

Section 7 - RPMs
----------------

Section 8 - Guide Report
------------------------
Guide not run on this design.

Section 9 - Area Group and Partition Summary
--------------------------------------------

Partition Implementation Status
-------------------------------

  No Partitions were found in this design.

-------------------------------

Area Group Information
----------------------

  No area groups were found in this design.

----------------------

Section 10 - Timing Report
--------------------------
This design was not run using timing mode.

Section 11 - Configuration String Details
-----------------------------------------
Use the "-detail" map option to print out Configuration Strings

Section 12 - Control Set Information
------------------------------------
No control set information for this architecture.

Section 13 - Utilization by Hierarchy
-------------------------------------
Use the "-detail" map option to print out the Utilization by Hierarchy section.
