Running: C:\Xilinx\14.7\ISE_DS\ISE\bin\nt64\unwrapped\fuse.exe -intstyle ise -incremental -lib unisims_ver -lib unimacro_ver -lib xilinxcorelib_ver -lib secureip -o C:/Users/kevin/Documents/GitHub/Chip-Design/proj_asic/rtl/Project without i2c/no_i2c_chip_test_isim_beh.exe -prj C:/Users/kevin/Documents/GitHub/Chip-Design/proj_asic/rtl/Project without i2c/no_i2c_chip_test_beh.prj work.no_i2c_chip_test work.glbl 
ISim P.20131013 (signature 0x7708f090)
Number of CPUs detected in this system: 6
Turning on mult-threading, number of parallel sub-compilation jobs: 12 
Determining compilation order of HDL files
Analyzing Verilog file "C:/Users/kevin/Documents/GitHub/Chip-Design/proj_asic/rtl/Project without i2c/filter_storage.v" into library work
Analyzing Verilog file "C:/Users/kevin/Documents/GitHub/Chip-Design/proj_asic/rtl/Project without i2c/trig_generator.v" into library work
Analyzing Verilog file "C:/Users/kevin/Documents/GitHub/Chip-Design/proj_asic/rtl/Project without i2c/synchronizer.v" into library work
Analyzing Verilog file "C:/Users/kevin/Documents/GitHub/Chip-Design/proj_asic/rtl/Project without i2c/register.v" into library work
Analyzing Verilog file "C:/Users/kevin/Documents/GitHub/Chip-Design/proj_asic/rtl/Project without i2c/i2so_serializer.v" into library work
Analyzing Verilog file "C:/Users/kevin/Documents/GitHub/Chip-Design/proj_asic/rtl/Project without i2c/i2si_mux.v" into library work
Analyzing Verilog file "C:/Users/kevin/Documents/GitHub/Chip-Design/proj_asic/rtl/Project without i2c/i2si_deserializer.v" into library work
Analyzing Verilog file "C:/Users/kevin/Documents/GitHub/Chip-Design/proj_asic/rtl/Project without i2c/i2si_bist_gen.v" into library work
Analyzing Verilog file "C:/Users/kevin/Documents/GitHub/Chip-Design/proj_asic/rtl/Project without i2c/filter_stm.v" into library work
Analyzing Verilog file "C:/Users/kevin/Documents/GitHub/Chip-Design/proj_asic/rtl/Project without i2c/filter_round_truncate.v" into library work
Analyzing Verilog file "C:/Users/kevin/Documents/GitHub/Chip-Design/proj_asic/rtl/Project without i2c/filter_mux.v" into library work
Analyzing Verilog file "C:/Users/kevin/Documents/GitHub/Chip-Design/proj_asic/rtl/Project without i2c/filter_accumulator.v" into library work
Analyzing Verilog file "C:/Users/kevin/Documents/GitHub/Chip-Design/proj_asic/rtl/Project without i2c/fifo.v" into library work
Analyzing Verilog file "C:/Users/kevin/Documents/GitHub/Chip-Design/proj_asic/rtl/Project without i2c/i2s_out.v" into library work
Analyzing Verilog file "C:/Users/kevin/Documents/GitHub/Chip-Design/proj_asic/rtl/Project without i2c/i2s_in.v" into library work
Analyzing Verilog file "C:/Users/kevin/Documents/GitHub/Chip-Design/proj_asic/rtl/Project without i2c/filter.v" into library work
Analyzing Verilog file "C:/Users/kevin/Documents/GitHub/Chip-Design/proj_asic/rtl/Project without i2c/chip_reg.v" into library work
Analyzing Verilog file "C:/Users/kevin/Documents/GitHub/Chip-Design/proj_asic/rtl/Project without i2c/chip.v" into library work
Analyzing Verilog file "C:/Users/kevin/Documents/GitHub/Chip-Design/proj_asic/rtl/Project without i2c/no_i2c_chip_test.v" into library work
Analyzing Verilog file "C:/Xilinx/14.7/ISE_DS/ISE//verilog/src/glbl.v" into library work
Starting static elaboration
Completed static elaboration
Compiling module synchronizer
Compiling module i2si_deserializer
Compiling module i2si_bist_gen
Compiling module i2si_mux
Compiling module fifo
Compiling module i2s_in
Compiling module i2so_serializer
Compiling module i2s_out
Compiling module filter_storage
Compiling module filter_stm
Compiling module filter_accumulator
Compiling module filter_round_truncate
Compiling module filter_mux
Compiling module filter
Compiling module register
Compiling module trig_generator
Compiling module chip_reg
Compiling module chip
Compiling module no_i2c_chip_test
Compiling module glbl
Time Resolution for simulation is 1ps.
Waiting for 4 sub-compilation(s) to finish...
Compiled 20 Verilog Units
Built simulation executable C:/Users/kevin/Documents/GitHub/Chip-Design/proj_asic/rtl/Project without i2c/no_i2c_chip_test_isim_beh.exe
Fuse Memory Usage: 45216 KB
Fuse CPU Usage: 1512 ms
