Release 14.7 - xst P.20131013 (nt64)
Copyright (c) 1995-2013 Xilinx, Inc.  All rights reserved.
--> Parameter TMPDIR set to xst/projnav.tmp


Total REAL time to Xst completion: 0.00 secs
Total CPU time to Xst completion: 0.40 secs
 
--> Parameter xsthdpdir set to xst


Total REAL time to Xst completion: 0.00 secs
Total CPU time to Xst completion: 0.40 secs
 
--> Reading design: fifo.prj

TABLE OF CONTENTS
  1) Synthesis Options Summary
  2) HDL Compilation
  3) Design Hierarchy Analysis
  4) HDL Analysis
  5) HDL Synthesis
     5.1) HDL Synthesis Report
  6) Advanced HDL Synthesis
     6.1) Advanced HDL Synthesis Report
  7) Low Level Synthesis
  8) Partition Report
  9) Final Report
	9.1) Device utilization summary
	9.2) Partition Resource Summary
	9.3) TIMING REPORT


=========================================================================
*                      Synthesis Options Summary                        *
=========================================================================
---- Source Parameters
Input File Name                    : "fifo.prj"
Input Format                       : mixed
Ignore Synthesis Constraint File   : NO

---- Target Parameters
Output File Name                   : "fifo"
Output Format                      : NGC
Target Device                      : xc3s100e-5-vq100

---- Source Options
Top Module Name                    : fifo
Automatic FSM Extraction           : YES
FSM Encoding Algorithm             : Auto
Safe Implementation                : No
FSM Style                          : LUT
RAM Extraction                     : Yes
RAM Style                          : Auto
ROM Extraction                     : Yes
Mux Style                          : Auto
Decoder Extraction                 : YES
Priority Encoder Extraction        : Yes
Shift Register Extraction          : YES
Logical Shifter Extraction         : YES
XOR Collapsing                     : YES
ROM Style                          : Auto
Mux Extraction                     : Yes
Resource Sharing                   : YES
Asynchronous To Synchronous        : NO
Multiplier Style                   : Auto
Automatic Register Balancing       : No

---- Target Options
Add IO Buffers                     : YES
Global Maximum Fanout              : 100000
Add Generic Clock Buffer(BUFG)     : 24
Register Duplication               : YES
Slice Packing                      : YES
Optimize Instantiated Primitives   : NO
Use Clock Enable                   : Yes
Use Synchronous Set                : Yes
Use Synchronous Reset              : Yes
Pack IO Registers into IOBs        : Auto
Equivalent register Removal        : YES

---- General Options
Optimization Goal                  : Speed
Optimization Effort                : 1
Keep Hierarchy                     : No
Netlist Hierarchy                  : As_Optimized
RTL Output                         : Yes
Global Optimization                : AllClockNets
Read Cores                         : YES
Write Timing Constraints           : NO
Cross Clock Analysis               : NO
Hierarchy Separator                : /
Bus Delimiter                      : <>
Case Specifier                     : Maintain
Slice Utilization Ratio            : 100
BRAM Utilization Ratio             : 100
Verilog 2001                       : YES
Auto BRAM Packing                  : NO
Slice Utilization Ratio Delta      : 5

=========================================================================


=========================================================================
*                          HDL Compilation                              *
=========================================================================
Compiling verilog file "fifo.v" in library work
Module <fifo> compiled
No errors in compilation
Analysis of file <"fifo.prj"> succeeded.
 

=========================================================================
*                     Design Hierarchy Analysis                         *
=========================================================================
Analyzing hierarchy for module <fifo> in library <work>.


=========================================================================
*                            HDL Analysis                               *
=========================================================================
Analyzing top module <fifo>.
Module <fifo> is correct for synthesis.
 

=========================================================================
*                           HDL Synthesis                               *
=========================================================================

Performing bidirectional port resolution...

Synthesizing Unit <fifo>.
    Related source file is "fifo.v".
    Found 4-bit updown counter for signal <fifo_counter>.
    Found 8-bit register for signal <fifo_out_data>.
    Found 8-bit 8-to-1 multiplexer for signal <$varindex0000> created at line 50.
    Found 64-bit register for signal <buf_mem>.
    Found 3-bit up counter for signal <rd_ptr>.
    Found 3-bit up counter for signal <wr_ptr>.
    Summary:
	inferred   3 Counter(s).
	inferred  72 D-type flip-flop(s).
	inferred  16 Multiplexer(s).
Unit <fifo> synthesized.


=========================================================================
HDL Synthesis Report

Macro Statistics
# Counters                                             : 3
 3-bit up counter                                      : 2
 4-bit updown counter                                  : 1
# Registers                                            : 9
 8-bit register                                        : 9
# Multiplexers                                         : 2
 8-bit 8-to-1 multiplexer                              : 2

=========================================================================

=========================================================================
*                       Advanced HDL Synthesis                          *
=========================================================================


=========================================================================
Advanced HDL Synthesis Report

Macro Statistics
# Counters                                             : 3
 3-bit up counter                                      : 2
 4-bit updown counter                                  : 1
# Registers                                            : 72
 Flip-Flops                                            : 72
# Multiplexers                                         : 16
 1-bit 8-to-1 multiplexer                              : 16

=========================================================================

=========================================================================
*                         Low Level Synthesis                           *
=========================================================================

Optimizing unit <fifo> ...

Mapping all equations...
Building and optimizing final netlist ...
Found area constraint ratio of 100 (+ 5) on block fifo, actual ratio is 8.

Final Macro Processing ...

=========================================================================
Final Register Report

Macro Statistics
# Registers                                            : 82
 Flip-Flops                                            : 82

=========================================================================

=========================================================================
*                           Partition Report                            *
=========================================================================

Partition Implementation Status
-------------------------------

  No Partitions were found in this design.

-------------------------------

=========================================================================
*                            Final Report                               *
=========================================================================
Final Results
RTL Top Level Output File Name     : fifo.ngr
Top Level Output File Name         : fifo
Output Format                      : NGC
Optimization Goal                  : Speed
Keep Hierarchy                     : No

Design Statistics
# IOs                              : 26

Cell Usage :
# BELS                             : 150
#      INV                         : 3
#      LUT2                        : 2
#      LUT2_L                      : 1
#      LUT3                        : 86
#      LUT3_D                      : 2
#      LUT3_L                      : 1
#      LUT4                        : 6
#      MUXF5                       : 33
#      MUXF6                       : 16
# FlipFlops/Latches                : 82
#      FDCE                        : 18
#      FDE                         : 64
# Clock Buffers                    : 1
#      BUFGP                       : 1
# IO Buffers                       : 25
#      IBUF                        : 11
#      OBUF                        : 14
=========================================================================

Device utilization summary:
---------------------------

Selected Device : 3s100evq100-5 

 Number of Slices:                       77  out of    960     8%  
 Number of Slice Flip Flops:             82  out of   1920     4%  
 Number of 4 input LUTs:                101  out of   1920     5%  
 Number of IOs:                          26
 Number of bonded IOBs:                  26  out of     66    39%  
 Number of GCLKs:                         1  out of     24     4%  

---------------------------
Partition Resource Summary:
---------------------------

  No Partitions were found in this design.

---------------------------


=========================================================================
TIMING REPORT

NOTE: THESE TIMING NUMBERS ARE ONLY A SYNTHESIS ESTIMATE.
      FOR ACCURATE TIMING INFORMATION PLEASE REFER TO THE TRACE REPORT
      GENERATED AFTER PLACE-and-ROUTE.

Clock Information:
------------------
-----------------------------------+------------------------+-------+
Clock Signal                       | Clock buffer(FF name)  | Load  |
-----------------------------------+------------------------+-------+
clk                                | BUFGP                  | 82    |
-----------------------------------+------------------------+-------+

Asynchronous Control Signals Information:
----------------------------------------
-----------------------------------+------------------------+-------+
Control Signal                     | Buffer(FF name)        | Load  |
-----------------------------------+------------------------+-------+
rst                                | IBUF                   | 18    |
-----------------------------------+------------------------+-------+

Timing Summary:
---------------
Speed Grade: -5

   Minimum period: 4.574ns (Maximum Frequency: 218.617MHz)
   Minimum input arrival time before clock: 4.025ns
   Maximum output required time after clock: 5.448ns
   Maximum combinational path delay: No path found

Timing Detail:
--------------
All values displayed in nanoseconds (ns)

=========================================================================
Timing constraint: Default period analysis for Clock 'clk'
  Clock period: 4.574ns (frequency: 218.617MHz)
  Total number of paths / destination ports: 1631 / 164
-------------------------------------------------------------------------
Delay:               4.574ns (Levels of Logic = 3)
  Source:            fifo_counter_2 (FF)
  Destination:       buf_mem_0_0 (FF)
  Source Clock:      clk rising
  Destination Clock: clk rising

  Data Path: fifo_counter_2 to buf_mem_0_0
                                Gate     Net
    Cell:in->out      fanout   Delay   Delay  Logical Name (Net Name)
    ----------------------------------------  ------------
     FDCE:C->Q             8   0.514   0.795  fifo_counter_2 (fifo_counter_2)
     LUT3_D:I0->O          4   0.612   0.529  fifo_inp_rtr_and000011 (N2)
     LUT3_D:I2->O          7   0.612   0.632  fifo_counter_not000121 (N11)
     LUT3:I2->O            8   0.612   0.000  buf_mem_0_mux0000<6>1 (buf_mem_0_mux0000<6>)
     FDE:D                     0.268          buf_mem_0_6
    ----------------------------------------
    Total                      4.574ns (2.618ns logic, 1.956ns route)
                                       (57.2% logic, 42.8% route)

=========================================================================
Timing constraint: Default OFFSET IN BEFORE for Clock 'clk'
  Total number of paths / destination ports: 155 / 85
-------------------------------------------------------------------------
Offset:              4.025ns (Levels of Logic = 3)
  Source:            fifo_inp_rts (PAD)
  Destination:       buf_mem_0_0 (FF)
  Destination Clock: clk rising

  Data Path: fifo_inp_rts to buf_mem_0_0
                                Gate     Net
    Cell:in->out      fanout   Delay   Delay  Logical Name (Net Name)
    ----------------------------------------  ------------
     IBUF:I->O             8   1.106   0.795  fifo_inp_rts_IBUF (fifo_inp_rts_IBUF)
     LUT3_D:I0->O          7   0.612   0.632  fifo_counter_not000121 (N11)
     LUT3:I2->O            8   0.612   0.000  buf_mem_0_mux0000<6>1 (buf_mem_0_mux0000<6>)
     FDE:D                     0.268          buf_mem_0_6
    ----------------------------------------
    Total                      4.025ns (2.598ns logic, 1.427ns route)
                                       (64.5% logic, 35.5% route)

=========================================================================
Timing constraint: Default OFFSET OUT AFTER for Clock 'clk'
  Total number of paths / destination ports: 20 / 14
-------------------------------------------------------------------------
Offset:              5.448ns (Levels of Logic = 2)
  Source:            fifo_counter_3 (FF)
  Destination:       fifo_inp_rtr (PAD)
  Source Clock:      clk rising

  Data Path: fifo_counter_3 to fifo_inp_rtr
                                Gate     Net
    Cell:in->out      fanout   Delay   Delay  Logical Name (Net Name)
    ----------------------------------------  ------------
     FDCE:C->Q            11   0.514   0.796  fifo_counter_3 (fifo_counter_3)
     LUT4:I3->O            1   0.612   0.357  fifo_out_rts1 (fifo_out_rts_OBUF)
     OBUF:I->O                 3.169          fifo_out_rts_OBUF (fifo_out_rts)
    ----------------------------------------
    Total                      5.448ns (4.295ns logic, 1.153ns route)
                                       (78.8% logic, 21.2% route)

=========================================================================


Total REAL time to Xst completion: 7.00 secs
Total CPU time to Xst completion: 7.61 secs
 
--> 

Total memory usage is 307412 kilobytes

Number of errors   :    0 (   0 filtered)
Number of warnings :    0 (   0 filtered)
Number of infos    :    0 (   0 filtered)

