ISim log file
Running: C:\Users\Zachary\Zachs_FIFO\fifo_test_isim_beh.exe -intstyle ise -gui -tclbatch isim.cmd -wdb C:/Users/Zachary/Zachs_FIFO/fifo_test_isim_beh.wdb 
ISim P.20131013 (signature 0x7708f090)
WARNING: A WEBPACK license was found.
WARNING: Please use Xilinx License Configuration Manager to check out a full ISim license.
WARNING: ISim will run in Lite mode. Please refer to the ISim documentation for more information on the differences between the Lite and the Full version.
This is a Lite version of ISim.
Time resolution is 1 ps
# onerror resume
# wave add /
# run 1000 ns
Simulator is doing circuit initialization process.
Finished circuit initialization process.
Pushed   1
Pushed   2
-------------------------------Poped   1
Pushed  10
Pushed  20
Pushed  30
Pushed  40
Pushed  50
Pushed  60
Pushed  70
---Cannot push: Buffer Full---
---Cannot push: Buffer Full---
---Cannot push: Buffer Full---
---Cannot push: Buffer Full---
---Cannot push: Buffer Full---
---Cannot push: Buffer Full---
-------------------------------Poped   2
Pushed   2
-------------------------------Poped  10
-------------------------------Poped  20
-------------------------------Poped  30
-------------------------------Poped  40
Pushed 140
-------------------------------Poped  50
Pushed  50
-------------------------------Poped  60
-------------------------------Poped  70
-------------------------------Poped   2
-------------------------------Poped 140
-------------------------------Poped  50
---Cannot Pop: Buffer Empty---
---Cannot Pop: Buffer Empty---
---Cannot Pop: Buffer Empty---
---Cannot Pop: Buffer Empty---
---Cannot Pop: Buffer Empty---
---Cannot Pop: Buffer Empty---
Pushed   5
-------------------------------Poped   5
