Release 14.7 - xst P.20131013 (nt64)
Copyright (c) 1995-2013 Xilinx, Inc.  All rights reserved.
--> Parameter TMPDIR set to xst/projnav.tmp


Total REAL time to Xst completion: 0.00 secs
Total CPU time to Xst completion: 0.42 secs
 
--> Parameter xsthdpdir set to xst


Total REAL time to Xst completion: 0.00 secs
Total CPU time to Xst completion: 0.43 secs
 
--> Reading design: i2si_bist_gen.prj

TABLE OF CONTENTS
  1) Synthesis Options Summary
  2) HDL Compilation
  3) Design Hierarchy Analysis
  4) HDL Analysis
  5) HDL Synthesis
     5.1) HDL Synthesis Report
  6) Advanced HDL Synthesis
     6.1) Advanced HDL Synthesis Report
  7) Low Level Synthesis
  8) Partition Report
  9) Final Report
	9.1) Device utilization summary
	9.2) Partition Resource Summary
	9.3) TIMING REPORT


=========================================================================
*                      Synthesis Options Summary                        *
=========================================================================
---- Source Parameters
Input File Name                    : "i2si_bist_gen.prj"
Input Format                       : mixed
Ignore Synthesis Constraint File   : NO

---- Target Parameters
Output File Name                   : "i2si_bist_gen"
Output Format                      : NGC
Target Device                      : xc3s100e-5-vq100

---- Source Options
Top Module Name                    : i2si_bist_gen
Automatic FSM Extraction           : YES
FSM Encoding Algorithm             : Auto
Safe Implementation                : No
FSM Style                          : LUT
RAM Extraction                     : Yes
RAM Style                          : Auto
ROM Extraction                     : Yes
Mux Style                          : Auto
Decoder Extraction                 : YES
Priority Encoder Extraction        : Yes
Shift Register Extraction          : YES
Logical Shifter Extraction         : YES
XOR Collapsing                     : YES
ROM Style                          : Auto
Mux Extraction                     : Yes
Resource Sharing                   : YES
Asynchronous To Synchronous        : NO
Multiplier Style                   : Auto
Automatic Register Balancing       : No

---- Target Options
Add IO Buffers                     : YES
Global Maximum Fanout              : 100000
Add Generic Clock Buffer(BUFG)     : 24
Register Duplication               : YES
Slice Packing                      : YES
Optimize Instantiated Primitives   : NO
Use Clock Enable                   : Yes
Use Synchronous Set                : Yes
Use Synchronous Reset              : Yes
Pack IO Registers into IOBs        : Auto
Equivalent register Removal        : YES

---- General Options
Optimization Goal                  : Speed
Optimization Effort                : 1
Keep Hierarchy                     : No
Netlist Hierarchy                  : As_Optimized
RTL Output                         : Yes
Global Optimization                : AllClockNets
Read Cores                         : YES
Write Timing Constraints           : NO
Cross Clock Analysis               : NO
Hierarchy Separator                : /
Bus Delimiter                      : <>
Case Specifier                     : Maintain
Slice Utilization Ratio            : 100
BRAM Utilization Ratio             : 100
Verilog 2001                       : YES
Auto BRAM Packing                  : NO
Slice Utilization Ratio Delta      : 5

=========================================================================


=========================================================================
*                          HDL Compilation                              *
=========================================================================
Compiling verilog file "i2si_bist_gen.v" in library work
Module <i2si_bist_gen> compiled
No errors in compilation
Analysis of file <"i2si_bist_gen.prj"> succeeded.
 

=========================================================================
*                     Design Hierarchy Analysis                         *
=========================================================================
Analyzing hierarchy for module <i2si_bist_gen> in library <work>.


=========================================================================
*                            HDL Analysis                               *
=========================================================================
Analyzing top module <i2si_bist_gen>.
Module <i2si_bist_gen> is correct for synthesis.
 

=========================================================================
*                           HDL Synthesis                               *
=========================================================================

Performing bidirectional port resolution...

Synthesizing Unit <i2si_bist_gen>.
    Related source file is "i2si_bist_gen.v".
WARNING:Xst:647 - Input <rst> is never used. This port will be preserved and left unconnected if it belongs to a top-level block or it belongs to a sub-block and the hierarchy of this sub-block is preserved.
    Found 12-bit register for signal <i2si_bist_out_data>.
    Found 12-bit register for signal <counter>.
    Found 12-bit adder for signal <counter$add0000> created at line 25.
    Found 12-bit adder for signal <i2si_bist_out_data$addsub0000> created at line 24.
    Found 12-bit comparator greatequal for signal <old_counter_1$cmp_ge0000> created at line 19.
    Summary:
	inferred  24 D-type flip-flop(s).
	inferred   2 Adder/Subtractor(s).
	inferred   1 Comparator(s).
Unit <i2si_bist_gen> synthesized.


=========================================================================
HDL Synthesis Report

Macro Statistics
# Adders/Subtractors                                   : 2
 12-bit adder                                          : 2
# Registers                                            : 2
 12-bit register                                       : 2
# Comparators                                          : 1
 12-bit comparator greatequal                          : 1

=========================================================================

=========================================================================
*                       Advanced HDL Synthesis                          *
=========================================================================


=========================================================================
Advanced HDL Synthesis Report

Macro Statistics
# Adders/Subtractors                                   : 2
 12-bit adder                                          : 2
# Registers                                            : 24
 Flip-Flops                                            : 24
# Comparators                                          : 1
 12-bit comparator greatequal                          : 1

=========================================================================

=========================================================================
*                         Low Level Synthesis                           *
=========================================================================

Optimizing unit <i2si_bist_gen> ...

Mapping all equations...
Building and optimizing final netlist ...
Found area constraint ratio of 100 (+ 5) on block i2si_bist_gen, actual ratio is 2.

Final Macro Processing ...

=========================================================================
Final Register Report

Macro Statistics
# Registers                                            : 24
 Flip-Flops                                            : 24

=========================================================================

=========================================================================
*                           Partition Report                            *
=========================================================================

Partition Implementation Status
-------------------------------

  No Partitions were found in this design.

-------------------------------

=========================================================================
*                            Final Report                               *
=========================================================================
Final Results
RTL Top Level Output File Name     : i2si_bist_gen.ngr
Top Level Output File Name         : i2si_bist_gen
Output Format                      : NGC
Optimization Goal                  : Speed
Keep Hierarchy                     : No

Design Statistics
# IOs                              : 46

Cell Usage :
# BELS                             : 112
#      GND                         : 1
#      LUT1                        : 4
#      LUT2                        : 31
#      LUT3                        : 2
#      LUT4                        : 14
#      LUT4_L                      : 1
#      MUXCY                       : 34
#      VCC                         : 1
#      XORCY                       : 24
# FlipFlops/Latches                : 24
#      FD                          : 24
# Clock Buffers                    : 1
#      BUFGP                       : 1
# IO Buffers                       : 44
#      IBUF                        : 32
#      OBUF                        : 12
=========================================================================

Device utilization summary:
---------------------------

Selected Device : 3s100evq100-5 

 Number of Slices:                       27  out of    960     2%  
 Number of Slice Flip Flops:             24  out of   1920     1%  
 Number of 4 input LUTs:                 52  out of   1920     2%  
 Number of IOs:                          46
 Number of bonded IOBs:                  45  out of     66    68%  
 Number of GCLKs:                         1  out of     24     4%  

---------------------------
Partition Resource Summary:
---------------------------

  No Partitions were found in this design.

---------------------------


=========================================================================
TIMING REPORT

NOTE: THESE TIMING NUMBERS ARE ONLY A SYNTHESIS ESTIMATE.
      FOR ACCURATE TIMING INFORMATION PLEASE REFER TO THE TRACE REPORT
      GENERATED AFTER PLACE-and-ROUTE.

Clock Information:
------------------
-----------------------------------+------------------------+-------+
Clock Signal                       | Clock buffer(FF name)  | Load  |
-----------------------------------+------------------------+-------+
clk                                | BUFGP                  | 24    |
-----------------------------------+------------------------+-------+

Asynchronous Control Signals Information:
----------------------------------------
No asynchronous control signals found in this design

Timing Summary:
---------------
Speed Grade: -5

   Minimum period: 6.557ns (Maximum Frequency: 152.508MHz)
   Minimum input arrival time before clock: 7.138ns
   Maximum output required time after clock: 4.134ns
   Maximum combinational path delay: No path found

Timing Detail:
--------------
All values displayed in nanoseconds (ns)

=========================================================================
Timing constraint: Default period analysis for Clock 'clk'
  Clock period: 6.557ns (frequency: 152.508MHz)
  Total number of paths / destination ports: 2664 / 24
-------------------------------------------------------------------------
Delay:               6.557ns (Levels of Logic = 26)
  Source:            i2si_bist_out_data_0 (FF)
  Destination:       counter_11 (FF)
  Source Clock:      clk rising
  Destination Clock: clk rising

  Data Path: i2si_bist_out_data_0 to counter_11
                                Gate     Net
    Cell:in->out      fanout   Delay   Delay  Logical Name (Net Name)
    ----------------------------------------  ------------
     FD:C->Q               3   0.514   0.520  i2si_bist_out_data_0 (i2si_bist_out_data_0)
     LUT2:I1->O            1   0.612   0.000  Mcompar_old_counter_1_cmp_ge0000_lut<0> (Mcompar_old_counter_1_cmp_ge0000_lut<0>)
     MUXCY:S->O            1   0.404   0.000  Mcompar_old_counter_1_cmp_ge0000_cy<0> (Mcompar_old_counter_1_cmp_ge0000_cy<0>)
     MUXCY:CI->O           1   0.051   0.000  Mcompar_old_counter_1_cmp_ge0000_cy<1> (Mcompar_old_counter_1_cmp_ge0000_cy<1>)
     MUXCY:CI->O           1   0.051   0.000  Mcompar_old_counter_1_cmp_ge0000_cy<2> (Mcompar_old_counter_1_cmp_ge0000_cy<2>)
     MUXCY:CI->O           1   0.051   0.000  Mcompar_old_counter_1_cmp_ge0000_cy<3> (Mcompar_old_counter_1_cmp_ge0000_cy<3>)
     MUXCY:CI->O           1   0.051   0.000  Mcompar_old_counter_1_cmp_ge0000_cy<4> (Mcompar_old_counter_1_cmp_ge0000_cy<4>)
     MUXCY:CI->O           1   0.051   0.000  Mcompar_old_counter_1_cmp_ge0000_cy<5> (Mcompar_old_counter_1_cmp_ge0000_cy<5>)
     MUXCY:CI->O           1   0.051   0.000  Mcompar_old_counter_1_cmp_ge0000_cy<6> (Mcompar_old_counter_1_cmp_ge0000_cy<6>)
     MUXCY:CI->O           1   0.051   0.000  Mcompar_old_counter_1_cmp_ge0000_cy<7> (Mcompar_old_counter_1_cmp_ge0000_cy<7>)
     MUXCY:CI->O           1   0.051   0.000  Mcompar_old_counter_1_cmp_ge0000_cy<8> (Mcompar_old_counter_1_cmp_ge0000_cy<8>)
     MUXCY:CI->O           1   0.051   0.000  Mcompar_old_counter_1_cmp_ge0000_cy<9> (Mcompar_old_counter_1_cmp_ge0000_cy<9>)
     MUXCY:CI->O           1   0.051   0.000  Mcompar_old_counter_1_cmp_ge0000_cy<10> (Mcompar_old_counter_1_cmp_ge0000_cy<10>)
     MUXCY:CI->O          24   0.399   1.094  Mcompar_old_counter_1_cmp_ge0000_cy<11> (old_counter_1_cmp_ge0000)
     LUT3:I2->O            1   0.612   0.000  Madd_counter_add0000_lut<0> (Madd_counter_add0000_lut<0>)
     MUXCY:S->O            1   0.404   0.000  Madd_counter_add0000_cy<0> (Madd_counter_add0000_cy<0>)
     MUXCY:CI->O           1   0.051   0.000  Madd_counter_add0000_cy<1> (Madd_counter_add0000_cy<1>)
     MUXCY:CI->O           1   0.051   0.000  Madd_counter_add0000_cy<2> (Madd_counter_add0000_cy<2>)
     MUXCY:CI->O           1   0.051   0.000  Madd_counter_add0000_cy<3> (Madd_counter_add0000_cy<3>)
     MUXCY:CI->O           1   0.051   0.000  Madd_counter_add0000_cy<4> (Madd_counter_add0000_cy<4>)
     MUXCY:CI->O           1   0.051   0.000  Madd_counter_add0000_cy<5> (Madd_counter_add0000_cy<5>)
     MUXCY:CI->O           1   0.051   0.000  Madd_counter_add0000_cy<6> (Madd_counter_add0000_cy<6>)
     MUXCY:CI->O           1   0.051   0.000  Madd_counter_add0000_cy<7> (Madd_counter_add0000_cy<7>)
     MUXCY:CI->O           1   0.051   0.000  Madd_counter_add0000_cy<8> (Madd_counter_add0000_cy<8>)
     MUXCY:CI->O           1   0.051   0.000  Madd_counter_add0000_cy<9> (Madd_counter_add0000_cy<9>)
     MUXCY:CI->O           0   0.051   0.000  Madd_counter_add0000_cy<10> (Madd_counter_add0000_cy<10>)
     XORCY:CI->O           1   0.699   0.000  Madd_counter_add0000_xor<11> (counter_add0000<11>)
     FD:D                      0.268          counter_11
    ----------------------------------------
    Total                      6.557ns (4.942ns logic, 1.615ns route)
                                       (75.4% logic, 24.6% route)

=========================================================================
Timing constraint: Default OFFSET IN BEFORE for Clock 'clk'
  Total number of paths / destination ports: 1160 / 24
-------------------------------------------------------------------------
Offset:              7.138ns (Levels of Logic = 27)
  Source:            rf_bist_up_limit<0> (PAD)
  Destination:       counter_11 (FF)
  Destination Clock: clk rising

  Data Path: rf_bist_up_limit<0> to counter_11
                                Gate     Net
    Cell:in->out      fanout   Delay   Delay  Logical Name (Net Name)
    ----------------------------------------  ------------
     IBUF:I->O             1   1.106   0.509  rf_bist_up_limit_0_IBUF (rf_bist_up_limit_0_IBUF)
     LUT2:I0->O            1   0.612   0.000  Mcompar_old_counter_1_cmp_ge0000_lut<0> (Mcompar_old_counter_1_cmp_ge0000_lut<0>)
     MUXCY:S->O            1   0.404   0.000  Mcompar_old_counter_1_cmp_ge0000_cy<0> (Mcompar_old_counter_1_cmp_ge0000_cy<0>)
     MUXCY:CI->O           1   0.051   0.000  Mcompar_old_counter_1_cmp_ge0000_cy<1> (Mcompar_old_counter_1_cmp_ge0000_cy<1>)
     MUXCY:CI->O           1   0.051   0.000  Mcompar_old_counter_1_cmp_ge0000_cy<2> (Mcompar_old_counter_1_cmp_ge0000_cy<2>)
     MUXCY:CI->O           1   0.051   0.000  Mcompar_old_counter_1_cmp_ge0000_cy<3> (Mcompar_old_counter_1_cmp_ge0000_cy<3>)
     MUXCY:CI->O           1   0.051   0.000  Mcompar_old_counter_1_cmp_ge0000_cy<4> (Mcompar_old_counter_1_cmp_ge0000_cy<4>)
     MUXCY:CI->O           1   0.051   0.000  Mcompar_old_counter_1_cmp_ge0000_cy<5> (Mcompar_old_counter_1_cmp_ge0000_cy<5>)
     MUXCY:CI->O           1   0.051   0.000  Mcompar_old_counter_1_cmp_ge0000_cy<6> (Mcompar_old_counter_1_cmp_ge0000_cy<6>)
     MUXCY:CI->O           1   0.051   0.000  Mcompar_old_counter_1_cmp_ge0000_cy<7> (Mcompar_old_counter_1_cmp_ge0000_cy<7>)
     MUXCY:CI->O           1   0.051   0.000  Mcompar_old_counter_1_cmp_ge0000_cy<8> (Mcompar_old_counter_1_cmp_ge0000_cy<8>)
     MUXCY:CI->O           1   0.051   0.000  Mcompar_old_counter_1_cmp_ge0000_cy<9> (Mcompar_old_counter_1_cmp_ge0000_cy<9>)
     MUXCY:CI->O           1   0.051   0.000  Mcompar_old_counter_1_cmp_ge0000_cy<10> (Mcompar_old_counter_1_cmp_ge0000_cy<10>)
     MUXCY:CI->O          24   0.399   1.094  Mcompar_old_counter_1_cmp_ge0000_cy<11> (old_counter_1_cmp_ge0000)
     LUT3:I2->O            1   0.612   0.000  Madd_counter_add0000_lut<0> (Madd_counter_add0000_lut<0>)
     MUXCY:S->O            1   0.404   0.000  Madd_counter_add0000_cy<0> (Madd_counter_add0000_cy<0>)
     MUXCY:CI->O           1   0.051   0.000  Madd_counter_add0000_cy<1> (Madd_counter_add0000_cy<1>)
     MUXCY:CI->O           1   0.051   0.000  Madd_counter_add0000_cy<2> (Madd_counter_add0000_cy<2>)
     MUXCY:CI->O           1   0.051   0.000  Madd_counter_add0000_cy<3> (Madd_counter_add0000_cy<3>)
     MUXCY:CI->O           1   0.051   0.000  Madd_counter_add0000_cy<4> (Madd_counter_add0000_cy<4>)
     MUXCY:CI->O           1   0.051   0.000  Madd_counter_add0000_cy<5> (Madd_counter_add0000_cy<5>)
     MUXCY:CI->O           1   0.051   0.000  Madd_counter_add0000_cy<6> (Madd_counter_add0000_cy<6>)
     MUXCY:CI->O           1   0.051   0.000  Madd_counter_add0000_cy<7> (Madd_counter_add0000_cy<7>)
     MUXCY:CI->O           1   0.051   0.000  Madd_counter_add0000_cy<8> (Madd_counter_add0000_cy<8>)
     MUXCY:CI->O           1   0.051   0.000  Madd_counter_add0000_cy<9> (Madd_counter_add0000_cy<9>)
     MUXCY:CI->O           0   0.051   0.000  Madd_counter_add0000_cy<10> (Madd_counter_add0000_cy<10>)
     XORCY:CI->O           1   0.699   0.000  Madd_counter_add0000_xor<11> (counter_add0000<11>)
     FD:D                      0.268          counter_11
    ----------------------------------------
    Total                      7.138ns (5.534ns logic, 1.603ns route)
                                       (77.5% logic, 22.5% route)

=========================================================================
Timing constraint: Default OFFSET OUT AFTER for Clock 'clk'
  Total number of paths / destination ports: 12 / 12
-------------------------------------------------------------------------
Offset:              4.134ns (Levels of Logic = 1)
  Source:            i2si_bist_out_data_11 (FF)
  Destination:       i2si_bist_out_data<11> (PAD)
  Source Clock:      clk rising

  Data Path: i2si_bist_out_data_11 to i2si_bist_out_data<11>
                                Gate     Net
    Cell:in->out      fanout   Delay   Delay  Logical Name (Net Name)
    ----------------------------------------  ------------
     FD:C->Q               3   0.514   0.451  i2si_bist_out_data_11 (i2si_bist_out_data_11)
     OBUF:I->O                 3.169          i2si_bist_out_data_11_OBUF (i2si_bist_out_data<11>)
    ----------------------------------------
    Total                      4.134ns (3.683ns logic, 0.451ns route)
                                       (89.1% logic, 10.9% route)

=========================================================================


Total REAL time to Xst completion: 7.00 secs
Total CPU time to Xst completion: 7.55 secs
 
--> 

Total memory usage is 286636 kilobytes

Number of errors   :    0 (   0 filtered)
Number of warnings :    1 (   0 filtered)
Number of infos    :    0 (   0 filtered)

