Release 14.7 - xst P.20131013 (nt64)
Copyright (c) 1995-2013 Xilinx, Inc.  All rights reserved.
--> Parameter TMPDIR set to xst/projnav.tmp


Total REAL time to Xst completion: 0.00 secs
Total CPU time to Xst completion: 0.09 secs
 
--> Parameter xsthdpdir set to xst


Total REAL time to Xst completion: 0.00 secs
Total CPU time to Xst completion: 0.09 secs
 
--> Reading design: serializer.prj

TABLE OF CONTENTS
  1) Synthesis Options Summary
  2) HDL Parsing
  3) HDL Elaboration
  4) HDL Synthesis
       4.1) HDL Synthesis Report
  5) Advanced HDL Synthesis
       5.1) Advanced HDL Synthesis Report
  6) Low Level Synthesis
  7) Partition Report
  8) Design Summary
       8.1) Primitive and Black Box Usage
       8.2) Device utilization summary
       8.3) Partition Resource Summary
       8.4) Timing Report
            8.4.1) Clock Information
            8.4.2) Asynchronous Control Signals Information
            8.4.3) Timing Summary
            8.4.4) Timing Details
            8.4.5) Cross Clock Domains Report


=========================================================================
*                      Synthesis Options Summary                        *
=========================================================================
---- Source Parameters
Input File Name                    : "serializer.prj"
Ignore Synthesis Constraint File   : NO

---- Target Parameters
Output File Name                   : "serializer"
Output Format                      : NGC
Target Device                      : xc7a100t-3-csg324

---- Source Options
Top Module Name                    : serializer
Automatic FSM Extraction           : YES
FSM Encoding Algorithm             : Auto
Safe Implementation                : No
FSM Style                          : LUT
RAM Extraction                     : Yes
RAM Style                          : Auto
ROM Extraction                     : Yes
Shift Register Extraction          : YES
ROM Style                          : Auto
Resource Sharing                   : YES
Asynchronous To Synchronous        : NO
Shift Register Minimum Size        : 2
Use DSP Block                      : Auto
Automatic Register Balancing       : No

---- Target Options
LUT Combining                      : Auto
Reduce Control Sets                : Auto
Add IO Buffers                     : YES
Global Maximum Fanout              : 100000
Add Generic Clock Buffer(BUFG)     : 32
Register Duplication               : YES
Optimize Instantiated Primitives   : NO
Use Clock Enable                   : Auto
Use Synchronous Set                : Auto
Use Synchronous Reset              : Auto
Pack IO Registers into IOBs        : Auto
Equivalent register Removal        : YES

---- General Options
Optimization Goal                  : Speed
Optimization Effort                : 1
Power Reduction                    : NO
Keep Hierarchy                     : No
Netlist Hierarchy                  : As_Optimized
RTL Output                         : Yes
Global Optimization                : AllClockNets
Read Cores                         : YES
Write Timing Constraints           : NO
Cross Clock Analysis               : NO
Hierarchy Separator                : /
Bus Delimiter                      : <>
Case Specifier                     : Maintain
Slice Utilization Ratio            : 100
BRAM Utilization Ratio             : 100
DSP48 Utilization Ratio            : 100
Auto BRAM Packing                  : NO
Slice Utilization Ratio Delta      : 5

=========================================================================


=========================================================================
*                          HDL Parsing                                  *
=========================================================================
Analyzing Verilog file "C:\Users\kevin\Documents\GitHub\Chip-Design\proj_asic\rtl\i2so\serializer\serializer.v" into library work
Parsing module <serializer>.

=========================================================================
*                            HDL Elaboration                            *
=========================================================================

Elaborating module <serializer>.

=========================================================================
*                           HDL Synthesis                               *
=========================================================================

Synthesizing Unit <serializer>.
    Related source file is "C:\Users\kevin\Documents\GitHub\Chip-Design\proj_asic\rtl\i2so\serializer\serializer.v".
        s0 = 0
        s1 = 1
    Found 4-bit register for signal <bit_count2>.
    Found 3-bit register for signal <sck_vec>.
    Found 1-bit register for signal <rts_delay>.
    Found 1-bit register for signal <state>.
    Found 1-bit register for signal <LR>.
    Found 1-bit register for signal <LR_delay>.
    Found 1-bit register for signal <rtr>.
    Found 1-bit register for signal <i2so_ws>.
    Found 1-bit register for signal <i2so_sd>.
    Found 16-bit register for signal <lft_data>.
    Found 16-bit register for signal <rgt_data>.
    Found 4-bit register for signal <bit_count>.
    Found 4-bit subtractor for signal <bit_count2[3]_GND_1_o_sub_11_OUT> created at line 161.
    Found 1-bit 16-to-1 multiplexer for signal <bit_count[3]_lft_data[15]_Mux_21_o> created at line 193.
    Found 1-bit 16-to-1 multiplexer for signal <bit_count[3]_rgt_data[15]_Mux_22_o> created at line 198.
    Summary:
	inferred   1 Adder/Subtractor(s).
	inferred  50 D-type flip-flop(s).
	inferred   5 Multiplexer(s).
Unit <serializer> synthesized.

=========================================================================
HDL Synthesis Report

Macro Statistics
# Adders/Subtractors                                   : 1
 4-bit subtractor                                      : 1
# Registers                                            : 12
 1-bit register                                        : 7
 16-bit register                                       : 2
 3-bit register                                        : 1
 4-bit register                                        : 2
# Multiplexers                                         : 5
 1-bit 16-to-1 multiplexer                             : 2
 1-bit 2-to-1 multiplexer                              : 3

=========================================================================

=========================================================================
*                       Advanced HDL Synthesis                          *
=========================================================================


Synthesizing (advanced) Unit <serializer>.
The following registers are absorbed into counter <bit_count2>: 1 register on signal <bit_count2>.
Unit <serializer> synthesized (advanced).

=========================================================================
Advanced HDL Synthesis Report

Macro Statistics
# Counters                                             : 1
 4-bit down counter                                    : 1
# Registers                                            : 46
 Flip-Flops                                            : 46
# Multiplexers                                         : 5
 1-bit 16-to-1 multiplexer                             : 2
 1-bit 2-to-1 multiplexer                              : 3

=========================================================================

=========================================================================
*                         Low Level Synthesis                           *
=========================================================================

Optimizing unit <serializer> ...

Mapping all equations...
Building and optimizing final netlist ...
Found area constraint ratio of 100 (+ 5) on block serializer, actual ratio is 0.

Final Macro Processing ...

=========================================================================
Final Register Report

Macro Statistics
# Registers                                            : 50
 Flip-Flops                                            : 50

=========================================================================

=========================================================================
*                           Partition Report                            *
=========================================================================

Partition Implementation Status
-------------------------------

  No Partitions were found in this design.

-------------------------------

=========================================================================
*                            Design Summary                             *
=========================================================================

Top Level Output File Name         : serializer.ngc

Primitive and Black Box Usage:
------------------------------
# BELS                             : 28
#      INV                         : 2
#      LUT2                        : 2
#      LUT3                        : 4
#      LUT4                        : 3
#      LUT5                        : 1
#      LUT6                        : 10
#      MUXF7                       : 4
#      MUXF8                       : 2
# FlipFlops/Latches                : 50
#      FDC                         : 9
#      FDCE                        : 1
#      FDE                         : 36
#      FDPE                        : 4
# Clock Buffers                    : 1
#      BUFGP                       : 1
# IO Buffers                       : 38
#      IBUF                        : 35
#      OBUF                        : 3

Device utilization summary:
---------------------------

Selected Device : 7a100tcsg324-3 


Slice Logic Utilization: 
 Number of Slice Registers:              50  out of  126800     0%  
 Number of Slice LUTs:                   22  out of  63400     0%  
    Number used as Logic:                22  out of  63400     0%  

Slice Logic Distribution: 
 Number of LUT Flip Flop pairs used:     53
   Number with an unused Flip Flop:       3  out of     53     5%  
   Number with an unused LUT:            31  out of     53    58%  
   Number of fully used LUT-FF pairs:    19  out of     53    35%  
   Number of unique control sets:         4

IO Utilization: 
 Number of IOs:                          41
 Number of bonded IOBs:                  39  out of    210    18%  

Specific Feature Utilization:
 Number of BUFG/BUFGCTRLs:                1  out of     32     3%  

---------------------------
Partition Resource Summary:
---------------------------

  No Partitions were found in this design.

---------------------------


=========================================================================
Timing Report

NOTE: THESE TIMING NUMBERS ARE ONLY A SYNTHESIS ESTIMATE.
      FOR ACCURATE TIMING INFORMATION PLEASE REFER TO THE TRACE REPORT
      GENERATED AFTER PLACE-and-ROUTE.

Clock Information:
------------------
-----------------------------------+------------------------+-------+
Clock Signal                       | Clock buffer(FF name)  | Load  |
-----------------------------------+------------------------+-------+
clk                                | BUFGP                  | 50    |
-----------------------------------+------------------------+-------+

Asynchronous Control Signals Information:
----------------------------------------
No asynchronous control signals found in this design

Timing Summary:
---------------
Speed Grade: -3

   Minimum period: 2.133ns (Maximum Frequency: 468.911MHz)
   Minimum input arrival time before clock: 1.145ns
   Maximum output required time after clock: 0.645ns
   Maximum combinational path delay: No path found

Timing Details:
---------------
All values displayed in nanoseconds (ns)

=========================================================================
Timing constraint: Default period analysis for Clock 'clk'
  Clock period: 2.133ns (frequency: 468.911MHz)
  Total number of paths / destination ports: 209 / 57
-------------------------------------------------------------------------
Delay:               2.133ns (Levels of Logic = 4)
  Source:            lft_data_4 (FF)
  Destination:       i2so_sd (FF)
  Source Clock:      clk rising
  Destination Clock: clk rising

  Data Path: lft_data_4 to i2so_sd
                                Gate     Net
    Cell:in->out      fanout   Delay   Delay  Logical Name (Net Name)
    ----------------------------------------  ------------
     FDE:C->Q              1   0.361   0.693  lft_data_4 (lft_data_4)
     LUT6:I0->O            1   0.097   0.000  Mmux_bit_count[3]_lft_data[15]_Mux_21_o_51 (Mmux_bit_count[3]_lft_data[15]_Mux_21_o_51)
     MUXF7:I1->O           1   0.279   0.000  Mmux_bit_count[3]_lft_data[15]_Mux_21_o_4_f7 (Mmux_bit_count[3]_lft_data[15]_Mux_21_o_4_f7)
     MUXF8:I0->O           1   0.218   0.379  Mmux_bit_count[3]_lft_data[15]_Mux_21_o_2_f8 (bit_count[3]_lft_data[15]_Mux_21_o)
     LUT5:I3->O            1   0.097   0.000  i2so_sd_dpot (i2so_sd_dpot)
     FDCE:D                    0.008          i2so_sd
    ----------------------------------------
    Total                      2.133ns (1.060ns logic, 1.073ns route)
                                       (49.7% logic, 50.3% route)

=========================================================================
Timing constraint: Default OFFSET IN BEFORE for Clock 'clk'
  Total number of paths / destination ports: 85 / 85
-------------------------------------------------------------------------
Offset:              1.145ns (Levels of Logic = 2)
  Source:            rst_n (PAD)
  Destination:       lft_data_0 (FF)
  Destination Clock: clk rising

  Data Path: rst_n to lft_data_0
                                Gate     Net
    Cell:in->out      fanout   Delay   Delay  Logical Name (Net Name)
    ----------------------------------------  ------------
     IBUF:I->O             3   0.001   0.566  rst_n_IBUF (rst_n_IBUF)
     LUT4:I0->O           32   0.097   0.386  _n0097_inv1 (_n0097_inv)
     FDE:CE                    0.095          lft_data_0
    ----------------------------------------
    Total                      1.145ns (0.193ns logic, 0.952ns route)
                                       (16.9% logic, 83.1% route)

=========================================================================
Timing constraint: Default OFFSET OUT AFTER for Clock 'clk'
  Total number of paths / destination ports: 3 / 3
-------------------------------------------------------------------------
Offset:              0.645ns (Levels of Logic = 1)
  Source:            i2so_sd (FF)
  Destination:       i2so_sd (PAD)
  Source Clock:      clk rising

  Data Path: i2so_sd to i2so_sd
                                Gate     Net
    Cell:in->out      fanout   Delay   Delay  Logical Name (Net Name)
    ----------------------------------------  ------------
     FDCE:C->Q             2   0.361   0.283  i2so_sd (i2so_sd_OBUF)
     OBUF:I->O                 0.000          i2so_sd_OBUF (i2so_sd)
    ----------------------------------------
    Total                      0.645ns (0.361ns logic, 0.283ns route)
                                       (56.0% logic, 44.0% route)

=========================================================================

Cross Clock Domains Report:
--------------------------

Clock to Setup on destination clock clk
---------------+---------+---------+---------+---------+
               | Src:Rise| Src:Fall| Src:Rise| Src:Fall|
Source Clock   |Dest:Rise|Dest:Rise|Dest:Fall|Dest:Fall|
---------------+---------+---------+---------+---------+
clk            |    2.133|         |         |         |
---------------+---------+---------+---------+---------+

=========================================================================


Total REAL time to Xst completion: 9.00 secs
Total CPU time to Xst completion: 9.22 secs
 
--> 

Total memory usage is 446244 kilobytes

Number of errors   :    0 (   0 filtered)
Number of warnings :    0 (   0 filtered)
Number of infos    :    0 (   0 filtered)

