Command line:
   fifo_isim_beh.exe
     -simmode  gui
     -simrunnum  0
     -socket  61970

Tue Nov 03 18:21:15 2015


 Elaboration Time: 0.109375 sec

 Current Memory Usage: 1334.87 Meg

 Total Signals          : 18
 Total Nets             : 55
 Total Signal Drivers   : 9
 Total Blocks           : 2
 Total Primitive Blocks : 2
 Total Processes        : 15
 Total Traceable Variables  : 25
 Total Scalar Nets and Variables : 227
Total Line Count : 55

 Total Simulation Time: 0.125 sec

 Current Memory Usage: 1334.87 Meg

Tue Nov 03 18:21:20 2015

