Release 14.7 - xst P.20131013 (nt64)
Copyright (c) 1995-2013 Xilinx, Inc.  All rights reserved.
--> Parameter TMPDIR set to xst/projnav.tmp


Total REAL time to Xst completion: 0.00 secs
Total CPU time to Xst completion: 0.11 secs
 
--> Parameter xsthdpdir set to xst


Total REAL time to Xst completion: 0.00 secs
Total CPU time to Xst completion: 0.11 secs
 
--> Reading design: trig_generator.prj

TABLE OF CONTENTS
  1) Synthesis Options Summary
  2) HDL Parsing
  3) HDL Elaboration
  4) HDL Synthesis
       4.1) HDL Synthesis Report
  5) Advanced HDL Synthesis
       5.1) Advanced HDL Synthesis Report
  6) Low Level Synthesis
  7) Partition Report
  8) Design Summary
       8.1) Primitive and Black Box Usage
       8.2) Device utilization summary
       8.3) Partition Resource Summary
       8.4) Timing Report
            8.4.1) Clock Information
            8.4.2) Asynchronous Control Signals Information
            8.4.3) Timing Summary
            8.4.4) Timing Details
            8.4.5) Cross Clock Domains Report


=========================================================================
*                      Synthesis Options Summary                        *
=========================================================================
---- Source Parameters
Input File Name                    : "trig_generator.prj"
Ignore Synthesis Constraint File   : NO

---- Target Parameters
Output File Name                   : "trig_generator"
Output Format                      : NGC
Target Device                      : xc7a100t-3-csg324

---- Source Options
Top Module Name                    : trig_generator
Automatic FSM Extraction           : YES
FSM Encoding Algorithm             : Auto
Safe Implementation                : No
FSM Style                          : LUT
RAM Extraction                     : Yes
RAM Style                          : Auto
ROM Extraction                     : Yes
Shift Register Extraction          : YES
ROM Style                          : Auto
Resource Sharing                   : YES
Asynchronous To Synchronous        : NO
Shift Register Minimum Size        : 2
Use DSP Block                      : Auto
Automatic Register Balancing       : No

---- Target Options
LUT Combining                      : Auto
Reduce Control Sets                : Auto
Add IO Buffers                     : YES
Global Maximum Fanout              : 100000
Add Generic Clock Buffer(BUFG)     : 32
Register Duplication               : YES
Optimize Instantiated Primitives   : NO
Use Clock Enable                   : Auto
Use Synchronous Set                : Auto
Use Synchronous Reset              : Auto
Pack IO Registers into IOBs        : Auto
Equivalent register Removal        : YES

---- General Options
Optimization Goal                  : Speed
Optimization Effort                : 1
Power Reduction                    : NO
Keep Hierarchy                     : No
Netlist Hierarchy                  : As_Optimized
RTL Output                         : Yes
Global Optimization                : AllClockNets
Read Cores                         : YES
Write Timing Constraints           : NO
Cross Clock Analysis               : NO
Hierarchy Separator                : /
Bus Delimiter                      : <>
Case Specifier                     : Maintain
Slice Utilization Ratio            : 100
BRAM Utilization Ratio             : 100
DSP48 Utilization Ratio            : 100
Auto BRAM Packing                  : NO
Slice Utilization Ratio Delta      : 5

=========================================================================


=========================================================================
*                          HDL Parsing                                  *
=========================================================================
Analyzing Verilog file "C:\Users\Julie\Desktop\Chip-Design\proj_asic\rtl\register\trig_generator\trig_generator.v" into library work
Parsing module <trig_generator>.

=========================================================================
*                            HDL Elaboration                            *
=========================================================================

Elaborating module <trig_generator>.

=========================================================================
*                           HDL Synthesis                               *
=========================================================================

Synthesizing Unit <trig_generator>.
    Related source file is "C:\Users\Julie\Desktop\Chip-Design\proj_asic\rtl\register\trig_generator\trig_generator.v".
WARNING:Xst:647 - Input <wdata<1:1>> is never used. This port will be preserved and left unconnected if it belongs to a top-level block or it belongs to a sub-block and the hierarchy of this sub-block is preserved.
WARNING:Xst:647 - Input <wdata<7:3>> is never used. This port will be preserved and left unconnected if it belongs to a top-level block or it belongs to a sub-block and the hierarchy of this sub-block is preserved.
    Found 1-bit register for signal <trig_i2so_fifo_underrun_clr>.
    Found 1-bit register for signal <trig_i2si_fifo_overrun_clr>.
    Summary:
	inferred   2 D-type flip-flop(s).
	inferred   2 Multiplexer(s).
Unit <trig_generator> synthesized.

=========================================================================
HDL Synthesis Report

Macro Statistics
# Registers                                            : 2
 1-bit register                                        : 2
# Multiplexers                                         : 2
 1-bit 2-to-1 multiplexer                              : 2

=========================================================================

=========================================================================
*                       Advanced HDL Synthesis                          *
=========================================================================


=========================================================================
Advanced HDL Synthesis Report

Macro Statistics
# Registers                                            : 2
 Flip-Flops                                            : 2
# Multiplexers                                         : 2
 1-bit 2-to-1 multiplexer                              : 2

=========================================================================

=========================================================================
*                         Low Level Synthesis                           *
=========================================================================

Optimizing unit <trig_generator> ...

Mapping all equations...
Building and optimizing final netlist ...
Found area constraint ratio of 100 (+ 5) on block trig_generator, actual ratio is 0.

Final Macro Processing ...

=========================================================================
Final Register Report

Macro Statistics
# Registers                                            : 2
 Flip-Flops                                            : 2

=========================================================================

=========================================================================
*                           Partition Report                            *
=========================================================================

Partition Implementation Status
-------------------------------

  No Partitions were found in this design.

-------------------------------

=========================================================================
*                            Design Summary                             *
=========================================================================

Top Level Output File Name         : trig_generator.ngc

Primitive and Black Box Usage:
------------------------------
# BELS                             : 5
#      INV                         : 1
#      LUT4                        : 2
#      LUT6                        : 2
# FlipFlops/Latches                : 2
#      FDC                         : 2
# Clock Buffers                    : 1
#      BUFGP                       : 1
# IO Buffers                       : 18
#      IBUF                        : 16
#      OBUF                        : 2

Device utilization summary:
---------------------------

Selected Device : 7a100tcsg324-3 


Slice Logic Utilization: 
 Number of Slice LUTs:                    5  out of  63400     0%  
    Number used as Logic:                 5  out of  63400     0%  

Slice Logic Distribution: 
 Number of LUT Flip Flop pairs used:      5
   Number with an unused Flip Flop:       5  out of      5   100%  
   Number with an unused LUT:             0  out of      5     0%  
   Number of fully used LUT-FF pairs:     0  out of      5     0%  
   Number of unique control sets:         1

IO Utilization: 
 Number of IOs:                          25
 Number of bonded IOBs:                  19  out of    210     9%  
    IOB Flip Flops/Latches:               2

Specific Feature Utilization:
 Number of BUFG/BUFGCTRLs:                1  out of     32     3%  

---------------------------
Partition Resource Summary:
---------------------------

  No Partitions were found in this design.

---------------------------


=========================================================================
Timing Report

NOTE: THESE TIMING NUMBERS ARE ONLY A SYNTHESIS ESTIMATE.
      FOR ACCURATE TIMING INFORMATION PLEASE REFER TO THE TRACE REPORT
      GENERATED AFTER PLACE-and-ROUTE.

Clock Information:
------------------
-----------------------------------+------------------------+-------+
Clock Signal                       | Clock buffer(FF name)  | Load  |
-----------------------------------+------------------------+-------+
clk                                | BUFGP                  | 2     |
-----------------------------------+------------------------+-------+

Asynchronous Control Signals Information:
----------------------------------------
No asynchronous control signals found in this design

Timing Summary:
---------------
Speed Grade: -3

   Minimum period: No path found
   Minimum input arrival time before clock: 1.412ns
   Maximum output required time after clock: 0.640ns
   Maximum combinational path delay: No path found

Timing Details:
---------------
All values displayed in nanoseconds (ns)

=========================================================================
Timing constraint: Default OFFSET IN BEFORE for Clock 'clk'
  Total number of paths / destination ports: 30 / 4
-------------------------------------------------------------------------
Offset:              1.412ns (Levels of Logic = 3)
  Source:            address<6> (PAD)
  Destination:       trig_i2so_fifo_underrun_clr (FF)
  Destination Clock: clk rising

  Data Path: address<6> to trig_i2so_fifo_underrun_clr
                                Gate     Net
    Cell:in->out      fanout   Delay   Delay  Logical Name (Net Name)
    ----------------------------------------  ------------
     IBUF:I->O             1   0.001   0.693  address_6_IBUF (address_6_IBUF)
     LUT6:I0->O            2   0.097   0.515  address[11]_GND_1_o_AND_1_o2 (address[11]_GND_1_o_AND_1_o2)
     LUT4:I1->O            1   0.097   0.000  Mmux_GND_1_o_wdata[0]_MUX_1_o11 (GND_1_o_wdata[0]_MUX_1_o)
     FDC:D                     0.008          trig_i2si_fifo_overrun_clr
    ----------------------------------------
    Total                      1.412ns (0.203ns logic, 1.209ns route)
                                       (14.4% logic, 85.6% route)

=========================================================================
Timing constraint: Default OFFSET OUT AFTER for Clock 'clk'
  Total number of paths / destination ports: 2 / 2
-------------------------------------------------------------------------
Offset:              0.640ns (Levels of Logic = 1)
  Source:            trig_i2si_fifo_overrun_clr (FF)
  Destination:       trig_i2si_fifo_overrun_clr (PAD)
  Source Clock:      clk rising

  Data Path: trig_i2si_fifo_overrun_clr to trig_i2si_fifo_overrun_clr
                                Gate     Net
    Cell:in->out      fanout   Delay   Delay  Logical Name (Net Name)
    ----------------------------------------  ------------
     FDC:C->Q              1   0.361   0.279  trig_i2si_fifo_overrun_clr (trig_i2si_fifo_overrun_clr_OBUF)
     OBUF:I->O                 0.000          trig_i2si_fifo_overrun_clr_OBUF (trig_i2si_fifo_overrun_clr)
    ----------------------------------------
    Total                      0.640ns (0.361ns logic, 0.279ns route)
                                       (56.4% logic, 43.6% route)

=========================================================================

Cross Clock Domains Report:
--------------------------

=========================================================================


Total REAL time to Xst completion: 14.00 secs
Total CPU time to Xst completion: 14.56 secs
 
--> 

Total memory usage is 410652 kilobytes

Number of errors   :    0 (   0 filtered)
Number of warnings :    2 (   0 filtered)
Number of infos    :    0 (   0 filtered)

