Command line:
   i2s_in_isim_beh.exe
     -simmode  gui
     -simrunnum  0
     -socket  61528

Tue Jan 12 18:52:39 2016


 Elaboration Time: 0.109375 sec

 Current Memory Usage: 1344.61 Meg

 Total Signals          : 74
 Total Nets             : 236
 Total Signal Drivers   : 24
 Total Blocks           : 7
 Total Primitive Blocks : 6
 Total Processes        : 45
 Total Traceable Variables  : 46
 Total Scalar Nets and Variables : 804
Total Line Count : 190

 Total Simulation Time: 0.109375 sec

 Current Memory Usage: 1344.61 Meg

Tue Jan 12 18:52:43 2016

