ARM GAS  C:\Users\Ian\AppData\Local\Temp\ccs2X9Q7.s 			page 1


   1              		.syntax unified
   2              		.cpu cortex-m3
   3              		.fpu softvfp
   4              		.eabi_attribute 20, 1
   5              		.eabi_attribute 21, 1
   6              		.eabi_attribute 23, 3
   7              		.eabi_attribute 24, 1
   8              		.eabi_attribute 25, 1
   9              		.eabi_attribute 26, 1
  10              		.eabi_attribute 30, 1
  11              		.eabi_attribute 34, 1
  12              		.eabi_attribute 18, 4
  13              		.thumb
  14              		.file	"cymetadata.c"
  15              		.text
  16              	.Ltext0:
  17              		.cfi_sections	.debug_frame
  18              		.global	cy_metadata
  19              		.global	cy_meta_flashprotect
  20              		.global	cy_meta_wonvl
  21              		.global	cy_meta_custnvl
  22              		.global	cy_meta_configecc
  23              		.section	.cyconfigecc,"a",%progbits
  24              		.align	2
  25              		.type	cy_meta_configecc, %object
  26              		.size	cy_meta_configecc, 1188
  27              	cy_meta_configecc:
  28 0000 03       		.byte	3
  29 0001 52       		.byte	82
  30 0002 00       		.byte	0
  31 0003 40       		.byte	64
  32 0004 02       		.byte	2
  33 0005 64       		.byte	100
  34 0006 00       		.byte	0
  35 0007 40       		.byte	64
  36 0008 10       		.byte	16
  37 0009 00       		.byte	0
  38 000a 01       		.byte	1
  39 000b 40       		.byte	64
  40 000c 38       		.byte	56
  41 000d 01       		.byte	1
  42 000e 01       		.byte	1
  43 000f 40       		.byte	64
  44 0010 62       		.byte	98
  45 0011 02       		.byte	2
  46 0012 01       		.byte	1
  47 0013 40       		.byte	64
  48 0014 57       		.byte	87
  49 0015 03       		.byte	3
  50 0016 01       		.byte	1
  51 0017 40       		.byte	64
  52 0018 29       		.byte	41
  53 0019 04       		.byte	4
  54 001a 01       		.byte	1
  55 001b 40       		.byte	64
  56 001c 43       		.byte	67
  57 001d 05       		.byte	5
ARM GAS  C:\Users\Ian\AppData\Local\Temp\ccs2X9Q7.s 			page 2


  58 001e 01       		.byte	1
  59 001f 40       		.byte	64
  60 0020 02       		.byte	2
  61 0021 07       		.byte	7
  62 0022 01       		.byte	1
  63 0023 40       		.byte	64
  64 0024 01       		.byte	1
  65 0025 0D       		.byte	13
  66 0026 01       		.byte	1
  67 0027 40       		.byte	64
  68 0028 0F       		.byte	15
  69 0029 40       		.byte	64
  70 002a 01       		.byte	1
  71 002b 40       		.byte	64
  72 002c 07       		.byte	7
  73 002d 41       		.byte	65
  74 002e 01       		.byte	1
  75 002f 40       		.byte	64
  76 0030 03       		.byte	3
  77 0031 42       		.byte	66
  78 0032 01       		.byte	1
  79 0033 40       		.byte	64
  80 0034 02       		.byte	2
  81 0035 43       		.byte	67
  82 0036 01       		.byte	1
  83 0037 40       		.byte	64
  84 0038 03       		.byte	3
  85 0039 45       		.byte	69
  86 003a 01       		.byte	1
  87 003b 40       		.byte	64
  88 003c 01       		.byte	1
  89 003d 46       		.byte	70
  90 003e 01       		.byte	1
  91 003f 40       		.byte	64
  92 0040 01       		.byte	1
  93 0041 47       		.byte	71
  94 0042 01       		.byte	1
  95 0043 40       		.byte	64
  96 0044 01       		.byte	1
  97 0045 4C       		.byte	76
  98 0046 01       		.byte	1
  99 0047 40       		.byte	64
 100 0048 03       		.byte	3
 101 0049 4D       		.byte	77
 102 004a 01       		.byte	1
 103 004b 40       		.byte	64
 104 004c 03       		.byte	3
 105 004d 50       		.byte	80
 106 004e 01       		.byte	1
 107 004f 40       		.byte	64
 108 0050 01       		.byte	1
 109 0051 51       		.byte	81
 110 0052 01       		.byte	1
 111 0053 40       		.byte	64
 112 0054 20       		.byte	32
 113 0055 03       		.byte	3
 114 0056 21       		.byte	33
ARM GAS  C:\Users\Ian\AppData\Local\Temp\ccs2X9Q7.s 			page 3


 115 0057 06       		.byte	6
 116 0058 28       		.byte	40
 117 0059 01       		.byte	1
 118 005a 82       		.byte	-126
 119 005b 3F       		.byte	63
 120 005c 83       		.byte	-125
 121 005d 0F       		.byte	15
 122 005e 02       		.byte	2
 123 005f 01       		.byte	1
 124 0060 09       		.byte	9
 125 0061 02       		.byte	2
 126 0062 0A       		.byte	10
 127 0063 08       		.byte	8
 128 0064 12       		.byte	18
 129 0065 04       		.byte	4
 130 0066 1C       		.byte	28
 131 0067 05       		.byte	5
 132 0068 1E       		.byte	30
 133 0069 0A       		.byte	10
 134 006a 22       		.byte	34
 135 006b 02       		.byte	2
 136 006c 2D       		.byte	45
 137 006d 01       		.byte	1
 138 006e 30       		.byte	48
 139 006f 03       		.byte	3
 140 0070 33       		.byte	51
 141 0071 02       		.byte	2
 142 0072 34       		.byte	52
 143 0073 0C       		.byte	12
 144 0074 37       		.byte	55
 145 0075 01       		.byte	1
 146 0076 3F       		.byte	63
 147 0077 44       		.byte	68
 148 0078 58       		.byte	88
 149 0079 04       		.byte	4
 150 007a 59       		.byte	89
 151 007b 04       		.byte	4
 152 007c 5F       		.byte	95
 153 007d 01       		.byte	1
 154 007e 01       		.byte	1
 155 007f 22       		.byte	34
 156 0080 04       		.byte	4
 157 0081 40       		.byte	64
 158 0082 05       		.byte	5
 159 0083 14       		.byte	20
 160 0084 06       		.byte	6
 161 0085 80       		.byte	-128
 162 0086 09       		.byte	9
 163 0087 40       		.byte	64
 164 0088 0B       		.byte	11
 165 0089 80       		.byte	-128
 166 008a 0E       		.byte	14
 167 008b 11       		.byte	17
 168 008c 0F       		.byte	15
 169 008d 08       		.byte	8
 170 008e 10       		.byte	16
 171 008f 80       		.byte	-128
ARM GAS  C:\Users\Ian\AppData\Local\Temp\ccs2X9Q7.s 			page 4


 172 0090 15       		.byte	21
 173 0091 14       		.byte	20
 174 0092 16       		.byte	22
 175 0093 01       		.byte	1
 176 0094 17       		.byte	23
 177 0095 02       		.byte	2
 178 0096 19       		.byte	25
 179 0097 22       		.byte	34
 180 0098 1C       		.byte	28
 181 0099 08       		.byte	8
 182 009a 1D       		.byte	29
 183 009b 7C       		.byte	124
 184 009c 1E       		.byte	30
 185 009d 80       		.byte	-128
 186 009e 20       		.byte	32
 187 009f 01       		.byte	1
 188 00a0 22       		.byte	34
 189 00a1 04       		.byte	4
 190 00a2 25       		.byte	37
 191 00a3 02       		.byte	2
 192 00a4 27       		.byte	39
 193 00a5 42       		.byte	66
 194 00a6 28       		.byte	40
 195 00a7 08       		.byte	8
 196 00a8 2B       		.byte	43
 197 00a9 09       		.byte	9
 198 00aa 2D       		.byte	45
 199 00ab 14       		.byte	20
 200 00ac 2F       		.byte	47
 201 00ad 02       		.byte	2
 202 00ae 35       		.byte	53
 203 00af 04       		.byte	4
 204 00b0 36       		.byte	54
 205 00b1 20       		.byte	32
 206 00b2 37       		.byte	55
 207 00b3 42       		.byte	66
 208 00b4 3B       		.byte	59
 209 00b5 20       		.byte	32
 210 00b6 3C       		.byte	60
 211 00b7 08       		.byte	8
 212 00b8 3E       		.byte	62
 213 00b9 91       		.byte	-111
 214 00ba 45       		.byte	69
 215 00bb 28       		.byte	40
 216 00bc 47       		.byte	71
 217 00bd 02       		.byte	2
 218 00be 4A       		.byte	74
 219 00bf 04       		.byte	4
 220 00c0 4B       		.byte	75
 221 00c1 10       		.byte	16
 222 00c2 4C       		.byte	76
 223 00c3 80       		.byte	-128
 224 00c4 4E       		.byte	78
 225 00c5 20       		.byte	32
 226 00c6 4F       		.byte	79
 227 00c7 08       		.byte	8
 228 00c8 56       		.byte	86
ARM GAS  C:\Users\Ian\AppData\Local\Temp\ccs2X9Q7.s 			page 5


 229 00c9 82       		.byte	-126
 230 00ca 57       		.byte	87
 231 00cb 08       		.byte	8
 232 00cc 5C       		.byte	92
 233 00cd 28       		.byte	40
 234 00ce 5E       		.byte	94
 235 00cf 80       		.byte	-128
 236 00d0 6C       		.byte	108
 237 00d1 09       		.byte	9
 238 00d2 6E       		.byte	110
 239 00d3 08       		.byte	8
 240 00d4 6F       		.byte	111
 241 00d5 02       		.byte	2
 242 00d6 85       		.byte	-123
 243 00d7 02       		.byte	2
 244 00d8 88       		.byte	-120
 245 00d9 20       		.byte	32
 246 00da 8A       		.byte	-118
 247 00db 02       		.byte	2
 248 00dc C0       		.byte	-64
 249 00dd FA       		.byte	-6
 250 00de C2       		.byte	-62
 251 00df E9       		.byte	-23
 252 00e0 C4       		.byte	-60
 253 00e1 F8       		.byte	-8
 254 00e2 CA       		.byte	-54
 255 00e3 78       		.byte	120
 256 00e4 CC       		.byte	-52
 257 00e5 F0       		.byte	-16
 258 00e6 CE       		.byte	-50
 259 00e7 F4       		.byte	-12
 260 00e8 D0       		.byte	-48
 261 00e9 E0       		.byte	-32
 262 00ea D6       		.byte	-42
 263 00eb 70       		.byte	112
 264 00ec E2       		.byte	-30
 265 00ed 80       		.byte	-128
 266 00ee 02       		.byte	2
 267 00ef 01       		.byte	1
 268 00f0 04       		.byte	4
 269 00f1 01       		.byte	1
 270 00f2 06       		.byte	6
 271 00f3 04       		.byte	4
 272 00f4 07       		.byte	7
 273 00f5 3F       		.byte	63
 274 00f6 08       		.byte	8
 275 00f7 01       		.byte	1
 276 00f8 09       		.byte	9
 277 00f9 40       		.byte	64
 278 00fa 0A       		.byte	10
 279 00fb 40       		.byte	64
 280 00fc 0B       		.byte	11
 281 00fd 01       		.byte	1
 282 00fe 0C       		.byte	12
 283 00ff 01       		.byte	1
 284 0100 0E       		.byte	14
 285 0101 10       		.byte	16
ARM GAS  C:\Users\Ian\AppData\Local\Temp\ccs2X9Q7.s 			page 6


 286 0102 10       		.byte	16
 287 0103 FF       		.byte	-1
 288 0104 11       		.byte	17
 289 0105 04       		.byte	4
 290 0106 13       		.byte	19
 291 0107 40       		.byte	64
 292 0108 15       		.byte	21
 293 0109 02       		.byte	2
 294 010a 16       		.byte	22
 295 010b FE       		.byte	-2
 296 010c 17       		.byte	23
 297 010d 40       		.byte	64
 298 010e 19       		.byte	25
 299 010f 40       		.byte	64
 300 0110 1A       		.byte	26
 301 0111 FE       		.byte	-2
 302 0112 1B       		.byte	27
 303 0113 20       		.byte	32
 304 0114 1C       		.byte	28
 305 0115 01       		.byte	1
 306 0116 1D       		.byte	29
 307 0117 7F       		.byte	127
 308 0118 1E       		.byte	30
 309 0119 20       		.byte	32
 310 011a 21       		.byte	33
 311 011b 08       		.byte	8
 312 011c 23       		.byte	35
 313 011d 40       		.byte	64
 314 011e 24       		.byte	36
 315 011f 01       		.byte	1
 316 0120 25       		.byte	37
 317 0121 10       		.byte	16
 318 0122 26       		.byte	38
 319 0123 08       		.byte	8
 320 0124 27       		.byte	39
 321 0125 40       		.byte	64
 322 0126 28       		.byte	40
 323 0127 01       		.byte	1
 324 0128 2A       		.byte	42
 325 0129 80       		.byte	-128
 326 012a 2B       		.byte	43
 327 012b 40       		.byte	64
 328 012c 2C       		.byte	44
 329 012d 01       		.byte	1
 330 012e 2D       		.byte	45
 331 012f 80       		.byte	-128
 332 0130 2E       		.byte	46
 333 0131 02       		.byte	2
 334 0132 2F       		.byte	47
 335 0133 3F       		.byte	63
 336 0134 31       		.byte	49
 337 0135 80       		.byte	-128
 338 0136 32       		.byte	50
 339 0137 FF       		.byte	-1
 340 0138 35       		.byte	53
 341 0139 7F       		.byte	127
 342 013a 56       		.byte	86
ARM GAS  C:\Users\Ian\AppData\Local\Temp\ccs2X9Q7.s 			page 7


 343 013b 02       		.byte	2
 344 013c 57       		.byte	87
 345 013d 28       		.byte	40
 346 013e 58       		.byte	88
 347 013f 04       		.byte	4
 348 0140 59       		.byte	89
 349 0141 04       		.byte	4
 350 0142 5B       		.byte	91
 351 0143 04       		.byte	4
 352 0144 5F       		.byte	95
 353 0145 01       		.byte	1
 354 0146 84       		.byte	-124
 355 0147 10       		.byte	16
 356 0148 86       		.byte	-122
 357 0149 AC       		.byte	-84
 358 014a 88       		.byte	-120
 359 014b 10       		.byte	16
 360 014c 89       		.byte	-119
 361 014d 73       		.byte	115
 362 014e 8A       		.byte	-118
 363 014f 40       		.byte	64
 364 0150 8B       		.byte	-117
 365 0151 0C       		.byte	12
 366 0152 8C       		.byte	-116
 367 0153 0C       		.byte	12
 368 0154 8D       		.byte	-115
 369 0155 2A       		.byte	42
 370 0156 8E       		.byte	-114
 371 0157 71       		.byte	113
 372 0158 8F       		.byte	-113
 373 0159 44       		.byte	68
 374 015a 92       		.byte	-110
 375 015b 03       		.byte	3
 376 015c 94       		.byte	-108
 377 015d 14       		.byte	20
 378 015e 98       		.byte	-104
 379 015f 09       		.byte	9
 380 0160 9A       		.byte	-102
 381 0161 D0       		.byte	-48
 382 0162 9B       		.byte	-101
 383 0163 55       		.byte	85
 384 0164 9D       		.byte	-99
 385 0165 03       		.byte	3
 386 0166 9F       		.byte	-97
 387 0167 44       		.byte	68
 388 0168 A0       		.byte	-96
 389 0169 DC       		.byte	-36
 390 016a A2       		.byte	-94
 391 016b 22       		.byte	34
 392 016c A6       		.byte	-90
 393 016d 20       		.byte	32
 394 016e A7       		.byte	-89
 395 016f 08       		.byte	8
 396 0170 AD       		.byte	-83
 397 0171 73       		.byte	115
 398 0172 AF       		.byte	-81
 399 0173 04       		.byte	4
ARM GAS  C:\Users\Ian\AppData\Local\Temp\ccs2X9Q7.s 			page 8


 400 0174 B0       		.byte	-80
 401 0175 1F       		.byte	31
 402 0176 B1       		.byte	-79
 403 0177 40       		.byte	64
 404 0178 B3       		.byte	-77
 405 0179 30       		.byte	48
 406 017a B5       		.byte	-75
 407 017b 0F       		.byte	15
 408 017c B6       		.byte	-74
 409 017d E0       		.byte	-32
 410 017e B9       		.byte	-71
 411 017f 08       		.byte	8
 412 0180 BA       		.byte	-70
 413 0181 80       		.byte	-128
 414 0182 BB       		.byte	-69
 415 0183 20       		.byte	32
 416 0184 BF       		.byte	-65
 417 0185 05       		.byte	5
 418 0186 C0       		.byte	-64
 419 0187 62       		.byte	98
 420 0188 C1       		.byte	-63
 421 0189 05       		.byte	5
 422 018a C6       		.byte	-58
 423 018b EC       		.byte	-20
 424 018c C7       		.byte	-57
 425 018d 0B       		.byte	11
 426 018e C8       		.byte	-56
 427 018f 1C       		.byte	28
 428 0190 C9       		.byte	-55
 429 0191 FF       		.byte	-1
 430 0192 CA       		.byte	-54
 431 0193 FF       		.byte	-1
 432 0194 CB       		.byte	-53
 433 0195 FF       		.byte	-1
 434 0196 CE       		.byte	-50
 435 0197 F0       		.byte	-16
 436 0198 CF       		.byte	-49
 437 0199 44       		.byte	68
 438 019a D0       		.byte	-48
 439 019b 0C       		.byte	12
 440 019c D4       		.byte	-44
 441 019d 01       		.byte	1
 442 019e D8       		.byte	-40
 443 019f 04       		.byte	4
 444 01a0 D9       		.byte	-39
 445 01a1 04       		.byte	4
 446 01a2 DA       		.byte	-38
 447 01a3 04       		.byte	4
 448 01a4 DB       		.byte	-37
 449 01a5 04       		.byte	4
 450 01a6 DC       		.byte	-36
 451 01a7 11       		.byte	17
 452 01a8 DD       		.byte	-35
 453 01a9 11       		.byte	17
 454 01aa DF       		.byte	-33
 455 01ab 01       		.byte	1
 456 01ac E6       		.byte	-26
ARM GAS  C:\Users\Ian\AppData\Local\Temp\ccs2X9Q7.s 			page 9


 457 01ad C0       		.byte	-64
 458 01ae EA       		.byte	-22
 459 01af 40       		.byte	64
 460 01b0 EB       		.byte	-21
 461 01b1 02       		.byte	2
 462 01b2 00       		.byte	0
 463 01b3 28       		.byte	40
 464 01b4 01       		.byte	1
 465 01b5 80       		.byte	-128
 466 01b6 04       		.byte	4
 467 01b7 22       		.byte	34
 468 01b8 06       		.byte	6
 469 01b9 20       		.byte	32
 470 01ba 07       		.byte	7
 471 01bb 01       		.byte	1
 472 01bc 08       		.byte	8
 473 01bd 10       		.byte	16
 474 01be 09       		.byte	9
 475 01bf 08       		.byte	8
 476 01c0 0A       		.byte	10
 477 01c1 40       		.byte	64
 478 01c2 0D       		.byte	13
 479 01c3 02       		.byte	2
 480 01c4 0E       		.byte	14
 481 01c5 19       		.byte	25
 482 01c6 10       		.byte	16
 483 01c7 20       		.byte	32
 484 01c8 12       		.byte	18
 485 01c9 40       		.byte	64
 486 01ca 15       		.byte	21
 487 01cb 50       		.byte	80
 488 01cc 17       		.byte	23
 489 01cd 08       		.byte	8
 490 01ce 19       		.byte	25
 491 01cf C0       		.byte	-64
 492 01d0 1A       		.byte	26
 493 01d1 40       		.byte	64
 494 01d2 1B       		.byte	27
 495 01d3 01       		.byte	1
 496 01d4 1E       		.byte	30
 497 01d5 10       		.byte	16
 498 01d6 20       		.byte	32
 499 01d7 08       		.byte	8
 500 01d8 21       		.byte	33
 501 01d9 10       		.byte	16
 502 01da 22       		.byte	34
 503 01db 08       		.byte	8
 504 01dc 23       		.byte	35
 505 01dd 80       		.byte	-128
 506 01de 24       		.byte	36
 507 01df 44       		.byte	68
 508 01e0 28       		.byte	40
 509 01e1 10       		.byte	16
 510 01e2 29       		.byte	41
 511 01e3 48       		.byte	72
 512 01e4 2C       		.byte	44
 513 01e5 08       		.byte	8
ARM GAS  C:\Users\Ian\AppData\Local\Temp\ccs2X9Q7.s 			page 10


 514 01e6 2D       		.byte	45
 515 01e7 04       		.byte	4
 516 01e8 2E       		.byte	46
 517 01e9 01       		.byte	1
 518 01ea 2F       		.byte	47
 519 01eb 01       		.byte	1
 520 01ec 30       		.byte	48
 521 01ed A0       		.byte	-96
 522 01ee 33       		.byte	51
 523 01ef 20       		.byte	32
 524 01f0 36       		.byte	54
 525 01f1 90       		.byte	-112
 526 01f2 37       		.byte	55
 527 01f3 09       		.byte	9
 528 01f4 38       		.byte	56
 529 01f5 80       		.byte	-128
 530 01f6 39       		.byte	57
 531 01f7 20       		.byte	32
 532 01f8 3A       		.byte	58
 533 01f9 40       		.byte	64
 534 01fa 3C       		.byte	60
 535 01fb 04       		.byte	4
 536 01fc 3E       		.byte	62
 537 01fd 20       		.byte	32
 538 01fe 43       		.byte	67
 539 01ff 20       		.byte	32
 540 0200 48       		.byte	72
 541 0201 04       		.byte	4
 542 0202 49       		.byte	73
 543 0203 40       		.byte	64
 544 0204 50       		.byte	80
 545 0205 80       		.byte	-128
 546 0206 51       		.byte	81
 547 0207 08       		.byte	8
 548 0208 53       		.byte	83
 549 0209 10       		.byte	16
 550 020a 5A       		.byte	90
 551 020b 08       		.byte	8
 552 020c 5B       		.byte	91
 553 020d 92       		.byte	-110
 554 020e 67       		.byte	103
 555 020f 10       		.byte	16
 556 0210 6C       		.byte	108
 557 0211 10       		.byte	16
 558 0212 6D       		.byte	109
 559 0213 D4       		.byte	-44
 560 0214 6E       		.byte	110
 561 0215 21       		.byte	33
 562 0216 6F       		.byte	111
 563 0217 40       		.byte	64
 564 0218 76       		.byte	118
 565 0219 20       		.byte	32
 566 021a 77       		.byte	119
 567 021b 09       		.byte	9
 568 021c 82       		.byte	-126
 569 021d 01       		.byte	1
 570 021e 83       		.byte	-125
ARM GAS  C:\Users\Ian\AppData\Local\Temp\ccs2X9Q7.s 			page 11


 571 021f 08       		.byte	8
 572 0220 90       		.byte	-112
 573 0221 02       		.byte	2
 574 0222 92       		.byte	-110
 575 0223 08       		.byte	8
 576 0224 93       		.byte	-109
 577 0225 12       		.byte	18
 578 0226 94       		.byte	-108
 579 0227 40       		.byte	64
 580 0228 95       		.byte	-107
 581 0229 14       		.byte	20
 582 022a 96       		.byte	-106
 583 022b 11       		.byte	17
 584 022c 97       		.byte	-105
 585 022d 20       		.byte	32
 586 022e 99       		.byte	-103
 587 022f 20       		.byte	32
 588 0230 9E       		.byte	-98
 589 0231 01       		.byte	1
 590 0232 A0       		.byte	-96
 591 0233 08       		.byte	8
 592 0234 A1       		.byte	-95
 593 0235 02       		.byte	2
 594 0236 A2       		.byte	-94
 595 0237 04       		.byte	4
 596 0238 A5       		.byte	-91
 597 0239 40       		.byte	64
 598 023a A7       		.byte	-89
 599 023b 01       		.byte	1
 600 023c AD       		.byte	-83
 601 023d 40       		.byte	64
 602 023e AF       		.byte	-81
 603 023f 40       		.byte	64
 604 0240 B1       		.byte	-79
 605 0241 40       		.byte	64
 606 0242 B4       		.byte	-76
 607 0243 01       		.byte	1
 608 0244 B6       		.byte	-74
 609 0245 04       		.byte	4
 610 0246 B7       		.byte	-73
 611 0247 09       		.byte	9
 612 0248 C0       		.byte	-64
 613 0249 F7       		.byte	-9
 614 024a C2       		.byte	-62
 615 024b FE       		.byte	-2
 616 024c C4       		.byte	-60
 617 024d EC       		.byte	-20
 618 024e CA       		.byte	-54
 619 024f FA       		.byte	-6
 620 0250 CC       		.byte	-52
 621 0251 FC       		.byte	-4
 622 0252 CE       		.byte	-50
 623 0253 6C       		.byte	108
 624 0254 D0       		.byte	-48
 625 0255 04       		.byte	4
 626 0256 D2       		.byte	-46
 627 0257 0C       		.byte	12
ARM GAS  C:\Users\Ian\AppData\Local\Temp\ccs2X9Q7.s 			page 12


 628 0258 D6       		.byte	-42
 629 0259 0F       		.byte	15
 630 025a D8       		.byte	-40
 631 025b 40       		.byte	64
 632 025c EA       		.byte	-22
 633 025d 10       		.byte	16
 634 025e EE       		.byte	-18
 635 025f 20       		.byte	32
 636 0260 03       		.byte	3
 637 0261 01       		.byte	1
 638 0262 04       		.byte	4
 639 0263 11       		.byte	17
 640 0264 06       		.byte	6
 641 0265 06       		.byte	6
 642 0266 07       		.byte	7
 643 0267 02       		.byte	2
 644 0268 0A       		.byte	10
 645 0269 08       		.byte	8
 646 026a 0C       		.byte	12
 647 026b 11       		.byte	17
 648 026c 0E       		.byte	14
 649 026d 0E       		.byte	14
 650 026e 0F       		.byte	15
 651 026f 01       		.byte	1
 652 0270 10       		.byte	16
 653 0271 0C       		.byte	12
 654 0272 12       		.byte	18
 655 0273 13       		.byte	19
 656 0274 16       		.byte	22
 657 0275 0C       		.byte	12
 658 0276 17       		.byte	23
 659 0277 07       		.byte	7
 660 0278 1F       		.byte	31
 661 0279 04       		.byte	4
 662 027a 23       		.byte	35
 663 027b 02       		.byte	2
 664 027c 24       		.byte	36
 665 027d 20       		.byte	32
 666 027e 26       		.byte	38
 667 027f 03       		.byte	3
 668 0280 30       		.byte	48
 669 0281 0F       		.byte	15
 670 0282 32       		.byte	50
 671 0283 30       		.byte	48
 672 0284 37       		.byte	55
 673 0285 07       		.byte	7
 674 0286 38       		.byte	56
 675 0287 08       		.byte	8
 676 0288 3A       		.byte	58
 677 0289 02       		.byte	2
 678 028a 40       		.byte	64
 679 028b 06       		.byte	6
 680 028c 45       		.byte	69
 681 028d 04       		.byte	4
 682 028e 49       		.byte	73
 683 028f FF       		.byte	-1
 684 0290 4A       		.byte	74
ARM GAS  C:\Users\Ian\AppData\Local\Temp\ccs2X9Q7.s 			page 13


 685 0291 07       		.byte	7
 686 0292 4B       		.byte	75
 687 0293 FF       		.byte	-1
 688 0294 4C       		.byte	76
 689 0295 40       		.byte	64
 690 0296 4D       		.byte	77
 691 0297 20       		.byte	32
 692 0298 4E       		.byte	78
 693 0299 F0       		.byte	-16
 694 029a 4F       		.byte	79
 695 029b 05       		.byte	5
 696 029c 50       		.byte	80
 697 029d 08       		.byte	8
 698 029e 58       		.byte	88
 699 029f 04       		.byte	4
 700 02a0 59       		.byte	89
 701 02a1 04       		.byte	4
 702 02a2 5A       		.byte	90
 703 02a3 04       		.byte	4
 704 02a4 5C       		.byte	92
 705 02a5 01       		.byte	1
 706 02a6 5D       		.byte	93
 707 02a7 01       		.byte	1
 708 02a8 5F       		.byte	95
 709 02a9 01       		.byte	1
 710 02aa 60       		.byte	96
 711 02ab 40       		.byte	64
 712 02ac 61       		.byte	97
 713 02ad A8       		.byte	-88
 714 02ae 62       		.byte	98
 715 02af 40       		.byte	64
 716 02b0 63       		.byte	99
 717 02b1 20       		.byte	32
 718 02b2 00       		.byte	0
 719 02b3 28       		.byte	40
 720 02b4 01       		.byte	1
 721 02b5 80       		.byte	-128
 722 02b6 04       		.byte	4
 723 02b7 44       		.byte	68
 724 02b8 07       		.byte	7
 725 02b9 48       		.byte	72
 726 02ba 0A       		.byte	10
 727 02bb 50       		.byte	80
 728 02bc 0D       		.byte	13
 729 02bd 20       		.byte	32
 730 02be 0E       		.byte	14
 731 02bf 02       		.byte	2
 732 02c0 10       		.byte	16
 733 02c1 20       		.byte	32
 734 02c2 15       		.byte	21
 735 02c3 14       		.byte	20
 736 02c4 17       		.byte	23
 737 02c5 01       		.byte	1
 738 02c6 18       		.byte	24
 739 02c7 80       		.byte	-128
 740 02c8 19       		.byte	25
 741 02c9 08       		.byte	8
ARM GAS  C:\Users\Ian\AppData\Local\Temp\ccs2X9Q7.s 			page 14


 742 02ca 1A       		.byte	26
 743 02cb 50       		.byte	80
 744 02cc 1C       		.byte	28
 745 02cd 40       		.byte	64
 746 02ce 1D       		.byte	29
 747 02cf AA       		.byte	-86
 748 02d0 1E       		.byte	30
 749 02d1 08       		.byte	8
 750 02d2 1F       		.byte	31
 751 02d3 46       		.byte	70
 752 02d4 22       		.byte	34
 753 02d5 80       		.byte	-128
 754 02d6 26       		.byte	38
 755 02d7 43       		.byte	67
 756 02d8 2B       		.byte	43
 757 02d9 40       		.byte	64
 758 02da 2D       		.byte	45
 759 02db 04       		.byte	4
 760 02dc 2F       		.byte	47
 761 02dd 46       		.byte	70
 762 02de 30       		.byte	48
 763 02df 08       		.byte	8
 764 02e0 32       		.byte	50
 765 02e1 80       		.byte	-128
 766 02e2 36       		.byte	54
 767 02e3 06       		.byte	6
 768 02e4 37       		.byte	55
 769 02e5 40       		.byte	64
 770 02e6 39       		.byte	57
 771 02e7 01       		.byte	1
 772 02e8 3B       		.byte	59
 773 02e9 88       		.byte	-120
 774 02ea 3C       		.byte	60
 775 02eb 04       		.byte	4
 776 02ec 3D       		.byte	61
 777 02ed 10       		.byte	16
 778 02ee 3F       		.byte	63
 779 02ef 82       		.byte	-126
 780 02f0 45       		.byte	69
 781 02f1 AA       		.byte	-86
 782 02f2 48       		.byte	72
 783 02f3 10       		.byte	16
 784 02f4 4A       		.byte	74
 785 02f5 08       		.byte	8
 786 02f6 4C       		.byte	76
 787 02f7 10       		.byte	16
 788 02f8 4D       		.byte	77
 789 02f9 21       		.byte	33
 790 02fa 4E       		.byte	78
 791 02fb 02       		.byte	2
 792 02fc 4F       		.byte	79
 793 02fd 06       		.byte	6
 794 02fe 50       		.byte	80
 795 02ff 20       		.byte	32
 796 0300 56       		.byte	86
 797 0301 04       		.byte	4
 798 0302 57       		.byte	87
ARM GAS  C:\Users\Ian\AppData\Local\Temp\ccs2X9Q7.s 			page 15


 799 0303 40       		.byte	64
 800 0304 5E       		.byte	94
 801 0305 80       		.byte	-128
 802 0306 5F       		.byte	95
 803 0307 24       		.byte	36
 804 0308 8C       		.byte	-116
 805 0309 10       		.byte	16
 806 030a 90       		.byte	-112
 807 030b 04       		.byte	4
 808 030c 91       		.byte	-111
 809 030d 14       		.byte	20
 810 030e 94       		.byte	-108
 811 030f 80       		.byte	-128
 812 0310 99       		.byte	-103
 813 0311 A0       		.byte	-96
 814 0312 9B       		.byte	-101
 815 0313 49       		.byte	73
 816 0314 9D       		.byte	-99
 817 0315 08       		.byte	8
 818 0316 A0       		.byte	-96
 819 0317 0C       		.byte	12
 820 0318 A2       		.byte	-94
 821 0319 08       		.byte	8
 822 031a A4       		.byte	-92
 823 031b 30       		.byte	48
 824 031c A6       		.byte	-90
 825 031d 80       		.byte	-128
 826 031e A8       		.byte	-88
 827 031f 80       		.byte	-128
 828 0320 AB       		.byte	-85
 829 0321 10       		.byte	16
 830 0322 B3       		.byte	-77
 831 0323 12       		.byte	18
 832 0324 C0       		.byte	-64
 833 0325 F7       		.byte	-9
 834 0326 C2       		.byte	-62
 835 0327 CC       		.byte	-52
 836 0328 C4       		.byte	-60
 837 0329 74       		.byte	116
 838 032a CA       		.byte	-54
 839 032b F1       		.byte	-15
 840 032c CC       		.byte	-52
 841 032d DA       		.byte	-38
 842 032e CE       		.byte	-50
 843 032f FB       		.byte	-5
 844 0330 D0       		.byte	-48
 845 0331 F0       		.byte	-16
 846 0332 D2       		.byte	-46
 847 0333 34       		.byte	52
 848 0334 D6       		.byte	-42
 849 0335 70       		.byte	112
 850 0336 E6       		.byte	-26
 851 0337 40       		.byte	64
 852 0338 AA       		.byte	-86
 853 0339 04       		.byte	4
 854 033a AB       		.byte	-85
 855 033b 20       		.byte	32
ARM GAS  C:\Users\Ian\AppData\Local\Temp\ccs2X9Q7.s 			page 16


 856 033c EC       		.byte	-20
 857 033d 10       		.byte	16
 858 033e 0C       		.byte	12
 859 033f 80       		.byte	-128
 860 0340 38       		.byte	56
 861 0341 04       		.byte	4
 862 0342 3E       		.byte	62
 863 0343 10       		.byte	16
 864 0344 3F       		.byte	63
 865 0345 02       		.byte	2
 866 0346 42       		.byte	66
 867 0347 08       		.byte	8
 868 0348 54       		.byte	84
 869 0349 41       		.byte	65
 870 034a 58       		.byte	88
 871 034b 40       		.byte	64
 872 034c 84       		.byte	-124
 873 034d 01       		.byte	1
 874 034e 8B       		.byte	-117
 875 034f 01       		.byte	1
 876 0350 C2       		.byte	-62
 877 0351 80       		.byte	-128
 878 0352 CE       		.byte	-50
 879 0353 E0       		.byte	-32
 880 0354 D0       		.byte	-48
 881 0355 10       		.byte	16
 882 0356 D4       		.byte	-44
 883 0357 C0       		.byte	-64
 884 0358 D6       		.byte	-42
 885 0359 20       		.byte	32
 886 035a E6       		.byte	-26
 887 035b 10       		.byte	16
 888 035c 94       		.byte	-108
 889 035d 04       		.byte	4
 890 035e 96       		.byte	-106
 891 035f 10       		.byte	16
 892 0360 AC       		.byte	-84
 893 0361 C0       		.byte	-64
 894 0362 B0       		.byte	-80
 895 0363 40       		.byte	64
 896 0364 B6       		.byte	-74
 897 0365 08       		.byte	8
 898 0366 E8       		.byte	-24
 899 0367 10       		.byte	16
 900 0368 EE       		.byte	-18
 901 0369 10       		.byte	16
 902 036a 8C       		.byte	-116
 903 036b 04       		.byte	4
 904 036c 94       		.byte	-108
 905 036d 04       		.byte	4
 906 036e 96       		.byte	-106
 907 036f 10       		.byte	16
 908 0370 AA       		.byte	-86
 909 0371 10       		.byte	16
 910 0372 EA       		.byte	-22
 911 0373 80       		.byte	-128
 912 0374 A0       		.byte	-96
ARM GAS  C:\Users\Ian\AppData\Local\Temp\ccs2X9Q7.s 			page 17


 913 0375 20       		.byte	32
 914 0376 B4       		.byte	-76
 915 0377 20       		.byte	32
 916 0378 EC       		.byte	-20
 917 0379 08       		.byte	8
 918 037a A0       		.byte	-96
 919 037b 20       		.byte	32
 920 037c A0       		.byte	-96
 921 037d 20       		.byte	32
 922 037e A0       		.byte	-96
 923 037f 20       		.byte	32
 924 0380 54       		.byte	84
 925 0381 20       		.byte	32
 926 0382 A0       		.byte	-96
 927 0383 20       		.byte	32
 928 0384 D4       		.byte	-44
 929 0385 02       		.byte	2
 930 0386 00       		.byte	0
 931 0387 03       		.byte	3
 932 0388 08       		.byte	8
 933 0389 03       		.byte	3
 934 038a 0A       		.byte	10
 935 038b 03       		.byte	3
 936 038c 10       		.byte	16
 937 038d 55       		.byte	85
 938 038e 00       		.byte	0
 939 038f 00       		.byte	0
 940 0390 00       		.byte	0
 941 0391 00       		.byte	0
 942 0392 08       		.byte	8
 943 0393 01       		.byte	1
 944 0394 35       		.byte	53
 945 0395 23       		.byte	35
 946 0396 48       		.byte	72
 947 0397 44       		.byte	68
 948 0398 08       		.byte	8
 949 0399 00       		.byte	0
 950 039a 54       		.byte	84
 951 039b 0F       		.byte	15
 952 039c 80       		.byte	-128
 953 039d 00       		.byte	0
 954 039e 00       		.byte	0
 955 039f 20       		.byte	32
 956 03a0 00       		.byte	0
 957 03a1 60       		.byte	96
 958 03a2 00       		.byte	0
 959 03a3 08       		.byte	8
 960 03a4 02       		.byte	2
 961 03a5 44       		.byte	68
 962 03a6 00       		.byte	0
 963 03a7 22       		.byte	34
 964 03a8 00       		.byte	0
 965 03a9 00       		.byte	0
 966 03aa 10       		.byte	16
 967 03ab 40       		.byte	64
 968 03ac 00       		.byte	0
 969 03ad 00       		.byte	0
ARM GAS  C:\Users\Ian\AppData\Local\Temp\ccs2X9Q7.s 			page 18


 970 03ae 21       		.byte	33
 971 03af 10       		.byte	16
 972 03b0 3D       		.byte	61
 973 03b1 00       		.byte	0
 974 03b2 40       		.byte	64
 975 03b3 00       		.byte	0
 976 03b4 00       		.byte	0
 977 03b5 00       		.byte	0
 978 03b6 21       		.byte	33
 979 03b7 01       		.byte	1
 980 03b8 00       		.byte	0
 981 03b9 00       		.byte	0
 982 03ba 21       		.byte	33
 983 03bb 01       		.byte	1
 984 03bc 81       		.byte	-127
 985 03bd 00       		.byte	0
 986 03be 20       		.byte	32
 987 03bf 70       		.byte	112
 988 03c0 18       		.byte	24
 989 03c1 70       		.byte	112
 990 03c2 66       		.byte	102
 991 03c3 00       		.byte	0
 992 03c4 07       		.byte	7
 993 03c5 00       		.byte	0
 994 03c6 80       		.byte	-128
 995 03c7 0F       		.byte	15
 996 03c8 00       		.byte	0
 997 03c9 80       		.byte	-128
 998 03ca 00       		.byte	0
 999 03cb 00       		.byte	0
 1000 03cc 00       		.byte	0
 1001 03cd 00       		.byte	0
 1002 03ce 01       		.byte	1
 1003 03cf 00       		.byte	0
 1004 03d0 43       		.byte	67
 1005 03d1 02       		.byte	2
 1006 03d2 00       		.byte	0
 1007 03d3 00       		.byte	0
 1008 03d4 00       		.byte	0
 1009 03d5 BD       		.byte	-67
 1010 03d6 0C       		.byte	12
 1011 03d7 EF       		.byte	-17
 1012 03d8 37       		.byte	55
 1013 03d9 FF       		.byte	-1
 1014 03da FF       		.byte	-1
 1015 03db FF       		.byte	-1
 1016 03dc 00       		.byte	0
 1017 03dd 00       		.byte	0
 1018 03de 00       		.byte	0
 1019 03df 00       		.byte	0
 1020 03e0 04       		.byte	4
 1021 03e1 00       		.byte	0
 1022 03e2 07       		.byte	7
 1023 03e3 00       		.byte	0
 1024 03e4 01       		.byte	1
 1025 03e5 00       		.byte	0
 1026 03e6 00       		.byte	0
ARM GAS  C:\Users\Ian\AppData\Local\Temp\ccs2X9Q7.s 			page 19


 1027 03e7 00       		.byte	0
 1028 03e8 04       		.byte	4
 1029 03e9 04       		.byte	4
 1030 03ea 04       		.byte	4
 1031 03eb 04       		.byte	4
 1032 03ec 00       		.byte	0
 1033 03ed 00       		.byte	0
 1034 03ee 00       		.byte	0
 1035 03ef 01       		.byte	1
 1036 03f0 00       		.byte	0
 1037 03f1 00       		.byte	0
 1038 03f2 C0       		.byte	-64
 1039 03f3 00       		.byte	0
 1040 03f4 40       		.byte	64
 1041 03f5 01       		.byte	1
 1042 03f6 80       		.byte	-128
 1043 03f7 00       		.byte	0
 1044 03f8 30       		.byte	48
 1045 03f9 00       		.byte	0
 1046 03fa 40       		.byte	64
 1047 03fb 10       		.byte	16
 1048 03fc 10       		.byte	16
 1049 03fd 00       		.byte	0
 1050 03fe 40       		.byte	64
 1051 03ff A8       		.byte	-88
 1052 0400 00       		.byte	0
 1053 0401 00       		.byte	0
 1054 0402 00       		.byte	0
 1055 0403 00       		.byte	0
 1056 0404 00       		.byte	0
 1057 0405 00       		.byte	0
 1058 0406 00       		.byte	0
 1059 0407 00       		.byte	0
 1060 0408 00       		.byte	0
 1061 0409 00       		.byte	0
 1062 040a 00       		.byte	0
 1063 040b 00       		.byte	0
 1064 040c 00       		.byte	0
 1065 040d 00       		.byte	0
 1066 040e 00       		.byte	0
 1067 040f 00       		.byte	0
 1068 0410 00       		.byte	0
 1069 0411 00       		.byte	0
 1070 0412 1B       		.byte	27
 1071 0413 01       		.byte	1
 1072 0414 00       		.byte	0
 1073 0415 00       		.byte	0
 1074 0416 1F       		.byte	31
 1075 0417 3C       		.byte	60
 1076 0418 09       		.byte	9
 1077 0419 04       		.byte	4
 1078 041a 12       		.byte	18
 1079 041b 00       		.byte	0
 1080 041c BF       		.byte	-65
 1081 041d 00       		.byte	0
 1082 041e 40       		.byte	64
 1083 041f 02       		.byte	2
ARM GAS  C:\Users\Ian\AppData\Local\Temp\ccs2X9Q7.s 			page 20


 1084 0420 00       		.byte	0
 1085 0421 00       		.byte	0
 1086 0422 00       		.byte	0
 1087 0423 20       		.byte	32
 1088 0424 00       		.byte	0
 1089 0425 0C       		.byte	12
 1090 0426 00       		.byte	0
 1091 0427 10       		.byte	16
 1092 0428 1B       		.byte	27
 1093 0429 00       		.byte	0
 1094 042a A4       		.byte	-92
 1095 042b 00       		.byte	0
 1096 042c DB       		.byte	-37
 1097 042d 00       		.byte	0
 1098 042e 24       		.byte	36
 1099 042f 04       		.byte	4
 1100 0430 11       		.byte	17
 1101 0431 00       		.byte	0
 1102 0432 0A       		.byte	10
 1103 0433 01       		.byte	1
 1104 0434 00       		.byte	0
 1105 0435 00       		.byte	0
 1106 0436 1B       		.byte	27
 1107 0437 04       		.byte	4
 1108 0438 1B       		.byte	27
 1109 0439 00       		.byte	0
 1110 043a 00       		.byte	0
 1111 043b 02       		.byte	2
 1112 043c 00       		.byte	0
 1113 043d 10       		.byte	16
 1114 043e 00       		.byte	0
 1115 043f 08       		.byte	8
 1116 0440 1C       		.byte	28
 1117 0441 3C       		.byte	60
 1118 0442 80       		.byte	-128
 1119 0443 00       		.byte	0
 1120 0444 07       		.byte	7
 1121 0445 00       		.byte	0
 1122 0446 60       		.byte	96
 1123 0447 03       		.byte	3
 1124 0448 00       		.byte	0
 1125 0449 02       		.byte	2
 1126 044a 00       		.byte	0
 1127 044b 00       		.byte	0
 1128 044c 00       		.byte	0
 1129 044d 00       		.byte	0
 1130 044e 00       		.byte	0
 1131 044f 40       		.byte	64
 1132 0450 45       		.byte	69
 1133 0451 02       		.byte	2
 1134 0452 31       		.byte	49
 1135 0453 00       		.byte	0
 1136 0454 06       		.byte	6
 1137 0455 CF       		.byte	-49
 1138 0456 0D       		.byte	13
 1139 0457 0E       		.byte	14
 1140 0458 17       		.byte	23
ARM GAS  C:\Users\Ian\AppData\Local\Temp\ccs2X9Q7.s 			page 21


 1141 0459 FF       		.byte	-1
 1142 045a FF       		.byte	-1
 1143 045b FF       		.byte	-1
 1144 045c 02       		.byte	2
 1145 045d 20       		.byte	32
 1146 045e 00       		.byte	0
 1147 045f 05       		.byte	5
 1148 0460 04       		.byte	4
 1149 0461 00       		.byte	0
 1150 0462 00       		.byte	0
 1151 0463 00       		.byte	0
 1152 0464 01       		.byte	1
 1153 0465 00       		.byte	0
 1154 0466 00       		.byte	0
 1155 0467 00       		.byte	0
 1156 0468 04       		.byte	4
 1157 0469 04       		.byte	4
 1158 046a 04       		.byte	4
 1159 046b 04       		.byte	4
 1160 046c 00       		.byte	0
 1161 046d 00       		.byte	0
 1162 046e 00       		.byte	0
 1163 046f 01       		.byte	1
 1164 0470 00       		.byte	0
 1165 0471 00       		.byte	0
 1166 0472 40       		.byte	64
 1167 0473 01       		.byte	1
 1168 0474 40       		.byte	64
 1169 0475 01       		.byte	1
 1170 0476 50       		.byte	80
 1171 0477 01       		.byte	1
 1172 0478 40       		.byte	64
 1173 0479 01       		.byte	1
 1174 047a 70       		.byte	112
 1175 047b 10       		.byte	16
 1176 047c 40       		.byte	64
 1177 047d 10       		.byte	16
 1178 047e 00       		.byte	0
 1179 047f 00       		.byte	0
 1180 0480 00       		.byte	0
 1181 0481 00       		.byte	0
 1182 0482 00       		.byte	0
 1183 0483 00       		.byte	0
 1184 0484 00       		.byte	0
 1185 0485 00       		.byte	0
 1186 0486 00       		.byte	0
 1187 0487 00       		.byte	0
 1188 0488 00       		.byte	0
 1189 0489 00       		.byte	0
 1190 048a 00       		.byte	0
 1191 048b 00       		.byte	0
 1192 048c 00       		.byte	0
 1193 048d 00       		.byte	0
 1194 048e 00       		.byte	0
 1195 048f 00       		.byte	0
 1196 0490 80       		.byte	-128
 1197 0491 07       		.byte	7
ARM GAS  C:\Users\Ian\AppData\Local\Temp\ccs2X9Q7.s 			page 22


 1198 0492 07       		.byte	7
 1199 0493 00       		.byte	0
 1200 0494 07       		.byte	7
 1201 0495 00       		.byte	0
 1202 0496 00       		.byte	0
 1203 0497 00       		.byte	0
 1204 0498 01       		.byte	1
 1205 0499 00       		.byte	0
 1206 049a 00       		.byte	0
 1207 049b 01       		.byte	1
 1208 049c 01       		.byte	1
 1209 049d 00       		.byte	0
 1210 049e 01       		.byte	1
 1211 049f 00       		.byte	0
 1212 04a0 00       		.byte	0
 1213 04a1 00       		.byte	0
 1214 04a2 00       		.byte	0
 1215 04a3 00       		.byte	0
 1216              		.section	.cywolatch,"a",%progbits
 1217              		.align	2
 1218              		.type	cy_meta_wonvl, %object
 1219              		.size	cy_meta_wonvl, 4
 1220              	cy_meta_wonvl:
 1221 0000 BC       		.byte	-68
 1222 0001 90       		.byte	-112
 1223 0002 AC       		.byte	-84
 1224 0003 AF       		.byte	-81
 1225              		.section	.cycustnvl,"a",%progbits
 1226              		.align	2
 1227              		.type	cy_meta_custnvl, %object
 1228              		.size	cy_meta_custnvl, 4
 1229              	cy_meta_custnvl:
 1230 0000 00       		.byte	0
 1231 0001 00       		.byte	0
 1232 0002 40       		.byte	64
 1233 0003 05       		.byte	5
 1234              		.section	.cymeta,"a",%progbits
 1235              		.align	2
 1236              		.type	cy_metadata, %object
 1237              		.size	cy_metadata, 12
 1238              	cy_metadata:
 1239 0000 00       		.byte	0
 1240 0001 01       		.byte	1
 1241 0002 2E       		.byte	46
 1242 0003 12       		.byte	18
 1243 0004 30       		.byte	48
 1244 0005 69       		.byte	105
 1245 0006 00       		.byte	0
 1246 0007 01       		.byte	1
 1247 0008 00       		.byte	0
 1248 0009 00       		.byte	0
 1249 000a 00       		.byte	0
 1250 000b 00       		.byte	0
 1251              		.section	.cyflashprotect,"a",%progbits
 1252              		.align	2
 1253              		.type	cy_meta_flashprotect, %object
 1254              		.size	cy_meta_flashprotect, 256
ARM GAS  C:\Users\Ian\AppData\Local\Temp\ccs2X9Q7.s 			page 23


 1255              	cy_meta_flashprotect:
 1256 0000 00000000 		.space	256
 1256      00000000 
 1256      00000000 
 1256      00000000 
 1256      00000000 
 1257              		.text
 1258              	.Letext0:
 1259              		.file 1 ".\\Generated_Source\\PSoC5\\cymetadata.c"
 1260              		.file 2 ".\\Generated_Source\\PSoC5\\cytypes.h"
 1261              		.section	.debug_info,"",%progbits
 1262              	.Ldebug_info0:
 1263 0000 36010000 		.4byte	0x136
 1264 0004 0400     		.2byte	0x4
 1265 0006 00000000 		.4byte	.Ldebug_abbrev0
 1266 000a 04       		.byte	0x4
 1267 000b 01       		.uleb128 0x1
 1268 000c 94000000 		.4byte	.LASF18
 1269 0010 01       		.byte	0x1
 1270 0011 00000000 		.4byte	.LASF19
 1271 0015 95010000 		.4byte	.LASF20
 1272 0019 00000000 		.4byte	.Ldebug_line0
 1273 001d 02       		.uleb128 0x2
 1274 001e 01       		.byte	0x1
 1275 001f 06       		.byte	0x6
 1276 0020 FF010000 		.4byte	.LASF0
 1277 0024 02       		.uleb128 0x2
 1278 0025 01       		.byte	0x1
 1279 0026 08       		.byte	0x8
 1280 0027 38000000 		.4byte	.LASF1
 1281 002b 02       		.uleb128 0x2
 1282 002c 02       		.byte	0x2
 1283 002d 05       		.byte	0x5
 1284 002e 85010000 		.4byte	.LASF2
 1285 0032 02       		.uleb128 0x2
 1286 0033 02       		.byte	0x2
 1287 0034 07       		.byte	0x7
 1288 0035 58000000 		.4byte	.LASF3
 1289 0039 02       		.uleb128 0x2
 1290 003a 04       		.byte	0x4
 1291 003b 05       		.byte	0x5
 1292 003c F6010000 		.4byte	.LASF4
 1293 0040 02       		.uleb128 0x2
 1294 0041 04       		.byte	0x4
 1295 0042 07       		.byte	0x7
 1296 0043 46000000 		.4byte	.LASF5
 1297 0047 02       		.uleb128 0x2
 1298 0048 08       		.byte	0x8
 1299 0049 05       		.byte	0x5
 1300 004a 72010000 		.4byte	.LASF6
 1301 004e 02       		.uleb128 0x2
 1302 004f 08       		.byte	0x8
 1303 0050 07       		.byte	0x7
 1304 0051 2F010000 		.4byte	.LASF7
 1305 0055 03       		.uleb128 0x3
 1306 0056 04       		.byte	0x4
 1307 0057 05       		.byte	0x5
ARM GAS  C:\Users\Ian\AppData\Local\Temp\ccs2X9Q7.s 			page 24


 1308 0058 696E7400 		.ascii	"int\000"
 1309 005c 02       		.uleb128 0x2
 1310 005d 04       		.byte	0x4
 1311 005e 07       		.byte	0x7
 1312 005f 22010000 		.4byte	.LASF8
 1313 0063 04       		.uleb128 0x4
 1314 0064 8F010000 		.4byte	.LASF21
 1315 0068 02       		.byte	0x2
 1316 0069 5B       		.byte	0x5b
 1317 006a 24000000 		.4byte	0x24
 1318 006e 02       		.uleb128 0x2
 1319 006f 04       		.byte	0x4
 1320 0070 04       		.byte	0x4
 1321 0071 32000000 		.4byte	.LASF9
 1322 0075 02       		.uleb128 0x2
 1323 0076 08       		.byte	0x8
 1324 0077 04       		.byte	0x4
 1325 0078 6B000000 		.4byte	.LASF10
 1326 007c 02       		.uleb128 0x2
 1327 007d 01       		.byte	0x1
 1328 007e 08       		.byte	0x8
 1329 007f 80010000 		.4byte	.LASF11
 1330 0083 05       		.uleb128 0x5
 1331 0084 63000000 		.4byte	0x63
 1332 0088 94000000 		.4byte	0x94
 1333 008c 06       		.uleb128 0x6
 1334 008d 94000000 		.4byte	0x94
 1335 0091 A304     		.2byte	0x4a3
 1336 0093 00       		.byte	0
 1337 0094 02       		.uleb128 0x2
 1338 0095 04       		.byte	0x4
 1339 0096 07       		.byte	0x7
 1340 0097 69010000 		.4byte	.LASF12
 1341 009b 07       		.uleb128 0x7
 1342 009c 82000000 		.4byte	.LASF13
 1343 00a0 01       		.byte	0x1
 1344 00a1 1C       		.byte	0x1c
 1345 00a2 AC000000 		.4byte	0xac
 1346 00a6 05       		.uleb128 0x5
 1347 00a7 03       		.byte	0x3
 1348 00a8 00000000 		.4byte	cy_meta_configecc
 1349 00ac 08       		.uleb128 0x8
 1350 00ad 83000000 		.4byte	0x83
 1351 00b1 05       		.uleb128 0x5
 1352 00b2 63000000 		.4byte	0x63
 1353 00b6 C1000000 		.4byte	0xc1
 1354 00ba 09       		.uleb128 0x9
 1355 00bb 94000000 		.4byte	0x94
 1356 00bf 03       		.byte	0x3
 1357 00c0 00       		.byte	0
 1358 00c1 07       		.uleb128 0x7
 1359 00c2 72000000 		.4byte	.LASF14
 1360 00c6 01       		.byte	0x1
 1361 00c7 BB       		.byte	0xbb
 1362 00c8 D2000000 		.4byte	0xd2
 1363 00cc 05       		.uleb128 0x5
 1364 00cd 03       		.byte	0x3
ARM GAS  C:\Users\Ian\AppData\Local\Temp\ccs2X9Q7.s 			page 25


 1365 00ce 00000000 		.4byte	cy_meta_custnvl
 1366 00d2 08       		.uleb128 0x8
 1367 00d3 B1000000 		.4byte	0xb1
 1368 00d7 07       		.uleb128 0x7
 1369 00d8 5B010000 		.4byte	.LASF15
 1370 00dc 01       		.byte	0x1
 1371 00dd C6       		.byte	0xc6
 1372 00de E8000000 		.4byte	0xe8
 1373 00e2 05       		.uleb128 0x5
 1374 00e3 03       		.byte	0x3
 1375 00e4 00000000 		.4byte	cy_meta_wonvl
 1376 00e8 08       		.uleb128 0x8
 1377 00e9 B1000000 		.4byte	0xb1
 1378 00ed 05       		.uleb128 0x5
 1379 00ee 63000000 		.4byte	0x63
 1380 00f2 FD000000 		.4byte	0xfd
 1381 00f6 09       		.uleb128 0x9
 1382 00f7 94000000 		.4byte	0x94
 1383 00fb FF       		.byte	0xff
 1384 00fc 00       		.byte	0
 1385 00fd 07       		.uleb128 0x7
 1386 00fe 46010000 		.4byte	.LASF16
 1387 0102 01       		.byte	0x1
 1388 0103 D1       		.byte	0xd1
 1389 0104 0E010000 		.4byte	0x10e
 1390 0108 05       		.uleb128 0x5
 1391 0109 03       		.byte	0x3
 1392 010a 00000000 		.4byte	cy_meta_flashprotect
 1393 010e 08       		.uleb128 0x8
 1394 010f ED000000 		.4byte	0xed
 1395 0113 05       		.uleb128 0x5
 1396 0114 63000000 		.4byte	0x63
 1397 0118 23010000 		.4byte	0x123
 1398 011c 09       		.uleb128 0x9
 1399 011d 94000000 		.4byte	0x94
 1400 0121 0B       		.byte	0xb
 1401 0122 00       		.byte	0
 1402 0123 07       		.uleb128 0x7
 1403 0124 26000000 		.4byte	.LASF17
 1404 0128 01       		.byte	0x1
 1405 0129 FB       		.byte	0xfb
 1406 012a 34010000 		.4byte	0x134
 1407 012e 05       		.uleb128 0x5
 1408 012f 03       		.byte	0x3
 1409 0130 00000000 		.4byte	cy_metadata
 1410 0134 08       		.uleb128 0x8
 1411 0135 13010000 		.4byte	0x113
 1412 0139 00       		.byte	0
 1413              		.section	.debug_abbrev,"",%progbits
 1414              	.Ldebug_abbrev0:
 1415 0000 01       		.uleb128 0x1
 1416 0001 11       		.uleb128 0x11
 1417 0002 01       		.byte	0x1
 1418 0003 25       		.uleb128 0x25
 1419 0004 0E       		.uleb128 0xe
 1420 0005 13       		.uleb128 0x13
 1421 0006 0B       		.uleb128 0xb
ARM GAS  C:\Users\Ian\AppData\Local\Temp\ccs2X9Q7.s 			page 26


 1422 0007 03       		.uleb128 0x3
 1423 0008 0E       		.uleb128 0xe
 1424 0009 1B       		.uleb128 0x1b
 1425 000a 0E       		.uleb128 0xe
 1426 000b 10       		.uleb128 0x10
 1427 000c 17       		.uleb128 0x17
 1428 000d 00       		.byte	0
 1429 000e 00       		.byte	0
 1430 000f 02       		.uleb128 0x2
 1431 0010 24       		.uleb128 0x24
 1432 0011 00       		.byte	0
 1433 0012 0B       		.uleb128 0xb
 1434 0013 0B       		.uleb128 0xb
 1435 0014 3E       		.uleb128 0x3e
 1436 0015 0B       		.uleb128 0xb
 1437 0016 03       		.uleb128 0x3
 1438 0017 0E       		.uleb128 0xe
 1439 0018 00       		.byte	0
 1440 0019 00       		.byte	0
 1441 001a 03       		.uleb128 0x3
 1442 001b 24       		.uleb128 0x24
 1443 001c 00       		.byte	0
 1444 001d 0B       		.uleb128 0xb
 1445 001e 0B       		.uleb128 0xb
 1446 001f 3E       		.uleb128 0x3e
 1447 0020 0B       		.uleb128 0xb
 1448 0021 03       		.uleb128 0x3
 1449 0022 08       		.uleb128 0x8
 1450 0023 00       		.byte	0
 1451 0024 00       		.byte	0
 1452 0025 04       		.uleb128 0x4
 1453 0026 16       		.uleb128 0x16
 1454 0027 00       		.byte	0
 1455 0028 03       		.uleb128 0x3
 1456 0029 0E       		.uleb128 0xe
 1457 002a 3A       		.uleb128 0x3a
 1458 002b 0B       		.uleb128 0xb
 1459 002c 3B       		.uleb128 0x3b
 1460 002d 0B       		.uleb128 0xb
 1461 002e 49       		.uleb128 0x49
 1462 002f 13       		.uleb128 0x13
 1463 0030 00       		.byte	0
 1464 0031 00       		.byte	0
 1465 0032 05       		.uleb128 0x5
 1466 0033 01       		.uleb128 0x1
 1467 0034 01       		.byte	0x1
 1468 0035 49       		.uleb128 0x49
 1469 0036 13       		.uleb128 0x13
 1470 0037 01       		.uleb128 0x1
 1471 0038 13       		.uleb128 0x13
 1472 0039 00       		.byte	0
 1473 003a 00       		.byte	0
 1474 003b 06       		.uleb128 0x6
 1475 003c 21       		.uleb128 0x21
 1476 003d 00       		.byte	0
 1477 003e 49       		.uleb128 0x49
 1478 003f 13       		.uleb128 0x13
ARM GAS  C:\Users\Ian\AppData\Local\Temp\ccs2X9Q7.s 			page 27


 1479 0040 2F       		.uleb128 0x2f
 1480 0041 05       		.uleb128 0x5
 1481 0042 00       		.byte	0
 1482 0043 00       		.byte	0
 1483 0044 07       		.uleb128 0x7
 1484 0045 34       		.uleb128 0x34
 1485 0046 00       		.byte	0
 1486 0047 03       		.uleb128 0x3
 1487 0048 0E       		.uleb128 0xe
 1488 0049 3A       		.uleb128 0x3a
 1489 004a 0B       		.uleb128 0xb
 1490 004b 3B       		.uleb128 0x3b
 1491 004c 0B       		.uleb128 0xb
 1492 004d 49       		.uleb128 0x49
 1493 004e 13       		.uleb128 0x13
 1494 004f 3F       		.uleb128 0x3f
 1495 0050 19       		.uleb128 0x19
 1496 0051 02       		.uleb128 0x2
 1497 0052 18       		.uleb128 0x18
 1498 0053 00       		.byte	0
 1499 0054 00       		.byte	0
 1500 0055 08       		.uleb128 0x8
 1501 0056 26       		.uleb128 0x26
 1502 0057 00       		.byte	0
 1503 0058 49       		.uleb128 0x49
 1504 0059 13       		.uleb128 0x13
 1505 005a 00       		.byte	0
 1506 005b 00       		.byte	0
 1507 005c 09       		.uleb128 0x9
 1508 005d 21       		.uleb128 0x21
 1509 005e 00       		.byte	0
 1510 005f 49       		.uleb128 0x49
 1511 0060 13       		.uleb128 0x13
 1512 0061 2F       		.uleb128 0x2f
 1513 0062 0B       		.uleb128 0xb
 1514 0063 00       		.byte	0
 1515 0064 00       		.byte	0
 1516 0065 00       		.byte	0
 1517              		.section	.debug_aranges,"",%progbits
 1518 0000 14000000 		.4byte	0x14
 1519 0004 0200     		.2byte	0x2
 1520 0006 00000000 		.4byte	.Ldebug_info0
 1521 000a 04       		.byte	0x4
 1522 000b 00       		.byte	0
 1523 000c 0000     		.2byte	0
 1524 000e 0000     		.2byte	0
 1525 0010 00000000 		.4byte	0
 1526 0014 00000000 		.4byte	0
 1527              		.section	.debug_line,"",%progbits
 1528              	.Ldebug_line0:
 1529 0000 4F000000 		.section	.debug_str,"MS",%progbits,1
 1529      02004900 
 1529      00000201 
 1529      FB0E0D00 
 1529      01010101 
 1530              	.LASF19:
 1531 0000 2E5C4765 		.ascii	".\\Generated_Source\\PSoC5\\cymetadata.c\000"
ARM GAS  C:\Users\Ian\AppData\Local\Temp\ccs2X9Q7.s 			page 28


 1531      6E657261 
 1531      7465645F 
 1531      536F7572 
 1531      63655C50 
 1532              	.LASF17:
 1533 0026 63795F6D 		.ascii	"cy_metadata\000"
 1533      65746164 
 1533      61746100 
 1534              	.LASF9:
 1535 0032 666C6F61 		.ascii	"float\000"
 1535      7400
 1536              	.LASF1:
 1537 0038 756E7369 		.ascii	"unsigned char\000"
 1537      676E6564 
 1537      20636861 
 1537      7200
 1538              	.LASF5:
 1539 0046 6C6F6E67 		.ascii	"long unsigned int\000"
 1539      20756E73 
 1539      69676E65 
 1539      6420696E 
 1539      7400
 1540              	.LASF3:
 1541 0058 73686F72 		.ascii	"short unsigned int\000"
 1541      7420756E 
 1541      7369676E 
 1541      65642069 
 1541      6E7400
 1542              	.LASF10:
 1543 006b 646F7562 		.ascii	"double\000"
 1543      6C6500
 1544              	.LASF14:
 1545 0072 63795F6D 		.ascii	"cy_meta_custnvl\000"
 1545      6574615F 
 1545      63757374 
 1545      6E766C00 
 1546              	.LASF13:
 1547 0082 63795F6D 		.ascii	"cy_meta_configecc\000"
 1547      6574615F 
 1547      636F6E66 
 1547      69676563 
 1547      6300
 1548              	.LASF18:
 1549 0094 474E5520 		.ascii	"GNU C 4.9.3 20150303 (release) [ARM/embedded-4_9-br"
 1549      4320342E 
 1549      392E3320 
 1549      32303135 
 1549      30333033 
 1550 00c7 616E6368 		.ascii	"anch revision 221220] -mcpu=cortex-m3 -mthumb -g -O"
 1550      20726576 
 1550      6973696F 
 1550      6E203232 
 1550      31323230 
 1551 00fa 67202D66 		.ascii	"g -ffunction-sections -ffat-lto-objects\000"
 1551      66756E63 
 1551      74696F6E 
 1551      2D736563 
ARM GAS  C:\Users\Ian\AppData\Local\Temp\ccs2X9Q7.s 			page 29


 1551      74696F6E 
 1552              	.LASF8:
 1553 0122 756E7369 		.ascii	"unsigned int\000"
 1553      676E6564 
 1553      20696E74 
 1553      00
 1554              	.LASF7:
 1555 012f 6C6F6E67 		.ascii	"long long unsigned int\000"
 1555      206C6F6E 
 1555      6720756E 
 1555      7369676E 
 1555      65642069 
 1556              	.LASF16:
 1557 0146 63795F6D 		.ascii	"cy_meta_flashprotect\000"
 1557      6574615F 
 1557      666C6173 
 1557      6870726F 
 1557      74656374 
 1558              	.LASF15:
 1559 015b 63795F6D 		.ascii	"cy_meta_wonvl\000"
 1559      6574615F 
 1559      776F6E76 
 1559      6C00
 1560              	.LASF12:
 1561 0169 73697A65 		.ascii	"sizetype\000"
 1561      74797065 
 1561      00
 1562              	.LASF6:
 1563 0172 6C6F6E67 		.ascii	"long long int\000"
 1563      206C6F6E 
 1563      6720696E 
 1563      7400
 1564              	.LASF11:
 1565 0180 63686172 		.ascii	"char\000"
 1565      00
 1566              	.LASF2:
 1567 0185 73686F72 		.ascii	"short int\000"
 1567      7420696E 
 1567      7400
 1568              	.LASF21:
 1569 018f 75696E74 		.ascii	"uint8\000"
 1569      3800
 1570              	.LASF20:
 1571 0195 433A5C55 		.ascii	"C:\\Users\\Ian\\Documents\\Junior\\Chip-Design\\pro"
 1571      73657273 
 1571      5C49616E 
 1571      5C446F63 
 1571      756D656E 
 1572 01c2 6A5F6173 		.ascii	"j_asic\\psoc\\Wave Generator 2.0\\Wave Generator.cy"
 1572      69635C70 
 1572      736F635C 
 1572      57617665 
 1572      2047656E 
 1573 01f2 64736E00 		.ascii	"dsn\000"
 1574              	.LASF4:
 1575 01f6 6C6F6E67 		.ascii	"long int\000"
 1575      20696E74 
ARM GAS  C:\Users\Ian\AppData\Local\Temp\ccs2X9Q7.s 			page 30


 1575      00
 1576              	.LASF0:
 1577 01ff 7369676E 		.ascii	"signed char\000"
 1577      65642063 
 1577      68617200 
 1578              		.ident	"GCC: (GNU Tools for ARM Embedded Processors) 4.9.3 20150303 (release) [ARM/embedded-4_9-br
