ARM GAS  C:\Users\Ian\AppData\Local\Temp\cc8r3dgT.s 			page 1


   1              		.syntax unified
   2              		.cpu cortex-m3
   3              		.fpu softvfp
   4              		.eabi_attribute 20, 1
   5              		.eabi_attribute 21, 1
   6              		.eabi_attribute 23, 3
   7              		.eabi_attribute 24, 1
   8              		.eabi_attribute 25, 1
   9              		.eabi_attribute 26, 1
  10              		.eabi_attribute 30, 1
  11              		.eabi_attribute 34, 1
  12              		.eabi_attribute 18, 4
  13              		.thumb
  14              		.file	"USBFS_1_Dp.c"
  15              		.text
  16              	.Ltext0:
  17              		.cfi_sections	.debug_frame
  18              		.section	.text.USBFS_1_Dp_Write,"ax",%progbits
  19              		.align	2
  20              		.global	USBFS_1_Dp_Write
  21              		.thumb
  22              		.thumb_func
  23              		.type	USBFS_1_Dp_Write, %function
  24              	USBFS_1_Dp_Write:
  25              	.LFB0:
  26              		.file 1 ".\\Generated_Source\\PSoC5\\USBFS_1_Dp.c"
   1:.\Generated_Source\PSoC5/USBFS_1_Dp.c **** /*******************************************************************************
   2:.\Generated_Source\PSoC5/USBFS_1_Dp.c **** * File Name: USBFS_1_Dp.c  
   3:.\Generated_Source\PSoC5/USBFS_1_Dp.c **** * Version 2.10
   4:.\Generated_Source\PSoC5/USBFS_1_Dp.c **** *
   5:.\Generated_Source\PSoC5/USBFS_1_Dp.c **** * Description:
   6:.\Generated_Source\PSoC5/USBFS_1_Dp.c **** *  This file contains API to enable firmware control of a Pins component.
   7:.\Generated_Source\PSoC5/USBFS_1_Dp.c **** *
   8:.\Generated_Source\PSoC5/USBFS_1_Dp.c **** * Note:
   9:.\Generated_Source\PSoC5/USBFS_1_Dp.c **** *
  10:.\Generated_Source\PSoC5/USBFS_1_Dp.c **** ********************************************************************************
  11:.\Generated_Source\PSoC5/USBFS_1_Dp.c **** * Copyright 2008-2014, Cypress Semiconductor Corporation.  All rights reserved.
  12:.\Generated_Source\PSoC5/USBFS_1_Dp.c **** * You may use this file only in accordance with the license, terms, conditions, 
  13:.\Generated_Source\PSoC5/USBFS_1_Dp.c **** * disclaimers, and limitations in the end user license agreement accompanying 
  14:.\Generated_Source\PSoC5/USBFS_1_Dp.c **** * the software package with which this file was provided.
  15:.\Generated_Source\PSoC5/USBFS_1_Dp.c **** *******************************************************************************/
  16:.\Generated_Source\PSoC5/USBFS_1_Dp.c **** 
  17:.\Generated_Source\PSoC5/USBFS_1_Dp.c **** #include "cytypes.h"
  18:.\Generated_Source\PSoC5/USBFS_1_Dp.c **** #include "USBFS_1_Dp.h"
  19:.\Generated_Source\PSoC5/USBFS_1_Dp.c **** 
  20:.\Generated_Source\PSoC5/USBFS_1_Dp.c **** /* APIs are not generated for P15[7:6] on PSoC 5 */
  21:.\Generated_Source\PSoC5/USBFS_1_Dp.c **** #if !(CY_PSOC5A &&\
  22:.\Generated_Source\PSoC5/USBFS_1_Dp.c **** 	 USBFS_1_Dp__PORT == 15 && ((USBFS_1_Dp__MASK & 0xC0) != 0))
  23:.\Generated_Source\PSoC5/USBFS_1_Dp.c **** 
  24:.\Generated_Source\PSoC5/USBFS_1_Dp.c **** 
  25:.\Generated_Source\PSoC5/USBFS_1_Dp.c **** /*******************************************************************************
  26:.\Generated_Source\PSoC5/USBFS_1_Dp.c **** * Function Name: USBFS_1_Dp_Write
  27:.\Generated_Source\PSoC5/USBFS_1_Dp.c **** ********************************************************************************
  28:.\Generated_Source\PSoC5/USBFS_1_Dp.c **** *
  29:.\Generated_Source\PSoC5/USBFS_1_Dp.c **** * Summary:
  30:.\Generated_Source\PSoC5/USBFS_1_Dp.c **** *  Assign a new value to the digital port's data output register.  
  31:.\Generated_Source\PSoC5/USBFS_1_Dp.c **** *
ARM GAS  C:\Users\Ian\AppData\Local\Temp\cc8r3dgT.s 			page 2


  32:.\Generated_Source\PSoC5/USBFS_1_Dp.c **** * Parameters:  
  33:.\Generated_Source\PSoC5/USBFS_1_Dp.c **** *  prtValue:  The value to be assigned to the Digital Port. 
  34:.\Generated_Source\PSoC5/USBFS_1_Dp.c **** *
  35:.\Generated_Source\PSoC5/USBFS_1_Dp.c **** * Return: 
  36:.\Generated_Source\PSoC5/USBFS_1_Dp.c **** *  None
  37:.\Generated_Source\PSoC5/USBFS_1_Dp.c **** *  
  38:.\Generated_Source\PSoC5/USBFS_1_Dp.c **** *******************************************************************************/
  39:.\Generated_Source\PSoC5/USBFS_1_Dp.c **** void USBFS_1_Dp_Write(uint8 value) 
  40:.\Generated_Source\PSoC5/USBFS_1_Dp.c **** {
  27              		.loc 1 40 0
  28              		.cfi_startproc
  29              		@ args = 0, pretend = 0, frame = 0
  30              		@ frame_needed = 0, uses_anonymous_args = 0
  31              		@ link register save eliminated.
  32              	.LVL0:
  41:.\Generated_Source\PSoC5/USBFS_1_Dp.c ****     uint8 staticBits = (USBFS_1_Dp_DR & (uint8)(~USBFS_1_Dp_MASK));
  33              		.loc 1 41 0
  34 0000 044A     		ldr	r2, .L2
  35 0002 1378     		ldrb	r3, [r2]	@ zero_extendqisi2
  36 0004 03F0BF03 		and	r3, r3, #191
  37              	.LVL1:
  42:.\Generated_Source\PSoC5/USBFS_1_Dp.c ****     USBFS_1_Dp_DR = staticBits | ((uint8)(value << USBFS_1_Dp_SHIFT) & USBFS_1_Dp_MASK);
  38              		.loc 1 42 0
  39 0008 8001     		lsls	r0, r0, #6
  40              	.LVL2:
  41 000a 00F04000 		and	r0, r0, #64
  42 000e 1843     		orrs	r0, r0, r3
  43 0010 1070     		strb	r0, [r2]
  44 0012 7047     		bx	lr
  45              	.L3:
  46              		.align	2
  47              	.L2:
  48 0014 F0510040 		.word	1073762800
  49              		.cfi_endproc
  50              	.LFE0:
  51              		.size	USBFS_1_Dp_Write, .-USBFS_1_Dp_Write
  52              		.section	.text.USBFS_1_Dp_SetDriveMode,"ax",%progbits
  53              		.align	2
  54              		.global	USBFS_1_Dp_SetDriveMode
  55              		.thumb
  56              		.thumb_func
  57              		.type	USBFS_1_Dp_SetDriveMode, %function
  58              	USBFS_1_Dp_SetDriveMode:
  59              	.LFB1:
  43:.\Generated_Source\PSoC5/USBFS_1_Dp.c **** }
  44:.\Generated_Source\PSoC5/USBFS_1_Dp.c **** 
  45:.\Generated_Source\PSoC5/USBFS_1_Dp.c **** 
  46:.\Generated_Source\PSoC5/USBFS_1_Dp.c **** /*******************************************************************************
  47:.\Generated_Source\PSoC5/USBFS_1_Dp.c **** * Function Name: USBFS_1_Dp_SetDriveMode
  48:.\Generated_Source\PSoC5/USBFS_1_Dp.c **** ********************************************************************************
  49:.\Generated_Source\PSoC5/USBFS_1_Dp.c **** *
  50:.\Generated_Source\PSoC5/USBFS_1_Dp.c **** * Summary:
  51:.\Generated_Source\PSoC5/USBFS_1_Dp.c **** *  Change the drive mode on the pins of the port.
  52:.\Generated_Source\PSoC5/USBFS_1_Dp.c **** * 
  53:.\Generated_Source\PSoC5/USBFS_1_Dp.c **** * Parameters:  
  54:.\Generated_Source\PSoC5/USBFS_1_Dp.c **** *  mode:  Change the pins to one of the following drive modes.
  55:.\Generated_Source\PSoC5/USBFS_1_Dp.c **** *
ARM GAS  C:\Users\Ian\AppData\Local\Temp\cc8r3dgT.s 			page 3


  56:.\Generated_Source\PSoC5/USBFS_1_Dp.c **** *  USBFS_1_Dp_DM_STRONG     Strong Drive 
  57:.\Generated_Source\PSoC5/USBFS_1_Dp.c **** *  USBFS_1_Dp_DM_OD_HI      Open Drain, Drives High 
  58:.\Generated_Source\PSoC5/USBFS_1_Dp.c **** *  USBFS_1_Dp_DM_OD_LO      Open Drain, Drives Low 
  59:.\Generated_Source\PSoC5/USBFS_1_Dp.c **** *  USBFS_1_Dp_DM_RES_UP     Resistive Pull Up 
  60:.\Generated_Source\PSoC5/USBFS_1_Dp.c **** *  USBFS_1_Dp_DM_RES_DWN    Resistive Pull Down 
  61:.\Generated_Source\PSoC5/USBFS_1_Dp.c **** *  USBFS_1_Dp_DM_RES_UPDWN  Resistive Pull Up/Down 
  62:.\Generated_Source\PSoC5/USBFS_1_Dp.c **** *  USBFS_1_Dp_DM_DIG_HIZ    High Impedance Digital 
  63:.\Generated_Source\PSoC5/USBFS_1_Dp.c **** *  USBFS_1_Dp_DM_ALG_HIZ    High Impedance Analog 
  64:.\Generated_Source\PSoC5/USBFS_1_Dp.c **** *
  65:.\Generated_Source\PSoC5/USBFS_1_Dp.c **** * Return: 
  66:.\Generated_Source\PSoC5/USBFS_1_Dp.c **** *  None
  67:.\Generated_Source\PSoC5/USBFS_1_Dp.c **** *
  68:.\Generated_Source\PSoC5/USBFS_1_Dp.c **** *******************************************************************************/
  69:.\Generated_Source\PSoC5/USBFS_1_Dp.c **** void USBFS_1_Dp_SetDriveMode(uint8 mode) 
  70:.\Generated_Source\PSoC5/USBFS_1_Dp.c **** {
  60              		.loc 1 70 0
  61              		.cfi_startproc
  62              		@ args = 0, pretend = 0, frame = 0
  63              		@ frame_needed = 0, uses_anonymous_args = 0
  64              		@ link register save eliminated.
  65              	.LVL3:
  71:.\Generated_Source\PSoC5/USBFS_1_Dp.c **** 	CyPins_SetPinDriveMode(USBFS_1_Dp_0, mode);
  66              		.loc 1 71 0
  67 0000 044A     		ldr	r2, .L5
  68 0002 1378     		ldrb	r3, [r2]	@ zero_extendqisi2
  69 0004 03F0F103 		and	r3, r3, #241
  70 0008 00F00E00 		and	r0, r0, #14
  71              	.LVL4:
  72 000c 1843     		orrs	r0, r0, r3
  73 000e 1070     		strb	r0, [r2]
  74 0010 7047     		bx	lr
  75              	.L6:
  76 0012 00BF     		.align	2
  77              	.L5:
  78 0014 7E500040 		.word	1073762430
  79              		.cfi_endproc
  80              	.LFE1:
  81              		.size	USBFS_1_Dp_SetDriveMode, .-USBFS_1_Dp_SetDriveMode
  82              		.section	.text.USBFS_1_Dp_Read,"ax",%progbits
  83              		.align	2
  84              		.global	USBFS_1_Dp_Read
  85              		.thumb
  86              		.thumb_func
  87              		.type	USBFS_1_Dp_Read, %function
  88              	USBFS_1_Dp_Read:
  89              	.LFB2:
  72:.\Generated_Source\PSoC5/USBFS_1_Dp.c **** }
  73:.\Generated_Source\PSoC5/USBFS_1_Dp.c **** 
  74:.\Generated_Source\PSoC5/USBFS_1_Dp.c **** 
  75:.\Generated_Source\PSoC5/USBFS_1_Dp.c **** /*******************************************************************************
  76:.\Generated_Source\PSoC5/USBFS_1_Dp.c **** * Function Name: USBFS_1_Dp_Read
  77:.\Generated_Source\PSoC5/USBFS_1_Dp.c **** ********************************************************************************
  78:.\Generated_Source\PSoC5/USBFS_1_Dp.c **** *
  79:.\Generated_Source\PSoC5/USBFS_1_Dp.c **** * Summary:
  80:.\Generated_Source\PSoC5/USBFS_1_Dp.c **** *  Read the current value on the pins of the Digital Port in right justified 
  81:.\Generated_Source\PSoC5/USBFS_1_Dp.c **** *  form.
  82:.\Generated_Source\PSoC5/USBFS_1_Dp.c **** *
ARM GAS  C:\Users\Ian\AppData\Local\Temp\cc8r3dgT.s 			page 4


  83:.\Generated_Source\PSoC5/USBFS_1_Dp.c **** * Parameters:  
  84:.\Generated_Source\PSoC5/USBFS_1_Dp.c **** *  None
  85:.\Generated_Source\PSoC5/USBFS_1_Dp.c **** *
  86:.\Generated_Source\PSoC5/USBFS_1_Dp.c **** * Return: 
  87:.\Generated_Source\PSoC5/USBFS_1_Dp.c **** *  Returns the current value of the Digital Port as a right justified number
  88:.\Generated_Source\PSoC5/USBFS_1_Dp.c **** *  
  89:.\Generated_Source\PSoC5/USBFS_1_Dp.c **** * Note:
  90:.\Generated_Source\PSoC5/USBFS_1_Dp.c **** *  Macro USBFS_1_Dp_ReadPS calls this function. 
  91:.\Generated_Source\PSoC5/USBFS_1_Dp.c **** *  
  92:.\Generated_Source\PSoC5/USBFS_1_Dp.c **** *******************************************************************************/
  93:.\Generated_Source\PSoC5/USBFS_1_Dp.c **** uint8 USBFS_1_Dp_Read(void) 
  94:.\Generated_Source\PSoC5/USBFS_1_Dp.c **** {
  90              		.loc 1 94 0
  91              		.cfi_startproc
  92              		@ args = 0, pretend = 0, frame = 0
  93              		@ frame_needed = 0, uses_anonymous_args = 0
  94              		@ link register save eliminated.
  95:.\Generated_Source\PSoC5/USBFS_1_Dp.c ****     return (USBFS_1_Dp_PS & USBFS_1_Dp_MASK) >> USBFS_1_Dp_SHIFT;
  95              		.loc 1 95 0
  96 0000 024B     		ldr	r3, .L8
  97 0002 1878     		ldrb	r0, [r3]	@ zero_extendqisi2
  96:.\Generated_Source\PSoC5/USBFS_1_Dp.c **** }
  98              		.loc 1 96 0
  99 0004 C0F38010 		ubfx	r0, r0, #6, #1
 100 0008 7047     		bx	lr
 101              	.L9:
 102 000a 00BF     		.align	2
 103              	.L8:
 104 000c F1510040 		.word	1073762801
 105              		.cfi_endproc
 106              	.LFE2:
 107              		.size	USBFS_1_Dp_Read, .-USBFS_1_Dp_Read
 108              		.section	.text.USBFS_1_Dp_ReadDataReg,"ax",%progbits
 109              		.align	2
 110              		.global	USBFS_1_Dp_ReadDataReg
 111              		.thumb
 112              		.thumb_func
 113              		.type	USBFS_1_Dp_ReadDataReg, %function
 114              	USBFS_1_Dp_ReadDataReg:
 115              	.LFB3:
  97:.\Generated_Source\PSoC5/USBFS_1_Dp.c **** 
  98:.\Generated_Source\PSoC5/USBFS_1_Dp.c **** 
  99:.\Generated_Source\PSoC5/USBFS_1_Dp.c **** /*******************************************************************************
 100:.\Generated_Source\PSoC5/USBFS_1_Dp.c **** * Function Name: USBFS_1_Dp_ReadDataReg
 101:.\Generated_Source\PSoC5/USBFS_1_Dp.c **** ********************************************************************************
 102:.\Generated_Source\PSoC5/USBFS_1_Dp.c **** *
 103:.\Generated_Source\PSoC5/USBFS_1_Dp.c **** * Summary:
 104:.\Generated_Source\PSoC5/USBFS_1_Dp.c **** *  Read the current value assigned to a Digital Port's data output register
 105:.\Generated_Source\PSoC5/USBFS_1_Dp.c **** *
 106:.\Generated_Source\PSoC5/USBFS_1_Dp.c **** * Parameters:  
 107:.\Generated_Source\PSoC5/USBFS_1_Dp.c **** *  None 
 108:.\Generated_Source\PSoC5/USBFS_1_Dp.c **** *
 109:.\Generated_Source\PSoC5/USBFS_1_Dp.c **** * Return: 
 110:.\Generated_Source\PSoC5/USBFS_1_Dp.c **** *  Returns the current value assigned to the Digital Port's data output register
 111:.\Generated_Source\PSoC5/USBFS_1_Dp.c **** *  
 112:.\Generated_Source\PSoC5/USBFS_1_Dp.c **** *******************************************************************************/
 113:.\Generated_Source\PSoC5/USBFS_1_Dp.c **** uint8 USBFS_1_Dp_ReadDataReg(void) 
ARM GAS  C:\Users\Ian\AppData\Local\Temp\cc8r3dgT.s 			page 5


 114:.\Generated_Source\PSoC5/USBFS_1_Dp.c **** {
 116              		.loc 1 114 0
 117              		.cfi_startproc
 118              		@ args = 0, pretend = 0, frame = 0
 119              		@ frame_needed = 0, uses_anonymous_args = 0
 120              		@ link register save eliminated.
 115:.\Generated_Source\PSoC5/USBFS_1_Dp.c ****     return (USBFS_1_Dp_DR & USBFS_1_Dp_MASK) >> USBFS_1_Dp_SHIFT;
 121              		.loc 1 115 0
 122 0000 024B     		ldr	r3, .L11
 123 0002 1878     		ldrb	r0, [r3]	@ zero_extendqisi2
 116:.\Generated_Source\PSoC5/USBFS_1_Dp.c **** }
 124              		.loc 1 116 0
 125 0004 C0F38010 		ubfx	r0, r0, #6, #1
 126 0008 7047     		bx	lr
 127              	.L12:
 128 000a 00BF     		.align	2
 129              	.L11:
 130 000c F0510040 		.word	1073762800
 131              		.cfi_endproc
 132              	.LFE3:
 133              		.size	USBFS_1_Dp_ReadDataReg, .-USBFS_1_Dp_ReadDataReg
 134              		.section	.text.USBFS_1_Dp_ClearInterrupt,"ax",%progbits
 135              		.align	2
 136              		.global	USBFS_1_Dp_ClearInterrupt
 137              		.thumb
 138              		.thumb_func
 139              		.type	USBFS_1_Dp_ClearInterrupt, %function
 140              	USBFS_1_Dp_ClearInterrupt:
 141              	.LFB4:
 117:.\Generated_Source\PSoC5/USBFS_1_Dp.c **** 
 118:.\Generated_Source\PSoC5/USBFS_1_Dp.c **** 
 119:.\Generated_Source\PSoC5/USBFS_1_Dp.c **** /* If Interrupts Are Enabled for this Pins component */ 
 120:.\Generated_Source\PSoC5/USBFS_1_Dp.c **** #if defined(USBFS_1_Dp_INTSTAT) 
 121:.\Generated_Source\PSoC5/USBFS_1_Dp.c **** 
 122:.\Generated_Source\PSoC5/USBFS_1_Dp.c ****     /*******************************************************************************
 123:.\Generated_Source\PSoC5/USBFS_1_Dp.c ****     * Function Name: USBFS_1_Dp_ClearInterrupt
 124:.\Generated_Source\PSoC5/USBFS_1_Dp.c ****     ********************************************************************************
 125:.\Generated_Source\PSoC5/USBFS_1_Dp.c ****     * Summary:
 126:.\Generated_Source\PSoC5/USBFS_1_Dp.c ****     *  Clears any active interrupts attached to port and returns the value of the 
 127:.\Generated_Source\PSoC5/USBFS_1_Dp.c ****     *  interrupt status register.
 128:.\Generated_Source\PSoC5/USBFS_1_Dp.c ****     *
 129:.\Generated_Source\PSoC5/USBFS_1_Dp.c ****     * Parameters:  
 130:.\Generated_Source\PSoC5/USBFS_1_Dp.c ****     *  None 
 131:.\Generated_Source\PSoC5/USBFS_1_Dp.c ****     *
 132:.\Generated_Source\PSoC5/USBFS_1_Dp.c ****     * Return: 
 133:.\Generated_Source\PSoC5/USBFS_1_Dp.c ****     *  Returns the value of the interrupt status register
 134:.\Generated_Source\PSoC5/USBFS_1_Dp.c ****     *  
 135:.\Generated_Source\PSoC5/USBFS_1_Dp.c ****     *******************************************************************************/
 136:.\Generated_Source\PSoC5/USBFS_1_Dp.c ****     uint8 USBFS_1_Dp_ClearInterrupt(void) 
 137:.\Generated_Source\PSoC5/USBFS_1_Dp.c ****     {
 142              		.loc 1 137 0
 143              		.cfi_startproc
 144              		@ args = 0, pretend = 0, frame = 0
 145              		@ frame_needed = 0, uses_anonymous_args = 0
 146              		@ link register save eliminated.
 138:.\Generated_Source\PSoC5/USBFS_1_Dp.c ****         return (USBFS_1_Dp_INTSTAT & USBFS_1_Dp_MASK) >> USBFS_1_Dp_SHIFT;
 147              		.loc 1 138 0
ARM GAS  C:\Users\Ian\AppData\Local\Temp\cc8r3dgT.s 			page 6


 148 0000 024B     		ldr	r3, .L14
 149 0002 1878     		ldrb	r0, [r3]	@ zero_extendqisi2
 139:.\Generated_Source\PSoC5/USBFS_1_Dp.c ****     }
 150              		.loc 1 139 0
 151 0004 C0F38010 		ubfx	r0, r0, #6, #1
 152 0008 7047     		bx	lr
 153              	.L15:
 154 000a 00BF     		.align	2
 155              	.L14:
 156 000c 8F450040 		.word	1073759631
 157              		.cfi_endproc
 158              	.LFE4:
 159              		.size	USBFS_1_Dp_ClearInterrupt, .-USBFS_1_Dp_ClearInterrupt
 160              		.text
 161              	.Letext0:
 162              		.file 2 ".\\Generated_Source\\PSoC5\\cytypes.h"
 163              		.section	.debug_info,"",%progbits
 164              	.Ldebug_info0:
 165 0000 2E010000 		.4byte	0x12e
 166 0004 0400     		.2byte	0x4
 167 0006 00000000 		.4byte	.Ldebug_abbrev0
 168 000a 04       		.byte	0x4
 169 000b 01       		.uleb128 0x1
 170 000c A4000000 		.4byte	.LASF21
 171 0010 01       		.byte	0x1
 172 0011 17000000 		.4byte	.LASF22
 173 0015 6E010000 		.4byte	.LASF23
 174 0019 00000000 		.4byte	.Ldebug_ranges0+0
 175 001d 00000000 		.4byte	0
 176 0021 00000000 		.4byte	.Ldebug_line0
 177 0025 02       		.uleb128 0x2
 178 0026 01       		.byte	0x1
 179 0027 06       		.byte	0x6
 180 0028 0C020000 		.4byte	.LASF0
 181 002c 02       		.uleb128 0x2
 182 002d 01       		.byte	0x1
 183 002e 08       		.byte	0x8
 184 002f 54000000 		.4byte	.LASF1
 185 0033 02       		.uleb128 0x2
 186 0034 02       		.byte	0x2
 187 0035 05       		.byte	0x5
 188 0036 DB010000 		.4byte	.LASF2
 189 003a 02       		.uleb128 0x2
 190 003b 02       		.byte	0x2
 191 003c 07       		.byte	0x7
 192 003d 79000000 		.4byte	.LASF3
 193 0041 02       		.uleb128 0x2
 194 0042 04       		.byte	0x4
 195 0043 05       		.byte	0x5
 196 0044 EB010000 		.4byte	.LASF4
 197 0048 02       		.uleb128 0x2
 198 0049 04       		.byte	0x4
 199 004a 07       		.byte	0x7
 200 004b 67000000 		.4byte	.LASF5
 201 004f 02       		.uleb128 0x2
 202 0050 08       		.byte	0x8
 203 0051 05       		.byte	0x5
ARM GAS  C:\Users\Ian\AppData\Local\Temp\cc8r3dgT.s 			page 7


 204 0052 5B010000 		.4byte	.LASF6
 205 0056 02       		.uleb128 0x2
 206 0057 08       		.byte	0x8
 207 0058 07       		.byte	0x7
 208 0059 3F010000 		.4byte	.LASF7
 209 005d 03       		.uleb128 0x3
 210 005e 04       		.byte	0x4
 211 005f 05       		.byte	0x5
 212 0060 696E7400 		.ascii	"int\000"
 213 0064 02       		.uleb128 0x2
 214 0065 04       		.byte	0x4
 215 0066 07       		.byte	0x7
 216 0067 32010000 		.4byte	.LASF8
 217 006b 04       		.uleb128 0x4
 218 006c E5010000 		.4byte	.LASF12
 219 0070 02       		.byte	0x2
 220 0071 5B       		.byte	0x5b
 221 0072 2C000000 		.4byte	0x2c
 222 0076 02       		.uleb128 0x2
 223 0077 04       		.byte	0x4
 224 0078 04       		.byte	0x4
 225 0079 4E000000 		.4byte	.LASF9
 226 007d 02       		.uleb128 0x2
 227 007e 08       		.byte	0x8
 228 007f 04       		.byte	0x4
 229 0080 8C000000 		.4byte	.LASF10
 230 0084 02       		.uleb128 0x2
 231 0085 01       		.byte	0x1
 232 0086 08       		.byte	0x8
 233 0087 69010000 		.4byte	.LASF11
 234 008b 04       		.uleb128 0x4
 235 008c 62000000 		.4byte	.LASF13
 236 0090 02       		.byte	0x2
 237 0091 F0       		.byte	0xf0
 238 0092 96000000 		.4byte	0x96
 239 0096 05       		.uleb128 0x5
 240 0097 6B000000 		.4byte	0x6b
 241 009b 06       		.uleb128 0x6
 242 009c 93000000 		.4byte	.LASF14
 243 00a0 01       		.byte	0x1
 244 00a1 27       		.byte	0x27
 245 00a2 00000000 		.4byte	.LFB0
 246 00a6 18000000 		.4byte	.LFE0-.LFB0
 247 00aa 01       		.uleb128 0x1
 248 00ab 9C       		.byte	0x9c
 249 00ac CD000000 		.4byte	0xcd
 250 00b0 07       		.uleb128 0x7
 251 00b1 3D000000 		.4byte	.LASF16
 252 00b5 01       		.byte	0x1
 253 00b6 27       		.byte	0x27
 254 00b7 6B000000 		.4byte	0x6b
 255 00bb 00000000 		.4byte	.LLST0
 256 00bf 08       		.uleb128 0x8
 257 00c0 43000000 		.4byte	.LASF24
 258 00c4 01       		.byte	0x1
 259 00c5 29       		.byte	0x29
 260 00c6 6B000000 		.4byte	0x6b
ARM GAS  C:\Users\Ian\AppData\Local\Temp\cc8r3dgT.s 			page 8


 261 00ca 01       		.uleb128 0x1
 262 00cb 53       		.byte	0x53
 263 00cc 00       		.byte	0
 264 00cd 06       		.uleb128 0x6
 265 00ce F4010000 		.4byte	.LASF15
 266 00d2 01       		.byte	0x1
 267 00d3 45       		.byte	0x45
 268 00d4 00000000 		.4byte	.LFB1
 269 00d8 18000000 		.4byte	.LFE1-.LFB1
 270 00dc 01       		.uleb128 0x1
 271 00dd 9C       		.byte	0x9c
 272 00de F2000000 		.4byte	0xf2
 273 00e2 07       		.uleb128 0x7
 274 00e3 56010000 		.4byte	.LASF17
 275 00e7 01       		.byte	0x1
 276 00e8 45       		.byte	0x45
 277 00e9 6B000000 		.4byte	0x6b
 278 00ed 21000000 		.4byte	.LLST1
 279 00f1 00       		.byte	0
 280 00f2 09       		.uleb128 0x9
 281 00f3 CB010000 		.4byte	.LASF18
 282 00f7 01       		.byte	0x1
 283 00f8 5D       		.byte	0x5d
 284 00f9 6B000000 		.4byte	0x6b
 285 00fd 00000000 		.4byte	.LFB2
 286 0101 10000000 		.4byte	.LFE2-.LFB2
 287 0105 01       		.uleb128 0x1
 288 0106 9C       		.byte	0x9c
 289 0107 09       		.uleb128 0x9
 290 0108 00000000 		.4byte	.LASF19
 291 010c 01       		.byte	0x1
 292 010d 71       		.byte	0x71
 293 010e 6B000000 		.4byte	0x6b
 294 0112 00000000 		.4byte	.LFB3
 295 0116 10000000 		.4byte	.LFE3-.LFB3
 296 011a 01       		.uleb128 0x1
 297 011b 9C       		.byte	0x9c
 298 011c 09       		.uleb128 0x9
 299 011d 18020000 		.4byte	.LASF20
 300 0121 01       		.byte	0x1
 301 0122 88       		.byte	0x88
 302 0123 6B000000 		.4byte	0x6b
 303 0127 00000000 		.4byte	.LFB4
 304 012b 10000000 		.4byte	.LFE4-.LFB4
 305 012f 01       		.uleb128 0x1
 306 0130 9C       		.byte	0x9c
 307 0131 00       		.byte	0
 308              		.section	.debug_abbrev,"",%progbits
 309              	.Ldebug_abbrev0:
 310 0000 01       		.uleb128 0x1
 311 0001 11       		.uleb128 0x11
 312 0002 01       		.byte	0x1
 313 0003 25       		.uleb128 0x25
 314 0004 0E       		.uleb128 0xe
 315 0005 13       		.uleb128 0x13
 316 0006 0B       		.uleb128 0xb
 317 0007 03       		.uleb128 0x3
ARM GAS  C:\Users\Ian\AppData\Local\Temp\cc8r3dgT.s 			page 9


 318 0008 0E       		.uleb128 0xe
 319 0009 1B       		.uleb128 0x1b
 320 000a 0E       		.uleb128 0xe
 321 000b 55       		.uleb128 0x55
 322 000c 17       		.uleb128 0x17
 323 000d 11       		.uleb128 0x11
 324 000e 01       		.uleb128 0x1
 325 000f 10       		.uleb128 0x10
 326 0010 17       		.uleb128 0x17
 327 0011 00       		.byte	0
 328 0012 00       		.byte	0
 329 0013 02       		.uleb128 0x2
 330 0014 24       		.uleb128 0x24
 331 0015 00       		.byte	0
 332 0016 0B       		.uleb128 0xb
 333 0017 0B       		.uleb128 0xb
 334 0018 3E       		.uleb128 0x3e
 335 0019 0B       		.uleb128 0xb
 336 001a 03       		.uleb128 0x3
 337 001b 0E       		.uleb128 0xe
 338 001c 00       		.byte	0
 339 001d 00       		.byte	0
 340 001e 03       		.uleb128 0x3
 341 001f 24       		.uleb128 0x24
 342 0020 00       		.byte	0
 343 0021 0B       		.uleb128 0xb
 344 0022 0B       		.uleb128 0xb
 345 0023 3E       		.uleb128 0x3e
 346 0024 0B       		.uleb128 0xb
 347 0025 03       		.uleb128 0x3
 348 0026 08       		.uleb128 0x8
 349 0027 00       		.byte	0
 350 0028 00       		.byte	0
 351 0029 04       		.uleb128 0x4
 352 002a 16       		.uleb128 0x16
 353 002b 00       		.byte	0
 354 002c 03       		.uleb128 0x3
 355 002d 0E       		.uleb128 0xe
 356 002e 3A       		.uleb128 0x3a
 357 002f 0B       		.uleb128 0xb
 358 0030 3B       		.uleb128 0x3b
 359 0031 0B       		.uleb128 0xb
 360 0032 49       		.uleb128 0x49
 361 0033 13       		.uleb128 0x13
 362 0034 00       		.byte	0
 363 0035 00       		.byte	0
 364 0036 05       		.uleb128 0x5
 365 0037 35       		.uleb128 0x35
 366 0038 00       		.byte	0
 367 0039 49       		.uleb128 0x49
 368 003a 13       		.uleb128 0x13
 369 003b 00       		.byte	0
 370 003c 00       		.byte	0
 371 003d 06       		.uleb128 0x6
 372 003e 2E       		.uleb128 0x2e
 373 003f 01       		.byte	0x1
 374 0040 3F       		.uleb128 0x3f
ARM GAS  C:\Users\Ian\AppData\Local\Temp\cc8r3dgT.s 			page 10


 375 0041 19       		.uleb128 0x19
 376 0042 03       		.uleb128 0x3
 377 0043 0E       		.uleb128 0xe
 378 0044 3A       		.uleb128 0x3a
 379 0045 0B       		.uleb128 0xb
 380 0046 3B       		.uleb128 0x3b
 381 0047 0B       		.uleb128 0xb
 382 0048 27       		.uleb128 0x27
 383 0049 19       		.uleb128 0x19
 384 004a 11       		.uleb128 0x11
 385 004b 01       		.uleb128 0x1
 386 004c 12       		.uleb128 0x12
 387 004d 06       		.uleb128 0x6
 388 004e 40       		.uleb128 0x40
 389 004f 18       		.uleb128 0x18
 390 0050 9742     		.uleb128 0x2117
 391 0052 19       		.uleb128 0x19
 392 0053 01       		.uleb128 0x1
 393 0054 13       		.uleb128 0x13
 394 0055 00       		.byte	0
 395 0056 00       		.byte	0
 396 0057 07       		.uleb128 0x7
 397 0058 05       		.uleb128 0x5
 398 0059 00       		.byte	0
 399 005a 03       		.uleb128 0x3
 400 005b 0E       		.uleb128 0xe
 401 005c 3A       		.uleb128 0x3a
 402 005d 0B       		.uleb128 0xb
 403 005e 3B       		.uleb128 0x3b
 404 005f 0B       		.uleb128 0xb
 405 0060 49       		.uleb128 0x49
 406 0061 13       		.uleb128 0x13
 407 0062 02       		.uleb128 0x2
 408 0063 17       		.uleb128 0x17
 409 0064 00       		.byte	0
 410 0065 00       		.byte	0
 411 0066 08       		.uleb128 0x8
 412 0067 34       		.uleb128 0x34
 413 0068 00       		.byte	0
 414 0069 03       		.uleb128 0x3
 415 006a 0E       		.uleb128 0xe
 416 006b 3A       		.uleb128 0x3a
 417 006c 0B       		.uleb128 0xb
 418 006d 3B       		.uleb128 0x3b
 419 006e 0B       		.uleb128 0xb
 420 006f 49       		.uleb128 0x49
 421 0070 13       		.uleb128 0x13
 422 0071 02       		.uleb128 0x2
 423 0072 18       		.uleb128 0x18
 424 0073 00       		.byte	0
 425 0074 00       		.byte	0
 426 0075 09       		.uleb128 0x9
 427 0076 2E       		.uleb128 0x2e
 428 0077 00       		.byte	0
 429 0078 3F       		.uleb128 0x3f
 430 0079 19       		.uleb128 0x19
 431 007a 03       		.uleb128 0x3
ARM GAS  C:\Users\Ian\AppData\Local\Temp\cc8r3dgT.s 			page 11


 432 007b 0E       		.uleb128 0xe
 433 007c 3A       		.uleb128 0x3a
 434 007d 0B       		.uleb128 0xb
 435 007e 3B       		.uleb128 0x3b
 436 007f 0B       		.uleb128 0xb
 437 0080 27       		.uleb128 0x27
 438 0081 19       		.uleb128 0x19
 439 0082 49       		.uleb128 0x49
 440 0083 13       		.uleb128 0x13
 441 0084 11       		.uleb128 0x11
 442 0085 01       		.uleb128 0x1
 443 0086 12       		.uleb128 0x12
 444 0087 06       		.uleb128 0x6
 445 0088 40       		.uleb128 0x40
 446 0089 18       		.uleb128 0x18
 447 008a 9742     		.uleb128 0x2117
 448 008c 19       		.uleb128 0x19
 449 008d 00       		.byte	0
 450 008e 00       		.byte	0
 451 008f 00       		.byte	0
 452              		.section	.debug_loc,"",%progbits
 453              	.Ldebug_loc0:
 454              	.LLST0:
 455 0000 00000000 		.4byte	.LVL0
 456 0004 0A000000 		.4byte	.LVL2
 457 0008 0100     		.2byte	0x1
 458 000a 50       		.byte	0x50
 459 000b 0A000000 		.4byte	.LVL2
 460 000f 18000000 		.4byte	.LFE0
 461 0013 0400     		.2byte	0x4
 462 0015 F3       		.byte	0xf3
 463 0016 01       		.uleb128 0x1
 464 0017 50       		.byte	0x50
 465 0018 9F       		.byte	0x9f
 466 0019 00000000 		.4byte	0
 467 001d 00000000 		.4byte	0
 468              	.LLST1:
 469 0021 00000000 		.4byte	.LVL3
 470 0025 0C000000 		.4byte	.LVL4
 471 0029 0100     		.2byte	0x1
 472 002b 50       		.byte	0x50
 473 002c 0C000000 		.4byte	.LVL4
 474 0030 18000000 		.4byte	.LFE1
 475 0034 0400     		.2byte	0x4
 476 0036 F3       		.byte	0xf3
 477 0037 01       		.uleb128 0x1
 478 0038 50       		.byte	0x50
 479 0039 9F       		.byte	0x9f
 480 003a 00000000 		.4byte	0
 481 003e 00000000 		.4byte	0
 482              		.section	.debug_aranges,"",%progbits
 483 0000 3C000000 		.4byte	0x3c
 484 0004 0200     		.2byte	0x2
 485 0006 00000000 		.4byte	.Ldebug_info0
 486 000a 04       		.byte	0x4
 487 000b 00       		.byte	0
 488 000c 0000     		.2byte	0
ARM GAS  C:\Users\Ian\AppData\Local\Temp\cc8r3dgT.s 			page 12


 489 000e 0000     		.2byte	0
 490 0010 00000000 		.4byte	.LFB0
 491 0014 18000000 		.4byte	.LFE0-.LFB0
 492 0018 00000000 		.4byte	.LFB1
 493 001c 18000000 		.4byte	.LFE1-.LFB1
 494 0020 00000000 		.4byte	.LFB2
 495 0024 10000000 		.4byte	.LFE2-.LFB2
 496 0028 00000000 		.4byte	.LFB3
 497 002c 10000000 		.4byte	.LFE3-.LFB3
 498 0030 00000000 		.4byte	.LFB4
 499 0034 10000000 		.4byte	.LFE4-.LFB4
 500 0038 00000000 		.4byte	0
 501 003c 00000000 		.4byte	0
 502              		.section	.debug_ranges,"",%progbits
 503              	.Ldebug_ranges0:
 504 0000 00000000 		.4byte	.LFB0
 505 0004 18000000 		.4byte	.LFE0
 506 0008 00000000 		.4byte	.LFB1
 507 000c 18000000 		.4byte	.LFE1
 508 0010 00000000 		.4byte	.LFB2
 509 0014 10000000 		.4byte	.LFE2
 510 0018 00000000 		.4byte	.LFB3
 511 001c 10000000 		.4byte	.LFE3
 512 0020 00000000 		.4byte	.LFB4
 513 0024 10000000 		.4byte	.LFE4
 514 0028 00000000 		.4byte	0
 515 002c 00000000 		.4byte	0
 516              		.section	.debug_line,"",%progbits
 517              	.Ldebug_line0:
 518 0000 A7000000 		.section	.debug_str,"MS",%progbits,1
 518      02004900 
 518      00000201 
 518      FB0E0D00 
 518      01010101 
 519              	.LASF19:
 520 0000 55534246 		.ascii	"USBFS_1_Dp_ReadDataReg\000"
 520      535F315F 
 520      44705F52 
 520      65616444 
 520      61746152 
 521              	.LASF22:
 522 0017 2E5C4765 		.ascii	".\\Generated_Source\\PSoC5\\USBFS_1_Dp.c\000"
 522      6E657261 
 522      7465645F 
 522      536F7572 
 522      63655C50 
 523              	.LASF16:
 524 003d 76616C75 		.ascii	"value\000"
 524      6500
 525              	.LASF24:
 526 0043 73746174 		.ascii	"staticBits\000"
 526      69634269 
 526      747300
 527              	.LASF9:
 528 004e 666C6F61 		.ascii	"float\000"
 528      7400
 529              	.LASF1:
ARM GAS  C:\Users\Ian\AppData\Local\Temp\cc8r3dgT.s 			page 13


 530 0054 756E7369 		.ascii	"unsigned char\000"
 530      676E6564 
 530      20636861 
 530      7200
 531              	.LASF13:
 532 0062 72656738 		.ascii	"reg8\000"
 532      00
 533              	.LASF5:
 534 0067 6C6F6E67 		.ascii	"long unsigned int\000"
 534      20756E73 
 534      69676E65 
 534      6420696E 
 534      7400
 535              	.LASF3:
 536 0079 73686F72 		.ascii	"short unsigned int\000"
 536      7420756E 
 536      7369676E 
 536      65642069 
 536      6E7400
 537              	.LASF10:
 538 008c 646F7562 		.ascii	"double\000"
 538      6C6500
 539              	.LASF14:
 540 0093 55534246 		.ascii	"USBFS_1_Dp_Write\000"
 540      535F315F 
 540      44705F57 
 540      72697465 
 540      00
 541              	.LASF21:
 542 00a4 474E5520 		.ascii	"GNU C 4.9.3 20150303 (release) [ARM/embedded-4_9-br"
 542      4320342E 
 542      392E3320 
 542      32303135 
 542      30333033 
 543 00d7 616E6368 		.ascii	"anch revision 221220] -mcpu=cortex-m3 -mthumb -g -O"
 543      20726576 
 543      6973696F 
 543      6E203232 
 543      31323230 
 544 010a 67202D66 		.ascii	"g -ffunction-sections -ffat-lto-objects\000"
 544      66756E63 
 544      74696F6E 
 544      2D736563 
 544      74696F6E 
 545              	.LASF8:
 546 0132 756E7369 		.ascii	"unsigned int\000"
 546      676E6564 
 546      20696E74 
 546      00
 547              	.LASF7:
 548 013f 6C6F6E67 		.ascii	"long long unsigned int\000"
 548      206C6F6E 
 548      6720756E 
 548      7369676E 
 548      65642069 
 549              	.LASF17:
 550 0156 6D6F6465 		.ascii	"mode\000"
ARM GAS  C:\Users\Ian\AppData\Local\Temp\cc8r3dgT.s 			page 14


 550      00
 551              	.LASF6:
 552 015b 6C6F6E67 		.ascii	"long long int\000"
 552      206C6F6E 
 552      6720696E 
 552      7400
 553              	.LASF11:
 554 0169 63686172 		.ascii	"char\000"
 554      00
 555              	.LASF23:
 556 016e 433A5C55 		.ascii	"C:\\Users\\Ian\\Documents\\Junior\\Senior Project C"
 556      73657273 
 556      5C49616E 
 556      5C446F63 
 556      756D656E 
 557 019c 68697020 		.ascii	"hip Design\\Wave Generator\\Wave Generator.cydsn\000"
 557      44657369 
 557      676E5C57 
 557      61766520 
 557      47656E65 
 558              	.LASF18:
 559 01cb 55534246 		.ascii	"USBFS_1_Dp_Read\000"
 559      535F315F 
 559      44705F52 
 559      65616400 
 560              	.LASF2:
 561 01db 73686F72 		.ascii	"short int\000"
 561      7420696E 
 561      7400
 562              	.LASF12:
 563 01e5 75696E74 		.ascii	"uint8\000"
 563      3800
 564              	.LASF4:
 565 01eb 6C6F6E67 		.ascii	"long int\000"
 565      20696E74 
 565      00
 566              	.LASF15:
 567 01f4 55534246 		.ascii	"USBFS_1_Dp_SetDriveMode\000"
 567      535F315F 
 567      44705F53 
 567      65744472 
 567      6976654D 
 568              	.LASF0:
 569 020c 7369676E 		.ascii	"signed char\000"
 569      65642063 
 569      68617200 
 570              	.LASF20:
 571 0218 55534246 		.ascii	"USBFS_1_Dp_ClearInterrupt\000"
 571      535F315F 
 571      44705F43 
 571      6C656172 
 571      496E7465 
 572              		.ident	"GCC: (GNU Tools for ARM Embedded Processors) 4.9.3 20150303 (release) [ARM/embedded-4_9-br
